<?xml version="1.0" encoding="UTF-8"?>
<coverage generated="1765250436">
  <project timestamp="1765250436" name="Clover Coverage">
    <package name="App\Exceptions">
      <file name="C:\Users\ASUS\Desktop\SENA\Nueva carpeta\app\Exceptions\ImageStorageException.php">
        <class name="App\Exceptions\ImageStorageException" namespace="App\Exceptions">
          <metrics complexity="1" methods="0" coveredmethods="0" conditionals="0" coveredconditionals="0" statements="0" coveredstatements="0" elements="0" coveredelements="0"/>
        </class>
        <metrics loc="20" ncloc="15" classes="0" methods="0" coveredmethods="0" conditionals="0" coveredconditionals="0" statements="0" coveredstatements="0" elements="0" coveredelements="0"/>
      </file>
      <file name="C:\Users\ASUS\Desktop\SENA\Nueva carpeta\app\Exceptions\InventarioNotFoundException.php">
        <class name="App\Exceptions\InventarioNotFoundException" namespace="App\Exceptions">
          <metrics complexity="1" methods="0" coveredmethods="0" conditionals="0" coveredconditionals="0" statements="0" coveredstatements="0" elements="0" coveredelements="0"/>
        </class>
        <metrics loc="17" ncloc="14" classes="0" methods="0" coveredmethods="0" conditionals="0" coveredconditionals="0" statements="0" coveredstatements="0" elements="0" coveredelements="0"/>
      </file>
      <file name="C:\Users\ASUS\Desktop\SENA\Nueva carpeta\app\Exceptions\ServiceCreationException.php">
        <class name="App\Exceptions\ServiceCreationException" namespace="App\Exceptions">
          <metrics complexity="0" methods="0" coveredmethods="0" conditionals="0" coveredconditionals="0" statements="0" coveredstatements="0" elements="0" coveredelements="0"/>
        </class>
        <metrics loc="11" ncloc="8" classes="0" methods="0" coveredmethods="0" conditionals="0" coveredconditionals="0" statements="0" coveredstatements="0" elements="0" coveredelements="0"/>
      </file>
      <file name="C:\Users\ASUS\Desktop\SENA\Nueva carpeta\app\Exceptions\StockInsuficienteException.php">
        <class name="App\Exceptions\StockInsuficienteException" namespace="App\Exceptions">
          <metrics complexity="1" methods="0" coveredmethods="0" conditionals="0" coveredconditionals="0" statements="0" coveredstatements="0" elements="0" coveredelements="0"/>
        </class>
        <metrics loc="18" ncloc="15" classes="0" methods="0" coveredmethods="0" conditionals="0" coveredconditionals="0" statements="0" coveredstatements="0" elements="0" coveredelements="0"/>
      </file>
    </package>
    <package name="App\Http\Controllers">
      <file name="C:\Users\ASUS\Desktop\SENA\Nueva carpeta\app\Http\Controllers\AjustesController.php">
        <class name="App\Http\Controllers\AjustesController" namespace="App\Http\Controllers">
          <metrics complexity="14" methods="7" coveredmethods="7" conditionals="0" coveredconditionals="0" statements="78" coveredstatements="78" elements="85" coveredelements="85"/>
        </class>
        <line num="22" type="method" name="__construct" visibility="public" complexity="1" crap="1" count="52"/>
        <line num="28" type="stmt" count="52"/>
        <line num="29" type="stmt" count="52"/>
        <line num="30" type="stmt" count="52"/>
        <line num="31" type="stmt" count="52"/>
        <line num="33" type="method" name="index" visibility="public" complexity="4" crap="4" count="26"/>
        <line num="36" type="stmt" count="26"/>
        <line num="37" type="stmt" count="26"/>
        <line num="39" type="stmt" count="26"/>
        <line num="40" type="stmt" count="26"/>
        <line num="41" type="stmt" count="26"/>
        <line num="44" type="stmt" count="26"/>
        <line num="45" type="stmt" count="26"/>
        <line num="46" type="stmt" count="26"/>
        <line num="48" type="stmt" count="26"/>
        <line num="49" type="stmt" count="2"/>
        <line num="51" type="stmt" count="24"/>
        <line num="52" type="stmt" count="24"/>
        <line num="56" type="stmt" count="26"/>
        <line num="57" type="stmt" count="26"/>
        <line num="58" type="stmt" count="7"/>
        <line num="61" type="stmt" count="26"/>
        <line num="62" type="stmt" count="26"/>
        <line num="63" type="stmt" count="26"/>
        <line num="64" type="stmt" count="26"/>
        <line num="65" type="stmt" count="26"/>
        <line num="66" type="stmt" count="26"/>
        <line num="67" type="stmt" count="26"/>
        <line num="68" type="stmt" count="26"/>
        <line num="69" type="stmt" count="26"/>
        <line num="70" type="stmt" count="26"/>
        <line num="73" type="method" name="exportHistorialPdf" visibility="public" complexity="3" crap="3" count="10"/>
        <line num="75" type="stmt" count="10"/>
        <line num="76" type="stmt" count="10"/>
        <line num="79" type="stmt" count="10"/>
        <line num="80" type="stmt" count="2"/>
        <line num="82" type="stmt" count="2"/>
        <line num="83" type="stmt" count="2"/>
        <line num="84" type="stmt" count="2"/>
        <line num="85" type="stmt" count="2"/>
        <line num="87" type="stmt" count="2"/>
        <line num="91" type="stmt" count="8"/>
        <line num="92" type="stmt" count="8"/>
        <line num="94" type="stmt" count="8"/>
        <line num="95" type="stmt" count="8"/>
        <line num="96" type="stmt" count="8"/>
        <line num="97" type="stmt" count="8"/>
        <line num="98" type="stmt" count="8"/>
        <line num="99" type="stmt" count="8"/>
        <line num="101" type="stmt" count="8"/>
        <line num="104" type="method" name="getSubservicios" visibility="public" complexity="1" crap="1" count="4"/>
        <line num="107" type="stmt" count="4"/>
        <line num="109" type="stmt" count="4"/>
        <line num="117" type="method" name="getCotizaciones" visibility="private" complexity="1" crap="1" count="38"/>
        <line num="120" type="stmt" count="38"/>
        <line num="129" type="method" name="getReservas" visibility="private" complexity="1" crap="1" count="6"/>
        <line num="132" type="stmt" count="6"/>
        <line num="142" type="method" name="groupCotizaciones" visibility="private" complexity="3" crap="3" count="37"/>
        <line num="144" type="stmt" count="37"/>
        <line num="145" type="stmt" count="9"/>
        <line num="146" type="stmt" count="4"/>
        <line num="147" type="stmt" count="9"/>
        <line num="148" type="stmt" count="4"/>
        <line num="149" type="stmt" count="4"/>
        <line num="150" type="stmt" count="4"/>
        <line num="151" type="stmt" count="4"/>
        <line num="152" type="stmt" count="4"/>
        <line num="153" type="stmt" count="9"/>
        <line num="156" type="stmt" count="28"/>
        <line num="157" type="stmt" count="9"/>
        <line num="158" type="stmt" count="6"/>
        <line num="160" type="stmt" count="6"/>
        <line num="161" type="stmt" count="9"/>
        <line num="162" type="stmt" count="6"/>
        <line num="164" type="stmt" count="6"/>
        <line num="165" type="stmt" count="6"/>
        <line num="166" type="stmt" count="6"/>
        <line num="167" type="stmt" count="6"/>
        <line num="168" type="stmt" count="6"/>
        <line num="169" type="stmt" count="6"/>
        <line num="170" type="stmt" count="6"/>
        <line num="171" type="stmt" count="9"/>
        <line num="172" type="stmt" count="6"/>
        <line num="173" type="stmt" count="9"/>
        <line num="176" type="stmt" count="19"/>
        <metrics loc="179" ncloc="150" classes="1" methods="7" coveredmethods="7" conditionals="0" coveredconditionals="0" statements="78" coveredstatements="78" elements="85" coveredelements="85"/>
      </file>
      <file name="C:\Users\ASUS\Desktop\SENA\Nueva carpeta\app\Http\Controllers\BusquedaController.php">
        <class name="App\Http\Controllers\BusquedaController" namespace="App\Http\Controllers">
          <metrics complexity="6" methods="3" coveredmethods="3" conditionals="0" coveredconditionals="0" statements="25" coveredstatements="25" elements="28" coveredelements="28"/>
        </class>
        <line num="12" type="method" name="__construct" visibility="public" complexity="1" crap="1" count="15"/>
        <line num="14" type="stmt" count="15"/>
        <line num="19" type="method" name="buscar" visibility="public" complexity="2" crap="2" count="7"/>
        <line num="21" type="stmt" count="7"/>
        <line num="24" type="stmt" count="7"/>
        <line num="25" type="stmt" count="1"/>
        <line num="26" type="stmt" count="1"/>
        <line num="27" type="stmt" count="1"/>
        <line num="28" type="stmt" count="1"/>
        <line num="32" type="stmt" count="6"/>
        <line num="33" type="stmt" count="6"/>
        <line num="36" type="stmt" count="6"/>
        <line num="38" type="stmt" count="6"/>
        <line num="39" type="stmt" count="6"/>
        <line num="40" type="stmt" count="6"/>
        <line num="41" type="stmt" count="6"/>
        <line num="47" type="method" name="normalizarTexto" visibility="public" complexity="3" crap="3" count="14"/>
        <line num="50" type="stmt" count="14"/>
        <line num="53" type="stmt" count="14"/>
        <line num="54" type="stmt" count="14"/>
        <line num="55" type="stmt" count="14"/>
        <line num="56" type="stmt" count="14"/>
        <line num="57" type="stmt" count="14"/>
        <line num="58" type="stmt" count="14"/>
        <line num="60" type="stmt" count="14"/>
        <line num="61" type="stmt" count="14"/>
        <line num="62" type="stmt" count="7"/>
        <line num="66" type="stmt" count="14"/>
        <metrics loc="69" ncloc="58" classes="1" methods="3" coveredmethods="3" conditionals="0" coveredconditionals="0" statements="25" coveredstatements="25" elements="28" coveredelements="28"/>
      </file>
      <file name="C:\Users\ASUS\Desktop\SENA\Nueva carpeta\app\Http\Controllers\CalendarioController.php">
        <class name="App\Http\Controllers\CalendarioController" namespace="App\Http\Controllers">
          <metrics complexity="44" methods="16" coveredmethods="16" conditionals="0" coveredconditionals="0" statements="192" coveredstatements="192" elements="208" coveredelements="208"/>
        </class>
        <line num="15" type="method" name="__construct" visibility="public" complexity="1" crap="1" count="53"/>
        <line num="17" type="stmt" count="53"/>
        <line num="20" type="method" name="isAdminLike" visibility="private" complexity="5" crap="5" count="40"/>
        <line num="22" type="stmt" count="40"/>
        <line num="23" type="stmt" count="40"/>
        <line num="24" type="stmt" count="1"/>
        <line num="26" type="stmt" count="40"/>
        <line num="27" type="stmt" count="40"/>
        <line num="28" type="stmt" count="40"/>
        <line num="30" type="stmt" count="40"/>
        <line num="33" type="method" name="ensureAdminLike" visibility="private" complexity="2" crap="2" count="40"/>
        <line num="35" type="stmt" count="40"/>
        <line num="36" type="stmt" count="1"/>
        <line num="41" type="method" name="inicio" visibility="public" complexity="3" crap="3" count="3"/>
        <line num="43" type="stmt" count="3"/>
        <line num="44" type="stmt" count="3"/>
        <line num="46" type="stmt" count="3"/>
        <line num="48" type="stmt" count="3"/>
        <line num="49" type="stmt" count="3"/>
        <line num="51" type="stmt" count="3"/>
        <line num="52" type="stmt" count="2"/>
        <line num="53" type="stmt" count="2"/>
        <line num="54" type="stmt" count="2"/>
        <line num="55" type="stmt" count="2"/>
        <line num="60" type="stmt" count="3"/>
        <line num="62" type="stmt" count="3"/>
        <line num="63" type="stmt" count="3"/>
        <line num="64" type="stmt" count="3"/>
        <line num="65" type="stmt" count="3"/>
        <line num="66" type="stmt" count="3"/>
        <line num="67" type="stmt" count="3"/>
        <line num="68" type="stmt" count="3"/>
        <line num="69" type="stmt" count="3"/>
        <line num="73" type="method" name="getEventos" visibility="public" complexity="2" crap="2" count="2"/>
        <line num="75" type="stmt" count="2"/>
        <line num="76" type="stmt" count="2"/>
        <line num="78" type="stmt" count="2"/>
        <line num="80" type="stmt" count="2"/>
        <line num="82" type="stmt" count="2"/>
        <line num="83" type="stmt" count="2"/>
        <line num="86" type="stmt" count="2"/>
        <line num="90" type="method" name="getRegistros" visibility="public" complexity="2" crap="2" count="1"/>
        <line num="93" type="stmt" count="1"/>
        <line num="95" type="stmt" count="1"/>
        <line num="96" type="stmt" count="1"/>
        <line num="98" type="stmt" count="1"/>
        <line num="99" type="stmt" count="1"/>
        <line num="100" type="stmt" count="1"/>
        <line num="103" type="stmt" count="1"/>
        <line num="104" type="stmt" count="1"/>
        <line num="105" type="stmt" count="1"/>
        <line num="106" type="stmt" count="1"/>
        <line num="110" type="method" name="guardar" visibility="public" complexity="4" crap="4" count="12"/>
        <line num="112" type="stmt" count="12"/>
        <line num="114" type="stmt" count="12"/>
        <line num="117" type="stmt" count="12"/>
        <line num="119" type="stmt" count="12"/>
        <line num="120" type="stmt" count="7"/>
        <line num="122" type="stmt" count="5"/>
        <line num="125" type="stmt" count="5"/>
        <line num="127" type="stmt" count="5"/>
        <line num="128" type="stmt" count="5"/>
        <line num="129" type="stmt" count="5"/>
        <line num="130" type="stmt" count="5"/>
        <line num="131" type="stmt" count="5"/>
        <line num="132" type="stmt" count="7"/>
        <line num="133" type="stmt" count="6"/>
        <line num="134" type="stmt" count="6"/>
        <line num="135" type="stmt" count="1"/>
        <line num="136" type="stmt" count="1"/>
        <line num="138" type="stmt" count="1"/>
        <line num="139" type="stmt" count="1"/>
        <line num="140" type="stmt" count="1"/>
        <line num="147" type="method" name="normalizarItems" visibility="private" complexity="2" crap="2" count="22"/>
        <line num="149" type="stmt" count="22"/>
        <line num="155" type="method" name="guardarConItems" visibility="private" complexity="1" crap="1" count="7"/>
        <line num="157" type="stmt" count="7"/>
        <line num="159" type="stmt" count="4"/>
        <line num="161" type="stmt" count="3"/>
        <line num="164" type="stmt" count="3"/>
        <line num="165" type="stmt" count="3"/>
        <line num="166" type="stmt" count="3"/>
        <line num="167" type="stmt" count="3"/>
        <line num="168" type="stmt" count="3"/>
        <line num="169" type="stmt" count="3"/>
        <line num="170" type="stmt" count="3"/>
        <line num="171" type="stmt" count="3"/>
        <line num="172" type="stmt" count="3"/>
        <line num="173" type="stmt" count="3"/>
        <line num="175" type="stmt" count="3"/>
        <line num="177" type="stmt" count="3"/>
        <line num="183" type="method" name="guardarFormatoAntiguo" visibility="private" complexity="1" crap="1" count="5"/>
        <line num="185" type="stmt" count="5"/>
        <line num="188" type="stmt" count="2"/>
        <line num="189" type="stmt" count="2"/>
        <line num="190" type="stmt" count="2"/>
        <line num="191" type="stmt" count="2"/>
        <line num="192" type="stmt" count="2"/>
        <line num="193" type="stmt" count="2"/>
        <line num="194" type="stmt" count="2"/>
        <line num="195" type="stmt" count="2"/>
        <line num="196" type="stmt" count="2"/>
        <line num="200" type="method" name="actualizar" visibility="public" complexity="5" crap="5" count="20"/>
        <line num="202" type="stmt" count="20"/>
        <line num="204" type="stmt" count="20"/>
        <line num="208" type="stmt" count="20"/>
        <line num="209" type="stmt" count="19"/>
        <line num="211" type="stmt" count="19"/>
        <line num="212" type="stmt" count="10"/>
        <line num="214" type="stmt" count="9"/>
        <line num="217" type="stmt" count="6"/>
        <line num="219" type="stmt" count="6"/>
        <line num="220" type="stmt" count="14"/>
        <line num="221" type="stmt" count="13"/>
        <line num="223" type="stmt" count="13"/>
        <line num="224" type="stmt" count="1"/>
        <line num="225" type="stmt" count="1"/>
        <line num="227" type="stmt" count="1"/>
        <line num="234" type="method" name="actualizarConItems" visibility="private" complexity="1" crap="1" count="10"/>
        <line num="236" type="stmt" count="10"/>
        <line num="238" type="stmt" count="10"/>
        <line num="239" type="stmt" count="10"/>
        <line num="240" type="stmt" count="10"/>
        <line num="241" type="stmt" count="10"/>
        <line num="243" type="stmt" count="3"/>
        <line num="244" type="stmt" count="3"/>
        <line num="245" type="stmt" count="3"/>
        <line num="247" type="stmt" count="3"/>
        <line num="250" type="stmt" count="3"/>
        <line num="251" type="stmt" count="3"/>
        <line num="252" type="stmt" count="3"/>
        <line num="253" type="stmt" count="3"/>
        <line num="254" type="stmt" count="3"/>
        <line num="255" type="stmt" count="3"/>
        <line num="258" type="stmt" count="3"/>
        <line num="259" type="stmt" count="3"/>
        <line num="260" type="stmt" count="3"/>
        <line num="266" type="method" name="actualizarFormatoAntiguo" visibility="private" complexity="2" crap="2" count="9"/>
        <line num="268" type="stmt" count="9"/>
        <line num="269" type="stmt" count="9"/>
        <line num="270" type="stmt" count="9"/>
        <line num="271" type="stmt" count="9"/>
        <line num="273" type="stmt" count="3"/>
        <line num="274" type="stmt" count="3"/>
        <line num="275" type="stmt" count="3"/>
        <line num="276" type="stmt" count="3"/>
        <line num="277" type="stmt" count="3"/>
        <line num="278" type="stmt" count="3"/>
        <line num="280" type="stmt" count="3"/>
        <line num="281" type="stmt" count="2"/>
        <line num="285" type="stmt" count="3"/>
        <line num="286" type="stmt" count="3"/>
        <line num="292" type="method" name="obtenerItemsActuales" visibility="private" complexity="3" crap="3" count="6"/>
        <line num="294" type="stmt" count="6"/>
        <line num="295" type="stmt" count="6"/>
        <line num="296" type="stmt" count="6"/>
        <line num="297" type="stmt" count="1"/>
        <line num="299" type="stmt" count="6"/>
        <line num="300" type="stmt" count="6"/>
        <line num="303" type="stmt" count="6"/>
        <line num="309" type="method" name="devolverStockActual" visibility="private" complexity="3" crap="3" count="7"/>
        <line num="311" type="stmt" count="7"/>
        <line num="312" type="stmt" count="7"/>
        <line num="313" type="stmt" count="4"/>
        <line num="317" type="stmt" count="3"/>
        <line num="320" type="stmt" count="3"/>
        <line num="321" type="stmt" count="3"/>
        <line num="322" type="stmt" count="3"/>
        <line num="323" type="stmt" count="3"/>
        <line num="324" type="stmt" count="3"/>
        <line num="325" type="stmt" count="3"/>
        <line num="326" type="stmt" count="3"/>
        <line num="331" type="method" name="eliminar" visibility="public" complexity="7" crap="7" count="7"/>
        <line num="333" type="stmt" count="7"/>
        <line num="336" type="stmt" count="7"/>
        <line num="338" type="stmt" count="7"/>
        <line num="339" type="stmt" count="7"/>
        <line num="340" type="stmt" count="3"/>
        <line num="342" type="stmt" count="3"/>
        <line num="344" type="stmt" count="3"/>
        <line num="347" type="stmt" count="3"/>
        <line num="348" type="stmt" count="3"/>
        <line num="349" type="stmt" count="3"/>
        <line num="350" type="stmt" count="3"/>
        <line num="351" type="stmt" count="3"/>
        <line num="352" type="stmt" count="3"/>
        <line num="353" type="stmt" count="3"/>
        <line num="358" type="stmt" count="7"/>
        <line num="360" type="stmt" count="7"/>
        <line num="362" type="stmt" count="1"/>
        <line num="363" type="stmt" count="1"/>
        <line num="364" type="stmt" count="1"/>
        <line num="365" type="stmt" count="1"/>
        <line num="366" type="stmt" count="1"/>
        <line num="367" type="stmt" count="1"/>
        <line num="368" type="stmt" count="1"/>
        <line num="371" type="stmt" count="1"/>
        <line num="372" type="stmt" count="1"/>
        <line num="373" type="stmt" count="1"/>
        <line num="374" type="stmt" count="1"/>
        <line num="375" type="stmt" count="1"/>
        <line num="376" type="stmt" count="1"/>
        <line num="377" type="stmt" count="1"/>
        <line num="381" type="stmt" count="7"/>
        <line num="382" type="stmt" count="7"/>
        <line num="384" type="stmt" count="7"/>
        <line num="385" type="stmt" count="5"/>
        <line num="388" type="stmt" count="2"/>
        <metrics loc="391" ncloc="347" classes="1" methods="16" coveredmethods="16" conditionals="0" coveredconditionals="0" statements="192" coveredstatements="192" elements="208" coveredelements="208"/>
      </file>
      <file name="C:\Users\ASUS\Desktop\SENA\Nueva carpeta\app\Http\Controllers\ChatbotController.php">
        <class name="App\Http\Controllers\ChatbotController" namespace="App\Http\Controllers">
          <metrics complexity="53" methods="17" coveredmethods="17" conditionals="0" coveredconditionals="0" statements="170" coveredstatements="170" elements="187" coveredelements="187"/>
        </class>
        <line num="43" type="method" name="__construct" visibility="public" complexity="1" crap="1" count="51"/>
        <line num="53" type="stmt" count="51"/>
        <line num="54" type="stmt" count="51"/>
        <line num="55" type="stmt" count="51"/>
        <line num="56" type="stmt" count="51"/>
        <line num="57" type="stmt" count="51"/>
        <line num="58" type="stmt" count="51"/>
        <line num="59" type="stmt" count="51"/>
        <line num="60" type="stmt" count="51"/>
        <line num="66" type="method" name="index" visibility="public" complexity="1" crap="1" count="2"/>
        <line num="68" type="stmt" count="2"/>
        <line num="76" type="method" name="enviar" visibility="public" complexity="3" crap="3" count="41"/>
        <line num="78" type="stmt" count="41"/>
        <line num="79" type="stmt" count="41"/>
        <line num="80" type="stmt" count="11"/>
        <line num="84" type="stmt" count="30"/>
        <line num="85" type="stmt" count="2"/>
        <line num="86" type="stmt" count="2"/>
        <line num="90" type="method" name="procesarAccionesEspeciales" visibility="private" complexity="3" crap="3" count="41"/>
        <line num="92" type="stmt" count="41"/>
        <line num="93" type="stmt" count="41"/>
        <line num="94" type="stmt" count="41"/>
        <line num="95" type="stmt" count="11"/>
        <line num="99" type="stmt" count="30"/>
        <line num="102" type="method" name="obtenerAccionesEspeciales" visibility="private" complexity="6" crap="6" count="41"/>
        <line num="104" type="stmt" count="41"/>
        <line num="105" type="stmt" count="41"/>
        <line num="106" type="stmt" count="41"/>
        <line num="107" type="stmt" count="41"/>
        <line num="108" type="stmt" count="41"/>
        <line num="111" type="method" name="manejarConfirmacionIntencion" visibility="private" complexity="5" crap="5" count="5"/>
        <line num="113" type="stmt" count="5"/>
        <line num="114" type="stmt" count="5"/>
        <line num="115" type="stmt" count="5"/>
        <line num="116" type="stmt" count="5"/>
        <line num="117" type="stmt" count="5"/>
        <line num="118" type="stmt" count="2"/>
        <line num="119" type="stmt" count="3"/>
        <line num="120" type="stmt" count="1"/>
        <line num="122" type="stmt" count="5"/>
        <line num="123" type="stmt" count="5"/>
        <line num="124" type="stmt" count="5"/>
        <line num="125" type="stmt" count="4"/>
        <line num="126" type="stmt" count="4"/>
        <line num="128" type="stmt" count="4"/>
        <line num="129" type="stmt" count="4"/>
        <line num="130" type="stmt" count="4"/>
        <line num="131" type="stmt" count="4"/>
        <line num="132" type="stmt" count="4"/>
        <line num="133" type="stmt" count="4"/>
        <line num="137" type="stmt" count="1"/>
        <line num="138" type="stmt" count="1"/>
        <line num="139" type="stmt" count="1"/>
        <line num="140" type="stmt" count="1"/>
        <line num="141" type="stmt" count="1"/>
        <line num="144" type="method" name="procesarMensajePrincipal" visibility="private" complexity="4" crap="4" count="30"/>
        <line num="146" type="stmt" count="30"/>
        <line num="147" type="stmt" count="30"/>
        <line num="148" type="stmt" count="30"/>
        <line num="149" type="stmt" count="29"/>
        <line num="150" type="stmt" count="29"/>
        <line num="151" type="stmt" count="29"/>
        <line num="152" type="stmt" count="29"/>
        <line num="153" type="stmt" count="29"/>
        <line num="154" type="stmt" count="22"/>
        <line num="157" type="stmt" count="29"/>
        <line num="158" type="stmt" count="10"/>
        <line num="161" type="stmt" count="19"/>
        <line num="164" type="method" name="manejarErrorEnProcesamiento" visibility="private" complexity="3" crap="3" count="2"/>
        <line num="166" type="stmt" count="2"/>
        <line num="167" type="stmt" count="2"/>
        <line num="168" type="stmt" count="2"/>
        <line num="169" type="stmt" count="1"/>
        <line num="172" type="stmt" count="1"/>
        <line num="173" type="stmt" count="1"/>
        <line num="174" type="stmt" count="1"/>
        <line num="175" type="stmt" count="1"/>
        <line num="176" type="stmt" count="1"/>
        <line num="179" type="method" name="intentarRecuperacion" visibility="private" complexity="3" crap="3" count="6"/>
        <line num="182" type="stmt" count="6"/>
        <line num="183" type="stmt" count="6"/>
        <line num="184" type="stmt" count="6"/>
        <line num="185" type="stmt" count="3"/>
        <line num="188" type="stmt" count="3"/>
        <line num="189" type="stmt" count="1"/>
        <line num="190" type="stmt" count="1"/>
        <line num="194" type="method" name="procesarSugerenciaDeBaseDatos" visibility="private" complexity="6" crap="6" count="7"/>
        <line num="196" type="stmt" count="7"/>
        <line num="197" type="stmt" count="7"/>
        <line num="198" type="stmt" count="3"/>
        <line num="201" type="stmt" count="4"/>
        <line num="202" type="stmt" count="4"/>
        <line num="203" type="stmt" count="1"/>
        <line num="206" type="stmt" count="3"/>
        <line num="207" type="stmt" count="3"/>
        <line num="208" type="stmt" count="3"/>
        <line num="209" type="stmt" count="3"/>
        <line num="211" type="stmt" count="3"/>
        <line num="212" type="stmt" count="3"/>
        <line num="213" type="stmt" count="3"/>
        <line num="214" type="stmt" count="3"/>
        <line num="215" type="stmt" count="3"/>
        <line num="218" type="method" name="obtenerSugerenciaDeBaseDatos" visibility="private" complexity="2" crap="2" count="7"/>
        <line num="221" type="stmt" count="7"/>
        <line num="222" type="stmt" count="2"/>
        <line num="223" type="stmt" count="2"/>
        <line num="227" type="method" name="procesarFallbackIntenciones" visibility="private" complexity="3" crap="3" count="3"/>
        <line num="229" type="stmt" count="3"/>
        <line num="230" type="stmt" count="2"/>
        <line num="231" type="stmt" count="1"/>
        <line num="234" type="stmt" count="1"/>
        <line num="235" type="stmt" count="1"/>
        <line num="236" type="stmt" count="1"/>
        <line num="238" type="stmt" count="1"/>
        <line num="239" type="stmt" count="1"/>
        <line num="240" type="stmt" count="1"/>
        <line num="241" type="stmt" count="1"/>
        <line num="242" type="stmt" count="1"/>
        <line num="245" type="method" name="construirAccionesRecuperacion" visibility="private" complexity="3" crap="3" count="5"/>
        <line num="247" type="stmt" count="5"/>
        <line num="248" type="stmt" count="1"/>
        <line num="249" type="stmt" count="1"/>
        <line num="250" type="stmt" count="1"/>
        <line num="253" type="stmt" count="4"/>
        <line num="254" type="stmt" count="4"/>
        <line num="255" type="stmt" count="4"/>
        <line num="256" type="stmt" count="4"/>
        <line num="257" type="stmt" count="4"/>
        <line num="260" type="method" name="manejarLimpiezaCotizacion" visibility="private" complexity="1" crap="1" count="2"/>
        <line num="262" type="stmt" count="2"/>
        <line num="264" type="stmt" count="2"/>
        <line num="265" type="stmt" count="2"/>
        <line num="266" type="stmt" count="2"/>
        <line num="267" type="stmt" count="2"/>
        <line num="268" type="stmt" count="2"/>
        <line num="271" type="method" name="manejarFinalizacionCotizacion" visibility="private" complexity="1" crap="1" count="4"/>
        <line num="273" type="stmt" count="4"/>
        <line num="274" type="stmt" count="4"/>
        <line num="275" type="stmt" count="4"/>
        <line num="278" type="stmt" count="4"/>
        <line num="279" type="stmt" count="4"/>
        <line num="280" type="stmt" count="4"/>
        <line num="281" type="stmt" count="4"/>
        <line num="282" type="stmt" count="4"/>
        <line num="283" type="stmt" count="4"/>
        <line num="284" type="stmt" count="4"/>
        <line num="286" type="stmt" count="4"/>
        <line num="288" type="stmt" count="4"/>
        <line num="289" type="stmt" count="4"/>
        <line num="290" type="stmt" count="4"/>
        <line num="291" type="stmt" count="4"/>
        <line num="292" type="stmt" count="4"/>
        <line num="293" type="stmt" count="4"/>
        <line num="296" type="method" name="procesarSeleccionSubServicios" visibility="private" complexity="5" crap="5" count="10"/>
        <line num="298" type="stmt" count="10"/>
        <line num="299" type="stmt" count="8"/>
        <line num="300" type="stmt" count="10"/>
        <line num="302" type="stmt" count="10"/>
        <line num="303" type="stmt" count="3"/>
        <line num="304" type="stmt" count="3"/>
        <line num="306" type="stmt" count="3"/>
        <line num="307" type="stmt" count="3"/>
        <line num="308" type="stmt" count="3"/>
        <line num="309" type="stmt" count="3"/>
        <line num="310" type="stmt" count="3"/>
        <line num="313" type="stmt" count="7"/>
        <line num="314" type="stmt" count="7"/>
        <line num="315" type="stmt" count="1"/>
        <line num="316" type="stmt" count="1"/>
        <line num="318" type="stmt" count="1"/>
        <line num="319" type="stmt" count="1"/>
        <line num="320" type="stmt" count="1"/>
        <line num="321" type="stmt" count="1"/>
        <line num="322" type="stmt" count="1"/>
        <line num="325" type="stmt" count="6"/>
        <line num="326" type="stmt" count="6"/>
        <line num="327" type="stmt" count="6"/>
        <line num="328" type="stmt" count="4"/>
        <line num="330" type="stmt" count="2"/>
        <line num="333" type="stmt" count="6"/>
        <line num="336" type="method" name="obtenerDiasParaRespuesta" visibility="private" complexity="3" crap="3" count="1"/>
        <line num="338" type="stmt" count="1"/>
        <line num="339" type="stmt" count="1"/>
        <line num="340" type="stmt" count="1"/>
        <line num="341" type="stmt" count="1"/>
        <line num="342" type="stmt" count="1"/>
        <line num="345" type="stmt" count="1"/>
        <metrics loc="348" ncloc="328" classes="1" methods="17" coveredmethods="17" conditionals="0" coveredconditionals="0" statements="170" coveredstatements="170" elements="187" coveredelements="187"/>
      </file>
      <file name="C:\Users\ASUS\Desktop\SENA\Nueva carpeta\app\Http\Controllers\Controller.php">
        <class name="App\Http\Controllers\Controller" namespace="App\Http\Controllers">
          <metrics complexity="0" methods="0" coveredmethods="0" conditionals="0" coveredconditionals="0" statements="0" coveredstatements="0" elements="0" coveredelements="0"/>
        </class>
        <metrics loc="9" ncloc="8" classes="0" methods="0" coveredmethods="0" conditionals="0" coveredconditionals="0" statements="0" coveredstatements="0" elements="0" coveredelements="0"/>
      </file>
      <file name="C:\Users\ASUS\Desktop\SENA\Nueva carpeta\app\Http\Controllers\CotizacionController.php">
        <class name="App\Http\Controllers\CotizacionController" namespace="App\Http\Controllers">
          <metrics complexity="5" methods="2" coveredmethods="2" conditionals="0" coveredconditionals="0" statements="18" coveredstatements="18" elements="20" coveredelements="20"/>
        </class>
        <line num="13" type="method" name="__construct" visibility="public" complexity="1" crap="1" count="48"/>
        <line num="15" type="stmt" count="48"/>
        <line num="21" type="method" name="store" visibility="public" complexity="4" crap="4" count="8"/>
        <line num="23" type="stmt" count="8"/>
        <line num="24" type="stmt" count="8"/>
        <line num="25" type="stmt" count="8"/>
        <line num="27" type="stmt" count="8"/>
        <line num="28" type="stmt" count="3"/>
        <line num="29" type="stmt" count="3"/>
        <line num="30" type="stmt" count="3"/>
        <line num="34" type="stmt" count="5"/>
        <line num="36" type="stmt" count="4"/>
        <line num="37" type="stmt" count="4"/>
        <line num="38" type="stmt" count="4"/>
        <line num="39" type="stmt" count="4"/>
        <line num="40" type="stmt" count="1"/>
        <line num="41" type="stmt" count="1"/>
        <line num="43" type="stmt" count="1"/>
        <line num="44" type="stmt" count="1"/>
        <line num="45" type="stmt" count="1"/>
        <metrics loc="50" ncloc="47" classes="1" methods="2" coveredmethods="2" conditionals="0" coveredconditionals="0" statements="18" coveredstatements="18" elements="20" coveredelements="20"/>
      </file>
      <file name="C:\Users\ASUS\Desktop\SENA\Nueva carpeta\app\Http\Controllers\HistorialController.php">
        <class name="App\Http\Controllers\HistorialController" namespace="App\Http\Controllers">
          <metrics complexity="17" methods="6" coveredmethods="6" conditionals="0" coveredconditionals="0" statements="79" coveredstatements="79" elements="85" coveredelements="85"/>
        </class>
        <line num="18" type="method" name="__construct" visibility="public" complexity="1" crap="1" count="35"/>
        <line num="22" type="stmt" count="35"/>
        <line num="23" type="stmt" count="35"/>
        <line num="25" type="method" name="index" visibility="public" complexity="1" crap="1" count="7"/>
        <line num="28" type="stmt" count="7"/>
        <line num="30" type="stmt" count="7"/>
        <line num="33" type="method" name="store" visibility="public" complexity="4" crap="4" count="5"/>
        <line num="35" type="stmt" count="5"/>
        <line num="36" type="stmt" count="5"/>
        <line num="37" type="stmt" count="5"/>
        <line num="38" type="stmt" count="5"/>
        <line num="39" type="stmt" count="5"/>
        <line num="40" type="stmt" count="5"/>
        <line num="41" type="stmt" count="5"/>
        <line num="43" type="stmt" count="5"/>
        <line num="44" type="stmt" count="2"/>
        <line num="45" type="stmt" count="2"/>
        <line num="46" type="stmt" count="2"/>
        <line num="47" type="stmt" count="2"/>
        <line num="52" type="stmt" count="3"/>
        <line num="53" type="stmt" count="3"/>
        <line num="54" type="stmt" count="3"/>
        <line num="55" type="stmt" count="3"/>
        <line num="56" type="stmt" count="3"/>
        <line num="57" type="stmt" count="3"/>
        <line num="58" type="stmt" count="3"/>
        <line num="60" type="stmt" count="2"/>
        <line num="61" type="stmt" count="2"/>
        <line num="62" type="stmt" count="2"/>
        <line num="63" type="stmt" count="2"/>
        <line num="64" type="stmt" count="2"/>
        <line num="65" type="stmt" count="1"/>
        <line num="66" type="stmt" count="1"/>
        <line num="67" type="stmt" count="1"/>
        <line num="68" type="stmt" count="1"/>
        <line num="72" type="method" name="update" visibility="public" complexity="8" crap="8" count="5"/>
        <line num="74" type="stmt" count="5"/>
        <line num="75" type="stmt" count="5"/>
        <line num="76" type="stmt" count="5"/>
        <line num="77" type="stmt" count="5"/>
        <line num="78" type="stmt" count="5"/>
        <line num="79" type="stmt" count="5"/>
        <line num="80" type="stmt" count="5"/>
        <line num="82" type="stmt" count="5"/>
        <line num="83" type="stmt" count="2"/>
        <line num="84" type="stmt" count="2"/>
        <line num="85" type="stmt" count="2"/>
        <line num="86" type="stmt" count="2"/>
        <line num="91" type="stmt" count="3"/>
        <line num="92" type="stmt" count="3"/>
        <line num="93" type="stmt" count="3"/>
        <line num="94" type="stmt" count="3"/>
        <line num="95" type="stmt" count="3"/>
        <line num="96" type="stmt" count="3"/>
        <line num="97" type="stmt" count="3"/>
        <line num="99" type="stmt" count="2"/>
        <line num="100" type="stmt" count="2"/>
        <line num="101" type="stmt" count="2"/>
        <line num="102" type="stmt" count="2"/>
        <line num="103" type="stmt" count="2"/>
        <line num="104" type="stmt" count="1"/>
        <line num="105" type="stmt" count="1"/>
        <line num="106" type="stmt" count="1"/>
        <line num="107" type="stmt" count="1"/>
        <line num="114" type="method" name="exportPdfReservas" visibility="public" complexity="2" crap="2" count="8"/>
        <line num="118" type="stmt" count="8"/>
        <line num="120" type="stmt" count="8"/>
        <line num="122" type="stmt" count="8"/>
        <line num="123" type="stmt" count="8"/>
        <line num="124" type="stmt" count="8"/>
        <line num="125" type="stmt" count="8"/>
        <line num="127" type="stmt" count="7"/>
        <line num="128" type="stmt" count="1"/>
        <line num="129" type="stmt" count="1"/>
        <line num="130" type="stmt" count="1"/>
        <line num="132" type="stmt" count="1"/>
        <line num="133" type="stmt" count="1"/>
        <line num="134" type="stmt" count="1"/>
        <line num="141" type="method" name="exportPdfCotizaciones" visibility="public" complexity="1" crap="1" count="6"/>
        <line num="144" type="stmt" count="6"/>
        <line num="146" type="stmt" count="6"/>
        <line num="147" type="stmt" count="6"/>
        <line num="148" type="stmt" count="6"/>
        <line num="149" type="stmt" count="6"/>
        <line num="151" type="stmt" count="6"/>
        <metrics loc="154" ncloc="143" classes="1" methods="6" coveredmethods="6" conditionals="0" coveredconditionals="0" statements="79" coveredstatements="79" elements="85" coveredelements="85"/>
      </file>
      <file name="C:\Users\ASUS\Desktop\SENA\Nueva carpeta\app\Http\Controllers\InventarioController.php">
        <class name="App\Http\Controllers\InventarioController" namespace="App\Http\Controllers">
          <metrics complexity="5" methods="5" coveredmethods="5" conditionals="0" coveredconditionals="0" statements="31" coveredstatements="31" elements="36" coveredelements="36"/>
        </class>
        <line num="12" type="method" name="__construct" visibility="public" complexity="1" crap="1" count="17"/>
        <line num="14" type="stmt" count="17"/>
        <line num="20" type="method" name="index" visibility="public" complexity="1" crap="1" count="2"/>
        <line num="23" type="stmt" count="2"/>
        <line num="25" type="stmt" count="2"/>
        <line num="31" type="method" name="store" visibility="public" complexity="1" crap="1" count="5"/>
        <line num="33" type="stmt" count="5"/>
        <line num="34" type="stmt" count="5"/>
        <line num="35" type="stmt" count="5"/>
        <line num="36" type="stmt" count="5"/>
        <line num="37" type="stmt" count="5"/>
        <line num="38" type="stmt" count="5"/>
        <line num="39" type="stmt" count="5"/>
        <line num="40" type="stmt" count="5"/>
        <line num="41" type="stmt" count="5"/>
        <line num="42" type="stmt" count="5"/>
        <line num="43" type="stmt" count="5"/>
        <line num="46" type="stmt" count="1"/>
        <line num="48" type="stmt" count="1"/>
        <line num="54" type="method" name="update" visibility="public" complexity="1" crap="1" count="3"/>
        <line num="56" type="stmt" count="3"/>
        <line num="57" type="stmt" count="3"/>
        <line num="58" type="stmt" count="3"/>
        <line num="59" type="stmt" count="3"/>
        <line num="60" type="stmt" count="3"/>
        <line num="61" type="stmt" count="3"/>
        <line num="62" type="stmt" count="3"/>
        <line num="63" type="stmt" count="3"/>
        <line num="64" type="stmt" count="3"/>
        <line num="65" type="stmt" count="3"/>
        <line num="66" type="stmt" count="3"/>
        <line num="69" type="stmt" count="2"/>
        <line num="71" type="stmt" count="1"/>
        <line num="77" type="method" name="destroy" visibility="public" complexity="1" crap="1" count="2"/>
        <line num="80" type="stmt" count="2"/>
        <line num="82" type="stmt" count="1"/>
        <metrics loc="85" ncloc="69" classes="1" methods="5" coveredmethods="5" conditionals="0" coveredconditionals="0" statements="31" coveredstatements="31" elements="36" coveredelements="36"/>
      </file>
      <file name="C:\Users\ASUS\Desktop\SENA\Nueva carpeta\app\Http\Controllers\MovimientosInventarioController.php">
        <class name="App\Http\Controllers\MovimientosInventarioController" namespace="App\Http\Controllers">
          <metrics complexity="11" methods="5" coveredmethods="5" conditionals="0" coveredconditionals="0" statements="75" coveredstatements="75" elements="80" coveredelements="80"/>
        </class>
        <line num="15" type="method" name="__construct" visibility="public" complexity="1" crap="1" count="31"/>
        <line num="19" type="stmt" count="31"/>
        <line num="20" type="stmt" count="31"/>
        <line num="25" type="method" name="index" visibility="public" complexity="1" crap="1" count="2"/>
        <line num="27" type="stmt" count="2"/>
        <line num="29" type="stmt" count="2"/>
        <line num="35" type="method" name="store" visibility="public" complexity="3" crap="3" count="21"/>
        <line num="37" type="stmt" count="21"/>
        <line num="38" type="stmt" count="21"/>
        <line num="39" type="stmt" count="21"/>
        <line num="40" type="stmt" count="21"/>
        <line num="41" type="stmt" count="21"/>
        <line num="42" type="stmt" count="21"/>
        <line num="43" type="stmt" count="21"/>
        <line num="44" type="stmt" count="21"/>
        <line num="45" type="stmt" count="21"/>
        <line num="46" type="stmt" count="21"/>
        <line num="47" type="stmt" count="21"/>
        <line num="48" type="stmt" count="21"/>
        <line num="49" type="stmt" count="21"/>
        <line num="52" type="stmt" count="14"/>
        <line num="53" type="stmt" count="14"/>
        <line num="56" type="stmt" count="14"/>
        <line num="57" type="stmt" count="8"/>
        <line num="59" type="stmt" count="6"/>
        <line num="60" type="stmt" count="2"/>
        <line num="62" type="stmt" count="4"/>
        <line num="66" type="stmt" count="12"/>
        <line num="67" type="stmt" count="12"/>
        <line num="68" type="stmt" count="12"/>
        <line num="69" type="stmt" count="12"/>
        <line num="70" type="stmt" count="12"/>
        <line num="71" type="stmt" count="12"/>
        <line num="72" type="stmt" count="12"/>
        <line num="74" type="stmt" count="12"/>
        <line num="75" type="stmt" count="12"/>
        <line num="76" type="stmt" count="12"/>
        <line num="77" type="stmt" count="12"/>
        <line num="83" type="method" name="update" visibility="public" complexity="4" crap="4" count="6"/>
        <line num="85" type="stmt" count="6"/>
        <line num="86" type="stmt" count="6"/>
        <line num="87" type="stmt" count="6"/>
        <line num="88" type="stmt" count="6"/>
        <line num="89" type="stmt" count="6"/>
        <line num="90" type="stmt" count="6"/>
        <line num="91" type="stmt" count="6"/>
        <line num="92" type="stmt" count="6"/>
        <line num="93" type="stmt" count="6"/>
        <line num="94" type="stmt" count="6"/>
        <line num="95" type="stmt" count="6"/>
        <line num="96" type="stmt" count="6"/>
        <line num="97" type="stmt" count="6"/>
        <line num="100" type="stmt" count="6"/>
        <line num="101" type="stmt" count="5"/>
        <line num="102" type="stmt" count="5"/>
        <line num="103" type="stmt" count="5"/>
        <line num="104" type="stmt" count="5"/>
        <line num="107" type="stmt" count="5"/>
        <line num="108" type="stmt" count="4"/>
        <line num="110" type="stmt" count="1"/>
        <line num="114" type="stmt" count="5"/>
        <line num="115" type="stmt" count="3"/>
        <line num="117" type="stmt" count="2"/>
        <line num="118" type="stmt" count="1"/>
        <line num="120" type="stmt" count="1"/>
        <line num="124" type="stmt" count="4"/>
        <line num="125" type="stmt" count="4"/>
        <line num="126" type="stmt" count="4"/>
        <line num="127" type="stmt" count="4"/>
        <line num="128" type="stmt" count="4"/>
        <line num="130" type="stmt" count="4"/>
        <line num="136" type="method" name="destroy" visibility="public" complexity="2" crap="2" count="3"/>
        <line num="139" type="stmt" count="3"/>
        <line num="140" type="stmt" count="2"/>
        <line num="141" type="stmt" count="2"/>
        <line num="144" type="stmt" count="2"/>
        <line num="145" type="stmt" count="1"/>
        <line num="147" type="stmt" count="1"/>
        <line num="151" type="stmt" count="2"/>
        <line num="153" type="stmt" count="2"/>
        <metrics loc="156" ncloc="134" classes="1" methods="5" coveredmethods="5" conditionals="0" coveredconditionals="0" statements="75" coveredstatements="75" elements="80" coveredelements="80"/>
      </file>
      <file name="C:\Users\ASUS\Desktop\SENA\Nueva carpeta\app\Http\Controllers\ReservaController.php">
        <class name="App\Http\Controllers\ReservaController" namespace="App\Http\Controllers">
          <metrics complexity="34" methods="10" coveredmethods="10" conditionals="0" coveredconditionals="0" statements="156" coveredstatements="156" elements="166" coveredelements="166"/>
        </class>
        <line num="31" type="method" name="__construct" visibility="public" complexity="1" crap="1" count="38"/>
        <line num="40" type="stmt" count="38"/>
        <line num="41" type="stmt" count="38"/>
        <line num="42" type="stmt" count="38"/>
        <line num="43" type="stmt" count="38"/>
        <line num="44" type="stmt" count="38"/>
        <line num="45" type="stmt" count="38"/>
        <line num="46" type="stmt" count="38"/>
        <line num="66" type="method" name="index" visibility="public" complexity="1" crap="1" count="2"/>
        <line num="68" type="stmt" count="2"/>
        <line num="71" type="stmt" count="2"/>
        <line num="73" type="stmt" count="2"/>
        <line num="76" type="method" name="store" visibility="public" complexity="5" crap="5" count="15"/>
        <line num="78" type="stmt" count="15"/>
        <line num="80" type="stmt" count="15"/>
        <line num="81" type="stmt" count="15"/>
        <line num="82" type="stmt" count="15"/>
        <line num="85" type="stmt" count="15"/>
        <line num="86" type="stmt" count="15"/>
        <line num="87" type="stmt" count="15"/>
        <line num="88" type="stmt" count="15"/>
        <line num="89" type="stmt" count="15"/>
        <line num="90" type="stmt" count="15"/>
        <line num="91" type="stmt" count="15"/>
        <line num="92" type="stmt" count="15"/>
        <line num="93" type="stmt" count="15"/>
        <line num="94" type="stmt" count="15"/>
        <line num="95" type="stmt" count="15"/>
        <line num="96" type="stmt" count="15"/>
        <line num="97" type="stmt" count="15"/>
        <line num="98" type="stmt" count="15"/>
        <line num="99" type="stmt" count="15"/>
        <line num="100" type="stmt" count="15"/>
        <line num="101" type="stmt" count="15"/>
        <line num="104" type="stmt" count="4"/>
        <line num="105" type="stmt" count="4"/>
        <line num="106" type="stmt" count="4"/>
        <line num="107" type="stmt" count="1"/>
        <line num="108" type="stmt" count="1"/>
        <line num="109" type="stmt" count="1"/>
        <line num="113" type="stmt" count="3"/>
        <line num="114" type="stmt" count="3"/>
        <line num="117" type="stmt" count="3"/>
        <line num="118" type="stmt" count="3"/>
        <line num="119" type="stmt" count="3"/>
        <line num="120" type="stmt" count="3"/>
        <line num="121" type="stmt" count="3"/>
        <line num="122" type="stmt" count="3"/>
        <line num="123" type="stmt" count="3"/>
        <line num="124" type="stmt" count="3"/>
        <line num="125" type="stmt" count="3"/>
        <line num="126" type="stmt" count="3"/>
        <line num="127" type="stmt" count="3"/>
        <line num="128" type="stmt" count="3"/>
        <line num="131" type="stmt" count="3"/>
        <line num="132" type="stmt" count="3"/>
        <line num="133" type="stmt" count="3"/>
        <line num="134" type="stmt" count="3"/>
        <line num="135" type="stmt" count="3"/>
        <line num="136" type="stmt" count="3"/>
        <line num="139" type="stmt" count="3"/>
        <line num="140" type="stmt" count="3"/>
        <line num="141" type="stmt" count="3"/>
        <line num="142" type="stmt" count="3"/>
        <line num="143" type="stmt" count="3"/>
        <line num="144" type="stmt" count="3"/>
        <line num="147" type="method" name="confirm" visibility="public" complexity="4" crap="4" count="7"/>
        <line num="149" type="stmt" count="7"/>
        <line num="152" type="stmt" count="7"/>
        <line num="153" type="stmt" count="7"/>
        <line num="156" type="stmt" count="7"/>
        <line num="157" type="stmt" count="1"/>
        <line num="160" type="stmt" count="6"/>
        <line num="161" type="stmt" count="6"/>
        <line num="162" type="stmt" count="6"/>
        <line num="163" type="stmt" count="2"/>
        <line num="166" type="stmt" count="4"/>
        <line num="167" type="stmt" count="4"/>
        <line num="168" type="stmt" count="4"/>
        <line num="170" type="stmt" count="4"/>
        <line num="171" type="stmt" count="4"/>
        <line num="172" type="stmt" count="4"/>
        <line num="173" type="stmt" count="4"/>
        <line num="174" type="stmt" count="4"/>
        <line num="175" type="stmt" count="6"/>
        <line num="178" type="method" name="validateReservaItems" visibility="private" complexity="6" crap="6" count="7"/>
        <line num="180" type="stmt" count="7"/>
        <line num="181" type="stmt" count="1"/>
        <line num="184" type="stmt" count="6"/>
        <line num="185" type="stmt" count="6"/>
        <line num="186" type="stmt" count="6"/>
        <line num="187" type="stmt" count="6"/>
        <line num="188" type="stmt" count="1"/>
        <line num="189" type="stmt" count="1"/>
        <line num="192" type="stmt" count="5"/>
        <line num="193" type="stmt" count="1"/>
        <line num="194" type="stmt" count="1"/>
        <line num="198" type="stmt" count="6"/>
        <line num="199" type="stmt" count="2"/>
        <line num="202" type="stmt" count="4"/>
        <line num="205" type="method" name="createCalendarioFromReserva" visibility="private" complexity="1" crap="1" count="4"/>
        <line num="208" type="stmt" count="4"/>
        <line num="209" type="stmt" count="4"/>
        <line num="210" type="stmt" count="4"/>
        <line num="211" type="stmt" count="4"/>
        <line num="212" type="stmt" count="4"/>
        <line num="213" type="stmt" count="4"/>
        <line num="214" type="stmt" count="4"/>
        <line num="215" type="stmt" count="4"/>
        <line num="216" type="stmt" count="4"/>
        <line num="217" type="stmt" count="4"/>
        <line num="220" type="method" name="processReservaItems" visibility="private" complexity="3" crap="3" count="5"/>
        <line num="222" type="stmt" count="5"/>
        <line num="223" type="stmt" count="5"/>
        <line num="224" type="stmt" count="5"/>
        <line num="225" type="stmt" count="1"/>
        <line num="229" type="stmt" count="4"/>
        <line num="232" type="stmt" count="4"/>
        <line num="233" type="stmt" count="4"/>
        <line num="234" type="stmt" count="4"/>
        <line num="235" type="stmt" count="4"/>
        <line num="236" type="stmt" count="4"/>
        <line num="237" type="stmt" count="4"/>
        <line num="238" type="stmt" count="4"/>
        <line num="241" type="stmt" count="4"/>
        <line num="242" type="stmt" count="4"/>
        <line num="243" type="stmt" count="4"/>
        <line num="244" type="stmt" count="4"/>
        <line num="245" type="stmt" count="4"/>
        <line num="249" type="method" name="updateReservaAndCreateHistorial" visibility="private" complexity="1" crap="1" count="4"/>
        <line num="252" type="stmt" count="4"/>
        <line num="253" type="stmt" count="4"/>
        <line num="254" type="stmt" count="4"/>
        <line num="255" type="stmt" count="4"/>
        <line num="256" type="stmt" count="4"/>
        <line num="257" type="stmt" count="4"/>
        <line num="258" type="stmt" count="4"/>
        <line num="259" type="stmt" count="4"/>
        <line num="262" type="stmt" count="4"/>
        <line num="263" type="stmt" count="4"/>
        <line num="264" type="stmt" count="4"/>
        <line num="265" type="stmt" count="4"/>
        <line num="266" type="stmt" count="4"/>
        <line num="267" type="stmt" count="4"/>
        <line num="270" type="method" name="destroy" visibility="public" complexity="6" crap="6" count="4"/>
        <line num="272" type="stmt" count="4"/>
        <line num="275" type="stmt" count="4"/>
        <line num="276" type="stmt" count="3"/>
        <line num="277" type="stmt" count="1"/>
        <line num="279" type="stmt" count="1"/>
        <line num="280" type="stmt" count="1"/>
        <line num="284" type="stmt" count="4"/>
        <line num="285" type="stmt" count="1"/>
        <line num="289" type="stmt" count="3"/>
        <line num="291" type="stmt" count="3"/>
        <line num="292" type="stmt" count="3"/>
        <line num="293" type="stmt" count="3"/>
        <line num="294" type="stmt" count="3"/>
        <line num="297" type="method" name="authorizeAdminLike" visibility="private" complexity="6" crap="6" count="30"/>
        <line num="299" type="stmt" count="30"/>
        <line num="300" type="stmt" count="30"/>
        <line num="301" type="stmt" count="1"/>
        <line num="303" type="stmt" count="30"/>
        <line num="304" type="stmt" count="30"/>
        <line num="305" type="stmt" count="30"/>
        <line num="306" type="stmt" count="1"/>
        <metrics loc="310" ncloc="296" classes="1" methods="10" coveredmethods="10" conditionals="0" coveredconditionals="0" statements="156" coveredstatements="156" elements="166" coveredelements="166"/>
      </file>
      <file name="C:\Users\ASUS\Desktop\SENA\Nueva carpeta\app\Http\Controllers\RoleAdminController.php">
        <class name="App\Http\Controllers\RoleAdminController" namespace="App\Http\Controllers">
          <metrics complexity="16" methods="3" coveredmethods="3" conditionals="0" coveredconditionals="0" statements="79" coveredstatements="79" elements="82" coveredelements="82"/>
        </class>
        <line num="10" type="method" name="index" visibility="public" complexity="9" crap="9" count="3"/>
        <line num="13" type="stmt" count="3"/>
        <line num="14" type="stmt" count="3"/>
        <line num="15" type="stmt" count="2"/>
        <line num="16" type="stmt" count="2"/>
        <line num="17" type="stmt" count="2"/>
        <line num="18" type="stmt" count="2"/>
        <line num="19" type="stmt" count="2"/>
        <line num="20" type="stmt" count="2"/>
        <line num="21" type="stmt" count="2"/>
        <line num="23" type="stmt" count="1"/>
        <line num="24" type="stmt" count="1"/>
        <line num="25" type="stmt" count="1"/>
        <line num="26" type="stmt" count="1"/>
        <line num="27" type="stmt" count="1"/>
        <line num="28" type="stmt" count="1"/>
        <line num="29" type="stmt" count="1"/>
        <line num="32" type="stmt" count="2"/>
        <line num="33" type="stmt" count="2"/>
        <line num="35" type="stmt" count="2"/>
        <line num="36" type="stmt" count="2"/>
        <line num="37" type="stmt" count="2"/>
        <line num="38" type="stmt" count="2"/>
        <line num="40" type="stmt" count="2"/>
        <line num="41" type="stmt" count="2"/>
        <line num="42" type="stmt" count="2"/>
        <line num="43" type="stmt" count="2"/>
        <line num="44" type="stmt" count="2"/>
        <line num="45" type="stmt" count="2"/>
        <line num="46" type="stmt" count="2"/>
        <line num="49" type="stmt" count="2"/>
        <line num="50" type="stmt" count="2"/>
        <line num="53" type="stmt" count="2"/>
        <line num="54" type="stmt" count="2"/>
        <line num="55" type="stmt" count="2"/>
        <line num="56" type="stmt" count="2"/>
        <line num="58" type="stmt" count="2"/>
        <line num="59" type="stmt" count="2"/>
        <line num="60" type="stmt" count="2"/>
        <line num="62" type="stmt" count="2"/>
        <line num="63" type="stmt" count="1"/>
        <line num="68" type="stmt" count="2"/>
        <line num="69" type="stmt" count="2"/>
        <line num="70" type="stmt" count="2"/>
        <line num="71" type="stmt" count="2"/>
        <line num="76" type="stmt" count="2"/>
        <line num="77" type="stmt" count="2"/>
        <line num="78" type="stmt" count="2"/>
        <line num="80" type="stmt" count="2"/>
        <line num="81" type="stmt" count="2"/>
        <line num="82" type="stmt" count="2"/>
        <line num="84" type="stmt" count="2"/>
        <line num="87" type="method" name="update" visibility="public" complexity="6" crap="6" count="4"/>
        <line num="89" type="stmt" count="4"/>
        <line num="90" type="stmt" count="4"/>
        <line num="91" type="stmt" count="4"/>
        <line num="92" type="stmt" count="4"/>
        <line num="94" type="stmt" count="4"/>
        <line num="95" type="stmt" count="4"/>
        <line num="97" type="stmt" count="4"/>
        <line num="98" type="stmt" count="4"/>
        <line num="99" type="stmt" count="4"/>
        <line num="100" type="stmt" count="4"/>
        <line num="101" type="stmt" count="4"/>
        <line num="102" type="stmt" count="4"/>
        <line num="103" type="stmt" count="1"/>
        <line num="106" type="stmt" count="4"/>
        <line num="107" type="stmt" count="4"/>
        <line num="108" type="stmt" count="4"/>
        <line num="110" type="stmt" count="4"/>
        <line num="111" type="stmt" count="1"/>
        <line num="114" type="stmt" count="3"/>
        <line num="115" type="stmt" count="3"/>
        <line num="117" type="stmt" count="3"/>
        <line num="118" type="stmt" count="2"/>
        <line num="119" type="stmt" count="2"/>
        <line num="120" type="stmt" count="2"/>
        <line num="121" type="stmt" count="2"/>
        <line num="123" type="stmt" count="3"/>
        <line num="125" type="stmt" count="3"/>
        <line num="132" type="method" name="getDatabaseDriverName" visibility="protected" complexity="1" crap="1" count="2"/>
        <line num="134" type="stmt" count="2"/>
        <metrics loc="137" ncloc="126" classes="1" methods="3" coveredmethods="3" conditionals="0" coveredconditionals="0" statements="79" coveredstatements="79" elements="82" coveredelements="82"/>
      </file>
      <file name="C:\Users\ASUS\Desktop\SENA\Nueva carpeta\app\Http\Controllers\RoleController.php">
        <class name="App\Http\Controllers\RoleController" namespace="App\Http\Controllers">
          <metrics complexity="14" methods="5" coveredmethods="5" conditionals="0" coveredconditionals="0" statements="38" coveredstatements="38" elements="43" coveredelements="43"/>
        </class>
        <line num="9" type="method" name="select" visibility="public" complexity="1" crap="1" count="1"/>
        <line num="11" type="stmt" count="1"/>
        <line num="14" type="method" name="set" visibility="public" complexity="5" crap="5" count="4"/>
        <line num="16" type="stmt" count="4"/>
        <line num="17" type="stmt" count="4"/>
        <line num="18" type="stmt" count="4"/>
        <line num="20" type="stmt" count="4"/>
        <line num="21" type="stmt" count="4"/>
        <line num="22" type="stmt" count="4"/>
        <line num="23" type="stmt" count="4"/>
        <line num="25" type="stmt" count="4"/>
        <line num="26" type="stmt" count="2"/>
        <line num="27" type="stmt" count="2"/>
        <line num="28" type="stmt" count="1"/>
        <line num="29" type="stmt" count="1"/>
        <line num="30" type="stmt" count="1"/>
        <line num="32" type="stmt" count="1"/>
        <line num="33" type="stmt" count="1"/>
        <line num="35" type="stmt" count="2"/>
        <line num="36" type="stmt" count="1"/>
        <line num="37" type="stmt" count="1"/>
        <line num="38" type="stmt" count="1"/>
        <line num="41" type="stmt" count="1"/>
        <line num="44" type="stmt" count="4"/>
        <line num="45" type="stmt" count="4"/>
        <line num="46" type="stmt" count="3"/>
        <line num="49" type="stmt" count="4"/>
        <line num="52" type="method" name="adminKeyForm" visibility="public" complexity="3" crap="3" count="2"/>
        <line num="54" type="stmt" count="2"/>
        <line num="55" type="stmt" count="1"/>
        <line num="58" type="stmt" count="1"/>
        <line num="61" type="method" name="adminKeyVerify" visibility="public" complexity="4" crap="4" count="3"/>
        <line num="63" type="stmt" count="3"/>
        <line num="64" type="stmt" count="1"/>
        <line num="66" type="stmt" count="2"/>
        <line num="67" type="stmt" count="2"/>
        <line num="68" type="stmt" count="1"/>
        <line num="70" type="stmt" count="1"/>
        <line num="71" type="stmt" count="1"/>
        <line num="73" type="stmt" count="1"/>
        <line num="76" type="method" name="clear" visibility="public" complexity="1" crap="1" count="1"/>
        <line num="78" type="stmt" count="1"/>
        <line num="80" type="stmt" count="1"/>
        <metrics loc="83" ncloc="82" classes="1" methods="5" coveredmethods="5" conditionals="0" coveredconditionals="0" statements="38" coveredstatements="38" elements="43" coveredelements="43"/>
      </file>
      <file name="C:\Users\ASUS\Desktop\SENA\Nueva carpeta\app\Http\Controllers\ServiciosController.php">
        <class name="App\Http\Controllers\ServiciosController" namespace="App\Http\Controllers">
          <metrics complexity="21" methods="8" coveredmethods="8" conditionals="0" coveredconditionals="0" statements="84" coveredstatements="84" elements="92" coveredelements="92"/>
        </class>
        <line num="25" type="method" name="__construct" visibility="public" complexity="1" crap="1" count="76"/>
        <line num="31" type="stmt" count="76"/>
        <line num="32" type="stmt" count="76"/>
        <line num="33" type="stmt" count="76"/>
        <line num="34" type="stmt" count="76"/>
        <line num="39" type="method" name="index" visibility="public" complexity="3" crap="3" count="11"/>
        <line num="43" type="stmt" count="11"/>
        <line num="46" type="stmt" count="9"/>
        <line num="47" type="stmt" count="5"/>
        <line num="49" type="stmt" count="4"/>
        <line num="52" type="stmt" count="9"/>
        <line num="53" type="stmt" count="2"/>
        <line num="54" type="stmt" count="2"/>
        <line num="56" type="stmt" count="2"/>
        <line num="57" type="stmt" count="2"/>
        <line num="64" type="method" name="create" visibility="public" complexity="1" crap="1" count="1"/>
        <line num="66" type="stmt" count="1"/>
        <line num="72" type="method" name="store" visibility="public" complexity="7" crap="7" count="27"/>
        <line num="74" type="stmt" count="27"/>
        <line num="75" type="stmt" count="27"/>
        <line num="76" type="stmt" count="27"/>
        <line num="77" type="stmt" count="27"/>
        <line num="78" type="stmt" count="27"/>
        <line num="82" type="stmt" count="18"/>
        <line num="83" type="stmt" count="18"/>
        <line num="84" type="stmt" count="18"/>
        <line num="85" type="stmt" count="18"/>
        <line num="86" type="stmt" count="18"/>
        <line num="89" type="stmt" count="16"/>
        <line num="90" type="stmt" count="3"/>
        <line num="95" type="stmt" count="13"/>
        <line num="96" type="stmt" count="1"/>
        <line num="99" type="stmt" count="1"/>
        <line num="100" type="stmt" count="1"/>
        <line num="101" type="stmt" count="1"/>
        <line num="104" type="stmt" count="13"/>
        <line num="105" type="stmt" count="13"/>
        <line num="106" type="stmt" count="5"/>
        <line num="107" type="stmt" count="3"/>
        <line num="108" type="stmt" count="3"/>
        <line num="109" type="stmt" count="2"/>
        <line num="110" type="stmt" count="2"/>
        <line num="111" type="stmt" count="2"/>
        <line num="114" type="stmt" count="18"/>
        <line num="120" type="method" name="show" visibility="public" complexity="1" crap="1" count="5"/>
        <line num="123" type="stmt" count="5"/>
        <line num="124" type="stmt" count="3"/>
        <line num="127" type="stmt" count="3"/>
        <line num="129" type="stmt" count="3"/>
        <line num="135" type="method" name="edit" visibility="public" complexity="1" crap="1" count="2"/>
        <line num="138" type="stmt" count="2"/>
        <line num="140" type="stmt" count="1"/>
        <line num="146" type="method" name="update" visibility="public" complexity="4" crap="4" count="13"/>
        <line num="149" type="stmt" count="13"/>
        <line num="151" type="stmt" count="13"/>
        <line num="152" type="stmt" count="13"/>
        <line num="153" type="stmt" count="13"/>
        <line num="154" type="stmt" count="13"/>
        <line num="155" type="stmt" count="13"/>
        <line num="158" type="stmt" count="10"/>
        <line num="161" type="stmt" count="10"/>
        <line num="162" type="stmt" count="10"/>
        <line num="163" type="stmt" count="10"/>
        <line num="164" type="stmt" count="10"/>
        <line num="165" type="stmt" count="10"/>
        <line num="168" type="stmt" count="10"/>
        <line num="171" type="stmt" count="10"/>
        <line num="172" type="stmt" count="7"/>
        <line num="173" type="stmt" count="7"/>
        <line num="174" type="stmt" count="6"/>
        <line num="177" type="stmt" count="3"/>
        <line num="180" type="stmt" count="9"/>
        <line num="181" type="stmt" count="9"/>
        <line num="182" type="stmt" count="1"/>
        <line num="183" type="stmt" count="1"/>
        <line num="184" type="stmt" count="1"/>
        <line num="191" type="method" name="destroy" visibility="public" complexity="3" crap="3" count="9"/>
        <line num="195" type="stmt" count="9"/>
        <line num="196" type="stmt" count="7"/>
        <line num="198" type="stmt" count="7"/>
        <line num="199" type="stmt" count="7"/>
        <line num="201" type="stmt" count="7"/>
        <line num="203" type="stmt" count="2"/>
        <line num="204" type="stmt" count="2"/>
        <line num="208" type="stmt" count="7"/>
        <line num="209" type="stmt" count="7"/>
        <line num="212" type="stmt" count="7"/>
        <line num="214" type="stmt" count="7"/>
        <line num="215" type="stmt" count="7"/>
        <line num="216" type="stmt" count="2"/>
        <line num="217" type="stmt" count="2"/>
        <line num="218" type="stmt" count="2"/>
        <metrics loc="223" ncloc="183" classes="1" methods="8" coveredmethods="8" conditionals="0" coveredconditionals="0" statements="84" coveredstatements="84" elements="92" coveredelements="92"/>
      </file>
      <file name="C:\Users\ASUS\Desktop\SENA\Nueva carpeta\app\Http\Controllers\ServiciosViewController.php">
        <class name="App\Http\Controllers\ServiciosViewController" namespace="App\Http\Controllers">
          <metrics complexity="10" methods="5" coveredmethods="5" conditionals="0" coveredconditionals="0" statements="22" coveredstatements="22" elements="27" coveredelements="27"/>
        </class>
        <line num="11" type="method" name="__construct" visibility="public" complexity="1" crap="1" count="20"/>
        <line num="13" type="stmt" count="20"/>
        <line num="18" type="method" name="alquiler" visibility="public" complexity="2" crap="2" count="2"/>
        <line num="21" type="stmt" count="2"/>
        <line num="22" type="stmt" count="2"/>
        <line num="24" type="stmt" count="2"/>
        <line num="30" type="method" name="animacion" visibility="public" complexity="2" crap="2" count="1"/>
        <line num="33" type="stmt" count="1"/>
        <line num="34" type="stmt" count="1"/>
        <line num="36" type="stmt" count="1"/>
        <line num="42" type="method" name="publicidad" visibility="public" complexity="2" crap="2" count="1"/>
        <line num="45" type="stmt" count="1"/>
        <line num="46" type="stmt" count="1"/>
        <line num="48" type="stmt" count="1"/>
        <line num="54" type="method" name="servicioPorSlug" visibility="public" complexity="3" crap="3" count="3"/>
        <line num="57" type="stmt" count="3"/>
        <line num="58" type="stmt" count="3"/>
        <line num="59" type="stmt" count="2"/>
        <line num="60" type="stmt" count="3"/>
        <line num="62" type="stmt" count="3"/>
        <line num="63" type="stmt" count="1"/>
        <line num="66" type="stmt" count="2"/>
        <line num="67" type="stmt" count="2"/>
        <line num="70" type="stmt" count="2"/>
        <line num="71" type="stmt" count="2"/>
        <line num="72" type="stmt" count="1"/>
        <line num="75" type="stmt" count="1"/>
        <metrics loc="78" ncloc="61" classes="1" methods="5" coveredmethods="5" conditionals="0" coveredconditionals="0" statements="22" coveredstatements="22" elements="27" coveredelements="27"/>
      </file>
      <file name="C:\Users\ASUS\Desktop\SENA\Nueva carpeta\app\Http\Controllers\SubServiciosController.php">
        <class name="App\Http\Controllers\SubServiciosController" namespace="App\Http\Controllers">
          <metrics complexity="49" methods="11" coveredmethods="11" conditionals="0" coveredconditionals="0" statements="128" coveredstatements="128" elements="139" coveredelements="139"/>
        </class>
        <line num="23" type="method" name="__construct" visibility="public" complexity="1" crap="1" count="49"/>
        <line num="27" type="stmt" count="49"/>
        <line num="28" type="stmt" count="49"/>
        <line num="34" type="method" name="handleSuccessResponse" visibility="private" complexity="7" crap="7" count="19"/>
        <line num="37" type="stmt" count="19"/>
        <line num="38" type="stmt" count="14"/>
        <line num="39" type="stmt" count="12"/>
        <line num="40" type="stmt" count="12"/>
        <line num="41" type="stmt" count="12"/>
        <line num="42" type="stmt" count="19"/>
        <line num="43" type="stmt" count="7"/>
        <line num="46" type="stmt" count="12"/>
        <line num="52" type="method" name="handleValidationError" visibility="private" complexity="7" crap="7" count="7"/>
        <line num="55" type="stmt" count="7"/>
        <line num="56" type="stmt" count="5"/>
        <line num="57" type="stmt" count="5"/>
        <line num="58" type="stmt" count="5"/>
        <line num="59" type="stmt" count="5"/>
        <line num="60" type="stmt" count="7"/>
        <line num="61" type="stmt" count="2"/>
        <line num="64" type="stmt" count="5"/>
        <line num="65" type="stmt" count="5"/>
        <line num="66" type="stmt" count="5"/>
        <line num="72" type="method" name="handleExceptionError" visibility="private" complexity="7" crap="7" count="8"/>
        <line num="75" type="stmt" count="8"/>
        <line num="76" type="stmt" count="7"/>
        <line num="77" type="stmt" count="7"/>
        <line num="78" type="stmt" count="7"/>
        <line num="79" type="stmt" count="7"/>
        <line num="80" type="stmt" count="8"/>
        <line num="81" type="stmt" count="1"/>
        <line num="84" type="stmt" count="7"/>
        <line num="85" type="stmt" count="7"/>
        <line num="91" type="method" name="index" visibility="public" complexity="2" crap="2" count="4"/>
        <line num="97" type="stmt" count="4"/>
        <line num="98" type="stmt" count="4"/>
        <line num="99" type="stmt" count="4"/>
        <line num="100" type="stmt" count="4"/>
        <line num="103" type="stmt" count="3"/>
        <line num="105" type="stmt" count="3"/>
        <line num="106" type="stmt" count="1"/>
        <line num="107" type="stmt" count="1"/>
        <line num="109" type="stmt" count="1"/>
        <line num="110" type="stmt" count="1"/>
        <line num="111" type="stmt" count="1"/>
        <line num="112" type="stmt" count="1"/>
        <line num="119" type="method" name="create" visibility="public" complexity="1" crap="1" count="1"/>
        <line num="122" type="stmt" count="1"/>
        <line num="124" type="stmt" count="1"/>
        <line num="130" type="method" name="store" visibility="public" complexity="8" crap="8" count="17"/>
        <line num="133" type="stmt" count="17"/>
        <line num="134" type="stmt" count="17"/>
        <line num="135" type="stmt" count="17"/>
        <line num="136" type="stmt" count="17"/>
        <line num="137" type="stmt" count="17"/>
        <line num="138" type="stmt" count="17"/>
        <line num="139" type="stmt" count="17"/>
        <line num="140" type="stmt" count="17"/>
        <line num="141" type="stmt" count="17"/>
        <line num="142" type="stmt" count="17"/>
        <line num="143" type="stmt" count="17"/>
        <line num="146" type="stmt" count="11"/>
        <line num="147" type="stmt" count="9"/>
        <line num="150" type="stmt" count="9"/>
        <line num="151" type="stmt" count="9"/>
        <line num="152" type="stmt" count="5"/>
        <line num="153" type="stmt" count="5"/>
        <line num="154" type="stmt" count="1"/>
        <line num="156" type="stmt" count="4"/>
        <line num="157" type="stmt" count="4"/>
        <line num="159" type="stmt" count="4"/>
        <line num="160" type="stmt" count="1"/>
        <line num="163" type="stmt" count="3"/>
        <line num="167" type="stmt" count="7"/>
        <line num="168" type="stmt" count="7"/>
        <line num="169" type="stmt" count="7"/>
        <line num="170" type="stmt" count="7"/>
        <line num="171" type="stmt" count="7"/>
        <line num="172" type="stmt" count="7"/>
        <line num="173" type="stmt" count="7"/>
        <line num="175" type="stmt" count="7"/>
        <line num="176" type="stmt" count="10"/>
        <line num="177" type="stmt" count="6"/>
        <line num="178" type="stmt" count="4"/>
        <line num="179" type="stmt" count="4"/>
        <line num="186" type="method" name="show" visibility="public" complexity="1" crap="1" count="3"/>
        <line num="189" type="stmt" count="3"/>
        <line num="191" type="stmt" count="2"/>
        <line num="197" type="method" name="edit" visibility="public" complexity="1" crap="1" count="1"/>
        <line num="200" type="stmt" count="1"/>
        <line num="201" type="stmt" count="1"/>
        <line num="203" type="stmt" count="1"/>
        <line num="209" type="method" name="update" visibility="public" complexity="10" crap="10" count="11"/>
        <line num="213" type="stmt" count="11"/>
        <line num="215" type="stmt" count="11"/>
        <line num="216" type="stmt" count="11"/>
        <line num="217" type="stmt" count="11"/>
        <line num="218" type="stmt" count="11"/>
        <line num="219" type="stmt" count="11"/>
        <line num="220" type="stmt" count="11"/>
        <line num="221" type="stmt" count="11"/>
        <line num="222" type="stmt" count="11"/>
        <line num="223" type="stmt" count="11"/>
        <line num="224" type="stmt" count="11"/>
        <line num="225" type="stmt" count="11"/>
        <line num="228" type="stmt" count="10"/>
        <line num="229" type="stmt" count="7"/>
        <line num="233" type="stmt" count="9"/>
        <line num="235" type="stmt" count="3"/>
        <line num="236" type="stmt" count="2"/>
        <line num="240" type="stmt" count="3"/>
        <line num="241" type="stmt" count="3"/>
        <line num="242" type="stmt" count="1"/>
        <line num="245" type="stmt" count="2"/>
        <line num="246" type="stmt" count="2"/>
        <line num="248" type="stmt" count="2"/>
        <line num="249" type="stmt" count="1"/>
        <line num="252" type="stmt" count="1"/>
        <line num="255" type="stmt" count="6"/>
        <line num="259" type="stmt" count="7"/>
        <line num="260" type="stmt" count="7"/>
        <line num="261" type="stmt" count="7"/>
        <line num="262" type="stmt" count="7"/>
        <line num="263" type="stmt" count="7"/>
        <line num="264" type="stmt" count="7"/>
        <line num="265" type="stmt" count="7"/>
        <line num="267" type="stmt" count="7"/>
        <line num="268" type="stmt" count="4"/>
        <line num="269" type="stmt" count="1"/>
        <line num="270" type="stmt" count="3"/>
        <line num="271" type="stmt" count="3"/>
        <line num="278" type="method" name="destroy" visibility="public" complexity="4" crap="4" count="6"/>
        <line num="282" type="stmt" count="6"/>
        <line num="285" type="stmt" count="5"/>
        <line num="286" type="stmt" count="2"/>
        <line num="290" type="stmt" count="5"/>
        <line num="292" type="stmt" count="5"/>
        <line num="293" type="stmt" count="1"/>
        <line num="294" type="stmt" count="1"/>
        <metrics loc="298" ncloc="246" classes="1" methods="11" coveredmethods="11" conditionals="0" coveredconditionals="0" statements="128" coveredstatements="128" elements="139" coveredelements="139"/>
      </file>
      <file name="C:\Users\ASUS\Desktop\SENA\Nueva carpeta\app\Http\Controllers\UsuarioController.php">
[...]
        <line num="228" type="stmt" count="50"/>
        <line num="229" type="stmt" count="31"/>
        <line num="231" type="stmt" count="19"/>
        <line num="232" type="stmt" count="19"/>
        <line num="233" type="stmt" count="19"/>
        <line num="234" type="stmt" count="19"/>
        <line num="235" type="stmt" count="19"/>
        <line num="236" type="stmt" count="19"/>
        <line num="237" type="stmt" count="19"/>
        <line num="238" type="stmt" count="19"/>
        <line num="241" type="stmt" count="19"/>
        <line num="243" type="stmt" count="19"/>
        <line num="244" type="stmt" count="19"/>
        <line num="245" type="stmt" count="19"/>
        <line num="248" type="method" name="generarSugerenciasParaToken" visibility="private" complexity="3" crap="3" count="15"/>
        <line num="250" type="stmt" count="15"/>
        <line num="251" type="stmt" count="15"/>
        <line num="252" type="stmt" count="15"/>
        <line num="253" type="stmt" count="15"/>
        <line num="255" type="stmt" count="15"/>
        <line num="256" type="stmt" count="15"/>
        <line num="257" type="stmt" count="15"/>
        <line num="258" type="stmt" count="15"/>
        <line num="261" type="stmt" count="15"/>
        <line num="262" type="stmt" count="15"/>
        <line num="265" type="method" name="calcularScoreParaTermino" visibility="private" complexity="8" crap="8" count="15"/>
        <line num="267" type="stmt" count="15"/>
        <line num="268" type="stmt" count="15"/>
        <line num="270" type="stmt" count="15"/>
        <line num="271" type="stmt" count="15"/>
        <line num="273" type="stmt" count="15"/>
        <line num="274" type="stmt" count="15"/>
        <line num="275" type="stmt" count="3"/>
        <line num="278" type="stmt" count="15"/>
        <line num="280" type="stmt" count="15"/>
        <line num="281" type="stmt" count="15"/>
        <line num="282" type="stmt" count="11"/>
        <line num="285" type="stmt" count="15"/>
        <line num="286" type="stmt" count="15"/>
        <line num="289" type="stmt" count="1"/>
        <line num="292" type="method" name="verificarConceptosRelacionados" visibility="private" complexity="4" crap="4" count="15"/>
        <line num="294" type="stmt" count="15"/>
        <line num="295" type="stmt" count="15"/>
        <line num="296" type="stmt" count="15"/>
        <line num="297" type="stmt" count="15"/>
        <line num="300" type="method" name="aplicarAjustesScore" visibility="private" complexity="4" crap="4" count="15"/>
        <line num="302" type="stmt" count="15"/>
        <line num="303" type="stmt" count="13"/>
        <line num="306" type="stmt" count="15"/>
        <line num="307" type="stmt" count="15"/>
        <line num="308" type="stmt" count="13"/>
        <line num="311" type="stmt" count="15"/>
        <line num="312" type="stmt" count="15"/>
        <line num="313" type="stmt" count="1"/>
        <line num="316" type="stmt" count="15"/>
        <line num="319" type="method" name="obtenerConceptosRelacionados" visibility="private" complexity="1" crap="1" count="15"/>
        <line num="321" type="stmt" count="15"/>
        <line num="322" type="stmt" count="15"/>
        <line num="323" type="stmt" count="15"/>
        <line num="324" type="stmt" count="15"/>
        <line num="325" type="stmt" count="15"/>
        <line num="326" type="stmt" count="15"/>
        <line num="327" type="stmt" count="15"/>
        <line num="328" type="stmt" count="15"/>
        <line num="329" type="stmt" count="15"/>
        <line num="330" type="stmt" count="15"/>
        <line num="331" type="stmt" count="15"/>
        <line num="332" type="stmt" count="15"/>
        <line num="333" type="stmt" count="15"/>
        <line num="334" type="stmt" count="15"/>
        <line num="335" type="stmt" count="15"/>
        <line num="336" type="stmt" count="15"/>
        <line num="337" type="stmt" count="15"/>
        <line num="338" type="stmt" count="15"/>
        <line num="339" type="stmt" count="15"/>
        <line num="340" type="stmt" count="15"/>
        <line num="343" type="method" name="encontrarSubcadenaComunMasLarga" visibility="private" complexity="7" crap="7" count="15"/>
        <line num="345" type="stmt" count="15"/>
        <line num="346" type="stmt" count="15"/>
        <line num="347" type="stmt" count="15"/>
        <line num="348" type="stmt" count="15"/>
        <line num="350" type="stmt" count="15"/>
        <line num="351" type="stmt" count="15"/>
        <line num="352" type="stmt" count="15"/>
        <line num="353" type="stmt" count="15"/>
        <line num="354" type="stmt" count="15"/>
        <line num="355" type="stmt" count="15"/>
        <line num="357" type="stmt" count="15"/>
        <line num="358" type="stmt" count="15"/>
        <line num="359" type="stmt" count="15"/>
        <line num="364" type="stmt" count="15"/>
        <line num="367" type="method" name="buscarSubServiciosPorTokens" visibility="private" complexity="3" crap="3" count="68"/>
        <line num="369" type="stmt" count="68"/>
        <line num="370" type="stmt" count="1"/>
        <line num="373" type="stmt" count="67"/>
        <line num="374" type="stmt" count="64"/>
        <line num="375" type="stmt" count="67"/>
        <line num="376" type="stmt" count="67"/>
        <line num="377" type="stmt" count="67"/>
        <line num="379" type="stmt" count="67"/>
        <line num="380" type="stmt" count="3"/>
        <line num="384" type="stmt" count="64"/>
        <line num="385" type="stmt" count="64"/>
        <line num="386" type="stmt" count="64"/>
        <line num="389" type="stmt" count="64"/>
        <metrics loc="392" ncloc="388" classes="1" methods="20" coveredmethods="20" conditionals="0" coveredconditionals="0" statements="204" coveredstatements="204" elements="224" coveredelements="224"/>
      </file>
      <file name="C:\Users\ASUS\Desktop\SENA\Nueva carpeta\app\Services\ChatbotTextProcessor.php">
        <class name="App\Services\ChatbotTextProcessor" namespace="App\Services">
          <metrics complexity="50" methods="14" coveredmethods="14" conditionals="0" coveredconditionals="0" statements="151" coveredstatements="151" elements="165" coveredelements="165"/>
        </class>
        <line num="11" type="method" name="__construct" visibility="public" complexity="1" crap="1" count="367"/>
        <line num="13" type="stmt" count="367"/>
        <line num="31" type="method" name="normalizarTexto" visibility="public" complexity="1" crap="1" count="303"/>
        <line num="33" type="stmt" count="303"/>
        <line num="34" type="stmt" count="303"/>
        <line num="35" type="stmt" count="303"/>
        <line num="36" type="stmt" count="303"/>
        <line num="38" type="stmt" count="303"/>
        <line num="41" type="method" name="corregirOrtografia" visibility="public" complexity="7" crap="7" count="90"/>
        <line num="43" type="stmt" count="90"/>
        <line num="44" type="stmt" count="90"/>
        <line num="45" type="stmt" count="90"/>
        <line num="46" type="stmt" count="90"/>
        <line num="47" type="stmt" count="90"/>
        <line num="48" type="stmt" count="90"/>
        <line num="49" type="stmt" count="90"/>
        <line num="50" type="stmt" count="90"/>
        <line num="51" type="stmt" count="90"/>
        <line num="52" type="stmt" count="90"/>
        <line num="53" type="stmt" count="90"/>
        <line num="54" type="stmt" count="90"/>
        <line num="55" type="stmt" count="90"/>
        <line num="56" type="stmt" count="90"/>
        <line num="57" type="stmt" count="90"/>
        <line num="58" type="stmt" count="90"/>
        <line num="59" type="stmt" count="90"/>
        <line num="60" type="stmt" count="90"/>
        <line num="61" type="stmt" count="90"/>
        <line num="62" type="stmt" count="90"/>
        <line num="63" type="stmt" count="90"/>
        <line num="64" type="stmt" count="90"/>
        <line num="65" type="stmt" count="90"/>
        <line num="66" type="stmt" count="90"/>
        <line num="67" type="stmt" count="90"/>
        <line num="68" type="stmt" count="90"/>
        <line num="69" type="stmt" count="90"/>
        <line num="70" type="stmt" count="90"/>
        <line num="71" type="stmt" count="90"/>
        <line num="72" type="stmt" count="90"/>
        <line num="73" type="stmt" count="90"/>
        <line num="74" type="stmt" count="90"/>
        <line num="75" type="stmt" count="90"/>
        <line num="76" type="stmt" count="90"/>
        <line num="78" type="stmt" count="90"/>
        <line num="79" type="stmt" count="90"/>
        <line num="80" type="stmt" count="90"/>
        <line num="81" type="stmt" count="90"/>
        <line num="84" type="stmt" count="90"/>
        <line num="85" type="stmt" count="90"/>
        <line num="86" type="stmt" count="90"/>
        <line num="87" type="stmt" count="90"/>
        <line num="88" type="stmt" count="90"/>
        <line num="89" type="stmt" count="90"/>
        <line num="90" type="stmt" count="90"/>
        <line num="91" type="stmt" count="32"/>
        <line num="93" type="stmt" count="32"/>
        <line num="95" type="stmt" count="86"/>
        <line num="96" type="stmt" count="86"/>
        <line num="98" type="stmt" count="90"/>
        <line num="99" type="stmt" count="90"/>
        <line num="100" type="stmt" count="90"/>
        <line num="103" type="stmt" count="90"/>
        <line num="106" type="method" name="extraerTokens" visibility="public" complexity="3" crap="3" count="18"/>
        <line num="108" type="stmt" count="18"/>
        <line num="109" type="stmt" count="18"/>
        <line num="110" type="stmt" count="18"/>
        <line num="111" type="stmt" count="2"/>
        <line num="113" type="stmt" count="16"/>
        <line num="114" type="stmt" count="4"/>
        <line num="117" type="stmt" count="16"/>
        <line num="118" type="stmt" count="18"/>
        <line num="121" type="method" name="esContinuacion" visibility="public" complexity="4" crap="4" count="43"/>
        <line num="123" type="stmt" count="43"/>
        <line num="124" type="stmt" count="10"/>
        <line num="126" type="stmt" count="33"/>
        <line num="127" type="stmt" count="33"/>
        <line num="128" type="stmt" count="33"/>
        <line num="129" type="stmt" count="33"/>
        <line num="130" type="stmt" count="33"/>
        <line num="131" type="stmt" count="33"/>
        <line num="132" type="stmt" count="33"/>
        <line num="133" type="stmt" count="16"/>
        <line num="137" type="stmt" count="17"/>
        <line num="140" type="method" name="verificarSiEsAgregado" visibility="public" complexity="3" crap="3" count="24"/>
        <line num="142" type="stmt" count="24"/>
        <line num="143" type="stmt" count="24"/>
        <line num="144" type="stmt" count="24"/>
        <line num="145" type="stmt" count="12"/>
        <line num="149" type="stmt" count="12"/>
        <line num="152" type="method" name="verificarSoloDias" visibility="public" complexity="2" crap="2" count="20"/>
        <line num="154" type="stmt" count="20"/>
        <line num="155" type="stmt" count="20"/>
        <line num="157" type="stmt" count="20"/>
        <line num="160" type="method" name="extraerDiasDesdePalabras" visibility="public" complexity="3" crap="3" count="36"/>
        <line num="162" type="stmt" count="36"/>
        <line num="163" type="stmt" count="36"/>
        <line num="164" type="stmt" count="36"/>
        <line num="165" type="stmt" count="36"/>
        <line num="166" type="stmt" count="36"/>
        <line num="167" type="stmt" count="36"/>
        <line num="168" type="stmt" count="36"/>
        <line num="169" type="stmt" count="36"/>
        <line num="170" type="stmt" count="36"/>
        <line num="171" type="stmt" count="36"/>
        <line num="172" type="stmt" count="36"/>
        <line num="173" type="stmt" count="36"/>
        <line num="174" type="stmt" count="36"/>
        <line num="175" type="stmt" count="36"/>
        <line num="176" type="stmt" count="36"/>
        <line num="177" type="stmt" count="14"/>
        <line num="181" type="stmt" count="22"/>
        <line num="184" type="method" name="obtenerVocabularioCorreccion" visibility="private" complexity="10" crap="10" count="92"/>
        <line num="186" type="stmt" count="92"/>
        <line num="187" type="stmt" count="92"/>
        <line num="188" type="stmt" count="92"/>
        <line num="189" type="stmt" count="92"/>
        <line num="190" type="stmt" count="92"/>
        <line num="191" type="stmt" count="92"/>
        <line num="192" type="stmt" count="92"/>
        <line num="193" type="stmt" count="92"/>
        <line num="198" type="stmt" count="92"/>
        <line num="199" type="stmt" count="91"/>
        <line num="201" type="stmt" count="32"/>
        <line num="202" type="stmt" count="32"/>
        <line num="203" type="stmt" count="32"/>
        <line num="204" type="stmt" count="32"/>
        <line num="205" type="stmt" count="1"/>
        <line num="207" type="stmt" count="32"/>
        <line num="208" type="stmt" count="32"/>
        <line num="209" type="stmt" count="31"/>
        <line num="213" type="stmt" count="1"/>
        <line num="217" type="stmt" count="92"/>
        <line num="220" type="method" name="buscarCorreccionCercana" visibility="private" complexity="5" crap="5" count="86"/>
        <line num="222" type="stmt" count="86"/>
        <line num="223" type="stmt" count="86"/>
        <line num="224" type="stmt" count="86"/>
        <line num="225" type="stmt" count="86"/>
        <line num="226" type="stmt" count="86"/>
        <line num="227" type="stmt" count="86"/>
        <line num="228" type="stmt" count="86"/>
        <line num="229" type="stmt" count="73"/>
        <line num="231" type="stmt" count="78"/>
        <line num="232" type="stmt" count="78"/>
        <line num="233" type="stmt" count="78"/>
        <line num="234" type="stmt" count="78"/>
        <line num="235" type="stmt" count="78"/>
        <line num="236" type="stmt" count="78"/>
        <line num="237" type="stmt" count="66"/>
        <line num="242" type="stmt" count="86"/>
        <line num="245" type="method" name="esTerminoValidoParaCorreccion" visibility="private" complexity="2" crap="2" count="86"/>
        <line num="247" type="stmt" count="86"/>
        <line num="248" type="stmt" count="86"/>
        <line num="249" type="stmt" count="72"/>
        <line num="252" type="stmt" count="85"/>
        <line num="255" type="method" name="calcularSimilitud" visibility="private" complexity="2" crap="2" count="78"/>
        <line num="257" type="stmt" count="78"/>
        <line num="258" type="stmt" count="78"/>
        <line num="259" type="stmt" count="78"/>
        <line num="261" type="stmt" count="78"/>
        <line num="264" type="method" name="esMejorCorreccion" visibility="private" complexity="3" crap="3" count="78"/>
        <line num="266" type="stmt" count="78"/>
        <line num="269" type="method" name="validarCorreccion" visibility="private" complexity="4" crap="4" count="86"/>
        <line num="271" type="stmt" count="86"/>
        <line num="272" type="stmt" count="68"/>
        <line num="275" type="stmt" count="52"/>
        <metrics loc="278" ncloc="275" classes="1" methods="14" coveredmethods="14" conditionals="0" coveredconditionals="0" statements="151" coveredstatements="151" elements="165" coveredelements="165"/>
      </file>
      <file name="C:\Users\ASUS\Desktop\SENA\Nueva carpeta\app\Services\RagService.php">
        <class name="App\Services\RagService" namespace="App\Services">
          <metrics complexity="5" methods="2" coveredmethods="2" conditionals="0" coveredconditionals="0" statements="12" coveredstatements="12" elements="14" coveredelements="14"/>
        </class>
        <line num="11" type="method" name="__construct" visibility="public" complexity="1" crap="1" count="5"/>
        <line num="13" type="stmt" count="5"/>
        <line num="20" type="method" name="recuperarContexto" visibility="public" complexity="4" crap="4" count="5"/>
        <line num="23" type="stmt" count="5"/>
        <line num="26" type="stmt" count="5"/>
        <line num="27" type="stmt" count="4"/>
        <line num="28" type="stmt" count="4"/>
        <line num="29" type="stmt" count="5"/>
        <line num="31" type="stmt" count="5"/>
        <line num="32" type="stmt" count="1"/>
        <line num="36" type="stmt" count="4"/>
        <line num="37" type="stmt" count="4"/>
        <line num="38" type="stmt" count="4"/>
        <line num="41" type="stmt" count="4"/>
        <metrics loc="44" ncloc="37" classes="1" methods="2" coveredmethods="2" conditionals="0" coveredconditionals="0" statements="12" coveredstatements="12" elements="14" coveredelements="14"/>
      </file>
      <file name="C:\Users\ASUS\Desktop\SENA\Nueva carpeta\app\Services\ReservaService.php">
        <class name="App\Services\ReservaService" namespace="App\Services">
          <metrics complexity="8" methods="3" coveredmethods="3" conditionals="0" coveredconditionals="0" statements="38" coveredstatements="38" elements="41" coveredelements="41"/>
        </class>
        <line num="18" type="method" name="__construct" visibility="public" complexity="1" crap="1" count="60"/>
        <line num="23" type="stmt" count="60"/>
        <line num="24" type="stmt" count="60"/>
        <line num="25" type="stmt" count="60"/>
        <line num="31" type="method" name="actualizarReservaVinculada" visibility="public" complexity="3" crap="3" count="5"/>
        <line num="34" type="stmt" count="5"/>
        <line num="35" type="stmt" count="5"/>
        <line num="36" type="stmt" count="4"/>
        <line num="40" type="stmt" count="1"/>
        <line num="41" type="stmt" count="1"/>
        <line num="42" type="stmt" count="1"/>
        <line num="43" type="stmt" count="1"/>
        <line num="44" type="stmt" count="1"/>
        <line num="45" type="stmt" count="1"/>
        <line num="46" type="stmt" count="1"/>
        <line num="47" type="stmt" count="1"/>
        <line num="48" type="stmt" count="1"/>
        <line num="49" type="stmt" count="1"/>
        <line num="52" type="stmt" count="1"/>
        <line num="55" type="stmt" count="1"/>
        <line num="56" type="stmt" count="1"/>
        <line num="57" type="stmt" count="1"/>
        <line num="58" type="stmt" count="1"/>
        <line num="59" type="stmt" count="1"/>
        <line num="60" type="stmt" count="1"/>
        <line num="67" type="method" name="actualizarReservaFormatoAntiguo" visibility="public" complexity="4" crap="4" count="8"/>
        <line num="70" type="stmt" count="8"/>
        <line num="71" type="stmt" count="8"/>
        <line num="72" type="stmt" count="4"/>
        <line num="76" type="stmt" count="4"/>
        <line num="77" type="stmt" count="2"/>
        <line num="81" type="stmt" count="4"/>
        <line num="82" type="stmt" count="4"/>
        <line num="83" type="stmt" count="4"/>
        <line num="84" type="stmt" count="4"/>
        <line num="85" type="stmt" count="4"/>
        <line num="86" type="stmt" count="4"/>
        <line num="87" type="stmt" count="4"/>
        <line num="88" type="stmt" count="4"/>
        <line num="89" type="stmt" count="4"/>
        <line num="90" type="stmt" count="4"/>
        <metrics loc="93" ncloc="80" classes="1" methods="3" coveredmethods="3" conditionals="0" coveredconditionals="0" statements="38" coveredstatements="38" elements="41" coveredelements="41"/>
      </file>
    </package>
    <metrics files="70" loc="7360" ncloc="6343" classes="54" methods="324" coveredmethods="324" conditionals="0" coveredconditionals="0" statements="2765" coveredstatements="2765" elements="3089" coveredelements="3089"/>
  </project>
</coverage>
