<?xml version="1.0" encoding="UTF-8"?>
<coverage generated="1764665787">
  <project timestamp="1764665787" name="Clover Coverage">
    <package name="App\Exceptions">
      <file name="C:\Users\ASUS\Desktop\SENA\Nueva carpeta\app\Exceptions\InventarioNotFoundException.php">
        <class name="App\Exceptions\InventarioNotFoundException" namespace="App\Exceptions">
          <metrics complexity="1" methods="0" coveredmethods="0" conditionals="0" coveredconditionals="0" statements="0" coveredstatements="0" elements="0" coveredelements="0"/>
        </class>
        <metrics loc="17" ncloc="14" classes="0" methods="0" coveredmethods="0" conditionals="0" coveredconditionals="0" statements="0" coveredstatements="0" elements="0" coveredelements="0"/>
      </file>
      <file name="C:\Users\ASUS\Desktop\SENA\Nueva carpeta\app\Exceptions\ServiceCreationException.php">
        <class name="App\Exceptions\ServiceCreationException" namespace="App\Exceptions">
          <metrics complexity="0" methods="0" coveredmethods="0" conditionals="0" coveredconditionals="0" statements="0" coveredstatements="0" elements="0" coveredelements="0"/>
        </class>
        <metrics loc="11" ncloc="8" classes="0" methods="0" coveredmethods="0" conditionals="0" coveredconditionals="0" statements="0" coveredstatements="0" elements="0" coveredelements="0"/>
      </file>
      <file name="C:\Users\ASUS\Desktop\SENA\Nueva carpeta\app\Exceptions\StockInsuficienteException.php">
        <class name="App\Exceptions\StockInsuficienteException" namespace="App\Exceptions">
          <metrics complexity="1" methods="0" coveredmethods="0" conditionals="0" coveredconditionals="0" statements="0" coveredstatements="0" elements="0" coveredelements="0"/>
        </class>
        <metrics loc="18" ncloc="15" classes="0" methods="0" coveredmethods="0" conditionals="0" coveredconditionals="0" statements="0" coveredstatements="0" elements="0" coveredelements="0"/>
      </file>
    </package>
    <package name="App\Http\Controllers">
      <file name="C:\Users\ASUS\Desktop\SENA\Nueva carpeta\app\Http\Controllers\AjustesController.php">
        <class name="App\Http\Controllers\AjustesController" namespace="App\Http\Controllers">
          <metrics complexity="10" methods="5" coveredmethods="5" conditionals="0" coveredconditionals="0" statements="59" coveredstatements="59" elements="64" coveredelements="64"/>
        </class>
        <line num="13" type="method" name="index" visibility="public" complexity="3" crap="3" count="24"/>
        <line num="15" type="stmt" count="24"/>
        <line num="16" type="stmt" count="24"/>
        <line num="18" type="stmt" count="24"/>
        <line num="19" type="stmt" count="24"/>
        <line num="22" type="stmt" count="24"/>
        <line num="23" type="stmt" count="24"/>
        <line num="26" type="stmt" count="24"/>
        <line num="27" type="stmt" count="24"/>
        <line num="28" type="stmt" count="7"/>
        <line num="31" type="stmt" count="24"/>
        <line num="32" type="stmt" count="24"/>
        <line num="33" type="stmt" count="24"/>
        <line num="34" type="stmt" count="24"/>
        <line num="35" type="stmt" count="24"/>
        <line num="36" type="stmt" count="24"/>
        <line num="37" type="stmt" count="24"/>
        <line num="38" type="stmt" count="24"/>
        <line num="41" type="method" name="exportHistorialPdf" visibility="public" complexity="2" crap="2" count="8"/>
        <line num="43" type="stmt" count="8"/>
        <line num="45" type="stmt" count="8"/>
        <line num="46" type="stmt" count="8"/>
        <line num="48" type="stmt" count="8"/>
        <line num="49" type="stmt" count="8"/>
        <line num="50" type="stmt" count="8"/>
        <line num="51" type="stmt" count="8"/>
        <line num="52" type="stmt" count="8"/>
        <line num="53" type="stmt" count="8"/>
        <line num="55" type="stmt" count="8"/>
        <line num="58" type="method" name="getSubservicios" visibility="public" complexity="1" crap="1" count="4"/>
        <line num="60" type="stmt" count="4"/>
        <line num="62" type="stmt" count="4"/>
        <line num="70" type="method" name="getCotizaciones" visibility="private" complexity="1" crap="1" count="38"/>
        <line num="72" type="stmt" count="38"/>
        <line num="73" type="stmt" count="38"/>
        <line num="74" type="stmt" count="38"/>
        <line num="84" type="method" name="groupCotizaciones" visibility="private" complexity="3" crap="3" count="37"/>
        <line num="86" type="stmt" count="37"/>
        <line num="87" type="stmt" count="9"/>
        <line num="88" type="stmt" count="4"/>
        <line num="89" type="stmt" count="9"/>
        <line num="90" type="stmt" count="4"/>
        <line num="91" type="stmt" count="4"/>
        <line num="92" type="stmt" count="4"/>
        <line num="93" type="stmt" count="4"/>
        <line num="94" type="stmt" count="4"/>
        <line num="95" type="stmt" count="9"/>
        <line num="98" type="stmt" count="28"/>
        <line num="99" type="stmt" count="9"/>
        <line num="100" type="stmt" count="6"/>
        <line num="102" type="stmt" count="6"/>
        <line num="103" type="stmt" count="9"/>
        <line num="104" type="stmt" count="6"/>
        <line num="106" type="stmt" count="6"/>
        <line num="107" type="stmt" count="6"/>
        <line num="108" type="stmt" count="6"/>
        <line num="109" type="stmt" count="6"/>
        <line num="110" type="stmt" count="6"/>
        <line num="111" type="stmt" count="6"/>
        <line num="112" type="stmt" count="6"/>
        <line num="113" type="stmt" count="9"/>
        <line num="114" type="stmt" count="6"/>
        <line num="115" type="stmt" count="9"/>
        <line num="118" type="stmt" count="19"/>
        <metrics loc="121" ncloc="105" classes="1" methods="5" coveredmethods="5" conditionals="0" coveredconditionals="0" statements="59" coveredstatements="59" elements="64" coveredelements="64"/>
      </file>
      <file name="C:\Users\ASUS\Desktop\SENA\Nueva carpeta\app\Http\Controllers\BusquedaController.php">
        <class name="App\Http\Controllers\BusquedaController" namespace="App\Http\Controllers">
          <metrics complexity="7" methods="2" coveredmethods="2" conditionals="0" coveredconditionals="0" statements="40" coveredstatements="40" elements="42" coveredelements="42"/>
        </class>
        <line num="14" type="method" name="buscar" visibility="public" complexity="4" crap="4" count="7"/>
        <line num="16" type="stmt" count="7"/>
        <line num="19" type="stmt" count="7"/>
        <line num="20" type="stmt" count="1"/>
        <line num="21" type="stmt" count="1"/>
        <line num="22" type="stmt" count="1"/>
        <line num="23" type="stmt" count="1"/>
        <line num="27" type="stmt" count="6"/>
        <line num="28" type="stmt" count="6"/>
        <line num="31" type="stmt" count="6"/>
        <line num="32" type="stmt" count="6"/>
        <line num="33" type="stmt" count="6"/>
        <line num="34" type="stmt" count="6"/>
        <line num="35" type="stmt" count="6"/>
        <line num="37" type="stmt" count="6"/>
        <line num="38" type="stmt" count="6"/>
        <line num="41" type="stmt" count="6"/>
        <line num="42" type="stmt" count="6"/>
        <line num="43" type="stmt" count="6"/>
        <line num="44" type="stmt" count="6"/>
        <line num="45" type="stmt" count="6"/>
        <line num="50" type="stmt" count="6"/>
        <line num="51" type="stmt" count="6"/>
        <line num="52" type="stmt" count="6"/>
        <line num="53" type="stmt" count="6"/>
        <line num="54" type="stmt" count="6"/>
        <line num="56" type="stmt" count="6"/>
        <line num="57" type="stmt" count="6"/>
        <line num="58" type="stmt" count="6"/>
        <line num="59" type="stmt" count="6"/>
        <line num="65" type="method" name="normalizarTexto" visibility="public" complexity="3" crap="3" count="14"/>
        <line num="68" type="stmt" count="14"/>
        <line num="71" type="stmt" count="14"/>
        <line num="72" type="stmt" count="14"/>
        <line num="73" type="stmt" count="14"/>
        <line num="74" type="stmt" count="14"/>
        <line num="75" type="stmt" count="14"/>
        <line num="76" type="stmt" count="14"/>
        <line num="78" type="stmt" count="14"/>
        <line num="79" type="stmt" count="14"/>
        <line num="80" type="stmt" count="7"/>
        <line num="84" type="stmt" count="14"/>
        <metrics loc="87" ncloc="73" classes="1" methods="2" coveredmethods="2" conditionals="0" coveredconditionals="0" statements="40" coveredstatements="40" elements="42" coveredelements="42"/>
      </file>
      <file name="C:\Users\ASUS\Desktop\SENA\Nueva carpeta\app\Http\Controllers\CalendarioController.php">
        <class name="App\Http\Controllers\CalendarioController" namespace="App\Http\Controllers">
          <metrics complexity="44" methods="16" coveredmethods="16" conditionals="0" coveredconditionals="0" statements="201" coveredstatements="201" elements="217" coveredelements="217"/>
        </class>
        <line num="33" type="method" name="__construct" visibility="public" complexity="1" crap="1" count="53"/>
        <line num="40" type="stmt" count="53"/>
        <line num="41" type="stmt" count="53"/>
        <line num="42" type="stmt" count="53"/>
        <line num="43" type="stmt" count="53"/>
        <line num="44" type="stmt" count="53"/>
        <line num="47" type="method" name="isAdminLike" visibility="private" complexity="5" crap="5" count="40"/>
        <line num="49" type="stmt" count="40"/>
        <line num="50" type="stmt" count="40"/>
        <line num="51" type="stmt" count="1"/>
        <line num="53" type="stmt" count="40"/>
        <line num="54" type="stmt" count="40"/>
        <line num="55" type="stmt" count="40"/>
        <line num="57" type="stmt" count="40"/>
        <line num="60" type="method" name="ensureAdminLike" visibility="private" complexity="2" crap="2" count="40"/>
        <line num="62" type="stmt" count="40"/>
        <line num="63" type="stmt" count="1"/>
        <line num="68" type="method" name="inicio" visibility="public" complexity="3" crap="3" count="3"/>
        <line num="70" type="stmt" count="3"/>
        <line num="71" type="stmt" count="3"/>
        <line num="73" type="stmt" count="3"/>
        <line num="75" type="stmt" count="3"/>
        <line num="76" type="stmt" count="3"/>
        <line num="78" type="stmt" count="3"/>
        <line num="79" type="stmt" count="2"/>
        <line num="80" type="stmt" count="2"/>
        <line num="81" type="stmt" count="2"/>
        <line num="82" type="stmt" count="2"/>
        <line num="86" type="stmt" count="3"/>
        <line num="87" type="stmt" count="3"/>
        <line num="88" type="stmt" count="3"/>
        <line num="89" type="stmt" count="3"/>
        <line num="91" type="stmt" count="3"/>
        <line num="92" type="stmt" count="3"/>
        <line num="93" type="stmt" count="3"/>
        <line num="94" type="stmt" count="3"/>
        <line num="95" type="stmt" count="3"/>
        <line num="96" type="stmt" count="3"/>
        <line num="97" type="stmt" count="3"/>
        <line num="98" type="stmt" count="3"/>
        <line num="102" type="method" name="getEventos" visibility="public" complexity="2" crap="2" count="2"/>
        <line num="104" type="stmt" count="2"/>
        <line num="105" type="stmt" count="2"/>
        <line num="107" type="stmt" count="2"/>
        <line num="109" type="stmt" count="2"/>
        <line num="111" type="stmt" count="2"/>
        <line num="112" type="stmt" count="2"/>
        <line num="115" type="stmt" count="2"/>
        <line num="119" type="method" name="getRegistros" visibility="public" complexity="2" crap="2" count="1"/>
        <line num="121" type="stmt" count="1"/>
        <line num="122" type="stmt" count="1"/>
        <line num="123" type="stmt" count="1"/>
        <line num="124" type="stmt" count="1"/>
        <line num="126" type="stmt" count="1"/>
        <line num="127" type="stmt" count="1"/>
        <line num="129" type="stmt" count="1"/>
        <line num="130" type="stmt" count="1"/>
        <line num="131" type="stmt" count="1"/>
        <line num="134" type="stmt" count="1"/>
        <line num="135" type="stmt" count="1"/>
        <line num="136" type="stmt" count="1"/>
        <line num="137" type="stmt" count="1"/>
        <line num="141" type="method" name="guardar" visibility="public" complexity="4" crap="4" count="12"/>
        <line num="143" type="stmt" count="12"/>
        <line num="145" type="stmt" count="12"/>
        <line num="148" type="stmt" count="12"/>
        <line num="150" type="stmt" count="12"/>
        <line num="151" type="stmt" count="7"/>
        <line num="153" type="stmt" count="5"/>
        <line num="156" type="stmt" count="5"/>
        <line num="158" type="stmt" count="5"/>
        <line num="159" type="stmt" count="5"/>
        <line num="160" type="stmt" count="5"/>
        <line num="161" type="stmt" count="5"/>
        <line num="162" type="stmt" count="5"/>
        <line num="163" type="stmt" count="7"/>
        <line num="164" type="stmt" count="6"/>
        <line num="165" type="stmt" count="6"/>
        <line num="166" type="stmt" count="1"/>
        <line num="167" type="stmt" count="1"/>
        <line num="169" type="stmt" count="1"/>
        <line num="170" type="stmt" count="1"/>
        <line num="171" type="stmt" count="1"/>
        <line num="178" type="method" name="normalizarItems" visibility="private" complexity="2" crap="2" count="22"/>
        <line num="180" type="stmt" count="22"/>
        <line num="186" type="method" name="guardarConItems" visibility="private" complexity="1" crap="1" count="7"/>
        <line num="188" type="stmt" count="7"/>
        <line num="190" type="stmt" count="4"/>
        <line num="192" type="stmt" count="3"/>
        <line num="194" type="stmt" count="3"/>
        <line num="195" type="stmt" count="3"/>
        <line num="196" type="stmt" count="3"/>
        <line num="197" type="stmt" count="3"/>
        <line num="198" type="stmt" count="3"/>
        <line num="199" type="stmt" count="3"/>
        <line num="200" type="stmt" count="3"/>
        <line num="201" type="stmt" count="3"/>
        <line num="202" type="stmt" count="3"/>
        <line num="203" type="stmt" count="3"/>
        <line num="205" type="stmt" count="3"/>
        <line num="207" type="stmt" count="3"/>
        <line num="213" type="method" name="guardarFormatoAntiguo" visibility="private" complexity="1" crap="1" count="5"/>
        <line num="215" type="stmt" count="5"/>
        <line num="217" type="stmt" count="2"/>
        <line num="218" type="stmt" count="2"/>
        <line num="219" type="stmt" count="2"/>
        <line num="220" type="stmt" count="2"/>
        <line num="221" type="stmt" count="2"/>
        <line num="222" type="stmt" count="2"/>
        <line num="223" type="stmt" count="2"/>
        <line num="224" type="stmt" count="2"/>
        <line num="225" type="stmt" count="2"/>
        <line num="229" type="method" name="actualizar" visibility="public" complexity="5" crap="5" count="20"/>
        <line num="231" type="stmt" count="20"/>
        <line num="233" type="stmt" count="20"/>
        <line num="236" type="stmt" count="20"/>
        <line num="237" type="stmt" count="19"/>
        <line num="239" type="stmt" count="19"/>
        <line num="240" type="stmt" count="10"/>
        <line num="242" type="stmt" count="9"/>
        <line num="245" type="stmt" count="6"/>
        <line num="247" type="stmt" count="6"/>
        <line num="248" type="stmt" count="14"/>
        <line num="249" type="stmt" count="13"/>
        <line num="251" type="stmt" count="13"/>
        <line num="252" type="stmt" count="1"/>
        <line num="253" type="stmt" count="1"/>
        <line num="255" type="stmt" count="1"/>
        <line num="262" type="method" name="actualizarConItems" visibility="private" complexity="1" crap="1" count="10"/>
        <line num="264" type="stmt" count="10"/>
        <line num="266" type="stmt" count="10"/>
        <line num="267" type="stmt" count="10"/>
        <line num="268" type="stmt" count="10"/>
        <line num="269" type="stmt" count="10"/>
        <line num="271" type="stmt" count="3"/>
        <line num="272" type="stmt" count="3"/>
        <line num="273" type="stmt" count="3"/>
        <line num="275" type="stmt" count="3"/>
        <line num="276" type="stmt" count="3"/>
        <line num="277" type="stmt" count="3"/>
        <line num="278" type="stmt" count="3"/>
        <line num="279" type="stmt" count="3"/>
        <line num="280" type="stmt" count="3"/>
        <line num="281" type="stmt" count="3"/>
        <line num="283" type="stmt" count="3"/>
        <line num="284" type="stmt" count="3"/>
        <line num="285" type="stmt" count="3"/>
        <line num="291" type="method" name="actualizarFormatoAntiguo" visibility="private" complexity="2" crap="2" count="9"/>
        <line num="293" type="stmt" count="9"/>
        <line num="294" type="stmt" count="9"/>
        <line num="295" type="stmt" count="9"/>
        <line num="296" type="stmt" count="9"/>
        <line num="298" type="stmt" count="3"/>
        <line num="299" type="stmt" count="3"/>
        <line num="300" type="stmt" count="3"/>
        <line num="301" type="stmt" count="3"/>
        <line num="302" type="stmt" count="3"/>
        <line num="303" type="stmt" count="3"/>
        <line num="305" type="stmt" count="3"/>
        <line num="306" type="stmt" count="2"/>
        <line num="309" type="stmt" count="3"/>
        <line num="310" type="stmt" count="3"/>
        <line num="316" type="method" name="obtenerItemsActuales" visibility="private" complexity="3" crap="3" count="6"/>
        <line num="318" type="stmt" count="6"/>
        <line num="319" type="stmt" count="6"/>
        <line num="320" type="stmt" count="6"/>
        <line num="321" type="stmt" count="1"/>
        <line num="323" type="stmt" count="6"/>
        <line num="324" type="stmt" count="6"/>
        <line num="327" type="stmt" count="6"/>
        <line num="333" type="method" name="devolverStockActual" visibility="private" complexity="3" crap="3" count="7"/>
        <line num="335" type="stmt" count="7"/>
        <line num="336" type="stmt" count="7"/>
        <line num="337" type="stmt" count="4"/>
        <line num="340" type="stmt" count="3"/>
        <line num="342" type="stmt" count="3"/>
        <line num="343" type="stmt" count="3"/>
        <line num="344" type="stmt" count="3"/>
        <line num="345" type="stmt" count="3"/>
        <line num="346" type="stmt" count="3"/>
        <line num="347" type="stmt" count="3"/>
        <line num="348" type="stmt" count="3"/>
        <line num="353" type="method" name="eliminar" visibility="public" complexity="7" crap="7" count="7"/>
        <line num="355" type="stmt" count="7"/>
        <line num="357" type="stmt" count="7"/>
        <line num="359" type="stmt" count="7"/>
        <line num="360" type="stmt" count="7"/>
        <line num="361" type="stmt" count="3"/>
        <line num="363" type="stmt" count="3"/>
        <line num="364" type="stmt" count="3"/>
        <line num="366" type="stmt" count="3"/>
        <line num="367" type="stmt" count="3"/>
        <line num="368" type="stmt" count="3"/>
        <line num="369" type="stmt" count="3"/>
        <line num="370" type="stmt" count="3"/>
        <line num="371" type="stmt" count="3"/>
        <line num="372" type="stmt" count="3"/>
        <line num="376" type="stmt" count="7"/>
        <line num="378" type="stmt" count="7"/>
        <line num="379" type="stmt" count="1"/>
        <line num="380" type="stmt" count="1"/>
        <line num="381" type="stmt" count="1"/>
        <line num="382" type="stmt" count="1"/>
        <line num="383" type="stmt" count="1"/>
        <line num="384" type="stmt" count="1"/>
        <line num="385" type="stmt" count="1"/>
        <line num="387" type="stmt" count="1"/>
        <line num="388" type="stmt" count="1"/>
        <line num="389" type="stmt" count="1"/>
        <line num="390" type="stmt" count="1"/>
        <line num="391" type="stmt" count="1"/>
        <line num="392" type="stmt" count="1"/>
        <line num="395" type="stmt" count="7"/>
        <line num="396" type="stmt" count="7"/>
        <line num="398" type="stmt" count="7"/>
        <line num="399" type="stmt" count="5"/>
        <line num="402" type="stmt" count="2"/>
        <metrics loc="405" ncloc="378" classes="1" methods="16" coveredmethods="16" conditionals="0" coveredconditionals="0" statements="201" coveredstatements="201" elements="217" coveredelements="217"/>
      </file>
      <file name="C:\Users\ASUS\Desktop\SENA\Nueva carpeta\app\Http\Controllers\ChatbotController.php">
        <class name="App\Http\Controllers\ChatbotController" namespace="App\Http\Controllers">
          <metrics complexity="44" methods="13" coveredmethods="13" conditionals="0" coveredconditionals="0" statements="138" coveredstatements="138" elements="151" coveredelements="151"/>
        </class>
        <line num="31" type="method" name="__construct" visibility="public" complexity="1" crap="1" count="49"/>
        <line num="40" type="stmt" count="49"/>
        <line num="41" type="stmt" count="49"/>
        <line num="42" type="stmt" count="49"/>
        <line num="43" type="stmt" count="49"/>
        <line num="44" type="stmt" count="49"/>
        <line num="45" type="stmt" count="49"/>
        <line num="46" type="stmt" count="49"/>
        <line num="52" type="method" name="index" visibility="public" complexity="1" crap="1" count="2"/>
        <line num="54" type="stmt" count="2"/>
        <line num="62" type="method" name="enviar" visibility="public" complexity="3" crap="3" count="41"/>
        <line num="64" type="stmt" count="41"/>
        <line num="65" type="stmt" count="40"/>
        <line num="66" type="stmt" count="10"/>
        <line num="70" type="stmt" count="30"/>
        <line num="71" type="stmt" count="2"/>
        <line num="72" type="stmt" count="2"/>
        <line num="76" type="method" name="procesarAccionesEspeciales" visibility="private" complexity="3" crap="3" count="41"/>
        <line num="78" type="stmt" count="41"/>
        <line num="79" type="stmt" count="40"/>
        <line num="80" type="stmt" count="40"/>
        <line num="81" type="stmt" count="10"/>
        <line num="85" type="stmt" count="30"/>
        <line num="88" type="method" name="obtenerAccionesEspeciales" visibility="private" complexity="6" crap="6" count="41"/>
        <line num="90" type="stmt" count="41"/>
        <line num="91" type="stmt" count="41"/>
        <line num="92" type="stmt" count="41"/>
        <line num="93" type="stmt" count="41"/>
        <line num="94" type="stmt" count="41"/>
        <line num="97" type="method" name="manejarConfirmacionIntencion" visibility="private" complexity="5" crap="5" count="5"/>
        <line num="99" type="stmt" count="5"/>
        <line num="100" type="stmt" count="5"/>
        <line num="101" type="stmt" count="5"/>
        <line num="102" type="stmt" count="5"/>
        <line num="103" type="stmt" count="5"/>
        <line num="104" type="stmt" count="2"/>
        <line num="105" type="stmt" count="3"/>
        <line num="106" type="stmt" count="1"/>
        <line num="108" type="stmt" count="5"/>
        <line num="109" type="stmt" count="5"/>
        <line num="110" type="stmt" count="5"/>
        <line num="111" type="stmt" count="4"/>
        <line num="112" type="stmt" count="4"/>
        <line num="114" type="stmt" count="4"/>
        <line num="115" type="stmt" count="4"/>
        <line num="116" type="stmt" count="4"/>
        <line num="117" type="stmt" count="4"/>
        <line num="118" type="stmt" count="4"/>
        <line num="119" type="stmt" count="4"/>
        <line num="123" type="stmt" count="1"/>
        <line num="124" type="stmt" count="1"/>
        <line num="125" type="stmt" count="1"/>
        <line num="126" type="stmt" count="1"/>
        <line num="127" type="stmt" count="1"/>
        <line num="130" type="method" name="procesarMensajePrincipal" visibility="private" complexity="4" crap="4" count="30"/>
        <line num="132" type="stmt" count="30"/>
        <line num="133" type="stmt" count="30"/>
        <line num="134" type="stmt" count="30"/>
        <line num="135" type="stmt" count="29"/>
        <line num="136" type="stmt" count="29"/>
        <line num="137" type="stmt" count="29"/>
        <line num="138" type="stmt" count="29"/>
        <line num="139" type="stmt" count="29"/>
        <line num="140" type="stmt" count="22"/>
        <line num="143" type="stmt" count="29"/>
        <line num="144" type="stmt" count="10"/>
        <line num="147" type="stmt" count="19"/>
        <line num="150" type="method" name="manejarErrorEnProcesamiento" visibility="private" complexity="3" crap="3" count="2"/>
        <line num="152" type="stmt" count="2"/>
        <line num="153" type="stmt" count="2"/>
        <line num="154" type="stmt" count="2"/>
        <line num="155" type="stmt" count="1"/>
        <line num="158" type="stmt" count="1"/>
        <line num="159" type="stmt" count="1"/>
        <line num="160" type="stmt" count="1"/>
        <line num="161" type="stmt" count="1"/>
        <line num="162" type="stmt" count="1"/>
        <line num="165" type="method" name="intentarRecuperacion" visibility="private" complexity="8" crap="8" count="6"/>
        <line num="168" type="stmt" count="6"/>
        <line num="169" type="stmt" count="6"/>
        <line num="170" type="stmt" count="5"/>
        <line num="171" type="stmt" count="1"/>
        <line num="173" type="stmt" count="4"/>
        <line num="175" type="stmt" count="4"/>
        <line num="176" type="stmt" count="1"/>
        <line num="179" type="stmt" count="4"/>
        <line num="180" type="stmt" count="4"/>
        <line num="181" type="stmt" count="4"/>
        <line num="183" type="stmt" count="4"/>
        <line num="184" type="stmt" count="4"/>
        <line num="185" type="stmt" count="4"/>
        <line num="186" type="stmt" count="4"/>
        <line num="187" type="stmt" count="4"/>
        <line num="188" type="stmt" count="4"/>
        <line num="189" type="stmt" count="4"/>
        <line num="190" type="stmt" count="4"/>
        <line num="191" type="stmt" count="1"/>
        <line num="192" type="stmt" count="1"/>
        <line num="196" type="method" name="manejarLimpiezaCotizacion" visibility="private" complexity="1" crap="1" count="2"/>
        <line num="198" type="stmt" count="2"/>
        <line num="200" type="stmt" count="2"/>
        <line num="201" type="stmt" count="2"/>
        <line num="202" type="stmt" count="2"/>
        <line num="203" type="stmt" count="2"/>
        <line num="204" type="stmt" count="2"/>
        <line num="207" type="method" name="manejarFinalizacionCotizacion" visibility="private" complexity="1" crap="1" count="4"/>
        <line num="209" type="stmt" count="4"/>
        <line num="210" type="stmt" count="4"/>
        <line num="211" type="stmt" count="4"/>
        <line num="212" type="stmt" count="4"/>
        <line num="213" type="stmt" count="3"/>
        <line num="215" type="stmt" count="3"/>
        <line num="216" type="stmt" count="3"/>
        <line num="217" type="stmt" count="3"/>
        <line num="218" type="stmt" count="3"/>
        <line num="219" type="stmt" count="3"/>
        <line num="220" type="stmt" count="3"/>
        <line num="223" type="method" name="procesarSeleccionSubServicios" visibility="private" complexity="5" crap="5" count="10"/>
        <line num="225" type="stmt" count="10"/>
        <line num="226" type="stmt" count="8"/>
        <line num="227" type="stmt" count="10"/>
        <line num="229" type="stmt" count="10"/>
        <line num="230" type="stmt" count="3"/>
        <line num="231" type="stmt" count="3"/>
        <line num="233" type="stmt" count="3"/>
        <line num="234" type="stmt" count="3"/>
        <line num="235" type="stmt" count="3"/>
        <line num="236" type="stmt" count="3"/>
        <line num="237" type="stmt" count="3"/>
        <line num="240" type="stmt" count="7"/>
        <line num="241" type="stmt" count="7"/>
        <line num="242" type="stmt" count="1"/>
        <line num="243" type="stmt" count="1"/>
        <line num="245" type="stmt" count="1"/>
        <line num="246" type="stmt" count="1"/>
        <line num="247" type="stmt" count="1"/>
        <line num="248" type="stmt" count="1"/>
        <line num="249" type="stmt" count="1"/>
        <line num="252" type="stmt" count="6"/>
        <line num="253" type="stmt" count="6"/>
        <line num="254" type="stmt" count="6"/>
        <line num="255" type="stmt" count="4"/>
        <line num="257" type="stmt" count="2"/>
        <line num="260" type="stmt" count="6"/>
        <line num="263" type="method" name="obtenerDiasParaRespuesta" visibility="private" complexity="3" crap="3" count="1"/>
        <line num="265" type="stmt" count="1"/>
        <line num="266" type="stmt" count="1"/>
        <line num="267" type="stmt" count="1"/>
        <line num="268" type="stmt" count="1"/>
        <line num="269" type="stmt" count="1"/>
        <line num="272" type="stmt" count="1"/>
        <metrics loc="275" ncloc="266" classes="1" methods="13" coveredmethods="13" conditionals="0" coveredconditionals="0" statements="138" coveredstatements="138" elements="151" coveredelements="151"/>
      </file>
      <file name="C:\Users\ASUS\Desktop\SENA\Nueva carpeta\app\Http\Controllers\Controller.php">
        <class name="App\Http\Controllers\Controller" namespace="App\Http\Controllers">
          <metrics complexity="0" methods="0" coveredmethods="0" conditionals="0" coveredconditionals="0" statements="0" coveredstatements="0" elements="0" coveredelements="0"/>
        </class>
        <metrics loc="9" ncloc="8" classes="0" methods="0" coveredmethods="0" conditionals="0" coveredconditionals="0" statements="0" coveredstatements="0" elements="0" coveredelements="0"/>
      </file>
      <file name="C:\Users\ASUS\Desktop\SENA\Nueva carpeta\app\Http\Controllers\HistorialController.php">
        <class name="App\Http\Controllers\HistorialController" namespace="App\Http\Controllers">
          <metrics complexity="2" methods="2" coveredmethods="2" conditionals="0" coveredconditionals="0" statements="8" coveredstatements="8" elements="10" coveredelements="10"/>
        </class>
        <line num="10" type="method" name="index" visibility="public" complexity="1" crap="1" count="7"/>
        <line num="12" type="stmt" count="7"/>
        <line num="14" type="stmt" count="7"/>
        <line num="17" type="method" name="exportPdf" visibility="public" complexity="1" crap="1" count="6"/>
        <line num="19" type="stmt" count="6"/>
        <line num="21" type="stmt" count="6"/>
        <line num="22" type="stmt" count="6"/>
        <line num="23" type="stmt" count="6"/>
        <line num="24" type="stmt" count="6"/>
        <line num="26" type="stmt" count="6"/>
        <metrics loc="29" ncloc="29" classes="1" methods="2" coveredmethods="2" conditionals="0" coveredconditionals="0" statements="8" coveredstatements="8" elements="10" coveredelements="10"/>
      </file>
      <file name="C:\Users\ASUS\Desktop\SENA\Nueva carpeta\app\Http\Controllers\InventarioController.php">
        <class name="App\Http\Controllers\InventarioController" namespace="App\Http\Controllers">
          <metrics complexity="4" methods="4" coveredmethods="4" conditionals="0" coveredconditionals="0" statements="32" coveredstatements="32" elements="36" coveredelements="36"/>
        </class>
        <line num="13" type="method" name="index" visibility="public" complexity="1" crap="1" count="2"/>
        <line num="15" type="stmt" count="2"/>
        <line num="17" type="stmt" count="2"/>
        <line num="23" type="method" name="store" visibility="public" complexity="1" crap="1" count="5"/>
        <line num="25" type="stmt" count="5"/>
        <line num="26" type="stmt" count="5"/>
        <line num="27" type="stmt" count="5"/>
        <line num="28" type="stmt" count="5"/>
        <line num="29" type="stmt" count="5"/>
        <line num="30" type="stmt" count="5"/>
        <line num="31" type="stmt" count="5"/>
        <line num="32" type="stmt" count="5"/>
        <line num="33" type="stmt" count="5"/>
        <line num="34" type="stmt" count="5"/>
        <line num="35" type="stmt" count="5"/>
        <line num="37" type="stmt" count="1"/>
        <line num="39" type="stmt" count="1"/>
        <line num="45" type="method" name="update" visibility="public" complexity="1" crap="1" count="3"/>
        <line num="47" type="stmt" count="3"/>
        <line num="48" type="stmt" count="3"/>
        <line num="49" type="stmt" count="3"/>
        <line num="50" type="stmt" count="3"/>
        <line num="51" type="stmt" count="3"/>
        <line num="52" type="stmt" count="3"/>
        <line num="53" type="stmt" count="3"/>
        <line num="54" type="stmt" count="3"/>
        <line num="55" type="stmt" count="3"/>
        <line num="56" type="stmt" count="3"/>
        <line num="57" type="stmt" count="3"/>
        <line num="59" type="stmt" count="2"/>
        <line num="60" type="stmt" count="1"/>
        <line num="62" type="stmt" count="1"/>
        <line num="68" type="method" name="destroy" visibility="public" complexity="1" crap="1" count="2"/>
        <line num="70" type="stmt" count="2"/>
        <line num="71" type="stmt" count="1"/>
        <line num="73" type="stmt" count="1"/>
        <metrics loc="76" ncloc="64" classes="1" methods="4" coveredmethods="4" conditionals="0" coveredconditionals="0" statements="32" coveredstatements="32" elements="36" coveredelements="36"/>
      </file>
      <file name="C:\Users\ASUS\Desktop\SENA\Nueva carpeta\app\Http\Controllers\MovimientosInventarioController.php">
        <class name="App\Http\Controllers\MovimientosInventarioController" namespace="App\Http\Controllers">
          <metrics complexity="10" methods="4" coveredmethods="4" conditionals="0" coveredconditionals="0" statements="77" coveredstatements="77" elements="81" coveredelements="81"/>
        </class>
        <line num="14" type="method" name="index" visibility="public" complexity="1" crap="1" count="2"/>
        <line num="16" type="stmt" count="2"/>
        <line num="18" type="stmt" count="2"/>
        <line num="24" type="method" name="store" visibility="public" complexity="3" crap="3" count="18"/>
        <line num="26" type="stmt" count="18"/>
        <line num="27" type="stmt" count="18"/>
        <line num="28" type="stmt" count="18"/>
        <line num="29" type="stmt" count="18"/>
        <line num="30" type="stmt" count="18"/>
        <line num="31" type="stmt" count="18"/>
        <line num="32" type="stmt" count="18"/>
        <line num="33" type="stmt" count="18"/>
        <line num="34" type="stmt" count="18"/>
        <line num="35" type="stmt" count="18"/>
        <line num="36" type="stmt" count="18"/>
        <line num="37" type="stmt" count="18"/>
        <line num="38" type="stmt" count="18"/>
        <line num="40" type="stmt" count="11"/>
        <line num="41" type="stmt" count="11"/>
        <line num="44" type="stmt" count="11"/>
        <line num="45" type="stmt" count="5"/>
        <line num="47" type="stmt" count="6"/>
        <line num="48" type="stmt" count="2"/>
        <line num="50" type="stmt" count="4"/>
        <line num="53" type="stmt" count="9"/>
        <line num="55" type="stmt" count="9"/>
        <line num="56" type="stmt" count="9"/>
        <line num="57" type="stmt" count="9"/>
        <line num="58" type="stmt" count="9"/>
        <line num="59" type="stmt" count="9"/>
        <line num="60" type="stmt" count="9"/>
        <line num="61" type="stmt" count="9"/>
        <line num="63" type="stmt" count="9"/>
        <line num="64" type="stmt" count="9"/>
        <line num="65" type="stmt" count="9"/>
        <line num="66" type="stmt" count="9"/>
        <line num="72" type="method" name="update" visibility="public" complexity="4" crap="4" count="6"/>
        <line num="74" type="stmt" count="6"/>
        <line num="75" type="stmt" count="6"/>
        <line num="76" type="stmt" count="6"/>
        <line num="77" type="stmt" count="6"/>
        <line num="78" type="stmt" count="6"/>
        <line num="79" type="stmt" count="6"/>
        <line num="80" type="stmt" count="6"/>
        <line num="81" type="stmt" count="6"/>
        <line num="82" type="stmt" count="6"/>
        <line num="83" type="stmt" count="6"/>
        <line num="84" type="stmt" count="6"/>
        <line num="85" type="stmt" count="6"/>
        <line num="86" type="stmt" count="6"/>
        <line num="88" type="stmt" count="6"/>
        <line num="89" type="stmt" count="5"/>
        <line num="90" type="stmt" count="5"/>
        <line num="91" type="stmt" count="5"/>
        <line num="92" type="stmt" count="5"/>
        <line num="95" type="stmt" count="5"/>
        <line num="96" type="stmt" count="4"/>
        <line num="98" type="stmt" count="1"/>
        <line num="100" type="stmt" count="5"/>
        <line num="103" type="stmt" count="5"/>
        <line num="104" type="stmt" count="3"/>
        <line num="106" type="stmt" count="2"/>
        <line num="107" type="stmt" count="1"/>
        <line num="109" type="stmt" count="1"/>
        <line num="111" type="stmt" count="4"/>
        <line num="114" type="stmt" count="4"/>
        <line num="115" type="stmt" count="4"/>
        <line num="116" type="stmt" count="4"/>
        <line num="117" type="stmt" count="4"/>
        <line num="118" type="stmt" count="4"/>
        <line num="120" type="stmt" count="4"/>
        <line num="126" type="method" name="destroy" visibility="public" complexity="2" crap="2" count="3"/>
        <line num="128" type="stmt" count="3"/>
        <line num="129" type="stmt" count="2"/>
        <line num="130" type="stmt" count="2"/>
        <line num="133" type="stmt" count="2"/>
        <line num="134" type="stmt" count="1"/>
        <line num="136" type="stmt" count="1"/>
        <line num="139" type="stmt" count="2"/>
        <line num="140" type="stmt" count="2"/>
        <line num="142" type="stmt" count="2"/>
        <metrics loc="145" ncloc="128" classes="1" methods="4" coveredmethods="4" conditionals="0" coveredconditionals="0" statements="77" coveredstatements="77" elements="81" coveredelements="81"/>
      </file>
      <file name="C:\Users\ASUS\Desktop\SENA\Nueva carpeta\app\Http\Controllers\ReservaController.php">
        <class name="App\Http\Controllers\ReservaController" namespace="App\Http\Controllers">
          <metrics complexity="28" methods="9" coveredmethods="9" conditionals="0" coveredconditionals="0" statements="145" coveredstatements="145" elements="154" coveredelements="154"/>
        </class>
        <line num="35" type="method" name="index" visibility="public" complexity="1" crap="1" count="2"/>
        <line num="37" type="stmt" count="2"/>
        <line num="39" type="stmt" count="2"/>
        <line num="40" type="stmt" count="2"/>
        <line num="41" type="stmt" count="2"/>
        <line num="42" type="stmt" count="2"/>
        <line num="44" type="stmt" count="2"/>
        <line num="47" type="method" name="store" visibility="public" complexity="5" crap="5" count="15"/>
        <line num="49" type="stmt" count="15"/>
        <line num="51" type="stmt" count="15"/>
        <line num="52" type="stmt" count="15"/>
        <line num="53" type="stmt" count="15"/>
        <line num="56" type="stmt" count="15"/>
        <line num="57" type="stmt" count="15"/>
        <line num="58" type="stmt" count="15"/>
        <line num="59" type="stmt" count="15"/>
        <line num="60" type="stmt" count="15"/>
        <line num="61" type="stmt" count="15"/>
        <line num="62" type="stmt" count="15"/>
        <line num="63" type="stmt" count="15"/>
        <line num="64" type="stmt" count="15"/>
        <line num="65" type="stmt" count="15"/>
        <line num="66" type="stmt" count="15"/>
        <line num="67" type="stmt" count="15"/>
        <line num="68" type="stmt" count="15"/>
        <line num="69" type="stmt" count="15"/>
        <line num="70" type="stmt" count="15"/>
        <line num="71" type="stmt" count="15"/>
        <line num="72" type="stmt" count="15"/>
        <line num="75" type="stmt" count="4"/>
        <line num="76" type="stmt" count="4"/>
        <line num="77" type="stmt" count="4"/>
        <line num="78" type="stmt" count="1"/>
        <line num="79" type="stmt" count="1"/>
        <line num="80" type="stmt" count="1"/>
        <line num="84" type="stmt" count="3"/>
        <line num="85" type="stmt" count="3"/>
        <line num="87" type="stmt" count="3"/>
        <line num="88" type="stmt" count="3"/>
        <line num="89" type="stmt" count="3"/>
        <line num="90" type="stmt" count="3"/>
        <line num="91" type="stmt" count="3"/>
        <line num="92" type="stmt" count="3"/>
        <line num="93" type="stmt" count="3"/>
        <line num="94" type="stmt" count="3"/>
        <line num="95" type="stmt" count="3"/>
        <line num="96" type="stmt" count="3"/>
        <line num="97" type="stmt" count="3"/>
        <line num="98" type="stmt" count="3"/>
        <line num="100" type="stmt" count="3"/>
        <line num="101" type="stmt" count="3"/>
        <line num="102" type="stmt" count="3"/>
        <line num="103" type="stmt" count="3"/>
        <line num="104" type="stmt" count="3"/>
        <line num="105" type="stmt" count="3"/>
        <line num="108" type="stmt" count="3"/>
        <line num="109" type="stmt" count="3"/>
        <line num="110" type="stmt" count="3"/>
        <line num="111" type="stmt" count="3"/>
        <line num="112" type="stmt" count="3"/>
        <line num="113" type="stmt" count="3"/>
        <line num="116" type="method" name="confirm" visibility="public" complexity="3" crap="3" count="7"/>
        <line num="118" type="stmt" count="7"/>
        <line num="120" type="stmt" count="7"/>
        <line num="121" type="stmt" count="1"/>
        <line num="124" type="stmt" count="6"/>
        <line num="125" type="stmt" count="6"/>
        <line num="127" type="stmt" count="6"/>
        <line num="128" type="stmt" count="6"/>
        <line num="129" type="stmt" count="2"/>
        <line num="132" type="stmt" count="4"/>
        <line num="133" type="stmt" count="4"/>
        <line num="134" type="stmt" count="4"/>
        <line num="136" type="stmt" count="4"/>
        <line num="137" type="stmt" count="4"/>
        <line num="138" type="stmt" count="4"/>
        <line num="139" type="stmt" count="4"/>
        <line num="140" type="stmt" count="4"/>
        <line num="141" type="stmt" count="6"/>
        <line num="144" type="method" name="validateReservaItems" visibility="private" complexity="6" crap="6" count="7"/>
        <line num="146" type="stmt" count="7"/>
        <line num="147" type="stmt" count="1"/>
        <line num="150" type="stmt" count="6"/>
        <line num="151" type="stmt" count="6"/>
        <line num="152" type="stmt" count="6"/>
        <line num="153" type="stmt" count="6"/>
        <line num="154" type="stmt" count="1"/>
        <line num="155" type="stmt" count="1"/>
        <line num="158" type="stmt" count="5"/>
        <line num="159" type="stmt" count="1"/>
        <line num="160" type="stmt" count="1"/>
        <line num="164" type="stmt" count="6"/>
        <line num="165" type="stmt" count="2"/>
        <line num="168" type="stmt" count="4"/>
        <line num="171" type="method" name="createCalendarioFromReserva" visibility="private" complexity="1" crap="1" count="4"/>
        <line num="173" type="stmt" count="4"/>
        <line num="174" type="stmt" count="4"/>
        <line num="175" type="stmt" count="4"/>
        <line num="176" type="stmt" count="4"/>
        <line num="177" type="stmt" count="4"/>
        <line num="178" type="stmt" count="4"/>
        <line num="179" type="stmt" count="4"/>
        <line num="180" type="stmt" count="4"/>
        <line num="181" type="stmt" count="4"/>
        <line num="182" type="stmt" count="4"/>
        <line num="185" type="method" name="processReservaItems" visibility="private" complexity="3" crap="3" count="5"/>
        <line num="187" type="stmt" count="5"/>
        <line num="188" type="stmt" count="5"/>
        <line num="189" type="stmt" count="5"/>
        <line num="190" type="stmt" count="1"/>
        <line num="193" type="stmt" count="4"/>
        <line num="195" type="stmt" count="4"/>
        <line num="196" type="stmt" count="4"/>
        <line num="197" type="stmt" count="4"/>
        <line num="198" type="stmt" count="4"/>
        <line num="199" type="stmt" count="4"/>
        <line num="200" type="stmt" count="4"/>
        <line num="201" type="stmt" count="4"/>
        <line num="203" type="stmt" count="4"/>
        <line num="204" type="stmt" count="4"/>
        <line num="205" type="stmt" count="4"/>
        <line num="206" type="stmt" count="4"/>
        <line num="207" type="stmt" count="4"/>
        <line num="211" type="method" name="updateReservaAndCreateHistorial" visibility="private" complexity="1" crap="1" count="4"/>
        <line num="213" type="stmt" count="4"/>
        <line num="214" type="stmt" count="4"/>
        <line num="215" type="stmt" count="4"/>
        <line num="216" type="stmt" count="4"/>
        <line num="217" type="stmt" count="4"/>
        <line num="218" type="stmt" count="4"/>
        <line num="219" type="stmt" count="4"/>
        <line num="220" type="stmt" count="4"/>
        <line num="222" type="stmt" count="4"/>
        <line num="223" type="stmt" count="4"/>
        <line num="224" type="stmt" count="4"/>
        <line num="225" type="stmt" count="4"/>
        <line num="226" type="stmt" count="4"/>
        <line num="229" type="method" name="destroy" visibility="public" complexity="2" crap="2" count="3"/>
        <line num="231" type="stmt" count="3"/>
        <line num="233" type="stmt" count="3"/>
        <line num="234" type="stmt" count="1"/>
        <line num="237" type="stmt" count="2"/>
        <line num="239" type="stmt" count="2"/>
        <line num="240" type="stmt" count="2"/>
        <line num="241" type="stmt" count="2"/>
        <line num="242" type="stmt" count="2"/>
        <line num="245" type="method" name="authorizeAdminLike" visibility="private" complexity="6" crap="6" count="29"/>
        <line num="247" type="stmt" count="29"/>
        <line num="248" type="stmt" count="29"/>
        <line num="249" type="stmt" count="1"/>
        <line num="251" type="stmt" count="29"/>
        <line num="252" type="stmt" count="29"/>
        <line num="253" type="stmt" count="29"/>
        <line num="254" type="stmt" count="1"/>
        <metrics loc="258" ncloc="257" classes="1" methods="9" coveredmethods="9" conditionals="0" coveredconditionals="0" statements="145" coveredstatements="145" elements="154" coveredelements="154"/>
      </file>
      <file name="C:\Users\ASUS\Desktop\SENA\Nueva carpeta\app\Http\Controllers\RoleAdminController.php">
        <class name="App\Http\Controllers\RoleAdminController" namespace="App\Http\Controllers">
          <metrics complexity="16" methods="3" coveredmethods="3" conditionals="0" coveredconditionals="0" statements="79" coveredstatements="79" elements="82" coveredelements="82"/>
        </class>
        <line num="10" type="method" name="index" visibility="public" complexity="9" crap="9" count="3"/>
        <line num="13" type="stmt" count="3"/>
        <line num="14" type="stmt" count="3"/>
        <line num="15" type="stmt" count="2"/>
        <line num="16" type="stmt" count="2"/>
        <line num="17" type="stmt" count="2"/>
        <line num="18" type="stmt" count="2"/>
        <line num="19" type="stmt" count="2"/>
        <line num="20" type="stmt" count="2"/>
        <line num="21" type="stmt" count="2"/>
        <line num="23" type="stmt" count="1"/>
        <line num="24" type="stmt" count="1"/>
        <line num="25" type="stmt" count="1"/>
        <line num="26" type="stmt" count="1"/>
        <line num="27" type="stmt" count="1"/>
        <line num="28" type="stmt" count="1"/>
        <line num="29" type="stmt" count="1"/>
        <line num="32" type="stmt" count="2"/>
        <line num="33" type="stmt" count="2"/>
        <line num="35" type="stmt" count="2"/>
        <line num="36" type="stmt" count="2"/>
        <line num="37" type="stmt" count="2"/>
        <line num="38" type="stmt" count="2"/>
        <line num="40" type="stmt" count="2"/>
        <line num="41" type="stmt" count="2"/>
        <line num="42" type="stmt" count="2"/>
        <line num="43" type="stmt" count="2"/>
        <line num="44" type="stmt" count="2"/>
        <line num="45" type="stmt" count="2"/>
        <line num="46" type="stmt" count="2"/>
        <line num="49" type="stmt" count="2"/>
        <line num="50" type="stmt" count="2"/>
        <line num="53" type="stmt" count="2"/>
        <line num="54" type="stmt" count="2"/>
        <line num="55" type="stmt" count="2"/>
        <line num="56" type="stmt" count="2"/>
        <line num="58" type="stmt" count="2"/>
        <line num="59" type="stmt" count="2"/>
        <line num="60" type="stmt" count="2"/>
        <line num="62" type="stmt" count="2"/>
        <line num="63" type="stmt" count="1"/>
        <line num="68" type="stmt" count="2"/>
        <line num="69" type="stmt" count="2"/>
        <line num="70" type="stmt" count="2"/>
        <line num="71" type="stmt" count="2"/>
        <line num="76" type="stmt" count="2"/>
        <line num="77" type="stmt" count="2"/>
        <line num="78" type="stmt" count="2"/>
        <line num="80" type="stmt" count="2"/>
        <line num="81" type="stmt" count="2"/>
        <line num="82" type="stmt" count="2"/>
        <line num="84" type="stmt" count="2"/>
        <line num="87" type="method" name="update" visibility="public" complexity="6" crap="6" count="4"/>
        <line num="89" type="stmt" count="4"/>
        <line num="90" type="stmt" count="4"/>
        <line num="91" type="stmt" count="4"/>
        <line num="92" type="stmt" count="4"/>
        <line num="94" type="stmt" count="4"/>
        <line num="95" type="stmt" count="4"/>
        <line num="97" type="stmt" count="4"/>
        <line num="98" type="stmt" count="4"/>
        <line num="99" type="stmt" count="4"/>
        <line num="100" type="stmt" count="4"/>
        <line num="101" type="stmt" count="4"/>
        <line num="102" type="stmt" count="4"/>
        <line num="103" type="stmt" count="1"/>
        <line num="106" type="stmt" count="4"/>
        <line num="107" type="stmt" count="4"/>
        <line num="108" type="stmt" count="4"/>
        <line num="110" type="stmt" count="4"/>
        <line num="111" type="stmt" count="1"/>
        <line num="114" type="stmt" count="3"/>
        <line num="115" type="stmt" count="3"/>
        <line num="117" type="stmt" count="3"/>
        <line num="118" type="stmt" count="2"/>
        <line num="119" type="stmt" count="2"/>
        <line num="120" type="stmt" count="2"/>
        <line num="121" type="stmt" count="2"/>
        <line num="123" type="stmt" count="3"/>
        <line num="125" type="stmt" count="3"/>
        <line num="132" type="method" name="getDatabaseDriverName" visibility="protected" complexity="1" crap="1" count="2"/>
        <line num="134" type="stmt" count="2"/>
        <metrics loc="137" ncloc="126" classes="1" methods="3" coveredmethods="3" conditionals="0" coveredconditionals="0" statements="79" coveredstatements="79" elements="82" coveredelements="82"/>
      </file>
      <file name="C:\Users\ASUS\Desktop\SENA\Nueva carpeta\app\Http\Controllers\RoleController.php">
        <class name="App\Http\Controllers\RoleController" namespace="App\Http\Controllers">
          <metrics complexity="14" methods="5" coveredmethods="5" conditionals="0" coveredconditionals="0" statements="38" coveredstatements="38" elements="43" coveredelements="43"/>
        </class>
        <line num="9" type="method" name="select" visibility="public" complexity="1" crap="1" count="1"/>
        <line num="11" type="stmt" count="1"/>
        <line num="14" type="method" name="set" visibility="public" complexity="5" crap="5" count="4"/>
        <line num="16" type="stmt" count="4"/>
        <line num="17" type="stmt" count="4"/>
        <line num="18" type="stmt" count="4"/>
        <line num="20" type="stmt" count="4"/>
        <line num="21" type="stmt" count="4"/>
        <line num="22" type="stmt" count="4"/>
        <line num="23" type="stmt" count="4"/>
        <line num="25" type="stmt" count="4"/>
        <line num="26" type="stmt" count="2"/>
        <line num="27" type="stmt" count="2"/>
        <line num="28" type="stmt" count="1"/>
        <line num="29" type="stmt" count="1"/>
        <line num="30" type="stmt" count="1"/>
        <line num="32" type="stmt" count="1"/>
        <line num="33" type="stmt" count="1"/>
        <line num="35" type="stmt" count="2"/>
        <line num="36" type="stmt" count="1"/>
        <line num="37" type="stmt" count="1"/>
        <line num="38" type="stmt" count="1"/>
        <line num="41" type="stmt" count="1"/>
        <line num="44" type="stmt" count="4"/>
        <line num="45" type="stmt" count="4"/>
        <line num="46" type="stmt" count="3"/>
        <line num="49" type="stmt" count="4"/>
        <line num="52" type="method" name="adminKeyForm" visibility="public" complexity="3" crap="3" count="2"/>
        <line num="54" type="stmt" count="2"/>
        <line num="55" type="stmt" count="1"/>
        <line num="58" type="stmt" count="1"/>
        <line num="61" type="method" name="adminKeyVerify" visibility="public" complexity="4" crap="4" count="3"/>
        <line num="63" type="stmt" count="3"/>
        <line num="64" type="stmt" count="1"/>
        <line num="66" type="stmt" count="2"/>
        <line num="67" type="stmt" count="2"/>
        <line num="68" type="stmt" count="1"/>
        <line num="70" type="stmt" count="1"/>
        <line num="71" type="stmt" count="1"/>
        <line num="73" type="stmt" count="1"/>
        <line num="76" type="method" name="clear" visibility="public" complexity="1" crap="1" count="1"/>
        <line num="78" type="stmt" count="1"/>
        <line num="80" type="stmt" count="1"/>
        <metrics loc="83" ncloc="82" classes="1" methods="5" coveredmethods="5" conditionals="0" coveredconditionals="0" statements="38" coveredstatements="38" elements="43" coveredelements="43"/>
      </file>
      <file name="C:\Users\ASUS\Desktop\SENA\Nueva carpeta\app\Http\Controllers\ServiciosController.php">
        <class name="App\Http\Controllers\ServiciosController" namespace="App\Http\Controllers">
          <metrics complexity="29" methods="12" coveredmethods="12" conditionals="0" coveredconditionals="0" statements="117" coveredstatements="117" elements="129" coveredelements="129"/>
        </class>
        <line num="19" type="method" name="index" visibility="public" complexity="3" crap="3" count="11"/>
        <line num="22" type="stmt" count="11"/>
        <line num="25" type="stmt" count="9"/>
        <line num="26" type="stmt" count="5"/>
        <line num="28" type="stmt" count="4"/>
        <line num="31" type="stmt" count="9"/>
        <line num="32" type="stmt" count="2"/>
        <line num="33" type="stmt" count="2"/>
        <line num="35" type="stmt" count="2"/>
        <line num="36" type="stmt" count="2"/>
        <line num="43" type="method" name="create" visibility="public" complexity="1" crap="1" count="1"/>
        <line num="45" type="stmt" count="1"/>
        <line num="51" type="method" name="store" visibility="public" complexity="7" crap="7" count="26"/>
        <line num="53" type="stmt" count="26"/>
        <line num="54" type="stmt" count="26"/>
        <line num="55" type="stmt" count="26"/>
        <line num="56" type="stmt" count="26"/>
        <line num="57" type="stmt" count="26"/>
        <line num="61" type="stmt" count="17"/>
        <line num="62" type="stmt" count="17"/>
        <line num="63" type="stmt" count="17"/>
        <line num="64" type="stmt" count="17"/>
        <line num="65" type="stmt" count="17"/>
        <line num="68" type="stmt" count="15"/>
        <line num="69" type="stmt" count="3"/>
        <line num="74" type="stmt" count="12"/>
        <line num="75" type="stmt" count="1"/>
        <line num="78" type="stmt" count="1"/>
        <line num="79" type="stmt" count="1"/>
        <line num="80" type="stmt" count="1"/>
        <line num="83" type="stmt" count="12"/>
        <line num="84" type="stmt" count="12"/>
        <line num="85" type="stmt" count="5"/>
        <line num="86" type="stmt" count="3"/>
        <line num="87" type="stmt" count="3"/>
        <line num="88" type="stmt" count="2"/>
        <line num="89" type="stmt" count="2"/>
        <line num="90" type="stmt" count="2"/>
        <line num="93" type="stmt" count="17"/>
        <line num="99" type="method" name="show" visibility="public" complexity="1" crap="1" count="5"/>
        <line num="101" type="stmt" count="5"/>
        <line num="102" type="stmt" count="3"/>
        <line num="105" type="stmt" count="3"/>
        <line num="107" type="stmt" count="3"/>
        <line num="113" type="method" name="edit" visibility="public" complexity="1" crap="1" count="2"/>
        <line num="115" type="stmt" count="2"/>
        <line num="117" type="stmt" count="1"/>
        <line num="123" type="method" name="update" visibility="public" complexity="4" crap="4" count="11"/>
        <line num="125" type="stmt" count="11"/>
        <line num="127" type="stmt" count="11"/>
        <line num="128" type="stmt" count="11"/>
        <line num="129" type="stmt" count="11"/>
        <line num="130" type="stmt" count="11"/>
        <line num="131" type="stmt" count="11"/>
        <line num="134" type="stmt" count="8"/>
        <line num="136" type="stmt" count="8"/>
        <line num="137" type="stmt" count="8"/>
        <line num="138" type="stmt" count="8"/>
        <line num="139" type="stmt" count="8"/>
        <line num="140" type="stmt" count="8"/>
        <line num="143" type="stmt" count="8"/>
        <line num="144" type="stmt" count="6"/>
        <line num="145" type="stmt" count="5"/>
        <line num="148" type="stmt" count="2"/>
        <line num="151" type="stmt" count="7"/>
        <line num="152" type="stmt" count="7"/>
        <line num="153" type="stmt" count="1"/>
        <line num="154" type="stmt" count="1"/>
        <line num="155" type="stmt" count="1"/>
        <line num="162" type="method" name="destroy" visibility="public" complexity="3" crap="3" count="9"/>
        <line num="165" type="stmt" count="9"/>
        <line num="166" type="stmt" count="7"/>
        <line num="168" type="stmt" count="7"/>
        <line num="169" type="stmt" count="7"/>
        <line num="171" type="stmt" count="7"/>
        <line num="172" type="stmt" count="2"/>
        <line num="173" type="stmt" count="2"/>
        <line num="176" type="stmt" count="7"/>
        <line num="177" type="stmt" count="7"/>
        <line num="180" type="stmt" count="7"/>
        <line num="182" type="stmt" count="7"/>
        <line num="183" type="stmt" count="7"/>
        <line num="184" type="stmt" count="2"/>
        <line num="185" type="stmt" count="2"/>
        <line num="186" type="stmt" count="2"/>
        <line num="193" type="method" name="generarBlade" visibility="private" complexity="3" crap="3" count="17"/>
        <line num="195" type="stmt" count="17"/>
        <line num="196" type="stmt" count="17"/>
        <line num="197" type="stmt" count="17"/>
        <line num="199" type="stmt" count="17"/>
        <line num="200" type="stmt" count="17"/>
        <line num="203" type="stmt" count="17"/>
        <line num="204" type="stmt" count="1"/>
        <line num="208" type="stmt" count="17"/>
        <line num="210" type="stmt" count="17"/>
        <line num="212" type="stmt" count="15"/>
        <line num="215" type="stmt" count="15"/>
        <line num="216" type="stmt" count="15"/>
        <line num="217" type="stmt" count="15"/>
        <line num="218" type="stmt" count="15"/>
        <line num="219" type="stmt" count="15"/>
        <line num="222" type="stmt" count="2"/>
        <line num="225" type="stmt" count="17"/>
        <line num="231" type="method" name="actualizarDescripcionBlade" visibility="private" complexity="2" crap="2" count="2"/>
        <line num="233" type="stmt" count="2"/>
        <line num="234" type="stmt" count="2"/>
        <line num="236" type="stmt" count="2"/>
        <line num="237" type="stmt" count="1"/>
        <line num="238" type="stmt" count="1"/>
        <line num="241" type="stmt" count="1"/>
        <line num="242" type="stmt" count="1"/>
        <line num="243" type="stmt" count="1"/>
        <line num="244" type="stmt" count="1"/>
        <line num="245" type="stmt" count="1"/>
        <line num="247" type="stmt" count="1"/>
        <line num="254" type="method" name="eliminarBlade" visibility="private" complexity="2" crap="2" count="13"/>
        <line num="256" type="stmt" count="13"/>
        <line num="257" type="stmt" count="13"/>
        <line num="258" type="stmt" count="4"/>
        <line num="265" type="method" name="eliminarBladeAnterior" visibility="private" complexity="1" crap="1" count="6"/>
        <line num="267" type="stmt" count="6"/>
        <line num="268" type="stmt" count="6"/>
        <line num="274" type="method" name="crearContenidoBladeDesdeCero" visibility="private" complexity="1" crap="1" count="2"/>
        <line num="276" type="stmt" count="2"/>
        <line num="328" type="stmt" count="2"/>
        <line num="331" type="stmt" count="2"/>
        <line num="332" type="stmt" count="2"/>
        <line num="333" type="stmt" count="2"/>
        <line num="335" type="stmt" count="2"/>
        <metrics loc="338" ncloc="285" classes="1" methods="12" coveredmethods="12" conditionals="0" coveredconditionals="0" statements="117" coveredstatements="117" elements="129" coveredelements="129"/>
      </file>
      <file name="C:\Users\ASUS\Desktop\SENA\Nueva carpeta\app\Http\Controllers\ServiciosViewController.php">
        <class name="App\Http\Controllers\ServiciosViewController" namespace="App\Http\Controllers">
          <metrics complexity="9" methods="4" coveredmethods="4" conditionals="0" coveredconditionals="0" statements="21" coveredstatements="21" elements="25" coveredelements="25"/>
        </class>
        <line num="12" type="method" name="alquiler" visibility="public" complexity="2" crap="2" count="2"/>
        <line num="14" type="stmt" count="2"/>
        <line num="15" type="stmt" count="2"/>
        <line num="17" type="stmt" count="2"/>
        <line num="23" type="method" name="animacion" visibility="public" complexity="2" crap="2" count="1"/>
        <line num="25" type="stmt" count="1"/>
        <line num="26" type="stmt" count="1"/>
        <line num="28" type="stmt" count="1"/>
        <line num="34" type="method" name="publicidad" visibility="public" complexity="2" crap="2" count="1"/>
        <line num="36" type="stmt" count="1"/>
        <line num="37" type="stmt" count="1"/>
        <line num="39" type="stmt" count="1"/>
        <line num="45" type="method" name="servicioPorSlug" visibility="public" complexity="3" crap="3" count="3"/>
        <line num="48" type="stmt" count="3"/>
        <line num="49" type="stmt" count="3"/>
        <line num="50" type="stmt" count="2"/>
        <line num="51" type="stmt" count="3"/>
        <line num="53" type="stmt" count="3"/>
        <line num="54" type="stmt" count="1"/>
        <line num="57" type="stmt" count="2"/>
        <line num="58" type="stmt" count="2"/>
        <line num="61" type="stmt" count="2"/>
        <line num="62" type="stmt" count="2"/>
        <line num="63" type="stmt" count="1"/>
        <line num="66" type="stmt" count="1"/>
        <metrics loc="69" ncloc="55" classes="1" methods="4" coveredmethods="4" conditionals="0" coveredconditionals="0" statements="21" coveredstatements="21" elements="25" coveredelements="25"/>
      </file>
      <file name="C:\Users\ASUS\Desktop\SENA\Nueva carpeta\app\Http\Controllers\SubServiciosController.php">
        <class name="App\Http\Controllers\SubServiciosController" namespace="App\Http\Controllers">
          <metrics complexity="28" methods="10" coveredmethods="10" conditionals="0" coveredconditionals="0" statements="92" coveredstatements="92" elements="102" coveredelements="102"/>
        </class>
        <line num="17" type="method" name="handleSuccessResponse" visibility="private" complexity="3" crap="3" count="19"/>
        <line num="19" type="stmt" count="19"/>
        <line num="20" type="stmt" count="5"/>
        <line num="23" type="stmt" count="14"/>
        <line num="29" type="method" name="handleValidationError" visibility="private" complexity="3" crap="3" count="7"/>
        <line num="31" type="stmt" count="7"/>
        <line num="32" type="stmt" count="2"/>
        <line num="35" type="stmt" count="5"/>
        <line num="36" type="stmt" count="5"/>
        <line num="37" type="stmt" count="5"/>
        <line num="43" type="method" name="handleExceptionError" visibility="private" complexity="3" crap="3" count="4"/>
        <line num="45" type="stmt" count="4"/>
        <line num="46" type="stmt" count="1"/>
        <line num="49" type="stmt" count="3"/>
        <line num="50" type="stmt" count="3"/>
        <line num="56" type="method" name="index" visibility="public" complexity="2" crap="2" count="4"/>
        <line num="59" type="stmt" count="4"/>
        <line num="60" type="stmt" count="4"/>
        <line num="61" type="stmt" count="4"/>
        <line num="62" type="stmt" count="4"/>
        <line num="64" type="stmt" count="3"/>
        <line num="66" type="stmt" count="3"/>
        <line num="67" type="stmt" count="1"/>
        <line num="68" type="stmt" count="1"/>
        <line num="70" type="stmt" count="1"/>
        <line num="71" type="stmt" count="1"/>
        <line num="72" type="stmt" count="1"/>
        <line num="73" type="stmt" count="1"/>
        <line num="80" type="method" name="create" visibility="public" complexity="1" crap="1" count="1"/>
        <line num="82" type="stmt" count="1"/>
        <line num="84" type="stmt" count="1"/>
        <line num="90" type="method" name="store" visibility="public" complexity="4" crap="4" count="15"/>
        <line num="93" type="stmt" count="15"/>
        <line num="94" type="stmt" count="15"/>
        <line num="95" type="stmt" count="15"/>
        <line num="96" type="stmt" count="15"/>
        <line num="97" type="stmt" count="15"/>
        <line num="98" type="stmt" count="15"/>
        <line num="99" type="stmt" count="15"/>
        <line num="101" type="stmt" count="9"/>
        <line num="102" type="stmt" count="9"/>
        <line num="103" type="stmt" count="5"/>
        <line num="104" type="stmt" count="5"/>
        <line num="105" type="stmt" count="5"/>
        <line num="106" type="stmt" count="3"/>
        <line num="109" type="stmt" count="7"/>
        <line num="110" type="stmt" count="7"/>
        <line num="111" type="stmt" count="7"/>
        <line num="112" type="stmt" count="7"/>
        <line num="113" type="stmt" count="7"/>
        <line num="114" type="stmt" count="7"/>
        <line num="115" type="stmt" count="7"/>
        <line num="117" type="stmt" count="7"/>
        <line num="118" type="stmt" count="8"/>
        <line num="119" type="stmt" count="6"/>
        <line num="120" type="stmt" count="2"/>
        <line num="121" type="stmt" count="2"/>
        <line num="128" type="method" name="show" visibility="public" complexity="1" crap="1" count="3"/>
        <line num="130" type="stmt" count="3"/>
        <line num="132" type="stmt" count="2"/>
        <line num="138" type="method" name="edit" visibility="public" complexity="1" crap="1" count="1"/>
        <line num="140" type="stmt" count="1"/>
        <line num="141" type="stmt" count="1"/>
        <line num="143" type="stmt" count="1"/>
        <line num="149" type="method" name="update" visibility="public" complexity="6" crap="6" count="9"/>
        <line num="152" type="stmt" count="9"/>
        <line num="154" type="stmt" count="9"/>
        <line num="155" type="stmt" count="9"/>
        <line num="156" type="stmt" count="9"/>
        <line num="157" type="stmt" count="9"/>
        <line num="158" type="stmt" count="9"/>
        <line num="159" type="stmt" count="9"/>
        <line num="160" type="stmt" count="9"/>
        <line num="163" type="stmt" count="8"/>
        <line num="165" type="stmt" count="2"/>
        <line num="166" type="stmt" count="1"/>
        <line num="170" type="stmt" count="2"/>
        <line num="171" type="stmt" count="2"/>
        <line num="172" type="stmt" count="2"/>
        <line num="173" type="stmt" count="1"/>
        <line num="176" type="stmt" count="6"/>
        <line num="179" type="stmt" count="7"/>
        <line num="180" type="stmt" count="7"/>
        <line num="181" type="stmt" count="7"/>
        <line num="182" type="stmt" count="7"/>
        <line num="183" type="stmt" count="7"/>
        <line num="184" type="stmt" count="7"/>
        <line num="185" type="stmt" count="7"/>
        <line num="187" type="stmt" count="7"/>
        <line num="188" type="stmt" count="2"/>
        <line num="189" type="stmt" count="1"/>
        <line num="190" type="stmt" count="1"/>
        <line num="191" type="stmt" count="1"/>
        <line num="198" type="method" name="destroy" visibility="public" complexity="4" crap="4" count="6"/>
        <line num="201" type="stmt" count="6"/>
        <line num="202" type="stmt" count="6"/>
        <line num="205" type="stmt" count="5"/>
        <line num="206" type="stmt" count="2"/>
        <line num="209" type="stmt" count="5"/>
        <line num="211" type="stmt" count="5"/>
        <line num="212" type="stmt" count="1"/>
        <line num="213" type="stmt" count="1"/>
        <metrics loc="217" ncloc="182" classes="1" methods="10" coveredmethods="10" conditionals="0" coveredconditionals="0" statements="92" coveredstatements="92" elements="102" coveredelements="102"/>
      </file>
      <file name="C:\Users\ASUS\Desktop\SENA\Nueva carpeta\app\Http\Controllers\UsuarioController.php">
        <class name="App\Http\Controllers\UsuarioController" namespace="App\Http\Controllers">
          <metrics complexity="22" methods="8" coveredmethods="8" conditionals="0" coveredconditionals="0" statements="100" coveredstatements="100" elements="108" coveredelements="108"/>
        </class>
        <line num="13" type="method" name="registro" visibility="public" complexity="1" crap="1" count="3"/>
        <line num="15" type="stmt" count="3"/>
        <line num="18" type="method" name="store" visibility="public" complexity="4" crap="4" count="44"/>
        <line num="20" type="stmt" count="44"/>
        <line num="21" type="stmt" count="44"/>
        <line num="22" type="stmt" count="44"/>
        <line num="23" type="stmt" count="44"/>
        <line num="24" type="stmt" count="44"/>
        <line num="25" type="stmt" count="44"/>
        <line num="26" type="stmt" count="44"/>
        <line num="27" type="stmt" count="44"/>
        <line num="28" type="stmt" count="44"/>
        <line num="29" type="stmt" count="44"/>
        <line num="30" type="stmt" count="44"/>
        <line num="31" type="stmt" count="44"/>
        <line num="32" type="stmt" count="44"/>
        <line num="34" type="stmt" count="22"/>
        <line num="35" type="stmt" count="22"/>
        <line num="36" type="stmt" count="22"/>
        <line num="39" type="stmt" count="22"/>
        <line num="41" type="stmt" count="22"/>
        <line num="45" type="stmt" count="22"/>
        <line num="46" type="stmt" count="22"/>
        <line num="47" type="stmt" count="11"/>
        <line num="49" type="stmt" count="22"/>
        <line num="50" type="stmt" count="22"/>
        <line num="52" type="stmt" count="1"/>
        <line num="56" type="stmt" count="22"/>
        <line num="57" type="stmt" count="22"/>
        <line num="58" type="stmt" count="22"/>
        <line num="61" type="method" name="inicioSesion" visibility="public" complexity="1" crap="1" count="3"/>
        <line num="63" type="stmt" count="3"/>
        <line num="66" type="method" name="autenticar" visibility="public" complexity="5" crap="5" count="40"/>
        <line num="68" type="stmt" count="40"/>
        <line num="69" type="stmt" count="40"/>
        <line num="70" type="stmt" count="40"/>
        <line num="71" type="stmt" count="40"/>
        <line num="73" type="stmt" count="35"/>
        <line num="75" type="stmt" count="35"/>
        <line num="77" type="stmt" count="28"/>
        <line num="78" type="stmt" count="28"/>
        <line num="81" type="stmt" count="28"/>
        <line num="82" type="stmt" count="28"/>
        <line num="83" type="stmt" count="28"/>
        <line num="84" type="stmt" count="28"/>
        <line num="85" type="stmt" count="28"/>
        <line num="87" type="stmt" count="28"/>
        <line num="89" type="stmt" count="28"/>
        <line num="90" type="stmt" count="14"/>
        <line num="92" type="stmt" count="28"/>
        <line num="94" type="stmt" count="28"/>
        <line num="95" type="stmt" count="2"/>
        <line num="99" type="stmt" count="26"/>
        <line num="101" type="stmt" count="7"/>
        <line num="105" type="method" name="cerrarSesion" visibility="public" complexity="1" crap="1" count="5"/>
        <line num="107" type="stmt" count="5"/>
        <line num="109" type="stmt" count="5"/>
        <line num="112" type="method" name="perfil" visibility="public" complexity="1" crap="1" count="6"/>
        <line num="115" type="stmt" count="6"/>
        <line num="118" type="stmt" count="6"/>
        <line num="121" type="stmt" count="6"/>
        <line num="124" type="method" name="updatePhoto" visibility="public" complexity="4" crap="4" count="23"/>
        <line num="126" type="stmt" count="23"/>
        <line num="129" type="stmt" count="23"/>
        <line num="130" type="stmt" count="23"/>
        <line num="131" type="stmt" count="4"/>
        <line num="134" type="stmt" count="19"/>
        <line num="136" type="stmt" count="19"/>
        <line num="137" type="stmt" count="19"/>
        <line num="138" type="stmt" count="19"/>
        <line num="141" type="stmt" count="13"/>
        <line num="142" type="stmt" count="4"/>
        <line num="146" type="stmt" count="13"/>
        <line num="147" type="stmt" count="13"/>
        <line num="148" type="stmt" count="13"/>
        <line num="151" type="stmt" count="13"/>
        <line num="152" type="stmt" count="13"/>
        <line num="154" type="stmt" count="13"/>
        <line num="155" type="stmt" count="13"/>
        <line num="156" type="stmt" count="13"/>
        <line num="157" type="stmt" count="13"/>
        <line num="158" type="stmt" count="13"/>
        <line num="167" type="method" name="validatePhotoUpdate" visibility="private" complexity="5" crap="5" count="23"/>
        <line num="169" type="stmt" count="23"/>
        <line num="170" type="stmt" count="23"/>
        <line num="171" type="stmt" count="23"/>
        <line num="173" type="stmt" count="23"/>
        <line num="174" type="stmt" count="1"/>
        <line num="175" type="stmt" count="1"/>
        <line num="177" type="stmt" count="22"/>
        <line num="178" type="stmt" count="22"/>
        <line num="179" type="stmt" count="1"/>
        <line num="180" type="stmt" count="1"/>
        <line num="182" type="stmt" count="21"/>
        <line num="183" type="stmt" count="21"/>
        <line num="184" type="stmt" count="2"/>
        <line num="185" type="stmt" count="2"/>
        <line num="190" type="stmt" count="23"/>
        <line num="191" type="stmt" count="4"/>
        <line num="192" type="stmt" count="4"/>
        <line num="193" type="stmt" count="4"/>
        <line num="194" type="stmt" count="4"/>
        <line num="195" type="stmt" count="4"/>
        <line num="198" type="stmt" count="19"/>
        <line num="199" type="stmt" count="19"/>
        <line num="200" type="stmt" count="19"/>
        <line num="201" type="stmt" count="19"/>
        <line num="202" type="stmt" count="19"/>
        <metrics loc="205" ncloc="183" classes="1" methods="8" coveredmethods="8" conditionals="0" coveredconditionals="0" statements="100" coveredstatements="100" elements="108" coveredelements="108"/>
      </file>
    </package>
    <package name="App\Http\Middleware">
      <file name="C:\Users\ASUS\Desktop\SENA\Nueva carpeta\app\Http\Middleware\RoleMiddleware.php">
        <class name="App\Http\Middleware\RoleMiddleware" namespace="App\Http\Middleware">
          <metrics complexity="5" methods="1" coveredmethods="1" conditionals="0" coveredconditionals="0" statements="31" coveredstatements="31" elements="32" coveredelements="32"/>
        </class>
        <line num="11" type="method" name="handle" visibility="public" complexity="5" crap="5" count="283"/>
        <line num="13" type="stmt" count="283"/>
        <line num="14" type="stmt" count="283"/>
        <line num="17" type="stmt" count="283"/>
        <line num="18" type="stmt" count="19"/>
        <line num="19" type="stmt" count="19"/>
        <line num="23" type="stmt" count="283"/>
        <line num="24" type="stmt" count="3"/>
        <line num="28" type="stmt" count="280"/>
        <line num="30" type="stmt" count="280"/>
        <line num="31" type="stmt" count="280"/>
        <line num="32" type="stmt" count="280"/>
        <line num="33" type="stmt" count="280"/>
        <line num="34" type="stmt" count="280"/>
        <line num="35" type="stmt" count="280"/>
        <line num="36" type="stmt" count="280"/>
        <line num="37" type="stmt" count="280"/>
        <line num="38" type="stmt" count="280"/>
        <line num="40" type="stmt" count="280"/>
        <line num="41" type="stmt" count="280"/>
        <line num="43" type="stmt" count="280"/>
        <line num="44" type="stmt" count="280"/>
        <line num="45" type="stmt" count="280"/>
        <line num="46" type="stmt" count="280"/>
        <line num="48" type="stmt" count="280"/>
        <line num="49" type="stmt" count="280"/>
        <line num="50" type="stmt" count="280"/>
        <line num="51" type="stmt" count="280"/>
        <line num="54" type="stmt" count="280"/>
        <line num="55" type="stmt" count="280"/>
        <line num="56" type="stmt" count="24"/>
        <line num="59" type="stmt" count="256"/>
        <metrics loc="62" ncloc="58" classes="1" methods="1" coveredmethods="1" conditionals="0" coveredconditionals="0" statements="31" coveredstatements="31" elements="32" coveredelements="32"/>
      </file>
    </package>
    <package name="App\Models">
      <file name="C:\Users\ASUS\Desktop\SENA\Nueva carpeta\app\Models\Calendario.php">
        <class name="App\Models\Calendario" namespace="App\Models">
          <metrics complexity="3" methods="3" coveredmethods="3" conditionals="0" coveredconditionals="0" statements="3" coveredstatements="3" elements="6" coveredelements="6"/>
        </class>
[...]
        <line num="27" type="stmt" count="41"/>
        <line num="28" type="stmt" count="1"/>
        <line num="30" type="stmt" count="40"/>
        <line num="31" type="stmt" count="40"/>
        <line num="32" type="stmt" count="6"/>
        <line num="34" type="stmt" count="40"/>
        <line num="35" type="stmt" count="40"/>
        <line num="36" type="stmt" count="40"/>
        <line num="37" type="stmt" count="40"/>
        <line num="38" type="stmt" count="2"/>
        <line num="41" type="stmt" count="40"/>
        <line num="44" type="method" name="generarSugerenciasPorToken" visibility="public" complexity="3" crap="3" count="54"/>
        <line num="46" type="stmt" count="54"/>
        <line num="47" type="stmt" count="54"/>
        <line num="48" type="stmt" count="54"/>
        <line num="49" type="stmt" count="6"/>
        <line num="52" type="stmt" count="48"/>
        <line num="53" type="stmt" count="48"/>
        <line num="54" type="stmt" count="1"/>
        <line num="57" type="stmt" count="47"/>
        <line num="59" type="stmt" count="47"/>
        <line num="62" type="method" name="fallbackTokenHints" visibility="public" complexity="3" crap="3" count="10"/>
        <line num="64" type="stmt" count="10"/>
        <line num="65" type="stmt" count="10"/>
        <line num="66" type="stmt" count="10"/>
        <line num="67" type="stmt" count="10"/>
        <line num="68" type="stmt" count="4"/>
        <line num="71" type="stmt" count="6"/>
        <line num="74" type="method" name="extraerMejorSugerencia" visibility="public" complexity="4" crap="4" count="16"/>
        <line num="76" type="stmt" count="16"/>
        <line num="77" type="stmt" count="4"/>
        <line num="79" type="stmt" count="12"/>
        <line num="80" type="stmt" count="12"/>
        <line num="81" type="stmt" count="12"/>
        <line num="83" type="stmt" count="12"/>
        <line num="86" type="method" name="obtenerVocabularioCorreccion" visibility="protected" complexity="10" crap="10" count="92"/>
        <line num="88" type="stmt" count="92"/>
        <line num="89" type="stmt" count="92"/>
        <line num="90" type="stmt" count="92"/>
        <line num="91" type="stmt" count="92"/>
        <line num="92" type="stmt" count="92"/>
        <line num="93" type="stmt" count="92"/>
        <line num="94" type="stmt" count="92"/>
        <line num="95" type="stmt" count="92"/>
        <line num="99" type="stmt" count="92"/>
        <line num="100" type="stmt" count="91"/>
        <line num="101" type="stmt" count="27"/>
        <line num="102" type="stmt" count="27"/>
        <line num="103" type="stmt" count="27"/>
        <line num="104" type="stmt" count="27"/>
        <line num="105" type="stmt" count="1"/>
        <line num="107" type="stmt" count="27"/>
        <line num="108" type="stmt" count="27"/>
        <line num="109" type="stmt" count="27"/>
        <line num="113" type="stmt" count="1"/>
        <line num="117" type="stmt" count="92"/>
        <line num="120" type="method" name="extraerTokensDelMensaje" visibility="private" complexity="3" crap="3" count="40"/>
        <line num="122" type="stmt" count="40"/>
        <line num="124" type="stmt" count="40"/>
        <line num="125" type="stmt" count="40"/>
        <line num="127" type="stmt" count="40"/>
        <line num="128" type="stmt" count="40"/>
        <line num="131" type="method" name="calcularScoresSugerencias" visibility="private" complexity="7" crap="7" count="40"/>
        <line num="133" type="stmt" count="40"/>
        <line num="134" type="stmt" count="40"/>
        <line num="135" type="stmt" count="40"/>
        <line num="136" type="stmt" count="40"/>
        <line num="137" type="stmt" count="40"/>
        <line num="138" type="stmt" count="40"/>
        <line num="140" type="stmt" count="40"/>
        <line num="141" type="stmt" count="40"/>
        <line num="142" type="stmt" count="40"/>
        <line num="143" type="stmt" count="40"/>
        <line num="145" type="stmt" count="40"/>
        <line num="146" type="stmt" count="40"/>
        <line num="148" type="stmt" count="38"/>
        <line num="152" type="stmt" count="40"/>
        <line num="155" type="method" name="filtrarTokensValidos" visibility="protected" complexity="7" crap="7" count="53"/>
        <line num="157" type="stmt" count="53"/>
        <line num="158" type="stmt" count="53"/>
        <line num="159" type="stmt" count="53"/>
        <line num="160" type="stmt" count="53"/>
        <line num="161" type="stmt" count="53"/>
        <line num="162" type="stmt" count="53"/>
        <line num="163" type="stmt" count="53"/>
        <line num="164" type="stmt" count="6"/>
        <line num="166" type="stmt" count="51"/>
        <line num="167" type="stmt" count="3"/>
        <line num="169" type="stmt" count="50"/>
        <line num="170" type="stmt" count="12"/>
        <line num="172" type="stmt" count="49"/>
        <line num="173" type="stmt" count="4"/>
        <line num="175" type="stmt" count="47"/>
        <line num="178" type="stmt" count="53"/>
        <line num="181" type="method" name="encontrarTokenMasRaro" visibility="protected" complexity="2" crap="2" count="47"/>
        <line num="183" type="stmt" count="47"/>
        <line num="184" type="stmt" count="47"/>
        <line num="185" type="stmt" count="47"/>
        <line num="186" type="stmt" count="47"/>
        <line num="187" type="stmt" count="47"/>
        <line num="189" type="stmt" count="47"/>
        <line num="191" type="stmt" count="47"/>
        <line num="194" type="method" name="calcularMaximaSimilitud" visibility="private" complexity="3" crap="3" count="47"/>
        <line num="196" type="stmt" count="47"/>
        <line num="197" type="stmt" count="47"/>
        <line num="198" type="stmt" count="47"/>
        <line num="199" type="stmt" count="47"/>
        <line num="200" type="stmt" count="47"/>
        <line num="201" type="stmt" count="47"/>
        <line num="205" type="stmt" count="47"/>
        <line num="208" type="method" name="generarSugerenciasParaToken" visibility="private" complexity="3" crap="3" count="47"/>
        <line num="210" type="stmt" count="47"/>
        <line num="211" type="stmt" count="47"/>
        <line num="212" type="stmt" count="47"/>
        <line num="213" type="stmt" count="47"/>
        <line num="214" type="stmt" count="47"/>
        <line num="215" type="stmt" count="47"/>
        <line num="216" type="stmt" count="47"/>
        <line num="219" type="stmt" count="47"/>
        <line num="221" type="stmt" count="47"/>
        <metrics loc="224" ncloc="223" classes="1" methods="12" coveredmethods="12" conditionals="0" coveredconditionals="0" statements="112" coveredstatements="112" elements="124" coveredelements="124"/>
      </file>
      <file name="C:\Users\ASUS\Desktop\SENA\Nueva carpeta\app\Services\ChatbotTextProcessor.php">
        <class name="App\Services\ChatbotTextProcessor" namespace="App\Services">
          <metrics complexity="49" methods="13" coveredmethods="13" conditionals="0" coveredconditionals="0" statements="150" coveredstatements="150" elements="163" coveredelements="163"/>
        </class>
        <line num="23" type="method" name="normalizarTexto" visibility="public" complexity="1" crap="1" count="291"/>
        <line num="25" type="stmt" count="291"/>
        <line num="26" type="stmt" count="291"/>
        <line num="27" type="stmt" count="291"/>
        <line num="28" type="stmt" count="291"/>
        <line num="30" type="stmt" count="291"/>
        <line num="33" type="method" name="corregirOrtografia" visibility="public" complexity="7" crap="7" count="90"/>
        <line num="35" type="stmt" count="90"/>
        <line num="36" type="stmt" count="90"/>
        <line num="37" type="stmt" count="90"/>
        <line num="38" type="stmt" count="90"/>
        <line num="39" type="stmt" count="90"/>
        <line num="40" type="stmt" count="90"/>
        <line num="41" type="stmt" count="90"/>
        <line num="42" type="stmt" count="90"/>
        <line num="43" type="stmt" count="90"/>
        <line num="44" type="stmt" count="90"/>
        <line num="45" type="stmt" count="90"/>
        <line num="46" type="stmt" count="90"/>
        <line num="47" type="stmt" count="90"/>
        <line num="48" type="stmt" count="90"/>
        <line num="49" type="stmt" count="90"/>
        <line num="50" type="stmt" count="90"/>
        <line num="51" type="stmt" count="90"/>
        <line num="52" type="stmt" count="90"/>
        <line num="53" type="stmt" count="90"/>
        <line num="54" type="stmt" count="90"/>
        <line num="55" type="stmt" count="90"/>
        <line num="56" type="stmt" count="90"/>
        <line num="57" type="stmt" count="90"/>
        <line num="58" type="stmt" count="90"/>
        <line num="59" type="stmt" count="90"/>
        <line num="60" type="stmt" count="90"/>
        <line num="61" type="stmt" count="90"/>
        <line num="62" type="stmt" count="90"/>
        <line num="63" type="stmt" count="90"/>
        <line num="64" type="stmt" count="90"/>
        <line num="65" type="stmt" count="90"/>
        <line num="66" type="stmt" count="90"/>
        <line num="67" type="stmt" count="90"/>
        <line num="68" type="stmt" count="90"/>
        <line num="70" type="stmt" count="90"/>
        <line num="71" type="stmt" count="90"/>
        <line num="72" type="stmt" count="90"/>
        <line num="73" type="stmt" count="90"/>
        <line num="76" type="stmt" count="90"/>
        <line num="77" type="stmt" count="90"/>
        <line num="78" type="stmt" count="90"/>
        <line num="79" type="stmt" count="90"/>
        <line num="80" type="stmt" count="90"/>
        <line num="81" type="stmt" count="90"/>
        <line num="82" type="stmt" count="90"/>
        <line num="83" type="stmt" count="32"/>
        <line num="85" type="stmt" count="32"/>
        <line num="87" type="stmt" count="86"/>
        <line num="88" type="stmt" count="86"/>
        <line num="90" type="stmt" count="90"/>
        <line num="91" type="stmt" count="90"/>
        <line num="92" type="stmt" count="90"/>
        <line num="95" type="stmt" count="90"/>
        <line num="98" type="method" name="extraerTokens" visibility="public" complexity="3" crap="3" count="18"/>
        <line num="100" type="stmt" count="18"/>
        <line num="101" type="stmt" count="18"/>
        <line num="102" type="stmt" count="18"/>
        <line num="103" type="stmt" count="2"/>
        <line num="105" type="stmt" count="16"/>
        <line num="106" type="stmt" count="4"/>
        <line num="109" type="stmt" count="16"/>
        <line num="110" type="stmt" count="18"/>
        <line num="113" type="method" name="esContinuacion" visibility="public" complexity="4" crap="4" count="43"/>
        <line num="115" type="stmt" count="43"/>
        <line num="116" type="stmt" count="10"/>
        <line num="118" type="stmt" count="33"/>
        <line num="119" type="stmt" count="33"/>
        <line num="120" type="stmt" count="33"/>
        <line num="121" type="stmt" count="33"/>
        <line num="122" type="stmt" count="33"/>
        <line num="123" type="stmt" count="33"/>
        <line num="124" type="stmt" count="33"/>
        <line num="125" type="stmt" count="16"/>
        <line num="129" type="stmt" count="17"/>
        <line num="132" type="method" name="verificarSiEsAgregado" visibility="public" complexity="3" crap="3" count="24"/>
        <line num="134" type="stmt" count="24"/>
        <line num="135" type="stmt" count="24"/>
        <line num="136" type="stmt" count="24"/>
        <line num="137" type="stmt" count="12"/>
        <line num="141" type="stmt" count="12"/>
        <line num="144" type="method" name="verificarSoloDias" visibility="public" complexity="2" crap="2" count="20"/>
        <line num="146" type="stmt" count="20"/>
        <line num="147" type="stmt" count="20"/>
        <line num="149" type="stmt" count="20"/>
        <line num="152" type="method" name="extraerDiasDesdePalabras" visibility="public" complexity="3" crap="3" count="36"/>
        <line num="154" type="stmt" count="36"/>
        <line num="155" type="stmt" count="36"/>
        <line num="156" type="stmt" count="36"/>
        <line num="157" type="stmt" count="36"/>
        <line num="158" type="stmt" count="36"/>
        <line num="159" type="stmt" count="36"/>
        <line num="160" type="stmt" count="36"/>
        <line num="161" type="stmt" count="36"/>
        <line num="162" type="stmt" count="36"/>
        <line num="163" type="stmt" count="36"/>
        <line num="164" type="stmt" count="36"/>
        <line num="165" type="stmt" count="36"/>
        <line num="166" type="stmt" count="36"/>
        <line num="167" type="stmt" count="36"/>
        <line num="168" type="stmt" count="36"/>
        <line num="169" type="stmt" count="14"/>
        <line num="173" type="stmt" count="22"/>
        <line num="176" type="method" name="obtenerVocabularioCorreccion" visibility="private" complexity="10" crap="10" count="92"/>
        <line num="178" type="stmt" count="92"/>
        <line num="179" type="stmt" count="92"/>
        <line num="180" type="stmt" count="92"/>
        <line num="181" type="stmt" count="92"/>
        <line num="182" type="stmt" count="92"/>
        <line num="183" type="stmt" count="92"/>
        <line num="184" type="stmt" count="92"/>
        <line num="185" type="stmt" count="92"/>
        <line num="189" type="stmt" count="92"/>
        <line num="190" type="stmt" count="91"/>
        <line num="191" type="stmt" count="32"/>
        <line num="192" type="stmt" count="32"/>
        <line num="193" type="stmt" count="32"/>
        <line num="194" type="stmt" count="32"/>
        <line num="195" type="stmt" count="1"/>
        <line num="197" type="stmt" count="32"/>
        <line num="198" type="stmt" count="32"/>
        <line num="199" type="stmt" count="32"/>
        <line num="203" type="stmt" count="1"/>
        <line num="207" type="stmt" count="92"/>
        <line num="210" type="method" name="buscarCorreccionCercana" visibility="private" complexity="5" crap="5" count="86"/>
        <line num="212" type="stmt" count="86"/>
        <line num="213" type="stmt" count="86"/>
        <line num="214" type="stmt" count="86"/>
        <line num="215" type="stmt" count="86"/>
        <line num="216" type="stmt" count="86"/>
        <line num="217" type="stmt" count="86"/>
        <line num="218" type="stmt" count="86"/>
        <line num="219" type="stmt" count="73"/>
        <line num="221" type="stmt" count="78"/>
        <line num="222" type="stmt" count="78"/>
        <line num="223" type="stmt" count="78"/>
        <line num="224" type="stmt" count="78"/>
        <line num="225" type="stmt" count="78"/>
        <line num="226" type="stmt" count="78"/>
        <line num="227" type="stmt" count="66"/>
        <line num="232" type="stmt" count="86"/>
        <line num="235" type="method" name="esTerminoValidoParaCorreccion" visibility="private" complexity="2" crap="2" count="86"/>
        <line num="237" type="stmt" count="86"/>
        <line num="238" type="stmt" count="86"/>
        <line num="239" type="stmt" count="72"/>
        <line num="242" type="stmt" count="85"/>
        <line num="245" type="method" name="calcularSimilitud" visibility="private" complexity="2" crap="2" count="78"/>
        <line num="247" type="stmt" count="78"/>
        <line num="248" type="stmt" count="78"/>
        <line num="249" type="stmt" count="78"/>
        <line num="251" type="stmt" count="78"/>
        <line num="254" type="method" name="esMejorCorreccion" visibility="private" complexity="3" crap="3" count="78"/>
        <line num="256" type="stmt" count="78"/>
        <line num="259" type="method" name="validarCorreccion" visibility="private" complexity="4" crap="4" count="86"/>
        <line num="261" type="stmt" count="86"/>
        <line num="262" type="stmt" count="68"/>
        <line num="265" type="stmt" count="51"/>
        <metrics loc="268" ncloc="267" classes="1" methods="13" coveredmethods="13" conditionals="0" coveredconditionals="0" statements="150" coveredstatements="150" elements="163" coveredelements="163"/>
      </file>
      <file name="C:\Users\ASUS\Desktop\SENA\Nueva carpeta\app\Services\RagService.php">
        <class name="App\Services\RagService" namespace="App\Services">
          <metrics complexity="3" methods="1" coveredmethods="1" conditionals="0" coveredconditionals="0" statements="11" coveredstatements="11" elements="12" coveredelements="12"/>
        </class>
        <line num="13" type="method" name="recuperarContexto" visibility="public" complexity="3" crap="3" count="5"/>
        <line num="16" type="stmt" count="5"/>
        <line num="17" type="stmt" count="5"/>
        <line num="18" type="stmt" count="5"/>
        <line num="19" type="stmt" count="5"/>
        <line num="20" type="stmt" count="5"/>
        <line num="22" type="stmt" count="5"/>
        <line num="23" type="stmt" count="1"/>
        <line num="27" type="stmt" count="4"/>
        <line num="28" type="stmt" count="4"/>
        <line num="29" type="stmt" count="4"/>
        <line num="32" type="stmt" count="4"/>
        <metrics loc="35" ncloc="29" classes="1" methods="1" coveredmethods="1" conditionals="0" coveredconditionals="0" statements="11" coveredstatements="11" elements="12" coveredelements="12"/>
      </file>
      <file name="C:\Users\ASUS\Desktop\SENA\Nueva carpeta\app\Services\ReservaService.php">
        <class name="App\Services\ReservaService" namespace="App\Services">
          <metrics complexity="5" methods="2" coveredmethods="2" conditionals="0" coveredconditionals="0" statements="29" coveredstatements="29" elements="31" coveredelements="31"/>
        </class>
        <line num="14" type="method" name="actualizarReservaVinculada" visibility="public" complexity="3" crap="3" count="5"/>
        <line num="16" type="stmt" count="5"/>
        <line num="17" type="stmt" count="5"/>
        <line num="18" type="stmt" count="4"/>
        <line num="21" type="stmt" count="1"/>
        <line num="22" type="stmt" count="1"/>
        <line num="23" type="stmt" count="1"/>
        <line num="24" type="stmt" count="1"/>
        <line num="25" type="stmt" count="1"/>
        <line num="26" type="stmt" count="1"/>
        <line num="27" type="stmt" count="1"/>
        <line num="28" type="stmt" count="1"/>
        <line num="29" type="stmt" count="1"/>
        <line num="30" type="stmt" count="1"/>
        <line num="32" type="stmt" count="1"/>
        <line num="33" type="stmt" count="1"/>
        <line num="34" type="stmt" count="1"/>
        <line num="41" type="method" name="actualizarReservaFormatoAntiguo" visibility="public" complexity="2" crap="2" count="6"/>
        <line num="43" type="stmt" count="6"/>
        <line num="44" type="stmt" count="6"/>
        <line num="45" type="stmt" count="4"/>
        <line num="48" type="stmt" count="2"/>
        <line num="49" type="stmt" count="2"/>
        <line num="50" type="stmt" count="2"/>
        <line num="51" type="stmt" count="2"/>
        <line num="52" type="stmt" count="2"/>
        <line num="53" type="stmt" count="2"/>
        <line num="54" type="stmt" count="2"/>
        <line num="55" type="stmt" count="2"/>
        <line num="56" type="stmt" count="2"/>
        <line num="57" type="stmt" count="2"/>
        <metrics loc="60" ncloc="54" classes="1" methods="2" coveredmethods="2" conditionals="0" coveredconditionals="0" statements="29" coveredstatements="29" elements="31" coveredelements="31"/>
      </file>
    </package>
    <metrics files="44" loc="5175" ncloc="4763" classes="40" methods="224" coveredmethods="224" conditionals="0" coveredconditionals="0" statements="2279" coveredstatements="2279" elements="2503" coveredelements="2503"/>
  </project>
</coverage>
