<?xml version="1.0" encoding="UTF-8"?>
<testsuites>
  <testsuite name="C:\Users\ASUS\Desktop\SENA\Nueva carpeta\phpunit.xml" tests="329" assertions="521" errors="40" failures="0" skipped="3" time="14.415326">
    <testsuite name="Unit" tests="328" assertions="518" errors="40" failures="0" skipped="3" time="14.347189">
      <testsuite name="Tests\Unit\AjustesControllerUnitTest" file="C:\Users\ASUS\Desktop\SENA\Nueva carpeta\tests\Unit\AjustesControllerUnitTest.php" tests="25" assertions="41" errors="10" failures="0" skipped="0" time="2.703932">
        <testcase name="test_index_sin_parametros" file="C:\Users\ASUS\Desktop\SENA\Nueva carpeta\tests\Unit\AjustesControllerUnitTest.php" line="58" class="Tests\Unit\AjustesControllerUnitTest" classname="Tests.Unit.AjustesControllerUnitTest" assertions="8" time="0.867406"/>
        <testcase name="test_index_con_group_by_dia" file="C:\Users\ASUS\Desktop\SENA\Nueva carpeta\tests\Unit\AjustesControllerUnitTest.php" line="82" class="Tests\Unit\AjustesControllerUnitTest" classname="Tests.Unit.AjustesControllerUnitTest" assertions="3" time="0.044464"/>
        <testcase name="test_index_con_group_by_consulta" file="C:\Users\ASUS\Desktop\SENA\Nueva carpeta\tests\Unit\AjustesControllerUnitTest.php" line="93" class="Tests\Unit\AjustesControllerUnitTest" classname="Tests.Unit.AjustesControllerUnitTest" assertions="3" time="0.048962"/>
        <testcase name="test_index_con_tab_especifico" file="C:\Users\ASUS\Desktop\SENA\Nueva carpeta\tests\Unit\AjustesControllerUnitTest.php" line="104" class="Tests\Unit\AjustesControllerUnitTest" classname="Tests.Unit.AjustesControllerUnitTest" assertions="2" time="0.048965"/>
        <testcase name="test_index_con_tab_subservicios" file="C:\Users\ASUS\Desktop\SENA\Nueva carpeta\tests\Unit\AjustesControllerUnitTest.php" line="114" class="Tests\Unit\AjustesControllerUnitTest" classname="Tests.Unit.AjustesControllerUnitTest" assertions="2" time="0.047285"/>
        <testcase name="test_index_con_tab_movimientos" file="C:\Users\ASUS\Desktop\SENA\Nueva carpeta\tests\Unit\AjustesControllerUnitTest.php" line="124" class="Tests\Unit\AjustesControllerUnitTest" classname="Tests.Unit.AjustesControllerUnitTest" assertions="2" time="0.043293"/>
        <testcase name="test_index_con_tab_invalido" file="C:\Users\ASUS\Desktop\SENA\Nueva carpeta\tests\Unit\AjustesControllerUnitTest.php" line="134" class="Tests\Unit\AjustesControllerUnitTest" classname="Tests.Unit.AjustesControllerUnitTest" assertions="2" time="0.044327"/>
        <testcase name="test_index_con_cotizaciones" file="C:\Users\ASUS\Desktop\SENA\Nueva carpeta\tests\Unit\AjustesControllerUnitTest.php" line="145" class="Tests\Unit\AjustesControllerUnitTest" classname="Tests.Unit.AjustesControllerUnitTest" assertions="0" time="0.057243">
          <error type="Illuminate\Database\QueryException">Tests\Unit\AjustesControllerUnitTest::test_index_con_cotizaciones&#13;
Illuminate\Database\QueryException: SQLSTATE[23000]: Integrity constraint violation: 19 NOT NULL constraint failed: personas.primer_apellido (Connection: sqlite, SQL: insert into "personas" ("primer_nombre", "correo", "contrasena", "updated_at", "created_at") values (Test, test@test.com, password, 2025-11-28 23:17:12, 2025-11-28 23:17:12))
&#13;
C:\Users\ASUS\Desktop\SENA\Nueva carpeta\vendor\laravel\framework\src\Illuminate\Database\Connection.php:824
C:\Users\ASUS\Desktop\SENA\Nueva carpeta\vendor\laravel\framework\src\Illuminate\Database\Connection.php:778
C:\Users\ASUS\Desktop\SENA\Nueva carpeta\vendor\laravel\framework\src\Illuminate\Database\Connection.php:559
C:\Users\ASUS\Desktop\SENA\Nueva carpeta\vendor\laravel\framework\src\Illuminate\Database\Connection.php:523
C:\Users\ASUS\Desktop\SENA\Nueva carpeta\vendor\laravel\framework\src\Illuminate\Database\Query\Processors\Processor.php:32
C:\Users\ASUS\Desktop\SENA\Nueva carpeta\vendor\laravel\framework\src\Illuminate\Database\Query\Builder.php:3853
C:\Users\ASUS\Desktop\SENA\Nueva carpeta\vendor\laravel\framework\src\Illuminate\Database\Eloquent\Builder.php:2205
C:\Users\ASUS\Desktop\SENA\Nueva carpeta\vendor\laravel\framework\src\Illuminate\Database\Eloquent\Model.php:1427
C:\Users\ASUS\Desktop\SENA\Nueva carpeta\vendor\laravel\framework\src\Illuminate\Database\Eloquent\Model.php:1392
C:\Users\ASUS\Desktop\SENA\Nueva carpeta\vendor\laravel\framework\src\Illuminate\Database\Eloquent\Model.php:1231
C:\Users\ASUS\Desktop\SENA\Nueva carpeta\vendor\laravel\framework\src\Illuminate\Database\Eloquent\Builder.php:1189
C:\Users\ASUS\Desktop\SENA\Nueva carpeta\vendor\laravel\framework\src\Illuminate\Support\helpers.php:399
C:\Users\ASUS\Desktop\SENA\Nueva carpeta\vendor\laravel\framework\src\Illuminate\Database\Eloquent\Builder.php:1188
C:\Users\ASUS\Desktop\SENA\Nueva carpeta\vendor\laravel\framework\src\Illuminate\Support\Traits\ForwardsCalls.php:23
C:\Users\ASUS\Desktop\SENA\Nueva carpeta\vendor\laravel\framework\src\Illuminate\Database\Eloquent\Model.php:2518
C:\Users\ASUS\Desktop\SENA\Nueva carpeta\vendor\laravel\framework\src\Illuminate\Database\Eloquent\Model.php:2534
C:\Users\ASUS\Desktop\SENA\Nueva carpeta\tests\Unit\AjustesControllerUnitTest.php:147</error>
        </testcase>
        <testcase name="test_export_historial_pdf_sin_group_by" file="C:\Users\ASUS\Desktop\SENA\Nueva carpeta\tests\Unit\AjustesControllerUnitTest.php" line="180" class="Tests\Unit\AjustesControllerUnitTest" classname="Tests.Unit.AjustesControllerUnitTest" assertions="2" time="0.487276"/>
        <testcase name="test_export_historial_pdf_con_group_by" file="C:\Users\ASUS\Desktop\SENA\Nueva carpeta\tests\Unit\AjustesControllerUnitTest.php" line="190" class="Tests\Unit\AjustesControllerUnitTest" classname="Tests.Unit.AjustesControllerUnitTest" assertions="2" time="0.330801"/>
        <testcase name="test_export_historial_pdf_con_group_by_consulta" file="C:\Users\ASUS\Desktop\SENA\Nueva carpeta\tests\Unit\AjustesControllerUnitTest.php" line="199" class="Tests\Unit\AjustesControllerUnitTest" classname="Tests.Unit.AjustesControllerUnitTest" assertions="0" time="0.042855">
          <error type="Illuminate\Database\QueryException">Tests\Unit\AjustesControllerUnitTest::test_export_historial_pdf_con_group_by_consulta&#13;
Illuminate\Database\QueryException: SQLSTATE[23000]: Integrity constraint violation: 19 NOT NULL constraint failed: personas.primer_apellido (Connection: sqlite, SQL: insert into "personas" ("primer_nombre", "correo", "contrasena", "updated_at", "created_at") values (Test, test@test.com, password, 2025-11-28 23:17:13, 2025-11-28 23:17:13))
&#13;
C:\Users\ASUS\Desktop\SENA\Nueva carpeta\vendor\laravel\framework\src\Illuminate\Database\Connection.php:824
C:\Users\ASUS\Desktop\SENA\Nueva carpeta\vendor\laravel\framework\src\Illuminate\Database\Connection.php:778
C:\Users\ASUS\Desktop\SENA\Nueva carpeta\vendor\laravel\framework\src\Illuminate\Database\Connection.php:559
C:\Users\ASUS\Desktop\SENA\Nueva carpeta\vendor\laravel\framework\src\Illuminate\Database\Connection.php:523
C:\Users\ASUS\Desktop\SENA\Nueva carpeta\vendor\laravel\framework\src\Illuminate\Database\Query\Processors\Processor.php:32
C:\Users\ASUS\Desktop\SENA\Nueva carpeta\vendor\laravel\framework\src\Illuminate\Database\Query\Builder.php:3853
C:\Users\ASUS\Desktop\SENA\Nueva carpeta\vendor\laravel\framework\src\Illuminate\Database\Eloquent\Builder.php:2205
C:\Users\ASUS\Desktop\SENA\Nueva carpeta\vendor\laravel\framework\src\Illuminate\Database\Eloquent\Model.php:1427
C:\Users\ASUS\Desktop\SENA\Nueva carpeta\vendor\laravel\framework\src\Illuminate\Database\Eloquent\Model.php:1392
C:\Users\ASUS\Desktop\SENA\Nueva carpeta\vendor\laravel\framework\src\Illuminate\Database\Eloquent\Model.php:1231
C:\Users\ASUS\Desktop\SENA\Nueva carpeta\vendor\laravel\framework\src\Illuminate\Database\Eloquent\Builder.php:1189
C:\Users\ASUS\Desktop\SENA\Nueva carpeta\vendor\laravel\framework\src\Illuminate\Support\helpers.php:399
C:\Users\ASUS\Desktop\SENA\Nueva carpeta\vendor\laravel\framework\src\Illuminate\Database\Eloquent\Builder.php:1188
C:\Users\ASUS\Desktop\SENA\Nueva carpeta\vendor\laravel\framework\src\Illuminate\Support\Traits\ForwardsCalls.php:23
C:\Users\ASUS\Desktop\SENA\Nueva carpeta\vendor\laravel\framework\src\Illuminate\Database\Eloquent\Model.php:2518
C:\Users\ASUS\Desktop\SENA\Nueva carpeta\vendor\laravel\framework\src\Illuminate\Database\Eloquent\Model.php:2534
C:\Users\ASUS\Desktop\SENA\Nueva carpeta\tests\Unit\AjustesControllerUnitTest.php:201</error>
        </testcase>
        <testcase name="test_get_subservicios" file="C:\Users\ASUS\Desktop\SENA\Nueva carpeta\tests\Unit\AjustesControllerUnitTest.php" line="233" class="Tests\Unit\AjustesControllerUnitTest" classname="Tests.Unit.AjustesControllerUnitTest" assertions="4" time="0.055013"/>
        <testcase name="test_group_by_opciones_validas" file="C:\Users\ASUS\Desktop\SENA\Nueva carpeta\tests\Unit\AjustesControllerUnitTest.php" line="255" class="Tests\Unit\AjustesControllerUnitTest" classname="Tests.Unit.AjustesControllerUnitTest" assertions="3" time="0.038561"/>
        <testcase name="test_tab_opciones_validas" file="C:\Users\ASUS\Desktop\SENA\Nueva carpeta\tests\Unit\AjustesControllerUnitTest.php" line="264" class="Tests\Unit\AjustesControllerUnitTest" classname="Tests.Unit.AjustesControllerUnitTest" assertions="3" time="0.038526"/>
        <testcase name="test_active_tab_default" file="C:\Users\ASUS\Desktop\SENA\Nueva carpeta\tests\Unit\AjustesControllerUnitTest.php" line="273" class="Tests\Unit\AjustesControllerUnitTest" classname="Tests.Unit.AjustesControllerUnitTest" assertions="1" time="0.041227"/>
        <testcase name="test_active_tab_con_group_by" file="C:\Users\ASUS\Desktop\SENA\Nueva carpeta\tests\Unit\AjustesControllerUnitTest.php" line="281" class="Tests\Unit\AjustesControllerUnitTest" classname="Tests.Unit.AjustesControllerUnitTest" assertions="1" time="0.037578"/>
        <testcase name="test_group_cotizaciones_por_dia" file="C:\Users\ASUS\Desktop\SENA\Nueva carpeta\tests\Unit\AjustesControllerUnitTest.php" line="289" class="Tests\Unit\AjustesControllerUnitTest" classname="Tests.Unit.AjustesControllerUnitTest" assertions="0" time="0.048609">
          <error type="Illuminate\Database\QueryException">Tests\Unit\AjustesControllerUnitTest::test_group_cotizaciones_por_dia&#13;
Illuminate\Database\QueryException: SQLSTATE[23000]: Integrity constraint violation: 19 NOT NULL constraint failed: personas.primer_apellido (Connection: sqlite, SQL: insert into "personas" ("primer_nombre", "correo", "contrasena", "updated_at", "created_at") values (Test, test@test.com, password, 2025-11-28 23:17:13, 2025-11-28 23:17:13))
&#13;
C:\Users\ASUS\Desktop\SENA\Nueva carpeta\vendor\laravel\framework\src\Illuminate\Database\Connection.php:824
C:\Users\ASUS\Desktop\SENA\Nueva carpeta\vendor\laravel\framework\src\Illuminate\Database\Connection.php:778
C:\Users\ASUS\Desktop\SENA\Nueva carpeta\vendor\laravel\framework\src\Illuminate\Database\Connection.php:559
C:\Users\ASUS\Desktop\SENA\Nueva carpeta\vendor\laravel\framework\src\Illuminate\Database\Connection.php:523
C:\Users\ASUS\Desktop\SENA\Nueva carpeta\vendor\laravel\framework\src\Illuminate\Database\Query\Processors\Processor.php:32
C:\Users\ASUS\Desktop\SENA\Nueva carpeta\vendor\laravel\framework\src\Illuminate\Database\Query\Builder.php:3853
C:\Users\ASUS\Desktop\SENA\Nueva carpeta\vendor\laravel\framework\src\Illuminate\Database\Eloquent\Builder.php:2205
C:\Users\ASUS\Desktop\SENA\Nueva carpeta\vendor\laravel\framework\src\Illuminate\Database\Eloquent\Model.php:1427
C:\Users\ASUS\Desktop\SENA\Nueva carpeta\vendor\laravel\framework\src\Illuminate\Database\Eloquent\Model.php:1392
C:\Users\ASUS\Desktop\SENA\Nueva carpeta\vendor\laravel\framework\src\Illuminate\Database\Eloquent\Model.php:1231
C:\Users\ASUS\Desktop\SENA\Nueva carpeta\vendor\laravel\framework\src\Illuminate\Database\Eloquent\Builder.php:1189
C:\Users\ASUS\Desktop\SENA\Nueva carpeta\vendor\laravel\framework\src\Illuminate\Support\helpers.php:399
C:\Users\ASUS\Desktop\SENA\Nueva carpeta\vendor\laravel\framework\src\Illuminate\Database\Eloquent\Builder.php:1188
C:\Users\ASUS\Desktop\SENA\Nueva carpeta\vendor\laravel\framework\src\Illuminate\Support\Traits\ForwardsCalls.php:23
C:\Users\ASUS\Desktop\SENA\Nueva carpeta\vendor\laravel\framework\src\Illuminate\Database\Eloquent\Model.php:2518
C:\Users\ASUS\Desktop\SENA\Nueva carpeta\vendor\laravel\framework\src\Illuminate\Database\Eloquent\Model.php:2534
C:\Users\ASUS\Desktop\SENA\Nueva carpeta\tests\Unit\AjustesControllerUnitTest.php:291</error>
        </testcase>
        <testcase name="test_group_cotizaciones_por_consulta" file="C:\Users\ASUS\Desktop\SENA\Nueva carpeta\tests\Unit\AjustesControllerUnitTest.php" line="320" class="Tests\Unit\AjustesControllerUnitTest" classname="Tests.Unit.AjustesControllerUnitTest" assertions="0" time="0.046519">
          <error type="Illuminate\Database\QueryException">Tests\Unit\AjustesControllerUnitTest::test_group_cotizaciones_por_consulta&#13;
Illuminate\Database\QueryException: SQLSTATE[23000]: Integrity constraint violation: 19 NOT NULL constraint failed: personas.primer_apellido (Connection: sqlite, SQL: insert into "personas" ("primer_nombre", "correo", "contrasena", "updated_at", "created_at") values (Test, test@test.com, password, 2025-11-28 23:17:13, 2025-11-28 23:17:13))
&#13;
C:\Users\ASUS\Desktop\SENA\Nueva carpeta\vendor\laravel\framework\src\Illuminate\Database\Connection.php:824
C:\Users\ASUS\Desktop\SENA\Nueva carpeta\vendor\laravel\framework\src\Illuminate\Database\Connection.php:778
C:\Users\ASUS\Desktop\SENA\Nueva carpeta\vendor\laravel\framework\src\Illuminate\Database\Connection.php:559
C:\Users\ASUS\Desktop\SENA\Nueva carpeta\vendor\laravel\framework\src\Illuminate\Database\Connection.php:523
C:\Users\ASUS\Desktop\SENA\Nueva carpeta\vendor\laravel\framework\src\Illuminate\Database\Query\Processors\Processor.php:32
C:\Users\ASUS\Desktop\SENA\Nueva carpeta\vendor\laravel\framework\src\Illuminate\Database\Query\Builder.php:3853
C:\Users\ASUS\Desktop\SENA\Nueva carpeta\vendor\laravel\framework\src\Illuminate\Database\Eloquent\Builder.php:2205
C:\Users\ASUS\Desktop\SENA\Nueva carpeta\vendor\laravel\framework\src\Illuminate\Database\Eloquent\Model.php:1427
C:\Users\ASUS\Desktop\SENA\Nueva carpeta\vendor\laravel\framework\src\Illuminate\Database\Eloquent\Model.php:1392
C:\Users\ASUS\Desktop\SENA\Nueva carpeta\vendor\laravel\framework\src\Illuminate\Database\Eloquent\Model.php:1231
C:\Users\ASUS\Desktop\SENA\Nueva carpeta\vendor\laravel\framework\src\Illuminate\Database\Eloquent\Builder.php:1189
C:\Users\ASUS\Desktop\SENA\Nueva carpeta\vendor\laravel\framework\src\Illuminate\Support\helpers.php:399
C:\Users\ASUS\Desktop\SENA\Nueva carpeta\vendor\laravel\framework\src\Illuminate\Database\Eloquent\Builder.php:1188
C:\Users\ASUS\Desktop\SENA\Nueva carpeta\vendor\laravel\framework\src\Illuminate\Support\Traits\ForwardsCalls.php:23
C:\Users\ASUS\Desktop\SENA\Nueva carpeta\vendor\laravel\framework\src\Illuminate\Database\Eloquent\Model.php:2518
C:\Users\ASUS\Desktop\SENA\Nueva carpeta\vendor\laravel\framework\src\Illuminate\Database\Eloquent\Model.php:2534
C:\Users\ASUS\Desktop\SENA\Nueva carpeta\tests\Unit\AjustesControllerUnitTest.php:322</error>
        </testcase>
        <testcase name="test_get_cotizaciones_metodo_privado" file="C:\Users\ASUS\Desktop\SENA\Nueva carpeta\tests\Unit\AjustesControllerUnitTest.php" line="355" class="Tests\Unit\AjustesControllerUnitTest" classname="Tests.Unit.AjustesControllerUnitTest" assertions="0" time="0.046597">
          <error type="Illuminate\Database\QueryException">Tests\Unit\AjustesControllerUnitTest::test_get_cotizaciones_metodo_privado&#13;
Illuminate\Database\QueryException: SQLSTATE[23000]: Integrity constraint violation: 19 NOT NULL constraint failed: personas.primer_apellido (Connection: sqlite, SQL: insert into "personas" ("primer_nombre", "correo", "contrasena", "updated_at", "created_at") values (Test, test@test.com, password, 2025-11-28 23:17:13, 2025-11-28 23:17:13))
&#13;
C:\Users\ASUS\Desktop\SENA\Nueva carpeta\vendor\laravel\framework\src\Illuminate\Database\Connection.php:824
C:\Users\ASUS\Desktop\SENA\Nueva carpeta\vendor\laravel\framework\src\Illuminate\Database\Connection.php:778
C:\Users\ASUS\Desktop\SENA\Nueva carpeta\vendor\laravel\framework\src\Illuminate\Database\Connection.php:559
C:\Users\ASUS\Desktop\SENA\Nueva carpeta\vendor\laravel\framework\src\Illuminate\Database\Connection.php:523
C:\Users\ASUS\Desktop\SENA\Nueva carpeta\vendor\laravel\framework\src\Illuminate\Database\Query\Processors\Processor.php:32
C:\Users\ASUS\Desktop\SENA\Nueva carpeta\vendor\laravel\framework\src\Illuminate\Database\Query\Builder.php:3853
C:\Users\ASUS\Desktop\SENA\Nueva carpeta\vendor\laravel\framework\src\Illuminate\Database\Eloquent\Builder.php:2205
C:\Users\ASUS\Desktop\SENA\Nueva carpeta\vendor\laravel\framework\src\Illuminate\Database\Eloquent\Model.php:1427
C:\Users\ASUS\Desktop\SENA\Nueva carpeta\vendor\laravel\framework\src\Illuminate\Database\Eloquent\Model.php:1392
C:\Users\ASUS\Desktop\SENA\Nueva carpeta\vendor\laravel\framework\src\Illuminate\Database\Eloquent\Model.php:1231
C:\Users\ASUS\Desktop\SENA\Nueva carpeta\vendor\laravel\framework\src\Illuminate\Database\Eloquent\Builder.php:1189
C:\Users\ASUS\Desktop\SENA\Nueva carpeta\vendor\laravel\framework\src\Illuminate\Support\helpers.php:399
C:\Users\ASUS\Desktop\SENA\Nueva carpeta\vendor\laravel\framework\src\Illuminate\Database\Eloquent\Builder.php:1188
C:\Users\ASUS\Desktop\SENA\Nueva carpeta\vendor\laravel\framework\src\Illuminate\Support\Traits\ForwardsCalls.php:23
C:\Users\ASUS\Desktop\SENA\Nueva carpeta\vendor\laravel\framework\src\Illuminate\Database\Eloquent\Model.php:2518
C:\Users\ASUS\Desktop\SENA\Nueva carpeta\vendor\laravel\framework\src\Illuminate\Database\Eloquent\Model.php:2534
C:\Users\ASUS\Desktop\SENA\Nueva carpeta\tests\Unit\AjustesControllerUnitTest.php:357</error>
        </testcase>
        <testcase name="test_group_cotizaciones_por_dia_metodo_privado" file="C:\Users\ASUS\Desktop\SENA\Nueva carpeta\tests\Unit\AjustesControllerUnitTest.php" line="384" class="Tests\Unit\AjustesControllerUnitTest" classname="Tests.Unit.AjustesControllerUnitTest" assertions="0" time="0.047784">
          <error type="Illuminate\Database\QueryException">Tests\Unit\AjustesControllerUnitTest::test_group_cotizaciones_por_dia_metodo_privado&#13;
Illuminate\Database\QueryException: SQLSTATE[23000]: Integrity constraint violation: 19 NOT NULL constraint failed: personas.primer_apellido (Connection: sqlite, SQL: insert into "personas" ("primer_nombre", "correo", "contrasena", "updated_at", "created_at") values (Test, test@test.com, password, 2025-11-28 23:17:13, 2025-11-28 23:17:13))
&#13;
C:\Users\ASUS\Desktop\SENA\Nueva carpeta\vendor\laravel\framework\src\Illuminate\Database\Connection.php:824
C:\Users\ASUS\Desktop\SENA\Nueva carpeta\vendor\laravel\framework\src\Illuminate\Database\Connection.php:778
C:\Users\ASUS\Desktop\SENA\Nueva carpeta\vendor\laravel\framework\src\Illuminate\Database\Connection.php:559
C:\Users\ASUS\Desktop\SENA\Nueva carpeta\vendor\laravel\framework\src\Illuminate\Database\Connection.php:523
C:\Users\ASUS\Desktop\SENA\Nueva carpeta\vendor\laravel\framework\src\Illuminate\Database\Query\Processors\Processor.php:32
C:\Users\ASUS\Desktop\SENA\Nueva carpeta\vendor\laravel\framework\src\Illuminate\Database\Query\Builder.php:3853
C:\Users\ASUS\Desktop\SENA\Nueva carpeta\vendor\laravel\framework\src\Illuminate\Database\Eloquent\Builder.php:2205
C:\Users\ASUS\Desktop\SENA\Nueva carpeta\vendor\laravel\framework\src\Illuminate\Database\Eloquent\Model.php:1427
C:\Users\ASUS\Desktop\SENA\Nueva carpeta\vendor\laravel\framework\src\Illuminate\Database\Eloquent\Model.php:1392
C:\Users\ASUS\Desktop\SENA\Nueva carpeta\vendor\laravel\framework\src\Illuminate\Database\Eloquent\Model.php:1231
C:\Users\ASUS\Desktop\SENA\Nueva carpeta\vendor\laravel\framework\src\Illuminate\Database\Eloquent\Builder.php:1189
C:\Users\ASUS\Desktop\SENA\Nueva carpeta\vendor\laravel\framework\src\Illuminate\Support\helpers.php:399
C:\Users\ASUS\Desktop\SENA\Nueva carpeta\vendor\laravel\framework\src\Illuminate\Database\Eloquent\Builder.php:1188
C:\Users\ASUS\Desktop\SENA\Nueva carpeta\vendor\laravel\framework\src\Illuminate\Support\Traits\ForwardsCalls.php:23
C:\Users\ASUS\Desktop\SENA\Nueva carpeta\vendor\laravel\framework\src\Illuminate\Database\Eloquent\Model.php:2518
C:\Users\ASUS\Desktop\SENA\Nueva carpeta\vendor\laravel\framework\src\Illuminate\Database\Eloquent\Model.php:2534
C:\Users\ASUS\Desktop\SENA\Nueva carpeta\tests\Unit\AjustesControllerUnitTest.php:386</error>
        </testcase>
        <testcase name="test_group_cotizaciones_por_consulta_metodo_privado" file="C:\Users\ASUS\Desktop\SENA\Nueva carpeta\tests\Unit\AjustesControllerUnitTest.php" line="428" class="Tests\Unit\AjustesControllerUnitTest" classname="Tests.Unit.AjustesControllerUnitTest" assertions="0" time="0.052319">
          <error type="Illuminate\Database\QueryException">Tests\Unit\AjustesControllerUnitTest::test_group_cotizaciones_por_consulta_metodo_privado&#13;
Illuminate\Database\QueryException: SQLSTATE[23000]: Integrity constraint violation: 19 NOT NULL constraint failed: personas.primer_apellido (Connection: sqlite, SQL: insert into "personas" ("primer_nombre", "correo", "contrasena", "updated_at", "created_at") values (Test, test@test.com, password, 2025-11-28 23:17:13, 2025-11-28 23:17:13))
&#13;
C:\Users\ASUS\Desktop\SENA\Nueva carpeta\vendor\laravel\framework\src\Illuminate\Database\Connection.php:824
C:\Users\ASUS\Desktop\SENA\Nueva carpeta\vendor\laravel\framework\src\Illuminate\Database\Connection.php:778
C:\Users\ASUS\Desktop\SENA\Nueva carpeta\vendor\laravel\framework\src\Illuminate\Database\Connection.php:559
C:\Users\ASUS\Desktop\SENA\Nueva carpeta\vendor\laravel\framework\src\Illuminate\Database\Connection.php:523
C:\Users\ASUS\Desktop\SENA\Nueva carpeta\vendor\laravel\framework\src\Illuminate\Database\Query\Processors\Processor.php:32
C:\Users\ASUS\Desktop\SENA\Nueva carpeta\vendor\laravel\framework\src\Illuminate\Database\Query\Builder.php:3853
C:\Users\ASUS\Desktop\SENA\Nueva carpeta\vendor\laravel\framework\src\Illuminate\Database\Eloquent\Builder.php:2205
C:\Users\ASUS\Desktop\SENA\Nueva carpeta\vendor\laravel\framework\src\Illuminate\Database\Eloquent\Model.php:1427
C:\Users\ASUS\Desktop\SENA\Nueva carpeta\vendor\laravel\framework\src\Illuminate\Database\Eloquent\Model.php:1392
C:\Users\ASUS\Desktop\SENA\Nueva carpeta\vendor\laravel\framework\src\Illuminate\Database\Eloquent\Model.php:1231
C:\Users\ASUS\Desktop\SENA\Nueva carpeta\vendor\laravel\framework\src\Illuminate\Database\Eloquent\Builder.php:1189
C:\Users\ASUS\Desktop\SENA\Nueva carpeta\vendor\laravel\framework\src\Illuminate\Support\helpers.php:399
C:\Users\ASUS\Desktop\SENA\Nueva carpeta\vendor\laravel\framework\src\Illuminate\Database\Eloquent\Builder.php:1188
C:\Users\ASUS\Desktop\SENA\Nueva carpeta\vendor\laravel\framework\src\Illuminate\Support\Traits\ForwardsCalls.php:23
C:\Users\ASUS\Desktop\SENA\Nueva carpeta\vendor\laravel\framework\src\Illuminate\Database\Eloquent\Model.php:2518
C:\Users\ASUS\Desktop\SENA\Nueva carpeta\vendor\laravel\framework\src\Illuminate\Database\Eloquent\Model.php:2534
C:\Users\ASUS\Desktop\SENA\Nueva carpeta\tests\Unit\AjustesControllerUnitTest.php:430</error>
        </testcase>
        <testcase name="test_group_cotizaciones_sin_group_by" file="C:\Users\ASUS\Desktop\SENA\Nueva carpeta\tests\Unit\AjustesControllerUnitTest.php" line="467" class="Tests\Unit\AjustesControllerUnitTest" classname="Tests.Unit.AjustesControllerUnitTest" assertions="0" time="0.050363">
          <error type="Illuminate\Database\QueryException">Tests\Unit\AjustesControllerUnitTest::test_group_cotizaciones_sin_group_by&#13;
Illuminate\Database\QueryException: SQLSTATE[23000]: Integrity constraint violation: 19 NOT NULL constraint failed: personas.primer_apellido (Connection: sqlite, SQL: insert into "personas" ("primer_nombre", "correo", "contrasena", "updated_at", "created_at") values (Test, test@test.com, password, 2025-11-28 23:17:13, 2025-11-28 23:17:13))
&#13;
C:\Users\ASUS\Desktop\SENA\Nueva carpeta\vendor\laravel\framework\src\Illuminate\Database\Connection.php:824
C:\Users\ASUS\Desktop\SENA\Nueva carpeta\vendor\laravel\framework\src\Illuminate\Database\Connection.php:778
C:\Users\ASUS\Desktop\SENA\Nueva carpeta\vendor\laravel\framework\src\Illuminate\Database\Connection.php:559
C:\Users\ASUS\Desktop\SENA\Nueva carpeta\vendor\laravel\framework\src\Illuminate\Database\Connection.php:523
C:\Users\ASUS\Desktop\SENA\Nueva carpeta\vendor\laravel\framework\src\Illuminate\Database\Query\Processors\Processor.php:32
C:\Users\ASUS\Desktop\SENA\Nueva carpeta\vendor\laravel\framework\src\Illuminate\Database\Query\Builder.php:3853
C:\Users\ASUS\Desktop\SENA\Nueva carpeta\vendor\laravel\framework\src\Illuminate\Database\Eloquent\Builder.php:2205
C:\Users\ASUS\Desktop\SENA\Nueva carpeta\vendor\laravel\framework\src\Illuminate\Database\Eloquent\Model.php:1427
C:\Users\ASUS\Desktop\SENA\Nueva carpeta\vendor\laravel\framework\src\Illuminate\Database\Eloquent\Model.php:1392
C:\Users\ASUS\Desktop\SENA\Nueva carpeta\vendor\laravel\framework\src\Illuminate\Database\Eloquent\Model.php:1231
C:\Users\ASUS\Desktop\SENA\Nueva carpeta\vendor\laravel\framework\src\Illuminate\Database\Eloquent\Builder.php:1189
C:\Users\ASUS\Desktop\SENA\Nueva carpeta\vendor\laravel\framework\src\Illuminate\Support\helpers.php:399
C:\Users\ASUS\Desktop\SENA\Nueva carpeta\vendor\laravel\framework\src\Illuminate\Database\Eloquent\Builder.php:1188
C:\Users\ASUS\Desktop\SENA\Nueva carpeta\vendor\laravel\framework\src\Illuminate\Support\Traits\ForwardsCalls.php:23
C:\Users\ASUS\Desktop\SENA\Nueva carpeta\vendor\laravel\framework\src\Illuminate\Database\Eloquent\Model.php:2518
C:\Users\ASUS\Desktop\SENA\Nueva carpeta\vendor\laravel\framework\src\Illuminate\Database\Eloquent\Model.php:2534
C:\Users\ASUS\Desktop\SENA\Nueva carpeta\tests\Unit\AjustesControllerUnitTest.php:469</error>
        </testcase>
        <testcase name="test_group_cotizaciones_con_fecha_null" file="C:\Users\ASUS\Desktop\SENA\Nueva carpeta\tests\Unit\AjustesControllerUnitTest.php" line="496" class="Tests\Unit\AjustesControllerUnitTest" classname="Tests.Unit.AjustesControllerUnitTest" assertions="0" time="0.043920">
          <error type="Illuminate\Database\QueryException">Tests\Unit\AjustesControllerUnitTest::test_group_cotizaciones_con_fecha_null&#13;
Illuminate\Database\QueryException: SQLSTATE[23000]: Integrity constraint violation: 19 NOT NULL constraint failed: personas.primer_apellido (Connection: sqlite, SQL: insert into "personas" ("primer_nombre", "correo", "contrasena", "updated_at", "created_at") values (Test, test@test.com, password, 2025-11-28 23:17:13, 2025-11-28 23:17:13))
&#13;
C:\Users\ASUS\Desktop\SENA\Nueva carpeta\vendor\laravel\framework\src\Illuminate\Database\Connection.php:824
C:\Users\ASUS\Desktop\SENA\Nueva carpeta\vendor\laravel\framework\src\Illuminate\Database\Connection.php:778
C:\Users\ASUS\Desktop\SENA\Nueva carpeta\vendor\laravel\framework\src\Illuminate\Database\Connection.php:559
C:\Users\ASUS\Desktop\SENA\Nueva carpeta\vendor\laravel\framework\src\Illuminate\Database\Connection.php:523
C:\Users\ASUS\Desktop\SENA\Nueva carpeta\vendor\laravel\framework\src\Illuminate\Database\Query\Processors\Processor.php:32
C:\Users\ASUS\Desktop\SENA\Nueva carpeta\vendor\laravel\framework\src\Illuminate\Database\Query\Builder.php:3853
C:\Users\ASUS\Desktop\SENA\Nueva carpeta\vendor\laravel\framework\src\Illuminate\Database\Eloquent\Builder.php:2205
C:\Users\ASUS\Desktop\SENA\Nueva carpeta\vendor\laravel\framework\src\Illuminate\Database\Eloquent\Model.php:1427
C:\Users\ASUS\Desktop\SENA\Nueva carpeta\vendor\laravel\framework\src\Illuminate\Database\Eloquent\Model.php:1392
C:\Users\ASUS\Desktop\SENA\Nueva carpeta\vendor\laravel\framework\src\Illuminate\Database\Eloquent\Model.php:1231
C:\Users\ASUS\Desktop\SENA\Nueva carpeta\vendor\laravel\framework\src\Illuminate\Database\Eloquent\Builder.php:1189
C:\Users\ASUS\Desktop\SENA\Nueva carpeta\vendor\laravel\framework\src\Illuminate\Support\helpers.php:399
C:\Users\ASUS\Desktop\SENA\Nueva carpeta\vendor\laravel\framework\src\Illuminate\Database\Eloquent\Builder.php:1188
C:\Users\ASUS\Desktop\SENA\Nueva carpeta\vendor\laravel\framework\src\Illuminate\Support\Traits\ForwardsCalls.php:23
C:\Users\ASUS\Desktop\SENA\Nueva carpeta\vendor\laravel\framework\src\Illuminate\Database\Eloquent\Model.php:2518
C:\Users\ASUS\Desktop\SENA\Nueva carpeta\vendor\laravel\framework\src\Illuminate\Database\Eloquent\Model.php:2534
C:\Users\ASUS\Desktop\SENA\Nueva carpeta\tests\Unit\AjustesControllerUnitTest.php:498</error>
        </testcase>
        <testcase name="test_group_cotizaciones_por_consulta_con_personas_id_null" file="C:\Users\ASUS\Desktop\SENA\Nueva carpeta\tests\Unit\AjustesControllerUnitTest.php" line="526" class="Tests\Unit\AjustesControllerUnitTest" classname="Tests.Unit.AjustesControllerUnitTest" assertions="0" time="0.047074">
          <error type="Illuminate\Database\QueryException">Tests\Unit\AjustesControllerUnitTest::test_group_cotizaciones_por_consulta_con_personas_id_null&#13;
Illuminate\Database\QueryException: SQLSTATE[23000]: Integrity constraint violation: 19 NOT NULL constraint failed: cotizacion.personas_id (Connection: sqlite, SQL: insert into "cotizacion" ("personas_id", "sub_servicios_id", "monto", "fecha_cotizacion") values (?, 1, 100, 2025-11-28 23:17:13))
&#13;
C:\Users\ASUS\Desktop\SENA\Nueva carpeta\vendor\laravel\framework\src\Illuminate\Database\Connection.php:824
C:\Users\ASUS\Desktop\SENA\Nueva carpeta\vendor\laravel\framework\src\Illuminate\Database\Connection.php:778
C:\Users\ASUS\Desktop\SENA\Nueva carpeta\vendor\laravel\framework\src\Illuminate\Database\Connection.php:559
C:\Users\ASUS\Desktop\SENA\Nueva carpeta\vendor\laravel\framework\src\Illuminate\Database\Connection.php:523
C:\Users\ASUS\Desktop\SENA\Nueva carpeta\vendor\laravel\framework\src\Illuminate\Database\Query\Processors\Processor.php:32
C:\Users\ASUS\Desktop\SENA\Nueva carpeta\vendor\laravel\framework\src\Illuminate\Database\Query\Builder.php:3853
C:\Users\ASUS\Desktop\SENA\Nueva carpeta\vendor\laravel\framework\src\Illuminate\Database\Eloquent\Builder.php:2205
C:\Users\ASUS\Desktop\SENA\Nueva carpeta\vendor\laravel\framework\src\Illuminate\Database\Eloquent\Model.php:1427
C:\Users\ASUS\Desktop\SENA\Nueva carpeta\vendor\laravel\framework\src\Illuminate\Database\Eloquent\Model.php:1392
C:\Users\ASUS\Desktop\SENA\Nueva carpeta\vendor\laravel\framework\src\Illuminate\Database\Eloquent\Model.php:1231
C:\Users\ASUS\Desktop\SENA\Nueva carpeta\tests\Unit\AjustesControllerUnitTest.php:541</error>
        </testcase>
        <testcase name="test_index_con_group_by_y_tab" file="C:\Users\ASUS\Desktop\SENA\Nueva carpeta\tests\Unit\AjustesControllerUnitTest.php" line="549" class="Tests\Unit\AjustesControllerUnitTest" classname="Tests.Unit.AjustesControllerUnitTest" assertions="3" time="0.046964"/>
      </testsuite>
      <testsuite name="Tests\Unit\BusquedaControllerUnitTest" file="C:\Users\ASUS\Desktop\SENA\Nueva carpeta\tests\Unit\BusquedaControllerUnitTest.php" tests="8" assertions="10" errors="0" failures="0" skipped="0" time="0.031269">
        <testcase name="test_normalizar_texto_convierte_a_minusculas" file="C:\Users\ASUS\Desktop\SENA\Nueva carpeta\tests\Unit\BusquedaControllerUnitTest.php" line="27" class="Tests\Unit\BusquedaControllerUnitTest" classname="Tests.Unit.BusquedaControllerUnitTest" assertions="1" time="0.010007"/>
        <testcase name="test_normalizar_texto_elimina_espacios_extra" file="C:\Users\ASUS\Desktop\SENA\Nueva carpeta\tests\Unit\BusquedaControllerUnitTest.php" line="33" class="Tests\Unit\BusquedaControllerUnitTest" classname="Tests.Unit.BusquedaControllerUnitTest" assertions="2" time="0.002366"/>
        <testcase name="test_normalizar_texto_corrige_animacion" file="C:\Users\ASUS\Desktop\SENA\Nueva carpeta\tests\Unit\BusquedaControllerUnitTest.php" line="43" class="Tests\Unit\BusquedaControllerUnitTest" classname="Tests.Unit.BusquedaControllerUnitTest" assertions="1" time="0.002415"/>
        <testcase name="test_normalizar_texto_corrige_animador" file="C:\Users\ASUS\Desktop\SENA\Nueva carpeta\tests\Unit\BusquedaControllerUnitTest.php" line="49" class="Tests\Unit\BusquedaControllerUnitTest" classname="Tests.Unit.BusquedaControllerUnitTest" assertions="1" time="0.007622"/>
        <testcase name="test_normalizar_texto_mantiene_alquiler" file="C:\Users\ASUS\Desktop\SENA\Nueva carpeta\tests\Unit\BusquedaControllerUnitTest.php" line="55" class="Tests\Unit\BusquedaControllerUnitTest" classname="Tests.Unit.BusquedaControllerUnitTest" assertions="1" time="0.002297"/>
        <testcase name="test_normalizar_texto_mantiene_publicidad" file="C:\Users\ASUS\Desktop\SENA\Nueva carpeta\tests\Unit\BusquedaControllerUnitTest.php" line="61" class="Tests\Unit\BusquedaControllerUnitTest" classname="Tests.Unit.BusquedaControllerUnitTest" assertions="1" time="0.002106"/>
        <testcase name="test_normalizar_texto_con_cadena_vacia" file="C:\Users\ASUS\Desktop\SENA\Nueva carpeta\tests\Unit\BusquedaControllerUnitTest.php" line="67" class="Tests\Unit\BusquedaControllerUnitTest" classname="Tests.Unit.BusquedaControllerUnitTest" assertions="1" time="0.002012"/>
        <testcase name="test_normalizar_texto_con_texto_complejo" file="C:\Users\ASUS\Desktop\SENA\Nueva carpeta\tests\Unit\BusquedaControllerUnitTest.php" line="73" class="Tests\Unit\BusquedaControllerUnitTest" classname="Tests.Unit.BusquedaControllerUnitTest" assertions="2" time="0.002442"/>
      </testsuite>
      <testsuite name="Tests\Unit\CalendarioControllerUnitTest" file="C:\Users\ASUS\Desktop\SENA\Nueva carpeta\tests\Unit\CalendarioControllerUnitTest.php" tests="3" assertions="8" errors="0" failures="0" skipped="0" time="0.011532">
        <testcase name="test_default_event_title_constante" file="C:\Users\ASUS\Desktop\SENA\Nueva carpeta\tests\Unit\CalendarioControllerUnitTest.php" line="19" class="Tests\Unit\CalendarioControllerUnitTest" classname="Tests.Unit.CalendarioControllerUnitTest" assertions="2" time="0.006727"/>
        <testcase name="test_is_admin_like_logica_administrador" file="C:\Users\ASUS\Desktop\SENA\Nueva carpeta\tests\Unit\CalendarioControllerUnitTest.php" line="30" class="Tests\Unit\CalendarioControllerUnitTest" classname="Tests.Unit.CalendarioControllerUnitTest" assertions="3" time="0.002072"/>
        <testcase name="test_is_admin_like_case_insensitive" file="C:\Users\ASUS\Desktop\SENA\Nueva carpeta\tests\Unit\CalendarioControllerUnitTest.php" line="41" class="Tests\Unit\CalendarioControllerUnitTest" classname="Tests.Unit.CalendarioControllerUnitTest" assertions="3" time="0.002733"/>
      </testsuite>
      <testsuite name="Tests\Unit\ChatbotControllerUnitTest" file="C:\Users\ASUS\Desktop\SENA\Nueva carpeta\tests\Unit\ChatbotControllerUnitTest.php" tests="8" assertions="10" errors="1" failures="0" skipped="0" time="0.439140">
        <testcase name="test_controller_can_be_instantiated" file="C:\Users\ASUS\Desktop\SENA\Nueva carpeta\tests\Unit\ChatbotControllerUnitTest.php" line="71" class="Tests\Unit\ChatbotControllerUnitTest" classname="Tests.Unit.ChatbotControllerUnitTest" assertions="1" time="0.097902"/>
        <testcase name="test_index_retorna_vista" file="C:\Users\ASUS\Desktop\SENA\Nueva carpeta\tests\Unit\ChatbotControllerUnitTest.php" line="76" class="Tests\Unit\ChatbotControllerUnitTest" classname="Tests.Unit.ChatbotControllerUnitTest" assertions="1" time="0.042468"/>
        <testcase name="test_enviar_procesa_mensaje" file="C:\Users\ASUS\Desktop\SENA\Nueva carpeta\tests\Unit\ChatbotControllerUnitTest.php" line="83" class="Tests\Unit\ChatbotControllerUnitTest" classname="Tests.Unit.ChatbotControllerUnitTest" assertions="1" time="0.043225"/>
        <testcase name="test_enviar_procesa_seleccion" file="C:\Users\ASUS\Desktop\SENA\Nueva carpeta\tests\Unit\ChatbotControllerUnitTest.php" line="116" class="Tests\Unit\ChatbotControllerUnitTest" classname="Tests.Unit.ChatbotControllerUnitTest" assertions="1" time="0.063210">
          <error type="Mockery\Exception\InvalidCountException">Tests\Unit\ChatbotControllerUnitTest::test_enviar_procesa_seleccion&#13;
Mockery\Exception\InvalidCountException: Method extraerDiasDelRequest(&lt;Any Arguments&gt;) from Mockery_8_App_Services_ChatbotSessionManager should be called&#13;
 exactly 1 times but called 0 times.
&#13;
C:\Users\ASUS\Desktop\SENA\Nueva carpeta\vendor\mockery\mockery\library\Mockery\CountValidator\Exact.php:32
C:\Users\ASUS\Desktop\SENA\Nueva carpeta\vendor\mockery\mockery\library\Mockery\Expectation.php:739
C:\Users\ASUS\Desktop\SENA\Nueva carpeta\vendor\mockery\mockery\library\Mockery\ExpectationDirector.php:202
C:\Users\ASUS\Desktop\SENA\Nueva carpeta\vendor\mockery\mockery\library\Mockery\Container.php:583
C:\Users\ASUS\Desktop\SENA\Nueva carpeta\vendor\mockery\mockery\library\Mockery\Container.php:519
C:\Users\ASUS\Desktop\SENA\Nueva carpeta\vendor\mockery\mockery\library\Mockery.php:176
C:\Users\ASUS\Desktop\SENA\Nueva carpeta\tests\Unit\ChatbotControllerUnitTest.php:64</error>
        </testcase>
        <testcase name="test_enviar_maneja_error" file="C:\Users\ASUS\Desktop\SENA\Nueva carpeta\tests\Unit\ChatbotControllerUnitTest.php" line="155" class="Tests\Unit\ChatbotControllerUnitTest" classname="Tests.Unit.ChatbotControllerUnitTest" assertions="1" time="0.054285"/>
        <testcase name="test_enviar_confirm_intencion" file="C:\Users\ASUS\Desktop\SENA\Nueva carpeta\tests\Unit\ChatbotControllerUnitTest.php" line="185" class="Tests\Unit\ChatbotControllerUnitTest" classname="Tests.Unit.ChatbotControllerUnitTest" assertions="1" time="0.052581"/>
        <testcase name="test_enviar_limpiar_cotizacion" file="C:\Users\ASUS\Desktop\SENA\Nueva carpeta\tests\Unit\ChatbotControllerUnitTest.php" line="215" class="Tests\Unit\ChatbotControllerUnitTest" classname="Tests.Unit.ChatbotControllerUnitTest" assertions="2" time="0.040101"/>
        <testcase name="test_enviar_terminar_cotizacion" file="C:\Users\ASUS\Desktop\SENA\Nueva carpeta\tests\Unit\ChatbotControllerUnitTest.php" line="232" class="Tests\Unit\ChatbotControllerUnitTest" classname="Tests.Unit.ChatbotControllerUnitTest" assertions="2" time="0.045367"/>
      </testsuite>
      <testsuite name="Tests\Unit\ChatbotIntentionDetectorTest" file="C:\Users\ASUS\Desktop\SENA\Nueva carpeta\tests\Unit\ChatbotIntentionDetectorTest.php" tests="19" assertions="29" errors="0" failures="0" skipped="0" time="0.820952">
        <testcase name="test_detectar_intenciones_vacio" file="C:\Users\ASUS\Desktop\SENA\Nueva carpeta\tests\Unit\ChatbotIntentionDetectorTest.php" line="31" class="Tests\Unit\ChatbotIntentionDetectorTest" classname="Tests.Unit.ChatbotIntentionDetectorTest" assertions="2" time="0.045339"/>
        <testcase name="test_detectar_intenciones_alquiler" file="C:\Users\ASUS\Desktop\SENA\Nueva carpeta\tests\Unit\ChatbotIntentionDetectorTest.php" line="38" class="Tests\Unit\ChatbotIntentionDetectorTest" classname="Tests.Unit.ChatbotIntentionDetectorTest" assertions="2" time="0.050188"/>
        <testcase name="test_detectar_intenciones_animacion" file="C:\Users\ASUS\Desktop\SENA\Nueva carpeta\tests\Unit\ChatbotIntentionDetectorTest.php" line="45" class="Tests\Unit\ChatbotIntentionDetectorTest" classname="Tests.Unit.ChatbotIntentionDetectorTest" assertions="2" time="0.046879"/>
        <testcase name="test_detectar_intenciones_publicidad" file="C:\Users\ASUS\Desktop\SENA\Nueva carpeta\tests\Unit\ChatbotIntentionDetectorTest.php" line="52" class="Tests\Unit\ChatbotIntentionDetectorTest" classname="Tests.Unit.ChatbotIntentionDetectorTest" assertions="2" time="0.046726"/>
        <testcase name="test_detectar_intenciones_multiples" file="C:\Users\ASUS\Desktop\SENA\Nueva carpeta\tests\Unit\ChatbotIntentionDetectorTest.php" line="59" class="Tests\Unit\ChatbotIntentionDetectorTest" classname="Tests.Unit.ChatbotIntentionDetectorTest" assertions="3" time="0.040974"/>
        <testcase name="test_validar_intenciones_contra_mensaje_valida_alquiler" file="C:\Users\ASUS\Desktop\SENA\Nueva carpeta\tests\Unit\ChatbotIntentionDetectorTest.php" line="70" class="Tests\Unit\ChatbotIntentionDetectorTest" classname="Tests.Unit.ChatbotIntentionDetectorTest" assertions="1" time="0.043777"/>
        <testcase name="test_validar_intenciones_contra_mensaje_invalida_alquiler" file="C:\Users\ASUS\Desktop\SENA\Nueva carpeta\tests\Unit\ChatbotIntentionDetectorTest.php" line="79" class="Tests\Unit\ChatbotIntentionDetectorTest" classname="Tests.Unit.ChatbotIntentionDetectorTest" assertions="1" time="0.043513"/>
        <testcase name="test_validar_intenciones_contra_mensaje_con_animacion" file="C:\Users\ASUS\Desktop\SENA\Nueva carpeta\tests\Unit\ChatbotIntentionDetectorTest.php" line="88" class="Tests\Unit\ChatbotIntentionDetectorTest" classname="Tests.Unit.ChatbotIntentionDetectorTest" assertions="1" time="0.042919"/>
        <testcase name="test_validar_intenciones_contra_mensaje_con_publicidad" file="C:\Users\ASUS\Desktop\SENA\Nueva carpeta\tests\Unit\ChatbotIntentionDetectorTest.php" line="97" class="Tests\Unit\ChatbotIntentionDetectorTest" classname="Tests.Unit.ChatbotIntentionDetectorTest" assertions="1" time="0.045872"/>
        <testcase name="test_validar_intenciones_contra_mensaje_vacio" file="C:\Users\ASUS\Desktop\SENA\Nueva carpeta\tests\Unit\ChatbotIntentionDetectorTest.php" line="106" class="Tests\Unit\ChatbotIntentionDetectorTest" classname="Tests.Unit.ChatbotIntentionDetectorTest" assertions="1" time="0.046512"/>
        <testcase name="test_validar_intenciones_contra_mensaje_multiples" file="C:\Users\ASUS\Desktop\SENA\Nueva carpeta\tests\Unit\ChatbotIntentionDetectorTest.php" line="115" class="Tests\Unit\ChatbotIntentionDetectorTest" classname="Tests.Unit.ChatbotIntentionDetectorTest" assertions="3" time="0.042040"/>
        <testcase name="test_es_relacionado_con_alquiler" file="C:\Users\ASUS\Desktop\SENA\Nueva carpeta\tests\Unit\ChatbotIntentionDetectorTest.php" line="129" class="Tests\Unit\ChatbotIntentionDetectorTest" classname="Tests.Unit.ChatbotIntentionDetectorTest" assertions="1" time="0.042701"/>
        <testcase name="test_es_relacionado_con_animacion" file="C:\Users\ASUS\Desktop\SENA\Nueva carpeta\tests\Unit\ChatbotIntentionDetectorTest.php" line="135" class="Tests\Unit\ChatbotIntentionDetectorTest" classname="Tests.Unit.ChatbotIntentionDetectorTest" assertions="1" time="0.038780"/>
        <testcase name="test_es_relacionado_con_publicidad" file="C:\Users\ASUS\Desktop\SENA\Nueva carpeta\tests\Unit\ChatbotIntentionDetectorTest.php" line="141" class="Tests\Unit\ChatbotIntentionDetectorTest" classname="Tests.Unit.ChatbotIntentionDetectorTest" assertions="1" time="0.040481"/>
        <testcase name="test_es_relacionado_con_mensaje_vacio" file="C:\Users\ASUS\Desktop\SENA\Nueva carpeta\tests\Unit\ChatbotIntentionDetectorTest.php" line="147" class="Tests\Unit\ChatbotIntentionDetectorTest" classname="Tests.Unit.ChatbotIntentionDetectorTest" assertions="1" time="0.037906"/>
        <testcase name="test_es_relacionado_con_mensaje_no_relacionado" file="C:\Users\ASUS\Desktop\SENA\Nueva carpeta\tests\Unit\ChatbotIntentionDetectorTest.php" line="154" class="Tests\Unit\ChatbotIntentionDetectorTest" classname="Tests.Unit.ChatbotIntentionDetectorTest" assertions="1" time="0.046932"/>
        <testcase name="test_es_relacionado_case_insensitive" file="C:\Users\ASUS\Desktop\SENA\Nueva carpeta\tests\Unit\ChatbotIntentionDetectorTest.php" line="161" class="Tests\Unit\ChatbotIntentionDetectorTest" classname="Tests.Unit.ChatbotIntentionDetectorTest" assertions="2" time="0.037901"/>
        <testcase name="test_clasificar_por_tfidf_con_cadena_vacia" file="C:\Users\ASUS\Desktop\SENA\Nueva carpeta\tests\Unit\ChatbotIntentionDetectorTest.php" line="174" class="Tests\Unit\ChatbotIntentionDetectorTest" classname="Tests.Unit.ChatbotIntentionDetectorTest" assertions="2" time="0.039442"/>
        <testcase name="test_clasificar_por_tfidf_retorna_array" file="C:\Users\ASUS\Desktop\SENA\Nueva carpeta\tests\Unit\ChatbotIntentionDetectorTest.php" line="181" class="Tests\Unit\ChatbotIntentionDetectorTest" classname="Tests.Unit.ChatbotIntentionDetectorTest" assertions="1" time="0.042071"/>
      </testsuite>
      <testsuite name="Tests\Unit\ChatbotMessageProcessorTest" file="C:\Users\ASUS\Desktop\SENA\Nueva carpeta\tests\Unit\ChatbotMessageProcessorTest.php" tests="28" assertions="14" errors="16" failures="0" skipped="0" time="1.193436">
        <testcase name="test_procesar_mensaje_texto_vacio" file="C:\Users\ASUS\Desktop\SENA\Nueva carpeta\tests\Unit\ChatbotMessageProcessorTest.php" line="61" class="Tests\Unit\ChatbotMessageProcessorTest" classname="Tests.Unit.ChatbotMessageProcessorTest" assertions="1" time="0.039946"/>
        <testcase name="test_procesar_mensaje_texto_con_catalogo" file="C:\Users\ASUS\Desktop\SENA\Nueva carpeta\tests\Unit\ChatbotMessageProcessorTest.php" line="84" class="Tests\Unit\ChatbotMessageProcessorTest" classname="Tests.Unit.ChatbotMessageProcessorTest" assertions="1" time="0.045252"/>
        <testcase name="test_procesar_mensaje_texto_fuera_de_tema" file="C:\Users\ASUS\Desktop\SENA\Nueva carpeta\tests\Unit\ChatbotMessageProcessorTest.php" line="114" class="Tests\Unit\ChatbotMessageProcessorTest" classname="Tests.Unit.ChatbotMessageProcessorTest" assertions="2" time="0.040670"/>
        <testcase name="test_procesar_mensaje_texto_con_intenciones" file="C:\Users\ASUS\Desktop\SENA\Nueva carpeta\tests\Unit\ChatbotMessageProcessorTest.php" line="151" class="Tests\Unit\ChatbotMessageProcessorTest" classname="Tests.Unit.ChatbotMessageProcessorTest" assertions="1" time="0.046207"/>
        <testcase name="test_procesar_mensaje_texto_con_actualizacion_dias" file="C:\Users\ASUS\Desktop\SENA\Nueva carpeta\tests\Unit\ChatbotMessageProcessorTest.php" line="209" class="Tests\Unit\ChatbotMessageProcessorTest" classname="Tests.Unit.ChatbotMessageProcessorTest" assertions="0" time="0.045677">
          <error type="Mockery\Exception\BadMethodCallException">Tests\Unit\ChatbotMessageProcessorTest::test_procesar_mensaje_texto_con_actualizacion_dias&#13;
Mockery\Exception\BadMethodCallException: Received Mockery_3_App_Services_ChatbotIntentionDetector::esRelacionado(), but no expectations were specified
&#13;
C:\Users\ASUS\Desktop\SENA\Nueva carpeta\app\Services\ChatbotMessageProcessor.php:109
C:\Users\ASUS\Desktop\SENA\Nueva carpeta\app\Services\ChatbotMessageProcessor.php:58
C:\Users\ASUS\Desktop\SENA\Nueva carpeta\app\Services\ChatbotMessageProcessor.php:37
C:\Users\ASUS\Desktop\SENA\Nueva carpeta\tests\Unit\ChatbotMessageProcessorTest.php:232</error>
        </testcase>
        <testcase name="test_procesar_mensaje_texto_buscar_subservicios" file="C:\Users\ASUS\Desktop\SENA\Nueva carpeta\tests\Unit\ChatbotMessageProcessorTest.php" line="245" class="Tests\Unit\ChatbotMessageProcessorTest" classname="Tests.Unit.ChatbotMessageProcessorTest" assertions="0" time="0.040637">
          <error type="Mockery\Exception\BadMethodCallException">Tests\Unit\ChatbotMessageProcessorTest::test_procesar_mensaje_texto_buscar_subservicios&#13;
Mockery\Exception\BadMethodCallException: Received Mockery_3_App_Services_ChatbotIntentionDetector::clasificarPorTfidf(), but no expectations were specified
&#13;
C:\Users\ASUS\Desktop\SENA\Nueva carpeta\app\Services\ChatbotMessageProcessor.php:126
C:\Users\ASUS\Desktop\SENA\Nueva carpeta\app\Services\ChatbotMessageProcessor.php:63
C:\Users\ASUS\Desktop\SENA\Nueva carpeta\app\Services\ChatbotMessageProcessor.php:42
C:\Users\ASUS\Desktop\SENA\Nueva carpeta\tests\Unit\ChatbotMessageProcessorTest.php:289</error>
        </testcase>
        <testcase name="test_procesar_mensaje_texto_con_continuacion" file="C:\Users\ASUS\Desktop\SENA\Nueva carpeta\tests\Unit\ChatbotMessageProcessorTest.php" line="302" class="Tests\Unit\ChatbotMessageProcessorTest" classname="Tests.Unit.ChatbotMessageProcessorTest" assertions="0" time="0.041717">
          <error type="Mockery\Exception\BadMethodCallException">Tests\Unit\ChatbotMessageProcessorTest::test_procesar_mensaje_texto_con_continuacion&#13;
Mockery\Exception\BadMethodCallException: Received Mockery_3_App_Services_ChatbotIntentionDetector::clasificarPorTfidf(), but no expectations were specified
&#13;
C:\Users\ASUS\Desktop\SENA\Nueva carpeta\app\Services\ChatbotMessageProcessor.php:126
C:\Users\ASUS\Desktop\SENA\Nueva carpeta\app\Services\ChatbotMessageProcessor.php:63
C:\Users\ASUS\Desktop\SENA\Nueva carpeta\app\Services\ChatbotMessageProcessor.php:42
C:\Users\ASUS\Desktop\SENA\Nueva carpeta\tests\Unit\ChatbotMessageProcessorTest.php:351</error>
        </testcase>
        <testcase name="test_procesar_mensaje_texto_con_dias_y_selecciones" file="C:\Users\ASUS\Desktop\SENA\Nueva carpeta\tests\Unit\ChatbotMessageProcessorTest.php" line="364" class="Tests\Unit\ChatbotMessageProcessorTest" classname="Tests.Unit.ChatbotMessageProcessorTest" assertions="0" time="0.040712">
          <error type="Mockery\Exception\BadMethodCallException">Tests\Unit\ChatbotMessageProcessorTest::test_procesar_mensaje_texto_con_dias_y_selecciones&#13;
Mockery\Exception\BadMethodCallException: Received Mockery_3_App_Services_ChatbotIntentionDetector::esRelacionado(), but no expectations were specified
&#13;
C:\Users\ASUS\Desktop\SENA\Nueva carpeta\app\Services\ChatbotMessageProcessor.php:109
C:\Users\ASUS\Desktop\SENA\Nueva carpeta\app\Services\ChatbotMessageProcessor.php:58
C:\Users\ASUS\Desktop\SENA\Nueva carpeta\app\Services\ChatbotMessageProcessor.php:37
C:\Users\ASUS\Desktop\SENA\Nueva carpeta\tests\Unit\ChatbotMessageProcessorTest.php:388</error>
        </testcase>
        <testcase name="test_procesar_mensaje_texto_error_en_actualizacion_dias" file="C:\Users\ASUS\Desktop\SENA\Nueva carpeta\tests\Unit\ChatbotMessageProcessorTest.php" line="401" class="Tests\Unit\ChatbotMessageProcessorTest" classname="Tests.Unit.ChatbotMessageProcessorTest" assertions="0" time="0.041956">
          <error type="Mockery\Exception\BadMethodCallException">Tests\Unit\ChatbotMessageProcessorTest::test_procesar_mensaje_texto_error_en_actualizacion_dias&#13;
Mockery\Exception\BadMethodCallException: Received Mockery_3_App_Services_ChatbotIntentionDetector::esRelacionado(), but no expectations were specified
&#13;
C:\Users\ASUS\Desktop\SENA\Nueva carpeta\app\Services\ChatbotMessageProcessor.php:109
C:\Users\ASUS\Desktop\SENA\Nueva carpeta\app\Services\ChatbotMessageProcessor.php:58
C:\Users\ASUS\Desktop\SENA\Nueva carpeta\app\Services\ChatbotMessageProcessor.php:37
C:\Users\ASUS\Desktop\SENA\Nueva carpeta\tests\Unit\ChatbotMessageProcessorTest.php:421</error>
        </testcase>
        <testcase name="test_procesar_mensaje_texto_con_intenciones_sesion" file="C:\Users\ASUS\Desktop\SENA\Nueva carpeta\tests\Unit\ChatbotMessageProcessorTest.php" line="434" class="Tests\Unit\ChatbotMessageProcessorTest" classname="Tests.Unit.ChatbotMessageProcessorTest" assertions="0" time="0.040675">
          <error type="Mockery\Exception\BadMethodCallException">Tests\Unit\ChatbotMessageProcessorTest::test_procesar_mensaje_texto_con_intenciones_sesion&#13;
Mockery\Exception\BadMethodCallException: Received Mockery_3_App_Services_ChatbotIntentionDetector::clasificarPorTfidf(), but no expectations were specified
&#13;
C:\Users\ASUS\Desktop\SENA\Nueva carpeta\app\Services\ChatbotMessageProcessor.php:126
C:\Users\ASUS\Desktop\SENA\Nueva carpeta\app\Services\ChatbotMessageProcessor.php:63
C:\Users\ASUS\Desktop\SENA\Nueva carpeta\app\Services\ChatbotMessageProcessor.php:42
C:\Users\ASUS\Desktop\SENA\Nueva carpeta\tests\Unit\ChatbotMessageProcessorTest.php:477</error>
        </testcase>
        <testcase name="test_procesar_mensaje_texto_con_ml_intent" file="C:\Users\ASUS\Desktop\SENA\Nueva carpeta\tests\Unit\ChatbotMessageProcessorTest.php" line="490" class="Tests\Unit\ChatbotMessageProcessorTest" classname="Tests.Unit.ChatbotMessageProcessorTest" assertions="1" time="0.042185"/>
        <testcase name="test_procesar_mensaje_texto_con_intenciones_sesion_y_continuacion" file="C:\Users\ASUS\Desktop\SENA\Nueva carpeta\tests\Unit\ChatbotMessageProcessorTest.php" line="552" class="Tests\Unit\ChatbotMessageProcessorTest" classname="Tests.Unit.ChatbotMessageProcessorTest" assertions="0" time="0.040870">
          <error type="Mockery\Exception\BadMethodCallException">Tests\Unit\ChatbotMessageProcessorTest::test_procesar_mensaje_texto_con_intenciones_sesion_y_continuacion&#13;
Mockery\Exception\BadMethodCallException: Received Mockery_3_App_Services_ChatbotIntentionDetector::validarIntencionesContraMensaje(), but no expectations were specified
&#13;
C:\Users\ASUS\Desktop\SENA\Nueva carpeta\app\Services\ChatbotMessageProcessor.php:76
C:\Users\ASUS\Desktop\SENA\Nueva carpeta\app\Services\ChatbotMessageProcessor.php:42
C:\Users\ASUS\Desktop\SENA\Nueva carpeta\tests\Unit\ChatbotMessageProcessorTest.php:599</error>
        </testcase>
        <testcase name="test_procesar_mensaje_texto_con_agregado" file="C:\Users\ASUS\Desktop\SENA\Nueva carpeta\tests\Unit\ChatbotMessageProcessorTest.php" line="612" class="Tests\Unit\ChatbotMessageProcessorTest" classname="Tests.Unit.ChatbotMessageProcessorTest" assertions="0" time="0.048185">
          <error type="Mockery\Exception\BadMethodCallException">Tests\Unit\ChatbotMessageProcessorTest::test_procesar_mensaje_texto_con_agregado&#13;
Mockery\Exception\BadMethodCallException: Received Mockery_5_App_Services_ChatbotResponseBuilder::mostrarOpcionesConIntenciones(), but no expectations were specified
&#13;
C:\Users\ASUS\Desktop\SENA\Nueva carpeta\app\Services\ChatbotMessageProcessor.php:230
C:\Users\ASUS\Desktop\SENA\Nueva carpeta\app\Services\ChatbotMessageProcessor.php:212
C:\Users\ASUS\Desktop\SENA\Nueva carpeta\app\Services\ChatbotMessageProcessor.php:93
C:\Users\ASUS\Desktop\SENA\Nueva carpeta\app\Services\ChatbotMessageProcessor.php:42
C:\Users\ASUS\Desktop\SENA\Nueva carpeta\tests\Unit\ChatbotMessageProcessorTest.php:659</error>
        </testcase>
        <testcase name="test_procesar_mensaje_texto_nueva_consulta" file="C:\Users\ASUS\Desktop\SENA\Nueva carpeta\tests\Unit\ChatbotMessageProcessorTest.php" line="672" class="Tests\Unit\ChatbotMessageProcessorTest" classname="Tests.Unit.ChatbotMessageProcessorTest" assertions="1" time="0.041427"/>
        <testcase name="test_procesar_mensaje_texto_con_dias_y_continuacion" file="C:\Users\ASUS\Desktop\SENA\Nueva carpeta\tests\Unit\ChatbotMessageProcessorTest.php" line="732" class="Tests\Unit\ChatbotMessageProcessorTest" classname="Tests.Unit.ChatbotMessageProcessorTest" assertions="0" time="0.040183">
          <error type="Mockery\Exception\BadMethodCallException">Tests\Unit\ChatbotMessageProcessorTest::test_procesar_mensaje_texto_con_dias_y_continuacion&#13;
Mockery\Exception\BadMethodCallException: Received Mockery_3_App_Services_ChatbotIntentionDetector::clasificarPorTfidf(), but no expectations were specified
&#13;
C:\Users\ASUS\Desktop\SENA\Nueva carpeta\app\Services\ChatbotMessageProcessor.php:126
C:\Users\ASUS\Desktop\SENA\Nueva carpeta\app\Services\ChatbotMessageProcessor.php:63
C:\Users\ASUS\Desktop\SENA\Nueva carpeta\app\Services\ChatbotMessageProcessor.php:42
C:\Users\ASUS\Desktop\SENA\Nueva carpeta\tests\Unit\ChatbotMessageProcessorTest.php:781</error>
        </testcase>
        <testcase name="test_procesar_mensaje_texto_fuera_de_tema_con_selecciones" file="C:\Users\ASUS\Desktop\SENA\Nueva carpeta\tests\Unit\ChatbotMessageProcessorTest.php" line="794" class="Tests\Unit\ChatbotMessageProcessorTest" classname="Tests.Unit.ChatbotMessageProcessorTest" assertions="0" time="0.043599">
          <error type="Mockery\Exception\BadMethodCallException">Tests\Unit\ChatbotMessageProcessorTest::test_procesar_mensaje_texto_fuera_de_tema_con_selecciones&#13;
Mockery\Exception\BadMethodCallException: Received Mockery_3_App_Services_ChatbotIntentionDetector::detectarIntenciones(), but no expectations were specified
&#13;
C:\Users\ASUS\Desktop\SENA\Nueva carpeta\app\Services\ChatbotMessageProcessor.php:124
C:\Users\ASUS\Desktop\SENA\Nueva carpeta\app\Services\ChatbotMessageProcessor.php:63
C:\Users\ASUS\Desktop\SENA\Nueva carpeta\app\Services\ChatbotMessageProcessor.php:42
C:\Users\ASUS\Desktop\SENA\Nueva carpeta\tests\Unit\ChatbotMessageProcessorTest.php:816</error>
        </testcase>
        <testcase name="test_procesar_mensaje_texto_actualizacion_dias_items_vacios" file="C:\Users\ASUS\Desktop\SENA\Nueva carpeta\tests\Unit\ChatbotMessageProcessorTest.php" line="829" class="Tests\Unit\ChatbotMessageProcessorTest" classname="Tests.Unit.ChatbotMessageProcessorTest" assertions="0" time="0.043480">
          <error type="Mockery\Exception\BadMethodCallException">Tests\Unit\ChatbotMessageProcessorTest::test_procesar_mensaje_texto_actualizacion_dias_items_vacios&#13;
Mockery\Exception\BadMethodCallException: Received Mockery_3_App_Services_ChatbotIntentionDetector::esRelacionado(), but no expectations were specified
&#13;
C:\Users\ASUS\Desktop\SENA\Nueva carpeta\app\Services\ChatbotMessageProcessor.php:109
C:\Users\ASUS\Desktop\SENA\Nueva carpeta\app\Services\ChatbotMessageProcessor.php:58
C:\Users\ASUS\Desktop\SENA\Nueva carpeta\app\Services\ChatbotMessageProcessor.php:37
C:\Users\ASUS\Desktop\SENA\Nueva carpeta\tests\Unit\ChatbotMessageProcessorTest.php:852</error>
        </testcase>
        <testcase name="test_procesar_mensaje_texto_buscar_subservicios_con_mensaje_vacio" file="C:\Users\ASUS\Desktop\SENA\Nueva carpeta\tests\Unit\ChatbotMessageProcessorTest.php" line="865" class="Tests\Unit\ChatbotMessageProcessorTest" classname="Tests.Unit.ChatbotMessageProcessorTest" assertions="0" time="0.045845">
          <error type="Mockery\Exception\BadMethodCallException">Tests\Unit\ChatbotMessageProcessorTest::test_procesar_mensaje_texto_buscar_subservicios_con_mensaje_vacio&#13;
Mockery\Exception\BadMethodCallException: Received Mockery_5_App_Services_ChatbotResponseBuilder::responderConOpciones(), but no expectations were specified
&#13;
C:\Users\ASUS\Desktop\SENA\Nueva carpeta\app\Services\ChatbotMessageProcessor.php:34
C:\Users\ASUS\Desktop\SENA\Nueva carpeta\tests\Unit\ChatbotMessageProcessorTest.php:909</error>
        </testcase>
        <testcase name="test_procesar_mensaje_texto_con_catalogo_corregido" file="C:\Users\ASUS\Desktop\SENA\Nueva carpeta\tests\Unit\ChatbotMessageProcessorTest.php" line="922" class="Tests\Unit\ChatbotMessageProcessorTest" classname="Tests.Unit.ChatbotMessageProcessorTest" assertions="1" time="0.040485"/>
        <testcase name="test_procesar_mensaje_texto_con_actualizacion_dias_dias_cero" file="C:\Users\ASUS\Desktop\SENA\Nueva carpeta\tests\Unit\ChatbotMessageProcessorTest.php" line="947" class="Tests\Unit\ChatbotMessageProcessorTest" classname="Tests.Unit.ChatbotMessageProcessorTest" assertions="0" time="0.039800">
          <error type="Mockery\Exception\BadMethodCallException">Tests\Unit\ChatbotMessageProcessorTest::test_procesar_mensaje_texto_con_actualizacion_dias_dias_cero&#13;
Mockery\Exception\BadMethodCallException: Received Mockery_3_App_Services_ChatbotIntentionDetector::clasificarPorTfidf(), but no expectations were specified
&#13;
C:\Users\ASUS\Desktop\SENA\Nueva carpeta\app\Services\ChatbotMessageProcessor.php:126
C:\Users\ASUS\Desktop\SENA\Nueva carpeta\app\Services\ChatbotMessageProcessor.php:63
C:\Users\ASUS\Desktop\SENA\Nueva carpeta\app\Services\ChatbotMessageProcessor.php:42
C:\Users\ASUS\Desktop\SENA\Nueva carpeta\tests\Unit\ChatbotMessageProcessorTest.php:996</error>
        </testcase>
        <testcase name="test_procesar_mensaje_texto_con_intenciones_vacias_y_no_relacionado" file="C:\Users\ASUS\Desktop\SENA\Nueva carpeta\tests\Unit\ChatbotMessageProcessorTest.php" line="1009" class="Tests\Unit\ChatbotMessageProcessorTest" classname="Tests.Unit.ChatbotMessageProcessorTest" assertions="1" time="0.045082"/>
        <testcase name="test_procesar_mensaje_texto_con_sugerencia_aplicada" file="C:\Users\ASUS\Desktop\SENA\Nueva carpeta\tests\Unit\ChatbotMessageProcessorTest.php" line="1064" class="Tests\Unit\ChatbotMessageProcessorTest" classname="Tests.Unit.ChatbotMessageProcessorTest" assertions="1" time="0.040049"/>
        <testcase name="test_procesar_mensaje_texto_con_error_en_sugerencias" file="C:\Users\ASUS\Desktop\SENA\Nueva carpeta\tests\Unit\ChatbotMessageProcessorTest.php" line="1124" class="Tests\Unit\ChatbotMessageProcessorTest" classname="Tests.Unit.ChatbotMessageProcessorTest" assertions="1" time="0.043171"/>
        <testcase name="test_procesar_mensaje_texto_fuera_de_tema_con_selecciones_y_dias" file="C:\Users\ASUS\Desktop\SENA\Nueva carpeta\tests\Unit\ChatbotMessageProcessorTest.php" line="1183" class="Tests\Unit\ChatbotMessageProcessorTest" classname="Tests.Unit.ChatbotMessageProcessorTest" assertions="0" time="0.039970">
          <error type="Mockery\Exception\BadMethodCallException">Tests\Unit\ChatbotMessageProcessorTest::test_procesar_mensaje_texto_fuera_de_tema_con_selecciones_y_dias&#13;
Mockery\Exception\BadMethodCallException: Received Mockery_3_App_Services_ChatbotIntentionDetector::detectarIntenciones(), but no expectations were specified
&#13;
C:\Users\ASUS\Desktop\SENA\Nueva carpeta\app\Services\ChatbotMessageProcessor.php:124
C:\Users\ASUS\Desktop\SENA\Nueva carpeta\app\Services\ChatbotMessageProcessor.php:63
C:\Users\ASUS\Desktop\SENA\Nueva carpeta\app\Services\ChatbotMessageProcessor.php:42
C:\Users\ASUS\Desktop\SENA\Nueva carpeta\tests\Unit\ChatbotMessageProcessorTest.php:1194</error>
        </testcase>
        <testcase name="test_procesar_mensaje_texto_con_detectar_intenciones_sesion_y_dias" file="C:\Users\ASUS\Desktop\SENA\Nueva carpeta\tests\Unit\ChatbotMessageProcessorTest.php" line="1208" class="Tests\Unit\ChatbotMessageProcessorTest" classname="Tests.Unit.ChatbotMessageProcessorTest" assertions="0" time="0.046865">
          <error type="Mockery\Exception\BadMethodCallException">Tests\Unit\ChatbotMessageProcessorTest::test_procesar_mensaje_texto_con_detectar_intenciones_sesion_y_dias&#13;
Mockery\Exception\BadMethodCallException: Received Mockery_3_App_Services_ChatbotIntentionDetector::validarIntencionesContraMensaje(), but no expectations were specified
&#13;
C:\Users\ASUS\Desktop\SENA\Nueva carpeta\app\Services\ChatbotMessageProcessor.php:76
C:\Users\ASUS\Desktop\SENA\Nueva carpeta\app\Services\ChatbotMessageProcessor.php:42
C:\Users\ASUS\Desktop\SENA\Nueva carpeta\tests\Unit\ChatbotMessageProcessorTest.php:1256</error>
        </testcase>
        <testcase name="test_procesar_mensaje_texto_buscar_subservicios_con_mensaje_corregido_vacio" file="C:\Users\ASUS\Desktop\SENA\Nueva carpeta\tests\Unit\ChatbotMessageProcessorTest.php" line="1269" class="Tests\Unit\ChatbotMessageProcessorTest" classname="Tests.Unit.ChatbotMessageProcessorTest" assertions="0" time="0.045780">
          <error type="Mockery\Exception\BadMethodCallException">Tests\Unit\ChatbotMessageProcessorTest::test_procesar_mensaje_texto_buscar_subservicios_con_mensaje_corregido_vacio&#13;
Mockery\Exception\BadMethodCallException: Received Mockery_3_App_Services_ChatbotIntentionDetector::clasificarPorTfidf(), but no expectations were specified
&#13;
C:\Users\ASUS\Desktop\SENA\Nueva carpeta\app\Services\ChatbotMessageProcessor.php:126
C:\Users\ASUS\Desktop\SENA\Nueva carpeta\app\Services\ChatbotMessageProcessor.php:63
C:\Users\ASUS\Desktop\SENA\Nueva carpeta\app\Services\ChatbotMessageProcessor.php:42
C:\Users\ASUS\Desktop\SENA\Nueva carpeta\tests\Unit\ChatbotMessageProcessorTest.php:1314</error>
        </testcase>
        <testcase name="test_procesar_mensaje_texto_responder_con_intenciones_sin_sugerencia_aplicada" file="C:\Users\ASUS\Desktop\SENA\Nueva carpeta\tests\Unit\ChatbotMessageProcessorTest.php" line="1329" class="Tests\Unit\ChatbotMessageProcessorTest" classname="Tests.Unit.ChatbotMessageProcessorTest" assertions="1" time="0.040487"/>
        <testcase name="test_procesar_mensaje_texto_obtener_sugerencias_con_error" file="C:\Users\ASUS\Desktop\SENA\Nueva carpeta\tests\Unit\ChatbotMessageProcessorTest.php" line="1386" class="Tests\Unit\ChatbotMessageProcessorTest" classname="Tests.Unit.ChatbotMessageProcessorTest" assertions="2" time="0.042526"/>
      </testsuite>
      <testsuite name="Tests\Unit\ChatbotResponseBuilderTest" file="C:\Users\ASUS\Desktop\SENA\Nueva carpeta\tests\Unit\ChatbotResponseBuilderTest.php" tests="32" assertions="71" errors="0" failures="0" skipped="0" time="1.576115">
        <testcase name="test_responder_con_opciones" file="C:\Users\ASUS\Desktop\SENA\Nueva carpeta\tests\Unit\ChatbotResponseBuilderTest.php" line="32" class="Tests\Unit\ChatbotResponseBuilderTest" classname="Tests.Unit.ChatbotResponseBuilderTest" assertions="3" time="0.039115"/>
        <testcase name="test_mostrar_catalogo_json_sin_dias" file="C:\Users\ASUS\Desktop\SENA\Nueva carpeta\tests\Unit\ChatbotResponseBuilderTest.php" line="48" class="Tests\Unit\ChatbotResponseBuilderTest" classname="Tests.Unit.ChatbotResponseBuilderTest" assertions="4" time="0.043931"/>
        <testcase name="test_mostrar_catalogo_json_con_dias" file="C:\Users\ASUS\Desktop\SENA\Nueva carpeta\tests\Unit\ChatbotResponseBuilderTest.php" line="59" class="Tests\Unit\ChatbotResponseBuilderTest" classname="Tests.Unit.ChatbotResponseBuilderTest" assertions="3" time="0.044475"/>
        <testcase name="test_responder_opciones" file="C:\Users\ASUS\Desktop\SENA\Nueva carpeta\tests\Unit\ChatbotResponseBuilderTest.php" line="73" class="Tests\Unit\ChatbotResponseBuilderTest" classname="Tests.Unit.ChatbotResponseBuilderTest" assertions="5" time="0.042387"/>
        <testcase name="test_solicitar_confirmacion_intencion_sin_hint" file="C:\Users\ASUS\Desktop\SENA\Nueva carpeta\tests\Unit\ChatbotResponseBuilderTest.php" line="94" class="Tests\Unit\ChatbotResponseBuilderTest" classname="Tests.Unit.ChatbotResponseBuilderTest" assertions="4" time="0.043324"/>
        <testcase name="test_solicitar_confirmacion_intencion_con_hint" file="C:\Users\ASUS\Desktop\SENA\Nueva carpeta\tests\Unit\ChatbotResponseBuilderTest.php" line="111" class="Tests\Unit\ChatbotResponseBuilderTest" classname="Tests.Unit.ChatbotResponseBuilderTest" assertions="2" time="0.038818"/>
        <testcase name="test_solicitar_confirmacion_intencion_con_dias" file="C:\Users\ASUS\Desktop\SENA\Nueva carpeta\tests\Unit\ChatbotResponseBuilderTest.php" line="128" class="Tests\Unit\ChatbotResponseBuilderTest" classname="Tests.Unit.ChatbotResponseBuilderTest" assertions="2" time="0.043308"/>
        <testcase name="test_mostrar_opciones_con_intenciones_sin_dias" file="C:\Users\ASUS\Desktop\SENA\Nueva carpeta\tests\Unit\ChatbotResponseBuilderTest.php" line="147" class="Tests\Unit\ChatbotResponseBuilderTest" classname="Tests.Unit.ChatbotResponseBuilderTest" assertions="2" time="0.039150"/>
        <testcase name="test_mostrar_opciones_con_intenciones_con_dias" file="C:\Users\ASUS\Desktop\SENA\Nueva carpeta\tests\Unit\ChatbotResponseBuilderTest.php" line="167" class="Tests\Unit\ChatbotResponseBuilderTest" classname="Tests.Unit.ChatbotResponseBuilderTest" assertions="2" time="0.044686"/>
        <testcase name="test_mostrar_opciones_con_intenciones_multiples_dias" file="C:\Users\ASUS\Desktop\SENA\Nueva carpeta\tests\Unit\ChatbotResponseBuilderTest.php" line="187" class="Tests\Unit\ChatbotResponseBuilderTest" classname="Tests.Unit.ChatbotResponseBuilderTest" assertions="2" time="0.040312"/>
        <testcase name="test_responder_cotizacion_un_dia" file="C:\Users\ASUS\Desktop\SENA\Nueva carpeta\tests\Unit\ChatbotResponseBuilderTest.php" line="211" class="Tests\Unit\ChatbotResponseBuilderTest" classname="Tests.Unit.ChatbotResponseBuilderTest" assertions="5" time="0.044186"/>
        <testcase name="test_responder_cotizacion_multiples_dias" file="C:\Users\ASUS\Desktop\SENA\Nueva carpeta\tests\Unit\ChatbotResponseBuilderTest.php" line="228" class="Tests\Unit\ChatbotResponseBuilderTest" classname="Tests.Unit.ChatbotResponseBuilderTest" assertions="5" time="0.039908"/>
        <testcase name="test_construir_detalle_cotizacion" file="C:\Users\ASUS\Desktop\SENA\Nueva carpeta\tests\Unit\ChatbotResponseBuilderTest.php" line="248" class="Tests\Unit\ChatbotResponseBuilderTest" classname="Tests.Unit.ChatbotResponseBuilderTest" assertions="7" time="0.048316"/>
        <testcase name="test_construir_detalle_cotizacion_con_array" file="C:\Users\ASUS\Desktop\SENA\Nueva carpeta\tests\Unit\ChatbotResponseBuilderTest.php" line="266" class="Tests\Unit\ChatbotResponseBuilderTest" classname="Tests.Unit.ChatbotResponseBuilderTest" assertions="2" time="0.051354"/>
        <testcase name="test_construir_detalle_cotizacion_mensaje_plural" file="C:\Users\ASUS\Desktop\SENA\Nueva carpeta\tests\Unit\ChatbotResponseBuilderTest.php" line="279" class="Tests\Unit\ChatbotResponseBuilderTest" classname="Tests.Unit.ChatbotResponseBuilderTest" assertions="2" time="0.049725"/>
        <testcase name="test_construir_detalle_cotizacion_mensaje_singular" file="C:\Users\ASUS\Desktop\SENA\Nueva carpeta\tests\Unit\ChatbotResponseBuilderTest.php" line="291" class="Tests\Unit\ChatbotResponseBuilderTest" classname="Tests.Unit.ChatbotResponseBuilderTest" assertions="1" time="0.051099"/>
        <testcase name="test_sub_servicios_query_estructura" file="C:\Users\ASUS\Desktop\SENA\Nueva carpeta\tests\Unit\ChatbotResponseBuilderTest.php" line="306" class="Tests\Unit\ChatbotResponseBuilderTest" classname="Tests.Unit.ChatbotResponseBuilderTest" assertions="1" time="0.074054"/>
        <testcase name="test_ordenar_sub_servicios_estructura" file="C:\Users\ASUS\Desktop\SENA\Nueva carpeta\tests\Unit\ChatbotResponseBuilderTest.php" line="313" class="Tests\Unit\ChatbotResponseBuilderTest" classname="Tests.Unit.ChatbotResponseBuilderTest" assertions="1" time="0.119184"/>
        <testcase name="test_formatear_opciones_con_items" file="C:\Users\ASUS\Desktop\SENA\Nueva carpeta\tests\Unit\ChatbotResponseBuilderTest.php" line="321" class="Tests\Unit\ChatbotResponseBuilderTest" classname="Tests.Unit.ChatbotResponseBuilderTest" assertions="2" time="0.106772"/>
        <testcase name="test_formatear_opciones_con_array" file="C:\Users\ASUS\Desktop\SENA\Nueva carpeta\tests\Unit\ChatbotResponseBuilderTest.php" line="345" class="Tests\Unit\ChatbotResponseBuilderTest" classname="Tests.Unit.ChatbotResponseBuilderTest" assertions="1" time="0.068211"/>
        <testcase name="test_construir_detalle_cotizacion_mostrar_dias_siempre" file="C:\Users\ASUS\Desktop\SENA\Nueva carpeta\tests\Unit\ChatbotResponseBuilderTest.php" line="358" class="Tests\Unit\ChatbotResponseBuilderTest" classname="Tests.Unit.ChatbotResponseBuilderTest" assertions="1" time="0.037772"/>
        <testcase name="test_responder_cotizacion_con_mostrar_dias_siempre" file="C:\Users\ASUS\Desktop\SENA\Nueva carpeta\tests\Unit\ChatbotResponseBuilderTest.php" line="369" class="Tests\Unit\ChatbotResponseBuilderTest" classname="Tests.Unit.ChatbotResponseBuilderTest" assertions="1" time="0.044144"/>
        <testcase name="test_solicitar_confirmacion_intencion_sin_dias" file="C:\Users\ASUS\Desktop\SENA\Nueva carpeta\tests\Unit\ChatbotResponseBuilderTest.php" line="381" class="Tests\Unit\ChatbotResponseBuilderTest" classname="Tests.Unit.ChatbotResponseBuilderTest" assertions="1" time="0.039040"/>
        <testcase name="test_solicitar_confirmacion_intencion_con_hint_vacio" file="C:\Users\ASUS\Desktop\SENA\Nueva carpeta\tests\Unit\ChatbotResponseBuilderTest.php" line="395" class="Tests\Unit\ChatbotResponseBuilderTest" classname="Tests.Unit.ChatbotResponseBuilderTest" assertions="1" time="0.046314"/>
        <testcase name="test_solicitar_confirmacion_intencion_con_hint_token_vacio" file="C:\Users\ASUS\Desktop\SENA\Nueva carpeta\tests\Unit\ChatbotResponseBuilderTest.php" line="409" class="Tests\Unit\ChatbotResponseBuilderTest" classname="Tests.Unit.ChatbotResponseBuilderTest" assertions="1" time="0.038984"/>
        <testcase name="test_responder_opciones_sin_dias" file="C:\Users\ASUS\Desktop\SENA\Nueva carpeta\tests\Unit\ChatbotResponseBuilderTest.php" line="425" class="Tests\Unit\ChatbotResponseBuilderTest" classname="Tests.Unit.ChatbotResponseBuilderTest" assertions="1" time="0.043375"/>
        <testcase name="test_construir_detalle_cotizacion_un_dia_sin_mostrar_total" file="C:\Users\ASUS\Desktop\SENA\Nueva carpeta\tests\Unit\ChatbotResponseBuilderTest.php" line="437" class="Tests\Unit\ChatbotResponseBuilderTest" classname="Tests.Unit.ChatbotResponseBuilderTest" assertions="2" time="0.037220"/>
        <testcase name="test_construir_detalle_cotizacion_multiples_dias_sin_mostrar_dias_siempre" file="C:\Users\ASUS\Desktop\SENA\Nueva carpeta\tests\Unit\ChatbotResponseBuilderTest.php" line="449" class="Tests\Unit\ChatbotResponseBuilderTest" classname="Tests.Unit.ChatbotResponseBuilderTest" assertions="1" time="0.044331"/>
        <testcase name="test_mostrar_catalogo_json_con_selecciones" file="C:\Users\ASUS\Desktop\SENA\Nueva carpeta\tests\Unit\ChatbotResponseBuilderTest.php" line="460" class="Tests\Unit\ChatbotResponseBuilderTest" classname="Tests.Unit.ChatbotResponseBuilderTest" assertions="1" time="0.042501"/>
        <testcase name="test_formatear_opciones_con_items_vacios" file="C:\Users\ASUS\Desktop\SENA\Nueva carpeta\tests\Unit\ChatbotResponseBuilderTest.php" line="476" class="Tests\Unit\ChatbotResponseBuilderTest" classname="Tests.Unit.ChatbotResponseBuilderTest" assertions="2" time="0.044495"/>
        <testcase name="test_formatear_opciones_con_multiple_servicios" file="C:\Users\ASUS\Desktop\SENA\Nueva carpeta\tests\Unit\ChatbotResponseBuilderTest.php" line="487" class="Tests\Unit\ChatbotResponseBuilderTest" classname="Tests.Unit.ChatbotResponseBuilderTest" assertions="2" time="0.046567"/>
        <testcase name="test_responder_cotizacion_con_items_array" file="C:\Users\ASUS\Desktop\SENA\Nueva carpeta\tests\Unit\ChatbotResponseBuilderTest.php" line="513" class="Tests\Unit\ChatbotResponseBuilderTest" classname="Tests.Unit.ChatbotResponseBuilderTest" assertions="1" time="0.039056"/>
      </testsuite>
      <testsuite name="Tests\Unit\ChatbotSessionManagerTest" file="C:\Users\ASUS\Desktop\SENA\Nueva carpeta\tests\Unit\ChatbotSessionManagerTest.php" tests="10" assertions="10" errors="0" failures="0" skipped="0" time="0.390564">
        <testcase name="test_limpiar_sesion_chat_limpia_selecciones" file="C:\Users\ASUS\Desktop\SENA\Nueva carpeta\tests\Unit\ChatbotSessionManagerTest.php" line="26" class="Tests\Unit\ChatbotSessionManagerTest" classname="Tests.Unit.ChatbotSessionManagerTest" assertions="1" time="0.037782"/>
        <testcase name="test_limpiar_sesion_chat_limpia_intenciones" file="C:\Users\ASUS\Desktop\SENA\Nueva carpeta\tests\Unit\ChatbotSessionManagerTest.php" line="33" class="Tests\Unit\ChatbotSessionManagerTest" classname="Tests.Unit.ChatbotSessionManagerTest" assertions="1" time="0.042444"/>
        <testcase name="test_limpiar_sesion_chat_limpia_days" file="C:\Users\ASUS\Desktop\SENA\Nueva carpeta\tests\Unit\ChatbotSessionManagerTest.php" line="40" class="Tests\Unit\ChatbotSessionManagerTest" classname="Tests.Unit.ChatbotSessionManagerTest" assertions="1" time="0.038998"/>
        <testcase name="test_obtener_dias_para_respuesta_con_dias" file="C:\Users\ASUS\Desktop\SENA\Nueva carpeta\tests\Unit\ChatbotSessionManagerTest.php" line="51" class="Tests\Unit\ChatbotSessionManagerTest" classname="Tests.Unit.ChatbotSessionManagerTest" assertions="1" time="0.037296"/>
        <testcase name="test_obtener_dias_para_respuesta_con_session" file="C:\Users\ASUS\Desktop\SENA\Nueva carpeta\tests\Unit\ChatbotSessionManagerTest.php" line="57" class="Tests\Unit\ChatbotSessionManagerTest" classname="Tests.Unit.ChatbotSessionManagerTest" assertions="1" time="0.040678"/>
        <testcase name="test_obtener_dias_para_respuesta_sin_dias" file="C:\Users\ASUS\Desktop\SENA\Nueva carpeta\tests\Unit\ChatbotSessionManagerTest.php" line="64" class="Tests\Unit\ChatbotSessionManagerTest" classname="Tests.Unit.ChatbotSessionManagerTest" assertions="1" time="0.036612"/>
        <testcase name="test_extraer_dias_del_request_con_numero" file="C:\Users\ASUS\Desktop\SENA\Nueva carpeta\tests\Unit\ChatbotSessionManagerTest.php" line="75" class="Tests\Unit\ChatbotSessionManagerTest" classname="Tests.Unit.ChatbotSessionManagerTest" assertions="1" time="0.038267"/>
        <testcase name="test_extraer_dias_del_request_con_palabras" file="C:\Users\ASUS\Desktop\SENA\Nueva carpeta\tests\Unit\ChatbotSessionManagerTest.php" line="87" class="Tests\Unit\ChatbotSessionManagerTest" classname="Tests.Unit.ChatbotSessionManagerTest" assertions="1" time="0.040492"/>
        <testcase name="test_extraer_dias_del_request_con_continuacion" file="C:\Users\ASUS\Desktop\SENA\Nueva carpeta\tests\Unit\ChatbotSessionManagerTest.php" line="99" class="Tests\Unit\ChatbotSessionManagerTest" classname="Tests.Unit.ChatbotSessionManagerTest" assertions="1" time="0.037971"/>
        <testcase name="test_extraer_dias_del_request_guarda_en_session" file="C:\Users\ASUS\Desktop\SENA\Nueva carpeta\tests\Unit\ChatbotSessionManagerTest.php" line="112" class="Tests\Unit\ChatbotSessionManagerTest" classname="Tests.Unit.ChatbotSessionManagerTest" assertions="1" time="0.040024"/>
      </testsuite>
      <testsuite name="Tests\Unit\ChatbotSubServicioServiceTest" file="C:\Users\ASUS\Desktop\SENA\Nueva carpeta\tests\Unit\ChatbotSubServicioServiceTest.php" tests="18" assertions="31" errors="0" failures="0" skipped="0" time="0.821850">
        <testcase name="test_obtener_sub_servicios_por_intenciones_vacio" file="C:\Users\ASUS\Desktop\SENA\Nueva carpeta\tests\Unit\ChatbotSubServicioServiceTest.php" line="37" class="Tests\Unit\ChatbotSubServicioServiceTest" classname="Tests.Unit.ChatbotSubServicioServiceTest" assertions="2" time="0.040437"/>
        <testcase name="test_obtener_sub_servicios_por_intenciones_con_servicio" file="C:\Users\ASUS\Desktop\SENA\Nueva carpeta\tests\Unit\ChatbotSubServicioServiceTest.php" line="45" class="Tests\Unit\ChatbotSubServicioServiceTest" classname="Tests.Unit.ChatbotSubServicioServiceTest" assertions="2" time="0.042436"/>
        <testcase name="test_obtener_sub_servicios_por_intenciones_multiples" file="C:\Users\ASUS\Desktop\SENA\Nueva carpeta\tests\Unit\ChatbotSubServicioServiceTest.php" line="65" class="Tests\Unit\ChatbotSubServicioServiceTest" classname="Tests.Unit.ChatbotSubServicioServiceTest" assertions="3" time="0.046707"/>
        <testcase name="test_obtener_items_seleccionados_vacio" file="C:\Users\ASUS\Desktop\SENA\Nueva carpeta\tests\Unit\ChatbotSubServicioServiceTest.php" line="101" class="Tests\Unit\ChatbotSubServicioServiceTest" classname="Tests.Unit.ChatbotSubServicioServiceTest" assertions="2" time="0.037798"/>
        <testcase name="test_obtener_items_seleccionados_con_ids" file="C:\Users\ASUS\Desktop\SENA\Nueva carpeta\tests\Unit\ChatbotSubServicioServiceTest.php" line="109" class="Tests\Unit\ChatbotSubServicioServiceTest" classname="Tests.Unit.ChatbotSubServicioServiceTest" assertions="3" time="0.043773"/>
        <testcase name="test_obtener_items_seleccionados_con_ids_inexistentes" file="C:\Users\ASUS\Desktop\SENA\Nueva carpeta\tests\Unit\ChatbotSubServicioServiceTest.php" line="137" class="Tests\Unit\ChatbotSubServicioServiceTest" classname="Tests.Unit.ChatbotSubServicioServiceTest" assertions="2" time="0.040059"/>
        <testcase name="test_buscar_sub_servicios_relacionados_por_mensaje" file="C:\Users\ASUS\Desktop\SENA\Nueva carpeta\tests\Unit\ChatbotSubServicioServiceTest.php" line="149" class="Tests\Unit\ChatbotSubServicioServiceTest" classname="Tests.Unit.ChatbotSubServicioServiceTest" assertions="1" time="0.044162"/>
[...]
        </testcase>
        <testcase name="test_inicio_sesion_retorna_vista" file="C:\Users\ASUS\Desktop\SENA\Nueva carpeta\tests\Unit\UsuarioControllerUnitTest.php" line="187" class="Tests\Unit\UsuarioControllerUnitTest" classname="Tests.Unit.UsuarioControllerUnitTest" assertions="1" time="0.037981"/>
        <testcase name="test_autenticar_exitoso" file="C:\Users\ASUS\Desktop\SENA\Nueva carpeta\tests\Unit\UsuarioControllerUnitTest.php" line="194" class="Tests\Unit\UsuarioControllerUnitTest" classname="Tests.Unit.UsuarioControllerUnitTest" assertions="2" time="0.054176"/>
        <testcase name="test_autenticar_fallido" file="C:\Users\ASUS\Desktop\SENA\Nueva carpeta\tests\Unit\UsuarioControllerUnitTest.php" line="217" class="Tests\Unit\UsuarioControllerUnitTest" classname="Tests.Unit.UsuarioControllerUnitTest" assertions="0" time="0.048605">
          <error type="Illuminate\Database\QueryException">Tests\Unit\UsuarioControllerUnitTest::test_autenticar_fallido&#13;
Illuminate\Database\QueryException: SQLSTATE[23000]: Integrity constraint violation: 19 NOT NULL constraint failed: personas.primer_apellido (Connection: sqlite, SQL: insert into "personas" ("primer_nombre", "correo", "contrasena", "updated_at", "created_at") values (Juan, juan@test.com, $2y$04$KizP9AV.KXnJ5Y6uJ6tmSeJuD/3CCqFmqC65mBSleHG75h44hWM/O, 2025-11-28 23:17:25, 2025-11-28 23:17:25))
&#13;
C:\Users\ASUS\Desktop\SENA\Nueva carpeta\vendor\laravel\framework\src\Illuminate\Database\Connection.php:824
C:\Users\ASUS\Desktop\SENA\Nueva carpeta\vendor\laravel\framework\src\Illuminate\Database\Connection.php:778
C:\Users\ASUS\Desktop\SENA\Nueva carpeta\vendor\laravel\framework\src\Illuminate\Database\Connection.php:559
C:\Users\ASUS\Desktop\SENA\Nueva carpeta\vendor\laravel\framework\src\Illuminate\Database\Connection.php:523
C:\Users\ASUS\Desktop\SENA\Nueva carpeta\vendor\laravel\framework\src\Illuminate\Database\Query\Processors\Processor.php:32
C:\Users\ASUS\Desktop\SENA\Nueva carpeta\vendor\laravel\framework\src\Illuminate\Database\Query\Builder.php:3853
C:\Users\ASUS\Desktop\SENA\Nueva carpeta\vendor\laravel\framework\src\Illuminate\Database\Eloquent\Builder.php:2205
C:\Users\ASUS\Desktop\SENA\Nueva carpeta\vendor\laravel\framework\src\Illuminate\Database\Eloquent\Model.php:1427
C:\Users\ASUS\Desktop\SENA\Nueva carpeta\vendor\laravel\framework\src\Illuminate\Database\Eloquent\Model.php:1392
C:\Users\ASUS\Desktop\SENA\Nueva carpeta\vendor\laravel\framework\src\Illuminate\Database\Eloquent\Model.php:1231
C:\Users\ASUS\Desktop\SENA\Nueva carpeta\vendor\laravel\framework\src\Illuminate\Database\Eloquent\Builder.php:1189
C:\Users\ASUS\Desktop\SENA\Nueva carpeta\vendor\laravel\framework\src\Illuminate\Support\helpers.php:399
C:\Users\ASUS\Desktop\SENA\Nueva carpeta\vendor\laravel\framework\src\Illuminate\Database\Eloquent\Builder.php:1188
C:\Users\ASUS\Desktop\SENA\Nueva carpeta\vendor\laravel\framework\src\Illuminate\Support\Traits\ForwardsCalls.php:23
C:\Users\ASUS\Desktop\SENA\Nueva carpeta\vendor\laravel\framework\src\Illuminate\Database\Eloquent\Model.php:2518
C:\Users\ASUS\Desktop\SENA\Nueva carpeta\vendor\laravel\framework\src\Illuminate\Database\Eloquent\Model.php:2534
C:\Users\ASUS\Desktop\SENA\Nueva carpeta\tests\Unit\UsuarioControllerUnitTest.php:219</error>
        </testcase>
        <testcase name="test_autenticar_con_roles" file="C:\Users\ASUS\Desktop\SENA\Nueva carpeta\tests\Unit\UsuarioControllerUnitTest.php" line="235" class="Tests\Unit\UsuarioControllerUnitTest" classname="Tests.Unit.UsuarioControllerUnitTest" assertions="2" time="0.050532"/>
        <testcase name="test_autenticar_con_pending_admin" file="C:\Users\ASUS\Desktop\SENA\Nueva carpeta\tests\Unit\UsuarioControllerUnitTest.php" line="268" class="Tests\Unit\UsuarioControllerUnitTest" classname="Tests.Unit.UsuarioControllerUnitTest" assertions="0" time="0.046365">
          <error type="Illuminate\Database\QueryException">Tests\Unit\UsuarioControllerUnitTest::test_autenticar_con_pending_admin&#13;
Illuminate\Database\QueryException: SQLSTATE[23000]: Integrity constraint violation: 19 NOT NULL constraint failed: personas.primer_apellido (Connection: sqlite, SQL: insert into "personas" ("primer_nombre", "correo", "contrasena", "updated_at", "created_at") values (Juan, juan@test.com, $2y$04$gvNmS0ixbL3Kt8feU4w9Xe0eBCZjrDyUavYWe./JgI7sphn5pAgHy, 2025-11-28 23:17:25, 2025-11-28 23:17:25))
&#13;
C:\Users\ASUS\Desktop\SENA\Nueva carpeta\vendor\laravel\framework\src\Illuminate\Database\Connection.php:824
C:\Users\ASUS\Desktop\SENA\Nueva carpeta\vendor\laravel\framework\src\Illuminate\Database\Connection.php:778
C:\Users\ASUS\Desktop\SENA\Nueva carpeta\vendor\laravel\framework\src\Illuminate\Database\Connection.php:559
C:\Users\ASUS\Desktop\SENA\Nueva carpeta\vendor\laravel\framework\src\Illuminate\Database\Connection.php:523
C:\Users\ASUS\Desktop\SENA\Nueva carpeta\vendor\laravel\framework\src\Illuminate\Database\Query\Processors\Processor.php:32
C:\Users\ASUS\Desktop\SENA\Nueva carpeta\vendor\laravel\framework\src\Illuminate\Database\Query\Builder.php:3853
C:\Users\ASUS\Desktop\SENA\Nueva carpeta\vendor\laravel\framework\src\Illuminate\Database\Eloquent\Builder.php:2205
C:\Users\ASUS\Desktop\SENA\Nueva carpeta\vendor\laravel\framework\src\Illuminate\Database\Eloquent\Model.php:1427
C:\Users\ASUS\Desktop\SENA\Nueva carpeta\vendor\laravel\framework\src\Illuminate\Database\Eloquent\Model.php:1392
C:\Users\ASUS\Desktop\SENA\Nueva carpeta\vendor\laravel\framework\src\Illuminate\Database\Eloquent\Model.php:1231
C:\Users\ASUS\Desktop\SENA\Nueva carpeta\vendor\laravel\framework\src\Illuminate\Database\Eloquent\Builder.php:1189
C:\Users\ASUS\Desktop\SENA\Nueva carpeta\vendor\laravel\framework\src\Illuminate\Support\helpers.php:399
C:\Users\ASUS\Desktop\SENA\Nueva carpeta\vendor\laravel\framework\src\Illuminate\Database\Eloquent\Builder.php:1188
C:\Users\ASUS\Desktop\SENA\Nueva carpeta\vendor\laravel\framework\src\Illuminate\Support\Traits\ForwardsCalls.php:23
C:\Users\ASUS\Desktop\SENA\Nueva carpeta\vendor\laravel\framework\src\Illuminate\Database\Eloquent\Model.php:2518
C:\Users\ASUS\Desktop\SENA\Nueva carpeta\vendor\laravel\framework\src\Illuminate\Database\Eloquent\Model.php:2534
C:\Users\ASUS\Desktop\SENA\Nueva carpeta\tests\Unit\UsuarioControllerUnitTest.php:270</error>
        </testcase>
        <testcase name="test_cerrar_sesion" file="C:\Users\ASUS\Desktop\SENA\Nueva carpeta\tests\Unit\UsuarioControllerUnitTest.php" line="288" class="Tests\Unit\UsuarioControllerUnitTest" classname="Tests.Unit.UsuarioControllerUnitTest" assertions="2" time="0.043337"/>
        <testcase name="test_perfil_retorna_vista" file="C:\Users\ASUS\Desktop\SENA\Nueva carpeta\tests\Unit\UsuarioControllerUnitTest.php" line="298" class="Tests\Unit\UsuarioControllerUnitTest" classname="Tests.Unit.UsuarioControllerUnitTest" assertions="0" time="0.042630">
          <error type="Illuminate\Database\QueryException">Tests\Unit\UsuarioControllerUnitTest::test_perfil_retorna_vista&#13;
Illuminate\Database\QueryException: SQLSTATE[23000]: Integrity constraint violation: 19 NOT NULL constraint failed: personas.primer_apellido (Connection: sqlite, SQL: insert into "personas" ("primer_nombre", "correo", "contrasena", "updated_at", "created_at") values (Juan, juan@test.com, password, 2025-11-28 23:17:25, 2025-11-28 23:17:25))
&#13;
C:\Users\ASUS\Desktop\SENA\Nueva carpeta\vendor\laravel\framework\src\Illuminate\Database\Connection.php:824
C:\Users\ASUS\Desktop\SENA\Nueva carpeta\vendor\laravel\framework\src\Illuminate\Database\Connection.php:778
C:\Users\ASUS\Desktop\SENA\Nueva carpeta\vendor\laravel\framework\src\Illuminate\Database\Connection.php:559
C:\Users\ASUS\Desktop\SENA\Nueva carpeta\vendor\laravel\framework\src\Illuminate\Database\Connection.php:523
C:\Users\ASUS\Desktop\SENA\Nueva carpeta\vendor\laravel\framework\src\Illuminate\Database\Query\Processors\Processor.php:32
C:\Users\ASUS\Desktop\SENA\Nueva carpeta\vendor\laravel\framework\src\Illuminate\Database\Query\Builder.php:3853
C:\Users\ASUS\Desktop\SENA\Nueva carpeta\vendor\laravel\framework\src\Illuminate\Database\Eloquent\Builder.php:2205
C:\Users\ASUS\Desktop\SENA\Nueva carpeta\vendor\laravel\framework\src\Illuminate\Database\Eloquent\Model.php:1427
C:\Users\ASUS\Desktop\SENA\Nueva carpeta\vendor\laravel\framework\src\Illuminate\Database\Eloquent\Model.php:1392
C:\Users\ASUS\Desktop\SENA\Nueva carpeta\vendor\laravel\framework\src\Illuminate\Database\Eloquent\Model.php:1231
C:\Users\ASUS\Desktop\SENA\Nueva carpeta\vendor\laravel\framework\src\Illuminate\Database\Eloquent\Builder.php:1189
C:\Users\ASUS\Desktop\SENA\Nueva carpeta\vendor\laravel\framework\src\Illuminate\Support\helpers.php:399
C:\Users\ASUS\Desktop\SENA\Nueva carpeta\vendor\laravel\framework\src\Illuminate\Database\Eloquent\Builder.php:1188
C:\Users\ASUS\Desktop\SENA\Nueva carpeta\vendor\laravel\framework\src\Illuminate\Support\Traits\ForwardsCalls.php:23
C:\Users\ASUS\Desktop\SENA\Nueva carpeta\vendor\laravel\framework\src\Illuminate\Database\Eloquent\Model.php:2518
C:\Users\ASUS\Desktop\SENA\Nueva carpeta\vendor\laravel\framework\src\Illuminate\Database\Eloquent\Model.php:2534
C:\Users\ASUS\Desktop\SENA\Nueva carpeta\tests\Unit\UsuarioControllerUnitTest.php:300</error>
        </testcase>
        <testcase name="test_update_photo_exitoso" file="C:\Users\ASUS\Desktop\SENA\Nueva carpeta\tests\Unit\UsuarioControllerUnitTest.php" line="313" class="Tests\Unit\UsuarioControllerUnitTest" classname="Tests.Unit.UsuarioControllerUnitTest" assertions="0" time="0.046610">
          <error type="Illuminate\Database\QueryException">Tests\Unit\UsuarioControllerUnitTest::test_update_photo_exitoso&#13;
Illuminate\Database\QueryException: SQLSTATE[23000]: Integrity constraint violation: 19 NOT NULL constraint failed: personas.primer_apellido (Connection: sqlite, SQL: insert into "personas" ("primer_nombre", "correo", "contrasena", "updated_at", "created_at") values (Juan, juan@test.com, password, 2025-11-28 23:17:25, 2025-11-28 23:17:25))
&#13;
C:\Users\ASUS\Desktop\SENA\Nueva carpeta\vendor\laravel\framework\src\Illuminate\Database\Connection.php:824
C:\Users\ASUS\Desktop\SENA\Nueva carpeta\vendor\laravel\framework\src\Illuminate\Database\Connection.php:778
C:\Users\ASUS\Desktop\SENA\Nueva carpeta\vendor\laravel\framework\src\Illuminate\Database\Connection.php:559
C:\Users\ASUS\Desktop\SENA\Nueva carpeta\vendor\laravel\framework\src\Illuminate\Database\Connection.php:523
C:\Users\ASUS\Desktop\SENA\Nueva carpeta\vendor\laravel\framework\src\Illuminate\Database\Query\Processors\Processor.php:32
C:\Users\ASUS\Desktop\SENA\Nueva carpeta\vendor\laravel\framework\src\Illuminate\Database\Query\Builder.php:3853
C:\Users\ASUS\Desktop\SENA\Nueva carpeta\vendor\laravel\framework\src\Illuminate\Database\Eloquent\Builder.php:2205
C:\Users\ASUS\Desktop\SENA\Nueva carpeta\vendor\laravel\framework\src\Illuminate\Database\Eloquent\Model.php:1427
C:\Users\ASUS\Desktop\SENA\Nueva carpeta\vendor\laravel\framework\src\Illuminate\Database\Eloquent\Model.php:1392
C:\Users\ASUS\Desktop\SENA\Nueva carpeta\vendor\laravel\framework\src\Illuminate\Database\Eloquent\Model.php:1231
C:\Users\ASUS\Desktop\SENA\Nueva carpeta\vendor\laravel\framework\src\Illuminate\Database\Eloquent\Builder.php:1189
C:\Users\ASUS\Desktop\SENA\Nueva carpeta\vendor\laravel\framework\src\Illuminate\Support\helpers.php:399
C:\Users\ASUS\Desktop\SENA\Nueva carpeta\vendor\laravel\framework\src\Illuminate\Database\Eloquent\Builder.php:1188
C:\Users\ASUS\Desktop\SENA\Nueva carpeta\vendor\laravel\framework\src\Illuminate\Support\Traits\ForwardsCalls.php:23
C:\Users\ASUS\Desktop\SENA\Nueva carpeta\vendor\laravel\framework\src\Illuminate\Database\Eloquent\Model.php:2518
C:\Users\ASUS\Desktop\SENA\Nueva carpeta\vendor\laravel\framework\src\Illuminate\Database\Eloquent\Model.php:2534
C:\Users\ASUS\Desktop\SENA\Nueva carpeta\tests\Unit\UsuarioControllerUnitTest.php:315</error>
        </testcase>
        <testcase name="test_update_photo_sin_sesion" file="C:\Users\ASUS\Desktop\SENA\Nueva carpeta\tests\Unit\UsuarioControllerUnitTest.php" line="337" class="Tests\Unit\UsuarioControllerUnitTest" classname="Tests.Unit.UsuarioControllerUnitTest" assertions="0" time="0.044841">
          <skipped/>
        </testcase>
        <testcase name="test_update_photo_usuario_invitado" file="C:\Users\ASUS\Desktop\SENA\Nueva carpeta\tests\Unit\UsuarioControllerUnitTest.php" line="358" class="Tests\Unit\UsuarioControllerUnitTest" classname="Tests.Unit.UsuarioControllerUnitTest" assertions="0" time="0.047011">
          <error type="Illuminate\Database\QueryException">Tests\Unit\UsuarioControllerUnitTest::test_update_photo_usuario_invitado&#13;
Illuminate\Database\QueryException: SQLSTATE[23000]: Integrity constraint violation: 19 NOT NULL constraint failed: personas.primer_apellido (Connection: sqlite, SQL: insert into "personas" ("primer_nombre", "correo", "contrasena", "updated_at", "created_at") values (Juan, juan@test.com, password, 2025-11-28 23:17:25, 2025-11-28 23:17:25))
&#13;
C:\Users\ASUS\Desktop\SENA\Nueva carpeta\vendor\laravel\framework\src\Illuminate\Database\Connection.php:824
C:\Users\ASUS\Desktop\SENA\Nueva carpeta\vendor\laravel\framework\src\Illuminate\Database\Connection.php:778
C:\Users\ASUS\Desktop\SENA\Nueva carpeta\vendor\laravel\framework\src\Illuminate\Database\Connection.php:559
C:\Users\ASUS\Desktop\SENA\Nueva carpeta\vendor\laravel\framework\src\Illuminate\Database\Connection.php:523
C:\Users\ASUS\Desktop\SENA\Nueva carpeta\vendor\laravel\framework\src\Illuminate\Database\Query\Processors\Processor.php:32
C:\Users\ASUS\Desktop\SENA\Nueva carpeta\vendor\laravel\framework\src\Illuminate\Database\Query\Builder.php:3853
C:\Users\ASUS\Desktop\SENA\Nueva carpeta\vendor\laravel\framework\src\Illuminate\Database\Eloquent\Builder.php:2205
C:\Users\ASUS\Desktop\SENA\Nueva carpeta\vendor\laravel\framework\src\Illuminate\Database\Eloquent\Model.php:1427
C:\Users\ASUS\Desktop\SENA\Nueva carpeta\vendor\laravel\framework\src\Illuminate\Database\Eloquent\Model.php:1392
C:\Users\ASUS\Desktop\SENA\Nueva carpeta\vendor\laravel\framework\src\Illuminate\Database\Eloquent\Model.php:1231
C:\Users\ASUS\Desktop\SENA\Nueva carpeta\vendor\laravel\framework\src\Illuminate\Database\Eloquent\Builder.php:1189
C:\Users\ASUS\Desktop\SENA\Nueva carpeta\vendor\laravel\framework\src\Illuminate\Support\helpers.php:399
C:\Users\ASUS\Desktop\SENA\Nueva carpeta\vendor\laravel\framework\src\Illuminate\Database\Eloquent\Builder.php:1188
C:\Users\ASUS\Desktop\SENA\Nueva carpeta\vendor\laravel\framework\src\Illuminate\Support\Traits\ForwardsCalls.php:23
C:\Users\ASUS\Desktop\SENA\Nueva carpeta\vendor\laravel\framework\src\Illuminate\Database\Eloquent\Model.php:2518
C:\Users\ASUS\Desktop\SENA\Nueva carpeta\vendor\laravel\framework\src\Illuminate\Database\Eloquent\Model.php:2534
C:\Users\ASUS\Desktop\SENA\Nueva carpeta\tests\Unit\UsuarioControllerUnitTest.php:360</error>
        </testcase>
        <testcase name="test_update_photo_elimina_foto_anterior" file="C:\Users\ASUS\Desktop\SENA\Nueva carpeta\tests\Unit\UsuarioControllerUnitTest.php" line="382" class="Tests\Unit\UsuarioControllerUnitTest" classname="Tests.Unit.UsuarioControllerUnitTest" assertions="0" time="0.047241">
          <error type="Illuminate\Database\QueryException">Tests\Unit\UsuarioControllerUnitTest::test_update_photo_elimina_foto_anterior&#13;
Illuminate\Database\QueryException: SQLSTATE[23000]: Integrity constraint violation: 19 NOT NULL constraint failed: personas.primer_apellido (Connection: sqlite, SQL: insert into "personas" ("primer_nombre", "correo", "contrasena", "foto_perfil", "updated_at", "created_at") values (Juan, juan@test.com, password, old_perfil.jpg, 2025-11-28 23:17:25, 2025-11-28 23:17:25))
&#13;
C:\Users\ASUS\Desktop\SENA\Nueva carpeta\vendor\laravel\framework\src\Illuminate\Database\Connection.php:824
C:\Users\ASUS\Desktop\SENA\Nueva carpeta\vendor\laravel\framework\src\Illuminate\Database\Connection.php:778
C:\Users\ASUS\Desktop\SENA\Nueva carpeta\vendor\laravel\framework\src\Illuminate\Database\Connection.php:559
C:\Users\ASUS\Desktop\SENA\Nueva carpeta\vendor\laravel\framework\src\Illuminate\Database\Connection.php:523
C:\Users\ASUS\Desktop\SENA\Nueva carpeta\vendor\laravel\framework\src\Illuminate\Database\Query\Processors\Processor.php:32
C:\Users\ASUS\Desktop\SENA\Nueva carpeta\vendor\laravel\framework\src\Illuminate\Database\Query\Builder.php:3853
C:\Users\ASUS\Desktop\SENA\Nueva carpeta\vendor\laravel\framework\src\Illuminate\Database\Eloquent\Builder.php:2205
C:\Users\ASUS\Desktop\SENA\Nueva carpeta\vendor\laravel\framework\src\Illuminate\Database\Eloquent\Model.php:1427
C:\Users\ASUS\Desktop\SENA\Nueva carpeta\vendor\laravel\framework\src\Illuminate\Database\Eloquent\Model.php:1392
C:\Users\ASUS\Desktop\SENA\Nueva carpeta\vendor\laravel\framework\src\Illuminate\Database\Eloquent\Model.php:1231
C:\Users\ASUS\Desktop\SENA\Nueva carpeta\vendor\laravel\framework\src\Illuminate\Database\Eloquent\Builder.php:1189
C:\Users\ASUS\Desktop\SENA\Nueva carpeta\vendor\laravel\framework\src\Illuminate\Support\helpers.php:399
C:\Users\ASUS\Desktop\SENA\Nueva carpeta\vendor\laravel\framework\src\Illuminate\Database\Eloquent\Builder.php:1188
C:\Users\ASUS\Desktop\SENA\Nueva carpeta\vendor\laravel\framework\src\Illuminate\Support\Traits\ForwardsCalls.php:23
C:\Users\ASUS\Desktop\SENA\Nueva carpeta\vendor\laravel\framework\src\Illuminate\Database\Eloquent\Model.php:2518
C:\Users\ASUS\Desktop\SENA\Nueva carpeta\vendor\laravel\framework\src\Illuminate\Database\Eloquent\Model.php:2534
C:\Users\ASUS\Desktop\SENA\Nueva carpeta\tests\Unit\UsuarioControllerUnitTest.php:384</error>
        </testcase>
      </testsuite>
      <testsuite name="Tests\Unit\UsuarioModelTest" file="C:\Users\ASUS\Desktop\SENA\Nueva carpeta\tests\Unit\UsuarioModelTest.php" tests="5" assertions="8" errors="0" failures="0" skipped="0" time="0.226929">
        <testcase name="test_usuario_instancia_correctamente" file="C:\Users\ASUS\Desktop\SENA\Nueva carpeta\tests\Unit\UsuarioModelTest.php" line="20" class="Tests\Unit\UsuarioModelTest" classname="Tests.Unit.UsuarioModelTest" assertions="1" time="0.040467"/>
        <testcase name="test_usuario_tiene_guard_name" file="C:\Users\ASUS\Desktop\SENA\Nueva carpeta\tests\Unit\UsuarioModelTest.php" line="27" class="Tests\Unit\UsuarioModelTest" classname="Tests.Unit.UsuarioModelTest" assertions="1" time="0.038453"/>
        <testcase name="test_usuario_tabla_correcta" file="C:\Users\ASUS\Desktop\SENA\Nueva carpeta\tests\Unit\UsuarioModelTest.php" line="34" class="Tests\Unit\UsuarioModelTest" classname="Tests.Unit.UsuarioModelTest" assertions="1" time="0.043226"/>
        <testcase name="test_usuario_fillable_attributes" file="C:\Users\ASUS\Desktop\SENA\Nueva carpeta\tests\Unit\UsuarioModelTest.php" line="41" class="Tests\Unit\UsuarioModelTest" classname="Tests.Unit.UsuarioModelTest" assertions="4" time="0.052669"/>
        <testcase name="test_usuario_usa_has_roles_trait" file="C:\Users\ASUS\Desktop\SENA\Nueva carpeta\tests\Unit\UsuarioModelTest.php" line="52" class="Tests\Unit\UsuarioModelTest" classname="Tests.Unit.UsuarioModelTest" assertions="1" time="0.052114"/>
      </testsuite>
    </testsuite>
    <testsuite name="Feature" tests="1" assertions="3" errors="0" failures="0" skipped="0" time="0.068137">
      <testsuite name="Tests\Feature\ExampleTest" file="C:\Users\ASUS\Desktop\SENA\Nueva carpeta\tests\Feature\ExampleTest.php" tests="1" assertions="3" errors="0" failures="0" skipped="0" time="0.068137">
        <testcase name="test_the_application_returns_a_successful_response" file="C:\Users\ASUS\Desktop\SENA\Nueva carpeta\tests\Feature\ExampleTest.php" line="13" class="Tests\Feature\ExampleTest" classname="Tests.Feature.ExampleTest" assertions="3" time="0.068137"/>
      </testsuite>
    </testsuite>
  </testsuite>
</testsuites>
