<?xml version="1.0" encoding="UTF-8"?>
<testsuites>
  <testsuite name="C:\Users\ASUS\Desktop\SENA\Nueva carpeta\phpunit.xml" tests="323" assertions="465" errors="65" failures="1" skipped="0" time="93.127374">
    <testsuite name="Unit" tests="322" assertions="462" errors="65" failures="1" skipped="0" time="92.660381">
      <testsuite name="Tests\Unit\AjustesControllerUnitTest" file="C:\Users\ASUS\Desktop\SENA\Nueva carpeta\tests\Unit\AjustesControllerUnitTest.php" tests="25" assertions="29" errors="12" failures="1" skipped="0" time="42.420571">
        <testcase name="test_index_sin_parametros" file="C:\Users\ASUS\Desktop\SENA\Nueva carpeta\tests\Unit\AjustesControllerUnitTest.php" line="58" class="Tests\Unit\AjustesControllerUnitTest" classname="Tests.Unit.AjustesControllerUnitTest" assertions="0" time="27.725312">
          <error type="Illuminate\Database\QueryException">Tests\Unit\AjustesControllerUnitTest::test_index_sin_parametros&#13;
Illuminate\Database\QueryException: SQLSTATE[23000]: Integrity constraint violation: 19 NOT NULL constraint failed: sub_servicios.descripcion (Connection: sqlite, SQL: insert into "sub_servicios" ("servicios_id", "nombre", "precio") values (1, SubTest, 100))
&#13;
C:\Users\ASUS\Desktop\SENA\Nueva carpeta\vendor\laravel\framework\src\Illuminate\Database\Connection.php:824
C:\Users\ASUS\Desktop\SENA\Nueva carpeta\vendor\laravel\framework\src\Illuminate\Database\Connection.php:778
C:\Users\ASUS\Desktop\SENA\Nueva carpeta\vendor\laravel\framework\src\Illuminate\Database\Connection.php:559
C:\Users\ASUS\Desktop\SENA\Nueva carpeta\vendor\laravel\framework\src\Illuminate\Database\Connection.php:523
C:\Users\ASUS\Desktop\SENA\Nueva carpeta\vendor\laravel\framework\src\Illuminate\Database\Query\Processors\Processor.php:32
C:\Users\ASUS\Desktop\SENA\Nueva carpeta\vendor\laravel\framework\src\Illuminate\Database\Query\Builder.php:3853
C:\Users\ASUS\Desktop\SENA\Nueva carpeta\vendor\laravel\framework\src\Illuminate\Database\Eloquent\Builder.php:2205
C:\Users\ASUS\Desktop\SENA\Nueva carpeta\vendor\laravel\framework\src\Illuminate\Database\Eloquent\Model.php:1427
C:\Users\ASUS\Desktop\SENA\Nueva carpeta\vendor\laravel\framework\src\Illuminate\Database\Eloquent\Model.php:1392
C:\Users\ASUS\Desktop\SENA\Nueva carpeta\vendor\laravel\framework\src\Illuminate\Database\Eloquent\Model.php:1231
C:\Users\ASUS\Desktop\SENA\Nueva carpeta\vendor\laravel\framework\src\Illuminate\Database\Eloquent\Builder.php:1189
C:\Users\ASUS\Desktop\SENA\Nueva carpeta\vendor\laravel\framework\src\Illuminate\Support\helpers.php:399
C:\Users\ASUS\Desktop\SENA\Nueva carpeta\vendor\laravel\framework\src\Illuminate\Database\Eloquent\Builder.php:1188
C:\Users\ASUS\Desktop\SENA\Nueva carpeta\vendor\laravel\framework\src\Illuminate\Support\Traits\ForwardsCalls.php:23
C:\Users\ASUS\Desktop\SENA\Nueva carpeta\vendor\laravel\framework\src\Illuminate\Database\Eloquent\Model.php:2518
C:\Users\ASUS\Desktop\SENA\Nueva carpeta\vendor\laravel\framework\src\Illuminate\Database\Eloquent\Model.php:2534
C:\Users\ASUS\Desktop\SENA\Nueva carpeta\tests\Unit\AjustesControllerUnitTest.php:61</error>
        </testcase>
        <testcase name="test_index_con_group_by_dia" file="C:\Users\ASUS\Desktop\SENA\Nueva carpeta\tests\Unit\AjustesControllerUnitTest.php" line="81" class="Tests\Unit\AjustesControllerUnitTest" classname="Tests.Unit.AjustesControllerUnitTest" assertions="3" time="4.386246"/>
        <testcase name="test_index_con_group_by_consulta" file="C:\Users\ASUS\Desktop\SENA\Nueva carpeta\tests\Unit\AjustesControllerUnitTest.php" line="92" class="Tests\Unit\AjustesControllerUnitTest" classname="Tests.Unit.AjustesControllerUnitTest" assertions="3" time="0.050860"/>
        <testcase name="test_index_con_tab_especifico" file="C:\Users\ASUS\Desktop\SENA\Nueva carpeta\tests\Unit\AjustesControllerUnitTest.php" line="103" class="Tests\Unit\AjustesControllerUnitTest" classname="Tests.Unit.AjustesControllerUnitTest" assertions="2" time="0.055580"/>
        <testcase name="test_index_con_tab_subservicios" file="C:\Users\ASUS\Desktop\SENA\Nueva carpeta\tests\Unit\AjustesControllerUnitTest.php" line="113" class="Tests\Unit\AjustesControllerUnitTest" classname="Tests.Unit.AjustesControllerUnitTest" assertions="2" time="0.052194"/>
        <testcase name="test_index_con_tab_movimientos" file="C:\Users\ASUS\Desktop\SENA\Nueva carpeta\tests\Unit\AjustesControllerUnitTest.php" line="123" class="Tests\Unit\AjustesControllerUnitTest" classname="Tests.Unit.AjustesControllerUnitTest" assertions="2" time="0.061788"/>
        <testcase name="test_index_con_tab_invalido" file="C:\Users\ASUS\Desktop\SENA\Nueva carpeta\tests\Unit\AjustesControllerUnitTest.php" line="133" class="Tests\Unit\AjustesControllerUnitTest" classname="Tests.Unit.AjustesControllerUnitTest" assertions="2" time="0.059138"/>
        <testcase name="test_index_con_cotizaciones" file="C:\Users\ASUS\Desktop\SENA\Nueva carpeta\tests\Unit\AjustesControllerUnitTest.php" line="144" class="Tests\Unit\AjustesControllerUnitTest" classname="Tests.Unit.AjustesControllerUnitTest" assertions="0" time="0.235701">
          <error type="Illuminate\Database\QueryException">Tests\Unit\AjustesControllerUnitTest::test_index_con_cotizaciones&#13;
Illuminate\Database\QueryException: SQLSTATE[23000]: Integrity constraint violation: 19 NOT NULL constraint failed: personas.primer_apellido (Connection: sqlite, SQL: insert into "personas" ("primer_nombre", "correo", "contrasena", "updated_at", "created_at") values (Test, test@test.com, password, 2025-11-28 22:41:37, 2025-11-28 22:41:37))
&#13;
C:\Users\ASUS\Desktop\SENA\Nueva carpeta\vendor\laravel\framework\src\Illuminate\Database\Connection.php:824
C:\Users\ASUS\Desktop\SENA\Nueva carpeta\vendor\laravel\framework\src\Illuminate\Database\Connection.php:778
C:\Users\ASUS\Desktop\SENA\Nueva carpeta\vendor\laravel\framework\src\Illuminate\Database\Connection.php:559
C:\Users\ASUS\Desktop\SENA\Nueva carpeta\vendor\laravel\framework\src\Illuminate\Database\Connection.php:523
C:\Users\ASUS\Desktop\SENA\Nueva carpeta\vendor\laravel\framework\src\Illuminate\Database\Query\Processors\Processor.php:32
C:\Users\ASUS\Desktop\SENA\Nueva carpeta\vendor\laravel\framework\src\Illuminate\Database\Query\Builder.php:3853
C:\Users\ASUS\Desktop\SENA\Nueva carpeta\vendor\laravel\framework\src\Illuminate\Database\Eloquent\Builder.php:2205
C:\Users\ASUS\Desktop\SENA\Nueva carpeta\vendor\laravel\framework\src\Illuminate\Database\Eloquent\Model.php:1427
C:\Users\ASUS\Desktop\SENA\Nueva carpeta\vendor\laravel\framework\src\Illuminate\Database\Eloquent\Model.php:1392
C:\Users\ASUS\Desktop\SENA\Nueva carpeta\vendor\laravel\framework\src\Illuminate\Database\Eloquent\Model.php:1231
C:\Users\ASUS\Desktop\SENA\Nueva carpeta\vendor\laravel\framework\src\Illuminate\Database\Eloquent\Builder.php:1189
C:\Users\ASUS\Desktop\SENA\Nueva carpeta\vendor\laravel\framework\src\Illuminate\Support\helpers.php:399
C:\Users\ASUS\Desktop\SENA\Nueva carpeta\vendor\laravel\framework\src\Illuminate\Database\Eloquent\Builder.php:1188
C:\Users\ASUS\Desktop\SENA\Nueva carpeta\vendor\laravel\framework\src\Illuminate\Support\Traits\ForwardsCalls.php:23
C:\Users\ASUS\Desktop\SENA\Nueva carpeta\vendor\laravel\framework\src\Illuminate\Database\Eloquent\Model.php:2518
C:\Users\ASUS\Desktop\SENA\Nueva carpeta\vendor\laravel\framework\src\Illuminate\Database\Eloquent\Model.php:2534
C:\Users\ASUS\Desktop\SENA\Nueva carpeta\tests\Unit\AjustesControllerUnitTest.php:146</error>
        </testcase>
        <testcase name="test_export_historial_pdf_sin_group_by" file="C:\Users\ASUS\Desktop\SENA\Nueva carpeta\tests\Unit\AjustesControllerUnitTest.php" line="178" class="Tests\Unit\AjustesControllerUnitTest" classname="Tests.Unit.AjustesControllerUnitTest" assertions="2" time="8.488569">
          <failure type="PHPUnit\Framework\ExpectationFailedException">Tests\Unit\AjustesControllerUnitTest::test_export_historial_pdf_sin_group_by&#13;
Failed asserting that two strings are equal.
--- Expected
+++ Actual
@@ @@
-'historial_cotizaciones.pdf'
+'attachment; filename=historial_cotizaciones.pdf'
&#13;
C:\Users\ASUS\Desktop\SENA\Nueva carpeta\tests\Unit\AjustesControllerUnitTest.php:184</failure>
        </testcase>
        <testcase name="test_export_historial_pdf_con_group_by" file="C:\Users\ASUS\Desktop\SENA\Nueva carpeta\tests\Unit\AjustesControllerUnitTest.php" line="187" class="Tests\Unit\AjustesControllerUnitTest" classname="Tests.Unit.AjustesControllerUnitTest" assertions="2" time="0.391182"/>
        <testcase name="test_export_historial_pdf_con_group_by_consulta" file="C:\Users\ASUS\Desktop\SENA\Nueva carpeta\tests\Unit\AjustesControllerUnitTest.php" line="196" class="Tests\Unit\AjustesControllerUnitTest" classname="Tests.Unit.AjustesControllerUnitTest" assertions="0" time="0.061752">
          <error type="Illuminate\Database\QueryException">Tests\Unit\AjustesControllerUnitTest::test_export_historial_pdf_con_group_by_consulta&#13;
Illuminate\Database\QueryException: SQLSTATE[23000]: Integrity constraint violation: 19 NOT NULL constraint failed: personas.primer_apellido (Connection: sqlite, SQL: insert into "personas" ("primer_nombre", "correo", "contrasena", "updated_at", "created_at") values (Test, test@test.com, password, 2025-11-28 22:41:46, 2025-11-28 22:41:46))
&#13;
C:\Users\ASUS\Desktop\SENA\Nueva carpeta\vendor\laravel\framework\src\Illuminate\Database\Connection.php:824
C:\Users\ASUS\Desktop\SENA\Nueva carpeta\vendor\laravel\framework\src\Illuminate\Database\Connection.php:778
C:\Users\ASUS\Desktop\SENA\Nueva carpeta\vendor\laravel\framework\src\Illuminate\Database\Connection.php:559
C:\Users\ASUS\Desktop\SENA\Nueva carpeta\vendor\laravel\framework\src\Illuminate\Database\Connection.php:523
C:\Users\ASUS\Desktop\SENA\Nueva carpeta\vendor\laravel\framework\src\Illuminate\Database\Query\Processors\Processor.php:32
C:\Users\ASUS\Desktop\SENA\Nueva carpeta\vendor\laravel\framework\src\Illuminate\Database\Query\Builder.php:3853
C:\Users\ASUS\Desktop\SENA\Nueva carpeta\vendor\laravel\framework\src\Illuminate\Database\Eloquent\Builder.php:2205
C:\Users\ASUS\Desktop\SENA\Nueva carpeta\vendor\laravel\framework\src\Illuminate\Database\Eloquent\Model.php:1427
C:\Users\ASUS\Desktop\SENA\Nueva carpeta\vendor\laravel\framework\src\Illuminate\Database\Eloquent\Model.php:1392
C:\Users\ASUS\Desktop\SENA\Nueva carpeta\vendor\laravel\framework\src\Illuminate\Database\Eloquent\Model.php:1231
C:\Users\ASUS\Desktop\SENA\Nueva carpeta\vendor\laravel\framework\src\Illuminate\Database\Eloquent\Builder.php:1189
C:\Users\ASUS\Desktop\SENA\Nueva carpeta\vendor\laravel\framework\src\Illuminate\Support\helpers.php:399
C:\Users\ASUS\Desktop\SENA\Nueva carpeta\vendor\laravel\framework\src\Illuminate\Database\Eloquent\Builder.php:1188
C:\Users\ASUS\Desktop\SENA\Nueva carpeta\vendor\laravel\framework\src\Illuminate\Support\Traits\ForwardsCalls.php:23
C:\Users\ASUS\Desktop\SENA\Nueva carpeta\vendor\laravel\framework\src\Illuminate\Database\Eloquent\Model.php:2518
C:\Users\ASUS\Desktop\SENA\Nueva carpeta\vendor\laravel\framework\src\Illuminate\Database\Eloquent\Model.php:2534
C:\Users\ASUS\Desktop\SENA\Nueva carpeta\tests\Unit\AjustesControllerUnitTest.php:198</error>
        </testcase>
        <testcase name="test_get_subservicios" file="C:\Users\ASUS\Desktop\SENA\Nueva carpeta\tests\Unit\AjustesControllerUnitTest.php" line="229" class="Tests\Unit\AjustesControllerUnitTest" classname="Tests.Unit.AjustesControllerUnitTest" assertions="0" time="0.068032">
          <error type="Illuminate\Database\QueryException">Tests\Unit\AjustesControllerUnitTest::test_get_subservicios&#13;
Illuminate\Database\QueryException: SQLSTATE[23000]: Integrity constraint violation: 19 NOT NULL constraint failed: sub_servicios.descripcion (Connection: sqlite, SQL: insert into "sub_servicios" ("servicios_id", "nombre", "precio") values (1, SubTest, 100))
&#13;
C:\Users\ASUS\Desktop\SENA\Nueva carpeta\vendor\laravel\framework\src\Illuminate\Database\Connection.php:824
C:\Users\ASUS\Desktop\SENA\Nueva carpeta\vendor\laravel\framework\src\Illuminate\Database\Connection.php:778
C:\Users\ASUS\Desktop\SENA\Nueva carpeta\vendor\laravel\framework\src\Illuminate\Database\Connection.php:559
C:\Users\ASUS\Desktop\SENA\Nueva carpeta\vendor\laravel\framework\src\Illuminate\Database\Connection.php:523
C:\Users\ASUS\Desktop\SENA\Nueva carpeta\vendor\laravel\framework\src\Illuminate\Database\Query\Processors\Processor.php:32
C:\Users\ASUS\Desktop\SENA\Nueva carpeta\vendor\laravel\framework\src\Illuminate\Database\Query\Builder.php:3853
C:\Users\ASUS\Desktop\SENA\Nueva carpeta\vendor\laravel\framework\src\Illuminate\Database\Eloquent\Builder.php:2205
C:\Users\ASUS\Desktop\SENA\Nueva carpeta\vendor\laravel\framework\src\Illuminate\Database\Eloquent\Model.php:1427
C:\Users\ASUS\Desktop\SENA\Nueva carpeta\vendor\laravel\framework\src\Illuminate\Database\Eloquent\Model.php:1392
C:\Users\ASUS\Desktop\SENA\Nueva carpeta\vendor\laravel\framework\src\Illuminate\Database\Eloquent\Model.php:1231
C:\Users\ASUS\Desktop\SENA\Nueva carpeta\vendor\laravel\framework\src\Illuminate\Database\Eloquent\Builder.php:1189
C:\Users\ASUS\Desktop\SENA\Nueva carpeta\vendor\laravel\framework\src\Illuminate\Support\helpers.php:399
C:\Users\ASUS\Desktop\SENA\Nueva carpeta\vendor\laravel\framework\src\Illuminate\Database\Eloquent\Builder.php:1188
C:\Users\ASUS\Desktop\SENA\Nueva carpeta\vendor\laravel\framework\src\Illuminate\Support\Traits\ForwardsCalls.php:23
C:\Users\ASUS\Desktop\SENA\Nueva carpeta\vendor\laravel\framework\src\Illuminate\Database\Eloquent\Model.php:2518
C:\Users\ASUS\Desktop\SENA\Nueva carpeta\vendor\laravel\framework\src\Illuminate\Database\Eloquent\Model.php:2534
C:\Users\ASUS\Desktop\SENA\Nueva carpeta\tests\Unit\AjustesControllerUnitTest.php:232</error>
        </testcase>
        <testcase name="test_group_by_opciones_validas" file="C:\Users\ASUS\Desktop\SENA\Nueva carpeta\tests\Unit\AjustesControllerUnitTest.php" line="250" class="Tests\Unit\AjustesControllerUnitTest" classname="Tests.Unit.AjustesControllerUnitTest" assertions="3" time="0.054537"/>
        <testcase name="test_tab_opciones_validas" file="C:\Users\ASUS\Desktop\SENA\Nueva carpeta\tests\Unit\AjustesControllerUnitTest.php" line="259" class="Tests\Unit\AjustesControllerUnitTest" classname="Tests.Unit.AjustesControllerUnitTest" assertions="3" time="0.049827"/>
        <testcase name="test_active_tab_default" file="C:\Users\ASUS\Desktop\SENA\Nueva carpeta\tests\Unit\AjustesControllerUnitTest.php" line="268" class="Tests\Unit\AjustesControllerUnitTest" classname="Tests.Unit.AjustesControllerUnitTest" assertions="1" time="0.056169"/>
        <testcase name="test_active_tab_con_group_by" file="C:\Users\ASUS\Desktop\SENA\Nueva carpeta\tests\Unit\AjustesControllerUnitTest.php" line="276" class="Tests\Unit\AjustesControllerUnitTest" classname="Tests.Unit.AjustesControllerUnitTest" assertions="1" time="0.050802"/>
        <testcase name="test_group_cotizaciones_por_dia" file="C:\Users\ASUS\Desktop\SENA\Nueva carpeta\tests\Unit\AjustesControllerUnitTest.php" line="284" class="Tests\Unit\AjustesControllerUnitTest" classname="Tests.Unit.AjustesControllerUnitTest" assertions="0" time="0.060724">
          <error type="Illuminate\Database\QueryException">Tests\Unit\AjustesControllerUnitTest::test_group_cotizaciones_por_dia&#13;
Illuminate\Database\QueryException: SQLSTATE[23000]: Integrity constraint violation: 19 NOT NULL constraint failed: personas.primer_apellido (Connection: sqlite, SQL: insert into "personas" ("primer_nombre", "correo", "contrasena", "updated_at", "created_at") values (Test, test@test.com, password, 2025-11-28 22:41:46, 2025-11-28 22:41:46))
&#13;
C:\Users\ASUS\Desktop\SENA\Nueva carpeta\vendor\laravel\framework\src\Illuminate\Database\Connection.php:824
C:\Users\ASUS\Desktop\SENA\Nueva carpeta\vendor\laravel\framework\src\Illuminate\Database\Connection.php:778
C:\Users\ASUS\Desktop\SENA\Nueva carpeta\vendor\laravel\framework\src\Illuminate\Database\Connection.php:559
C:\Users\ASUS\Desktop\SENA\Nueva carpeta\vendor\laravel\framework\src\Illuminate\Database\Connection.php:523
C:\Users\ASUS\Desktop\SENA\Nueva carpeta\vendor\laravel\framework\src\Illuminate\Database\Query\Processors\Processor.php:32
C:\Users\ASUS\Desktop\SENA\Nueva carpeta\vendor\laravel\framework\src\Illuminate\Database\Query\Builder.php:3853
C:\Users\ASUS\Desktop\SENA\Nueva carpeta\vendor\laravel\framework\src\Illuminate\Database\Eloquent\Builder.php:2205
C:\Users\ASUS\Desktop\SENA\Nueva carpeta\vendor\laravel\framework\src\Illuminate\Database\Eloquent\Model.php:1427
C:\Users\ASUS\Desktop\SENA\Nueva carpeta\vendor\laravel\framework\src\Illuminate\Database\Eloquent\Model.php:1392
C:\Users\ASUS\Desktop\SENA\Nueva carpeta\vendor\laravel\framework\src\Illuminate\Database\Eloquent\Model.php:1231
C:\Users\ASUS\Desktop\SENA\Nueva carpeta\vendor\laravel\framework\src\Illuminate\Database\Eloquent\Builder.php:1189
C:\Users\ASUS\Desktop\SENA\Nueva carpeta\vendor\laravel\framework\src\Illuminate\Support\helpers.php:399
C:\Users\ASUS\Desktop\SENA\Nueva carpeta\vendor\laravel\framework\src\Illuminate\Database\Eloquent\Builder.php:1188
C:\Users\ASUS\Desktop\SENA\Nueva carpeta\vendor\laravel\framework\src\Illuminate\Support\Traits\ForwardsCalls.php:23
C:\Users\ASUS\Desktop\SENA\Nueva carpeta\vendor\laravel\framework\src\Illuminate\Database\Eloquent\Model.php:2518
C:\Users\ASUS\Desktop\SENA\Nueva carpeta\vendor\laravel\framework\src\Illuminate\Database\Eloquent\Model.php:2534
C:\Users\ASUS\Desktop\SENA\Nueva carpeta\tests\Unit\AjustesControllerUnitTest.php:286</error>
        </testcase>
        <testcase name="test_group_cotizaciones_por_consulta" file="C:\Users\ASUS\Desktop\SENA\Nueva carpeta\tests\Unit\AjustesControllerUnitTest.php" line="314" class="Tests\Unit\AjustesControllerUnitTest" classname="Tests.Unit.AjustesControllerUnitTest" assertions="0" time="0.062698">
          <error type="Illuminate\Database\QueryException">Tests\Unit\AjustesControllerUnitTest::test_group_cotizaciones_por_consulta&#13;
Illuminate\Database\QueryException: SQLSTATE[23000]: Integrity constraint violation: 19 NOT NULL constraint failed: personas.primer_apellido (Connection: sqlite, SQL: insert into "personas" ("primer_nombre", "correo", "contrasena", "updated_at", "created_at") values (Test, test@test.com, password, 2025-11-28 22:41:46, 2025-11-28 22:41:46))
&#13;
C:\Users\ASUS\Desktop\SENA\Nueva carpeta\vendor\laravel\framework\src\Illuminate\Database\Connection.php:824
C:\Users\ASUS\Desktop\SENA\Nueva carpeta\vendor\laravel\framework\src\Illuminate\Database\Connection.php:778
C:\Users\ASUS\Desktop\SENA\Nueva carpeta\vendor\laravel\framework\src\Illuminate\Database\Connection.php:559
C:\Users\ASUS\Desktop\SENA\Nueva carpeta\vendor\laravel\framework\src\Illuminate\Database\Connection.php:523
C:\Users\ASUS\Desktop\SENA\Nueva carpeta\vendor\laravel\framework\src\Illuminate\Database\Query\Processors\Processor.php:32
C:\Users\ASUS\Desktop\SENA\Nueva carpeta\vendor\laravel\framework\src\Illuminate\Database\Query\Builder.php:3853
C:\Users\ASUS\Desktop\SENA\Nueva carpeta\vendor\laravel\framework\src\Illuminate\Database\Eloquent\Builder.php:2205
C:\Users\ASUS\Desktop\SENA\Nueva carpeta\vendor\laravel\framework\src\Illuminate\Database\Eloquent\Model.php:1427
C:\Users\ASUS\Desktop\SENA\Nueva carpeta\vendor\laravel\framework\src\Illuminate\Database\Eloquent\Model.php:1392
C:\Users\ASUS\Desktop\SENA\Nueva carpeta\vendor\laravel\framework\src\Illuminate\Database\Eloquent\Model.php:1231
C:\Users\ASUS\Desktop\SENA\Nueva carpeta\vendor\laravel\framework\src\Illuminate\Database\Eloquent\Builder.php:1189
C:\Users\ASUS\Desktop\SENA\Nueva carpeta\vendor\laravel\framework\src\Illuminate\Support\helpers.php:399
C:\Users\ASUS\Desktop\SENA\Nueva carpeta\vendor\laravel\framework\src\Illuminate\Database\Eloquent\Builder.php:1188
C:\Users\ASUS\Desktop\SENA\Nueva carpeta\vendor\laravel\framework\src\Illuminate\Support\Traits\ForwardsCalls.php:23
C:\Users\ASUS\Desktop\SENA\Nueva carpeta\vendor\laravel\framework\src\Illuminate\Database\Eloquent\Model.php:2518
C:\Users\ASUS\Desktop\SENA\Nueva carpeta\vendor\laravel\framework\src\Illuminate\Database\Eloquent\Model.php:2534
C:\Users\ASUS\Desktop\SENA\Nueva carpeta\tests\Unit\AjustesControllerUnitTest.php:316</error>
        </testcase>
        <testcase name="test_get_cotizaciones_metodo_privado" file="C:\Users\ASUS\Desktop\SENA\Nueva carpeta\tests\Unit\AjustesControllerUnitTest.php" line="348" class="Tests\Unit\AjustesControllerUnitTest" classname="Tests.Unit.AjustesControllerUnitTest" assertions="0" time="0.063144">
          <error type="Illuminate\Database\QueryException">Tests\Unit\AjustesControllerUnitTest::test_get_cotizaciones_metodo_privado&#13;
Illuminate\Database\QueryException: SQLSTATE[23000]: Integrity constraint violation: 19 NOT NULL constraint failed: personas.primer_apellido (Connection: sqlite, SQL: insert into "personas" ("primer_nombre", "correo", "contrasena", "updated_at", "created_at") values (Test, test@test.com, password, 2025-11-28 22:41:46, 2025-11-28 22:41:46))
&#13;
C:\Users\ASUS\Desktop\SENA\Nueva carpeta\vendor\laravel\framework\src\Illuminate\Database\Connection.php:824
C:\Users\ASUS\Desktop\SENA\Nueva carpeta\vendor\laravel\framework\src\Illuminate\Database\Connection.php:778
C:\Users\ASUS\Desktop\SENA\Nueva carpeta\vendor\laravel\framework\src\Illuminate\Database\Connection.php:559
C:\Users\ASUS\Desktop\SENA\Nueva carpeta\vendor\laravel\framework\src\Illuminate\Database\Connection.php:523
C:\Users\ASUS\Desktop\SENA\Nueva carpeta\vendor\laravel\framework\src\Illuminate\Database\Query\Processors\Processor.php:32
C:\Users\ASUS\Desktop\SENA\Nueva carpeta\vendor\laravel\framework\src\Illuminate\Database\Query\Builder.php:3853
C:\Users\ASUS\Desktop\SENA\Nueva carpeta\vendor\laravel\framework\src\Illuminate\Database\Eloquent\Builder.php:2205
C:\Users\ASUS\Desktop\SENA\Nueva carpeta\vendor\laravel\framework\src\Illuminate\Database\Eloquent\Model.php:1427
C:\Users\ASUS\Desktop\SENA\Nueva carpeta\vendor\laravel\framework\src\Illuminate\Database\Eloquent\Model.php:1392
C:\Users\ASUS\Desktop\SENA\Nueva carpeta\vendor\laravel\framework\src\Illuminate\Database\Eloquent\Model.php:1231
C:\Users\ASUS\Desktop\SENA\Nueva carpeta\vendor\laravel\framework\src\Illuminate\Database\Eloquent\Builder.php:1189
C:\Users\ASUS\Desktop\SENA\Nueva carpeta\vendor\laravel\framework\src\Illuminate\Support\helpers.php:399
C:\Users\ASUS\Desktop\SENA\Nueva carpeta\vendor\laravel\framework\src\Illuminate\Database\Eloquent\Builder.php:1188
C:\Users\ASUS\Desktop\SENA\Nueva carpeta\vendor\laravel\framework\src\Illuminate\Support\Traits\ForwardsCalls.php:23
C:\Users\ASUS\Desktop\SENA\Nueva carpeta\vendor\laravel\framework\src\Illuminate\Database\Eloquent\Model.php:2518
C:\Users\ASUS\Desktop\SENA\Nueva carpeta\vendor\laravel\framework\src\Illuminate\Database\Eloquent\Model.php:2534
C:\Users\ASUS\Desktop\SENA\Nueva carpeta\tests\Unit\AjustesControllerUnitTest.php:350</error>
        </testcase>
        <testcase name="test_group_cotizaciones_por_dia_metodo_privado" file="C:\Users\ASUS\Desktop\SENA\Nueva carpeta\tests\Unit\AjustesControllerUnitTest.php" line="376" class="Tests\Unit\AjustesControllerUnitTest" classname="Tests.Unit.AjustesControllerUnitTest" assertions="0" time="0.063681">
          <error type="Illuminate\Database\QueryException">Tests\Unit\AjustesControllerUnitTest::test_group_cotizaciones_por_dia_metodo_privado&#13;
Illuminate\Database\QueryException: SQLSTATE[23000]: Integrity constraint violation: 19 NOT NULL constraint failed: personas.primer_apellido (Connection: sqlite, SQL: insert into "personas" ("primer_nombre", "correo", "contrasena", "updated_at", "created_at") values (Test, test@test.com, password, 2025-11-28 22:41:46, 2025-11-28 22:41:46))
&#13;
C:\Users\ASUS\Desktop\SENA\Nueva carpeta\vendor\laravel\framework\src\Illuminate\Database\Connection.php:824
C:\Users\ASUS\Desktop\SENA\Nueva carpeta\vendor\laravel\framework\src\Illuminate\Database\Connection.php:778
C:\Users\ASUS\Desktop\SENA\Nueva carpeta\vendor\laravel\framework\src\Illuminate\Database\Connection.php:559
C:\Users\ASUS\Desktop\SENA\Nueva carpeta\vendor\laravel\framework\src\Illuminate\Database\Connection.php:523
C:\Users\ASUS\Desktop\SENA\Nueva carpeta\vendor\laravel\framework\src\Illuminate\Database\Query\Processors\Processor.php:32
C:\Users\ASUS\Desktop\SENA\Nueva carpeta\vendor\laravel\framework\src\Illuminate\Database\Query\Builder.php:3853
C:\Users\ASUS\Desktop\SENA\Nueva carpeta\vendor\laravel\framework\src\Illuminate\Database\Eloquent\Builder.php:2205
C:\Users\ASUS\Desktop\SENA\Nueva carpeta\vendor\laravel\framework\src\Illuminate\Database\Eloquent\Model.php:1427
C:\Users\ASUS\Desktop\SENA\Nueva carpeta\vendor\laravel\framework\src\Illuminate\Database\Eloquent\Model.php:1392
C:\Users\ASUS\Desktop\SENA\Nueva carpeta\vendor\laravel\framework\src\Illuminate\Database\Eloquent\Model.php:1231
C:\Users\ASUS\Desktop\SENA\Nueva carpeta\vendor\laravel\framework\src\Illuminate\Database\Eloquent\Builder.php:1189
C:\Users\ASUS\Desktop\SENA\Nueva carpeta\vendor\laravel\framework\src\Illuminate\Support\helpers.php:399
C:\Users\ASUS\Desktop\SENA\Nueva carpeta\vendor\laravel\framework\src\Illuminate\Database\Eloquent\Builder.php:1188
C:\Users\ASUS\Desktop\SENA\Nueva carpeta\vendor\laravel\framework\src\Illuminate\Support\Traits\ForwardsCalls.php:23
C:\Users\ASUS\Desktop\SENA\Nueva carpeta\vendor\laravel\framework\src\Illuminate\Database\Eloquent\Model.php:2518
C:\Users\ASUS\Desktop\SENA\Nueva carpeta\vendor\laravel\framework\src\Illuminate\Database\Eloquent\Model.php:2534
C:\Users\ASUS\Desktop\SENA\Nueva carpeta\tests\Unit\AjustesControllerUnitTest.php:378</error>
        </testcase>
        <testcase name="test_group_cotizaciones_por_consulta_metodo_privado" file="C:\Users\ASUS\Desktop\SENA\Nueva carpeta\tests\Unit\AjustesControllerUnitTest.php" line="419" class="Tests\Unit\AjustesControllerUnitTest" classname="Tests.Unit.AjustesControllerUnitTest" assertions="0" time="0.059732">
          <error type="Illuminate\Database\QueryException">Tests\Unit\AjustesControllerUnitTest::test_group_cotizaciones_por_consulta_metodo_privado&#13;
Illuminate\Database\QueryException: SQLSTATE[23000]: Integrity constraint violation: 19 NOT NULL constraint failed: personas.primer_apellido (Connection: sqlite, SQL: insert into "personas" ("primer_nombre", "correo", "contrasena", "updated_at", "created_at") values (Test, test@test.com, password, 2025-11-28 22:41:46, 2025-11-28 22:41:46))
&#13;
C:\Users\ASUS\Desktop\SENA\Nueva carpeta\vendor\laravel\framework\src\Illuminate\Database\Connection.php:824
C:\Users\ASUS\Desktop\SENA\Nueva carpeta\vendor\laravel\framework\src\Illuminate\Database\Connection.php:778
C:\Users\ASUS\Desktop\SENA\Nueva carpeta\vendor\laravel\framework\src\Illuminate\Database\Connection.php:559
C:\Users\ASUS\Desktop\SENA\Nueva carpeta\vendor\laravel\framework\src\Illuminate\Database\Connection.php:523
C:\Users\ASUS\Desktop\SENA\Nueva carpeta\vendor\laravel\framework\src\Illuminate\Database\Query\Processors\Processor.php:32
C:\Users\ASUS\Desktop\SENA\Nueva carpeta\vendor\laravel\framework\src\Illuminate\Database\Query\Builder.php:3853
C:\Users\ASUS\Desktop\SENA\Nueva carpeta\vendor\laravel\framework\src\Illuminate\Database\Eloquent\Builder.php:2205
C:\Users\ASUS\Desktop\SENA\Nueva carpeta\vendor\laravel\framework\src\Illuminate\Database\Eloquent\Model.php:1427
C:\Users\ASUS\Desktop\SENA\Nueva carpeta\vendor\laravel\framework\src\Illuminate\Database\Eloquent\Model.php:1392
C:\Users\ASUS\Desktop\SENA\Nueva carpeta\vendor\laravel\framework\src\Illuminate\Database\Eloquent\Model.php:1231
C:\Users\ASUS\Desktop\SENA\Nueva carpeta\vendor\laravel\framework\src\Illuminate\Database\Eloquent\Builder.php:1189
C:\Users\ASUS\Desktop\SENA\Nueva carpeta\vendor\laravel\framework\src\Illuminate\Support\helpers.php:399
C:\Users\ASUS\Desktop\SENA\Nueva carpeta\vendor\laravel\framework\src\Illuminate\Database\Eloquent\Builder.php:1188
C:\Users\ASUS\Desktop\SENA\Nueva carpeta\vendor\laravel\framework\src\Illuminate\Support\Traits\ForwardsCalls.php:23
C:\Users\ASUS\Desktop\SENA\Nueva carpeta\vendor\laravel\framework\src\Illuminate\Database\Eloquent\Model.php:2518
C:\Users\ASUS\Desktop\SENA\Nueva carpeta\vendor\laravel\framework\src\Illuminate\Database\Eloquent\Model.php:2534
C:\Users\ASUS\Desktop\SENA\Nueva carpeta\tests\Unit\AjustesControllerUnitTest.php:421</error>
        </testcase>
        <testcase name="test_group_cotizaciones_sin_group_by" file="C:\Users\ASUS\Desktop\SENA\Nueva carpeta\tests\Unit\AjustesControllerUnitTest.php" line="457" class="Tests\Unit\AjustesControllerUnitTest" classname="Tests.Unit.AjustesControllerUnitTest" assertions="0" time="0.063971">
          <error type="Illuminate\Database\QueryException">Tests\Unit\AjustesControllerUnitTest::test_group_cotizaciones_sin_group_by&#13;
Illuminate\Database\QueryException: SQLSTATE[23000]: Integrity constraint violation: 19 NOT NULL constraint failed: personas.primer_apellido (Connection: sqlite, SQL: insert into "personas" ("primer_nombre", "correo", "contrasena", "updated_at", "created_at") values (Test, test@test.com, password, 2025-11-28 22:41:47, 2025-11-28 22:41:47))
&#13;
C:\Users\ASUS\Desktop\SENA\Nueva carpeta\vendor\laravel\framework\src\Illuminate\Database\Connection.php:824
C:\Users\ASUS\Desktop\SENA\Nueva carpeta\vendor\laravel\framework\src\Illuminate\Database\Connection.php:778
C:\Users\ASUS\Desktop\SENA\Nueva carpeta\vendor\laravel\framework\src\Illuminate\Database\Connection.php:559
C:\Users\ASUS\Desktop\SENA\Nueva carpeta\vendor\laravel\framework\src\Illuminate\Database\Connection.php:523
C:\Users\ASUS\Desktop\SENA\Nueva carpeta\vendor\laravel\framework\src\Illuminate\Database\Query\Processors\Processor.php:32
C:\Users\ASUS\Desktop\SENA\Nueva carpeta\vendor\laravel\framework\src\Illuminate\Database\Query\Builder.php:3853
C:\Users\ASUS\Desktop\SENA\Nueva carpeta\vendor\laravel\framework\src\Illuminate\Database\Eloquent\Builder.php:2205
C:\Users\ASUS\Desktop\SENA\Nueva carpeta\vendor\laravel\framework\src\Illuminate\Database\Eloquent\Model.php:1427
C:\Users\ASUS\Desktop\SENA\Nueva carpeta\vendor\laravel\framework\src\Illuminate\Database\Eloquent\Model.php:1392
C:\Users\ASUS\Desktop\SENA\Nueva carpeta\vendor\laravel\framework\src\Illuminate\Database\Eloquent\Model.php:1231
C:\Users\ASUS\Desktop\SENA\Nueva carpeta\vendor\laravel\framework\src\Illuminate\Database\Eloquent\Builder.php:1189
C:\Users\ASUS\Desktop\SENA\Nueva carpeta\vendor\laravel\framework\src\Illuminate\Support\helpers.php:399
C:\Users\ASUS\Desktop\SENA\Nueva carpeta\vendor\laravel\framework\src\Illuminate\Database\Eloquent\Builder.php:1188
C:\Users\ASUS\Desktop\SENA\Nueva carpeta\vendor\laravel\framework\src\Illuminate\Support\Traits\ForwardsCalls.php:23
C:\Users\ASUS\Desktop\SENA\Nueva carpeta\vendor\laravel\framework\src\Illuminate\Database\Eloquent\Model.php:2518
C:\Users\ASUS\Desktop\SENA\Nueva carpeta\vendor\laravel\framework\src\Illuminate\Database\Eloquent\Model.php:2534
C:\Users\ASUS\Desktop\SENA\Nueva carpeta\tests\Unit\AjustesControllerUnitTest.php:459</error>
        </testcase>
        <testcase name="test_group_cotizaciones_con_fecha_null" file="C:\Users\ASUS\Desktop\SENA\Nueva carpeta\tests\Unit\AjustesControllerUnitTest.php" line="485" class="Tests\Unit\AjustesControllerUnitTest" classname="Tests.Unit.AjustesControllerUnitTest" assertions="0" time="0.066741">
          <error type="Illuminate\Database\QueryException">Tests\Unit\AjustesControllerUnitTest::test_group_cotizaciones_con_fecha_null&#13;
Illuminate\Database\QueryException: SQLSTATE[23000]: Integrity constraint violation: 19 NOT NULL constraint failed: personas.primer_apellido (Connection: sqlite, SQL: insert into "personas" ("primer_nombre", "correo", "contrasena", "updated_at", "created_at") values (Test, test@test.com, password, 2025-11-28 22:41:47, 2025-11-28 22:41:47))
&#13;
C:\Users\ASUS\Desktop\SENA\Nueva carpeta\vendor\laravel\framework\src\Illuminate\Database\Connection.php:824
C:\Users\ASUS\Desktop\SENA\Nueva carpeta\vendor\laravel\framework\src\Illuminate\Database\Connection.php:778
C:\Users\ASUS\Desktop\SENA\Nueva carpeta\vendor\laravel\framework\src\Illuminate\Database\Connection.php:559
C:\Users\ASUS\Desktop\SENA\Nueva carpeta\vendor\laravel\framework\src\Illuminate\Database\Connection.php:523
C:\Users\ASUS\Desktop\SENA\Nueva carpeta\vendor\laravel\framework\src\Illuminate\Database\Query\Processors\Processor.php:32
C:\Users\ASUS\Desktop\SENA\Nueva carpeta\vendor\laravel\framework\src\Illuminate\Database\Query\Builder.php:3853
C:\Users\ASUS\Desktop\SENA\Nueva carpeta\vendor\laravel\framework\src\Illuminate\Database\Eloquent\Builder.php:2205
C:\Users\ASUS\Desktop\SENA\Nueva carpeta\vendor\laravel\framework\src\Illuminate\Database\Eloquent\Model.php:1427
C:\Users\ASUS\Desktop\SENA\Nueva carpeta\vendor\laravel\framework\src\Illuminate\Database\Eloquent\Model.php:1392
C:\Users\ASUS\Desktop\SENA\Nueva carpeta\vendor\laravel\framework\src\Illuminate\Database\Eloquent\Model.php:1231
C:\Users\ASUS\Desktop\SENA\Nueva carpeta\vendor\laravel\framework\src\Illuminate\Database\Eloquent\Builder.php:1189
C:\Users\ASUS\Desktop\SENA\Nueva carpeta\vendor\laravel\framework\src\Illuminate\Support\helpers.php:399
C:\Users\ASUS\Desktop\SENA\Nueva carpeta\vendor\laravel\framework\src\Illuminate\Database\Eloquent\Builder.php:1188
C:\Users\ASUS\Desktop\SENA\Nueva carpeta\vendor\laravel\framework\src\Illuminate\Support\Traits\ForwardsCalls.php:23
C:\Users\ASUS\Desktop\SENA\Nueva carpeta\vendor\laravel\framework\src\Illuminate\Database\Eloquent\Model.php:2518
C:\Users\ASUS\Desktop\SENA\Nueva carpeta\vendor\laravel\framework\src\Illuminate\Database\Eloquent\Model.php:2534
C:\Users\ASUS\Desktop\SENA\Nueva carpeta\tests\Unit\AjustesControllerUnitTest.php:487</error>
        </testcase>
        <testcase name="test_group_cotizaciones_por_consulta_con_personas_id_null" file="C:\Users\ASUS\Desktop\SENA\Nueva carpeta\tests\Unit\AjustesControllerUnitTest.php" line="514" class="Tests\Unit\AjustesControllerUnitTest" classname="Tests.Unit.AjustesControllerUnitTest" assertions="0" time="0.062850">
          <error type="Illuminate\Database\QueryException">Tests\Unit\AjustesControllerUnitTest::test_group_cotizaciones_por_consulta_con_personas_id_null&#13;
Illuminate\Database\QueryException: SQLSTATE[23000]: Integrity constraint violation: 19 NOT NULL constraint failed: sub_servicios.descripcion (Connection: sqlite, SQL: insert into "sub_servicios" ("servicios_id", "nombre", "precio") values (1, SubTest, 100))
&#13;
C:\Users\ASUS\Desktop\SENA\Nueva carpeta\vendor\laravel\framework\src\Illuminate\Database\Connection.php:824
C:\Users\ASUS\Desktop\SENA\Nueva carpeta\vendor\laravel\framework\src\Illuminate\Database\Connection.php:778
C:\Users\ASUS\Desktop\SENA\Nueva carpeta\vendor\laravel\framework\src\Illuminate\Database\Connection.php:559
C:\Users\ASUS\Desktop\SENA\Nueva carpeta\vendor\laravel\framework\src\Illuminate\Database\Connection.php:523
C:\Users\ASUS\Desktop\SENA\Nueva carpeta\vendor\laravel\framework\src\Illuminate\Database\Query\Processors\Processor.php:32
C:\Users\ASUS\Desktop\SENA\Nueva carpeta\vendor\laravel\framework\src\Illuminate\Database\Query\Builder.php:3853
C:\Users\ASUS\Desktop\SENA\Nueva carpeta\vendor\laravel\framework\src\Illuminate\Database\Eloquent\Builder.php:2205
C:\Users\ASUS\Desktop\SENA\Nueva carpeta\vendor\laravel\framework\src\Illuminate\Database\Eloquent\Model.php:1427
C:\Users\ASUS\Desktop\SENA\Nueva carpeta\vendor\laravel\framework\src\Illuminate\Database\Eloquent\Model.php:1392
C:\Users\ASUS\Desktop\SENA\Nueva carpeta\vendor\laravel\framework\src\Illuminate\Database\Eloquent\Model.php:1231
C:\Users\ASUS\Desktop\SENA\Nueva carpeta\vendor\laravel\framework\src\Illuminate\Database\Eloquent\Builder.php:1189
C:\Users\ASUS\Desktop\SENA\Nueva carpeta\vendor\laravel\framework\src\Illuminate\Support\helpers.php:399
C:\Users\ASUS\Desktop\SENA\Nueva carpeta\vendor\laravel\framework\src\Illuminate\Database\Eloquent\Builder.php:1188
C:\Users\ASUS\Desktop\SENA\Nueva carpeta\vendor\laravel\framework\src\Illuminate\Support\Traits\ForwardsCalls.php:23
C:\Users\ASUS\Desktop\SENA\Nueva carpeta\vendor\laravel\framework\src\Illuminate\Database\Eloquent\Model.php:2518
C:\Users\ASUS\Desktop\SENA\Nueva carpeta\vendor\laravel\framework\src\Illuminate\Database\Eloquent\Model.php:2534
C:\Users\ASUS\Desktop\SENA\Nueva carpeta\tests\Unit\AjustesControllerUnitTest.php:517</error>
        </testcase>
        <testcase name="test_index_con_group_by_y_tab" file="C:\Users\ASUS\Desktop\SENA\Nueva carpeta\tests\Unit\AjustesControllerUnitTest.php" line="536" class="Tests\Unit\AjustesControllerUnitTest" classname="Tests.Unit.AjustesControllerUnitTest" assertions="3" time="0.069341"/>
      </testsuite>
      <testsuite name="Tests\Unit\BusquedaControllerUnitTest" file="C:\Users\ASUS\Desktop\SENA\Nueva carpeta\tests\Unit\BusquedaControllerUnitTest.php" tests="8" assertions="10" errors="0" failures="0" skipped="0" time="0.037446">
        <testcase name="test_normalizar_texto_convierte_a_minusculas" file="C:\Users\ASUS\Desktop\SENA\Nueva carpeta\tests\Unit\BusquedaControllerUnitTest.php" line="27" class="Tests\Unit\BusquedaControllerUnitTest" classname="Tests.Unit.BusquedaControllerUnitTest" assertions="1" time="0.010686"/>
        <testcase name="test_normalizar_texto_elimina_espacios_extra" file="C:\Users\ASUS\Desktop\SENA\Nueva carpeta\tests\Unit\BusquedaControllerUnitTest.php" line="33" class="Tests\Unit\BusquedaControllerUnitTest" classname="Tests.Unit.BusquedaControllerUnitTest" assertions="2" time="0.002288"/>
        <testcase name="test_normalizar_texto_corrige_animacion" file="C:\Users\ASUS\Desktop\SENA\Nueva carpeta\tests\Unit\BusquedaControllerUnitTest.php" line="43" class="Tests\Unit\BusquedaControllerUnitTest" classname="Tests.Unit.BusquedaControllerUnitTest" assertions="1" time="0.007881"/>
        <testcase name="test_normalizar_texto_corrige_animador" file="C:\Users\ASUS\Desktop\SENA\Nueva carpeta\tests\Unit\BusquedaControllerUnitTest.php" line="49" class="Tests\Unit\BusquedaControllerUnitTest" classname="Tests.Unit.BusquedaControllerUnitTest" assertions="1" time="0.002508"/>
        <testcase name="test_normalizar_texto_mantiene_alquiler" file="C:\Users\ASUS\Desktop\SENA\Nueva carpeta\tests\Unit\BusquedaControllerUnitTest.php" line="55" class="Tests\Unit\BusquedaControllerUnitTest" classname="Tests.Unit.BusquedaControllerUnitTest" assertions="1" time="0.002038"/>
        <testcase name="test_normalizar_texto_mantiene_publicidad" file="C:\Users\ASUS\Desktop\SENA\Nueva carpeta\tests\Unit\BusquedaControllerUnitTest.php" line="61" class="Tests\Unit\BusquedaControllerUnitTest" classname="Tests.Unit.BusquedaControllerUnitTest" assertions="1" time="0.001896"/>
        <testcase name="test_normalizar_texto_con_cadena_vacia" file="C:\Users\ASUS\Desktop\SENA\Nueva carpeta\tests\Unit\BusquedaControllerUnitTest.php" line="67" class="Tests\Unit\BusquedaControllerUnitTest" classname="Tests.Unit.BusquedaControllerUnitTest" assertions="1" time="0.002161"/>
        <testcase name="test_normalizar_texto_con_texto_complejo" file="C:\Users\ASUS\Desktop\SENA\Nueva carpeta\tests\Unit\BusquedaControllerUnitTest.php" line="73" class="Tests\Unit\BusquedaControllerUnitTest" classname="Tests.Unit.BusquedaControllerUnitTest" assertions="2" time="0.007988"/>
      </testsuite>
      <testsuite name="Tests\Unit\CalendarioControllerUnitTest" file="C:\Users\ASUS\Desktop\SENA\Nueva carpeta\tests\Unit\CalendarioControllerUnitTest.php" tests="3" assertions="8" errors="0" failures="0" skipped="0" time="0.011475">
        <testcase name="test_default_event_title_constante" file="C:\Users\ASUS\Desktop\SENA\Nueva carpeta\tests\Unit\CalendarioControllerUnitTest.php" line="19" class="Tests\Unit\CalendarioControllerUnitTest" classname="Tests.Unit.CalendarioControllerUnitTest" assertions="2" time="0.004123"/>
        <testcase name="test_is_admin_like_logica_administrador" file="C:\Users\ASUS\Desktop\SENA\Nueva carpeta\tests\Unit\CalendarioControllerUnitTest.php" line="30" class="Tests\Unit\CalendarioControllerUnitTest" classname="Tests.Unit.CalendarioControllerUnitTest" assertions="3" time="0.002599"/>
        <testcase name="test_is_admin_like_case_insensitive" file="C:\Users\ASUS\Desktop\SENA\Nueva carpeta\tests\Unit\CalendarioControllerUnitTest.php" line="41" class="Tests\Unit\CalendarioControllerUnitTest" classname="Tests.Unit.CalendarioControllerUnitTest" assertions="3" time="0.004753"/>
      </testsuite>
      <testsuite name="Tests\Unit\ChatbotControllerUnitTest" file="C:\Users\ASUS\Desktop\SENA\Nueva carpeta\tests\Unit\ChatbotControllerUnitTest.php" tests="8" assertions="10" errors="1" failures="0" skipped="0" time="4.441403">
        <testcase name="test_controller_can_be_instantiated" file="C:\Users\ASUS\Desktop\SENA\Nueva carpeta\tests\Unit\ChatbotControllerUnitTest.php" line="71" class="Tests\Unit\ChatbotControllerUnitTest" classname="Tests.Unit.ChatbotControllerUnitTest" assertions="1" time="0.090945"/>
        <testcase name="test_index_retorna_vista" file="C:\Users\ASUS\Desktop\SENA\Nueva carpeta\tests\Unit\ChatbotControllerUnitTest.php" line="76" class="Tests\Unit\ChatbotControllerUnitTest" classname="Tests.Unit.ChatbotControllerUnitTest" assertions="1" time="0.051668"/>
        <testcase name="test_enviar_procesa_mensaje" file="C:\Users\ASUS\Desktop\SENA\Nueva carpeta\tests\Unit\ChatbotControllerUnitTest.php" line="83" class="Tests\Unit\ChatbotControllerUnitTest" classname="Tests.Unit.ChatbotControllerUnitTest" assertions="1" time="1.392699"/>
        <testcase name="test_enviar_procesa_seleccion" file="C:\Users\ASUS\Desktop\SENA\Nueva carpeta\tests\Unit\ChatbotControllerUnitTest.php" line="116" class="Tests\Unit\ChatbotControllerUnitTest" classname="Tests.Unit.ChatbotControllerUnitTest" assertions="1" time="0.388836">
          <error type="Mockery\Exception\InvalidCountException">Tests\Unit\ChatbotControllerUnitTest::test_enviar_procesa_seleccion&#13;
Mockery\Exception\InvalidCountException: Method extraerDiasDelRequest(&lt;Any Arguments&gt;) from Mockery_8_App_Services_ChatbotSessionManager should be called&#13;
 exactly 1 times but called 0 times.
&#13;
C:\Users\ASUS\Desktop\SENA\Nueva carpeta\vendor\mockery\mockery\library\Mockery\CountValidator\Exact.php:32
C:\Users\ASUS\Desktop\SENA\Nueva carpeta\vendor\mockery\mockery\library\Mockery\Expectation.php:739
C:\Users\ASUS\Desktop\SENA\Nueva carpeta\vendor\mockery\mockery\library\Mockery\ExpectationDirector.php:202
C:\Users\ASUS\Desktop\SENA\Nueva carpeta\vendor\mockery\mockery\library\Mockery\Container.php:583
C:\Users\ASUS\Desktop\SENA\Nueva carpeta\vendor\mockery\mockery\library\Mockery\Container.php:519
C:\Users\ASUS\Desktop\SENA\Nueva carpeta\vendor\mockery\mockery\library\Mockery.php:176
C:\Users\ASUS\Desktop\SENA\Nueva carpeta\tests\Unit\ChatbotControllerUnitTest.php:64</error>
        </testcase>
        <testcase name="test_enviar_maneja_error" file="C:\Users\ASUS\Desktop\SENA\Nueva carpeta\tests\Unit\ChatbotControllerUnitTest.php" line="155" class="Tests\Unit\ChatbotControllerUnitTest" classname="Tests.Unit.ChatbotControllerUnitTest" assertions="1" time="2.345445"/>
        <testcase name="test_enviar_confirm_intencion" file="C:\Users\ASUS\Desktop\SENA\Nueva carpeta\tests\Unit\ChatbotControllerUnitTest.php" line="185" class="Tests\Unit\ChatbotControllerUnitTest" classname="Tests.Unit.ChatbotControllerUnitTest" assertions="1" time="0.059980"/>
        <testcase name="test_enviar_limpiar_cotizacion" file="C:\Users\ASUS\Desktop\SENA\Nueva carpeta\tests\Unit\ChatbotControllerUnitTest.php" line="215" class="Tests\Unit\ChatbotControllerUnitTest" classname="Tests.Unit.ChatbotControllerUnitTest" assertions="2" time="0.061153"/>
        <testcase name="test_enviar_terminar_cotizacion" file="C:\Users\ASUS\Desktop\SENA\Nueva carpeta\tests\Unit\ChatbotControllerUnitTest.php" line="232" class="Tests\Unit\ChatbotControllerUnitTest" classname="Tests.Unit.ChatbotControllerUnitTest" assertions="2" time="0.050678"/>
      </testsuite>
      <testsuite name="Tests\Unit\ChatbotIntentionDetectorTest" file="C:\Users\ASUS\Desktop\SENA\Nueva carpeta\tests\Unit\ChatbotIntentionDetectorTest.php" tests="19" assertions="29" errors="0" failures="0" skipped="0" time="1.087891">
        <testcase name="test_detectar_intenciones_vacio" file="C:\Users\ASUS\Desktop\SENA\Nueva carpeta\tests\Unit\ChatbotIntentionDetectorTest.php" line="31" class="Tests\Unit\ChatbotIntentionDetectorTest" classname="Tests.Unit.ChatbotIntentionDetectorTest" assertions="2" time="0.056898"/>
        <testcase name="test_detectar_intenciones_alquiler" file="C:\Users\ASUS\Desktop\SENA\Nueva carpeta\tests\Unit\ChatbotIntentionDetectorTest.php" line="38" class="Tests\Unit\ChatbotIntentionDetectorTest" classname="Tests.Unit.ChatbotIntentionDetectorTest" assertions="2" time="0.063605"/>
        <testcase name="test_detectar_intenciones_animacion" file="C:\Users\ASUS\Desktop\SENA\Nueva carpeta\tests\Unit\ChatbotIntentionDetectorTest.php" line="45" class="Tests\Unit\ChatbotIntentionDetectorTest" classname="Tests.Unit.ChatbotIntentionDetectorTest" assertions="2" time="0.056750"/>
        <testcase name="test_detectar_intenciones_publicidad" file="C:\Users\ASUS\Desktop\SENA\Nueva carpeta\tests\Unit\ChatbotIntentionDetectorTest.php" line="52" class="Tests\Unit\ChatbotIntentionDetectorTest" classname="Tests.Unit.ChatbotIntentionDetectorTest" assertions="2" time="0.064023"/>
        <testcase name="test_detectar_intenciones_multiples" file="C:\Users\ASUS\Desktop\SENA\Nueva carpeta\tests\Unit\ChatbotIntentionDetectorTest.php" line="59" class="Tests\Unit\ChatbotIntentionDetectorTest" classname="Tests.Unit.ChatbotIntentionDetectorTest" assertions="3" time="0.062214"/>
        <testcase name="test_validar_intenciones_contra_mensaje_valida_alquiler" file="C:\Users\ASUS\Desktop\SENA\Nueva carpeta\tests\Unit\ChatbotIntentionDetectorTest.php" line="70" class="Tests\Unit\ChatbotIntentionDetectorTest" classname="Tests.Unit.ChatbotIntentionDetectorTest" assertions="1" time="0.051715"/>
        <testcase name="test_validar_intenciones_contra_mensaje_invalida_alquiler" file="C:\Users\ASUS\Desktop\SENA\Nueva carpeta\tests\Unit\ChatbotIntentionDetectorTest.php" line="79" class="Tests\Unit\ChatbotIntentionDetectorTest" classname="Tests.Unit.ChatbotIntentionDetectorTest" assertions="1" time="0.051702"/>
        <testcase name="test_validar_intenciones_contra_mensaje_con_animacion" file="C:\Users\ASUS\Desktop\SENA\Nueva carpeta\tests\Unit\ChatbotIntentionDetectorTest.php" line="88" class="Tests\Unit\ChatbotIntentionDetectorTest" classname="Tests.Unit.ChatbotIntentionDetectorTest" assertions="1" time="0.050237"/>
        <testcase name="test_validar_intenciones_contra_mensaje_con_publicidad" file="C:\Users\ASUS\Desktop\SENA\Nueva carpeta\tests\Unit\ChatbotIntentionDetectorTest.php" line="97" class="Tests\Unit\ChatbotIntentionDetectorTest" classname="Tests.Unit.ChatbotIntentionDetectorTest" assertions="1" time="0.059233"/>
        <testcase name="test_validar_intenciones_contra_mensaje_vacio" file="C:\Users\ASUS\Desktop\SENA\Nueva carpeta\tests\Unit\ChatbotIntentionDetectorTest.php" line="106" class="Tests\Unit\ChatbotIntentionDetectorTest" classname="Tests.Unit.ChatbotIntentionDetectorTest" assertions="1" time="0.051776"/>
        <testcase name="test_validar_intenciones_contra_mensaje_multiples" file="C:\Users\ASUS\Desktop\SENA\Nueva carpeta\tests\Unit\ChatbotIntentionDetectorTest.php" line="115" class="Tests\Unit\ChatbotIntentionDetectorTest" classname="Tests.Unit.ChatbotIntentionDetectorTest" assertions="3" time="0.048716"/>
        <testcase name="test_es_relacionado_con_alquiler" file="C:\Users\ASUS\Desktop\SENA\Nueva carpeta\tests\Unit\ChatbotIntentionDetectorTest.php" line="129" class="Tests\Unit\ChatbotIntentionDetectorTest" classname="Tests.Unit.ChatbotIntentionDetectorTest" assertions="1" time="0.056499"/>
        <testcase name="test_es_relacionado_con_animacion" file="C:\Users\ASUS\Desktop\SENA\Nueva carpeta\tests\Unit\ChatbotIntentionDetectorTest.php" line="135" class="Tests\Unit\ChatbotIntentionDetectorTest" classname="Tests.Unit.ChatbotIntentionDetectorTest" assertions="1" time="0.056026"/>
        <testcase name="test_es_relacionado_con_publicidad" file="C:\Users\ASUS\Desktop\SENA\Nueva carpeta\tests\Unit\ChatbotIntentionDetectorTest.php" line="141" class="Tests\Unit\ChatbotIntentionDetectorTest" classname="Tests.Unit.ChatbotIntentionDetectorTest" assertions="1" time="0.053231"/>
        <testcase name="test_es_relacionado_con_mensaje_vacio" file="C:\Users\ASUS\Desktop\SENA\Nueva carpeta\tests\Unit\ChatbotIntentionDetectorTest.php" line="147" class="Tests\Unit\ChatbotIntentionDetectorTest" classname="Tests.Unit.ChatbotIntentionDetectorTest" assertions="1" time="0.053257"/>
        <testcase name="test_es_relacionado_con_mensaje_no_relacionado" file="C:\Users\ASUS\Desktop\SENA\Nueva carpeta\tests\Unit\ChatbotIntentionDetectorTest.php" line="154" class="Tests\Unit\ChatbotIntentionDetectorTest" classname="Tests.Unit.ChatbotIntentionDetectorTest" assertions="1" time="0.046262"/>
        <testcase name="test_es_relacionado_case_insensitive" file="C:\Users\ASUS\Desktop\SENA\Nueva carpeta\tests\Unit\ChatbotIntentionDetectorTest.php" line="161" class="Tests\Unit\ChatbotIntentionDetectorTest" classname="Tests.Unit.ChatbotIntentionDetectorTest" assertions="2" time="0.063576"/>
        <testcase name="test_clasificar_por_tfidf_con_cadena_vacia" file="C:\Users\ASUS\Desktop\SENA\Nueva carpeta\tests\Unit\ChatbotIntentionDetectorTest.php" line="174" class="Tests\Unit\ChatbotIntentionDetectorTest" classname="Tests.Unit.ChatbotIntentionDetectorTest" assertions="2" time="0.070153"/>
        <testcase name="test_clasificar_por_tfidf_retorna_array" file="C:\Users\ASUS\Desktop\SENA\Nueva carpeta\tests\Unit\ChatbotIntentionDetectorTest.php" line="181" class="Tests\Unit\ChatbotIntentionDetectorTest" classname="Tests.Unit.ChatbotIntentionDetectorTest" assertions="1" time="0.072018"/>
      </testsuite>
      <testsuite name="Tests\Unit\ChatbotMessageProcessorTest" file="C:\Users\ASUS\Desktop\SENA\Nueva carpeta\tests\Unit\ChatbotMessageProcessorTest.php" tests="24" assertions="11" errors="14" failures="0" skipped="0" time="1.450055">
        <testcase name="test_procesar_mensaje_texto_vacio" file="C:\Users\ASUS\Desktop\SENA\Nueva carpeta\tests\Unit\ChatbotMessageProcessorTest.php" line="60" class="Tests\Unit\ChatbotMessageProcessorTest" classname="Tests.Unit.ChatbotMessageProcessorTest" assertions="1" time="0.050645"/>
        <testcase name="test_procesar_mensaje_texto_con_catalogo" file="C:\Users\ASUS\Desktop\SENA\Nueva carpeta\tests\Unit\ChatbotMessageProcessorTest.php" line="83" class="Tests\Unit\ChatbotMessageProcessorTest" classname="Tests.Unit.ChatbotMessageProcessorTest" assertions="1" time="0.048204"/>
        <testcase name="test_procesar_mensaje_texto_fuera_de_tema" file="C:\Users\ASUS\Desktop\SENA\Nueva carpeta\tests\Unit\ChatbotMessageProcessorTest.php" line="113" class="Tests\Unit\ChatbotMessageProcessorTest" classname="Tests.Unit.ChatbotMessageProcessorTest" assertions="2" time="0.055199"/>
        <testcase name="test_procesar_mensaje_texto_con_intenciones" file="C:\Users\ASUS\Desktop\SENA\Nueva carpeta\tests\Unit\ChatbotMessageProcessorTest.php" line="150" class="Tests\Unit\ChatbotMessageProcessorTest" classname="Tests.Unit.ChatbotMessageProcessorTest" assertions="1" time="0.051113"/>
        <testcase name="test_procesar_mensaje_texto_con_actualizacion_dias" file="C:\Users\ASUS\Desktop\SENA\Nueva carpeta\tests\Unit\ChatbotMessageProcessorTest.php" line="208" class="Tests\Unit\ChatbotMessageProcessorTest" classname="Tests.Unit.ChatbotMessageProcessorTest" assertions="0" time="0.134356">
          <error type="Mockery\Exception\BadMethodCallException">Tests\Unit\ChatbotMessageProcessorTest::test_procesar_mensaje_texto_con_actualizacion_dias&#13;
Mockery\Exception\BadMethodCallException: Received Mockery_3_App_Services_ChatbotIntentionDetector::esRelacionado(), but no expectations were specified
&#13;
C:\Users\ASUS\Desktop\SENA\Nueva carpeta\app\Services\ChatbotMessageProcessor.php:109
C:\Users\ASUS\Desktop\SENA\Nueva carpeta\app\Services\ChatbotMessageProcessor.php:58
C:\Users\ASUS\Desktop\SENA\Nueva carpeta\app\Services\ChatbotMessageProcessor.php:37
C:\Users\ASUS\Desktop\SENA\Nueva carpeta\tests\Unit\ChatbotMessageProcessorTest.php:231</error>
        </testcase>
        <testcase name="test_procesar_mensaje_texto_buscar_subservicios" file="C:\Users\ASUS\Desktop\SENA\Nueva carpeta\tests\Unit\ChatbotMessageProcessorTest.php" line="244" class="Tests\Unit\ChatbotMessageProcessorTest" classname="Tests.Unit.ChatbotMessageProcessorTest" assertions="0" time="0.051361">
          <error type="Mockery\Exception\BadMethodCallException">Tests\Unit\ChatbotMessageProcessorTest::test_procesar_mensaje_texto_buscar_subservicios&#13;
Mockery\Exception\BadMethodCallException: Received Mockery_3_App_Services_ChatbotIntentionDetector::clasificarPorTfidf(), but no expectations were specified
&#13;
C:\Users\ASUS\Desktop\SENA\Nueva carpeta\app\Services\ChatbotMessageProcessor.php:126
C:\Users\ASUS\Desktop\SENA\Nueva carpeta\app\Services\ChatbotMessageProcessor.php:63
C:\Users\ASUS\Desktop\SENA\Nueva carpeta\app\Services\ChatbotMessageProcessor.php:42
C:\Users\ASUS\Desktop\SENA\Nueva carpeta\tests\Unit\ChatbotMessageProcessorTest.php:288</error>
        </testcase>
        <testcase name="test_procesar_mensaje_texto_con_continuacion" file="C:\Users\ASUS\Desktop\SENA\Nueva carpeta\tests\Unit\ChatbotMessageProcessorTest.php" line="301" class="Tests\Unit\ChatbotMessageProcessorTest" classname="Tests.Unit.ChatbotMessageProcessorTest" assertions="0" time="0.048283">
          <error type="Mockery\Exception\BadMethodCallException">Tests\Unit\ChatbotMessageProcessorTest::test_procesar_mensaje_texto_con_continuacion&#13;
Mockery\Exception\BadMethodCallException: Received Mockery_3_App_Services_ChatbotIntentionDetector::clasificarPorTfidf(), but no expectations were specified
&#13;
C:\Users\ASUS\Desktop\SENA\Nueva carpeta\app\Services\ChatbotMessageProcessor.php:126
C:\Users\ASUS\Desktop\SENA\Nueva carpeta\app\Services\ChatbotMessageProcessor.php:63
C:\Users\ASUS\Desktop\SENA\Nueva carpeta\app\Services\ChatbotMessageProcessor.php:42
C:\Users\ASUS\Desktop\SENA\Nueva carpeta\tests\Unit\ChatbotMessageProcessorTest.php:350</error>
        </testcase>
        <testcase name="test_procesar_mensaje_texto_con_dias_y_selecciones" file="C:\Users\ASUS\Desktop\SENA\Nueva carpeta\tests\Unit\ChatbotMessageProcessorTest.php" line="363" class="Tests\Unit\ChatbotMessageProcessorTest" classname="Tests.Unit.ChatbotMessageProcessorTest" assertions="0" time="0.060982">
          <error type="Mockery\Exception\BadMethodCallException">Tests\Unit\ChatbotMessageProcessorTest::test_procesar_mensaje_texto_con_dias_y_selecciones&#13;
Mockery\Exception\BadMethodCallException: Received Mockery_3_App_Services_ChatbotIntentionDetector::esRelacionado(), but no expectations were specified
&#13;
C:\Users\ASUS\Desktop\SENA\Nueva carpeta\app\Services\ChatbotMessageProcessor.php:109
C:\Users\ASUS\Desktop\SENA\Nueva carpeta\app\Services\ChatbotMessageProcessor.php:58
C:\Users\ASUS\Desktop\SENA\Nueva carpeta\app\Services\ChatbotMessageProcessor.php:37
C:\Users\ASUS\Desktop\SENA\Nueva carpeta\tests\Unit\ChatbotMessageProcessorTest.php:387</error>
        </testcase>
        <testcase name="test_procesar_mensaje_texto_error_en_actualizacion_dias" file="C:\Users\ASUS\Desktop\SENA\Nueva carpeta\tests\Unit\ChatbotMessageProcessorTest.php" line="400" class="Tests\Unit\ChatbotMessageProcessorTest" classname="Tests.Unit.ChatbotMessageProcessorTest" assertions="0" time="0.053548">
          <error type="Mockery\Exception\BadMethodCallException">Tests\Unit\ChatbotMessageProcessorTest::test_procesar_mensaje_texto_error_en_actualizacion_dias&#13;
Mockery\Exception\BadMethodCallException: Received Mockery_3_App_Services_ChatbotIntentionDetector::esRelacionado(), but no expectations were specified
&#13;
C:\Users\ASUS\Desktop\SENA\Nueva carpeta\app\Services\ChatbotMessageProcessor.php:109
C:\Users\ASUS\Desktop\SENA\Nueva carpeta\app\Services\ChatbotMessageProcessor.php:58
C:\Users\ASUS\Desktop\SENA\Nueva carpeta\app\Services\ChatbotMessageProcessor.php:37
C:\Users\ASUS\Desktop\SENA\Nueva carpeta\tests\Unit\ChatbotMessageProcessorTest.php:420</error>
        </testcase>
        <testcase name="test_procesar_mensaje_texto_con_intenciones_sesion" file="C:\Users\ASUS\Desktop\SENA\Nueva carpeta\tests\Unit\ChatbotMessageProcessorTest.php" line="433" class="Tests\Unit\ChatbotMessageProcessorTest" classname="Tests.Unit.ChatbotMessageProcessorTest" assertions="0" time="0.052876">
          <error type="Mockery\Exception\BadMethodCallException">Tests\Unit\ChatbotMessageProcessorTest::test_procesar_mensaje_texto_con_intenciones_sesion&#13;
Mockery\Exception\BadMethodCallException: Received Mockery_3_App_Services_ChatbotIntentionDetector::clasificarPorTfidf(), but no expectations were specified
&#13;
C:\Users\ASUS\Desktop\SENA\Nueva carpeta\app\Services\ChatbotMessageProcessor.php:126
C:\Users\ASUS\Desktop\SENA\Nueva carpeta\app\Services\ChatbotMessageProcessor.php:63
C:\Users\ASUS\Desktop\SENA\Nueva carpeta\app\Services\ChatbotMessageProcessor.php:42
C:\Users\ASUS\Desktop\SENA\Nueva carpeta\tests\Unit\ChatbotMessageProcessorTest.php:476</error>
        </testcase>
        <testcase name="test_procesar_mensaje_texto_con_ml_intent" file="C:\Users\ASUS\Desktop\SENA\Nueva carpeta\tests\Unit\ChatbotMessageProcessorTest.php" line="489" class="Tests\Unit\ChatbotMessageProcessorTest" classname="Tests.Unit.ChatbotMessageProcessorTest" assertions="1" time="0.054457"/>
        <testcase name="test_procesar_mensaje_texto_con_intenciones_sesion_y_continuacion" file="C:\Users\ASUS\Desktop\SENA\Nueva carpeta\tests\Unit\ChatbotMessageProcessorTest.php" line="551" class="Tests\Unit\ChatbotMessageProcessorTest" classname="Tests.Unit.ChatbotMessageProcessorTest" assertions="0" time="0.059596">
          <error type="Mockery\Exception\BadMethodCallException">Tests\Unit\ChatbotMessageProcessorTest::test_procesar_mensaje_texto_con_intenciones_sesion_y_continuacion&#13;
Mockery\Exception\BadMethodCallException: Received Mockery_3_App_Services_ChatbotIntentionDetector::validarIntencionesContraMensaje(), but no expectations were specified
&#13;
C:\Users\ASUS\Desktop\SENA\Nueva carpeta\app\Services\ChatbotMessageProcessor.php:76
C:\Users\ASUS\Desktop\SENA\Nueva carpeta\app\Services\ChatbotMessageProcessor.php:42
C:\Users\ASUS\Desktop\SENA\Nueva carpeta\tests\Unit\ChatbotMessageProcessorTest.php:598</error>
        </testcase>
        <testcase name="test_procesar_mensaje_texto_con_agregado" file="C:\Users\ASUS\Desktop\SENA\Nueva carpeta\tests\Unit\ChatbotMessageProcessorTest.php" line="611" class="Tests\Unit\ChatbotMessageProcessorTest" classname="Tests.Unit.ChatbotMessageProcessorTest" assertions="0" time="0.066721">
          <error type="Mockery\Exception\BadMethodCallException">Tests\Unit\ChatbotMessageProcessorTest::test_procesar_mensaje_texto_con_agregado&#13;
Mockery\Exception\BadMethodCallException: Received Mockery_5_App_Services_ChatbotResponseBuilder::mostrarOpcionesConIntenciones(), but no expectations were specified
&#13;
C:\Users\ASUS\Desktop\SENA\Nueva carpeta\app\Services\ChatbotMessageProcessor.php:230
C:\Users\ASUS\Desktop\SENA\Nueva carpeta\app\Services\ChatbotMessageProcessor.php:212
C:\Users\ASUS\Desktop\SENA\Nueva carpeta\app\Services\ChatbotMessageProcessor.php:93
C:\Users\ASUS\Desktop\SENA\Nueva carpeta\app\Services\ChatbotMessageProcessor.php:42
C:\Users\ASUS\Desktop\SENA\Nueva carpeta\tests\Unit\ChatbotMessageProcessorTest.php:658</error>
        </testcase>
        <testcase name="test_procesar_mensaje_texto_nueva_consulta" file="C:\Users\ASUS\Desktop\SENA\Nueva carpeta\tests\Unit\ChatbotMessageProcessorTest.php" line="671" class="Tests\Unit\ChatbotMessageProcessorTest" classname="Tests.Unit.ChatbotMessageProcessorTest" assertions="1" time="0.062307"/>
        <testcase name="test_procesar_mensaje_texto_con_dias_y_continuacion" file="C:\Users\ASUS\Desktop\SENA\Nueva carpeta\tests\Unit\ChatbotMessageProcessorTest.php" line="731" class="Tests\Unit\ChatbotMessageProcessorTest" classname="Tests.Unit.ChatbotMessageProcessorTest" assertions="0" time="0.054601">
          <error type="Mockery\Exception\BadMethodCallException">Tests\Unit\ChatbotMessageProcessorTest::test_procesar_mensaje_texto_con_dias_y_continuacion&#13;
Mockery\Exception\BadMethodCallException: Received Mockery_3_App_Services_ChatbotIntentionDetector::clasificarPorTfidf(), but no expectations were specified
&#13;
C:\Users\ASUS\Desktop\SENA\Nueva carpeta\app\Services\ChatbotMessageProcessor.php:126
C:\Users\ASUS\Desktop\SENA\Nueva carpeta\app\Services\ChatbotMessageProcessor.php:63
C:\Users\ASUS\Desktop\SENA\Nueva carpeta\app\Services\ChatbotMessageProcessor.php:42
C:\Users\ASUS\Desktop\SENA\Nueva carpeta\tests\Unit\ChatbotMessageProcessorTest.php:780</error>
        </testcase>
        <testcase name="test_procesar_mensaje_texto_fuera_de_tema_con_selecciones" file="C:\Users\ASUS\Desktop\SENA\Nueva carpeta\tests\Unit\ChatbotMessageProcessorTest.php" line="793" class="Tests\Unit\ChatbotMessageProcessorTest" classname="Tests.Unit.ChatbotMessageProcessorTest" assertions="0" time="0.066119">
          <error type="Mockery\Exception\BadMethodCallException">Tests\Unit\ChatbotMessageProcessorTest::test_procesar_mensaje_texto_fuera_de_tema_con_selecciones&#13;
Mockery\Exception\BadMethodCallException: Received Mockery_3_App_Services_ChatbotIntentionDetector::detectarIntenciones(), but no expectations were specified
&#13;
C:\Users\ASUS\Desktop\SENA\Nueva carpeta\app\Services\ChatbotMessageProcessor.php:124
C:\Users\ASUS\Desktop\SENA\Nueva carpeta\app\Services\ChatbotMessageProcessor.php:63
C:\Users\ASUS\Desktop\SENA\Nueva carpeta\app\Services\ChatbotMessageProcessor.php:42
C:\Users\ASUS\Desktop\SENA\Nueva carpeta\tests\Unit\ChatbotMessageProcessorTest.php:815</error>
        </testcase>
        <testcase name="test_procesar_mensaje_texto_actualizacion_dias_items_vacios" file="C:\Users\ASUS\Desktop\SENA\Nueva carpeta\tests\Unit\ChatbotMessageProcessorTest.php" line="828" class="Tests\Unit\ChatbotMessageProcessorTest" classname="Tests.Unit.ChatbotMessageProcessorTest" assertions="0" time="0.064856">
          <error type="Mockery\Exception\BadMethodCallException">Tests\Unit\ChatbotMessageProcessorTest::test_procesar_mensaje_texto_actualizacion_dias_items_vacios&#13;
Mockery\Exception\BadMethodCallException: Received Mockery_3_App_Services_ChatbotIntentionDetector::esRelacionado(), but no expectations were specified
&#13;
C:\Users\ASUS\Desktop\SENA\Nueva carpeta\app\Services\ChatbotMessageProcessor.php:109
C:\Users\ASUS\Desktop\SENA\Nueva carpeta\app\Services\ChatbotMessageProcessor.php:58
C:\Users\ASUS\Desktop\SENA\Nueva carpeta\app\Services\ChatbotMessageProcessor.php:37
C:\Users\ASUS\Desktop\SENA\Nueva carpeta\tests\Unit\ChatbotMessageProcessorTest.php:851</error>
        </testcase>
        <testcase name="test_procesar_mensaje_texto_buscar_subservicios_con_mensaje_vacio" file="C:\Users\ASUS\Desktop\SENA\Nueva carpeta\tests\Unit\ChatbotMessageProcessorTest.php" line="864" class="Tests\Unit\ChatbotMessageProcessorTest" classname="Tests.Unit.ChatbotMessageProcessorTest" assertions="0" time="0.058877">
          <error type="Mockery\Exception\BadMethodCallException">Tests\Unit\ChatbotMessageProcessorTest::test_procesar_mensaje_texto_buscar_subservicios_con_mensaje_vacio&#13;
Mockery\Exception\BadMethodCallException: Received Mockery_5_App_Services_ChatbotResponseBuilder::responderConOpciones(), but no expectations were specified
&#13;
C:\Users\ASUS\Desktop\SENA\Nueva carpeta\app\Services\ChatbotMessageProcessor.php:34
C:\Users\ASUS\Desktop\SENA\Nueva carpeta\tests\Unit\ChatbotMessageProcessorTest.php:908</error>
        </testcase>
        <testcase name="test_procesar_mensaje_texto_con_catalogo_corregido" file="C:\Users\ASUS\Desktop\SENA\Nueva carpeta\tests\Unit\ChatbotMessageProcessorTest.php" line="921" class="Tests\Unit\ChatbotMessageProcessorTest" classname="Tests.Unit.ChatbotMessageProcessorTest" assertions="1" time="0.056608"/>
        <testcase name="test_procesar_mensaje_texto_fuera_de_tema_con_dias_y_selecciones" file="C:\Users\ASUS\Desktop\SENA\Nueva carpeta\tests\Unit\ChatbotMessageProcessorTest.php" line="946" class="Tests\Unit\ChatbotMessageProcessorTest" classname="Tests.Unit.ChatbotMessageProcessorTest" assertions="0" time="0.063467">
          <error type="Mockery\Exception\BadMethodCallException">Tests\Unit\ChatbotMessageProcessorTest::test_procesar_mensaje_texto_fuera_de_tema_con_dias_y_selecciones&#13;
Mockery\Exception\BadMethodCallException: Received Mockery_3_App_Services_ChatbotIntentionDetector::detectarIntenciones(), but no expectations were specified
&#13;
C:\Users\ASUS\Desktop\SENA\Nueva carpeta\app\Services\ChatbotMessageProcessor.php:124
C:\Users\ASUS\Desktop\SENA\Nueva carpeta\app\Services\ChatbotMessageProcessor.php:63
C:\Users\ASUS\Desktop\SENA\Nueva carpeta\app\Services\ChatbotMessageProcessor.php:42
C:\Users\ASUS\Desktop\SENA\Nueva carpeta\tests\Unit\ChatbotMessageProcessorTest.php:968</error>
        </testcase>
        <testcase name="test_procesar_mensaje_texto_con_actualizacion_dias_dias_cero" file="C:\Users\ASUS\Desktop\SENA\Nueva carpeta\tests\Unit\ChatbotMessageProcessorTest.php" line="981" class="Tests\Unit\ChatbotMessageProcessorTest" classname="Tests.Unit.ChatbotMessageProcessorTest" assertions="0" time="0.057303">
          <error type="Mockery\Exception\BadMethodCallException">Tests\Unit\ChatbotMessageProcessorTest::test_procesar_mensaje_texto_con_actualizacion_dias_dias_cero&#13;
Mockery\Exception\BadMethodCallException: Received Mockery_3_App_Services_ChatbotIntentionDetector::clasificarPorTfidf(), but no expectations were specified
&#13;
C:\Users\ASUS\Desktop\SENA\Nueva carpeta\app\Services\ChatbotMessageProcessor.php:126
C:\Users\ASUS\Desktop\SENA\Nueva carpeta\app\Services\ChatbotMessageProcessor.php:63
C:\Users\ASUS\Desktop\SENA\Nueva carpeta\app\Services\ChatbotMessageProcessor.php:42
C:\Users\ASUS\Desktop\SENA\Nueva carpeta\tests\Unit\ChatbotMessageProcessorTest.php:1030</error>
        </testcase>
        <testcase name="test_procesar_mensaje_texto_con_intenciones_vacias_y_no_relacionado" file="C:\Users\ASUS\Desktop\SENA\Nueva carpeta\tests\Unit\ChatbotMessageProcessorTest.php" line="1043" class="Tests\Unit\ChatbotMessageProcessorTest" classname="Tests.Unit.ChatbotMessageProcessorTest" assertions="1" time="0.059467"/>
        <testcase name="test_procesar_mensaje_texto_con_sugerencia_aplicada" file="C:\Users\ASUS\Desktop\SENA\Nueva carpeta\tests\Unit\ChatbotMessageProcessorTest.php" line="1098" class="Tests\Unit\ChatbotMessageProcessorTest" classname="Tests.Unit.ChatbotMessageProcessorTest" assertions="1" time="0.060118"/>
        <testcase name="test_procesar_mensaje_texto_con_error_en_sugerencias" file="C:\Users\ASUS\Desktop\SENA\Nueva carpeta\tests\Unit\ChatbotMessageProcessorTest.php" line="1158" class="Tests\Unit\ChatbotMessageProcessorTest" classname="Tests.Unit.ChatbotMessageProcessorTest" assertions="1" time="0.058990"/>
      </testsuite>
      <testsuite name="Tests\Unit\ChatbotResponseBuilderTest" file="C:\Users\ASUS\Desktop\SENA\Nueva carpeta\tests\Unit\ChatbotResponseBuilderTest.php" tests="32" assertions="66" errors="3" failures="0" skipped="0" time="1.760043">
        <testcase name="test_responder_con_opciones" file="C:\Users\ASUS\Desktop\SENA\Nueva carpeta\tests\Unit\ChatbotResponseBuilderTest.php" line="30" class="Tests\Unit\ChatbotResponseBuilderTest" classname="Tests.Unit.ChatbotResponseBuilderTest" assertions="3" time="0.064334"/>
        <testcase name="test_mostrar_catalogo_json_sin_dias" file="C:\Users\ASUS\Desktop\SENA\Nueva carpeta\tests\Unit\ChatbotResponseBuilderTest.php" line="46" class="Tests\Unit\ChatbotResponseBuilderTest" classname="Tests.Unit.ChatbotResponseBuilderTest" assertions="4" time="0.057693"/>
        <testcase name="test_mostrar_catalogo_json_con_dias" file="C:\Users\ASUS\Desktop\SENA\Nueva carpeta\tests\Unit\ChatbotResponseBuilderTest.php" line="57" class="Tests\Unit\ChatbotResponseBuilderTest" classname="Tests.Unit.ChatbotResponseBuilderTest" assertions="3" time="0.069959"/>
        <testcase name="test_responder_opciones" file="C:\Users\ASUS\Desktop\SENA\Nueva carpeta\tests\Unit\ChatbotResponseBuilderTest.php" line="71" class="Tests\Unit\ChatbotResponseBuilderTest" classname="Tests.Unit.ChatbotResponseBuilderTest" assertions="5" time="0.054191"/>
        <testcase name="test_solicitar_confirmacion_intencion_sin_hint" file="C:\Users\ASUS\Desktop\SENA\Nueva carpeta\tests\Unit\ChatbotResponseBuilderTest.php" line="92" class="Tests\Unit\ChatbotResponseBuilderTest" classname="Tests.Unit.ChatbotResponseBuilderTest" assertions="4" time="0.054891"/>
        <testcase name="test_solicitar_confirmacion_intencion_con_hint" file="C:\Users\ASUS\Desktop\SENA\Nueva carpeta\tests\Unit\ChatbotResponseBuilderTest.php" line="109" class="Tests\Unit\ChatbotResponseBuilderTest" classname="Tests.Unit.ChatbotResponseBuilderTest" assertions="2" time="0.057885"/>
        <testcase name="test_solicitar_confirmacion_intencion_con_dias" file="C:\Users\ASUS\Desktop\SENA\Nueva carpeta\tests\Unit\ChatbotResponseBuilderTest.php" line="126" class="Tests\Unit\ChatbotResponseBuilderTest" classname="Tests.Unit.ChatbotResponseBuilderTest" assertions="2" time="0.052689"/>
        <testcase name="test_mostrar_opciones_con_intenciones_sin_dias" file="C:\Users\ASUS\Desktop\SENA\Nueva carpeta\tests\Unit\ChatbotResponseBuilderTest.php" line="145" class="Tests\Unit\ChatbotResponseBuilderTest" classname="Tests.Unit.ChatbotResponseBuilderTest" assertions="2" time="0.057838"/>
        <testcase name="test_mostrar_opciones_con_intenciones_con_dias" file="C:\Users\ASUS\Desktop\SENA\Nueva carpeta\tests\Unit\ChatbotResponseBuilderTest.php" line="165" class="Tests\Unit\ChatbotResponseBuilderTest" classname="Tests.Unit.ChatbotResponseBuilderTest" assertions="2" time="0.054998"/>
        <testcase name="test_mostrar_opciones_con_intenciones_multiples_dias" file="C:\Users\ASUS\Desktop\SENA\Nueva carpeta\tests\Unit\ChatbotResponseBuilderTest.php" line="185" class="Tests\Unit\ChatbotResponseBuilderTest" classname="Tests.Unit.ChatbotResponseBuilderTest" assertions="2" time="0.052129"/>
        <testcase name="test_responder_cotizacion_un_dia" file="C:\Users\ASUS\Desktop\SENA\Nueva carpeta\tests\Unit\ChatbotResponseBuilderTest.php" line="209" class="Tests\Unit\ChatbotResponseBuilderTest" classname="Tests.Unit.ChatbotResponseBuilderTest" assertions="5" time="0.061720"/>
        <testcase name="test_responder_cotizacion_multiples_dias" file="C:\Users\ASUS\Desktop\SENA\Nueva carpeta\tests\Unit\ChatbotResponseBuilderTest.php" line="226" class="Tests\Unit\ChatbotResponseBuilderTest" classname="Tests.Unit.ChatbotResponseBuilderTest" assertions="5" time="0.055181"/>
        <testcase name="test_construir_detalle_cotizacion" file="C:\Users\ASUS\Desktop\SENA\Nueva carpeta\tests\Unit\ChatbotResponseBuilderTest.php" line="246" class="Tests\Unit\ChatbotResponseBuilderTest" classname="Tests.Unit.ChatbotResponseBuilderTest" assertions="7" time="0.059696"/>
        <testcase name="test_construir_detalle_cotizacion_con_array" file="C:\Users\ASUS\Desktop\SENA\Nueva carpeta\tests\Unit\ChatbotResponseBuilderTest.php" line="264" class="Tests\Unit\ChatbotResponseBuilderTest" classname="Tests.Unit.ChatbotResponseBuilderTest" assertions="2" time="0.052334"/>
        <testcase name="test_construir_detalle_cotizacion_mensaje_plural" file="C:\Users\ASUS\Desktop\SENA\Nueva carpeta\tests\Unit\ChatbotResponseBuilderTest.php" line="277" class="Tests\Unit\ChatbotResponseBuilderTest" classname="Tests.Unit.ChatbotResponseBuilderTest" assertions="2" time="0.056509"/>
        <testcase name="test_construir_detalle_cotizacion_mensaje_singular" file="C:\Users\ASUS\Desktop\SENA\Nueva carpeta\tests\Unit\ChatbotResponseBuilderTest.php" line="289" class="Tests\Unit\ChatbotResponseBuilderTest" classname="Tests.Unit.ChatbotResponseBuilderTest" assertions="1" time="0.057277"/>
        <testcase name="test_sub_servicios_query_estructura" file="C:\Users\ASUS\Desktop\SENA\Nueva carpeta\tests\Unit\ChatbotResponseBuilderTest.php" line="304" class="Tests\Unit\ChatbotResponseBuilderTest" classname="Tests.Unit.ChatbotResponseBuilderTest" assertions="1" time="0.052837"/>
        <testcase name="test_ordenar_sub_servicios_estructura" file="C:\Users\ASUS\Desktop\SENA\Nueva carpeta\tests\Unit\ChatbotResponseBuilderTest.php" line="311" class="Tests\Unit\ChatbotResponseBuilderTest" classname="Tests.Unit.ChatbotResponseBuilderTest" assertions="1" time="0.057383"/>
        <testcase name="test_formatear_opciones_con_items" file="C:\Users\ASUS\Desktop\SENA\Nueva carpeta\tests\Unit\ChatbotResponseBuilderTest.php" line="319" class="Tests\Unit\ChatbotResponseBuilderTest" classname="Tests.Unit.ChatbotResponseBuilderTest" assertions="0" time="0.055818">
          <error type="Illuminate\Database\QueryException">Tests\Unit\ChatbotResponseBuilderTest::test_formatear_opciones_con_items&#13;
Illuminate\Database\QueryException: SQLSTATE[23000]: Integrity constraint violation: 19 NOT NULL constraint failed: sub_servicios.descripcion (Connection: sqlite, SQL: insert into "sub_servicios" ("servicios_id", "nombre", "precio") values (1, Equipo 1, 100))
&#13;
C:\Users\ASUS\Desktop\SENA\Nueva carpeta\vendor\laravel\framework\src\Illuminate\Database\Connection.php:824
C:\Users\ASUS\Desktop\SENA\Nueva carpeta\vendor\laravel\framework\src\Illuminate\Database\Connection.php:778
C:\Users\ASUS\Desktop\SENA\Nueva carpeta\vendor\laravel\framework\src\Illuminate\Database\Connection.php:559
C:\Users\ASUS\Desktop\SENA\Nueva carpeta\vendor\laravel\framework\src\Illuminate\Database\Connection.php:523
C:\Users\ASUS\Desktop\SENA\Nueva carpeta\vendor\laravel\framework\src\Illuminate\Database\Query\Processors\Processor.php:32
C:\Users\ASUS\Desktop\SENA\Nueva carpeta\vendor\laravel\framework\src\Illuminate\Database\Query\Builder.php:3853
C:\Users\ASUS\Desktop\SENA\Nueva carpeta\vendor\laravel\framework\src\Illuminate\Database\Eloquent\Builder.php:2205
C:\Users\ASUS\Desktop\SENA\Nueva carpeta\vendor\laravel\framework\src\Illuminate\Database\Eloquent\Model.php:1427
C:\Users\ASUS\Desktop\SENA\Nueva carpeta\vendor\laravel\framework\src\Illuminate\Database\Eloquent\Model.php:1392
C:\Users\ASUS\Desktop\SENA\Nueva carpeta\vendor\laravel\framework\src\Illuminate\Database\Eloquent\Model.php:1231
C:\Users\ASUS\Desktop\SENA\Nueva carpeta\vendor\laravel\framework\src\Illuminate\Database\Eloquent\Builder.php:1189
C:\Users\ASUS\Desktop\SENA\Nueva carpeta\vendor\laravel\framework\src\Illuminate\Support\helpers.php:399
C:\Users\ASUS\Desktop\SENA\Nueva carpeta\vendor\laravel\framework\src\Illuminate\Database\Eloquent\Builder.php:1188
C:\Users\ASUS\Desktop\SENA\Nueva carpeta\vendor\laravel\framework\src\Illuminate\Support\Traits\ForwardsCalls.php:23
C:\Users\ASUS\Desktop\SENA\Nueva carpeta\vendor\laravel\framework\src\Illuminate\Database\Eloquent\Model.php:2518
C:\Users\ASUS\Desktop\SENA\Nueva carpeta\vendor\laravel\framework\src\Illuminate\Database\Eloquent\Model.php:2534
C:\Users\ASUS\Desktop\SENA\Nueva carpeta\tests\Unit\ChatbotResponseBuilderTest.php:322</error>
        </testcase>
        <testcase name="test_formatear_opciones_con_array" file="C:\Users\ASUS\Desktop\SENA\Nueva carpeta\tests\Unit\ChatbotResponseBuilderTest.php" line="341" class="Tests\Unit\ChatbotResponseBuilderTest" classname="Tests.Unit.ChatbotResponseBuilderTest" assertions="1" time="0.046641"/>
        <testcase name="test_construir_detalle_cotizacion_mostrar_dias_siempre" file="C:\Users\ASUS\Desktop\SENA\Nueva carpeta\tests\Unit\ChatbotResponseBuilderTest.php" line="354" class="Tests\Unit\ChatbotResponseBuilderTest" classname="Tests.Unit.ChatbotResponseBuilderTest" assertions="1" time="0.051225"/>
        <testcase name="test_responder_cotizacion_con_mostrar_dias_siempre" file="C:\Users\ASUS\Desktop\SENA\Nueva carpeta\tests\Unit\ChatbotResponseBuilderTest.php" line="365" class="Tests\Unit\ChatbotResponseBuilderTest" classname="Tests.Unit.ChatbotResponseBuilderTest" assertions="1" time="0.049415"/>
        <testcase name="test_solicitar_confirmacion_intencion_sin_dias" file="C:\Users\ASUS\Desktop\SENA\Nueva carpeta\tests\Unit\ChatbotResponseBuilderTest.php" line="377" class="Tests\Unit\ChatbotResponseBuilderTest" classname="Tests.Unit.ChatbotResponseBuilderTest" assertions="1" time="0.053059"/>
        <testcase name="test_solicitar_confirmacion_intencion_con_hint_vacio" file="C:\Users\ASUS\Desktop\SENA\Nueva carpeta\tests\Unit\ChatbotResponseBuilderTest.php" line="391" class="Tests\Unit\ChatbotResponseBuilderTest" classname="Tests.Unit.ChatbotResponseBuilderTest" assertions="1" time="0.052666"/>
        <testcase name="test_solicitar_confirmacion_intencion_con_hint_token_vacio" file="C:\Users\ASUS\Desktop\SENA\Nueva carpeta\tests\Unit\ChatbotResponseBuilderTest.php" line="405" class="Tests\Unit\ChatbotResponseBuilderTest" classname="Tests.Unit.ChatbotResponseBuilderTest" assertions="1" time="0.059433"/>
        <testcase name="test_responder_opciones_sin_dias" file="C:\Users\ASUS\Desktop\SENA\Nueva carpeta\tests\Unit\ChatbotResponseBuilderTest.php" line="421" class="Tests\Unit\ChatbotResponseBuilderTest" classname="Tests.Unit.ChatbotResponseBuilderTest" assertions="1" time="0.050987"/>
        <testcase name="test_construir_detalle_cotizacion_un_dia_sin_mostrar_total" file="C:\Users\ASUS\Desktop\SENA\Nueva carpeta\tests\Unit\ChatbotResponseBuilderTest.php" line="433" class="Tests\Unit\ChatbotResponseBuilderTest" classname="Tests.Unit.ChatbotResponseBuilderTest" assertions="2" time="0.053967"/>
        <testcase name="test_construir_detalle_cotizacion_multiples_dias_sin_mostrar_dias_siempre" file="C:\Users\ASUS\Desktop\SENA\Nueva carpeta\tests\Unit\ChatbotResponseBuilderTest.php" line="445" class="Tests\Unit\ChatbotResponseBuilderTest" classname="Tests.Unit.ChatbotResponseBuilderTest" assertions="1" time="0.050852"/>
        <testcase name="test_mostrar_catalogo_json_con_selecciones" file="C:\Users\ASUS\Desktop\SENA\Nueva carpeta\tests\Unit\ChatbotResponseBuilderTest.php" line="456" class="Tests\Unit\ChatbotResponseBuilderTest" classname="Tests.Unit.ChatbotResponseBuilderTest" assertions="0" time="0.053702">
          <error type="Illuminate\Database\QueryException">Tests\Unit\ChatbotResponseBuilderTest::test_mostrar_catalogo_json_con_selecciones&#13;
Illuminate\Database\QueryException: SQLSTATE[23000]: Integrity constraint violation: 19 NOT NULL constraint failed: sub_servicios.descripcion (Connection: sqlite, SQL: insert into "sub_servicios" ("servicios_id", "nombre", "precio") values (1, Equipo 1, 100))
&#13;
C:\Users\ASUS\Desktop\SENA\Nueva carpeta\vendor\laravel\framework\src\Illuminate\Database\Connection.php:824
C:\Users\ASUS\Desktop\SENA\Nueva carpeta\vendor\laravel\framework\src\Illuminate\Database\Connection.php:778
C:\Users\ASUS\Desktop\SENA\Nueva carpeta\vendor\laravel\framework\src\Illuminate\Database\Connection.php:559
C:\Users\ASUS\Desktop\SENA\Nueva carpeta\vendor\laravel\framework\src\Illuminate\Database\Connection.php:523
C:\Users\ASUS\Desktop\SENA\Nueva carpeta\vendor\laravel\framework\src\Illuminate\Database\Query\Processors\Processor.php:32
C:\Users\ASUS\Desktop\SENA\Nueva carpeta\vendor\laravel\framework\src\Illuminate\Database\Query\Builder.php:3853
C:\Users\ASUS\Desktop\SENA\Nueva carpeta\vendor\laravel\framework\src\Illuminate\Database\Eloquent\Builder.php:2205
[...]
C:\Users\ASUS\Desktop\SENA\Nueva carpeta\vendor\laravel\framework\src\Illuminate\Support\Traits\ForwardsCalls.php:23
C:\Users\ASUS\Desktop\SENA\Nueva carpeta\vendor\laravel\framework\src\Illuminate\Database\Eloquent\Model.php:2518
C:\Users\ASUS\Desktop\SENA\Nueva carpeta\vendor\laravel\framework\src\Illuminate\Database\Eloquent\Model.php:2534
C:\Users\ASUS\Desktop\SENA\Nueva carpeta\tests\Unit\UsuarioControllerUnitTest.php:215</error>
        </testcase>
        <testcase name="test_autenticar_con_roles" file="C:\Users\ASUS\Desktop\SENA\Nueva carpeta\tests\Unit\UsuarioControllerUnitTest.php" line="231" class="Tests\Unit\UsuarioControllerUnitTest" classname="Tests.Unit.UsuarioControllerUnitTest" assertions="0" time="0.238536">
          <error type="Illuminate\Database\QueryException">Tests\Unit\UsuarioControllerUnitTest::test_autenticar_con_roles&#13;
Illuminate\Database\QueryException: SQLSTATE[23000]: Integrity constraint violation: 19 NOT NULL constraint failed: personas.primer_apellido (Connection: sqlite, SQL: insert into "personas" ("primer_nombre", "correo", "contrasena", "updated_at", "created_at") values (Juan, juan@test.com, $2y$04$cW1HNNEWuJ2SaGidiJOun.JEE5/vlCAL2JzqSOW9GtSeQe3l8.rOi, 2025-11-28 22:42:35, 2025-11-28 22:42:35))
&#13;
C:\Users\ASUS\Desktop\SENA\Nueva carpeta\vendor\laravel\framework\src\Illuminate\Database\Connection.php:824
C:\Users\ASUS\Desktop\SENA\Nueva carpeta\vendor\laravel\framework\src\Illuminate\Database\Connection.php:778
C:\Users\ASUS\Desktop\SENA\Nueva carpeta\vendor\laravel\framework\src\Illuminate\Database\Connection.php:559
C:\Users\ASUS\Desktop\SENA\Nueva carpeta\vendor\laravel\framework\src\Illuminate\Database\Connection.php:523
C:\Users\ASUS\Desktop\SENA\Nueva carpeta\vendor\laravel\framework\src\Illuminate\Database\Query\Processors\Processor.php:32
C:\Users\ASUS\Desktop\SENA\Nueva carpeta\vendor\laravel\framework\src\Illuminate\Database\Query\Builder.php:3853
C:\Users\ASUS\Desktop\SENA\Nueva carpeta\vendor\laravel\framework\src\Illuminate\Database\Eloquent\Builder.php:2205
C:\Users\ASUS\Desktop\SENA\Nueva carpeta\vendor\laravel\framework\src\Illuminate\Database\Eloquent\Model.php:1427
C:\Users\ASUS\Desktop\SENA\Nueva carpeta\vendor\laravel\framework\src\Illuminate\Database\Eloquent\Model.php:1392
C:\Users\ASUS\Desktop\SENA\Nueva carpeta\vendor\laravel\framework\src\Illuminate\Database\Eloquent\Model.php:1231
C:\Users\ASUS\Desktop\SENA\Nueva carpeta\vendor\laravel\framework\src\Illuminate\Database\Eloquent\Builder.php:1189
C:\Users\ASUS\Desktop\SENA\Nueva carpeta\vendor\laravel\framework\src\Illuminate\Support\helpers.php:399
C:\Users\ASUS\Desktop\SENA\Nueva carpeta\vendor\laravel\framework\src\Illuminate\Database\Eloquent\Builder.php:1188
C:\Users\ASUS\Desktop\SENA\Nueva carpeta\vendor\laravel\framework\src\Illuminate\Support\Traits\ForwardsCalls.php:23
C:\Users\ASUS\Desktop\SENA\Nueva carpeta\vendor\laravel\framework\src\Illuminate\Database\Eloquent\Model.php:2518
C:\Users\ASUS\Desktop\SENA\Nueva carpeta\vendor\laravel\framework\src\Illuminate\Database\Eloquent\Model.php:2534
C:\Users\ASUS\Desktop\SENA\Nueva carpeta\tests\Unit\UsuarioControllerUnitTest.php:233</error>
        </testcase>
        <testcase name="test_autenticar_con_pending_admin" file="C:\Users\ASUS\Desktop\SENA\Nueva carpeta\tests\Unit\UsuarioControllerUnitTest.php" line="260" class="Tests\Unit\UsuarioControllerUnitTest" classname="Tests.Unit.UsuarioControllerUnitTest" assertions="0" time="0.240934">
          <error type="Illuminate\Database\QueryException">Tests\Unit\UsuarioControllerUnitTest::test_autenticar_con_pending_admin&#13;
Illuminate\Database\QueryException: SQLSTATE[23000]: Integrity constraint violation: 19 NOT NULL constraint failed: personas.primer_apellido (Connection: sqlite, SQL: insert into "personas" ("primer_nombre", "correo", "contrasena", "updated_at", "created_at") values (Juan, juan@test.com, $2y$04$3ig3.NX.MOriOO56HXnpa.yIFRyfOPA4j0NdpInEv8OKZkYCmSDny, 2025-11-28 22:42:35, 2025-11-28 22:42:35))
&#13;
C:\Users\ASUS\Desktop\SENA\Nueva carpeta\vendor\laravel\framework\src\Illuminate\Database\Connection.php:824
C:\Users\ASUS\Desktop\SENA\Nueva carpeta\vendor\laravel\framework\src\Illuminate\Database\Connection.php:778
C:\Users\ASUS\Desktop\SENA\Nueva carpeta\vendor\laravel\framework\src\Illuminate\Database\Connection.php:559
C:\Users\ASUS\Desktop\SENA\Nueva carpeta\vendor\laravel\framework\src\Illuminate\Database\Connection.php:523
C:\Users\ASUS\Desktop\SENA\Nueva carpeta\vendor\laravel\framework\src\Illuminate\Database\Query\Processors\Processor.php:32
C:\Users\ASUS\Desktop\SENA\Nueva carpeta\vendor\laravel\framework\src\Illuminate\Database\Query\Builder.php:3853
C:\Users\ASUS\Desktop\SENA\Nueva carpeta\vendor\laravel\framework\src\Illuminate\Database\Eloquent\Builder.php:2205
C:\Users\ASUS\Desktop\SENA\Nueva carpeta\vendor\laravel\framework\src\Illuminate\Database\Eloquent\Model.php:1427
C:\Users\ASUS\Desktop\SENA\Nueva carpeta\vendor\laravel\framework\src\Illuminate\Database\Eloquent\Model.php:1392
C:\Users\ASUS\Desktop\SENA\Nueva carpeta\vendor\laravel\framework\src\Illuminate\Database\Eloquent\Model.php:1231
C:\Users\ASUS\Desktop\SENA\Nueva carpeta\vendor\laravel\framework\src\Illuminate\Database\Eloquent\Builder.php:1189
C:\Users\ASUS\Desktop\SENA\Nueva carpeta\vendor\laravel\framework\src\Illuminate\Support\helpers.php:399
C:\Users\ASUS\Desktop\SENA\Nueva carpeta\vendor\laravel\framework\src\Illuminate\Database\Eloquent\Builder.php:1188
C:\Users\ASUS\Desktop\SENA\Nueva carpeta\vendor\laravel\framework\src\Illuminate\Support\Traits\ForwardsCalls.php:23
C:\Users\ASUS\Desktop\SENA\Nueva carpeta\vendor\laravel\framework\src\Illuminate\Database\Eloquent\Model.php:2518
C:\Users\ASUS\Desktop\SENA\Nueva carpeta\vendor\laravel\framework\src\Illuminate\Database\Eloquent\Model.php:2534
C:\Users\ASUS\Desktop\SENA\Nueva carpeta\tests\Unit\UsuarioControllerUnitTest.php:262</error>
        </testcase>
        <testcase name="test_cerrar_sesion" file="C:\Users\ASUS\Desktop\SENA\Nueva carpeta\tests\Unit\UsuarioControllerUnitTest.php" line="280" class="Tests\Unit\UsuarioControllerUnitTest" classname="Tests.Unit.UsuarioControllerUnitTest" assertions="2" time="0.258039"/>
        <testcase name="test_perfil_retorna_vista" file="C:\Users\ASUS\Desktop\SENA\Nueva carpeta\tests\Unit\UsuarioControllerUnitTest.php" line="290" class="Tests\Unit\UsuarioControllerUnitTest" classname="Tests.Unit.UsuarioControllerUnitTest" assertions="0" time="0.265256">
          <error type="Illuminate\Database\QueryException">Tests\Unit\UsuarioControllerUnitTest::test_perfil_retorna_vista&#13;
Illuminate\Database\QueryException: SQLSTATE[23000]: Integrity constraint violation: 19 NOT NULL constraint failed: personas.primer_apellido (Connection: sqlite, SQL: insert into "personas" ("primer_nombre", "correo", "contrasena", "updated_at", "created_at") values (Juan, juan@test.com, password, 2025-11-28 22:42:36, 2025-11-28 22:42:36))
&#13;
C:\Users\ASUS\Desktop\SENA\Nueva carpeta\vendor\laravel\framework\src\Illuminate\Database\Connection.php:824
C:\Users\ASUS\Desktop\SENA\Nueva carpeta\vendor\laravel\framework\src\Illuminate\Database\Connection.php:778
C:\Users\ASUS\Desktop\SENA\Nueva carpeta\vendor\laravel\framework\src\Illuminate\Database\Connection.php:559
C:\Users\ASUS\Desktop\SENA\Nueva carpeta\vendor\laravel\framework\src\Illuminate\Database\Connection.php:523
C:\Users\ASUS\Desktop\SENA\Nueva carpeta\vendor\laravel\framework\src\Illuminate\Database\Query\Processors\Processor.php:32
C:\Users\ASUS\Desktop\SENA\Nueva carpeta\vendor\laravel\framework\src\Illuminate\Database\Query\Builder.php:3853
C:\Users\ASUS\Desktop\SENA\Nueva carpeta\vendor\laravel\framework\src\Illuminate\Database\Eloquent\Builder.php:2205
C:\Users\ASUS\Desktop\SENA\Nueva carpeta\vendor\laravel\framework\src\Illuminate\Database\Eloquent\Model.php:1427
C:\Users\ASUS\Desktop\SENA\Nueva carpeta\vendor\laravel\framework\src\Illuminate\Database\Eloquent\Model.php:1392
C:\Users\ASUS\Desktop\SENA\Nueva carpeta\vendor\laravel\framework\src\Illuminate\Database\Eloquent\Model.php:1231
C:\Users\ASUS\Desktop\SENA\Nueva carpeta\vendor\laravel\framework\src\Illuminate\Database\Eloquent\Builder.php:1189
C:\Users\ASUS\Desktop\SENA\Nueva carpeta\vendor\laravel\framework\src\Illuminate\Support\helpers.php:399
C:\Users\ASUS\Desktop\SENA\Nueva carpeta\vendor\laravel\framework\src\Illuminate\Database\Eloquent\Builder.php:1188
C:\Users\ASUS\Desktop\SENA\Nueva carpeta\vendor\laravel\framework\src\Illuminate\Support\Traits\ForwardsCalls.php:23
C:\Users\ASUS\Desktop\SENA\Nueva carpeta\vendor\laravel\framework\src\Illuminate\Database\Eloquent\Model.php:2518
C:\Users\ASUS\Desktop\SENA\Nueva carpeta\vendor\laravel\framework\src\Illuminate\Database\Eloquent\Model.php:2534
C:\Users\ASUS\Desktop\SENA\Nueva carpeta\tests\Unit\UsuarioControllerUnitTest.php:292</error>
        </testcase>
        <testcase name="test_update_photo_exitoso" file="C:\Users\ASUS\Desktop\SENA\Nueva carpeta\tests\Unit\UsuarioControllerUnitTest.php" line="305" class="Tests\Unit\UsuarioControllerUnitTest" classname="Tests.Unit.UsuarioControllerUnitTest" assertions="0" time="0.260060">
          <error type="Illuminate\Database\QueryException">Tests\Unit\UsuarioControllerUnitTest::test_update_photo_exitoso&#13;
Illuminate\Database\QueryException: SQLSTATE[23000]: Integrity constraint violation: 19 NOT NULL constraint failed: personas.primer_apellido (Connection: sqlite, SQL: insert into "personas" ("primer_nombre", "correo", "contrasena", "updated_at", "created_at") values (Juan, juan@test.com, password, 2025-11-28 22:42:36, 2025-11-28 22:42:36))
&#13;
C:\Users\ASUS\Desktop\SENA\Nueva carpeta\vendor\laravel\framework\src\Illuminate\Database\Connection.php:824
C:\Users\ASUS\Desktop\SENA\Nueva carpeta\vendor\laravel\framework\src\Illuminate\Database\Connection.php:778
C:\Users\ASUS\Desktop\SENA\Nueva carpeta\vendor\laravel\framework\src\Illuminate\Database\Connection.php:559
C:\Users\ASUS\Desktop\SENA\Nueva carpeta\vendor\laravel\framework\src\Illuminate\Database\Connection.php:523
C:\Users\ASUS\Desktop\SENA\Nueva carpeta\vendor\laravel\framework\src\Illuminate\Database\Query\Processors\Processor.php:32
C:\Users\ASUS\Desktop\SENA\Nueva carpeta\vendor\laravel\framework\src\Illuminate\Database\Query\Builder.php:3853
C:\Users\ASUS\Desktop\SENA\Nueva carpeta\vendor\laravel\framework\src\Illuminate\Database\Eloquent\Builder.php:2205
C:\Users\ASUS\Desktop\SENA\Nueva carpeta\vendor\laravel\framework\src\Illuminate\Database\Eloquent\Model.php:1427
C:\Users\ASUS\Desktop\SENA\Nueva carpeta\vendor\laravel\framework\src\Illuminate\Database\Eloquent\Model.php:1392
C:\Users\ASUS\Desktop\SENA\Nueva carpeta\vendor\laravel\framework\src\Illuminate\Database\Eloquent\Model.php:1231
C:\Users\ASUS\Desktop\SENA\Nueva carpeta\vendor\laravel\framework\src\Illuminate\Database\Eloquent\Builder.php:1189
C:\Users\ASUS\Desktop\SENA\Nueva carpeta\vendor\laravel\framework\src\Illuminate\Support\helpers.php:399
C:\Users\ASUS\Desktop\SENA\Nueva carpeta\vendor\laravel\framework\src\Illuminate\Database\Eloquent\Builder.php:1188
C:\Users\ASUS\Desktop\SENA\Nueva carpeta\vendor\laravel\framework\src\Illuminate\Support\Traits\ForwardsCalls.php:23
C:\Users\ASUS\Desktop\SENA\Nueva carpeta\vendor\laravel\framework\src\Illuminate\Database\Eloquent\Model.php:2518
C:\Users\ASUS\Desktop\SENA\Nueva carpeta\vendor\laravel\framework\src\Illuminate\Database\Eloquent\Model.php:2534
C:\Users\ASUS\Desktop\SENA\Nueva carpeta\tests\Unit\UsuarioControllerUnitTest.php:307</error>
        </testcase>
        <testcase name="test_update_photo_sin_sesion" file="C:\Users\ASUS\Desktop\SENA\Nueva carpeta\tests\Unit\UsuarioControllerUnitTest.php" line="329" class="Tests\Unit\UsuarioControllerUnitTest" classname="Tests.Unit.UsuarioControllerUnitTest" assertions="0" time="0.207680">
          <error type="LogicException">Tests\Unit\UsuarioControllerUnitTest::test_update_photo_sin_sesion&#13;
LogicException: GD extension is not installed.
&#13;
C:\Users\ASUS\Desktop\SENA\Nueva carpeta\vendor\laravel\framework\src\Illuminate\Http\Testing\FileFactory.php:77
C:\Users\ASUS\Desktop\SENA\Nueva carpeta\vendor\laravel\framework\src\Illuminate\Http\Testing\FileFactory.php:59
C:\Users\ASUS\Desktop\SENA\Nueva carpeta\tests\Unit\UsuarioControllerUnitTest.php:331</error>
        </testcase>
        <testcase name="test_update_photo_usuario_invitado" file="C:\Users\ASUS\Desktop\SENA\Nueva carpeta\tests\Unit\UsuarioControllerUnitTest.php" line="345" class="Tests\Unit\UsuarioControllerUnitTest" classname="Tests.Unit.UsuarioControllerUnitTest" assertions="0" time="0.302923">
          <error type="Illuminate\Database\QueryException">Tests\Unit\UsuarioControllerUnitTest::test_update_photo_usuario_invitado&#13;
Illuminate\Database\QueryException: SQLSTATE[23000]: Integrity constraint violation: 19 NOT NULL constraint failed: personas.primer_apellido (Connection: sqlite, SQL: insert into "personas" ("primer_nombre", "correo", "contrasena", "updated_at", "created_at") values (Juan, juan@test.com, password, 2025-11-28 22:42:36, 2025-11-28 22:42:36))
&#13;
C:\Users\ASUS\Desktop\SENA\Nueva carpeta\vendor\laravel\framework\src\Illuminate\Database\Connection.php:824
C:\Users\ASUS\Desktop\SENA\Nueva carpeta\vendor\laravel\framework\src\Illuminate\Database\Connection.php:778
C:\Users\ASUS\Desktop\SENA\Nueva carpeta\vendor\laravel\framework\src\Illuminate\Database\Connection.php:559
C:\Users\ASUS\Desktop\SENA\Nueva carpeta\vendor\laravel\framework\src\Illuminate\Database\Connection.php:523
C:\Users\ASUS\Desktop\SENA\Nueva carpeta\vendor\laravel\framework\src\Illuminate\Database\Query\Processors\Processor.php:32
C:\Users\ASUS\Desktop\SENA\Nueva carpeta\vendor\laravel\framework\src\Illuminate\Database\Query\Builder.php:3853
C:\Users\ASUS\Desktop\SENA\Nueva carpeta\vendor\laravel\framework\src\Illuminate\Database\Eloquent\Builder.php:2205
C:\Users\ASUS\Desktop\SENA\Nueva carpeta\vendor\laravel\framework\src\Illuminate\Database\Eloquent\Model.php:1427
C:\Users\ASUS\Desktop\SENA\Nueva carpeta\vendor\laravel\framework\src\Illuminate\Database\Eloquent\Model.php:1392
C:\Users\ASUS\Desktop\SENA\Nueva carpeta\vendor\laravel\framework\src\Illuminate\Database\Eloquent\Model.php:1231
C:\Users\ASUS\Desktop\SENA\Nueva carpeta\vendor\laravel\framework\src\Illuminate\Database\Eloquent\Builder.php:1189
C:\Users\ASUS\Desktop\SENA\Nueva carpeta\vendor\laravel\framework\src\Illuminate\Support\helpers.php:399
C:\Users\ASUS\Desktop\SENA\Nueva carpeta\vendor\laravel\framework\src\Illuminate\Database\Eloquent\Builder.php:1188
C:\Users\ASUS\Desktop\SENA\Nueva carpeta\vendor\laravel\framework\src\Illuminate\Support\Traits\ForwardsCalls.php:23
C:\Users\ASUS\Desktop\SENA\Nueva carpeta\vendor\laravel\framework\src\Illuminate\Database\Eloquent\Model.php:2518
C:\Users\ASUS\Desktop\SENA\Nueva carpeta\vendor\laravel\framework\src\Illuminate\Database\Eloquent\Model.php:2534
C:\Users\ASUS\Desktop\SENA\Nueva carpeta\tests\Unit\UsuarioControllerUnitTest.php:347</error>
        </testcase>
        <testcase name="test_update_photo_elimina_foto_anterior" file="C:\Users\ASUS\Desktop\SENA\Nueva carpeta\tests\Unit\UsuarioControllerUnitTest.php" line="369" class="Tests\Unit\UsuarioControllerUnitTest" classname="Tests.Unit.UsuarioControllerUnitTest" assertions="0" time="0.233726">
          <error type="Illuminate\Database\QueryException">Tests\Unit\UsuarioControllerUnitTest::test_update_photo_elimina_foto_anterior&#13;
Illuminate\Database\QueryException: SQLSTATE[23000]: Integrity constraint violation: 19 NOT NULL constraint failed: personas.primer_apellido (Connection: sqlite, SQL: insert into "personas" ("primer_nombre", "correo", "contrasena", "foto_perfil", "updated_at", "created_at") values (Juan, juan@test.com, password, old_perfil.jpg, 2025-11-28 22:42:37, 2025-11-28 22:42:37))
&#13;
C:\Users\ASUS\Desktop\SENA\Nueva carpeta\vendor\laravel\framework\src\Illuminate\Database\Connection.php:824
C:\Users\ASUS\Desktop\SENA\Nueva carpeta\vendor\laravel\framework\src\Illuminate\Database\Connection.php:778
C:\Users\ASUS\Desktop\SENA\Nueva carpeta\vendor\laravel\framework\src\Illuminate\Database\Connection.php:559
C:\Users\ASUS\Desktop\SENA\Nueva carpeta\vendor\laravel\framework\src\Illuminate\Database\Connection.php:523
C:\Users\ASUS\Desktop\SENA\Nueva carpeta\vendor\laravel\framework\src\Illuminate\Database\Query\Processors\Processor.php:32
C:\Users\ASUS\Desktop\SENA\Nueva carpeta\vendor\laravel\framework\src\Illuminate\Database\Query\Builder.php:3853
C:\Users\ASUS\Desktop\SENA\Nueva carpeta\vendor\laravel\framework\src\Illuminate\Database\Eloquent\Builder.php:2205
C:\Users\ASUS\Desktop\SENA\Nueva carpeta\vendor\laravel\framework\src\Illuminate\Database\Eloquent\Model.php:1427
C:\Users\ASUS\Desktop\SENA\Nueva carpeta\vendor\laravel\framework\src\Illuminate\Database\Eloquent\Model.php:1392
C:\Users\ASUS\Desktop\SENA\Nueva carpeta\vendor\laravel\framework\src\Illuminate\Database\Eloquent\Model.php:1231
C:\Users\ASUS\Desktop\SENA\Nueva carpeta\vendor\laravel\framework\src\Illuminate\Database\Eloquent\Builder.php:1189
C:\Users\ASUS\Desktop\SENA\Nueva carpeta\vendor\laravel\framework\src\Illuminate\Support\helpers.php:399
C:\Users\ASUS\Desktop\SENA\Nueva carpeta\vendor\laravel\framework\src\Illuminate\Database\Eloquent\Builder.php:1188
C:\Users\ASUS\Desktop\SENA\Nueva carpeta\vendor\laravel\framework\src\Illuminate\Support\Traits\ForwardsCalls.php:23
C:\Users\ASUS\Desktop\SENA\Nueva carpeta\vendor\laravel\framework\src\Illuminate\Database\Eloquent\Model.php:2518
C:\Users\ASUS\Desktop\SENA\Nueva carpeta\vendor\laravel\framework\src\Illuminate\Database\Eloquent\Model.php:2534
C:\Users\ASUS\Desktop\SENA\Nueva carpeta\tests\Unit\UsuarioControllerUnitTest.php:371</error>
        </testcase>
      </testsuite>
      <testsuite name="Tests\Unit\UsuarioModelTest" file="C:\Users\ASUS\Desktop\SENA\Nueva carpeta\tests\Unit\UsuarioModelTest.php" tests="5" assertions="8" errors="0" failures="0" skipped="0" time="1.167560">
        <testcase name="test_usuario_instancia_correctamente" file="C:\Users\ASUS\Desktop\SENA\Nueva carpeta\tests\Unit\UsuarioModelTest.php" line="20" class="Tests\Unit\UsuarioModelTest" classname="Tests.Unit.UsuarioModelTest" assertions="1" time="0.235427"/>
        <testcase name="test_usuario_tiene_guard_name" file="C:\Users\ASUS\Desktop\SENA\Nueva carpeta\tests\Unit\UsuarioModelTest.php" line="27" class="Tests\Unit\UsuarioModelTest" classname="Tests.Unit.UsuarioModelTest" assertions="1" time="0.260369"/>
        <testcase name="test_usuario_tabla_correcta" file="C:\Users\ASUS\Desktop\SENA\Nueva carpeta\tests\Unit\UsuarioModelTest.php" line="34" class="Tests\Unit\UsuarioModelTest" classname="Tests.Unit.UsuarioModelTest" assertions="1" time="0.248758"/>
        <testcase name="test_usuario_fillable_attributes" file="C:\Users\ASUS\Desktop\SENA\Nueva carpeta\tests\Unit\UsuarioModelTest.php" line="41" class="Tests\Unit\UsuarioModelTest" classname="Tests.Unit.UsuarioModelTest" assertions="4" time="0.217913"/>
        <testcase name="test_usuario_usa_has_roles_trait" file="C:\Users\ASUS\Desktop\SENA\Nueva carpeta\tests\Unit\UsuarioModelTest.php" line="52" class="Tests\Unit\UsuarioModelTest" classname="Tests.Unit.UsuarioModelTest" assertions="1" time="0.205093"/>
      </testsuite>
    </testsuite>
    <testsuite name="Feature" tests="1" assertions="3" errors="0" failures="0" skipped="0" time="0.466993">
      <testsuite name="Tests\Feature\ExampleTest" file="C:\Users\ASUS\Desktop\SENA\Nueva carpeta\tests\Feature\ExampleTest.php" tests="1" assertions="3" errors="0" failures="0" skipped="0" time="0.466993">
        <testcase name="test_the_application_returns_a_successful_response" file="C:\Users\ASUS\Desktop\SENA\Nueva carpeta\tests\Feature\ExampleTest.php" line="13" class="Tests\Feature\ExampleTest" classname="Tests.Feature.ExampleTest" assertions="3" time="0.466993"/>
      </testsuite>
    </testsuite>
  </testsuite>
</testsuites>
