<?xml version="1.0" encoding="UTF-8"?>
<testsuites>
  <testsuite name="C:\laragon\www\Pro-Audio\phpunit.xml" tests="931" assertions="1965" errors="0" failures="0" skipped="0" time="29.143148">
    <testsuite name="Unit" tests="659" assertions="1204" errors="0" failures="0" skipped="0" time="17.571615">
      <testsuite name="Tests\Unit\AjustesControllerUnitTest" file="C:\laragon\www\Pro-Audio\tests\Unit\AjustesControllerUnitTest.php" tests="25" assertions="69" errors="0" failures="0" skipped="0" time="1.990217">
        <testcase name="test_index_sin_parametros" file="C:\laragon\www\Pro-Audio\tests\Unit\AjustesControllerUnitTest.php" line="60" class="Tests\Unit\AjustesControllerUnitTest" classname="Tests.Unit.AjustesControllerUnitTest" assertions="8" time="0.596995"/>
        <testcase name="test_index_con_group_by_dia" file="C:\laragon\www\Pro-Audio\tests\Unit\AjustesControllerUnitTest.php" line="84" class="Tests\Unit\AjustesControllerUnitTest" classname="Tests.Unit.AjustesControllerUnitTest" assertions="3" time="0.019894"/>
        <testcase name="test_index_con_group_by_consulta" file="C:\laragon\www\Pro-Audio\tests\Unit\AjustesControllerUnitTest.php" line="95" class="Tests\Unit\AjustesControllerUnitTest" classname="Tests.Unit.AjustesControllerUnitTest" assertions="3" time="0.025116"/>
        <testcase name="test_index_con_tab_especifico" file="C:\laragon\www\Pro-Audio\tests\Unit\AjustesControllerUnitTest.php" line="106" class="Tests\Unit\AjustesControllerUnitTest" classname="Tests.Unit.AjustesControllerUnitTest" assertions="2" time="0.024235"/>
        <testcase name="test_index_con_tab_subservicios" file="C:\laragon\www\Pro-Audio\tests\Unit\AjustesControllerUnitTest.php" line="116" class="Tests\Unit\AjustesControllerUnitTest" classname="Tests.Unit.AjustesControllerUnitTest" assertions="2" time="0.027190"/>
        <testcase name="test_index_con_tab_movimientos" file="C:\laragon\www\Pro-Audio\tests\Unit\AjustesControllerUnitTest.php" line="126" class="Tests\Unit\AjustesControllerUnitTest" classname="Tests.Unit.AjustesControllerUnitTest" assertions="2" time="0.021939"/>
        <testcase name="test_index_con_tab_invalido" file="C:\laragon\www\Pro-Audio\tests\Unit\AjustesControllerUnitTest.php" line="136" class="Tests\Unit\AjustesControllerUnitTest" classname="Tests.Unit.AjustesControllerUnitTest" assertions="2" time="0.029799"/>
        <testcase name="test_index_con_cotizaciones" file="C:\laragon\www\Pro-Audio\tests\Unit\AjustesControllerUnitTest.php" line="147" class="Tests\Unit\AjustesControllerUnitTest" classname="Tests.Unit.AjustesControllerUnitTest" assertions="2" time="0.026866"/>
        <testcase name="test_export_historial_pdf_sin_group_by" file="C:\laragon\www\Pro-Audio\tests\Unit\AjustesControllerUnitTest.php" line="186" class="Tests\Unit\AjustesControllerUnitTest" classname="Tests.Unit.AjustesControllerUnitTest" assertions="2" time="0.407885"/>
        <testcase name="test_export_historial_pdf_con_group_by" file="C:\laragon\www\Pro-Audio\tests\Unit\AjustesControllerUnitTest.php" line="196" class="Tests\Unit\AjustesControllerUnitTest" classname="Tests.Unit.AjustesControllerUnitTest" assertions="2" time="0.238335"/>
        <testcase name="test_export_historial_pdf_con_group_by_consulta" file="C:\laragon\www\Pro-Audio\tests\Unit\AjustesControllerUnitTest.php" line="205" class="Tests\Unit\AjustesControllerUnitTest" classname="Tests.Unit.AjustesControllerUnitTest" assertions="2" time="0.197303"/>
        <testcase name="test_get_subservicios" file="C:\laragon\www\Pro-Audio\tests\Unit\AjustesControllerUnitTest.php" line="243" class="Tests\Unit\AjustesControllerUnitTest" classname="Tests.Unit.AjustesControllerUnitTest" assertions="4" time="0.027590"/>
        <testcase name="test_group_by_opciones_validas" file="C:\laragon\www\Pro-Audio\tests\Unit\AjustesControllerUnitTest.php" line="265" class="Tests\Unit\AjustesControllerUnitTest" classname="Tests.Unit.AjustesControllerUnitTest" assertions="3" time="0.024125"/>
        <testcase name="test_tab_opciones_validas" file="C:\laragon\www\Pro-Audio\tests\Unit\AjustesControllerUnitTest.php" line="274" class="Tests\Unit\AjustesControllerUnitTest" classname="Tests.Unit.AjustesControllerUnitTest" assertions="3" time="0.022398"/>
        <testcase name="test_active_tab_default" file="C:\laragon\www\Pro-Audio\tests\Unit\AjustesControllerUnitTest.php" line="283" class="Tests\Unit\AjustesControllerUnitTest" classname="Tests.Unit.AjustesControllerUnitTest" assertions="1" time="0.025033"/>
        <testcase name="test_active_tab_con_group_by" file="C:\laragon\www\Pro-Audio\tests\Unit\AjustesControllerUnitTest.php" line="291" class="Tests\Unit\AjustesControllerUnitTest" classname="Tests.Unit.AjustesControllerUnitTest" assertions="1" time="0.023691"/>
        <testcase name="test_group_cotizaciones_por_dia" file="C:\laragon\www\Pro-Audio\tests\Unit\AjustesControllerUnitTest.php" line="299" class="Tests\Unit\AjustesControllerUnitTest" classname="Tests.Unit.AjustesControllerUnitTest" assertions="2" time="0.028895"/>
        <testcase name="test_group_cotizaciones_por_consulta" file="C:\laragon\www\Pro-Audio\tests\Unit\AjustesControllerUnitTest.php" line="334" class="Tests\Unit\AjustesControllerUnitTest" classname="Tests.Unit.AjustesControllerUnitTest" assertions="2" time="0.030051"/>
        <testcase name="test_get_cotizaciones_metodo_privado" file="C:\laragon\www\Pro-Audio\tests\Unit\AjustesControllerUnitTest.php" line="373" class="Tests\Unit\AjustesControllerUnitTest" classname="Tests.Unit.AjustesControllerUnitTest" assertions="3" time="0.025479"/>
        <testcase name="test_group_cotizaciones_por_dia_metodo_privado" file="C:\laragon\www\Pro-Audio\tests\Unit\AjustesControllerUnitTest.php" line="406" class="Tests\Unit\AjustesControllerUnitTest" classname="Tests.Unit.AjustesControllerUnitTest" assertions="6" time="0.022540"/>
        <testcase name="test_group_cotizaciones_por_consulta_metodo_privado" file="C:\laragon\www\Pro-Audio\tests\Unit\AjustesControllerUnitTest.php" line="454" class="Tests\Unit\AjustesControllerUnitTest" classname="Tests.Unit.AjustesControllerUnitTest" assertions="8" time="0.029031"/>
        <testcase name="test_group_cotizaciones_sin_group_by" file="C:\laragon\www\Pro-Audio\tests\Unit\AjustesControllerUnitTest.php" line="497" class="Tests\Unit\AjustesControllerUnitTest" classname="Tests.Unit.AjustesControllerUnitTest" assertions="1" time="0.023173"/>
        <testcase name="test_group_cotizaciones_con_fecha_null" file="C:\laragon\www\Pro-Audio\tests\Unit\AjustesControllerUnitTest.php" line="530" class="Tests\Unit\AjustesControllerUnitTest" classname="Tests.Unit.AjustesControllerUnitTest" assertions="1" time="0.024813"/>
        <testcase name="test_group_cotizaciones_por_consulta_con_personas_id_null" file="C:\laragon\www\Pro-Audio\tests\Unit\AjustesControllerUnitTest.php" line="564" class="Tests\Unit\AjustesControllerUnitTest" classname="Tests.Unit.AjustesControllerUnitTest" assertions="1" time="0.047631"/>
        <testcase name="test_index_con_group_by_y_tab" file="C:\laragon\www\Pro-Audio\tests\Unit\AjustesControllerUnitTest.php" line="599" class="Tests\Unit\AjustesControllerUnitTest" classname="Tests.Unit.AjustesControllerUnitTest" assertions="3" time="0.020208"/>
      </testsuite>
      <testsuite name="Tests\Unit\BusquedaControllerUnitTest" file="C:\laragon\www\Pro-Audio\tests\Unit\BusquedaControllerUnitTest.php" tests="8" assertions="10" errors="0" failures="0" skipped="0" time="0.001914">
        <testcase name="test_normalizar_texto_convierte_a_minusculas" file="C:\laragon\www\Pro-Audio\tests\Unit\BusquedaControllerUnitTest.php" line="27" class="Tests\Unit\BusquedaControllerUnitTest" classname="Tests.Unit.BusquedaControllerUnitTest" assertions="1" time="0.000828"/>
        <testcase name="test_normalizar_texto_elimina_espacios_extra" file="C:\laragon\www\Pro-Audio\tests\Unit\BusquedaControllerUnitTest.php" line="33" class="Tests\Unit\BusquedaControllerUnitTest" classname="Tests.Unit.BusquedaControllerUnitTest" assertions="2" time="0.000170"/>
        <testcase name="test_normalizar_texto_corrige_animacion" file="C:\laragon\www\Pro-Audio\tests\Unit\BusquedaControllerUnitTest.php" line="43" class="Tests\Unit\BusquedaControllerUnitTest" classname="Tests.Unit.BusquedaControllerUnitTest" assertions="1" time="0.000121"/>
        <testcase name="test_normalizar_texto_corrige_animador" file="C:\laragon\www\Pro-Audio\tests\Unit\BusquedaControllerUnitTest.php" line="49" class="Tests\Unit\BusquedaControllerUnitTest" classname="Tests.Unit.BusquedaControllerUnitTest" assertions="1" time="0.000127"/>
        <testcase name="test_normalizar_texto_mantiene_alquiler" file="C:\laragon\www\Pro-Audio\tests\Unit\BusquedaControllerUnitTest.php" line="55" class="Tests\Unit\BusquedaControllerUnitTest" classname="Tests.Unit.BusquedaControllerUnitTest" assertions="1" time="0.000114"/>
        <testcase name="test_normalizar_texto_mantiene_publicidad" file="C:\laragon\www\Pro-Audio\tests\Unit\BusquedaControllerUnitTest.php" line="61" class="Tests\Unit\BusquedaControllerUnitTest" classname="Tests.Unit.BusquedaControllerUnitTest" assertions="1" time="0.000135"/>
        <testcase name="test_normalizar_texto_con_cadena_vacia" file="C:\laragon\www\Pro-Audio\tests\Unit\BusquedaControllerUnitTest.php" line="67" class="Tests\Unit\BusquedaControllerUnitTest" classname="Tests.Unit.BusquedaControllerUnitTest" assertions="1" time="0.000249"/>
        <testcase name="test_normalizar_texto_con_texto_complejo" file="C:\laragon\www\Pro-Audio\tests\Unit\BusquedaControllerUnitTest.php" line="73" class="Tests\Unit\BusquedaControllerUnitTest" classname="Tests.Unit.BusquedaControllerUnitTest" assertions="2" time="0.000169"/>
      </testsuite>
      <testsuite name="Tests\Unit\CalendarioControllerUnitTest" file="C:\laragon\www\Pro-Audio\tests\Unit\CalendarioControllerUnitTest.php" tests="3" assertions="8" errors="0" failures="0" skipped="0" time="0.001733">
        <testcase name="test_default_event_title_constante" file="C:\laragon\www\Pro-Audio\tests\Unit\CalendarioControllerUnitTest.php" line="19" class="Tests\Unit\CalendarioControllerUnitTest" classname="Tests.Unit.CalendarioControllerUnitTest" assertions="2" time="0.001520"/>
        <testcase name="test_is_admin_like_logica_administrador" file="C:\laragon\www\Pro-Audio\tests\Unit\CalendarioControllerUnitTest.php" line="30" class="Tests\Unit\CalendarioControllerUnitTest" classname="Tests.Unit.CalendarioControllerUnitTest" assertions="3" time="0.000129"/>
        <testcase name="test_is_admin_like_case_insensitive" file="C:\laragon\www\Pro-Audio\tests\Unit\CalendarioControllerUnitTest.php" line="41" class="Tests\Unit\CalendarioControllerUnitTest" classname="Tests.Unit.CalendarioControllerUnitTest" assertions="3" time="0.000084"/>
      </testsuite>
      <testsuite name="Tests\Unit\CalendarioDataServiceTest" file="C:\laragon\www\Pro-Audio\tests\Unit\CalendarioDataServiceTest.php" tests="15" assertions="43" errors="0" failures="0" skipped="0" time="0.402252">
        <testcase name="test_eliminar_duplicados_registros_sin_duplicados" file="C:\laragon\www\Pro-Audio\tests\Unit\CalendarioDataServiceTest.php" line="46" class="Tests\Unit\CalendarioDataServiceTest" classname="Tests.Unit.CalendarioDataServiceTest" assertions="1" time="0.023668"/>
        <testcase name="test_eliminar_duplicados_registros_con_duplicados" file="C:\laragon\www\Pro-Audio\tests\Unit\CalendarioDataServiceTest.php" line="75" class="Tests\Unit\CalendarioDataServiceTest" classname="Tests.Unit.CalendarioDataServiceTest" assertions="1" time="0.028633"/>
        <testcase name="test_eliminar_duplicados_registros_con_items_diferentes" file="C:\laragon\www\Pro-Audio\tests\Unit\CalendarioDataServiceTest.php" line="104" class="Tests\Unit\CalendarioDataServiceTest" classname="Tests.Unit.CalendarioDataServiceTest" assertions="1" time="0.031539"/>
        <testcase name="test_generar_clave_unica_registro" file="C:\laragon\www\Pro-Audio\tests\Unit\CalendarioDataServiceTest.php" line="171" class="Tests\Unit\CalendarioDataServiceTest" classname="Tests.Unit.CalendarioDataServiceTest" assertions="4" time="0.028082"/>
        <testcase name="test_generar_clave_unica_registro_con_items" file="C:\laragon\www\Pro-Audio\tests\Unit\CalendarioDataServiceTest.php" line="192" class="Tests\Unit\CalendarioDataServiceTest" classname="Tests.Unit.CalendarioDataServiceTest" assertions="3" time="0.026119"/>
        <testcase name="test_transformar_registro_a_data_desde_items" file="C:\laragon\www\Pro-Audio\tests\Unit\CalendarioDataServiceTest.php" line="234" class="Tests\Unit\CalendarioDataServiceTest" classname="Tests.Unit.CalendarioDataServiceTest" assertions="9" time="0.032025"/>
        <testcase name="test_transformar_registro_a_data_formato_antiguo" file="C:\laragon\www\Pro-Audio\tests\Unit\CalendarioDataServiceTest.php" line="282" class="Tests\Unit\CalendarioDataServiceTest" classname="Tests.Unit.CalendarioDataServiceTest" assertions="4" time="0.022479"/>
        <testcase name="test_transformar_registro_a_data_sin_productos" file="C:\laragon\www\Pro-Audio\tests\Unit\CalendarioDataServiceTest.php" line="320" class="Tests\Unit\CalendarioDataServiceTest" classname="Tests.Unit.CalendarioDataServiceTest" assertions="3" time="0.023862"/>
        <testcase name="test_transformar_registro_a_data_con_multiples_items" file="C:\laragon\www\Pro-Audio\tests\Unit\CalendarioDataServiceTest.php" line="342" class="Tests\Unit\CalendarioDataServiceTest" classname="Tests.Unit.CalendarioDataServiceTest" assertions="3" time="0.030455"/>
        <testcase name="test_obtener_registros_unicos" file="C:\laragon\www\Pro-Audio\tests\Unit\CalendarioDataServiceTest.php" line="406" class="Tests\Unit\CalendarioDataServiceTest" classname="Tests.Unit.CalendarioDataServiceTest" assertions="3" time="0.026533"/>
        <testcase name="test_cargar_movimientos_e_inventarios" file="C:\laragon\www\Pro-Audio\tests\Unit\CalendarioDataServiceTest.php" line="426" class="Tests\Unit\CalendarioDataServiceTest" classname="Tests.Unit.CalendarioDataServiceTest" assertions="4" time="0.024478"/>
        <testcase name="test_cargar_movimientos_e_inventarios_vacios" file="C:\laragon\www\Pro-Audio\tests\Unit\CalendarioDataServiceTest.php" line="449" class="Tests\Unit\CalendarioDataServiceTest" classname="Tests.Unit.CalendarioDataServiceTest" assertions="4" time="0.026763"/>
        <testcase name="test_transformar_registro_a_data_incluye_tiene_items" file="C:\laragon\www\Pro-Audio\tests\Unit\CalendarioDataServiceTest.php" line="463" class="Tests\Unit\CalendarioDataServiceTest" classname="Tests.Unit.CalendarioDataServiceTest" assertions="1" time="0.025232"/>
        <testcase name="test_transformar_registro_a_data_sin_items" file="C:\laragon\www\Pro-Audio\tests\Unit\CalendarioDataServiceTest.php" line="502" class="Tests\Unit\CalendarioDataServiceTest" classname="Tests.Unit.CalendarioDataServiceTest" assertions="1" time="0.025428"/>
        <testcase name="test_transformar_registro_a_data_formato_antiguo_sin_cantidad" file="C:\laragon\www\Pro-Audio\tests\Unit\CalendarioDataServiceTest.php" line="522" class="Tests\Unit\CalendarioDataServiceTest" classname="Tests.Unit.CalendarioDataServiceTest" assertions="1" time="0.026954"/>
      </testsuite>
      <testsuite name="Tests\Unit\CalendarioEventServiceTest" file="C:\laragon\www\Pro-Audio\tests\Unit\CalendarioEventServiceTest.php" tests="13" assertions="38" errors="0" failures="0" skipped="0" time="0.337379">
        <testcase name="test_construir_evento_desde_items" file="C:\laragon\www\Pro-Audio\tests\Unit\CalendarioEventServiceTest.php" line="46" class="Tests\Unit\CalendarioEventServiceTest" classname="Tests.Unit.CalendarioEventServiceTest" assertions="6" time="0.027300"/>
        <testcase name="test_construir_evento_formato_antiguo" file="C:\laragon\www\Pro-Audio\tests\Unit\CalendarioEventServiceTest.php" line="91" class="Tests\Unit\CalendarioEventServiceTest" classname="Tests.Unit.CalendarioEventServiceTest" assertions="4" time="0.025669"/>
        <testcase name="test_construir_evento_sin_items_ni_movimiento" file="C:\laragon\www\Pro-Audio\tests\Unit\CalendarioEventServiceTest.php" line="130" class="Tests\Unit\CalendarioEventServiceTest" classname="Tests.Unit.CalendarioEventServiceTest" assertions="3" time="0.020499"/>
        <testcase name="test_construir_evento_con_multiples_items" file="C:\laragon\www\Pro-Audio\tests\Unit\CalendarioEventServiceTest.php" line="152" class="Tests\Unit\CalendarioEventServiceTest" classname="Tests.Unit.CalendarioEventServiceTest" assertions="4" time="0.030691"/>
        <testcase name="test_construir_evento_con_item_sin_inventario_en_coleccion" file="C:\laragon\www\Pro-Audio\tests\Unit\CalendarioEventServiceTest.php" line="213" class="Tests\Unit\CalendarioEventServiceTest" classname="Tests.Unit.CalendarioEventServiceTest" assertions="2" time="0.024043"/>
        <testcase name="test_construir_evento_formato_antiguo_sin_cantidad" file="C:\laragon\www\Pro-Audio\tests\Unit\CalendarioEventServiceTest.php" line="254" class="Tests\Unit\CalendarioEventServiceTest" classname="Tests.Unit.CalendarioEventServiceTest" assertions="3" time="0.033459"/>
        <testcase name="test_next_palette_color_retorna_colores" file="C:\laragon\www\Pro-Audio\tests\Unit\CalendarioEventServiceTest.php" line="295" class="Tests\Unit\CalendarioEventServiceTest" classname="Tests.Unit.CalendarioEventServiceTest" assertions="5" time="0.022758"/>
        <testcase name="test_next_palette_color_rota_colores" file="C:\laragon\www\Pro-Audio\tests\Unit\CalendarioEventServiceTest.php" line="306" class="Tests\Unit\CalendarioEventServiceTest" classname="Tests.Unit.CalendarioEventServiceTest" assertions="3" time="0.027010"/>
        <testcase name="test_next_palette_color_usa_default_si_palette_vacia" file="C:\laragon\www\Pro-Audio\tests\Unit\CalendarioEventServiceTest.php" line="317" class="Tests\Unit\CalendarioEventServiceTest" classname="Tests.Unit.CalendarioEventServiceTest" assertions="2" time="0.023360"/>
        <testcase name="test_reset_palette_cursor" file="C:\laragon\www\Pro-Audio\tests\Unit\CalendarioEventServiceTest.php" line="333" class="Tests\Unit\CalendarioEventServiceTest" classname="Tests.Unit.CalendarioEventServiceTest" assertions="1" time="0.027224"/>
        <testcase name="test_construir_evento_incluye_calendario_id" file="C:\laragon\www\Pro-Audio\tests\Unit\CalendarioEventServiceTest.php" line="348" class="Tests\Unit\CalendarioEventServiceTest" classname="Tests.Unit.CalendarioEventServiceTest" assertions="1" time="0.028522"/>
        <testcase name="test_construir_evento_incluye_inventario_ids" file="C:\laragon\www\Pro-Audio\tests\Unit\CalendarioEventServiceTest.php" line="368" class="Tests\Unit\CalendarioEventServiceTest" classname="Tests.Unit.CalendarioEventServiceTest" assertions="2" time="0.022298"/>
        <testcase name="test_construir_evento_con_descripcion_evento_vacia" file="C:\laragon\www\Pro-Audio\tests\Unit\CalendarioEventServiceTest.php" line="404" class="Tests\Unit\CalendarioEventServiceTest" classname="Tests.Unit.CalendarioEventServiceTest" assertions="2" time="0.024546"/>
      </testsuite>
      <testsuite name="Tests\Unit\CalendarioValidationServiceTest" file="C:\laragon\www\Pro-Audio\tests\Unit\CalendarioValidationServiceTest.php" tests="38" assertions="62" errors="0" failures="0" skipped="0" time="0.994536">
        <testcase name="test_get_validation_rules_for_items" file="C:\laragon\www\Pro-Audio\tests\Unit\CalendarioValidationServiceTest.php" line="47" class="Tests\Unit\CalendarioValidationServiceTest" classname="Tests.Unit.CalendarioValidationServiceTest" assertions="5" time="0.029085"/>
        <testcase name="test_get_validation_messages_for_items" file="C:\laragon\www\Pro-Audio\tests\Unit\CalendarioValidationServiceTest.php" line="58" class="Tests\Unit\CalendarioValidationServiceTest" classname="Tests.Unit.CalendarioValidationServiceTest" assertions="3" time="0.025177"/>
        <testcase name="test_get_validation_rules_for_old_format" file="C:\laragon\www\Pro-Audio\tests\Unit\CalendarioValidationServiceTest.php" line="67" class="Tests\Unit\CalendarioValidationServiceTest" classname="Tests.Unit.CalendarioValidationServiceTest" assertions="3" time="0.025941"/>
        <testcase name="test_get_validation_messages_for_old_format" file="C:\laragon\www\Pro-Audio\tests\Unit\CalendarioValidationServiceTest.php" line="76" class="Tests\Unit\CalendarioValidationServiceTest" classname="Tests.Unit.CalendarioValidationServiceTest" assertions="2" time="0.023506"/>
        <testcase name="test_get_validation_rules_for_update_items" file="C:\laragon\www\Pro-Audio\tests\Unit\CalendarioValidationServiceTest.php" line="84" class="Tests\Unit\CalendarioValidationServiceTest" classname="Tests.Unit.CalendarioValidationServiceTest" assertions="3" time="0.025791"/>
        <testcase name="test_get_validation_messages_for_update_items" file="C:\laragon\www\Pro-Audio\tests\Unit\CalendarioValidationServiceTest.php" line="93" class="Tests\Unit\CalendarioValidationServiceTest" classname="Tests.Unit.CalendarioValidationServiceTest" assertions="3" time="0.024273"/>
        <testcase name="test_get_validation_rules_for_update_old_format" file="C:\laragon\www\Pro-Audio\tests\Unit\CalendarioValidationServiceTest.php" line="102" class="Tests\Unit\CalendarioValidationServiceTest" classname="Tests.Unit.CalendarioValidationServiceTest" assertions="3" time="0.027884"/>
        <testcase name="test_get_validation_messages_for_update_old_format" file="C:\laragon\www\Pro-Audio\tests\Unit\CalendarioValidationServiceTest.php" line="111" class="Tests\Unit\CalendarioValidationServiceTest" classname="Tests.Unit.CalendarioValidationServiceTest" assertions="3" time="0.028556"/>
        <testcase name="test_validar_stock_para_items_suficiente" file="C:\laragon\www\Pro-Audio\tests\Unit\CalendarioValidationServiceTest.php" line="120" class="Tests\Unit\CalendarioValidationServiceTest" classname="Tests.Unit.CalendarioValidationServiceTest" assertions="1" time="0.023665"/>
        <testcase name="test_validar_stock_para_items_inventario_no_existe" file="C:\laragon\www\Pro-Audio\tests\Unit\CalendarioValidationServiceTest.php" line="140" class="Tests\Unit\CalendarioValidationServiceTest" classname="Tests.Unit.CalendarioValidationServiceTest" assertions="1" time="0.024113"/>
        <testcase name="test_validar_stock_para_items_stock_insuficiente" file="C:\laragon\www\Pro-Audio\tests\Unit\CalendarioValidationServiceTest.php" line="155" class="Tests\Unit\CalendarioValidationServiceTest" classname="Tests.Unit.CalendarioValidationServiceTest" assertions="1" time="0.028453"/>
        <testcase name="test_calcular_reservadas" file="C:\laragon\www\Pro-Audio\tests\Unit\CalendarioValidationServiceTest.php" line="175" class="Tests\Unit\CalendarioValidationServiceTest" classname="Tests.Unit.CalendarioValidationServiceTest" assertions="1" time="0.024848"/>
        <testcase name="test_calcular_reservadas_excluyendo" file="C:\laragon\www\Pro-Audio\tests\Unit\CalendarioValidationServiceTest.php" line="209" class="Tests\Unit\CalendarioValidationServiceTest" classname="Tests.Unit.CalendarioValidationServiceTest" assertions="1" time="0.026340"/>
        <testcase name="test_validar_stock_para_items_con_reservas_existentes" file="C:\laragon\www\Pro-Audio\tests\Unit\CalendarioValidationServiceTest.php" line="261" class="Tests\Unit\CalendarioValidationServiceTest" classname="Tests.Unit.CalendarioValidationServiceTest" assertions="1" time="0.029967"/>
        <testcase name="test_validar_stock_para_items_con_reservas_insuficiente" file="C:\laragon\www\Pro-Audio\tests\Unit\CalendarioValidationServiceTest.php" line="303" class="Tests\Unit\CalendarioValidationServiceTest" classname="Tests.Unit.CalendarioValidationServiceTest" assertions="1" time="0.024894"/>
        <testcase name="test_validar_stock_para_items_con_cantidad_default" file="C:\laragon\www\Pro-Audio\tests\Unit\CalendarioValidationServiceTest.php" line="345" class="Tests\Unit\CalendarioValidationServiceTest" classname="Tests.Unit.CalendarioValidationServiceTest" assertions="1" time="0.026742"/>
        <testcase name="test_validar_stock_para_items_con_stock_cero" file="C:\laragon\www\Pro-Audio\tests\Unit\CalendarioValidationServiceTest.php" line="365" class="Tests\Unit\CalendarioValidationServiceTest" classname="Tests.Unit.CalendarioValidationServiceTest" assertions="1" time="0.038797"/>
        <testcase name="test_validar_stock_para_items_con_multiples_items" file="C:\laragon\www\Pro-Audio\tests\Unit\CalendarioValidationServiceTest.php" line="385" class="Tests\Unit\CalendarioValidationServiceTest" classname="Tests.Unit.CalendarioValidationServiceTest" assertions="1" time="0.020978"/>
        <testcase name="test_validar_stock_para_items_con_producto_descripcion_vacia" file="C:\laragon\www\Pro-Audio\tests\Unit\CalendarioValidationServiceTest.php" line="411" class="Tests\Unit\CalendarioValidationServiceTest" classname="Tests.Unit.CalendarioValidationServiceTest" assertions="1" time="0.025771"/>
        <testcase name="test_validar_stock_para_actualizacion_suficiente" file="C:\laragon\www\Pro-Audio\tests\Unit\CalendarioValidationServiceTest.php" line="435" class="Tests\Unit\CalendarioValidationServiceTest" classname="Tests.Unit.CalendarioValidationServiceTest" assertions="1" time="0.023144"/>
        <testcase name="test_validar_stock_para_actualizacion_inventario_no_existe" file="C:\laragon\www\Pro-Audio\tests\Unit\CalendarioValidationServiceTest.php" line="479" class="Tests\Unit\CalendarioValidationServiceTest" classname="Tests.Unit.CalendarioValidationServiceTest" assertions="1" time="0.027901"/>
        <testcase name="test_validar_stock_para_actualizacion_stock_insuficiente" file="C:\laragon\www\Pro-Audio\tests\Unit\CalendarioValidationServiceTest.php" line="504" class="Tests\Unit\CalendarioValidationServiceTest" classname="Tests.Unit.CalendarioValidationServiceTest" assertions="1" time="0.024799"/>
        <testcase name="test_validar_stock_para_actualizacion_con_cantidad_default" file="C:\laragon\www\Pro-Audio\tests\Unit\CalendarioValidationServiceTest.php" line="563" class="Tests\Unit\CalendarioValidationServiceTest" classname="Tests.Unit.CalendarioValidationServiceTest" assertions="1" time="0.023376"/>
        <testcase name="test_validar_stock_para_actualizacion_con_cantidad_actual_cero" file="C:\laragon\www\Pro-Audio\tests\Unit\CalendarioValidationServiceTest.php" line="593" class="Tests\Unit\CalendarioValidationServiceTest" classname="Tests.Unit.CalendarioValidationServiceTest" assertions="1" time="0.028816"/>
        <testcase name="test_validar_stock_para_actualizacion_con_items_actuales_vacio" file="C:\laragon\www\Pro-Audio\tests\Unit\CalendarioValidationServiceTest.php" line="623" class="Tests\Unit\CalendarioValidationServiceTest" classname="Tests.Unit.CalendarioValidationServiceTest" assertions="1" time="0.022879"/>
        <testcase name="test_validar_stock_para_actualizacion_con_multiples_items" file="C:\laragon\www\Pro-Audio\tests\Unit\CalendarioValidationServiceTest.php" line="653" class="Tests\Unit\CalendarioValidationServiceTest" classname="Tests.Unit.CalendarioValidationServiceTest" assertions="1" time="0.025801"/>
        <testcase name="test_calcular_reservadas_sin_reservas" file="C:\laragon\www\Pro-Audio\tests\Unit\CalendarioValidationServiceTest.php" line="696" class="Tests\Unit\CalendarioValidationServiceTest" classname="Tests.Unit.CalendarioValidationServiceTest" assertions="1" time="0.032121"/>
        <testcase name="test_calcular_reservadas_con_fechas_no_solapadas" file="C:\laragon\www\Pro-Audio\tests\Unit\CalendarioValidationServiceTest.php" line="708" class="Tests\Unit\CalendarioValidationServiceTest" classname="Tests.Unit.CalendarioValidationServiceTest" assertions="1" time="0.025757"/>
        <testcase name="test_calcular_reservadas_con_fechas_solapadas_parcialmente" file="C:\laragon\www\Pro-Audio\tests\Unit\CalendarioValidationServiceTest.php" line="742" class="Tests\Unit\CalendarioValidationServiceTest" classname="Tests.Unit.CalendarioValidationServiceTest" assertions="1" time="0.025399"/>
        <testcase name="test_calcular_reservadas_con_multiples_reservas" file="C:\laragon\www\Pro-Audio\tests\Unit\CalendarioValidationServiceTest.php" line="776" class="Tests\Unit\CalendarioValidationServiceTest" classname="Tests.Unit.CalendarioValidationServiceTest" assertions="1" time="0.027780"/>
        <testcase name="test_calcular_reservadas_con_fecha_inicio_igual_fecha_fin" file="C:\laragon\www\Pro-Audio\tests\Unit\CalendarioValidationServiceTest.php" line="824" class="Tests\Unit\CalendarioValidationServiceTest" classname="Tests.Unit.CalendarioValidationServiceTest" assertions="1" time="0.027034"/>
        <testcase name="test_calcular_reservadas_excluyendo_sin_reservas" file="C:\laragon\www\Pro-Audio\tests\Unit\CalendarioValidationServiceTest.php" line="863" class="Tests\Unit\CalendarioValidationServiceTest" classname="Tests.Unit.CalendarioValidationServiceTest" assertions="1" time="0.021774"/>
        <testcase name="test_calcular_reservadas_excluyendo_excluye_correcto" file="C:\laragon\www\Pro-Audio\tests\Unit\CalendarioValidationServiceTest.php" line="883" class="Tests\Unit\CalendarioValidationServiceTest" classname="Tests.Unit.CalendarioValidationServiceTest" assertions="1" time="0.025266"/>
        <testcase name="test_calcular_reservadas_excluyendo_con_fechas_no_solapadas" file="C:\laragon\www\Pro-Audio\tests\Unit\CalendarioValidationServiceTest.php" line="932" class="Tests\Unit\CalendarioValidationServiceTest" classname="Tests.Unit.CalendarioValidationServiceTest" assertions="1" time="0.030511"/>
        <testcase name="test_calcular_reservadas_excluyendo_con_multiples_reservas" file="C:\laragon\www\Pro-Audio\tests\Unit\CalendarioValidationServiceTest.php" line="966" class="Tests\Unit\CalendarioValidationServiceTest" classname="Tests.Unit.CalendarioValidationServiceTest" assertions="1" time="0.024945"/>
        <testcase name="test_get_validation_rules_for_update_items_incluye_servicio" file="C:\laragon\www\Pro-Audio\tests\Unit\CalendarioValidationServiceTest.php" line="1033" class="Tests\Unit\CalendarioValidationServiceTest" classname="Tests.Unit.CalendarioValidationServiceTest" assertions="3" time="0.022992"/>
        <testcase name="test_get_validation_messages_for_update_items_mergea_mensajes" file="C:\laragon\www\Pro-Audio\tests\Unit\CalendarioValidationServiceTest.php" line="1046" class="Tests\Unit\CalendarioValidationServiceTest" classname="Tests.Unit.CalendarioValidationServiceTest" assertions="3" time="0.026216"/>
        <testcase name="test_get_validation_messages_for_update_old_format_mergea_mensajes" file="C:\laragon\www\Pro-Audio\tests\Unit\CalendarioValidationServiceTest.php" line="1059" class="Tests\Unit\CalendarioValidationServiceTest" classname="Tests.Unit.CalendarioValidationServiceTest" assertions="4" time="0.023241"/>
      </testsuite>
      <testsuite name="Tests\Unit\ChatbotControllerUnitTest" file="C:\laragon\www\Pro-Audio\tests\Unit\ChatbotControllerUnitTest.php" tests="9" assertions="11" errors="0" failures="0" skipped="0" time="0.270081">
        <testcase name="test_controller_can_be_instantiated" file="C:\laragon\www\Pro-Audio\tests\Unit\ChatbotControllerUnitTest.php" line="71" class="Tests\Unit\ChatbotControllerUnitTest" classname="Tests.Unit.ChatbotControllerUnitTest" assertions="1" time="0.041810"/>
        <testcase name="test_index_retorna_vista" file="C:\laragon\www\Pro-Audio\tests\Unit\ChatbotControllerUnitTest.php" line="76" class="Tests\Unit\ChatbotControllerUnitTest" classname="Tests.Unit.ChatbotControllerUnitTest" assertions="1" time="0.018849"/>
        <testcase name="test_enviar_procesa_mensaje" file="C:\laragon\www\Pro-Audio\tests\Unit\ChatbotControllerUnitTest.php" line="83" class="Tests\Unit\ChatbotControllerUnitTest" classname="Tests.Unit.ChatbotControllerUnitTest" assertions="1" time="0.041607"/>
        <testcase name="test_enviar_procesa_seleccion" file="C:\laragon\www\Pro-Audio\tests\Unit\ChatbotControllerUnitTest.php" line="116" class="Tests\Unit\ChatbotControllerUnitTest" classname="Tests.Unit.ChatbotControllerUnitTest" assertions="1" time="0.029863"/>
        <testcase name="test_enviar_maneja_error" file="C:\laragon\www\Pro-Audio\tests\Unit\ChatbotControllerUnitTest.php" line="171" class="Tests\Unit\ChatbotControllerUnitTest" classname="Tests.Unit.ChatbotControllerUnitTest" assertions="1" time="0.037044"/>
        <testcase name="test_enviar_procesa_seleccion_vacio" file="C:\laragon\www\Pro-Audio\tests\Unit\ChatbotControllerUnitTest.php" line="201" class="Tests\Unit\ChatbotControllerUnitTest" classname="Tests.Unit.ChatbotControllerUnitTest" assertions="1" time="0.022772"/>
        <testcase name="test_enviar_confirm_intencion" file="C:\laragon\www\Pro-Audio\tests\Unit\ChatbotControllerUnitTest.php" line="237" class="Tests\Unit\ChatbotControllerUnitTest" classname="Tests.Unit.ChatbotControllerUnitTest" assertions="1" time="0.026212"/>
        <testcase name="test_enviar_limpiar_cotizacion" file="C:\laragon\www\Pro-Audio\tests\Unit\ChatbotControllerUnitTest.php" line="267" class="Tests\Unit\ChatbotControllerUnitTest" classname="Tests.Unit.ChatbotControllerUnitTest" assertions="2" time="0.025070"/>
        <testcase name="test_enviar_terminar_cotizacion" file="C:\laragon\www\Pro-Audio\tests\Unit\ChatbotControllerUnitTest.php" line="284" class="Tests\Unit\ChatbotControllerUnitTest" classname="Tests.Unit.ChatbotControllerUnitTest" assertions="2" time="0.026854"/>
      </testsuite>
      <testsuite name="Tests\Unit\ChatbotIntentionDetectorTest" file="C:\laragon\www\Pro-Audio\tests\Unit\ChatbotIntentionDetectorTest.php" tests="80" assertions="157" errors="0" failures="0" skipped="0" time="2.044857">
        <testcase name="test_detectar_intenciones_vacio" file="C:\laragon\www\Pro-Audio\tests\Unit\ChatbotIntentionDetectorTest.php" line="37" class="Tests\Unit\ChatbotIntentionDetectorTest" classname="Tests.Unit.ChatbotIntentionDetectorTest" assertions="2" time="0.021692"/>
        <testcase name="test_detectar_intenciones_alquiler" file="C:\laragon\www\Pro-Audio\tests\Unit\ChatbotIntentionDetectorTest.php" line="44" class="Tests\Unit\ChatbotIntentionDetectorTest" classname="Tests.Unit.ChatbotIntentionDetectorTest" assertions="2" time="0.025953"/>
        <testcase name="test_detectar_intenciones_animacion" file="C:\laragon\www\Pro-Audio\tests\Unit\ChatbotIntentionDetectorTest.php" line="51" class="Tests\Unit\ChatbotIntentionDetectorTest" classname="Tests.Unit.ChatbotIntentionDetectorTest" assertions="2" time="0.025914"/>
        <testcase name="test_detectar_intenciones_publicidad" file="C:\laragon\www\Pro-Audio\tests\Unit\ChatbotIntentionDetectorTest.php" line="58" class="Tests\Unit\ChatbotIntentionDetectorTest" classname="Tests.Unit.ChatbotIntentionDetectorTest" assertions="2" time="0.022983"/>
        <testcase name="test_detectar_intenciones_multiples" file="C:\laragon\www\Pro-Audio\tests\Unit\ChatbotIntentionDetectorTest.php" line="65" class="Tests\Unit\ChatbotIntentionDetectorTest" classname="Tests.Unit.ChatbotIntentionDetectorTest" assertions="3" time="0.023236"/>
        <testcase name="test_validar_intenciones_contra_mensaje_valida_alquiler" file="C:\laragon\www\Pro-Audio\tests\Unit\ChatbotIntentionDetectorTest.php" line="76" class="Tests\Unit\ChatbotIntentionDetectorTest" classname="Tests.Unit.ChatbotIntentionDetectorTest" assertions="1" time="0.029319"/>
        <testcase name="test_validar_intenciones_contra_mensaje_invalida_alquiler" file="C:\laragon\www\Pro-Audio\tests\Unit\ChatbotIntentionDetectorTest.php" line="85" class="Tests\Unit\ChatbotIntentionDetectorTest" classname="Tests.Unit.ChatbotIntentionDetectorTest" assertions="1" time="0.020660"/>
        <testcase name="test_validar_intenciones_contra_mensaje_con_animacion" file="C:\laragon\www\Pro-Audio\tests\Unit\ChatbotIntentionDetectorTest.php" line="94" class="Tests\Unit\ChatbotIntentionDetectorTest" classname="Tests.Unit.ChatbotIntentionDetectorTest" assertions="1" time="0.023431"/>
        <testcase name="test_validar_intenciones_contra_mensaje_con_publicidad" file="C:\laragon\www\Pro-Audio\tests\Unit\ChatbotIntentionDetectorTest.php" line="103" class="Tests\Unit\ChatbotIntentionDetectorTest" classname="Tests.Unit.ChatbotIntentionDetectorTest" assertions="1" time="0.024229"/>
        <testcase name="test_validar_intenciones_contra_mensaje_vacio" file="C:\laragon\www\Pro-Audio\tests\Unit\ChatbotIntentionDetectorTest.php" line="112" class="Tests\Unit\ChatbotIntentionDetectorTest" classname="Tests.Unit.ChatbotIntentionDetectorTest" assertions="1" time="0.023990"/>
        <testcase name="test_validar_intenciones_contra_mensaje_multiples" file="C:\laragon\www\Pro-Audio\tests\Unit\ChatbotIntentionDetectorTest.php" line="121" class="Tests\Unit\ChatbotIntentionDetectorTest" classname="Tests.Unit.ChatbotIntentionDetectorTest" assertions="3" time="0.023736"/>
        <testcase name="test_es_relacionado_con_alquiler" file="C:\laragon\www\Pro-Audio\tests\Unit\ChatbotIntentionDetectorTest.php" line="135" class="Tests\Unit\ChatbotIntentionDetectorTest" classname="Tests.Unit.ChatbotIntentionDetectorTest" assertions="1" time="0.025510"/>
        <testcase name="test_es_relacionado_con_animacion" file="C:\laragon\www\Pro-Audio\tests\Unit\ChatbotIntentionDetectorTest.php" line="141" class="Tests\Unit\ChatbotIntentionDetectorTest" classname="Tests.Unit.ChatbotIntentionDetectorTest" assertions="1" time="0.024456"/>
        <testcase name="test_es_relacionado_con_publicidad" file="C:\laragon\www\Pro-Audio\tests\Unit\ChatbotIntentionDetectorTest.php" line="147" class="Tests\Unit\ChatbotIntentionDetectorTest" classname="Tests.Unit.ChatbotIntentionDetectorTest" assertions="1" time="0.030108"/>
        <testcase name="test_es_relacionado_con_mensaje_vacio" file="C:\laragon\www\Pro-Audio\tests\Unit\ChatbotIntentionDetectorTest.php" line="153" class="Tests\Unit\ChatbotIntentionDetectorTest" classname="Tests.Unit.ChatbotIntentionDetectorTest" assertions="1" time="0.032223"/>
        <testcase name="test_es_relacionado_con_mensaje_no_relacionado" file="C:\laragon\www\Pro-Audio\tests\Unit\ChatbotIntentionDetectorTest.php" line="160" class="Tests\Unit\ChatbotIntentionDetectorTest" classname="Tests.Unit.ChatbotIntentionDetectorTest" assertions="1" time="0.020728"/>
        <testcase name="test_es_relacionado_case_insensitive" file="C:\laragon\www\Pro-Audio\tests\Unit\ChatbotIntentionDetectorTest.php" line="167" class="Tests\Unit\ChatbotIntentionDetectorTest" classname="Tests.Unit.ChatbotIntentionDetectorTest" assertions="2" time="0.026452"/>
        <testcase name="test_clasificar_por_tfidf_con_cadena_vacia" file="C:\laragon\www\Pro-Audio\tests\Unit\ChatbotIntentionDetectorTest.php" line="180" class="Tests\Unit\ChatbotIntentionDetectorTest" classname="Tests.Unit.ChatbotIntentionDetectorTest" assertions="2" time="0.027146"/>
        <testcase name="test_clasificar_por_tfidf_retorna_array" file="C:\laragon\www\Pro-Audio\tests\Unit\ChatbotIntentionDetectorTest.php" line="187" class="Tests\Unit\ChatbotIntentionDetectorTest" classname="Tests.Unit.ChatbotIntentionDetectorTest" assertions="1" time="0.023688"/>
        <testcase name="test_clasificar_por_tfidf_con_texto_solo_espacios" file="C:\laragon\www\Pro-Audio\tests\Unit\ChatbotIntentionDetectorTest.php" line="195" class="Tests\Unit\ChatbotIntentionDetectorTest" classname="Tests.Unit.ChatbotIntentionDetectorTest" assertions="2" time="0.025395"/>
        <testcase name="test_validar_intenciones_contra_mensaje_con_intencion_no_en_explicitas" file="C:\laragon\www\Pro-Audio\tests\Unit\ChatbotIntentionDetectorTest.php" line="206" class="Tests\Unit\ChatbotIntentionDetectorTest" classname="Tests.Unit.ChatbotIntentionDetectorTest" assertions="2" time="0.024390"/>
        <testcase name="test_validar_intenciones_contra_mensaje_con_intencion_valida_pero_no_en_mensaje" file="C:\laragon\www\Pro-Audio\tests\Unit\ChatbotIntentionDetectorTest.php" line="218" class="Tests\Unit\ChatbotIntentionDetectorTest" classname="Tests.Unit.ChatbotIntentionDetectorTest" assertions="1" time="0.025887"/>
        <testcase name="test_detectar_intenciones_con_palabras_fuertes" file="C:\laragon\www\Pro-Audio\tests\Unit\ChatbotIntentionDetectorTest.php" line="228" class="Tests\Unit\ChatbotIntentionDetectorTest" classname="Tests.Unit.ChatbotIntentionDetectorTest" assertions="2" time="0.024198"/>
        <testcase name="test_detectar_intenciones_con_puntaje_alto" file="C:\laragon\www\Pro-Audio\tests\Unit\ChatbotIntentionDetectorTest.php" line="237" class="Tests\Unit\ChatbotIntentionDetectorTest" classname="Tests.Unit.ChatbotIntentionDetectorTest" assertions="2" time="0.027051"/>
        <testcase name="test_detectar_intenciones_ordenadas_por_puntaje" file="C:\laragon\www\Pro-Audio\tests\Unit\ChatbotIntentionDetectorTest.php" line="245" class="Tests\Unit\ChatbotIntentionDetectorTest" classname="Tests.Unit.ChatbotIntentionDetectorTest" assertions="3" time="0.028508"/>
        <testcase name="test_es_relacionado_retorna_false_cuando_no_hay_palabras_clave" file="C:\laragon\www\Pro-Audio\tests\Unit\ChatbotIntentionDetectorTest.php" line="254" class="Tests\Unit\ChatbotIntentionDetectorTest" classname="Tests.Unit.ChatbotIntentionDetectorTest" assertions="1" time="0.020567"/>
        <testcase name="test_detectar_intenciones_con_palabra_explicita" file="C:\laragon\www\Pro-Audio\tests\Unit\ChatbotIntentionDetectorTest.php" line="260" class="Tests\Unit\ChatbotIntentionDetectorTest" classname="Tests.Unit.ChatbotIntentionDetectorTest" assertions="2" time="0.025830"/>
        <testcase name="test_detectar_intenciones_con_maestro_ceremonias" file="C:\laragon\www\Pro-Audio\tests\Unit\ChatbotIntentionDetectorTest.php" line="268" class="Tests\Unit\ChatbotIntentionDetectorTest" classname="Tests.Unit.ChatbotIntentionDetectorTest" assertions="2" time="0.021376"/>
        <testcase name="test_detectar_intenciones_con_par_led" file="C:\laragon\www\Pro-Audio\tests\Unit\ChatbotIntentionDetectorTest.php" line="276" class="Tests\Unit\ChatbotIntentionDetectorTest" classname="Tests.Unit.ChatbotIntentionDetectorTest" assertions="2" time="0.029124"/>
        <testcase name="test_detectar_intenciones_con_cumpleanos" file="C:\laragon\www\Pro-Audio\tests\Unit\ChatbotIntentionDetectorTest.php" line="284" class="Tests\Unit\ChatbotIntentionDetectorTest" classname="Tests.Unit.ChatbotIntentionDetectorTest" assertions="2" time="0.022270"/>
        <testcase name="test_detectar_intenciones_con_locucion" file="C:\laragon\www\Pro-Audio\tests\Unit\ChatbotIntentionDetectorTest.php" line="292" class="Tests\Unit\ChatbotIntentionDetectorTest" classname="Tests.Unit.ChatbotIntentionDetectorTest" assertions="2" time="0.023562"/>
        <testcase name="test_detectar_intenciones_con_equipo_sonido" file="C:\laragon\www\Pro-Audio\tests\Unit\ChatbotIntentionDetectorTest.php" line="300" class="Tests\Unit\ChatbotIntentionDetectorTest" classname="Tests.Unit.ChatbotIntentionDetectorTest" assertions="2" time="0.028263"/>
        <testcase name="test_validar_intenciones_con_palabra_clave_en_mensaje" file="C:\laragon\www\Pro-Audio\tests\Unit\ChatbotIntentionDetectorTest.php" line="308" class="Tests\Unit\ChatbotIntentionDetectorTest" classname="Tests.Unit.ChatbotIntentionDetectorTest" assertions="1" time="0.021819"/>
        <testcase name="test_validar_intenciones_con_multiples_palabras_clave" file="C:\laragon\www\Pro-Audio\tests\Unit\ChatbotIntentionDetectorTest.php" line="318" class="Tests\Unit\ChatbotIntentionDetectorTest" classname="Tests.Unit.ChatbotIntentionDetectorTest" assertions="3" time="0.026548"/>
        <testcase name="test_es_relacionado_con_palabra_clave_parcial" file="C:\laragon\www\Pro-Audio\tests\Unit\ChatbotIntentionDetectorTest.php" line="329" class="Tests\Unit\ChatbotIntentionDetectorTest" classname="Tests.Unit.ChatbotIntentionDetectorTest" assertions="1" time="0.021474"/>
        <testcase name="test_detectar_intenciones_case_insensitive" file="C:\laragon\www\Pro-Audio\tests\Unit\ChatbotIntentionDetectorTest.php" line="336" class="Tests\Unit\ChatbotIntentionDetectorTest" classname="Tests.Unit.ChatbotIntentionDetectorTest" assertions="2" time="0.025503"/>
        <testcase name="test_detectar_intenciones_con_acentos" file="C:\laragon\www\Pro-Audio\tests\Unit\ChatbotIntentionDetectorTest.php" line="344" class="Tests\Unit\ChatbotIntentionDetectorTest" classname="Tests.Unit.ChatbotIntentionDetectorTest" assertions="2" time="0.023497"/>
        <testcase name="test_detectar_intenciones_con_puntaje_exacto_dos" file="C:\laragon\www\Pro-Audio\tests\Unit\ChatbotIntentionDetectorTest.php" line="356" class="Tests\Unit\ChatbotIntentionDetectorTest" classname="Tests.Unit.ChatbotIntentionDetectorTest" assertions="2" time="0.027016"/>
        <testcase name="test_detectar_intenciones_con_puntaje_uno_y_palabra_explicita_animacion" file="C:\laragon\www\Pro-Audio\tests\Unit\ChatbotIntentionDetectorTest.php" line="365" class="Tests\Unit\ChatbotIntentionDetectorTest" classname="Tests.Unit.ChatbotIntentionDetectorTest" assertions="2" time="0.025680"/>
        <testcase name="test_detectar_intenciones_con_puntaje_uno_y_palabra_fuerte_publicidad" file="C:\laragon\www\Pro-Audio\tests\Unit\ChatbotIntentionDetectorTest.php" line="373" class="Tests\Unit\ChatbotIntentionDetectorTest" classname="Tests.Unit.ChatbotIntentionDetectorTest" assertions="2" time="0.020731"/>
        <testcase name="test_detectar_intenciones_sin_puntaje_suficiente" file="C:\laragon\www\Pro-Audio\tests\Unit\ChatbotIntentionDetectorTest.php" line="381" class="Tests\Unit\ChatbotIntentionDetectorTest" classname="Tests.Unit.ChatbotIntentionDetectorTest" assertions="1" time="0.027588"/>
        <testcase name="test_detectar_intenciones_con_palabra_en_limite_palabra" file="C:\laragon\www\Pro-Audio\tests\Unit\ChatbotIntentionDetectorTest.php" line="389" class="Tests\Unit\ChatbotIntentionDetectorTest" classname="Tests.Unit.ChatbotIntentionDetectorTest" assertions="2" time="0.021617"/>
        <testcase name="test_detectar_intenciones_ordenamiento_por_puntaje" file="C:\laragon\www\Pro-Audio\tests\Unit\ChatbotIntentionDetectorTest.php" line="397" class="Tests\Unit\ChatbotIntentionDetectorTest" classname="Tests.Unit.ChatbotIntentionDetectorTest" assertions="3" time="0.038690"/>
        <testcase name="test_detectar_intenciones_con_todas_las_palabras_clave_alquiler" file="C:\laragon\www\Pro-Audio\tests\Unit\ChatbotIntentionDetectorTest.php" line="409" class="Tests\Unit\ChatbotIntentionDetectorTest" classname="Tests.Unit.ChatbotIntentionDetectorTest" assertions="2" time="0.020063"/>
        <testcase name="test_detectar_intenciones_con_todas_las_palabras_clave_animacion" file="C:\laragon\www\Pro-Audio\tests\Unit\ChatbotIntentionDetectorTest.php" line="417" class="Tests\Unit\ChatbotIntentionDetectorTest" classname="Tests.Unit.ChatbotIntentionDetectorTest" assertions="2" time="0.024684"/>
        <testcase name="test_detectar_intenciones_con_todas_las_palabras_clave_publicidad" file="C:\laragon\www\Pro-Audio\tests\Unit\ChatbotIntentionDetectorTest.php" line="425" class="Tests\Unit\ChatbotIntentionDetectorTest" classname="Tests.Unit.ChatbotIntentionDetectorTest" assertions="2" time="0.024448"/>
        <testcase name="test_validar_intenciones_con_intencion_no_valida" file="C:\laragon\www\Pro-Audio\tests\Unit\ChatbotIntentionDetectorTest.php" line="433" class="Tests\Unit\ChatbotIntentionDetectorTest" classname="Tests.Unit.ChatbotIntentionDetectorTest" assertions="2" time="0.026419"/>
        <testcase name="test_validar_intenciones_con_palabra_clave_al_inicio" file="C:\laragon\www\Pro-Audio\tests\Unit\ChatbotIntentionDetectorTest.php" line="444" class="Tests\Unit\ChatbotIntentionDetectorTest" classname="Tests.Unit.ChatbotIntentionDetectorTest" assertions="1" time="0.023588"/>
        <testcase name="test_validar_intenciones_con_palabra_clave_al_final" file="C:\laragon\www\Pro-Audio\tests\Unit\ChatbotIntentionDetectorTest.php" line="454" class="Tests\Unit\ChatbotIntentionDetectorTest" classname="Tests.Unit.ChatbotIntentionDetectorTest" assertions="1" time="0.024224"/>
        <testcase name="test_validar_intenciones_con_palabra_clave_en_medio" file="C:\laragon\www\Pro-Audio\tests\Unit\ChatbotIntentionDetectorTest.php" line="464" class="Tests\Unit\ChatbotIntentionDetectorTest" classname="Tests.Unit.ChatbotIntentionDetectorTest" assertions="1" time="0.027063"/>
        <testcase name="test_validar_intenciones_con_palabra_clave_con_acentos" file="C:\laragon\www\Pro-Audio\tests\Unit\ChatbotIntentionDetectorTest.php" line="474" class="Tests\Unit\ChatbotIntentionDetectorTest" classname="Tests.Unit.ChatbotIntentionDetectorTest" assertions="1" time="0.021125"/>
        <testcase name="test_es_relacionado_con_variaciones_de_palabras" file="C:\laragon\www\Pro-Audio\tests\Unit\ChatbotIntentionDetectorTest.php" line="484" class="Tests\Unit\ChatbotIntentionDetectorTest" classname="Tests.Unit.ChatbotIntentionDetectorTest" assertions="17" time="0.030600"/>
        <testcase name="test_es_relacionado_con_palabras_no_relacionadas" file="C:\laragon\www\Pro-Audio\tests\Unit\ChatbotIntentionDetectorTest.php" line="513" class="Tests\Unit\ChatbotIntentionDetectorTest" classname="Tests.Unit.ChatbotIntentionDetectorTest" assertions="8" time="0.020746"/>
        <testcase name="test_es_relacionado_con_palabras_clave_en_mayusculas" file="C:\laragon\www\Pro-Audio\tests\Unit\ChatbotIntentionDetectorTest.php" line="533" class="Tests\Unit\ChatbotIntentionDetectorTest" classname="Tests.Unit.ChatbotIntentionDetectorTest" assertions="1" time="0.024678"/>
        <testcase name="test_es_relacionado_con_palabras_clave_mixtas" file="C:\laragon\www\Pro-Audio\tests\Unit\ChatbotIntentionDetectorTest.php" line="540" class="Tests\Unit\ChatbotIntentionDetectorTest" classname="Tests.Unit.ChatbotIntentionDetectorTest" assertions="1" time="0.024016"/>
        <testcase name="test_detectar_intenciones_con_palabras_compuestas" file="C:\laragon\www\Pro-Audio\tests\Unit\ChatbotIntentionDetectorTest.php" line="547" class="Tests\Unit\ChatbotIntentionDetectorTest" classname="Tests.Unit.ChatbotIntentionDetectorTest" assertions="2" time="0.024366"/>
        <testcase name="test_detectar_intenciones_con_mensaje_muy_largo" file="C:\laragon\www\Pro-Audio\tests\Unit\ChatbotIntentionDetectorTest.php" line="555" class="Tests\Unit\ChatbotIntentionDetectorTest" classname="Tests.Unit.ChatbotIntentionDetectorTest" assertions="3" time="0.025827"/>
        <testcase name="test_detectar_intenciones_con_palabras_repetidas" file="C:\laragon\www\Pro-Audio\tests\Unit\ChatbotIntentionDetectorTest.php" line="564" class="Tests\Unit\ChatbotIntentionDetectorTest" classname="Tests.Unit.ChatbotIntentionDetectorTest" assertions="2" time="0.027114"/>
        <testcase name="test_detectar_intenciones_con_puntuacion" file="C:\laragon\www\Pro-Audio\tests\Unit\ChatbotIntentionDetectorTest.php" line="572" class="Tests\Unit\ChatbotIntentionDetectorTest" classname="Tests.Unit.ChatbotIntentionDetectorTest" assertions="3" time="0.021182"/>
        <testcase name="test_detectar_intenciones_con_numeros" file="C:\laragon\www\Pro-Audio\tests\Unit\ChatbotIntentionDetectorTest.php" line="580" class="Tests\Unit\ChatbotIntentionDetectorTest" classname="Tests.Unit.ChatbotIntentionDetectorTest" assertions="3" time="0.027823"/>
        <testcase name="test_validar_intenciones_con_mensaje_vacio" file="C:\laragon\www\Pro-Audio\tests\Unit\ChatbotIntentionDetectorTest.php" line="588" class="Tests\Unit\ChatbotIntentionDetectorTest" classname="Tests.Unit.ChatbotIntentionDetectorTest" assertions="2" time="0.019686"/>
        <testcase name="test_validar_intenciones_con_mensaje_solo_espacios" file="C:\laragon\www\Pro-Audio\tests\Unit\ChatbotIntentionDetectorTest.php" line="599" class="Tests\Unit\ChatbotIntentionDetectorTest" classname="Tests.Unit.ChatbotIntentionDetectorTest" assertions="2" time="0.026626"/>
        <testcase name="test_validar_intenciones_con_palabra_clave_como_parte_de_otra_palabra" file="C:\laragon\www\Pro-Audio\tests\Unit\ChatbotIntentionDetectorTest.php" line="610" class="Tests\Unit\ChatbotIntentionDetectorTest" classname="Tests.Unit.ChatbotIntentionDetectorTest" assertions="1" time="0.020959"/>
        <testcase name="test_detectar_intenciones_con_servicio_que_no_existe" file="C:\laragon\www\Pro-Audio\tests\Unit\ChatbotIntentionDetectorTest.php" line="622" class="Tests\Unit\ChatbotIntentionDetectorTest" classname="Tests.Unit.ChatbotIntentionDetectorTest" assertions="1" time="0.026028"/>
        <testcase name="test_clasificar_por_tfidf_con_texto_normalizado" file="C:\laragon\www\Pro-Audio\tests\Unit\ChatbotIntentionDetectorTest.php" line="634" class="Tests\Unit\ChatbotIntentionDetectorTest" classname="Tests.Unit.ChatbotIntentionDetectorTest" assertions="1" time="0.021794"/>
        <testcase name="test_clasificar_por_tfidf_con_caracteres_especiales" file="C:\laragon\www\Pro-Audio\tests\Unit\ChatbotIntentionDetectorTest.php" line="641" class="Tests\Unit\ChatbotIntentionDetectorTest" classname="Tests.Unit.ChatbotIntentionDetectorTest" assertions="1" time="0.025787"/>
        <testcase name="test_clasificar_por_tfidf_con_datos_en_bd" file="C:\laragon\www\Pro-Audio\tests\Unit\ChatbotIntentionDetectorTest.php" line="648" class="Tests\Unit\ChatbotIntentionDetectorTest" classname="Tests.Unit.ChatbotIntentionDetectorTest" assertions="1" time="0.024247"/>
        <testcase name="test_clasificar_por_tfidf_con_multiples_servicios" file="C:\laragon\www\Pro-Audio\tests\Unit\ChatbotIntentionDetectorTest.php" line="672" class="Tests\Unit\ChatbotIntentionDetectorTest" classname="Tests.Unit.ChatbotIntentionDetectorTest" assertions="1" time="0.025816"/>
        <testcase name="test_clasificar_por_tfidf_con_score_bajo" file="C:\laragon\www\Pro-Audio\tests\Unit\ChatbotIntentionDetectorTest.php" line="705" class="Tests\Unit\ChatbotIntentionDetectorTest" classname="Tests.Unit.ChatbotIntentionDetectorTest" assertions="1" time="0.023445"/>
        <testcase name="test_clasificar_por_tfidf_con_excepcion_en_cache" file="C:\laragon\www\Pro-Audio\tests\Unit\ChatbotIntentionDetectorTest.php" line="727" class="Tests\Unit\ChatbotIntentionDetectorTest" classname="Tests.Unit.ChatbotIntentionDetectorTest" assertions="1" time="0.026336"/>
        <testcase name="test_clasificar_por_tfidf_con_tokens_vacios" file="C:\laragon\www\Pro-Audio\tests\Unit\ChatbotIntentionDetectorTest.php" line="736" class="Tests\Unit\ChatbotIntentionDetectorTest" classname="Tests.Unit.ChatbotIntentionDetectorTest" assertions="2" time="0.026586"/>
        <testcase name="test_clasificar_por_tfidf_con_stopwords_solo" file="C:\laragon\www\Pro-Audio\tests\Unit\ChatbotIntentionDetectorTest.php" line="744" class="Tests\Unit\ChatbotIntentionDetectorTest" classname="Tests.Unit.ChatbotIntentionDetectorTest" assertions="2" time="0.035213"/>
        <testcase name="test_clasificar_por_tfidf_con_cache_vacio" file="C:\laragon\www\Pro-Audio\tests\Unit\ChatbotIntentionDetectorTest.php" line="752" class="Tests\Unit\ChatbotIntentionDetectorTest" classname="Tests.Unit.ChatbotIntentionDetectorTest" assertions="1" time="0.020098"/>
        <testcase name="test_detectar_intenciones_con_tfidf_fallback" file="C:\laragon\www\Pro-Audio\tests\Unit\ChatbotIntentionDetectorTest.php" line="760" class="Tests\Unit\ChatbotIntentionDetectorTest" classname="Tests.Unit.ChatbotIntentionDetectorTest" assertions="1" time="0.022665"/>
        <testcase name="test_detectar_intenciones_con_palabras_stopwords" file="C:\laragon\www\Pro-Audio\tests\Unit\ChatbotIntentionDetectorTest.php" line="769" class="Tests\Unit\ChatbotIntentionDetectorTest" classname="Tests.Unit.ChatbotIntentionDetectorTest" assertions="2" time="0.025440"/>
        <testcase name="test_detectar_intenciones_con_orden_diferente" file="C:\laragon\www\Pro-Audio\tests\Unit\ChatbotIntentionDetectorTest.php" line="778" class="Tests\Unit\ChatbotIntentionDetectorTest" classname="Tests.Unit.ChatbotIntentionDetectorTest" assertions="4" time="0.025722"/>
        <testcase name="test_validar_intenciones_con_break_early" file="C:\laragon\www\Pro-Audio\tests\Unit\ChatbotIntentionDetectorTest.php" line="790" class="Tests\Unit\ChatbotIntentionDetectorTest" classname="Tests.Unit.ChatbotIntentionDetectorTest" assertions="2" time="0.039089"/>
        <testcase name="test_detectar_intenciones_con_cache_palabras" file="C:\laragon\www\Pro-Audio\tests\Unit\ChatbotIntentionDetectorTest.php" line="801" class="Tests\Unit\ChatbotIntentionDetectorTest" classname="Tests.Unit.ChatbotIntentionDetectorTest" assertions="2" time="0.030985"/>
        <testcase name="test_detectar_intenciones_con_puntaje_cero" file="C:\laragon\www\Pro-Audio\tests\Unit\ChatbotIntentionDetectorTest.php" line="812" class="Tests\Unit\ChatbotIntentionDetectorTest" classname="Tests.Unit.ChatbotIntentionDetectorTest" assertions="1" time="0.037215"/>
        <testcase name="test_es_relacionado_con_palabra_clave_con_guiones" file="C:\laragon\www\Pro-Audio\tests\Unit\ChatbotIntentionDetectorTest.php" line="820" class="Tests\Unit\ChatbotIntentionDetectorTest" classname="Tests.Unit.ChatbotIntentionDetectorTest" assertions="1" time="0.041114"/>
      </testsuite>
      <testsuite name="Tests\Unit\ChatbotMessageProcessorTest" file="C:\laragon\www\Pro-Audio\tests\Unit\ChatbotMessageProcessorTest.php" tests="34" assertions="43" errors="0" failures="0" skipped="0" time="0.877986">
        <testcase name="test_procesar_mensaje_texto_vacio" file="C:\laragon\www\Pro-Audio\tests\Unit\ChatbotMessageProcessorTest.php" line="65" class="Tests\Unit\ChatbotMessageProcessorTest" classname="Tests.Unit.ChatbotMessageProcessorTest" assertions="1" time="0.031492"/>
        <testcase name="test_procesar_mensaje_texto_con_catalogo" file="C:\laragon\www\Pro-Audio\tests\Unit\ChatbotMessageProcessorTest.php" line="88" class="Tests\Unit\ChatbotMessageProcessorTest" classname="Tests.Unit.ChatbotMessageProcessorTest" assertions="1" time="0.019878"/>
        <testcase name="test_procesar_mensaje_texto_fuera_de_tema" file="C:\laragon\www\Pro-Audio\tests\Unit\ChatbotMessageProcessorTest.php" line="114" class="Tests\Unit\ChatbotMessageProcessorTest" classname="Tests.Unit.ChatbotMessageProcessorTest" assertions="2" time="0.025122"/>
        <testcase name="test_procesar_mensaje_texto_con_intenciones" file="C:\laragon\www\Pro-Audio\tests\Unit\ChatbotMessageProcessorTest.php" line="151" class="Tests\Unit\ChatbotMessageProcessorTest" classname="Tests.Unit.ChatbotMessageProcessorTest" assertions="1" time="0.029207"/>
        <testcase name="test_procesar_mensaje_texto_con_actualizacion_dias" file="C:\laragon\www\Pro-Audio\tests\Unit\ChatbotMessageProcessorTest.php" line="209" class="Tests\Unit\ChatbotMessageProcessorTest" classname="Tests.Unit.ChatbotMessageProcessorTest" assertions="1" time="0.022187"/>
        <testcase name="test_procesar_mensaje_texto_buscar_subservicios" file="C:\laragon\www\Pro-Audio\tests\Unit\ChatbotMessageProcessorTest.php" line="265" class="Tests\Unit\ChatbotMessageProcessorTest" classname="Tests.Unit.ChatbotMessageProcessorTest" assertions="1" time="0.026490"/>
        <testcase name="test_procesar_mensaje_texto_con_continuacion" file="C:\laragon\www\Pro-Audio\tests\Unit\ChatbotMessageProcessorTest.php" line="326" class="Tests\Unit\ChatbotMessageProcessorTest" classname="Tests.Unit.ChatbotMessageProcessorTest" assertions="1" time="0.027421"/>
        <testcase name="test_procesar_mensaje_texto_con_dias_y_selecciones" file="C:\laragon\www\Pro-Audio\tests\Unit\ChatbotMessageProcessorTest.php" line="397" class="Tests\Unit\ChatbotMessageProcessorTest" classname="Tests.Unit.ChatbotMessageProcessorTest" assertions="1" time="0.022874"/>
        <testcase name="test_procesar_mensaje_texto_error_en_actualizacion_dias" file="C:\laragon\www\Pro-Audio\tests\Unit\ChatbotMessageProcessorTest.php" line="454" class="Tests\Unit\ChatbotMessageProcessorTest" classname="Tests.Unit.ChatbotMessageProcessorTest" assertions="1" time="0.026238"/>
        <testcase name="test_procesar_mensaje_texto_con_intenciones_sesion" file="C:\laragon\www\Pro-Audio\tests\Unit\ChatbotMessageProcessorTest.php" line="507" class="Tests\Unit\ChatbotMessageProcessorTest" classname="Tests.Unit.ChatbotMessageProcessorTest" assertions="1" time="0.024019"/>
        <testcase name="test_procesar_mensaje_texto_con_ml_intent" file="C:\laragon\www\Pro-Audio\tests\Unit\ChatbotMessageProcessorTest.php" line="571" class="Tests\Unit\ChatbotMessageProcessorTest" classname="Tests.Unit.ChatbotMessageProcessorTest" assertions="1" time="0.029315"/>
        <testcase name="test_procesar_mensaje_texto_con_agregado" file="C:\laragon\www\Pro-Audio\tests\Unit\ChatbotMessageProcessorTest.php" line="633" class="Tests\Unit\ChatbotMessageProcessorTest" classname="Tests.Unit.ChatbotMessageProcessorTest" assertions="1" time="0.022662"/>
        <testcase name="test_procesar_mensaje_texto_nueva_consulta" file="C:\laragon\www\Pro-Audio\tests\Unit\ChatbotMessageProcessorTest.php" line="693" class="Tests\Unit\ChatbotMessageProcessorTest" classname="Tests.Unit.ChatbotMessageProcessorTest" assertions="1" time="0.041852"/>
        <testcase name="test_procesar_mensaje_texto_con_dias_y_continuacion" file="C:\laragon\www\Pro-Audio\tests\Unit\ChatbotMessageProcessorTest.php" line="753" class="Tests\Unit\ChatbotMessageProcessorTest" classname="Tests.Unit.ChatbotMessageProcessorTest" assertions="1" time="0.021534"/>
        <testcase name="test_procesar_mensaje_texto_fuera_de_tema_con_selecciones" file="C:\laragon\www\Pro-Audio\tests\Unit\ChatbotMessageProcessorTest.php" line="824" class="Tests\Unit\ChatbotMessageProcessorTest" classname="Tests.Unit.ChatbotMessageProcessorTest" assertions="1" time="0.027532"/>
        <testcase name="test_procesar_mensaje_texto_actualizacion_dias_items_vacios" file="C:\laragon\www\Pro-Audio\tests\Unit\ChatbotMessageProcessorTest.php" line="900" class="Tests\Unit\ChatbotMessageProcessorTest" classname="Tests.Unit.ChatbotMessageProcessorTest" assertions="1" time="0.022872"/>
        <testcase name="test_procesar_mensaje_texto_buscar_subservicios_con_mensaje_vacio" file="C:\laragon\www\Pro-Audio\tests\Unit\ChatbotMessageProcessorTest.php" line="956" class="Tests\Unit\ChatbotMessageProcessorTest" classname="Tests.Unit.ChatbotMessageProcessorTest" assertions="1" time="0.026405"/>
        <testcase name="test_procesar_mensaje_texto_con_catalogo_corregido" file="C:\laragon\www\Pro-Audio\tests\Unit\ChatbotMessageProcessorTest.php" line="982" class="Tests\Unit\ChatbotMessageProcessorTest" classname="Tests.Unit.ChatbotMessageProcessorTest" assertions="1" time="0.022809"/>
        <testcase name="test_procesar_mensaje_texto_con_actualizacion_dias_dias_cero" file="C:\laragon\www\Pro-Audio\tests\Unit\ChatbotMessageProcessorTest.php" line="1007" class="Tests\Unit\ChatbotMessageProcessorTest" classname="Tests.Unit.ChatbotMessageProcessorTest" assertions="1" time="0.025961"/>
        <testcase name="test_procesar_mensaje_texto_con_intenciones_vacias_y_no_relacionado" file="C:\laragon\www\Pro-Audio\tests\Unit\ChatbotMessageProcessorTest.php" line="1082" class="Tests\Unit\ChatbotMessageProcessorTest" classname="Tests.Unit.ChatbotMessageProcessorTest" assertions="1" time="0.023913"/>
        <testcase name="test_procesar_mensaje_texto_con_sugerencia_aplicada" file="C:\laragon\www\Pro-Audio\tests\Unit\ChatbotMessageProcessorTest.php" line="1137" class="Tests\Unit\ChatbotMessageProcessorTest" classname="Tests.Unit.ChatbotMessageProcessorTest" assertions="1" time="0.025953"/>
        <testcase name="test_procesar_mensaje_texto_con_error_en_sugerencias" file="C:\laragon\www\Pro-Audio\tests\Unit\ChatbotMessageProcessorTest.php" line="1197" class="Tests\Unit\ChatbotMessageProcessorTest" classname="Tests.Unit.ChatbotMessageProcessorTest" assertions="1" time="0.026361"/>
        <testcase name="test_procesar_mensaje_texto_fuera_de_tema_con_selecciones_y_dias" file="C:\laragon\www\Pro-Audio\tests\Unit\ChatbotMessageProcessorTest.php" line="1256" class="Tests\Unit\ChatbotMessageProcessorTest" classname="Tests.Unit.ChatbotMessageProcessorTest" assertions="1" time="0.021154"/>
        <testcase name="test_procesar_mensaje_texto_con_detectar_intenciones_sesion_y_dias" file="C:\laragon\www\Pro-Audio\tests\Unit\ChatbotMessageProcessorTest.php" line="1313" class="Tests\Unit\ChatbotMessageProcessorTest" classname="Tests.Unit.ChatbotMessageProcessorTest" assertions="1" time="0.027286"/>
        <testcase name="test_procesar_mensaje_texto_buscar_subservicios_con_mensaje_corregido_vacio" file="C:\laragon\www\Pro-Audio\tests\Unit\ChatbotMessageProcessorTest.php" line="1378" class="Tests\Unit\ChatbotMessageProcessorTest" classname="Tests.Unit.ChatbotMessageProcessorTest" assertions="2" time="0.021205"/>
        <testcase name="test_procesar_mensaje_texto_responder_con_intenciones_sin_sugerencia_aplicada" file="C:\laragon\www\Pro-Audio\tests\Unit\ChatbotMessageProcessorTest.php" line="1446" class="Tests\Unit\ChatbotMessageProcessorTest" classname="Tests.Unit.ChatbotMessageProcessorTest" assertions="1" time="0.027328"/>
        <testcase name="test_procesar_mensaje_texto_obtener_sugerencias_con_error" file="C:\laragon\www\Pro-Audio\tests\Unit\ChatbotMessageProcessorTest.php" line="1503" class="Tests\Unit\ChatbotMessageProcessorTest" classname="Tests.Unit.ChatbotMessageProcessorTest" assertions="2" time="0.021646"/>
        <testcase name="test_procesar_mensaje_texto_calcular_dias_para_respuesta_con_mensaje_vacio" file="C:\laragon\www\Pro-Audio\tests\Unit\ChatbotMessageProcessorTest.php" line="1544" class="Tests\Unit\ChatbotMessageProcessorTest" classname="Tests.Unit.ChatbotMessageProcessorTest" assertions="1" time="0.023362"/>
        <testcase name="test_procesar_mensaje_texto_calcular_dias_para_respuesta_con_dias_mayor_cero" file="C:\laragon\www\Pro-Audio\tests\Unit\ChatbotMessageProcessorTest.php" line="1571" class="Tests\Unit\ChatbotMessageProcessorTest" classname="Tests.Unit.ChatbotMessageProcessorTest" assertions="1" time="0.026660"/>
        <testcase name="test_procesar_mensaje_texto_combinar_intenciones_con_agregado_y_sesion" file="C:\laragon\www\Pro-Audio\tests\Unit\ChatbotMessageProcessorTest.php" line="1632" class="Tests\Unit\ChatbotMessageProcessorTest" classname="Tests.Unit.ChatbotMessageProcessorTest" assertions="3" time="0.023182"/>
        <testcase name="test_procesar_mensaje_texto_combinar_intenciones_nueva_consulta_limpia_selecciones" file="C:\laragon\www\Pro-Audio\tests\Unit\ChatbotMessageProcessorTest.php" line="1693" class="Tests\Unit\ChatbotMessageProcessorTest" classname="Tests.Unit.ChatbotMessageProcessorTest" assertions="2" time="0.028465"/>
        <testcase name="test_procesar_mensaje_texto_verificar_mensaje_fuera_de_tema_con_solo_dias_y_selecciones" file="C:\laragon\www\Pro-Audio\tests\Unit\ChatbotMessageProcessorTest.php" line="1755" class="Tests\Unit\ChatbotMessageProcessorTest" classname="Tests.Unit.ChatbotMessageProcessorTest" assertions="1" time="0.022572"/>
        <testcase name="test_procesar_mensaje_texto_es_solicitud_catalogo_con_acento_en_original_y_corregido" file="C:\laragon\www\Pro-Audio\tests\Unit\ChatbotMessageProcessorTest.php" line="1812" class="Tests\Unit\ChatbotMessageProcessorTest" classname="Tests.Unit.ChatbotMessageProcessorTest" assertions="3" time="0.025699"/>
        <testcase name="test_procesar_mensaje_texto_buscar_subservicios_con_mensaje_corregido_no_vacio" file="C:\laragon\www\Pro-Audio\tests\Unit\ChatbotMessageProcessorTest.php" line="1844" class="Tests\Unit\ChatbotMessageProcessorTest" classname="Tests.Unit.ChatbotMessageProcessorTest" assertions="2" time="0.037328"/>
      </testsuite>
      <testsuite name="Tests\Unit\ChatbotResponseBuilderTest" file="C:\laragon\www\Pro-Audio\tests\Unit\ChatbotResponseBuilderTest.php" tests="53" assertions="108" errors="0" failures="0" skipped="0" time="1.333709">
        <testcase name="test_responder_con_opciones" file="C:\laragon\www\Pro-Audio\tests\Unit\ChatbotResponseBuilderTest.php" line="37" class="Tests\Unit\ChatbotResponseBuilderTest" classname="Tests.Unit.ChatbotResponseBuilderTest" assertions="3" time="0.021019"/>
        <testcase name="test_mostrar_catalogo_json_sin_dias" file="C:\laragon\www\Pro-Audio\tests\Unit\ChatbotResponseBuilderTest.php" line="53" class="Tests\Unit\ChatbotResponseBuilderTest" classname="Tests.Unit.ChatbotResponseBuilderTest" assertions="4" time="0.027393"/>
        <testcase name="test_mostrar_catalogo_json_con_dias" file="C:\laragon\www\Pro-Audio\tests\Unit\ChatbotResponseBuilderTest.php" line="64" class="Tests\Unit\ChatbotResponseBuilderTest" classname="Tests.Unit.ChatbotResponseBuilderTest" assertions="3" time="0.022201"/>
        <testcase name="test_responder_opciones" file="C:\laragon\www\Pro-Audio\tests\Unit\ChatbotResponseBuilderTest.php" line="78" class="Tests\Unit\ChatbotResponseBuilderTest" classname="Tests.Unit.ChatbotResponseBuilderTest" assertions="5" time="0.024136"/>
        <testcase name="test_solicitar_confirmacion_intencion_sin_hint" file="C:\laragon\www\Pro-Audio\tests\Unit\ChatbotResponseBuilderTest.php" line="99" class="Tests\Unit\ChatbotResponseBuilderTest" classname="Tests.Unit.ChatbotResponseBuilderTest" assertions="4" time="0.025563"/>
        <testcase name="test_solicitar_confirmacion_intencion_con_hint" file="C:\laragon\www\Pro-Audio\tests\Unit\ChatbotResponseBuilderTest.php" line="116" class="Tests\Unit\ChatbotResponseBuilderTest" classname="Tests.Unit.ChatbotResponseBuilderTest" assertions="2" time="0.023282"/>
        <testcase name="test_solicitar_confirmacion_intencion_con_dias" file="C:\laragon\www\Pro-Audio\tests\Unit\ChatbotResponseBuilderTest.php" line="133" class="Tests\Unit\ChatbotResponseBuilderTest" classname="Tests.Unit.ChatbotResponseBuilderTest" assertions="2" time="0.026168"/>
        <testcase name="test_mostrar_opciones_con_intenciones_sin_dias" file="C:\laragon\www\Pro-Audio\tests\Unit\ChatbotResponseBuilderTest.php" line="152" class="Tests\Unit\ChatbotResponseBuilderTest" classname="Tests.Unit.ChatbotResponseBuilderTest" assertions="2" time="0.023474"/>
        <testcase name="test_mostrar_opciones_con_intenciones_con_dias" file="C:\laragon\www\Pro-Audio\tests\Unit\ChatbotResponseBuilderTest.php" line="172" class="Tests\Unit\ChatbotResponseBuilderTest" classname="Tests.Unit.ChatbotResponseBuilderTest" assertions="2" time="0.028281"/>
        <testcase name="test_mostrar_opciones_con_intenciones_multiples_dias" file="C:\laragon\www\Pro-Audio\tests\Unit\ChatbotResponseBuilderTest.php" line="192" class="Tests\Unit\ChatbotResponseBuilderTest" classname="Tests.Unit.ChatbotResponseBuilderTest" assertions="2" time="0.022219"/>
        <testcase name="test_responder_cotizacion_un_dia" file="C:\laragon\www\Pro-Audio\tests\Unit\ChatbotResponseBuilderTest.php" line="216" class="Tests\Unit\ChatbotResponseBuilderTest" classname="Tests.Unit.ChatbotResponseBuilderTest" assertions="5" time="0.026889"/>
        <testcase name="test_responder_cotizacion_multiples_dias" file="C:\laragon\www\Pro-Audio\tests\Unit\ChatbotResponseBuilderTest.php" line="233" class="Tests\Unit\ChatbotResponseBuilderTest" classname="Tests.Unit.ChatbotResponseBuilderTest" assertions="5" time="0.024198"/>
        <testcase name="test_construir_detalle_cotizacion" file="C:\laragon\www\Pro-Audio\tests\Unit\ChatbotResponseBuilderTest.php" line="253" class="Tests\Unit\ChatbotResponseBuilderTest" classname="Tests.Unit.ChatbotResponseBuilderTest" assertions="7" time="0.024558"/>
        <testcase name="test_construir_detalle_cotizacion_con_array" file="C:\laragon\www\Pro-Audio\tests\Unit\ChatbotResponseBuilderTest.php" line="271" class="Tests\Unit\ChatbotResponseBuilderTest" classname="Tests.Unit.ChatbotResponseBuilderTest" assertions="2" time="0.024426"/>
        <testcase name="test_construir_detalle_cotizacion_mensaje_plural" file="C:\laragon\www\Pro-Audio\tests\Unit\ChatbotResponseBuilderTest.php" line="284" class="Tests\Unit\ChatbotResponseBuilderTest" classname="Tests.Unit.ChatbotResponseBuilderTest" assertions="2" time="0.026633"/>
        <testcase name="test_construir_detalle_cotizacion_mensaje_singular" file="C:\laragon\www\Pro-Audio\tests\Unit\ChatbotResponseBuilderTest.php" line="296" class="Tests\Unit\ChatbotResponseBuilderTest" classname="Tests.Unit.ChatbotResponseBuilderTest" assertions="1" time="0.022125"/>
        <testcase name="test_sub_servicios_query_estructura" file="C:\laragon\www\Pro-Audio\tests\Unit\ChatbotResponseBuilderTest.php" line="311" class="Tests\Unit\ChatbotResponseBuilderTest" classname="Tests.Unit.ChatbotResponseBuilderTest" assertions="1" time="0.025573"/>
        <testcase name="test_ordenar_sub_servicios_estructura" file="C:\laragon\www\Pro-Audio\tests\Unit\ChatbotResponseBuilderTest.php" line="318" class="Tests\Unit\ChatbotResponseBuilderTest" classname="Tests.Unit.ChatbotResponseBuilderTest" assertions="1" time="0.022951"/>
        <testcase name="test_formatear_opciones_con_items" file="C:\laragon\www\Pro-Audio\tests\Unit\ChatbotResponseBuilderTest.php" line="326" class="Tests\Unit\ChatbotResponseBuilderTest" classname="Tests.Unit.ChatbotResponseBuilderTest" assertions="2" time="0.031197"/>
        <testcase name="test_formatear_opciones_con_array" file="C:\laragon\www\Pro-Audio\tests\Unit\ChatbotResponseBuilderTest.php" line="350" class="Tests\Unit\ChatbotResponseBuilderTest" classname="Tests.Unit.ChatbotResponseBuilderTest" assertions="1" time="0.021130"/>
        <testcase name="test_construir_detalle_cotizacion_mostrar_dias_siempre" file="C:\laragon\www\Pro-Audio\tests\Unit\ChatbotResponseBuilderTest.php" line="363" class="Tests\Unit\ChatbotResponseBuilderTest" classname="Tests.Unit.ChatbotResponseBuilderTest" assertions="1" time="0.024090"/>
        <testcase name="test_responder_cotizacion_con_mostrar_dias_siempre" file="C:\laragon\www\Pro-Audio\tests\Unit\ChatbotResponseBuilderTest.php" line="374" class="Tests\Unit\ChatbotResponseBuilderTest" classname="Tests.Unit.ChatbotResponseBuilderTest" assertions="1" time="0.024487"/>
        <testcase name="test_solicitar_confirmacion_intencion_sin_dias" file="C:\laragon\www\Pro-Audio\tests\Unit\ChatbotResponseBuilderTest.php" line="386" class="Tests\Unit\ChatbotResponseBuilderTest" classname="Tests.Unit.ChatbotResponseBuilderTest" assertions="1" time="0.040180"/>
        <testcase name="test_solicitar_confirmacion_intencion_con_hint_vacio" file="C:\laragon\www\Pro-Audio\tests\Unit\ChatbotResponseBuilderTest.php" line="400" class="Tests\Unit\ChatbotResponseBuilderTest" classname="Tests.Unit.ChatbotResponseBuilderTest" assertions="1" time="0.022253"/>
        <testcase name="test_solicitar_confirmacion_intencion_con_hint_token_vacio" file="C:\laragon\www\Pro-Audio\tests\Unit\ChatbotResponseBuilderTest.php" line="414" class="Tests\Unit\ChatbotResponseBuilderTest" classname="Tests.Unit.ChatbotResponseBuilderTest" assertions="1" time="0.026915"/>
        <testcase name="test_responder_opciones_sin_dias" file="C:\laragon\www\Pro-Audio\tests\Unit\ChatbotResponseBuilderTest.php" line="430" class="Tests\Unit\ChatbotResponseBuilderTest" classname="Tests.Unit.ChatbotResponseBuilderTest" assertions="1" time="0.026172"/>
        <testcase name="test_construir_detalle_cotizacion_un_dia_sin_mostrar_total" file="C:\laragon\www\Pro-Audio\tests\Unit\ChatbotResponseBuilderTest.php" line="442" class="Tests\Unit\ChatbotResponseBuilderTest" classname="Tests.Unit.ChatbotResponseBuilderTest" assertions="2" time="0.020221"/>
        <testcase name="test_construir_detalle_cotizacion_multiples_dias_sin_mostrar_dias_siempre" file="C:\laragon\www\Pro-Audio\tests\Unit\ChatbotResponseBuilderTest.php" line="454" class="Tests\Unit\ChatbotResponseBuilderTest" classname="Tests.Unit.ChatbotResponseBuilderTest" assertions="1" time="0.027404"/>
        <testcase name="test_mostrar_catalogo_json_con_selecciones" file="C:\laragon\www\Pro-Audio\tests\Unit\ChatbotResponseBuilderTest.php" line="465" class="Tests\Unit\ChatbotResponseBuilderTest" classname="Tests.Unit.ChatbotResponseBuilderTest" assertions="1" time="0.029048"/>
        <testcase name="test_formatear_opciones_con_items_vacios" file="C:\laragon\www\Pro-Audio\tests\Unit\ChatbotResponseBuilderTest.php" line="481" class="Tests\Unit\ChatbotResponseBuilderTest" classname="Tests.Unit.ChatbotResponseBuilderTest" assertions="2" time="0.022130"/>
        <testcase name="test_formatear_opciones_con_multiple_servicios" file="C:\laragon\www\Pro-Audio\tests\Unit\ChatbotResponseBuilderTest.php" line="492" class="Tests\Unit\ChatbotResponseBuilderTest" classname="Tests.Unit.ChatbotResponseBuilderTest" assertions="2" time="0.029396"/>
        <testcase name="test_responder_cotizacion_con_items_array" file="C:\laragon\www\Pro-Audio\tests\Unit\ChatbotResponseBuilderTest.php" line="518" class="Tests\Unit\ChatbotResponseBuilderTest" classname="Tests.Unit.ChatbotResponseBuilderTest" assertions="1" time="0.020248"/>
        <testcase name="test_formatear_opciones_ordena_por_servicio" file="C:\laragon\www\Pro-Audio\tests\Unit\ChatbotResponseBuilderTest.php" line="535" class="Tests\Unit\ChatbotResponseBuilderTest" classname="Tests.Unit.ChatbotResponseBuilderTest" assertions="2" time="0.029469"/>
        <testcase name="test_formatear_opciones_ordena_items_por_nombre" file="C:\laragon\www\Pro-Audio\tests\Unit\ChatbotResponseBuilderTest.php" line="565" class="Tests\Unit\ChatbotResponseBuilderTest" classname="Tests.Unit.ChatbotResponseBuilderTest" assertions="1" time="0.022810"/>
        <testcase name="test_formatear_opciones_con_items_array_y_servicio" file="C:\laragon\www\Pro-Audio\tests\Unit\ChatbotResponseBuilderTest.php" line="594" class="Tests\Unit\ChatbotResponseBuilderTest" classname="Tests.Unit.ChatbotResponseBuilderTest" assertions="3" time="0.025804"/>
        <testcase name="test_formatear_opciones_con_items_objeto_y_nombre_servicio" file="C:\laragon\www\Pro-Audio\tests\Unit\ChatbotResponseBuilderTest.php" line="609" class="Tests\Unit\ChatbotResponseBuilderTest" classname="Tests.Unit.ChatbotResponseBuilderTest" assertions="2" time="0.027475"/>
        <testcase name="test_construir_detalle_cotizacion_con_precio_cero" file="C:\laragon\www\Pro-Audio\tests\Unit\ChatbotResponseBuilderTest.php" line="634" class="Tests\Unit\ChatbotResponseBuilderTest" classname="Tests.Unit.ChatbotResponseBuilderTest" assertions="2" time="0.022878"/>
        <testcase name="test_construir_detalle_cotizacion_con_precio_decimal" file="C:\laragon\www\Pro-Audio\tests\Unit\ChatbotResponseBuilderTest.php" line="646" class="Tests\Unit\ChatbotResponseBuilderTest" classname="Tests.Unit.ChatbotResponseBuilderTest" assertions="2" time="0.025146"/>
        <testcase name="test_construir_detalle_cotizacion_con_array_precio_string" file="C:\laragon\www\Pro-Audio\tests\Unit\ChatbotResponseBuilderTest.php" line="658" class="Tests\Unit\ChatbotResponseBuilderTest" classname="Tests.Unit.ChatbotResponseBuilderTest" assertions="1" time="0.021311"/>
        <testcase name="test_construir_detalle_cotizacion_formato_total" file="C:\laragon\www\Pro-Audio\tests\Unit\ChatbotResponseBuilderTest.php" line="669" class="Tests\Unit\ChatbotResponseBuilderTest" classname="Tests.Unit.ChatbotResponseBuilderTest" assertions="1" time="0.026194"/>
        <testcase name="test_construir_detalle_cotizacion_mensaje_plural_con_mostrar_dias_siempre" file="C:\laragon\www\Pro-Audio\tests\Unit\ChatbotResponseBuilderTest.php" line="681" class="Tests\Unit\ChatbotResponseBuilderTest" classname="Tests.Unit.ChatbotResponseBuilderTest" assertions="2" time="0.020890"/>
[...]
      </testsuite>
      <testsuite name="Tests\Feature\UsuarioControllerFeatureTest" file="C:\laragon\www\Pro-Audio\tests\Feature\UsuarioControllerFeatureTest.php" tests="66" assertions="154" errors="0" failures="0" skipped="0" time="2.238241">
        <testcase name="test_perfil_retorna_vista_con_usuario_autenticado" file="C:\laragon\www\Pro-Audio\tests\Feature\UsuarioControllerFeatureTest.php" line="49" class="Tests\Feature\UsuarioControllerFeatureTest" classname="Tests.Feature.UsuarioControllerFeatureTest" assertions="3" time="0.034580"/>
        <testcase name="test_perfil_sin_autenticacion" file="C:\laragon\www\Pro-Audio\tests\Feature\UsuarioControllerFeatureTest.php" line="70" class="Tests\Feature\UsuarioControllerFeatureTest" classname="Tests.Feature.UsuarioControllerFeatureTest" assertions="1" time="0.027854"/>
        <testcase name="test_update_photo_exitoso" file="C:\laragon\www\Pro-Audio\tests\Feature\UsuarioControllerFeatureTest.php" line="82" class="Tests\Feature\UsuarioControllerFeatureTest" classname="Tests.Feature.UsuarioControllerFeatureTest" assertions="7" time="0.033536"/>
        <testcase name="test_update_photo_sin_sesion" file="C:\laragon\www\Pro-Audio\tests\Feature\UsuarioControllerFeatureTest.php" line="118" class="Tests\Feature\UsuarioControllerFeatureTest" classname="Tests.Feature.UsuarioControllerFeatureTest" assertions="3" time="0.028695"/>
        <testcase name="test_update_photo_usuario_invitado" file="C:\laragon\www\Pro-Audio\tests\Feature\UsuarioControllerFeatureTest.php" line="131" class="Tests\Feature\UsuarioControllerFeatureTest" classname="Tests.Feature.UsuarioControllerFeatureTest" assertions="3" time="0.068910"/>
        <testcase name="test_update_photo_usuario_no_existe" file="C:\laragon\www\Pro-Audio\tests\Feature\UsuarioControllerFeatureTest.php" line="156" class="Tests\Feature\UsuarioControllerFeatureTest" classname="Tests.Feature.UsuarioControllerFeatureTest" assertions="2" time="0.024170"/>
        <testcase name="test_update_photo_elimina_foto_anterior" file="C:\laragon\www\Pro-Audio\tests\Feature\UsuarioControllerFeatureTest.php" line="173" class="Tests\Feature\UsuarioControllerFeatureTest" classname="Tests.Feature.UsuarioControllerFeatureTest" assertions="2" time="0.040237"/>
        <testcase name="test_update_photo_valida_archivo_requerido" file="C:\laragon\www\Pro-Audio\tests\Feature\UsuarioControllerFeatureTest.php" line="200" class="Tests\Feature\UsuarioControllerFeatureTest" classname="Tests.Feature.UsuarioControllerFeatureTest" assertions="1" time="0.036752"/>
        <testcase name="test_store_funciona_sin_rol_existente" file="C:\laragon\www\Pro-Audio\tests\Feature\UsuarioControllerFeatureTest.php" line="234" class="Tests\Feature\UsuarioControllerFeatureTest" classname="Tests.Feature.UsuarioControllerFeatureTest" assertions="3" time="0.033543"/>
        <testcase name="test_store_usa_nombre_rol_si_name_no_existe" file="C:\laragon\www\Pro-Audio\tests\Feature\UsuarioControllerFeatureTest.php" line="254" class="Tests\Feature\UsuarioControllerFeatureTest" classname="Tests.Feature.UsuarioControllerFeatureTest" assertions="3" time="0.028843"/>
        <testcase name="test_autenticar_con_pending_admin" file="C:\laragon\www\Pro-Audio\tests\Feature\UsuarioControllerFeatureTest.php" line="284" class="Tests\Feature\UsuarioControllerFeatureTest" classname="Tests.Feature.UsuarioControllerFeatureTest" assertions="1" time="0.034698"/>
        <testcase name="test_autenticar_con_roles_vacios_asigna_cliente" file="C:\laragon\www\Pro-Audio\tests\Feature\UsuarioControllerFeatureTest.php" line="315" class="Tests\Feature\UsuarioControllerFeatureTest" classname="Tests.Feature.UsuarioControllerFeatureTest" assertions="4" time="0.026011"/>
        <testcase name="test_autenticar_capitaliza_nombre" file="C:\laragon\www\Pro-Audio\tests\Feature\UsuarioControllerFeatureTest.php" line="339" class="Tests\Feature\UsuarioControllerFeatureTest" classname="Tests.Feature.UsuarioControllerFeatureTest" assertions="1" time="0.033066"/>
        <testcase name="test_autenticar_con_rol_usando_nombre_rol" file="C:\laragon\www\Pro-Audio\tests\Feature\UsuarioControllerFeatureTest.php" line="359" class="Tests\Feature\UsuarioControllerFeatureTest" classname="Tests.Feature.UsuarioControllerFeatureTest" assertions="1" time="0.028481"/>
        <testcase name="test_autenticar_con_roles_duplicados" file="C:\laragon\www\Pro-Audio\tests\Feature\UsuarioControllerFeatureTest.php" line="390" class="Tests\Feature\UsuarioControllerFeatureTest" classname="Tests.Feature.UsuarioControllerFeatureTest" assertions="1" time="0.027912"/>
        <testcase name="test_vista_registro_retorna_formulario" file="C:\laragon\www\Pro-Audio\tests\Feature\UsuarioControllerFeatureTest.php" line="426" class="Tests\Feature\UsuarioControllerFeatureTest" classname="Tests.Feature.UsuarioControllerFeatureTest" assertions="2" time="0.026202"/>
        <testcase name="test_vista_login_retorna_formulario" file="C:\laragon\www\Pro-Audio\tests\Feature\UsuarioControllerFeatureTest.php" line="434" class="Tests\Feature\UsuarioControllerFeatureTest" classname="Tests.Feature.UsuarioControllerFeatureTest" assertions="2" time="0.027459"/>
        <testcase name="test_store_asigna_rol_cuando_existe_por_name" file="C:\laragon\www\Pro-Audio\tests\Feature\UsuarioControllerFeatureTest.php" line="446" class="Tests\Feature\UsuarioControllerFeatureTest" classname="Tests.Feature.UsuarioControllerFeatureTest" assertions="3" time="0.032719"/>
        <testcase name="test_autenticar_usuario_existe_pero_contraseña_incorrecta" file="C:\laragon\www\Pro-Audio\tests\Feature\UsuarioControllerFeatureTest.php" line="472" class="Tests\Feature\UsuarioControllerFeatureTest" classname="Tests.Feature.UsuarioControllerFeatureTest" assertions="3" time="0.028627"/>
        <testcase name="test_autenticar_usuario_no_existe" file="C:\laragon\www\Pro-Audio\tests\Feature\UsuarioControllerFeatureTest.php" line="493" class="Tests\Feature\UsuarioControllerFeatureTest" classname="Tests.Feature.UsuarioControllerFeatureTest" assertions="3" time="0.033536"/>
        <testcase name="test_update_photo_con_foto_anterior_que_no_existe_en_storage" file="C:\laragon\www\Pro-Audio\tests\Feature\UsuarioControllerFeatureTest.php" line="505" class="Tests\Feature\UsuarioControllerFeatureTest" classname="Tests.Feature.UsuarioControllerFeatureTest" assertions="2" time="0.036497"/>
        <testcase name="test_perfil_con_usuario_id_que_no_existe" file="C:\laragon\www\Pro-Audio\tests\Feature\UsuarioControllerFeatureTest.php" line="531" class="Tests\Feature\UsuarioControllerFeatureTest" classname="Tests.Feature.UsuarioControllerFeatureTest" assertions="4" time="0.030078"/>
        <testcase name="test_store_valida_primer_nombre_requerido" file="C:\laragon\www\Pro-Audio\tests\Feature\UsuarioControllerFeatureTest.php" line="543" class="Tests\Feature\UsuarioControllerFeatureTest" classname="Tests.Feature.UsuarioControllerFeatureTest" assertions="2" time="0.031684"/>
        <testcase name="test_store_valida_primer_apellido_requerido" file="C:\laragon\www\Pro-Audio\tests\Feature\UsuarioControllerFeatureTest.php" line="556" class="Tests\Feature\UsuarioControllerFeatureTest" classname="Tests.Feature.UsuarioControllerFeatureTest" assertions="2" time="0.027783"/>
        <testcase name="test_store_valida_correo_requerido" file="C:\laragon\www\Pro-Audio\tests\Feature\UsuarioControllerFeatureTest.php" line="569" class="Tests\Feature\UsuarioControllerFeatureTest" classname="Tests.Feature.UsuarioControllerFeatureTest" assertions="2" time="0.028243"/>
        <testcase name="test_store_valida_correo_debe_ser_email" file="C:\laragon\www\Pro-Audio\tests\Feature\UsuarioControllerFeatureTest.php" line="582" class="Tests\Feature\UsuarioControllerFeatureTest" classname="Tests.Feature.UsuarioControllerFeatureTest" assertions="2" time="0.032374"/>
        <testcase name="test_autenticar_valida_correo_requerido" file="C:\laragon\www\Pro-Audio\tests\Feature\UsuarioControllerFeatureTest.php" line="596" class="Tests\Feature\UsuarioControllerFeatureTest" classname="Tests.Feature.UsuarioControllerFeatureTest" assertions="2" time="0.088218"/>
        <testcase name="test_autenticar_valida_contrasena_requerida" file="C:\laragon\www\Pro-Audio\tests\Feature\UsuarioControllerFeatureTest.php" line="605" class="Tests\Feature\UsuarioControllerFeatureTest" classname="Tests.Feature.UsuarioControllerFeatureTest" assertions="2" time="0.044172"/>
        <testcase name="test_autenticar_valida_correo_debe_ser_email" file="C:\laragon\www\Pro-Audio\tests\Feature\UsuarioControllerFeatureTest.php" line="614" class="Tests\Feature\UsuarioControllerFeatureTest" classname="Tests.Feature.UsuarioControllerFeatureTest" assertions="2" time="0.033857"/>
        <testcase name="test_store_con_todos_los_campos_opcionales" file="C:\laragon\www\Pro-Audio\tests\Feature\UsuarioControllerFeatureTest.php" line="628" class="Tests\Feature\UsuarioControllerFeatureTest" classname="Tests.Feature.UsuarioControllerFeatureTest" assertions="3" time="0.030419"/>
        <testcase name="test_store_sin_campos_opcionales" file="C:\laragon\www\Pro-Audio\tests\Feature\UsuarioControllerFeatureTest.php" line="652" class="Tests\Feature\UsuarioControllerFeatureTest" classname="Tests.Feature.UsuarioControllerFeatureTest" assertions="5" time="0.028312"/>
        <testcase name="test_store_valida_segundo_nombre_max_caracteres" file="C:\laragon\www\Pro-Audio\tests\Feature\UsuarioControllerFeatureTest.php" line="671" class="Tests\Feature\UsuarioControllerFeatureTest" classname="Tests.Feature.UsuarioControllerFeatureTest" assertions="2" time="0.028886"/>
        <testcase name="test_store_valida_segundo_apellido_max_caracteres" file="C:\laragon\www\Pro-Audio\tests\Feature\UsuarioControllerFeatureTest.php" line="685" class="Tests\Feature\UsuarioControllerFeatureTest" classname="Tests.Feature.UsuarioControllerFeatureTest" assertions="2" time="0.037975"/>
        <testcase name="test_store_valida_direccion_max_caracteres" file="C:\laragon\www\Pro-Audio\tests\Feature\UsuarioControllerFeatureTest.php" line="699" class="Tests\Feature\UsuarioControllerFeatureTest" classname="Tests.Feature.UsuarioControllerFeatureTest" assertions="2" time="0.025531"/>
        <testcase name="test_store_valida_telefono_max_caracteres" file="C:\laragon\www\Pro-Audio\tests\Feature\UsuarioControllerFeatureTest.php" line="713" class="Tests\Feature\UsuarioControllerFeatureTest" classname="Tests.Feature.UsuarioControllerFeatureTest" assertions="2" time="0.029957"/>
        <testcase name="test_store_valida_primer_nombre_max_caracteres" file="C:\laragon\www\Pro-Audio\tests\Feature\UsuarioControllerFeatureTest.php" line="727" class="Tests\Feature\UsuarioControllerFeatureTest" classname="Tests.Feature.UsuarioControllerFeatureTest" assertions="2" time="0.033923"/>
        <testcase name="test_store_valida_primer_apellido_max_caracteres" file="C:\laragon\www\Pro-Audio\tests\Feature\UsuarioControllerFeatureTest.php" line="740" class="Tests\Feature\UsuarioControllerFeatureTest" classname="Tests.Feature.UsuarioControllerFeatureTest" assertions="2" time="0.027403"/>
        <testcase name="test_store_continua_si_hay_excepcion_al_asignar_rol" file="C:\laragon\www\Pro-Audio\tests\Feature\UsuarioControllerFeatureTest.php" line="757" class="Tests\Feature\UsuarioControllerFeatureTest" classname="Tests.Feature.UsuarioControllerFeatureTest" assertions="3" time="0.035444"/>
        <testcase name="test_autenticar_con_roles_multiples_sin_duplicados" file="C:\laragon\www\Pro-Audio\tests\Feature\UsuarioControllerFeatureTest.php" line="802" class="Tests\Feature\UsuarioControllerFeatureTest" classname="Tests.Feature.UsuarioControllerFeatureTest" assertions="3" time="0.027551"/>
        <testcase name="test_autenticar_con_rol_solo_name_sin_nombre_rol" file="C:\laragon\www\Pro-Audio\tests\Feature\UsuarioControllerFeatureTest.php" line="833" class="Tests\Feature\UsuarioControllerFeatureTest" classname="Tests.Feature.UsuarioControllerFeatureTest" assertions="1" time="0.031792"/>
        <testcase name="test_autenticar_con_rol_solo_nombre_rol_sin_name" file="C:\laragon\www\Pro-Audio\tests\Feature\UsuarioControllerFeatureTest.php" line="866" class="Tests\Feature\UsuarioControllerFeatureTest" classname="Tests.Feature.UsuarioControllerFeatureTest" assertions="1" time="0.030887"/>
        <testcase name="test_autenticar_con_nombre_en_mayusculas_minusculas_mixtas" file="C:\laragon\www\Pro-Audio\tests\Feature\UsuarioControllerFeatureTest.php" line="897" class="Tests\Feature\UsuarioControllerFeatureTest" classname="Tests.Feature.UsuarioControllerFeatureTest" assertions="1" time="0.030885"/>
        <testcase name="test_autenticar_con_nombre_todo_minusculas" file="C:\laragon\www\Pro-Audio\tests\Feature\UsuarioControllerFeatureTest.php" line="918" class="Tests\Feature\UsuarioControllerFeatureTest" classname="Tests.Feature.UsuarioControllerFeatureTest" assertions="1" time="0.033927"/>
        <testcase name="test_autenticar_con_nombre_todo_mayusculas" file="C:\laragon\www\Pro-Audio\tests\Feature\UsuarioControllerFeatureTest.php" line="938" class="Tests\Feature\UsuarioControllerFeatureTest" classname="Tests.Feature.UsuarioControllerFeatureTest" assertions="1" time="0.026119"/>
        <testcase name="test_update_photo_sin_foto_anterior" file="C:\laragon\www\Pro-Audio\tests\Feature\UsuarioControllerFeatureTest.php" line="962" class="Tests\Feature\UsuarioControllerFeatureTest" classname="Tests.Feature.UsuarioControllerFeatureTest" assertions="2" time="0.038795"/>
        <testcase name="test_update_photo_valida_tamaño_maximo" file="C:\laragon\www\Pro-Audio\tests\Feature\UsuarioControllerFeatureTest.php" line="988" class="Tests\Feature\UsuarioControllerFeatureTest" classname="Tests.Feature.UsuarioControllerFeatureTest" assertions="1" time="0.032221"/>
        <testcase name="test_update_photo_con_diferentes_formatos_permitidos" file="C:\laragon\www\Pro-Audio\tests\Feature\UsuarioControllerFeatureTest.php" line="1018" class="Tests\Feature\UsuarioControllerFeatureTest" classname="Tests.Feature.UsuarioControllerFeatureTest" assertions="3" time="0.073628"/>
        <testcase name="test_cerrar_sesion_con_sesion_completa" file="C:\laragon\www\Pro-Audio\tests\Feature\UsuarioControllerFeatureTest.php" line="1049" class="Tests\Feature\UsuarioControllerFeatureTest" classname="Tests.Feature.UsuarioControllerFeatureTest" assertions="6" time="0.030152"/>
        <testcase name="test_cerrar_sesion_sin_sesion_previa" file="C:\laragon\www\Pro-Audio\tests\Feature\UsuarioControllerFeatureTest.php" line="1077" class="Tests\Feature\UsuarioControllerFeatureTest" classname="Tests.Feature.UsuarioControllerFeatureTest" assertions="3" time="0.035099"/>
        <testcase name="test_store_valida_contrasena_min_caracteres" file="C:\laragon\www\Pro-Audio\tests\Feature\UsuarioControllerFeatureTest.php" line="1089" class="Tests\Feature\UsuarioControllerFeatureTest" classname="Tests.Feature.UsuarioControllerFeatureTest" assertions="4" time="0.054277"/>
        <testcase name="test_store_valida_contrasena_confirmed" file="C:\laragon\www\Pro-Audio\tests\Feature\UsuarioControllerFeatureTest.php" line="1104" class="Tests\Feature\UsuarioControllerFeatureTest" classname="Tests.Feature.UsuarioControllerFeatureTest" assertions="4" time="0.024165"/>
        <testcase name="test_store_sin_rol_cliente_no_asigna_rol" file="C:\laragon\www\Pro-Audio\tests\Feature\UsuarioControllerFeatureTest.php" line="1119" class="Tests\Feature\UsuarioControllerFeatureTest" classname="Tests.Feature.UsuarioControllerFeatureTest" assertions="4" time="0.030494"/>
        <testcase name="test_autenticar_con_roles_array_vacio_despues_de_map" file="C:\laragon\www\Pro-Audio\tests\Feature\UsuarioControllerFeatureTest.php" line="1143" class="Tests\Feature\UsuarioControllerFeatureTest" classname="Tests.Feature.UsuarioControllerFeatureTest" assertions="2" time="0.031715"/>
        <testcase name="test_autenticar_con_role_fallback_cuando_roles_vacio" file="C:\laragon\www\Pro-Audio\tests\Feature\UsuarioControllerFeatureTest.php" line="1168" class="Tests\Feature\UsuarioControllerFeatureTest" classname="Tests.Feature.UsuarioControllerFeatureTest" assertions="1" time="0.034226"/>
        <testcase name="test_update_photo_valida_archivo_no_es_imagen" file="C:\laragon\www\Pro-Audio\tests\Feature\UsuarioControllerFeatureTest.php" line="1192" class="Tests\Feature\UsuarioControllerFeatureTest" classname="Tests.Feature.UsuarioControllerFeatureTest" assertions="1" time="0.028549"/>
        <testcase name="test_update_photo_valida_formato_no_permitido" file="C:\laragon\www\Pro-Audio\tests\Feature\UsuarioControllerFeatureTest.php" line="1221" class="Tests\Feature\UsuarioControllerFeatureTest" classname="Tests.Feature.UsuarioControllerFeatureTest" assertions="1" time="0.032801"/>
        <testcase name="test_update_photo_con_foto_anterior_que_existe" file="C:\laragon\www\Pro-Audio\tests\Feature\UsuarioControllerFeatureTest.php" line="1250" class="Tests\Feature\UsuarioControllerFeatureTest" classname="Tests.Feature.UsuarioControllerFeatureTest" assertions="2" time="0.036288"/>
        <testcase name="test_store_con_rol_que_tiene_name_primero" file="C:\laragon\www\Pro-Audio\tests\Feature\UsuarioControllerFeatureTest.php" line="1280" class="Tests\Feature\UsuarioControllerFeatureTest" classname="Tests.Feature.UsuarioControllerFeatureTest" assertions="4" time="0.035375"/>
        <testcase name="test_store_valida_string_en_campos" file="C:\laragon\www\Pro-Audio\tests\Feature\UsuarioControllerFeatureTest.php" line="1313" class="Tests\Feature\UsuarioControllerFeatureTest" classname="Tests.Feature.UsuarioControllerFeatureTest" assertions="2" time="0.031871"/>
        <testcase name="test_store_valida_email_formato" file="C:\laragon\www\Pro-Audio\tests\Feature\UsuarioControllerFeatureTest.php" line="1327" class="Tests\Feature\UsuarioControllerFeatureTest" classname="Tests.Feature.UsuarioControllerFeatureTest" assertions="2" time="0.025950"/>
        <testcase name="test_store_valida_correo_unico" file="C:\laragon\www\Pro-Audio\tests\Feature\UsuarioControllerFeatureTest.php" line="1341" class="Tests\Feature\UsuarioControllerFeatureTest" classname="Tests.Feature.UsuarioControllerFeatureTest" assertions="2" time="0.035121"/>
        <testcase name="test_store_valida_nullable_campos_pueden_ser_vacios" file="C:\laragon\www\Pro-Audio\tests\Feature\UsuarioControllerFeatureTest.php" line="1367" class="Tests\Feature\UsuarioControllerFeatureTest" classname="Tests.Feature.UsuarioControllerFeatureTest" assertions="3" time="0.029464"/>
        <testcase name="test_autenticar_con_usuario_que_tiene_roles_pero_array_vacio_por_map" file="C:\laragon\www\Pro-Audio\tests\Feature\UsuarioControllerFeatureTest.php" line="1387" class="Tests\Feature\UsuarioControllerFeatureTest" classname="Tests.Feature.UsuarioControllerFeatureTest" assertions="1" time="0.031194"/>
        <testcase name="test_store_con_rol_id_null_no_inserta_en_personas_roles" file="C:\laragon\www\Pro-Audio\tests\Feature\UsuarioControllerFeatureTest.php" line="1412" class="Tests\Feature\UsuarioControllerFeatureTest" classname="Tests.Feature.UsuarioControllerFeatureTest" assertions="3" time="0.029958"/>
        <testcase name="test_autenticar_con_roles_que_tienen_duplicados_eliminados_por_unique" file="C:\laragon\www\Pro-Audio\tests\Feature\UsuarioControllerFeatureTest.php" line="1438" class="Tests\Feature\UsuarioControllerFeatureTest" classname="Tests.Feature.UsuarioControllerFeatureTest" assertions="2" time="0.030292"/>
        <testcase name="test_update_photo_con_foto_anterior_null_no_intenta_eliminar" file="C:\laragon\www\Pro-Audio\tests\Feature\UsuarioControllerFeatureTest.php" line="1469" class="Tests\Feature\UsuarioControllerFeatureTest" classname="Tests.Feature.UsuarioControllerFeatureTest" assertions="1" time="0.038856"/>
      </testsuite>
    </testsuite>
  </testsuite>
</testsuites>
