<?xml version="1.0" encoding="UTF-8"?>
<testsuites>
  <testsuite name="C:\laragon\www\Pro-Audio\phpunit.xml" tests="135" assertions="252" errors="0" failures="0" skipped="0" time="10.933714">
    <testsuite name="Unit" tests="134" assertions="249" errors="0" failures="0" skipped="0" time="10.799579">
      <testsuite name="Tests\Unit\AjustesControllerUnitTest" file="C:\laragon\www\Pro-Audio\tests\Unit\AjustesControllerUnitTest.php" tests="5" assertions="11" errors="0" failures="0" skipped="0" time="3.277473">
        <testcase name="test_group_by_opciones_validas" file="C:\laragon\www\Pro-Audio\tests\Unit\AjustesControllerUnitTest.php" line="27" class="Tests\Unit\AjustesControllerUnitTest" classname="Tests.Unit.AjustesControllerUnitTest" assertions="3" time="3.256954"/>
        <testcase name="test_tab_opciones_validas" file="C:\laragon\www\Pro-Audio\tests\Unit\AjustesControllerUnitTest.php" line="37" class="Tests\Unit\AjustesControllerUnitTest" classname="Tests.Unit.AjustesControllerUnitTest" assertions="3" time="0.007282"/>
        <testcase name="test_active_tab_default" file="C:\laragon\www\Pro-Audio\tests\Unit\AjustesControllerUnitTest.php" line="47" class="Tests\Unit\AjustesControllerUnitTest" classname="Tests.Unit.AjustesControllerUnitTest" assertions="1" time="0.004215"/>
        <testcase name="test_active_tab_con_group_by" file="C:\laragon\www\Pro-Audio\tests\Unit\AjustesControllerUnitTest.php" line="56" class="Tests\Unit\AjustesControllerUnitTest" classname="Tests.Unit.AjustesControllerUnitTest" assertions="1" time="0.003112"/>
        <testcase name="test_formato_fecha_estructura" file="C:\laragon\www\Pro-Audio\tests\Unit\AjustesControllerUnitTest.php" line="65" class="Tests\Unit\AjustesControllerUnitTest" classname="Tests.Unit.AjustesControllerUnitTest" assertions="3" time="0.005909"/>
      </testsuite>
      <testsuite name="Tests\Unit\BusquedaControllerUnitTest" file="C:\laragon\www\Pro-Audio\tests\Unit\BusquedaControllerUnitTest.php" tests="8" assertions="10" errors="0" failures="0" skipped="0" time="0.283512">
        <testcase name="test_normalizar_texto_convierte_a_minusculas" file="C:\laragon\www\Pro-Audio\tests\Unit\BusquedaControllerUnitTest.php" line="27" class="Tests\Unit\BusquedaControllerUnitTest" classname="Tests.Unit.BusquedaControllerUnitTest" assertions="1" time="0.256659"/>
        <testcase name="test_normalizar_texto_elimina_espacios_extra" file="C:\laragon\www\Pro-Audio\tests\Unit\BusquedaControllerUnitTest.php" line="33" class="Tests\Unit\BusquedaControllerUnitTest" classname="Tests.Unit.BusquedaControllerUnitTest" assertions="2" time="0.004890"/>
        <testcase name="test_normalizar_texto_corrige_animacion" file="C:\laragon\www\Pro-Audio\tests\Unit\BusquedaControllerUnitTest.php" line="43" class="Tests\Unit\BusquedaControllerUnitTest" classname="Tests.Unit.BusquedaControllerUnitTest" assertions="1" time="0.004187"/>
        <testcase name="test_normalizar_texto_corrige_animador" file="C:\laragon\www\Pro-Audio\tests\Unit\BusquedaControllerUnitTest.php" line="49" class="Tests\Unit\BusquedaControllerUnitTest" classname="Tests.Unit.BusquedaControllerUnitTest" assertions="1" time="0.003157"/>
        <testcase name="test_normalizar_texto_mantiene_alquiler" file="C:\laragon\www\Pro-Audio\tests\Unit\BusquedaControllerUnitTest.php" line="55" class="Tests\Unit\BusquedaControllerUnitTest" classname="Tests.Unit.BusquedaControllerUnitTest" assertions="1" time="0.003265"/>
        <testcase name="test_normalizar_texto_mantiene_publicidad" file="C:\laragon\www\Pro-Audio\tests\Unit\BusquedaControllerUnitTest.php" line="61" class="Tests\Unit\BusquedaControllerUnitTest" classname="Tests.Unit.BusquedaControllerUnitTest" assertions="1" time="0.004243"/>
        <testcase name="test_normalizar_texto_con_cadena_vacia" file="C:\laragon\www\Pro-Audio\tests\Unit\BusquedaControllerUnitTest.php" line="67" class="Tests\Unit\BusquedaControllerUnitTest" classname="Tests.Unit.BusquedaControllerUnitTest" assertions="1" time="0.003972"/>
        <testcase name="test_normalizar_texto_con_texto_complejo" file="C:\laragon\www\Pro-Audio\tests\Unit\BusquedaControllerUnitTest.php" line="73" class="Tests\Unit\BusquedaControllerUnitTest" classname="Tests.Unit.BusquedaControllerUnitTest" assertions="2" time="0.003139"/>
      </testsuite>
      <testsuite name="Tests\Unit\CalendarioControllerUnitTest" file="C:\laragon\www\Pro-Audio\tests\Unit\CalendarioControllerUnitTest.php" tests="3" assertions="8" errors="0" failures="0" skipped="0" time="0.713911">
        <testcase name="test_default_event_title_constante" file="C:\laragon\www\Pro-Audio\tests\Unit\CalendarioControllerUnitTest.php" line="19" class="Tests\Unit\CalendarioControllerUnitTest" classname="Tests.Unit.CalendarioControllerUnitTest" assertions="2" time="0.704972"/>
        <testcase name="test_is_admin_like_logica_administrador" file="C:\laragon\www\Pro-Audio\tests\Unit\CalendarioControllerUnitTest.php" line="30" class="Tests\Unit\CalendarioControllerUnitTest" classname="Tests.Unit.CalendarioControllerUnitTest" assertions="3" time="0.006091"/>
        <testcase name="test_is_admin_like_case_insensitive" file="C:\laragon\www\Pro-Audio\tests\Unit\CalendarioControllerUnitTest.php" line="41" class="Tests\Unit\CalendarioControllerUnitTest" classname="Tests.Unit.CalendarioControllerUnitTest" assertions="3" time="0.002848"/>
      </testsuite>
      <testsuite name="Tests\Unit\ChatbotControllerUnitTest" file="C:\laragon\www\Pro-Audio\tests\Unit\ChatbotControllerUnitTest.php" tests="1" assertions="1" errors="0" failures="0" skipped="0" time="1.461873">
        <testcase name="test_controller_can_be_instantiated" file="C:\laragon\www\Pro-Audio\tests\Unit\ChatbotControllerUnitTest.php" line="61" class="Tests\Unit\ChatbotControllerUnitTest" classname="Tests.Unit.ChatbotControllerUnitTest" assertions="1" time="1.461873"/>
      </testsuite>
      <testsuite name="Tests\Unit\ChatbotIntentionDetectorTest" file="C:\laragon\www\Pro-Audio\tests\Unit\ChatbotIntentionDetectorTest.php" tests="19" assertions="29" errors="0" failures="0" skipped="0" time="1.690292">
        <testcase name="test_detectar_intenciones_vacio" file="C:\laragon\www\Pro-Audio\tests\Unit\ChatbotIntentionDetectorTest.php" line="31" class="Tests\Unit\ChatbotIntentionDetectorTest" classname="Tests.Unit.ChatbotIntentionDetectorTest" assertions="2" time="0.409660"/>
        <testcase name="test_detectar_intenciones_alquiler" file="C:\laragon\www\Pro-Audio\tests\Unit\ChatbotIntentionDetectorTest.php" line="38" class="Tests\Unit\ChatbotIntentionDetectorTest" classname="Tests.Unit.ChatbotIntentionDetectorTest" assertions="2" time="0.135096"/>
        <testcase name="test_detectar_intenciones_animacion" file="C:\laragon\www\Pro-Audio\tests\Unit\ChatbotIntentionDetectorTest.php" line="45" class="Tests\Unit\ChatbotIntentionDetectorTest" classname="Tests.Unit.ChatbotIntentionDetectorTest" assertions="2" time="0.064702"/>
        <testcase name="test_detectar_intenciones_publicidad" file="C:\laragon\www\Pro-Audio\tests\Unit\ChatbotIntentionDetectorTest.php" line="52" class="Tests\Unit\ChatbotIntentionDetectorTest" classname="Tests.Unit.ChatbotIntentionDetectorTest" assertions="2" time="0.061414"/>
        <testcase name="test_detectar_intenciones_multiples" file="C:\laragon\www\Pro-Audio\tests\Unit\ChatbotIntentionDetectorTest.php" line="59" class="Tests\Unit\ChatbotIntentionDetectorTest" classname="Tests.Unit.ChatbotIntentionDetectorTest" assertions="3" time="0.070028"/>
        <testcase name="test_validar_intenciones_contra_mensaje_valida_alquiler" file="C:\laragon\www\Pro-Audio\tests\Unit\ChatbotIntentionDetectorTest.php" line="70" class="Tests\Unit\ChatbotIntentionDetectorTest" classname="Tests.Unit.ChatbotIntentionDetectorTest" assertions="1" time="0.061231"/>
        <testcase name="test_validar_intenciones_contra_mensaje_invalida_alquiler" file="C:\laragon\www\Pro-Audio\tests\Unit\ChatbotIntentionDetectorTest.php" line="79" class="Tests\Unit\ChatbotIntentionDetectorTest" classname="Tests.Unit.ChatbotIntentionDetectorTest" assertions="1" time="0.069657"/>
        <testcase name="test_validar_intenciones_contra_mensaje_con_animacion" file="C:\laragon\www\Pro-Audio\tests\Unit\ChatbotIntentionDetectorTest.php" line="88" class="Tests\Unit\ChatbotIntentionDetectorTest" classname="Tests.Unit.ChatbotIntentionDetectorTest" assertions="1" time="0.060835"/>
        <testcase name="test_validar_intenciones_contra_mensaje_con_publicidad" file="C:\laragon\www\Pro-Audio\tests\Unit\ChatbotIntentionDetectorTest.php" line="97" class="Tests\Unit\ChatbotIntentionDetectorTest" classname="Tests.Unit.ChatbotIntentionDetectorTest" assertions="1" time="0.061297"/>
        <testcase name="test_validar_intenciones_contra_mensaje_vacio" file="C:\laragon\www\Pro-Audio\tests\Unit\ChatbotIntentionDetectorTest.php" line="106" class="Tests\Unit\ChatbotIntentionDetectorTest" classname="Tests.Unit.ChatbotIntentionDetectorTest" assertions="1" time="0.061682"/>
        <testcase name="test_validar_intenciones_contra_mensaje_multiples" file="C:\laragon\www\Pro-Audio\tests\Unit\ChatbotIntentionDetectorTest.php" line="115" class="Tests\Unit\ChatbotIntentionDetectorTest" classname="Tests.Unit.ChatbotIntentionDetectorTest" assertions="3" time="0.086696"/>
        <testcase name="test_es_relacionado_con_alquiler" file="C:\laragon\www\Pro-Audio\tests\Unit\ChatbotIntentionDetectorTest.php" line="129" class="Tests\Unit\ChatbotIntentionDetectorTest" classname="Tests.Unit.ChatbotIntentionDetectorTest" assertions="1" time="0.084383"/>
        <testcase name="test_es_relacionado_con_animacion" file="C:\laragon\www\Pro-Audio\tests\Unit\ChatbotIntentionDetectorTest.php" line="135" class="Tests\Unit\ChatbotIntentionDetectorTest" classname="Tests.Unit.ChatbotIntentionDetectorTest" assertions="1" time="0.062325"/>
        <testcase name="test_es_relacionado_con_publicidad" file="C:\laragon\www\Pro-Audio\tests\Unit\ChatbotIntentionDetectorTest.php" line="141" class="Tests\Unit\ChatbotIntentionDetectorTest" classname="Tests.Unit.ChatbotIntentionDetectorTest" assertions="1" time="0.065978"/>
        <testcase name="test_es_relacionado_con_mensaje_vacio" file="C:\laragon\www\Pro-Audio\tests\Unit\ChatbotIntentionDetectorTest.php" line="147" class="Tests\Unit\ChatbotIntentionDetectorTest" classname="Tests.Unit.ChatbotIntentionDetectorTest" assertions="1" time="0.065824"/>
        <testcase name="test_es_relacionado_con_mensaje_no_relacionado" file="C:\laragon\www\Pro-Audio\tests\Unit\ChatbotIntentionDetectorTest.php" line="154" class="Tests\Unit\ChatbotIntentionDetectorTest" classname="Tests.Unit.ChatbotIntentionDetectorTest" assertions="1" time="0.067012"/>
        <testcase name="test_es_relacionado_case_insensitive" file="C:\laragon\www\Pro-Audio\tests\Unit\ChatbotIntentionDetectorTest.php" line="161" class="Tests\Unit\ChatbotIntentionDetectorTest" classname="Tests.Unit.ChatbotIntentionDetectorTest" assertions="2" time="0.066200"/>
        <testcase name="test_clasificar_por_tfidf_con_cadena_vacia" file="C:\laragon\www\Pro-Audio\tests\Unit\ChatbotIntentionDetectorTest.php" line="174" class="Tests\Unit\ChatbotIntentionDetectorTest" classname="Tests.Unit.ChatbotIntentionDetectorTest" assertions="2" time="0.065692"/>
        <testcase name="test_clasificar_por_tfidf_retorna_array" file="C:\laragon\www\Pro-Audio\tests\Unit\ChatbotIntentionDetectorTest.php" line="181" class="Tests\Unit\ChatbotIntentionDetectorTest" classname="Tests.Unit.ChatbotIntentionDetectorTest" assertions="1" time="0.070581"/>
      </testsuite>
      <testsuite name="Tests\Unit\ChatbotSessionManagerTest" file="C:\laragon\www\Pro-Audio\tests\Unit\ChatbotSessionManagerTest.php" tests="10" assertions="10" errors="0" failures="0" skipped="0" time="0.615097">
        <testcase name="test_limpiar_sesion_chat_limpia_selecciones" file="C:\laragon\www\Pro-Audio\tests\Unit\ChatbotSessionManagerTest.php" line="26" class="Tests\Unit\ChatbotSessionManagerTest" classname="Tests.Unit.ChatbotSessionManagerTest" assertions="1" time="0.066891"/>
        <testcase name="test_limpiar_sesion_chat_limpia_intenciones" file="C:\laragon\www\Pro-Audio\tests\Unit\ChatbotSessionManagerTest.php" line="33" class="Tests\Unit\ChatbotSessionManagerTest" classname="Tests.Unit.ChatbotSessionManagerTest" assertions="1" time="0.063626"/>
        <testcase name="test_limpiar_sesion_chat_limpia_days" file="C:\laragon\www\Pro-Audio\tests\Unit\ChatbotSessionManagerTest.php" line="40" class="Tests\Unit\ChatbotSessionManagerTest" classname="Tests.Unit.ChatbotSessionManagerTest" assertions="1" time="0.059885"/>
        <testcase name="test_obtener_dias_para_respuesta_con_dias" file="C:\laragon\www\Pro-Audio\tests\Unit\ChatbotSessionManagerTest.php" line="51" class="Tests\Unit\ChatbotSessionManagerTest" classname="Tests.Unit.ChatbotSessionManagerTest" assertions="1" time="0.059297"/>
        <testcase name="test_obtener_dias_para_respuesta_con_session" file="C:\laragon\www\Pro-Audio\tests\Unit\ChatbotSessionManagerTest.php" line="57" class="Tests\Unit\ChatbotSessionManagerTest" classname="Tests.Unit.ChatbotSessionManagerTest" assertions="1" time="0.061875"/>
        <testcase name="test_obtener_dias_para_respuesta_sin_dias" file="C:\laragon\www\Pro-Audio\tests\Unit\ChatbotSessionManagerTest.php" line="64" class="Tests\Unit\ChatbotSessionManagerTest" classname="Tests.Unit.ChatbotSessionManagerTest" assertions="1" time="0.064424"/>
        <testcase name="test_extraer_dias_del_request_con_numero" file="C:\laragon\www\Pro-Audio\tests\Unit\ChatbotSessionManagerTest.php" line="75" class="Tests\Unit\ChatbotSessionManagerTest" classname="Tests.Unit.ChatbotSessionManagerTest" assertions="1" time="0.057483"/>
        <testcase name="test_extraer_dias_del_request_con_palabras" file="C:\laragon\www\Pro-Audio\tests\Unit\ChatbotSessionManagerTest.php" line="87" class="Tests\Unit\ChatbotSessionManagerTest" classname="Tests.Unit.ChatbotSessionManagerTest" assertions="1" time="0.062840"/>
        <testcase name="test_extraer_dias_del_request_con_continuacion" file="C:\laragon\www\Pro-Audio\tests\Unit\ChatbotSessionManagerTest.php" line="99" class="Tests\Unit\ChatbotSessionManagerTest" classname="Tests.Unit.ChatbotSessionManagerTest" assertions="1" time="0.062196"/>
        <testcase name="test_extraer_dias_del_request_guarda_en_session" file="C:\laragon\www\Pro-Audio\tests\Unit\ChatbotSessionManagerTest.php" line="112" class="Tests\Unit\ChatbotSessionManagerTest" classname="Tests.Unit.ChatbotSessionManagerTest" assertions="1" time="0.056580"/>
      </testsuite>
      <testsuite name="Tests\Unit\ChatbotTextProcessorTest" file="C:\laragon\www\Pro-Audio\tests\Unit\ChatbotTextProcessorTest.php" tests="30" assertions="43" errors="0" failures="0" skipped="0" time="1.969353">
        <testcase name="test_normalizar_texto_convierte_a_minusculas" file="C:\laragon\www\Pro-Audio\tests\Unit\ChatbotTextProcessorTest.php" line="32" class="Tests\Unit\ChatbotTextProcessorTest" classname="Tests.Unit.ChatbotTextProcessorTest" assertions="1" time="0.076539"/>
        <testcase name="test_normalizar_texto_elimina_acentos" file="C:\laragon\www\Pro-Audio\tests\Unit\ChatbotTextProcessorTest.php" line="38" class="Tests\Unit\ChatbotTextProcessorTest" classname="Tests.Unit.ChatbotTextProcessorTest" assertions="3" time="0.058707"/>
        <testcase name="test_normalizar_texto_maneja_caracteres_especiales" file="C:\laragon\www\Pro-Audio\tests\Unit\ChatbotTextProcessorTest.php" line="50" class="Tests\Unit\ChatbotTextProcessorTest" classname="Tests.Unit.ChatbotTextProcessorTest" assertions="2" time="0.063862"/>
        <testcase name="test_normalizar_texto_con_cadena_vacia" file="C:\laragon\www\Pro-Audio\tests\Unit\ChatbotTextProcessorTest.php" line="59" class="Tests\Unit\ChatbotTextProcessorTest" classname="Tests.Unit.ChatbotTextProcessorTest" assertions="1" time="0.060319"/>
        <testcase name="test_normalizar_texto_con_numeros" file="C:\laragon\www\Pro-Audio\tests\Unit\ChatbotTextProcessorTest.php" line="65" class="Tests\Unit\ChatbotTextProcessorTest" classname="Tests.Unit.ChatbotTextProcessorTest" assertions="1" time="0.068905"/>
        <testcase name="test_corregir_ortografia_corrige_necesito" file="C:\laragon\www\Pro-Audio\tests\Unit\ChatbotTextProcessorTest.php" line="75" class="Tests\Unit\ChatbotTextProcessorTest" classname="Tests.Unit.ChatbotTextProcessorTest" assertions="1" time="0.065784"/>
        <testcase name="test_corregir_ortografia_corrige_alquiler" file="C:\laragon\www\Pro-Audio\tests\Unit\ChatbotTextProcessorTest.php" line="81" class="Tests\Unit\ChatbotTextProcessorTest" classname="Tests.Unit.ChatbotTextProcessorTest" assertions="1" time="0.071214"/>
        <testcase name="test_corregir_ortografia_corrige_publicidad" file="C:\laragon\www\Pro-Audio\tests\Unit\ChatbotTextProcessorTest.php" line="87" class="Tests\Unit\ChatbotTextProcessorTest" classname="Tests.Unit.ChatbotTextProcessorTest" assertions="1" time="0.061359"/>
        <testcase name="test_extraer_tokens_elimina_stopwords" file="C:\laragon\www\Pro-Audio\tests\Unit\ChatbotTextProcessorTest.php" line="97" class="Tests\Unit\ChatbotTextProcessorTest" classname="Tests.Unit.ChatbotTextProcessorTest" assertions="3" time="0.064231"/>
        <testcase name="test_extraer_tokens_elimina_palabras_cortas" file="C:\laragon\www\Pro-Audio\tests\Unit\ChatbotTextProcessorTest.php" line="105" class="Tests\Unit\ChatbotTextProcessorTest" classname="Tests.Unit.ChatbotTextProcessorTest" assertions="3" time="0.061324"/>
        <testcase name="test_extraer_tokens_con_cadena_vacia" file="C:\laragon\www\Pro-Audio\tests\Unit\ChatbotTextProcessorTest.php" line="113" class="Tests\Unit\ChatbotTextProcessorTest" classname="Tests.Unit.ChatbotTextProcessorTest" assertions="2" time="0.059470"/>
        <testcase name="test_es_continuacion_con_tambien" file="C:\laragon\www\Pro-Audio\tests\Unit\ChatbotTextProcessorTest.php" line="124" class="Tests\Unit\ChatbotTextProcessorTest" classname="Tests.Unit.ChatbotTextProcessorTest" assertions="2" time="0.062535"/>
        <testcase name="test_es_continuacion_con_ademas" file="C:\laragon\www\Pro-Audio\tests\Unit\ChatbotTextProcessorTest.php" line="133" class="Tests\Unit\ChatbotTextProcessorTest" classname="Tests.Unit.ChatbotTextProcessorTest" assertions="2" time="0.062816"/>
        <testcase name="test_es_continuacion_con_lo_mismo" file="C:\laragon\www\Pro-Audio\tests\Unit\ChatbotTextProcessorTest.php" line="142" class="Tests\Unit\ChatbotTextProcessorTest" classname="Tests.Unit.ChatbotTextProcessorTest" assertions="2" time="0.060258"/>
        <testcase name="test_es_continuacion_con_mensaje_normal" file="C:\laragon\www\Pro-Audio\tests\Unit\ChatbotTextProcessorTest.php" line="151" class="Tests\Unit\ChatbotTextProcessorTest" classname="Tests.Unit.ChatbotTextProcessorTest" assertions="1" time="0.062259"/>
        <testcase name="test_es_continuacion_con_mensaje_vacio" file="C:\laragon\www\Pro-Audio\tests\Unit\ChatbotTextProcessorTest.php" line="157" class="Tests\Unit\ChatbotTextProcessorTest" classname="Tests.Unit.ChatbotTextProcessorTest" assertions="1" time="0.062705"/>
        <testcase name="test_es_continuacion_case_insensitive" file="C:\laragon\www\Pro-Audio\tests\Unit\ChatbotTextProcessorTest.php" line="163" class="Tests\Unit\ChatbotTextProcessorTest" classname="Tests.Unit.ChatbotTextProcessorTest" assertions="2" time="0.062037"/>
        <testcase name="test_verificar_si_es_agregado_con_tambien" file="C:\laragon\www\Pro-Audio\tests\Unit\ChatbotTextProcessorTest.php" line="176" class="Tests\Unit\ChatbotTextProcessorTest" classname="Tests.Unit.ChatbotTextProcessorTest" assertions="1" time="0.059915"/>
        <testcase name="test_verificar_si_es_agregado_con_ademas" file="C:\laragon\www\Pro-Audio\tests\Unit\ChatbotTextProcessorTest.php" line="182" class="Tests\Unit\ChatbotTextProcessorTest" classname="Tests.Unit.ChatbotTextProcessorTest" assertions="1" time="0.063655"/>
        <testcase name="test_verificar_si_es_agregado_con_mensaje_normal" file="C:\laragon\www\Pro-Audio\tests\Unit\ChatbotTextProcessorTest.php" line="188" class="Tests\Unit\ChatbotTextProcessorTest" classname="Tests.Unit.ChatbotTextProcessorTest" assertions="1" time="0.062265"/>
        <testcase name="test_verificar_solo_dias_con_numero" file="C:\laragon\www\Pro-Audio\tests\Unit\ChatbotTextProcessorTest.php" line="198" class="Tests\Unit\ChatbotTextProcessorTest" classname="Tests.Unit.ChatbotTextProcessorTest" assertions="1" time="0.065066"/>
        <testcase name="test_verificar_solo_dias_con_por" file="C:\laragon\www\Pro-Audio\tests\Unit\ChatbotTextProcessorTest.php" line="204" class="Tests\Unit\ChatbotTextProcessorTest" classname="Tests.Unit.ChatbotTextProcessorTest" assertions="1" time="0.063460"/>
        <testcase name="test_verificar_solo_dias_con_texto_adicional" file="C:\laragon\www\Pro-Audio\tests\Unit\ChatbotTextProcessorTest.php" line="210" class="Tests\Unit\ChatbotTextProcessorTest" classname="Tests.Unit.ChatbotTextProcessorTest" assertions="1" time="0.058322"/>
        <testcase name="test_extraer_dias_desde_palabras_uno" file="C:\laragon\www\Pro-Audio\tests\Unit\ChatbotTextProcessorTest.php" line="220" class="Tests\Unit\ChatbotTextProcessorTest" classname="Tests.Unit.ChatbotTextProcessorTest" assertions="2" time="0.065530"/>
        <testcase name="test_extraer_dias_desde_palabras_dos" file="C:\laragon\www\Pro-Audio\tests\Unit\ChatbotTextProcessorTest.php" line="229" class="Tests\Unit\ChatbotTextProcessorTest" classname="Tests.Unit.ChatbotTextProcessorTest" assertions="1" time="0.070649"/>
        <testcase name="test_extraer_dias_desde_palabras_tres" file="C:\laragon\www\Pro-Audio\tests\Unit\ChatbotTextProcessorTest.php" line="235" class="Tests\Unit\ChatbotTextProcessorTest" classname="Tests.Unit.ChatbotTextProcessorTest" assertions="1" time="0.068399"/>
        <testcase name="test_extraer_dias_desde_palabras_diez" file="C:\laragon\www\Pro-Audio\tests\Unit\ChatbotTextProcessorTest.php" line="241" class="Tests\Unit\ChatbotTextProcessorTest" classname="Tests.Unit.ChatbotTextProcessorTest" assertions="1" time="0.073580"/>
        <testcase name="test_extraer_dias_desde_palabras_sin_dias" file="C:\laragon\www\Pro-Audio\tests\Unit\ChatbotTextProcessorTest.php" line="247" class="Tests\Unit\ChatbotTextProcessorTest" classname="Tests.Unit.ChatbotTextProcessorTest" assertions="1" time="0.082744"/>
        <testcase name="test_extraer_dias_desde_palabras_con_texto_adicional" file="C:\laragon\www\Pro-Audio\tests\Unit\ChatbotTextProcessorTest.php" line="253" class="Tests\Unit\ChatbotTextProcessorTest" classname="Tests.Unit.ChatbotTextProcessorTest" assertions="1" time="0.082436"/>
        <testcase name="test_extraer_dias_desde_palabras_con_acentos" file="C:\laragon\www\Pro-Audio\tests\Unit\ChatbotTextProcessorTest.php" line="259" class="Tests\Unit\ChatbotTextProcessorTest" classname="Tests.Unit.ChatbotTextProcessorTest" assertions="1" time="0.069007"/>
      </testsuite>
      <testsuite name="Tests\Unit\ExampleTest" file="C:\laragon\www\Pro-Audio\tests\Unit\ExampleTest.php" tests="1" assertions="1" errors="0" failures="0" skipped="0" time="0.004905">
        <testcase name="test_that_true_is_true" file="C:\laragon\www\Pro-Audio\tests\Unit\ExampleTest.php" line="12" class="Tests\Unit\ExampleTest" classname="Tests.Unit.ExampleTest" assertions="1" time="0.004905"/>
      </testsuite>
      <testsuite name="Tests\Unit\HistorialControllerUnitTest" file="C:\laragon\www\Pro-Audio\tests\Unit\HistorialControllerUnitTest.php" tests="3" assertions="6" errors="0" failures="0" skipped="0" time="0.028720">
        <testcase name="test_controller_instancia_correctamente" file="C:\laragon\www\Pro-Audio\tests\Unit\HistorialControllerUnitTest.php" line="23" class="Tests\Unit\HistorialControllerUnitTest" classname="Tests.Unit.HistorialControllerUnitTest" assertions="1" time="0.014828"/>
        <testcase name="test_pdf_configuracion_estructura" file="C:\laragon\www\Pro-Audio\tests\Unit\HistorialControllerUnitTest.php" line="28" class="Tests\Unit\HistorialControllerUnitTest" classname="Tests.Unit.HistorialControllerUnitTest" assertions="3" time="0.006512"/>
        <testcase name="test_vista_historial_existe" file="C:\laragon\www\Pro-Audio\tests\Unit\HistorialControllerUnitTest.php" line="40" class="Tests\Unit\HistorialControllerUnitTest" classname="Tests.Unit.HistorialControllerUnitTest" assertions="2" time="0.007379"/>
      </testsuite>
      <testsuite name="Tests\Unit\InventarioControllerUnitTest" file="C:\laragon\www\Pro-Audio\tests\Unit\InventarioControllerUnitTest.php" tests="5" assertions="16" errors="0" failures="0" skipped="0" time="0.048927">
        <testcase name="test_validacion_descripcion_estructura" file="C:\laragon\www\Pro-Audio\tests\Unit\InventarioControllerUnitTest.php" line="27" class="Tests\Unit\InventarioControllerUnitTest" classname="Tests.Unit.InventarioControllerUnitTest" assertions="4" time="0.023625"/>
        <testcase name="test_validacion_stock_estructura" file="C:\laragon\www\Pro-Audio\tests\Unit\InventarioControllerUnitTest.php" line="40" class="Tests\Unit\InventarioControllerUnitTest" classname="Tests.Unit.InventarioControllerUnitTest" assertions="4" time="0.007637"/>
        <testcase name="test_mensajes_validacion_existen" file="C:\laragon\www\Pro-Audio\tests\Unit\InventarioControllerUnitTest.php" line="52" class="Tests\Unit\InventarioControllerUnitTest" classname="Tests.Unit.InventarioControllerUnitTest" assertions="3" time="0.005506"/>
        <testcase name="test_stock_minimo_es_cero" file="C:\laragon\www\Pro-Audio\tests\Unit\InventarioControllerUnitTest.php" line="68" class="Tests\Unit\InventarioControllerUnitTest" classname="Tests.Unit.InventarioControllerUnitTest" assertions="3" time="0.006221"/>
        <testcase name="test_descripcion_maximo_caracteres" file="C:\laragon\www\Pro-Audio\tests\Unit\InventarioControllerUnitTest.php" line="77" class="Tests\Unit\InventarioControllerUnitTest" classname="Tests.Unit.InventarioControllerUnitTest" assertions="2" time="0.005938"/>
      </testsuite>
      <testsuite name="Tests\Unit\MovimientosInventarioControllerUnitTest" file="C:\laragon\www\Pro-Audio\tests\Unit\MovimientosInventarioControllerUnitTest.php" tests="6" assertions="16" errors="0" failures="0" skipped="0" time="0.124287">
        <testcase name="test_validacion_store_estructura" file="C:\laragon\www\Pro-Audio\tests\Unit\MovimientosInventarioControllerUnitTest.php" line="27" class="Tests\Unit\MovimientosInventarioControllerUnitTest" classname="Tests.Unit.MovimientosInventarioControllerUnitTest" assertions="3" time="0.098908"/>
        <testcase name="test_tipos_movimiento_validos" file="C:\laragon\www\Pro-Audio\tests\Unit\MovimientosInventarioControllerUnitTest.php" line="40" class="Tests\Unit\MovimientosInventarioControllerUnitTest" classname="Tests.Unit.MovimientosInventarioControllerUnitTest" assertions="5" time="0.005399"/>
        <testcase name="test_tipos_movimiento_incrementan_stock" file="C:\laragon\www\Pro-Audio\tests\Unit\MovimientosInventarioControllerUnitTest.php" line="52" class="Tests\Unit\MovimientosInventarioControllerUnitTest" classname="Tests.Unit.MovimientosInventarioControllerUnitTest" assertions="3" time="0.006102"/>
        <testcase name="test_tipos_movimiento_decrementan_stock" file="C:\laragon\www\Pro-Audio\tests\Unit\MovimientosInventarioControllerUnitTest.php" line="62" class="Tests\Unit\MovimientosInventarioControllerUnitTest" classname="Tests.Unit.MovimientosInventarioControllerUnitTest" assertions="3" time="0.004733"/>
        <testcase name="test_validacion_cantidad_minimo" file="C:\laragon\www\Pro-Audio\tests\Unit\MovimientosInventarioControllerUnitTest.php" line="72" class="Tests\Unit\MovimientosInventarioControllerUnitTest" classname="Tests.Unit.MovimientosInventarioControllerUnitTest" assertions="1" time="0.003685"/>
        <testcase name="test_validacion_cantidad_debe_ser_integer" file="C:\laragon\www\Pro-Audio\tests\Unit\MovimientosInventarioControllerUnitTest.php" line="82" class="Tests\Unit\MovimientosInventarioControllerUnitTest" classname="Tests.Unit.MovimientosInventarioControllerUnitTest" assertions="1" time="0.005458"/>
      </testsuite>
      <testsuite name="Tests\Unit\ReservaControllerUnitTest" file="C:\laragon\www\Pro-Audio\tests\Unit\ReservaControllerUnitTest.php" tests="6" assertions="9" errors="0" failures="0" skipped="0" time="0.095312">
        <testcase name="test_validacion_store_estructura" file="C:\laragon\www\Pro-Audio\tests\Unit\ReservaControllerUnitTest.php" line="27" class="Tests\Unit\ReservaControllerUnitTest" classname="Tests.Unit.ReservaControllerUnitTest" assertions="3" time="0.071056"/>
        <testcase name="test_validacion_items_minimo" file="C:\laragon\www\Pro-Audio\tests\Unit\ReservaControllerUnitTest.php" line="44" class="Tests\Unit\ReservaControllerUnitTest" classname="Tests.Unit.ReservaControllerUnitTest" assertions="1" time="0.005933"/>
        <testcase name="test_validacion_cantidad_minimo" file="C:\laragon\www\Pro-Audio\tests\Unit\ReservaControllerUnitTest.php" line="54" class="Tests\Unit\ReservaControllerUnitTest" classname="Tests.Unit.ReservaControllerUnitTest" assertions="1" time="0.004418"/>
        <testcase name="test_estados_reserva_validos" file="C:\laragon\www\Pro-Audio\tests\Unit\ReservaControllerUnitTest.php" line="64" class="Tests\Unit\ReservaControllerUnitTest" classname="Tests.Unit.ReservaControllerUnitTest" assertions="2" time="0.004049"/>
        <testcase name="test_servicio_max_caracteres" file="C:\laragon\www\Pro-Audio\tests\Unit\ReservaControllerUnitTest.php" line="73" class="Tests\Unit\ReservaControllerUnitTest" classname="Tests.Unit.ReservaControllerUnitTest" assertions="1" time="0.005195"/>
        <testcase name="test_tipo_movimiento_alquilado" file="C:\laragon\www\Pro-Audio\tests\Unit\ReservaControllerUnitTest.php" line="81" class="Tests\Unit\ReservaControllerUnitTest" classname="Tests.Unit.ReservaControllerUnitTest" assertions="1" time="0.004661"/>
      </testsuite>
      <testsuite name="Tests\Unit\RoleAdminControllerUnitTest" file="C:\laragon\www\Pro-Audio\tests\Unit\RoleAdminControllerUnitTest.php" tests="6" assertions="12" errors="0" failures="0" skipped="0" time="0.074163">
        <testcase name="test_validacion_update_estructura" file="C:\laragon\www\Pro-Audio\tests\Unit\RoleAdminControllerUnitTest.php" line="27" class="Tests\Unit\RoleAdminControllerUnitTest" classname="Tests.Unit.RoleAdminControllerUnitTest" assertions="2" time="0.042350"/>
        <testcase name="test_role_id_puede_ser_nullable" file="C:\laragon\www\Pro-Audio\tests\Unit\RoleAdminControllerUnitTest.php" line="38" class="Tests\Unit\RoleAdminControllerUnitTest" classname="Tests.Unit.RoleAdminControllerUnitTest" assertions="1" time="0.006189"/>
        <testcase name="test_roles_permitidos" file="C:\laragon\www\Pro-Audio\tests\Unit\RoleAdminControllerUnitTest.php" line="52" class="Tests\Unit\RoleAdminControllerUnitTest" classname="Tests.Unit.RoleAdminControllerUnitTest" assertions="4" time="0.004288"/>
        <testcase name="test_orden_roles" file="C:\laragon\www\Pro-Audio\tests\Unit\RoleAdminControllerUnitTest.php" line="63" class="Tests\Unit\RoleAdminControllerUnitTest" classname="Tests.Unit.RoleAdminControllerUnitTest" assertions="3" time="0.006900"/>
        <testcase name="test_normalizacion_usuario_a_cliente" file="C:\laragon\www\Pro-Audio\tests\Unit\RoleAdminControllerUnitTest.php" line="73" class="Tests\Unit\RoleAdminControllerUnitTest" classname="Tests.Unit.RoleAdminControllerUnitTest" assertions="1" time="0.005379"/>
        <testcase name="test_roles_no_permitidos_son_rechazados" file="C:\laragon\www\Pro-Audio\tests\Unit\RoleAdminControllerUnitTest.php" line="82" class="Tests\Unit\RoleAdminControllerUnitTest" classname="Tests.Unit.RoleAdminControllerUnitTest" assertions="1" time="0.009057"/>
      </testsuite>
      <testsuite name="Tests\Unit\RoleControllerUnitTest" file="C:\laragon\www\Pro-Audio\tests\Unit\RoleControllerUnitTest.php" tests="4" assertions="14" errors="0" failures="0" skipped="0" time="0.046405">
        <testcase name="test_controller_instancia_correctamente" file="C:\laragon\www\Pro-Audio\tests\Unit\RoleControllerUnitTest.php" line="23" class="Tests\Unit\RoleControllerUnitTest" classname="Tests.Unit.RoleControllerUnitTest" assertions="1" time="0.029481"/>
        <testcase name="test_roles_permitidos_son_validos" file="C:\laragon\www\Pro-Audio\tests\Unit\RoleControllerUnitTest.php" line="28" class="Tests\Unit\RoleControllerUnitTest" classname="Tests.Unit.RoleControllerUnitTest" assertions="6" time="0.006390"/>
        <testcase name="test_admin_key_constante" file="C:\laragon\www\Pro-Audio\tests\Unit\RoleControllerUnitTest.php" line="40" class="Tests\Unit\RoleControllerUnitTest" classname="Tests.Unit.RoleControllerUnitTest" assertions="3" time="0.004400"/>
        <testcase name="test_validacion_roles_estructura" file="C:\laragon\www\Pro-Audio\tests\Unit\RoleControllerUnitTest.php" line="51" class="Tests\Unit\RoleControllerUnitTest" classname="Tests.Unit.RoleControllerUnitTest" assertions="4" time="0.006135"/>
      </testsuite>
      <testsuite name="Tests\Unit\ServiciosControllerUnitTest" file="C:\laragon\www\Pro-Audio\tests\Unit\ServiciosControllerUnitTest.php" tests="8" assertions="18" errors="0" failures="0" skipped="0" time="0.161690">
        <testcase name="test_slug_generacion_funciona" file="C:\laragon\www\Pro-Audio\tests\Unit\ServiciosControllerUnitTest.php" line="28" class="Tests\Unit\ServiciosControllerUnitTest" classname="Tests.Unit.ServiciosControllerUnitTest" assertions="3" time="0.125161"/>
        <testcase name="test_slug_con_caracteres_especiales" file="C:\laragon\www\Pro-Audio\tests\Unit\ServiciosControllerUnitTest.php" line="39" class="Tests\Unit\ServiciosControllerUnitTest" classname="Tests.Unit.ServiciosControllerUnitTest" assertions="2" time="0.007068"/>
        <testcase name="test_slug_con_acentos" file="C:\laragon\www\Pro-Audio\tests\Unit\ServiciosControllerUnitTest.php" line="48" class="Tests\Unit\ServiciosControllerUnitTest" classname="Tests.Unit.ServiciosControllerUnitTest" assertions="2" time="0.005029"/>
        <testcase name="test_validacion_nombre_servicio_estructura" file="C:\laragon\www\Pro-Audio\tests\Unit\ServiciosControllerUnitTest.php" line="61" class="Tests\Unit\ServiciosControllerUnitTest" classname="Tests.Unit.ServiciosControllerUnitTest" assertions="3" time="0.005919"/>
        <testcase name="test_validacion_descripcion_es_opcional" file="C:\laragon\www\Pro-Audio\tests\Unit\ServiciosControllerUnitTest.php" line="75" class="Tests\Unit\ServiciosControllerUnitTest" classname="Tests.Unit.ServiciosControllerUnitTest" assertions="1" time="0.004140"/>
        <testcase name="test_validacion_icono_es_opcional" file="C:\laragon\www\Pro-Audio\tests\Unit\ServiciosControllerUnitTest.php" line="84" class="Tests\Unit\ServiciosControllerUnitTest" classname="Tests.Unit.ServiciosControllerUnitTest" assertions="2" time="0.004018"/>
        <testcase name="test_estructura_vista_base_existe" file="C:\laragon\www\Pro-Audio\tests\Unit\ServiciosControllerUnitTest.php" line="98" class="Tests\Unit\ServiciosControllerUnitTest" classname="Tests.Unit.ServiciosControllerUnitTest" assertions="2" time="0.004317"/>
        <testcase name="test_ruta_vista_estructura" file="C:\laragon\www\Pro-Audio\tests\Unit\ServiciosControllerUnitTest.php" line="107" class="Tests\Unit\ServiciosControllerUnitTest" classname="Tests.Unit.ServiciosControllerUnitTest" assertions="3" time="0.006039"/>
      </testsuite>
      <testsuite name="Tests\Unit\ServiciosViewControllerUnitTest" file="C:\laragon\www\Pro-Audio\tests\Unit\ServiciosViewControllerUnitTest.php" tests="4" assertions="15" errors="0" failures="0" skipped="0" time="0.040754">
        <testcase name="test_nombres_servicios_validos" file="C:\laragon\www\Pro-Audio\tests\Unit\ServiciosViewControllerUnitTest.php" line="28" class="Tests\Unit\ServiciosViewControllerUnitTest" classname="Tests.Unit.ServiciosViewControllerUnitTest" assertions="4" time="0.023838"/>
        <testcase name="test_slug_generacion_servicio" file="C:\laragon\www\Pro-Audio\tests\Unit\ServiciosViewControllerUnitTest.php" line="39" class="Tests\Unit\ServiciosViewControllerUnitTest" classname="Tests.Unit.ServiciosViewControllerUnitTest" assertions="2" time="0.005769"/>
        <testcase name="test_ruta_vista_estructura" file="C:\laragon\www\Pro-Audio\tests\Unit\ServiciosViewControllerUnitTest.php" line="49" class="Tests\Unit\ServiciosViewControllerUnitTest" classname="Tests.Unit.ServiciosViewControllerUnitTest" assertions="3" time="0.004816"/>
        <testcase name="test_vistas_existentes" file="C:\laragon\www\Pro-Audio\tests\Unit\ServiciosViewControllerUnitTest.php" line="60" class="Tests\Unit\ServiciosViewControllerUnitTest" classname="Tests.Unit.ServiciosViewControllerUnitTest" assertions="6" time="0.006331"/>
      </testsuite>
      <testsuite name="Tests\Unit\SubServiciosControllerUnitTest" file="C:\laragon\www\Pro-Audio\tests\Unit\SubServiciosControllerUnitTest.php" tests="5" assertions="13" errors="0" failures="0" skipped="0" time="0.077401">
        <testcase name="test_validacion_store_estructura" file="C:\laragon\www\Pro-Audio\tests\Unit\SubServiciosControllerUnitTest.php" line="27" class="Tests\Unit\SubServiciosControllerUnitTest" classname="Tests.Unit.SubServiciosControllerUnitTest" assertions="3" time="0.057516"/>
        <testcase name="test_validacion_precio_debe_ser_numerico" file="C:\laragon\www\Pro-Audio\tests\Unit\SubServiciosControllerUnitTest.php" line="42" class="Tests\Unit\SubServiciosControllerUnitTest" classname="Tests.Unit.SubServiciosControllerUnitTest" assertions="2" time="0.006694"/>
        <testcase name="test_validacion_imagen_max_tamaño" file="C:\laragon\www\Pro-Audio\tests\Unit\SubServiciosControllerUnitTest.php" line="52" class="Tests\Unit\SubServiciosControllerUnitTest" classname="Tests.Unit.SubServiciosControllerUnitTest" assertions="2" time="0.004209"/>
        <testcase name="test_validacion_imagen_formatos_permitidos" file="C:\laragon\www\Pro-Audio\tests\Unit\SubServiciosControllerUnitTest.php" line="61" class="Tests\Unit\SubServiciosControllerUnitTest" classname="Tests.Unit.SubServiciosControllerUnitTest" assertions="5" time="0.004609"/>
        <testcase name="test_nombre_max_caracteres" file="C:\laragon\www\Pro-Audio\tests\Unit\SubServiciosControllerUnitTest.php" line="73" class="Tests\Unit\SubServiciosControllerUnitTest" classname="Tests.Unit.SubServiciosControllerUnitTest" assertions="1" time="0.004372"/>
      </testsuite>
      <testsuite name="Tests\Unit\UsuarioControllerUnitTest" file="C:\laragon\www\Pro-Audio\tests\Unit\UsuarioControllerUnitTest.php" tests="10" assertions="17" errors="0" failures="0" skipped="0" time="0.085502">
        <testcase name="test_validacion_registro_estructura" file="C:\laragon\www\Pro-Audio\tests\Unit\UsuarioControllerUnitTest.php" line="27" class="Tests\Unit\UsuarioControllerUnitTest" classname="Tests.Unit.UsuarioControllerUnitTest" assertions="3" time="0.050693"/>
        <testcase name="test_validacion_contrasena_min_caracteres" file="C:\laragon\www\Pro-Audio\tests\Unit\UsuarioControllerUnitTest.php" line="45" class="Tests\Unit\UsuarioControllerUnitTest" classname="Tests.Unit.UsuarioControllerUnitTest" assertions="2" time="0.004694"/>
        <testcase name="test_validacion_telefono_max_caracteres" file="C:\laragon\www\Pro-Audio\tests\Unit\UsuarioControllerUnitTest.php" line="56" class="Tests\Unit\UsuarioControllerUnitTest" classname="Tests.Unit.UsuarioControllerUnitTest" assertions="1" time="0.003261"/>
        <testcase name="test_validacion_correo_debe_ser_email" file="C:\laragon\www\Pro-Audio\tests\Unit\UsuarioControllerUnitTest.php" line="64" class="Tests\Unit\UsuarioControllerUnitTest" classname="Tests.Unit.UsuarioControllerUnitTest" assertions="1" time="0.004746"/>
        <testcase name="test_validacion_autenticar_estructura" file="C:\laragon\www\Pro-Audio\tests\Unit\UsuarioControllerUnitTest.php" line="77" class="Tests\Unit\UsuarioControllerUnitTest" classname="Tests.Unit.UsuarioControllerUnitTest" assertions="2" time="0.004070"/>
        <testcase name="test_validacion_foto_perfil_estructura" file="C:\laragon\www\Pro-Audio\tests\Unit\UsuarioControllerUnitTest.php" line="92" class="Tests\Unit\UsuarioControllerUnitTest" classname="Tests.Unit.UsuarioControllerUnitTest" assertions="2" time="0.003534"/>
        <testcase name="test_foto_perfil_formatos_permitidos" file="C:\laragon\www\Pro-Audio\tests\Unit\UsuarioControllerUnitTest.php" line="102" class="Tests\Unit\UsuarioControllerUnitTest" classname="Tests.Unit.UsuarioControllerUnitTest" assertions="3" time="0.003688"/>
        <testcase name="test_foto_perfil_max_tamaño" file="C:\laragon\www\Pro-Audio\tests\Unit\UsuarioControllerUnitTest.php" line="112" class="Tests\Unit\UsuarioControllerUnitTest" classname="Tests.Unit.UsuarioControllerUnitTest" assertions="1" time="0.003914"/>
        <testcase name="test_estado_activo_por_defecto" file="C:\laragon\www\Pro-Audio\tests\Unit\UsuarioControllerUnitTest.php" line="124" class="Tests\Unit\UsuarioControllerUnitTest" classname="Tests.Unit.UsuarioControllerUnitTest" assertions="1" time="0.003758"/>
        <testcase name="test_rol_cliente_por_defecto" file="C:\laragon\www\Pro-Audio\tests\Unit\UsuarioControllerUnitTest.php" line="132" class="Tests\Unit\UsuarioControllerUnitTest" classname="Tests.Unit.UsuarioControllerUnitTest" assertions="1" time="0.003144"/>
      </testsuite>
    </testsuite>
    <testsuite name="Feature" tests="1" assertions="3" errors="0" failures="0" skipped="0" time="0.134136">
      <testsuite name="Tests\Feature\ExampleTest" file="C:\laragon\www\Pro-Audio\tests\Feature\ExampleTest.php" tests="1" assertions="3" errors="0" failures="0" skipped="0" time="0.134136">
        <testcase name="test_the_application_returns_a_successful_response" file="C:\laragon\www\Pro-Audio\tests\Feature\ExampleTest.php" line="13" class="Tests\Feature\ExampleTest" classname="Tests.Feature.ExampleTest" assertions="3" time="0.134136"/>
      </testsuite>
    </testsuite>
  </testsuite>
</testsuites>
