<?xml version="1.0" encoding="UTF-8"?>
<testsuites>
  <testsuite name="C:\laragon\www\Pro_Audio_Y\phpunit.xml" tests="1210" assertions="2531" errors="0" failures="0" skipped="0" time="394.651174">
    <testsuite name="Unit" tests="766" assertions="1405" errors="0" failures="0" skipped="0" time="145.427030">
      <testsuite name="Tests\Unit\AjustesControllerUnitTest" file="C:\laragon\www\Pro_Audio_Y\tests\Unit\AjustesControllerUnitTest.php" tests="28" assertions="80" errors="0" failures="0" skipped="0" time="15.778287">
        <testcase name="test_index_sin_parametros" file="C:\laragon\www\Pro_Audio_Y\tests\Unit\AjustesControllerUnitTest.php" line="63" class="Tests\Unit\AjustesControllerUnitTest" classname="Tests.Unit.AjustesControllerUnitTest" assertions="8" time="4.406848"/>
        <testcase name="test_index_con_group_by_dia" file="C:\laragon\www\Pro_Audio_Y\tests\Unit\AjustesControllerUnitTest.php" line="87" class="Tests\Unit\AjustesControllerUnitTest" classname="Tests.Unit.AjustesControllerUnitTest" assertions="3" time="0.253898"/>
        <testcase name="test_index_con_group_by_consulta" file="C:\laragon\www\Pro_Audio_Y\tests\Unit\AjustesControllerUnitTest.php" line="98" class="Tests\Unit\AjustesControllerUnitTest" classname="Tests.Unit.AjustesControllerUnitTest" assertions="3" time="0.093192"/>
        <testcase name="test_index_con_tab_especifico" file="C:\laragon\www\Pro_Audio_Y\tests\Unit\AjustesControllerUnitTest.php" line="109" class="Tests\Unit\AjustesControllerUnitTest" classname="Tests.Unit.AjustesControllerUnitTest" assertions="2" time="0.111070"/>
        <testcase name="test_index_con_tab_subservicios" file="C:\laragon\www\Pro_Audio_Y\tests\Unit\AjustesControllerUnitTest.php" line="119" class="Tests\Unit\AjustesControllerUnitTest" classname="Tests.Unit.AjustesControllerUnitTest" assertions="2" time="0.127218"/>
        <testcase name="test_index_con_tab_movimientos" file="C:\laragon\www\Pro_Audio_Y\tests\Unit\AjustesControllerUnitTest.php" line="129" class="Tests\Unit\AjustesControllerUnitTest" classname="Tests.Unit.AjustesControllerUnitTest" assertions="2" time="0.092977"/>
        <testcase name="test_index_con_tab_invalido" file="C:\laragon\www\Pro_Audio_Y\tests\Unit\AjustesControllerUnitTest.php" line="139" class="Tests\Unit\AjustesControllerUnitTest" classname="Tests.Unit.AjustesControllerUnitTest" assertions="2" time="0.119166"/>
        <testcase name="test_index_con_cotizaciones" file="C:\laragon\www\Pro_Audio_Y\tests\Unit\AjustesControllerUnitTest.php" line="150" class="Tests\Unit\AjustesControllerUnitTest" classname="Tests.Unit.AjustesControllerUnitTest" assertions="2" time="0.263879"/>
        <testcase name="test_export_historial_pdf_sin_group_by" file="C:\laragon\www\Pro_Audio_Y\tests\Unit\AjustesControllerUnitTest.php" line="189" class="Tests\Unit\AjustesControllerUnitTest" classname="Tests.Unit.AjustesControllerUnitTest" assertions="2" time="2.180521"/>
        <testcase name="test_export_historial_pdf_con_group_by" file="C:\laragon\www\Pro_Audio_Y\tests\Unit\AjustesControllerUnitTest.php" line="199" class="Tests\Unit\AjustesControllerUnitTest" classname="Tests.Unit.AjustesControllerUnitTest" assertions="2" time="1.128692"/>
        <testcase name="test_export_historial_pdf_con_group_by_consulta" file="C:\laragon\www\Pro_Audio_Y\tests\Unit\AjustesControllerUnitTest.php" line="208" class="Tests\Unit\AjustesControllerUnitTest" classname="Tests.Unit.AjustesControllerUnitTest" assertions="2" time="1.971385"/>
        <testcase name="test_get_subservicios" file="C:\laragon\www\Pro_Audio_Y\tests\Unit\AjustesControllerUnitTest.php" line="246" class="Tests\Unit\AjustesControllerUnitTest" classname="Tests.Unit.AjustesControllerUnitTest" assertions="4" time="0.694567"/>
        <testcase name="test_group_by_opciones_validas" file="C:\laragon\www\Pro_Audio_Y\tests\Unit\AjustesControllerUnitTest.php" line="268" class="Tests\Unit\AjustesControllerUnitTest" classname="Tests.Unit.AjustesControllerUnitTest" assertions="3" time="0.453871"/>
        <testcase name="test_tab_opciones_validas" file="C:\laragon\www\Pro_Audio_Y\tests\Unit\AjustesControllerUnitTest.php" line="277" class="Tests\Unit\AjustesControllerUnitTest" classname="Tests.Unit.AjustesControllerUnitTest" assertions="3" time="0.474960"/>
        <testcase name="test_active_tab_default" file="C:\laragon\www\Pro_Audio_Y\tests\Unit\AjustesControllerUnitTest.php" line="286" class="Tests\Unit\AjustesControllerUnitTest" classname="Tests.Unit.AjustesControllerUnitTest" assertions="1" time="0.351072"/>
        <testcase name="test_active_tab_con_group_by" file="C:\laragon\www\Pro_Audio_Y\tests\Unit\AjustesControllerUnitTest.php" line="294" class="Tests\Unit\AjustesControllerUnitTest" classname="Tests.Unit.AjustesControllerUnitTest" assertions="1" time="0.479776"/>
        <testcase name="test_group_cotizaciones_por_dia" file="C:\laragon\www\Pro_Audio_Y\tests\Unit\AjustesControllerUnitTest.php" line="302" class="Tests\Unit\AjustesControllerUnitTest" classname="Tests.Unit.AjustesControllerUnitTest" assertions="2" time="0.202209"/>
        <testcase name="test_group_cotizaciones_por_consulta" file="C:\laragon\www\Pro_Audio_Y\tests\Unit\AjustesControllerUnitTest.php" line="337" class="Tests\Unit\AjustesControllerUnitTest" classname="Tests.Unit.AjustesControllerUnitTest" assertions="2" time="0.248810"/>
        <testcase name="test_get_cotizaciones_metodo_privado" file="C:\laragon\www\Pro_Audio_Y\tests\Unit\AjustesControllerUnitTest.php" line="376" class="Tests\Unit\AjustesControllerUnitTest" classname="Tests.Unit.AjustesControllerUnitTest" assertions="3" time="0.249328"/>
        <testcase name="test_group_cotizaciones_por_dia_metodo_privado" file="C:\laragon\www\Pro_Audio_Y\tests\Unit\AjustesControllerUnitTest.php" line="409" class="Tests\Unit\AjustesControllerUnitTest" classname="Tests.Unit.AjustesControllerUnitTest" assertions="6" time="0.140832"/>
        <testcase name="test_group_cotizaciones_por_consulta_metodo_privado" file="C:\laragon\www\Pro_Audio_Y\tests\Unit\AjustesControllerUnitTest.php" line="457" class="Tests\Unit\AjustesControllerUnitTest" classname="Tests.Unit.AjustesControllerUnitTest" assertions="8" time="0.101759"/>
        <testcase name="test_group_cotizaciones_sin_group_by" file="C:\laragon\www\Pro_Audio_Y\tests\Unit\AjustesControllerUnitTest.php" line="500" class="Tests\Unit\AjustesControllerUnitTest" classname="Tests.Unit.AjustesControllerUnitTest" assertions="1" time="0.088686"/>
        <testcase name="test_group_cotizaciones_con_fecha_null" file="C:\laragon\www\Pro_Audio_Y\tests\Unit\AjustesControllerUnitTest.php" line="533" class="Tests\Unit\AjustesControllerUnitTest" classname="Tests.Unit.AjustesControllerUnitTest" assertions="1" time="0.091409"/>
        <testcase name="test_group_cotizaciones_por_consulta_con_personas_id_null" file="C:\laragon\www\Pro_Audio_Y\tests\Unit\AjustesControllerUnitTest.php" line="567" class="Tests\Unit\AjustesControllerUnitTest" classname="Tests.Unit.AjustesControllerUnitTest" assertions="1" time="0.085773"/>
        <testcase name="test_index_con_group_by_y_tab" file="C:\laragon\www\Pro_Audio_Y\tests\Unit\AjustesControllerUnitTest.php" line="602" class="Tests\Unit\AjustesControllerUnitTest" classname="Tests.Unit.AjustesControllerUnitTest" assertions="3" time="0.104436"/>
        <testcase name="test_index_con_historial_type_reservas" file="C:\laragon\www\Pro_Audio_Y\tests\Unit\AjustesControllerUnitTest.php" line="616" class="Tests\Unit\AjustesControllerUnitTest" classname="Tests.Unit.AjustesControllerUnitTest" assertions="5" time="0.928581"/>
        <testcase name="test_get_reservas_metodo_privado" file="C:\laragon\www\Pro_Audio_Y\tests\Unit\AjustesControllerUnitTest.php" line="657" class="Tests\Unit\AjustesControllerUnitTest" classname="Tests.Unit.AjustesControllerUnitTest" assertions="4" time="0.250806"/>
        <testcase name="test_get_reservas_metodo_privado_sin_reservas_confirmadas" file="C:\laragon\www\Pro_Audio_Y\tests\Unit\AjustesControllerUnitTest.php" line="702" class="Tests\Unit\AjustesControllerUnitTest" classname="Tests.Unit.AjustesControllerUnitTest" assertions="2" time="0.082566"/>
      </testsuite>
      <testsuite name="Tests\Unit\BusquedaControllerUnitTest" file="C:\laragon\www\Pro_Audio_Y\tests\Unit\BusquedaControllerUnitTest.php" tests="8" assertions="10" errors="0" failures="0" skipped="0" time="2.027656">
        <testcase name="test_normalizar_texto_convierte_a_minusculas" file="C:\laragon\www\Pro_Audio_Y\tests\Unit\BusquedaControllerUnitTest.php" line="27" class="Tests\Unit\BusquedaControllerUnitTest" classname="Tests.Unit.BusquedaControllerUnitTest" assertions="1" time="1.533123"/>
        <testcase name="test_normalizar_texto_elimina_espacios_extra" file="C:\laragon\www\Pro_Audio_Y\tests\Unit\BusquedaControllerUnitTest.php" line="33" class="Tests\Unit\BusquedaControllerUnitTest" classname="Tests.Unit.BusquedaControllerUnitTest" assertions="2" time="0.108904"/>
        <testcase name="test_normalizar_texto_corrige_animacion" file="C:\laragon\www\Pro_Audio_Y\tests\Unit\BusquedaControllerUnitTest.php" line="43" class="Tests\Unit\BusquedaControllerUnitTest" classname="Tests.Unit.BusquedaControllerUnitTest" assertions="1" time="0.061792"/>
        <testcase name="test_normalizar_texto_corrige_animador" file="C:\laragon\www\Pro_Audio_Y\tests\Unit\BusquedaControllerUnitTest.php" line="49" class="Tests\Unit\BusquedaControllerUnitTest" classname="Tests.Unit.BusquedaControllerUnitTest" assertions="1" time="0.062091"/>
        <testcase name="test_normalizar_texto_mantiene_alquiler" file="C:\laragon\www\Pro_Audio_Y\tests\Unit\BusquedaControllerUnitTest.php" line="55" class="Tests\Unit\BusquedaControllerUnitTest" classname="Tests.Unit.BusquedaControllerUnitTest" assertions="1" time="0.063002"/>
        <testcase name="test_normalizar_texto_mantiene_publicidad" file="C:\laragon\www\Pro_Audio_Y\tests\Unit\BusquedaControllerUnitTest.php" line="61" class="Tests\Unit\BusquedaControllerUnitTest" classname="Tests.Unit.BusquedaControllerUnitTest" assertions="1" time="0.069299"/>
        <testcase name="test_normalizar_texto_con_cadena_vacia" file="C:\laragon\www\Pro_Audio_Y\tests\Unit\BusquedaControllerUnitTest.php" line="67" class="Tests\Unit\BusquedaControllerUnitTest" classname="Tests.Unit.BusquedaControllerUnitTest" assertions="1" time="0.065995"/>
        <testcase name="test_normalizar_texto_con_texto_complejo" file="C:\laragon\www\Pro_Audio_Y\tests\Unit\BusquedaControllerUnitTest.php" line="73" class="Tests\Unit\BusquedaControllerUnitTest" classname="Tests.Unit.BusquedaControllerUnitTest" assertions="2" time="0.063447"/>
      </testsuite>
      <testsuite name="Tests\Unit\CalendarioControllerUnitTest" file="C:\laragon\www\Pro_Audio_Y\tests\Unit\CalendarioControllerUnitTest.php" tests="3" assertions="8" errors="0" failures="0" skipped="0" time="0.296826">
        <testcase name="test_default_event_title_constante" file="C:\laragon\www\Pro_Audio_Y\tests\Unit\CalendarioControllerUnitTest.php" line="19" class="Tests\Unit\CalendarioControllerUnitTest" classname="Tests.Unit.CalendarioControllerUnitTest" assertions="2" time="0.289071"/>
        <testcase name="test_is_admin_like_logica_administrador" file="C:\laragon\www\Pro_Audio_Y\tests\Unit\CalendarioControllerUnitTest.php" line="30" class="Tests\Unit\CalendarioControllerUnitTest" classname="Tests.Unit.CalendarioControllerUnitTest" assertions="3" time="0.004940"/>
        <testcase name="test_is_admin_like_case_insensitive" file="C:\laragon\www\Pro_Audio_Y\tests\Unit\CalendarioControllerUnitTest.php" line="41" class="Tests\Unit\CalendarioControllerUnitTest" classname="Tests.Unit.CalendarioControllerUnitTest" assertions="3" time="0.002814"/>
      </testsuite>
      <testsuite name="Tests\Unit\CalendarioDataServiceCoverageTest" file="C:\laragon\www\Pro_Audio_Y\tests\Unit\CalendarioDataServiceCoverageTest.php" tests="2" assertions="6" errors="0" failures="0" skipped="0" time="1.978327">
        <testcase name="test_obtener_productos_desde_items_item_sin_movimiento_cubre_linea_91" file="C:\laragon\www\Pro_Audio_Y\tests\Unit\CalendarioDataServiceCoverageTest.php" line="44" class="Tests\Unit\CalendarioDataServiceCoverageTest" classname="Tests.Unit.CalendarioDataServiceCoverageTest" assertions="3" time="1.583805"/>
        <testcase name="test_obtener_productos_desde_items_item_sin_inventario_en_coleccion_cubre_linea_91" file="C:\laragon\www\Pro_Audio_Y\tests\Unit\CalendarioDataServiceCoverageTest.php" line="99" class="Tests\Unit\CalendarioDataServiceCoverageTest" classname="Tests.Unit.CalendarioDataServiceCoverageTest" assertions="3" time="0.394521"/>
      </testsuite>
      <testsuite name="Tests\Unit\CalendarioDataServiceTest" file="C:\laragon\www\Pro_Audio_Y\tests\Unit\CalendarioDataServiceTest.php" tests="15" assertions="43" errors="0" failures="0" skipped="0" time="1.902085">
        <testcase name="test_eliminar_duplicados_registros_sin_duplicados" file="C:\laragon\www\Pro_Audio_Y\tests\Unit\CalendarioDataServiceTest.php" line="50" class="Tests\Unit\CalendarioDataServiceTest" classname="Tests.Unit.CalendarioDataServiceTest" assertions="1" time="0.199127"/>
        <testcase name="test_eliminar_duplicados_registros_con_duplicados" file="C:\laragon\www\Pro_Audio_Y\tests\Unit\CalendarioDataServiceTest.php" line="79" class="Tests\Unit\CalendarioDataServiceTest" classname="Tests.Unit.CalendarioDataServiceTest" assertions="1" time="0.155009"/>
        <testcase name="test_eliminar_duplicados_registros_con_items_diferentes" file="C:\laragon\www\Pro_Audio_Y\tests\Unit\CalendarioDataServiceTest.php" line="108" class="Tests\Unit\CalendarioDataServiceTest" classname="Tests.Unit.CalendarioDataServiceTest" assertions="1" time="0.200321"/>
        <testcase name="test_generar_clave_unica_registro" file="C:\laragon\www\Pro_Audio_Y\tests\Unit\CalendarioDataServiceTest.php" line="175" class="Tests\Unit\CalendarioDataServiceTest" classname="Tests.Unit.CalendarioDataServiceTest" assertions="4" time="0.159605"/>
        <testcase name="test_generar_clave_unica_registro_con_items" file="C:\laragon\www\Pro_Audio_Y\tests\Unit\CalendarioDataServiceTest.php" line="196" class="Tests\Unit\CalendarioDataServiceTest" classname="Tests.Unit.CalendarioDataServiceTest" assertions="3" time="0.113365"/>
        <testcase name="test_transformar_registro_a_data_desde_items" file="C:\laragon\www\Pro_Audio_Y\tests\Unit\CalendarioDataServiceTest.php" line="238" class="Tests\Unit\CalendarioDataServiceTest" classname="Tests.Unit.CalendarioDataServiceTest" assertions="9" time="0.161792"/>
        <testcase name="test_transformar_registro_a_data_formato_antiguo" file="C:\laragon\www\Pro_Audio_Y\tests\Unit\CalendarioDataServiceTest.php" line="286" class="Tests\Unit\CalendarioDataServiceTest" classname="Tests.Unit.CalendarioDataServiceTest" assertions="4" time="0.098202"/>
        <testcase name="test_transformar_registro_a_data_sin_productos" file="C:\laragon\www\Pro_Audio_Y\tests\Unit\CalendarioDataServiceTest.php" line="324" class="Tests\Unit\CalendarioDataServiceTest" classname="Tests.Unit.CalendarioDataServiceTest" assertions="3" time="0.107289"/>
        <testcase name="test_transformar_registro_a_data_con_multiples_items" file="C:\laragon\www\Pro_Audio_Y\tests\Unit\CalendarioDataServiceTest.php" line="346" class="Tests\Unit\CalendarioDataServiceTest" classname="Tests.Unit.CalendarioDataServiceTest" assertions="3" time="0.129434"/>
        <testcase name="test_obtener_registros_unicos" file="C:\laragon\www\Pro_Audio_Y\tests\Unit\CalendarioDataServiceTest.php" line="410" class="Tests\Unit\CalendarioDataServiceTest" classname="Tests.Unit.CalendarioDataServiceTest" assertions="3" time="0.091539"/>
        <testcase name="test_cargar_movimientos_e_inventarios" file="C:\laragon\www\Pro_Audio_Y\tests\Unit\CalendarioDataServiceTest.php" line="430" class="Tests\Unit\CalendarioDataServiceTest" classname="Tests.Unit.CalendarioDataServiceTest" assertions="4" time="0.127945"/>
        <testcase name="test_cargar_movimientos_e_inventarios_vacios" file="C:\laragon\www\Pro_Audio_Y\tests\Unit\CalendarioDataServiceTest.php" line="453" class="Tests\Unit\CalendarioDataServiceTest" classname="Tests.Unit.CalendarioDataServiceTest" assertions="4" time="0.082519"/>
        <testcase name="test_transformar_registro_a_data_incluye_tiene_items" file="C:\laragon\www\Pro_Audio_Y\tests\Unit\CalendarioDataServiceTest.php" line="467" class="Tests\Unit\CalendarioDataServiceTest" classname="Tests.Unit.CalendarioDataServiceTest" assertions="1" time="0.098025"/>
        <testcase name="test_transformar_registro_a_data_sin_items" file="C:\laragon\www\Pro_Audio_Y\tests\Unit\CalendarioDataServiceTest.php" line="506" class="Tests\Unit\CalendarioDataServiceTest" classname="Tests.Unit.CalendarioDataServiceTest" assertions="1" time="0.085802"/>
        <testcase name="test_transformar_registro_a_data_formato_antiguo_sin_cantidad" file="C:\laragon\www\Pro_Audio_Y\tests\Unit\CalendarioDataServiceTest.php" line="526" class="Tests\Unit\CalendarioDataServiceTest" classname="Tests.Unit.CalendarioDataServiceTest" assertions="1" time="0.092110"/>
      </testsuite>
      <testsuite name="Tests\Unit\CalendarioEventServiceTest" file="C:\laragon\www\Pro_Audio_Y\tests\Unit\CalendarioEventServiceTest.php" tests="13" assertions="38" errors="0" failures="0" skipped="0" time="1.722271">
        <testcase name="test_construir_evento_desde_items" file="C:\laragon\www\Pro_Audio_Y\tests\Unit\CalendarioEventServiceTest.php" line="51" class="Tests\Unit\CalendarioEventServiceTest" classname="Tests.Unit.CalendarioEventServiceTest" assertions="6" time="0.162313"/>
        <testcase name="test_construir_evento_formato_antiguo" file="C:\laragon\www\Pro_Audio_Y\tests\Unit\CalendarioEventServiceTest.php" line="96" class="Tests\Unit\CalendarioEventServiceTest" classname="Tests.Unit.CalendarioEventServiceTest" assertions="4" time="0.132816"/>
        <testcase name="test_construir_evento_sin_items_ni_movimiento" file="C:\laragon\www\Pro_Audio_Y\tests\Unit\CalendarioEventServiceTest.php" line="135" class="Tests\Unit\CalendarioEventServiceTest" classname="Tests.Unit.CalendarioEventServiceTest" assertions="3" time="0.110360"/>
        <testcase name="test_construir_evento_con_multiples_items" file="C:\laragon\www\Pro_Audio_Y\tests\Unit\CalendarioEventServiceTest.php" line="157" class="Tests\Unit\CalendarioEventServiceTest" classname="Tests.Unit.CalendarioEventServiceTest" assertions="4" time="0.119526"/>
        <testcase name="test_construir_evento_con_item_sin_inventario_en_coleccion" file="C:\laragon\www\Pro_Audio_Y\tests\Unit\CalendarioEventServiceTest.php" line="218" class="Tests\Unit\CalendarioEventServiceTest" classname="Tests.Unit.CalendarioEventServiceTest" assertions="2" time="0.184958"/>
        <testcase name="test_construir_evento_formato_antiguo_sin_cantidad" file="C:\laragon\www\Pro_Audio_Y\tests\Unit\CalendarioEventServiceTest.php" line="259" class="Tests\Unit\CalendarioEventServiceTest" classname="Tests.Unit.CalendarioEventServiceTest" assertions="3" time="0.170450"/>
        <testcase name="test_next_palette_color_retorna_colores" file="C:\laragon\www\Pro_Audio_Y\tests\Unit\CalendarioEventServiceTest.php" line="300" class="Tests\Unit\CalendarioEventServiceTest" classname="Tests.Unit.CalendarioEventServiceTest" assertions="5" time="0.080572"/>
        <testcase name="test_next_palette_color_rota_colores" file="C:\laragon\www\Pro_Audio_Y\tests\Unit\CalendarioEventServiceTest.php" line="311" class="Tests\Unit\CalendarioEventServiceTest" classname="Tests.Unit.CalendarioEventServiceTest" assertions="3" time="0.078713"/>
        <testcase name="test_next_palette_color_usa_default_si_palette_vacia_cubre_linea_132" file="C:\laragon\www\Pro_Audio_Y\tests\Unit\CalendarioEventServiceTest.php" line="322" class="Tests\Unit\CalendarioEventServiceTest" classname="Tests.Unit.CalendarioEventServiceTest" assertions="2" time="0.076989"/>
        <testcase name="test_reset_palette_cursor" file="C:\laragon\www\Pro_Audio_Y\tests\Unit\CalendarioEventServiceTest.php" line="341" class="Tests\Unit\CalendarioEventServiceTest" classname="Tests.Unit.CalendarioEventServiceTest" assertions="1" time="0.079326"/>
        <testcase name="test_construir_evento_incluye_calendario_id" file="C:\laragon\www\Pro_Audio_Y\tests\Unit\CalendarioEventServiceTest.php" line="356" class="Tests\Unit\CalendarioEventServiceTest" classname="Tests.Unit.CalendarioEventServiceTest" assertions="1" time="0.145372"/>
        <testcase name="test_construir_evento_incluye_inventario_ids" file="C:\laragon\www\Pro_Audio_Y\tests\Unit\CalendarioEventServiceTest.php" line="376" class="Tests\Unit\CalendarioEventServiceTest" classname="Tests.Unit.CalendarioEventServiceTest" assertions="2" time="0.162993"/>
        <testcase name="test_construir_evento_con_descripcion_evento_vacia" file="C:\laragon\www\Pro_Audio_Y\tests\Unit\CalendarioEventServiceTest.php" line="412" class="Tests\Unit\CalendarioEventServiceTest" classname="Tests.Unit.CalendarioEventServiceTest" assertions="2" time="0.217884"/>
      </testsuite>
      <testsuite name="Tests\Unit\CalendarioItemModelTest" file="C:\laragon\www\Pro_Audio_Y\tests\Unit\CalendarioItemModelTest.php" tests="2" assertions="4" errors="0" failures="0" skipped="0" time="0.333595">
        <testcase name="test_calendario_item_tiene_relacion_calendario" file="C:\laragon\www\Pro_Audio_Y\tests\Unit\CalendarioItemModelTest.php" line="26" class="Tests\Unit\CalendarioItemModelTest" classname="Tests.Unit.CalendarioItemModelTest" assertions="3" time="0.172595"/>
        <testcase name="test_calendario_item_relacion_calendario_carga" file="C:\laragon\www\Pro_Audio_Y\tests\Unit\CalendarioItemModelTest.php" line="75" class="Tests\Unit\CalendarioItemModelTest" classname="Tests.Unit.CalendarioItemModelTest" assertions="1" time="0.161000"/>
      </testsuite>
      <testsuite name="Tests\Unit\CalendarioItemRepositoryTest" file="C:\laragon\www\Pro_Audio_Y\tests\Unit\CalendarioItemRepositoryTest.php" tests="5" assertions="11" errors="0" failures="0" skipped="0" time="1.678431">
        <testcase name="test_create_crea_calendario_item" file="C:\laragon\www\Pro_Audio_Y\tests\Unit\CalendarioItemRepositoryTest.php" line="26" class="Tests\Unit\CalendarioItemRepositoryTest" classname="Tests.Unit.CalendarioItemRepositoryTest" assertions="4" time="0.901507"/>
        <testcase name="test_delete_by_calendario_id_elimina_items" file="C:\laragon\www\Pro_Audio_Y\tests\Unit\CalendarioItemRepositoryTest.php" line="75" class="Tests\Unit\CalendarioItemRepositoryTest" classname="Tests.Unit.CalendarioItemRepositoryTest" assertions="2" time="0.210142"/>
        <testcase name="test_delete_by_calendario_id_retorna_false_si_no_hay_items" file="C:\laragon\www\Pro_Audio_Y\tests\Unit\CalendarioItemRepositoryTest.php" line="129" class="Tests\Unit\CalendarioItemRepositoryTest" classname="Tests.Unit.CalendarioItemRepositoryTest" assertions="1" time="0.103985"/>
        <testcase name="test_get_by_calendario_id_retorna_items" file="C:\laragon\www\Pro_Audio_Y\tests\Unit\CalendarioItemRepositoryTest.php" line="157" class="Tests\Unit\CalendarioItemRepositoryTest" classname="Tests.Unit.CalendarioItemRepositoryTest" assertions="3" time="0.215538"/>
        <testcase name="test_get_by_calendario_id_retorna_vacio_si_no_hay_items" file="C:\laragon\www\Pro_Audio_Y\tests\Unit\CalendarioItemRepositoryTest.php" line="212" class="Tests\Unit\CalendarioItemRepositoryTest" classname="Tests.Unit.CalendarioItemRepositoryTest" assertions="1" time="0.247260"/>
      </testsuite>
      <testsuite name="Tests\Unit\CalendarioModelTest" file="C:\laragon\www\Pro_Audio_Y\tests\Unit\CalendarioModelTest.php" tests="2" assertions="4" errors="0" failures="0" skipped="0" time="0.286170">
        <testcase name="test_calendario_tiene_relacion_usuario" file="C:\laragon\www\Pro_Audio_Y\tests\Unit\CalendarioModelTest.php" line="23" class="Tests\Unit\CalendarioModelTest" classname="Tests.Unit.CalendarioModelTest" assertions="3" time="0.200352"/>
        <testcase name="test_calendario_relacion_usuario_carga" file="C:\laragon\www\Pro_Audio_Y\tests\Unit\CalendarioModelTest.php" line="53" class="Tests\Unit\CalendarioModelTest" classname="Tests.Unit.CalendarioModelTest" assertions="1" time="0.085818"/>
      </testsuite>
      <testsuite name="Tests\Unit\CalendarioRepositoryTest" file="C:\laragon\www\Pro_Audio_Y\tests\Unit\CalendarioRepositoryTest.php" tests="1" assertions="2" errors="0" failures="0" skipped="0" time="0.141940">
        <testcase name="test_find_encuentra_calendario" file="C:\laragon\www\Pro_Audio_Y\tests\Unit\CalendarioRepositoryTest.php" line="23" class="Tests\Unit\CalendarioRepositoryTest" classname="Tests.Unit.CalendarioRepositoryTest" assertions="2" time="0.141940"/>
      </testsuite>
      <testsuite name="Tests\Unit\CalendarioValidationServiceTest" file="C:\laragon\www\Pro_Audio_Y\tests\Unit\CalendarioValidationServiceTest.php" tests="37" assertions="61" errors="0" failures="0" skipped="0" time="6.664764">
        <testcase name="test_get_validation_rules_for_items" file="C:\laragon\www\Pro_Audio_Y\tests\Unit\CalendarioValidationServiceTest.php" line="56" class="Tests\Unit\CalendarioValidationServiceTest" classname="Tests.Unit.CalendarioValidationServiceTest" assertions="5" time="0.313210"/>
        <testcase name="test_get_validation_messages_for_items" file="C:\laragon\www\Pro_Audio_Y\tests\Unit\CalendarioValidationServiceTest.php" line="67" class="Tests\Unit\CalendarioValidationServiceTest" classname="Tests.Unit.CalendarioValidationServiceTest" assertions="3" time="0.165714"/>
        <testcase name="test_get_validation_rules_for_old_format" file="C:\laragon\www\Pro_Audio_Y\tests\Unit\CalendarioValidationServiceTest.php" line="76" class="Tests\Unit\CalendarioValidationServiceTest" classname="Tests.Unit.CalendarioValidationServiceTest" assertions="3" time="0.074257"/>
        <testcase name="test_get_validation_messages_for_old_format" file="C:\laragon\www\Pro_Audio_Y\tests\Unit\CalendarioValidationServiceTest.php" line="85" class="Tests\Unit\CalendarioValidationServiceTest" classname="Tests.Unit.CalendarioValidationServiceTest" assertions="2" time="0.069912"/>
        <testcase name="test_get_validation_rules_for_update_items" file="C:\laragon\www\Pro_Audio_Y\tests\Unit\CalendarioValidationServiceTest.php" line="93" class="Tests\Unit\CalendarioValidationServiceTest" classname="Tests.Unit.CalendarioValidationServiceTest" assertions="3" time="0.073323"/>
        <testcase name="test_get_validation_messages_for_update_items" file="C:\laragon\www\Pro_Audio_Y\tests\Unit\CalendarioValidationServiceTest.php" line="102" class="Tests\Unit\CalendarioValidationServiceTest" classname="Tests.Unit.CalendarioValidationServiceTest" assertions="3" time="0.082807"/>
        <testcase name="test_get_validation_rules_for_update_old_format" file="C:\laragon\www\Pro_Audio_Y\tests\Unit\CalendarioValidationServiceTest.php" line="111" class="Tests\Unit\CalendarioValidationServiceTest" classname="Tests.Unit.CalendarioValidationServiceTest" assertions="3" time="0.073361"/>
        <testcase name="test_get_validation_messages_for_update_old_format" file="C:\laragon\www\Pro_Audio_Y\tests\Unit\CalendarioValidationServiceTest.php" line="120" class="Tests\Unit\CalendarioValidationServiceTest" classname="Tests.Unit.CalendarioValidationServiceTest" assertions="3" time="0.149981"/>
        <testcase name="test_validar_stock_para_items_suficiente" file="C:\laragon\www\Pro_Audio_Y\tests\Unit\CalendarioValidationServiceTest.php" line="129" class="Tests\Unit\CalendarioValidationServiceTest" classname="Tests.Unit.CalendarioValidationServiceTest" assertions="1" time="0.382735"/>
        <testcase name="test_validar_stock_para_items_inventario_no_existe" file="C:\laragon\www\Pro_Audio_Y\tests\Unit\CalendarioValidationServiceTest.php" line="149" class="Tests\Unit\CalendarioValidationServiceTest" classname="Tests.Unit.CalendarioValidationServiceTest" assertions="1" time="0.999143"/>
        <testcase name="test_validar_stock_para_items_stock_insuficiente" file="C:\laragon\www\Pro_Audio_Y\tests\Unit\CalendarioValidationServiceTest.php" line="164" class="Tests\Unit\CalendarioValidationServiceTest" classname="Tests.Unit.CalendarioValidationServiceTest" assertions="1" time="0.437434"/>
        <testcase name="test_calcular_reservadas" file="C:\laragon\www\Pro_Audio_Y\tests\Unit\CalendarioValidationServiceTest.php" line="184" class="Tests\Unit\CalendarioValidationServiceTest" classname="Tests.Unit.CalendarioValidationServiceTest" assertions="1" time="0.220210"/>
        <testcase name="test_calcular_reservadas_excluyendo" file="C:\laragon\www\Pro_Audio_Y\tests\Unit\CalendarioValidationServiceTest.php" line="218" class="Tests\Unit\CalendarioValidationServiceTest" classname="Tests.Unit.CalendarioValidationServiceTest" assertions="1" time="0.096772"/>
        <testcase name="test_validar_stock_para_items_con_reservas_existentes" file="C:\laragon\www\Pro_Audio_Y\tests\Unit\CalendarioValidationServiceTest.php" line="270" class="Tests\Unit\CalendarioValidationServiceTest" classname="Tests.Unit.CalendarioValidationServiceTest" assertions="1" time="0.088881"/>
        <testcase name="test_validar_stock_para_items_con_reservas_insuficiente" file="C:\laragon\www\Pro_Audio_Y\tests\Unit\CalendarioValidationServiceTest.php" line="312" class="Tests\Unit\CalendarioValidationServiceTest" classname="Tests.Unit.CalendarioValidationServiceTest" assertions="1" time="0.215595"/>
        <testcase name="test_validar_stock_para_items_con_cantidad_default" file="C:\laragon\www\Pro_Audio_Y\tests\Unit\CalendarioValidationServiceTest.php" line="354" class="Tests\Unit\CalendarioValidationServiceTest" classname="Tests.Unit.CalendarioValidationServiceTest" assertions="1" time="0.177272"/>
        <testcase name="test_validar_stock_para_items_con_stock_cero" file="C:\laragon\www\Pro_Audio_Y\tests\Unit\CalendarioValidationServiceTest.php" line="374" class="Tests\Unit\CalendarioValidationServiceTest" classname="Tests.Unit.CalendarioValidationServiceTest" assertions="1" time="0.096378"/>
        <testcase name="test_validar_stock_para_items_con_multiples_items" file="C:\laragon\www\Pro_Audio_Y\tests\Unit\CalendarioValidationServiceTest.php" line="394" class="Tests\Unit\CalendarioValidationServiceTest" classname="Tests.Unit.CalendarioValidationServiceTest" assertions="1" time="0.378797"/>
        <testcase name="test_validar_stock_para_items_con_producto_descripcion_vacia" file="C:\laragon\www\Pro_Audio_Y\tests\Unit\CalendarioValidationServiceTest.php" line="420" class="Tests\Unit\CalendarioValidationServiceTest" classname="Tests.Unit.CalendarioValidationServiceTest" assertions="1" time="0.261664"/>
        <testcase name="test_validar_stock_para_actualizacion_suficiente" file="C:\laragon\www\Pro_Audio_Y\tests\Unit\CalendarioValidationServiceTest.php" line="444" class="Tests\Unit\CalendarioValidationServiceTest" classname="Tests.Unit.CalendarioValidationServiceTest" assertions="1" time="0.107003"/>
        <testcase name="test_validar_stock_para_actualizacion_inventario_no_existe" file="C:\laragon\www\Pro_Audio_Y\tests\Unit\CalendarioValidationServiceTest.php" line="488" class="Tests\Unit\CalendarioValidationServiceTest" classname="Tests.Unit.CalendarioValidationServiceTest" assertions="1" time="0.095673"/>
        <testcase name="test_validar_stock_para_actualizacion_stock_insuficiente" file="C:\laragon\www\Pro_Audio_Y\tests\Unit\CalendarioValidationServiceTest.php" line="513" class="Tests\Unit\CalendarioValidationServiceTest" classname="Tests.Unit.CalendarioValidationServiceTest" assertions="1" time="0.476297"/>
        <testcase name="test_validar_stock_para_actualizacion_con_cantidad_default" file="C:\laragon\www\Pro_Audio_Y\tests\Unit\CalendarioValidationServiceTest.php" line="572" class="Tests\Unit\CalendarioValidationServiceTest" classname="Tests.Unit.CalendarioValidationServiceTest" assertions="1" time="0.351850"/>
        <testcase name="test_validar_stock_para_actualizacion_con_cantidad_actual_cero" file="C:\laragon\www\Pro_Audio_Y\tests\Unit\CalendarioValidationServiceTest.php" line="602" class="Tests\Unit\CalendarioValidationServiceTest" classname="Tests.Unit.CalendarioValidationServiceTest" assertions="1" time="0.147988"/>
        <testcase name="test_validar_stock_para_actualizacion_con_items_actuales_vacio" file="C:\laragon\www\Pro_Audio_Y\tests\Unit\CalendarioValidationServiceTest.php" line="632" class="Tests\Unit\CalendarioValidationServiceTest" classname="Tests.Unit.CalendarioValidationServiceTest" assertions="1" time="0.080757"/>
        <testcase name="test_validar_stock_para_actualizacion_con_multiples_items" file="C:\laragon\www\Pro_Audio_Y\tests\Unit\CalendarioValidationServiceTest.php" line="662" class="Tests\Unit\CalendarioValidationServiceTest" classname="Tests.Unit.CalendarioValidationServiceTest" assertions="1" time="0.128167"/>
        <testcase name="test_calcular_reservadas_sin_reservas" file="C:\laragon\www\Pro_Audio_Y\tests\Unit\CalendarioValidationServiceTest.php" line="705" class="Tests\Unit\CalendarioValidationServiceTest" classname="Tests.Unit.CalendarioValidationServiceTest" assertions="1" time="0.093146"/>
        <testcase name="test_calcular_reservadas_con_fechas_no_solapadas" file="C:\laragon\www\Pro_Audio_Y\tests\Unit\CalendarioValidationServiceTest.php" line="717" class="Tests\Unit\CalendarioValidationServiceTest" classname="Tests.Unit.CalendarioValidationServiceTest" assertions="1" time="0.087729"/>
        <testcase name="test_calcular_reservadas_con_fechas_solapadas_parcialmente" file="C:\laragon\www\Pro_Audio_Y\tests\Unit\CalendarioValidationServiceTest.php" line="751" class="Tests\Unit\CalendarioValidationServiceTest" classname="Tests.Unit.CalendarioValidationServiceTest" assertions="1" time="0.087582"/>
        <testcase name="test_calcular_reservadas_con_multiples_reservas" file="C:\laragon\www\Pro_Audio_Y\tests\Unit\CalendarioValidationServiceTest.php" line="785" class="Tests\Unit\CalendarioValidationServiceTest" classname="Tests.Unit.CalendarioValidationServiceTest" assertions="1" time="0.087345"/>
        <testcase name="test_calcular_reservadas_con_fecha_inicio_igual_fecha_fin" file="C:\laragon\www\Pro_Audio_Y\tests\Unit\CalendarioValidationServiceTest.php" line="833" class="Tests\Unit\CalendarioValidationServiceTest" classname="Tests.Unit.CalendarioValidationServiceTest" assertions="1" time="0.084373"/>
        <testcase name="test_calcular_reservadas_excluyendo_sin_reservas" file="C:\laragon\www\Pro_Audio_Y\tests\Unit\CalendarioValidationServiceTest.php" line="872" class="Tests\Unit\CalendarioValidationServiceTest" classname="Tests.Unit.CalendarioValidationServiceTest" assertions="1" time="0.082255"/>
        <testcase name="test_calcular_reservadas_excluyendo_con_fechas_no_solapadas" file="C:\laragon\www\Pro_Audio_Y\tests\Unit\CalendarioValidationServiceTest.php" line="892" class="Tests\Unit\CalendarioValidationServiceTest" classname="Tests.Unit.CalendarioValidationServiceTest" assertions="1" time="0.084581"/>
        <testcase name="test_calcular_reservadas_excluyendo_con_multiples_reservas" file="C:\laragon\www\Pro_Audio_Y\tests\Unit\CalendarioValidationServiceTest.php" line="926" class="Tests\Unit\CalendarioValidationServiceTest" classname="Tests.Unit.CalendarioValidationServiceTest" assertions="1" time="0.090374"/>
        <testcase name="test_get_validation_rules_for_update_items_incluye_servicio" file="C:\laragon\www\Pro_Audio_Y\tests\Unit\CalendarioValidationServiceTest.php" line="993" class="Tests\Unit\CalendarioValidationServiceTest" classname="Tests.Unit.CalendarioValidationServiceTest" assertions="3" time="0.076365"/>
        <testcase name="test_get_validation_messages_for_update_items_mergea_mensajes" file="C:\laragon\www\Pro_Audio_Y\tests\Unit\CalendarioValidationServiceTest.php" line="1006" class="Tests\Unit\CalendarioValidationServiceTest" classname="Tests.Unit.CalendarioValidationServiceTest" assertions="3" time="0.074859"/>
        <testcase name="test_get_validation_messages_for_update_old_format_mergea_mensajes" file="C:\laragon\www\Pro_Audio_Y\tests\Unit\CalendarioValidationServiceTest.php" line="1019" class="Tests\Unit\CalendarioValidationServiceTest" classname="Tests.Unit.CalendarioValidationServiceTest" assertions="4" time="0.070974"/>
      </testsuite>
      <testsuite name="Tests\Unit\ChatbotControllerUnitTest" file="C:\laragon\www\Pro_Audio_Y\tests\Unit\ChatbotControllerUnitTest.php" tests="9" assertions="11" errors="0" failures="0" skipped="0" time="5.945741">
        <testcase name="test_controller_can_be_instantiated" file="C:\laragon\www\Pro_Audio_Y\tests\Unit\ChatbotControllerUnitTest.php" line="83" class="Tests\Unit\ChatbotControllerUnitTest" classname="Tests.Unit.ChatbotControllerUnitTest" assertions="1" time="2.558788"/>
        <testcase name="test_index_retorna_vista" file="C:\laragon\www\Pro_Audio_Y\tests\Unit\ChatbotControllerUnitTest.php" line="88" class="Tests\Unit\ChatbotControllerUnitTest" classname="Tests.Unit.ChatbotControllerUnitTest" assertions="1" time="0.088139"/>
        <testcase name="test_enviar_procesa_mensaje" file="C:\laragon\www\Pro_Audio_Y\tests\Unit\ChatbotControllerUnitTest.php" line="95" class="Tests\Unit\ChatbotControllerUnitTest" classname="Tests.Unit.ChatbotControllerUnitTest" assertions="1" time="1.387039"/>
        <testcase name="test_enviar_procesa_seleccion" file="C:\laragon\www\Pro_Audio_Y\tests\Unit\ChatbotControllerUnitTest.php" line="128" class="Tests\Unit\ChatbotControllerUnitTest" classname="Tests.Unit.ChatbotControllerUnitTest" assertions="1" time="0.501429"/>
        <testcase name="test_enviar_maneja_error" file="C:\laragon\www\Pro_Audio_Y\tests\Unit\ChatbotControllerUnitTest.php" line="183" class="Tests\Unit\ChatbotControllerUnitTest" classname="Tests.Unit.ChatbotControllerUnitTest" assertions="1" time="1.005248"/>
        <testcase name="test_enviar_procesa_seleccion_vacio" file="C:\laragon\www\Pro_Audio_Y\tests\Unit\ChatbotControllerUnitTest.php" line="213" class="Tests\Unit\ChatbotControllerUnitTest" classname="Tests.Unit.ChatbotControllerUnitTest" assertions="1" time="0.127715"/>
        <testcase name="test_enviar_confirm_intencion" file="C:\laragon\www\Pro_Audio_Y\tests\Unit\ChatbotControllerUnitTest.php" line="249" class="Tests\Unit\ChatbotControllerUnitTest" classname="Tests.Unit.ChatbotControllerUnitTest" assertions="1" time="0.080228"/>
        <testcase name="test_enviar_limpiar_cotizacion" file="C:\laragon\www\Pro_Audio_Y\tests\Unit\ChatbotControllerUnitTest.php" line="279" class="Tests\Unit\ChatbotControllerUnitTest" classname="Tests.Unit.ChatbotControllerUnitTest" assertions="2" time="0.084174"/>
        <testcase name="test_enviar_terminar_cotizacion" file="C:\laragon\www\Pro_Audio_Y\tests\Unit\ChatbotControllerUnitTest.php" line="296" class="Tests\Unit\ChatbotControllerUnitTest" classname="Tests.Unit.ChatbotControllerUnitTest" assertions="2" time="0.112982"/>
      </testsuite>
      <testsuite name="Tests\Unit\ChatbotIntentionDetectorCatchExceptionTest" file="C:\laragon\www\Pro_Audio_Y\tests\Unit\ChatbotIntentionDetectorCatchExceptionTest.php" tests="1" assertions="2" errors="0" failures="0" skipped="0" time="2.611319">
        <testcase name="test_obtener_cache_tfidf_catch_exception_cubre_lineas_229_230" file="C:\laragon\www\Pro_Audio_Y\tests\Unit\ChatbotIntentionDetectorCatchExceptionTest.php" line="26" class="Tests\Unit\ChatbotIntentionDetectorCatchExceptionTest" classname="Tests.Unit.ChatbotIntentionDetectorCatchExceptionTest" assertions="2" time="2.611319"/>
      </testsuite>
      <testsuite name="Tests\Unit\ChatbotIntentionDetectorCoverageTest" file="C:\laragon\www\Pro_Audio_Y\tests\Unit\ChatbotIntentionDetectorCoverageTest.php" tests="6" assertions="6" errors="0" failures="0" skipped="0" time="0.770111">
        <testcase name="test_obtener_cache_tfidf_procesa_filas_cubre_lineas_223_225" file="C:\laragon\www\Pro_Audio_Y\tests\Unit\ChatbotIntentionDetectorCoverageTest.php" line="32" class="Tests\Unit\ChatbotIntentionDetectorCoverageTest" classname="Tests.Unit.ChatbotIntentionDetectorCoverageTest" assertions="1" time="0.193269"/>
        <testcase name="test_procesar_documentos_para_cache_cubre_lineas_243_248" file="C:\laragon\www\Pro_Audio_Y\tests\Unit\ChatbotIntentionDetectorCoverageTest.php" line="60" class="Tests\Unit\ChatbotIntentionDetectorCoverageTest" classname="Tests.Unit.ChatbotIntentionDetectorCoverageTest" assertions="1" time="0.138763"/>
        <testcase name="test_calcular_score_servicio_cubre_lineas_283_294_322" file="C:\laragon\www\Pro_Audio_Y\tests\Unit\ChatbotIntentionDetectorCoverageTest.php" line="99" class="Tests\Unit\ChatbotIntentionDetectorCoverageTest" classname="Tests.Unit.ChatbotIntentionDetectorCoverageTest" assertions="1" time="0.131815"/>
        <testcase name="test_calcular_score_servicio_con_terminos_no_en_cache_cubre_lineas_294_322" file="C:\laragon\www\Pro_Audio_Y\tests\Unit\ChatbotIntentionDetectorCoverageTest.php" line="137" class="Tests\Unit\ChatbotIntentionDetectorCoverageTest" classname="Tests.Unit.ChatbotIntentionDetectorCoverageTest" assertions="1" time="0.122385"/>
        <testcase name="test_calcular_obtener_mejor_intencion_score_bajo_cubre_linea_289" file="C:\laragon\www\Pro_Audio_Y\tests\Unit\ChatbotIntentionDetectorCoverageTest.php" line="180" class="Tests\Unit\ChatbotIntentionDetectorCoverageTest" classname="Tests.Unit.ChatbotIntentionDetectorCoverageTest" assertions="1" time="0.089202"/>
        <testcase name="test_calcular_score_servicio_df_cero_segundo_foreach_cubre_linea_313" file="C:\laragon\www\Pro_Audio_Y\tests\Unit\ChatbotIntentionDetectorCoverageTest.php" line="211" class="Tests\Unit\ChatbotIntentionDetectorCoverageTest" classname="Tests.Unit.ChatbotIntentionDetectorCoverageTest" assertions="1" time="0.094677"/>
      </testsuite>
      <testsuite name="Tests\Unit\ChatbotIntentionDetectorTest" file="C:\laragon\www\Pro_Audio_Y\tests\Unit\ChatbotIntentionDetectorTest.php" tests="79" assertions="156" errors="0" failures="0" skipped="0" time="7.847286">
        <testcase name="test_detectar_intenciones_vacio" file="C:\laragon\www\Pro_Audio_Y\tests\Unit\ChatbotIntentionDetectorTest.php" line="44" class="Tests\Unit\ChatbotIntentionDetectorTest" classname="Tests.Unit.ChatbotIntentionDetectorTest" assertions="2" time="0.107940"/>
        <testcase name="test_detectar_intenciones_alquiler" file="C:\laragon\www\Pro_Audio_Y\tests\Unit\ChatbotIntentionDetectorTest.php" line="51" class="Tests\Unit\ChatbotIntentionDetectorTest" classname="Tests.Unit.ChatbotIntentionDetectorTest" assertions="2" time="0.098537"/>
        <testcase name="test_detectar_intenciones_animacion" file="C:\laragon\www\Pro_Audio_Y\tests\Unit\ChatbotIntentionDetectorTest.php" line="58" class="Tests\Unit\ChatbotIntentionDetectorTest" classname="Tests.Unit.ChatbotIntentionDetectorTest" assertions="2" time="0.113282"/>
        <testcase name="test_detectar_intenciones_publicidad" file="C:\laragon\www\Pro_Audio_Y\tests\Unit\ChatbotIntentionDetectorTest.php" line="65" class="Tests\Unit\ChatbotIntentionDetectorTest" classname="Tests.Unit.ChatbotIntentionDetectorTest" assertions="2" time="0.122089"/>
        <testcase name="test_detectar_intenciones_multiples" file="C:\laragon\www\Pro_Audio_Y\tests\Unit\ChatbotIntentionDetectorTest.php" line="72" class="Tests\Unit\ChatbotIntentionDetectorTest" classname="Tests.Unit.ChatbotIntentionDetectorTest" assertions="3" time="0.101493"/>
        <testcase name="test_validar_intenciones_contra_mensaje_valida_alquiler" file="C:\laragon\www\Pro_Audio_Y\tests\Unit\ChatbotIntentionDetectorTest.php" line="83" class="Tests\Unit\ChatbotIntentionDetectorTest" classname="Tests.Unit.ChatbotIntentionDetectorTest" assertions="1" time="0.079213"/>
        <testcase name="test_validar_intenciones_contra_mensaje_invalida_alquiler" file="C:\laragon\www\Pro_Audio_Y\tests\Unit\ChatbotIntentionDetectorTest.php" line="92" class="Tests\Unit\ChatbotIntentionDetectorTest" classname="Tests.Unit.ChatbotIntentionDetectorTest" assertions="1" time="0.077518"/>
        <testcase name="test_validar_intenciones_contra_mensaje_con_animacion" file="C:\laragon\www\Pro_Audio_Y\tests\Unit\ChatbotIntentionDetectorTest.php" line="101" class="Tests\Unit\ChatbotIntentionDetectorTest" classname="Tests.Unit.ChatbotIntentionDetectorTest" assertions="1" time="0.076085"/>
        <testcase name="test_validar_intenciones_contra_mensaje_con_publicidad" file="C:\laragon\www\Pro_Audio_Y\tests\Unit\ChatbotIntentionDetectorTest.php" line="110" class="Tests\Unit\ChatbotIntentionDetectorTest" classname="Tests.Unit.ChatbotIntentionDetectorTest" assertions="1" time="0.077868"/>
        <testcase name="test_validar_intenciones_contra_mensaje_vacio" file="C:\laragon\www\Pro_Audio_Y\tests\Unit\ChatbotIntentionDetectorTest.php" line="119" class="Tests\Unit\ChatbotIntentionDetectorTest" classname="Tests.Unit.ChatbotIntentionDetectorTest" assertions="1" time="0.076903"/>
        <testcase name="test_validar_intenciones_contra_mensaje_multiples" file="C:\laragon\www\Pro_Audio_Y\tests\Unit\ChatbotIntentionDetectorTest.php" line="128" class="Tests\Unit\ChatbotIntentionDetectorTest" classname="Tests.Unit.ChatbotIntentionDetectorTest" assertions="3" time="0.074914"/>
        <testcase name="test_es_relacionado_con_alquiler" file="C:\laragon\www\Pro_Audio_Y\tests\Unit\ChatbotIntentionDetectorTest.php" line="142" class="Tests\Unit\ChatbotIntentionDetectorTest" classname="Tests.Unit.ChatbotIntentionDetectorTest" assertions="1" time="0.080318"/>
        <testcase name="test_es_relacionado_con_animacion" file="C:\laragon\www\Pro_Audio_Y\tests\Unit\ChatbotIntentionDetectorTest.php" line="148" class="Tests\Unit\ChatbotIntentionDetectorTest" classname="Tests.Unit.ChatbotIntentionDetectorTest" assertions="1" time="0.090243"/>
        <testcase name="test_es_relacionado_con_publicidad" file="C:\laragon\www\Pro_Audio_Y\tests\Unit\ChatbotIntentionDetectorTest.php" line="154" class="Tests\Unit\ChatbotIntentionDetectorTest" classname="Tests.Unit.ChatbotIntentionDetectorTest" assertions="1" time="0.093819"/>
        <testcase name="test_es_relacionado_con_mensaje_vacio" file="C:\laragon\www\Pro_Audio_Y\tests\Unit\ChatbotIntentionDetectorTest.php" line="160" class="Tests\Unit\ChatbotIntentionDetectorTest" classname="Tests.Unit.ChatbotIntentionDetectorTest" assertions="1" time="0.092036"/>
        <testcase name="test_es_relacionado_con_mensaje_no_relacionado" file="C:\laragon\www\Pro_Audio_Y\tests\Unit\ChatbotIntentionDetectorTest.php" line="167" class="Tests\Unit\ChatbotIntentionDetectorTest" classname="Tests.Unit.ChatbotIntentionDetectorTest" assertions="1" time="0.120852"/>
        <testcase name="test_es_relacionado_case_insensitive" file="C:\laragon\www\Pro_Audio_Y\tests\Unit\ChatbotIntentionDetectorTest.php" line="174" class="Tests\Unit\ChatbotIntentionDetectorTest" classname="Tests.Unit.ChatbotIntentionDetectorTest" assertions="2" time="0.136763"/>
        <testcase name="test_clasificar_por_tfidf_con_cadena_vacia" file="C:\laragon\www\Pro_Audio_Y\tests\Unit\ChatbotIntentionDetectorTest.php" line="187" class="Tests\Unit\ChatbotIntentionDetectorTest" classname="Tests.Unit.ChatbotIntentionDetectorTest" assertions="2" time="0.121462"/>
        <testcase name="test_clasificar_por_tfidf_retorna_array" file="C:\laragon\www\Pro_Audio_Y\tests\Unit\ChatbotIntentionDetectorTest.php" line="194" class="Tests\Unit\ChatbotIntentionDetectorTest" classname="Tests.Unit.ChatbotIntentionDetectorTest" assertions="1" time="0.140576"/>
        <testcase name="test_clasificar_por_tfidf_con_texto_solo_espacios" file="C:\laragon\www\Pro_Audio_Y\tests\Unit\ChatbotIntentionDetectorTest.php" line="202" class="Tests\Unit\ChatbotIntentionDetectorTest" classname="Tests.Unit.ChatbotIntentionDetectorTest" assertions="2" time="0.128497"/>
        <testcase name="test_validar_intenciones_contra_mensaje_con_intencion_no_en_explicitas" file="C:\laragon\www\Pro_Audio_Y\tests\Unit\ChatbotIntentionDetectorTest.php" line="213" class="Tests\Unit\ChatbotIntentionDetectorTest" classname="Tests.Unit.ChatbotIntentionDetectorTest" assertions="2" time="0.074678"/>
        <testcase name="test_validar_intenciones_contra_mensaje_con_intencion_valida_pero_no_en_mensaje" file="C:\laragon\www\Pro_Audio_Y\tests\Unit\ChatbotIntentionDetectorTest.php" line="225" class="Tests\Unit\ChatbotIntentionDetectorTest" classname="Tests.Unit.ChatbotIntentionDetectorTest" assertions="1" time="0.088422"/>
        <testcase name="test_detectar_intenciones_con_palabras_fuertes" file="C:\laragon\www\Pro_Audio_Y\tests\Unit\ChatbotIntentionDetectorTest.php" line="235" class="Tests\Unit\ChatbotIntentionDetectorTest" classname="Tests.Unit.ChatbotIntentionDetectorTest" assertions="2" time="0.091211"/>
        <testcase name="test_detectar_intenciones_con_puntaje_alto" file="C:\laragon\www\Pro_Audio_Y\tests\Unit\ChatbotIntentionDetectorTest.php" line="244" class="Tests\Unit\ChatbotIntentionDetectorTest" classname="Tests.Unit.ChatbotIntentionDetectorTest" assertions="2" time="0.084640"/>
        <testcase name="test_detectar_intenciones_ordenadas_por_puntaje" file="C:\laragon\www\Pro_Audio_Y\tests\Unit\ChatbotIntentionDetectorTest.php" line="252" class="Tests\Unit\ChatbotIntentionDetectorTest" classname="Tests.Unit.ChatbotIntentionDetectorTest" assertions="3" time="0.080653"/>
        <testcase name="test_es_relacionado_retorna_false_cuando_no_hay_palabras_clave" file="C:\laragon\www\Pro_Audio_Y\tests\Unit\ChatbotIntentionDetectorTest.php" line="261" class="Tests\Unit\ChatbotIntentionDetectorTest" classname="Tests.Unit.ChatbotIntentionDetectorTest" assertions="1" time="0.080786"/>
        <testcase name="test_detectar_intenciones_con_palabra_explicita" file="C:\laragon\www\Pro_Audio_Y\tests\Unit\ChatbotIntentionDetectorTest.php" line="267" class="Tests\Unit\ChatbotIntentionDetectorTest" classname="Tests.Unit.ChatbotIntentionDetectorTest" assertions="2" time="0.078948"/>
        <testcase name="test_detectar_intenciones_con_maestro_ceremonias" file="C:\laragon\www\Pro_Audio_Y\tests\Unit\ChatbotIntentionDetectorTest.php" line="275" class="Tests\Unit\ChatbotIntentionDetectorTest" classname="Tests.Unit.ChatbotIntentionDetectorTest" assertions="2" time="0.078188"/>
        <testcase name="test_detectar_intenciones_con_par_led" file="C:\laragon\www\Pro_Audio_Y\tests\Unit\ChatbotIntentionDetectorTest.php" line="283" class="Tests\Unit\ChatbotIntentionDetectorTest" classname="Tests.Unit.ChatbotIntentionDetectorTest" assertions="2" time="0.084550"/>
        <testcase name="test_detectar_intenciones_con_cumpleanos" file="C:\laragon\www\Pro_Audio_Y\tests\Unit\ChatbotIntentionDetectorTest.php" line="291" class="Tests\Unit\ChatbotIntentionDetectorTest" classname="Tests.Unit.ChatbotIntentionDetectorTest" assertions="2" time="0.077360"/>
        <testcase name="test_detectar_intenciones_con_locucion" file="C:\laragon\www\Pro_Audio_Y\tests\Unit\ChatbotIntentionDetectorTest.php" line="299" class="Tests\Unit\ChatbotIntentionDetectorTest" classname="Tests.Unit.ChatbotIntentionDetectorTest" assertions="2" time="0.084403"/>
        <testcase name="test_detectar_intenciones_con_equipo_sonido" file="C:\laragon\www\Pro_Audio_Y\tests\Unit\ChatbotIntentionDetectorTest.php" line="307" class="Tests\Unit\ChatbotIntentionDetectorTest" classname="Tests.Unit.ChatbotIntentionDetectorTest" assertions="2" time="0.080767"/>
        <testcase name="test_validar_intenciones_con_palabra_clave_en_mensaje" file="C:\laragon\www\Pro_Audio_Y\tests\Unit\ChatbotIntentionDetectorTest.php" line="315" class="Tests\Unit\ChatbotIntentionDetectorTest" classname="Tests.Unit.ChatbotIntentionDetectorTest" assertions="1" time="0.075384"/>
        <testcase name="test_validar_intenciones_con_multiples_palabras_clave" file="C:\laragon\www\Pro_Audio_Y\tests\Unit\ChatbotIntentionDetectorTest.php" line="325" class="Tests\Unit\ChatbotIntentionDetectorTest" classname="Tests.Unit.ChatbotIntentionDetectorTest" assertions="3" time="0.106143"/>
        <testcase name="test_es_relacionado_con_palabra_clave_parcial" file="C:\laragon\www\Pro_Audio_Y\tests\Unit\ChatbotIntentionDetectorTest.php" line="336" class="Tests\Unit\ChatbotIntentionDetectorTest" classname="Tests.Unit.ChatbotIntentionDetectorTest" assertions="1" time="0.101500"/>
        <testcase name="test_detectar_intenciones_case_insensitive" file="C:\laragon\www\Pro_Audio_Y\tests\Unit\ChatbotIntentionDetectorTest.php" line="343" class="Tests\Unit\ChatbotIntentionDetectorTest" classname="Tests.Unit.ChatbotIntentionDetectorTest" assertions="2" time="0.099860"/>
        <testcase name="test_detectar_intenciones_con_acentos" file="C:\laragon\www\Pro_Audio_Y\tests\Unit\ChatbotIntentionDetectorTest.php" line="351" class="Tests\Unit\ChatbotIntentionDetectorTest" classname="Tests.Unit.ChatbotIntentionDetectorTest" assertions="2" time="0.085546"/>
        <testcase name="test_detectar_intenciones_con_puntaje_exacto_dos" file="C:\laragon\www\Pro_Audio_Y\tests\Unit\ChatbotIntentionDetectorTest.php" line="363" class="Tests\Unit\ChatbotIntentionDetectorTest" classname="Tests.Unit.ChatbotIntentionDetectorTest" assertions="2" time="0.078600"/>
        <testcase name="test_detectar_intenciones_con_puntaje_uno_y_palabra_explicita_animacion" file="C:\laragon\www\Pro_Audio_Y\tests\Unit\ChatbotIntentionDetectorTest.php" line="372" class="Tests\Unit\ChatbotIntentionDetectorTest" classname="Tests.Unit.ChatbotIntentionDetectorTest" assertions="2" time="0.103066"/>
        <testcase name="test_detectar_intenciones_con_puntaje_uno_y_palabra_fuerte_publicidad" file="C:\laragon\www\Pro_Audio_Y\tests\Unit\ChatbotIntentionDetectorTest.php" line="380" class="Tests\Unit\ChatbotIntentionDetectorTest" classname="Tests.Unit.ChatbotIntentionDetectorTest" assertions="2" time="0.137321"/>
        <testcase name="test_detectar_intenciones_sin_puntaje_suficiente" file="C:\laragon\www\Pro_Audio_Y\tests\Unit\ChatbotIntentionDetectorTest.php" line="388" class="Tests\Unit\ChatbotIntentionDetectorTest" classname="Tests.Unit.ChatbotIntentionDetectorTest" assertions="1" time="0.085896"/>
        <testcase name="test_detectar_intenciones_con_palabra_en_limite_palabra" file="C:\laragon\www\Pro_Audio_Y\tests\Unit\ChatbotIntentionDetectorTest.php" line="396" class="Tests\Unit\ChatbotIntentionDetectorTest" classname="Tests.Unit.ChatbotIntentionDetectorTest" assertions="2" time="0.080871"/>
        <testcase name="test_detectar_intenciones_ordenamiento_por_puntaje" file="C:\laragon\www\Pro_Audio_Y\tests\Unit\ChatbotIntentionDetectorTest.php" line="404" class="Tests\Unit\ChatbotIntentionDetectorTest" classname="Tests.Unit.ChatbotIntentionDetectorTest" assertions="3" time="0.083790"/>
        <testcase name="test_detectar_intenciones_con_todas_las_palabras_clave_alquiler" file="C:\laragon\www\Pro_Audio_Y\tests\Unit\ChatbotIntentionDetectorTest.php" line="416" class="Tests\Unit\ChatbotIntentionDetectorTest" classname="Tests.Unit.ChatbotIntentionDetectorTest" assertions="2" time="0.102641"/>
        <testcase name="test_detectar_intenciones_con_todas_las_palabras_clave_animacion" file="C:\laragon\www\Pro_Audio_Y\tests\Unit\ChatbotIntentionDetectorTest.php" line="424" class="Tests\Unit\ChatbotIntentionDetectorTest" classname="Tests.Unit.ChatbotIntentionDetectorTest" assertions="2" time="0.118662"/>
        <testcase name="test_detectar_intenciones_con_todas_las_palabras_clave_publicidad" file="C:\laragon\www\Pro_Audio_Y\tests\Unit\ChatbotIntentionDetectorTest.php" line="432" class="Tests\Unit\ChatbotIntentionDetectorTest" classname="Tests.Unit.ChatbotIntentionDetectorTest" assertions="2" time="0.109042"/>
        <testcase name="test_validar_intenciones_con_intencion_no_valida" file="C:\laragon\www\Pro_Audio_Y\tests\Unit\ChatbotIntentionDetectorTest.php" line="440" class="Tests\Unit\ChatbotIntentionDetectorTest" classname="Tests.Unit.ChatbotIntentionDetectorTest" assertions="2" time="0.109071"/>
        <testcase name="test_validar_intenciones_con_palabra_clave_al_inicio" file="C:\laragon\www\Pro_Audio_Y\tests\Unit\ChatbotIntentionDetectorTest.php" line="451" class="Tests\Unit\ChatbotIntentionDetectorTest" classname="Tests.Unit.ChatbotIntentionDetectorTest" assertions="1" time="0.094243"/>
        <testcase name="test_validar_intenciones_con_palabra_clave_al_final" file="C:\laragon\www\Pro_Audio_Y\tests\Unit\ChatbotIntentionDetectorTest.php" line="461" class="Tests\Unit\ChatbotIntentionDetectorTest" classname="Tests.Unit.ChatbotIntentionDetectorTest" assertions="1" time="0.115830"/>
        <testcase name="test_validar_intenciones_con_palabra_clave_en_medio" file="C:\laragon\www\Pro_Audio_Y\tests\Unit\ChatbotIntentionDetectorTest.php" line="471" class="Tests\Unit\ChatbotIntentionDetectorTest" classname="Tests.Unit.ChatbotIntentionDetectorTest" assertions="1" time="0.118044"/>
        <testcase name="test_validar_intenciones_con_palabra_clave_con_acentos" file="C:\laragon\www\Pro_Audio_Y\tests\Unit\ChatbotIntentionDetectorTest.php" line="481" class="Tests\Unit\ChatbotIntentionDetectorTest" classname="Tests.Unit.ChatbotIntentionDetectorTest" assertions="1" time="0.123069"/>
        <testcase name="test_es_relacionado_con_variaciones_de_palabras" file="C:\laragon\www\Pro_Audio_Y\tests\Unit\ChatbotIntentionDetectorTest.php" line="491" class="Tests\Unit\ChatbotIntentionDetectorTest" classname="Tests.Unit.ChatbotIntentionDetectorTest" assertions="17" time="0.138276"/>
        <testcase name="test_es_relacionado_con_palabras_no_relacionadas" file="C:\laragon\www\Pro_Audio_Y\tests\Unit\ChatbotIntentionDetectorTest.php" line="520" class="Tests\Unit\ChatbotIntentionDetectorTest" classname="Tests.Unit.ChatbotIntentionDetectorTest" assertions="8" time="0.079945"/>
        <testcase name="test_es_relacionado_con_palabras_clave_en_mayusculas" file="C:\laragon\www\Pro_Audio_Y\tests\Unit\ChatbotIntentionDetectorTest.php" line="540" class="Tests\Unit\ChatbotIntentionDetectorTest" classname="Tests.Unit.ChatbotIntentionDetectorTest" assertions="1" time="0.081819"/>
        <testcase name="test_es_relacionado_con_palabras_clave_mixtas" file="C:\laragon\www\Pro_Audio_Y\tests\Unit\ChatbotIntentionDetectorTest.php" line="547" class="Tests\Unit\ChatbotIntentionDetectorTest" classname="Tests.Unit.ChatbotIntentionDetectorTest" assertions="1" time="0.074760"/>
        <testcase name="test_detectar_intenciones_con_palabras_compuestas" file="C:\laragon\www\Pro_Audio_Y\tests\Unit\ChatbotIntentionDetectorTest.php" line="554" class="Tests\Unit\ChatbotIntentionDetectorTest" classname="Tests.Unit.ChatbotIntentionDetectorTest" assertions="2" time="0.103060"/>
        <testcase name="test_detectar_intenciones_con_mensaje_muy_largo" file="C:\laragon\www\Pro_Audio_Y\tests\Unit\ChatbotIntentionDetectorTest.php" line="562" class="Tests\Unit\ChatbotIntentionDetectorTest" classname="Tests.Unit.ChatbotIntentionDetectorTest" assertions="3" time="0.102203"/>
        <testcase name="test_detectar_intenciones_con_palabras_repetidas" file="C:\laragon\www\Pro_Audio_Y\tests\Unit\ChatbotIntentionDetectorTest.php" line="571" class="Tests\Unit\ChatbotIntentionDetectorTest" classname="Tests.Unit.ChatbotIntentionDetectorTest" assertions="2" time="0.092586"/>
        <testcase name="test_detectar_intenciones_con_puntuacion" file="C:\laragon\www\Pro_Audio_Y\tests\Unit\ChatbotIntentionDetectorTest.php" line="579" class="Tests\Unit\ChatbotIntentionDetectorTest" classname="Tests.Unit.ChatbotIntentionDetectorTest" assertions="3" time="0.082260"/>
        <testcase name="test_detectar_intenciones_con_numeros" file="C:\laragon\www\Pro_Audio_Y\tests\Unit\ChatbotIntentionDetectorTest.php" line="587" class="Tests\Unit\ChatbotIntentionDetectorTest" classname="Tests.Unit.ChatbotIntentionDetectorTest" assertions="3" time="0.083277"/>
        <testcase name="test_validar_intenciones_con_mensaje_vacio" file="C:\laragon\www\Pro_Audio_Y\tests\Unit\ChatbotIntentionDetectorTest.php" line="595" class="Tests\Unit\ChatbotIntentionDetectorTest" classname="Tests.Unit.ChatbotIntentionDetectorTest" assertions="2" time="0.081359"/>
        <testcase name="test_validar_intenciones_con_mensaje_solo_espacios" file="C:\laragon\www\Pro_Audio_Y\tests\Unit\ChatbotIntentionDetectorTest.php" line="606" class="Tests\Unit\ChatbotIntentionDetectorTest" classname="Tests.Unit.ChatbotIntentionDetectorTest" assertions="2" time="0.075662"/>
        <testcase name="test_validar_intenciones_con_palabra_clave_como_parte_de_otra_palabra" file="C:\laragon\www\Pro_Audio_Y\tests\Unit\ChatbotIntentionDetectorTest.php" line="617" class="Tests\Unit\ChatbotIntentionDetectorTest" classname="Tests.Unit.ChatbotIntentionDetectorTest" assertions="1" time="0.087919"/>
        <testcase name="test_detectar_intenciones_con_servicio_que_no_existe" file="C:\laragon\www\Pro_Audio_Y\tests\Unit\ChatbotIntentionDetectorTest.php" line="629" class="Tests\Unit\ChatbotIntentionDetectorTest" classname="Tests.Unit.ChatbotIntentionDetectorTest" assertions="1" time="0.080174"/>
        <testcase name="test_clasificar_por_tfidf_con_texto_normalizado" file="C:\laragon\www\Pro_Audio_Y\tests\Unit\ChatbotIntentionDetectorTest.php" line="641" class="Tests\Unit\ChatbotIntentionDetectorTest" classname="Tests.Unit.ChatbotIntentionDetectorTest" assertions="1" time="0.085386"/>
        <testcase name="test_clasificar_por_tfidf_con_caracteres_especiales" file="C:\laragon\www\Pro_Audio_Y\tests\Unit\ChatbotIntentionDetectorTest.php" line="648" class="Tests\Unit\ChatbotIntentionDetectorTest" classname="Tests.Unit.ChatbotIntentionDetectorTest" assertions="1" time="0.075567"/>
        <testcase name="test_clasificar_por_tfidf_con_datos_en_bd" file="C:\laragon\www\Pro_Audio_Y\tests\Unit\ChatbotIntentionDetectorTest.php" line="655" class="Tests\Unit\ChatbotIntentionDetectorTest" classname="Tests.Unit.ChatbotIntentionDetectorTest" assertions="1" time="0.082660"/>
        <testcase name="test_clasificar_por_tfidf_con_multiples_servicios" file="C:\laragon\www\Pro_Audio_Y\tests\Unit\ChatbotIntentionDetectorTest.php" line="679" class="Tests\Unit\ChatbotIntentionDetectorTest" classname="Tests.Unit.ChatbotIntentionDetectorTest" assertions="1" time="0.088905"/>
        <testcase name="test_clasificar_por_tfidf_con_score_bajo" file="C:\laragon\www\Pro_Audio_Y\tests\Unit\ChatbotIntentionDetectorTest.php" line="712" class="Tests\Unit\ChatbotIntentionDetectorTest" classname="Tests.Unit.ChatbotIntentionDetectorTest" assertions="1" time="0.081710"/>
        <testcase name="test_clasificar_por_tfidf_con_excepcion_en_cache" file="C:\laragon\www\Pro_Audio_Y\tests\Unit\ChatbotIntentionDetectorTest.php" line="734" class="Tests\Unit\ChatbotIntentionDetectorTest" classname="Tests.Unit.ChatbotIntentionDetectorTest" assertions="1" time="0.074383"/>
        <testcase name="test_clasificar_por_tfidf_con_tokens_vacios" file="C:\laragon\www\Pro_Audio_Y\tests\Unit\ChatbotIntentionDetectorTest.php" line="743" class="Tests\Unit\ChatbotIntentionDetectorTest" classname="Tests.Unit.ChatbotIntentionDetectorTest" assertions="2" time="0.069976"/>
        <testcase name="test_clasificar_por_tfidf_con_stopwords_solo" file="C:\laragon\www\Pro_Audio_Y\tests\Unit\ChatbotIntentionDetectorTest.php" line="751" class="Tests\Unit\ChatbotIntentionDetectorTest" classname="Tests.Unit.ChatbotIntentionDetectorTest" assertions="2" time="0.075948"/>
        <testcase name="test_detectar_intenciones_con_tfidf_fallback" file="C:\laragon\www\Pro_Audio_Y\tests\Unit\ChatbotIntentionDetectorTest.php" line="759" class="Tests\Unit\ChatbotIntentionDetectorTest" classname="Tests.Unit.ChatbotIntentionDetectorTest" assertions="1" time="0.081014"/>
        <testcase name="test_detectar_intenciones_con_palabras_stopwords" file="C:\laragon\www\Pro_Audio_Y\tests\Unit\ChatbotIntentionDetectorTest.php" line="768" class="Tests\Unit\ChatbotIntentionDetectorTest" classname="Tests.Unit.ChatbotIntentionDetectorTest" assertions="2" time="0.081744"/>
        <testcase name="test_detectar_intenciones_con_orden_diferente" file="C:\laragon\www\Pro_Audio_Y\tests\Unit\ChatbotIntentionDetectorTest.php" line="777" class="Tests\Unit\ChatbotIntentionDetectorTest" classname="Tests.Unit.ChatbotIntentionDetectorTest" assertions="4" time="0.104490"/>
        <testcase name="test_validar_intenciones_con_break_early" file="C:\laragon\www\Pro_Audio_Y\tests\Unit\ChatbotIntentionDetectorTest.php" line="789" class="Tests\Unit\ChatbotIntentionDetectorTest" classname="Tests.Unit.ChatbotIntentionDetectorTest" assertions="2" time="0.105324"/>
        <testcase name="test_detectar_intenciones_con_cache_palabras" file="C:\laragon\www\Pro_Audio_Y\tests\Unit\ChatbotIntentionDetectorTest.php" line="800" class="Tests\Unit\ChatbotIntentionDetectorTest" classname="Tests.Unit.ChatbotIntentionDetectorTest" assertions="2" time="0.228097"/>
        <testcase name="test_detectar_intenciones_con_puntaje_cero" file="C:\laragon\www\Pro_Audio_Y\tests\Unit\ChatbotIntentionDetectorTest.php" line="811" class="Tests\Unit\ChatbotIntentionDetectorTest" classname="Tests.Unit.ChatbotIntentionDetectorTest" assertions="1" time="0.307157"/>
        <testcase name="test_es_relacionado_con_palabra_clave_con_guiones" file="C:\laragon\www\Pro_Audio_Y\tests\Unit\ChatbotIntentionDetectorTest.php" line="819" class="Tests\Unit\ChatbotIntentionDetectorTest" classname="Tests.Unit.ChatbotIntentionDetectorTest" assertions="1" time="0.218035"/>
      </testsuite>
      <testsuite name="Tests\Unit\ChatbotMessageProcessorTest" file="C:\laragon\www\Pro_Audio_Y\tests\Unit\ChatbotMessageProcessorTest.php" tests="36" assertions="48" errors="0" failures="0" skipped="0" time="4.176116">
        <testcase name="test_procesar_mensaje_texto_vacio" file="C:\laragon\www\Pro_Audio_Y\tests\Unit\ChatbotMessageProcessorTest.php" line="77" class="Tests\Unit\ChatbotMessageProcessorTest" classname="Tests.Unit.ChatbotMessageProcessorTest" assertions="1" time="0.801153"/>
        <testcase name="test_procesar_mensaje_texto_con_catalogo" file="C:\laragon\www\Pro_Audio_Y\tests\Unit\ChatbotMessageProcessorTest.php" line="100" class="Tests\Unit\ChatbotMessageProcessorTest" classname="Tests.Unit.ChatbotMessageProcessorTest" assertions="1" time="0.133956"/>
        <testcase name="test_procesar_mensaje_texto_fuera_de_tema" file="C:\laragon\www\Pro_Audio_Y\tests\Unit\ChatbotMessageProcessorTest.php" line="126" class="Tests\Unit\ChatbotMessageProcessorTest" classname="Tests.Unit.ChatbotMessageProcessorTest" assertions="2" time="0.120589"/>
        <testcase name="test_procesar_mensaje_texto_con_intenciones" file="C:\laragon\www\Pro_Audio_Y\tests\Unit\ChatbotMessageProcessorTest.php" line="163" class="Tests\Unit\ChatbotMessageProcessorTest" classname="Tests.Unit.ChatbotMessageProcessorTest" assertions="1" time="0.094317"/>
        <testcase name="test_procesar_mensaje_texto_con_actualizacion_dias" file="C:\laragon\www\Pro_Audio_Y\tests\Unit\ChatbotMessageProcessorTest.php" line="221" class="Tests\Unit\ChatbotMessageProcessorTest" classname="Tests.Unit.ChatbotMessageProcessorTest" assertions="1" time="0.103025"/>
        <testcase name="test_procesar_mensaje_texto_buscar_subservicios" file="C:\laragon\www\Pro_Audio_Y\tests\Unit\ChatbotMessageProcessorTest.php" line="277" class="Tests\Unit\ChatbotMessageProcessorTest" classname="Tests.Unit.ChatbotMessageProcessorTest" assertions="1" time="0.114039"/>
        <testcase name="test_procesar_mensaje_texto_con_continuacion" file="C:\laragon\www\Pro_Audio_Y\tests\Unit\ChatbotMessageProcessorTest.php" line="338" class="Tests\Unit\ChatbotMessageProcessorTest" classname="Tests.Unit.ChatbotMessageProcessorTest" assertions="1" time="0.135675"/>
        <testcase name="test_procesar_mensaje_texto_con_dias_y_selecciones" file="C:\laragon\www\Pro_Audio_Y\tests\Unit\ChatbotMessageProcessorTest.php" line="409" class="Tests\Unit\ChatbotMessageProcessorTest" classname="Tests.Unit.ChatbotMessageProcessorTest" assertions="1" time="0.095841"/>
        <testcase name="test_procesar_mensaje_texto_error_en_actualizacion_dias" file="C:\laragon\www\Pro_Audio_Y\tests\Unit\ChatbotMessageProcessorTest.php" line="466" class="Tests\Unit\ChatbotMessageProcessorTest" classname="Tests.Unit.ChatbotMessageProcessorTest" assertions="1" time="0.086842"/>
        <testcase name="test_procesar_mensaje_texto_con_intenciones_sesion" file="C:\laragon\www\Pro_Audio_Y\tests\Unit\ChatbotMessageProcessorTest.php" line="519" class="Tests\Unit\ChatbotMessageProcessorTest" classname="Tests.Unit.ChatbotMessageProcessorTest" assertions="1" time="0.093562"/>
        <testcase name="test_procesar_mensaje_texto_con_ml_intent" file="C:\laragon\www\Pro_Audio_Y\tests\Unit\ChatbotMessageProcessorTest.php" line="583" class="Tests\Unit\ChatbotMessageProcessorTest" classname="Tests.Unit.ChatbotMessageProcessorTest" assertions="1" time="0.088070"/>
        <testcase name="test_procesar_mensaje_texto_con_agregado" file="C:\laragon\www\Pro_Audio_Y\tests\Unit\ChatbotMessageProcessorTest.php" line="645" class="Tests\Unit\ChatbotMessageProcessorTest" classname="Tests.Unit.ChatbotMessageProcessorTest" assertions="1" time="0.086652"/>
        <testcase name="test_procesar_mensaje_texto_nueva_consulta" file="C:\laragon\www\Pro_Audio_Y\tests\Unit\ChatbotMessageProcessorTest.php" line="705" class="Tests\Unit\ChatbotMessageProcessorTest" classname="Tests.Unit.ChatbotMessageProcessorTest" assertions="1" time="0.090560"/>
        <testcase name="test_procesar_mensaje_texto_con_dias_y_continuacion" file="C:\laragon\www\Pro_Audio_Y\tests\Unit\ChatbotMessageProcessorTest.php" line="765" class="Tests\Unit\ChatbotMessageProcessorTest" classname="Tests.Unit.ChatbotMessageProcessorTest" assertions="1" time="0.088469"/>
        <testcase name="test_procesar_mensaje_texto_fuera_de_tema_con_selecciones" file="C:\laragon\www\Pro_Audio_Y\tests\Unit\ChatbotMessageProcessorTest.php" line="836" class="Tests\Unit\ChatbotMessageProcessorTest" classname="Tests.Unit.ChatbotMessageProcessorTest" assertions="1" time="0.100456"/>
        <testcase name="test_procesar_mensaje_texto_actualizacion_dias_items_vacios" file="C:\laragon\www\Pro_Audio_Y\tests\Unit\ChatbotMessageProcessorTest.php" line="912" class="Tests\Unit\ChatbotMessageProcessorTest" classname="Tests.Unit.ChatbotMessageProcessorTest" assertions="1" time="0.113899"/>
        <testcase name="test_procesar_mensaje_texto_buscar_subservicios_con_mensaje_vacio" file="C:\laragon\www\Pro_Audio_Y\tests\Unit\ChatbotMessageProcessorTest.php" line="968" class="Tests\Unit\ChatbotMessageProcessorTest" classname="Tests.Unit.ChatbotMessageProcessorTest" assertions="1" time="0.099720"/>
        <testcase name="test_procesar_mensaje_texto_con_catalogo_corregido" file="C:\laragon\www\Pro_Audio_Y\tests\Unit\ChatbotMessageProcessorTest.php" line="994" class="Tests\Unit\ChatbotMessageProcessorTest" classname="Tests.Unit.ChatbotMessageProcessorTest" assertions="1" time="0.083864"/>
        <testcase name="test_procesar_mensaje_texto_con_actualizacion_dias_dias_cero" file="C:\laragon\www\Pro_Audio_Y\tests\Unit\ChatbotMessageProcessorTest.php" line="1019" class="Tests\Unit\ChatbotMessageProcessorTest" classname="Tests.Unit.ChatbotMessageProcessorTest" assertions="1" time="0.088642"/>
        <testcase name="test_procesar_mensaje_texto_con_intenciones_vacias_y_no_relacionado" file="C:\laragon\www\Pro_Audio_Y\tests\Unit\ChatbotMessageProcessorTest.php" line="1094" class="Tests\Unit\ChatbotMessageProcessorTest" classname="Tests.Unit.ChatbotMessageProcessorTest" assertions="1" time="0.087446"/>
        <testcase name="test_procesar_mensaje_texto_con_sugerencia_aplicada" file="C:\laragon\www\Pro_Audio_Y\tests\Unit\ChatbotMessageProcessorTest.php" line="1120" class="Tests\Unit\ChatbotMessageProcessorTest" classname="Tests.Unit.ChatbotMessageProcessorTest" assertions="1" time="0.089074"/>
        <testcase name="test_procesar_mensaje_texto_con_error_en_sugerencias" file="C:\laragon\www\Pro_Audio_Y\tests\Unit\ChatbotMessageProcessorTest.php" line="1180" class="Tests\Unit\ChatbotMessageProcessorTest" classname="Tests.Unit.ChatbotMessageProcessorTest" assertions="1" time="0.092496"/>
        <testcase name="test_procesar_mensaje_texto_fuera_de_tema_con_selecciones_y_dias" file="C:\laragon\www\Pro_Audio_Y\tests\Unit\ChatbotMessageProcessorTest.php" line="1239" class="Tests\Unit\ChatbotMessageProcessorTest" classname="Tests.Unit.ChatbotMessageProcessorTest" assertions="1" time="0.105661"/>
        <testcase name="test_procesar_mensaje_texto_con_detectar_intenciones_sesion_y_dias" file="C:\laragon\www\Pro_Audio_Y\tests\Unit\ChatbotMessageProcessorTest.php" line="1296" class="Tests\Unit\ChatbotMessageProcessorTest" classname="Tests.Unit.ChatbotMessageProcessorTest" assertions="1" time="0.121800"/>
        <testcase name="test_procesar_mensaje_texto_buscar_subservicios_con_mensaje_corregido_vacio" file="C:\laragon\www\Pro_Audio_Y\tests\Unit\ChatbotMessageProcessorTest.php" line="1361" class="Tests\Unit\ChatbotMessageProcessorTest" classname="Tests.Unit.ChatbotMessageProcessorTest" assertions="2" time="0.092831"/>
        <testcase name="test_procesar_mensaje_texto_responder_con_intenciones_sin_sugerencia_aplicada" file="C:\laragon\www\Pro_Audio_Y\tests\Unit\ChatbotMessageProcessorTest.php" line="1429" class="Tests\Unit\ChatbotMessageProcessorTest" classname="Tests.Unit.ChatbotMessageProcessorTest" assertions="1" time="0.086277"/>
        <testcase name="test_procesar_mensaje_texto_obtener_sugerencias_con_error" file="C:\laragon\www\Pro_Audio_Y\tests\Unit\ChatbotMessageProcessorTest.php" line="1486" class="Tests\Unit\ChatbotMessageProcessorTest" classname="Tests.Unit.ChatbotMessageProcessorTest" assertions="1" time="0.091224"/>
        <testcase name="test_obtener_sugerencias_con_hints_catch_excepcion_cubre_lineas_326_328" file="C:\laragon\www\Pro_Audio_Y\tests\Unit\ChatbotMessageProcessorTest.php" line="1515" class="Tests\Unit\ChatbotMessageProcessorTest" classname="Tests.Unit.ChatbotMessageProcessorTest" assertions="3" time="0.088040"/>
        <testcase name="test_obtener_sugerencias_con_hints_catch_excepcion_generar_sugerencias_cubre_lineas_326_328" file="C:\laragon\www\Pro_Audio_Y\tests\Unit\ChatbotMessageProcessorTest.php" line="1601" class="Tests\Unit\ChatbotMessageProcessorTest" classname="Tests.Unit.ChatbotMessageProcessorTest" assertions="3" time="0.089566"/>
        <testcase name="test_procesar_mensaje_texto_calcular_dias_para_respuesta_con_mensaje_vacio" file="C:\laragon\www\Pro_Audio_Y\tests\Unit\ChatbotMessageProcessorTest.php" line="1680" class="Tests\Unit\ChatbotMessageProcessorTest" classname="Tests.Unit.ChatbotMessageProcessorTest" assertions="1" time="0.086871"/>
        <testcase name="test_procesar_mensaje_texto_calcular_dias_para_respuesta_con_dias_mayor_cero" file="C:\laragon\www\Pro_Audio_Y\tests\Unit\ChatbotMessageProcessorTest.php" line="1707" class="Tests\Unit\ChatbotMessageProcessorTest" classname="Tests.Unit.ChatbotMessageProcessorTest" assertions="1" time="0.084529"/>
        <testcase name="test_procesar_mensaje_texto_combinar_intenciones_con_agregado_y_sesion" file="C:\laragon\www\Pro_Audio_Y\tests\Unit\ChatbotMessageProcessorTest.php" line="1768" class="Tests\Unit\ChatbotMessageProcessorTest" classname="Tests.Unit.ChatbotMessageProcessorTest" assertions="3" time="0.086952"/>
        <testcase name="test_procesar_mensaje_texto_combinar_intenciones_nueva_consulta_limpia_selecciones" file="C:\laragon\www\Pro_Audio_Y\tests\Unit\ChatbotMessageProcessorTest.php" line="1829" class="Tests\Unit\ChatbotMessageProcessorTest" classname="Tests.Unit.ChatbotMessageProcessorTest" assertions="2" time="0.091438"/>
        <testcase name="test_procesar_mensaje_texto_verificar_mensaje_fuera_de_tema_con_solo_dias_y_selecciones" file="C:\laragon\www\Pro_Audio_Y\tests\Unit\ChatbotMessageProcessorTest.php" line="1891" class="Tests\Unit\ChatbotMessageProcessorTest" classname="Tests.Unit.ChatbotMessageProcessorTest" assertions="1" time="0.085446"/>
        <testcase name="test_procesar_mensaje_texto_es_solicitud_catalogo_con_acento_en_original_y_corregido" file="C:\laragon\www\Pro_Audio_Y\tests\Unit\ChatbotMessageProcessorTest.php" line="1948" class="Tests\Unit\ChatbotMessageProcessorTest" classname="Tests.Unit.ChatbotMessageProcessorTest" assertions="3" time="0.085958"/>
        <testcase name="test_procesar_mensaje_texto_buscar_subservicios_con_mensaje_corregido_no_vacio" file="C:\laragon\www\Pro_Audio_Y\tests\Unit\ChatbotMessageProcessorTest.php" line="1980" class="Tests\Unit\ChatbotMessageProcessorTest" classname="Tests.Unit.ChatbotMessageProcessorTest" assertions="2" time="0.091175"/>
      </testsuite>
      <testsuite name="Tests\Unit\ChatbotResponseBuilderTest" file="C:\laragon\www\Pro_Audio_Y\tests\Unit\ChatbotResponseBuilderTest.php" tests="53" assertions="108" errors="0" failures="0" skipped="0" time="7.441328">
        <testcase name="test_responder_con_opciones" file="C:\laragon\www\Pro_Audio_Y\tests\Unit\ChatbotResponseBuilderTest.php" line="42" class="Tests\Unit\ChatbotResponseBuilderTest" classname="Tests.Unit.ChatbotResponseBuilderTest" assertions="3" time="0.279328"/>
        <testcase name="test_mostrar_catalogo_json_sin_dias" file="C:\laragon\www\Pro_Audio_Y\tests\Unit\ChatbotResponseBuilderTest.php" line="58" class="Tests\Unit\ChatbotResponseBuilderTest" classname="Tests.Unit.ChatbotResponseBuilderTest" assertions="4" time="0.114208"/>
        <testcase name="test_mostrar_catalogo_json_con_dias" file="C:\laragon\www\Pro_Audio_Y\tests\Unit\ChatbotResponseBuilderTest.php" line="69" class="Tests\Unit\ChatbotResponseBuilderTest" classname="Tests.Unit.ChatbotResponseBuilderTest" assertions="3" time="0.109380"/>
        <testcase name="test_responder_opciones" file="C:\laragon\www\Pro_Audio_Y\tests\Unit\ChatbotResponseBuilderTest.php" line="83" class="Tests\Unit\ChatbotResponseBuilderTest" classname="Tests.Unit.ChatbotResponseBuilderTest" assertions="5" time="0.089018"/>
        <testcase name="test_solicitar_confirmacion_intencion_sin_hint" file="C:\laragon\www\Pro_Audio_Y\tests\Unit\ChatbotResponseBuilderTest.php" line="104" class="Tests\Unit\ChatbotResponseBuilderTest" classname="Tests.Unit.ChatbotResponseBuilderTest" assertions="4" time="0.077754"/>
        <testcase name="test_solicitar_confirmacion_intencion_con_hint" file="C:\laragon\www\Pro_Audio_Y\tests\Unit\ChatbotResponseBuilderTest.php" line="121" class="Tests\Unit\ChatbotResponseBuilderTest" classname="Tests.Unit.ChatbotResponseBuilderTest" assertions="2" time="0.077718"/>
        <testcase name="test_solicitar_confirmacion_intencion_con_dias" file="C:\laragon\www\Pro_Audio_Y\tests\Unit\ChatbotResponseBuilderTest.php" line="138" class="Tests\Unit\ChatbotResponseBuilderTest" classname="Tests.Unit.ChatbotResponseBuilderTest" assertions="2" time="0.077228"/>
        <testcase name="test_mostrar_opciones_con_intenciones_sin_dias" file="C:\laragon\www\Pro_Audio_Y\tests\Unit\ChatbotResponseBuilderTest.php" line="157" class="Tests\Unit\ChatbotResponseBuilderTest" classname="Tests.Unit.ChatbotResponseBuilderTest" assertions="2" time="0.075864"/>
        <testcase name="test_mostrar_opciones_con_intenciones_con_dias" file="C:\laragon\www\Pro_Audio_Y\tests\Unit\ChatbotResponseBuilderTest.php" line="177" class="Tests\Unit\ChatbotResponseBuilderTest" classname="Tests.Unit.ChatbotResponseBuilderTest" assertions="2" time="0.080357"/>
        <testcase name="test_mostrar_opciones_con_intenciones_multiples_dias" file="C:\laragon\www\Pro_Audio_Y\tests\Unit\ChatbotResponseBuilderTest.php" line="197" class="Tests\Unit\ChatbotResponseBuilderTest" classname="Tests.Unit.ChatbotResponseBuilderTest" assertions="2" time="0.105707"/>
[...]
        <testcase name="test_update_photo_sin_sesion" file="C:\laragon\www\Pro_Audio_Y\tests\Feature\UsuarioControllerFeatureTest.php" line="133" class="Tests\Feature\UsuarioControllerFeatureTest" classname="Tests.Feature.UsuarioControllerFeatureTest" assertions="3" time="0.715728"/>
        <testcase name="test_update_photo_usuario_invitado" file="C:\laragon\www\Pro_Audio_Y\tests\Feature\UsuarioControllerFeatureTest.php" line="146" class="Tests\Feature\UsuarioControllerFeatureTest" classname="Tests.Feature.UsuarioControllerFeatureTest" assertions="3" time="0.331771"/>
        <testcase name="test_update_photo_usuario_no_existe" file="C:\laragon\www\Pro_Audio_Y\tests\Feature\UsuarioControllerFeatureTest.php" line="171" class="Tests\Feature\UsuarioControllerFeatureTest" classname="Tests.Feature.UsuarioControllerFeatureTest" assertions="2" time="1.047754"/>
        <testcase name="test_update_photo_elimina_foto_anterior" file="C:\laragon\www\Pro_Audio_Y\tests\Feature\UsuarioControllerFeatureTest.php" line="188" class="Tests\Feature\UsuarioControllerFeatureTest" classname="Tests.Feature.UsuarioControllerFeatureTest" assertions="2" time="3.670530"/>
        <testcase name="test_update_photo_valida_archivo_requerido" file="C:\laragon\www\Pro_Audio_Y\tests\Feature\UsuarioControllerFeatureTest.php" line="215" class="Tests\Feature\UsuarioControllerFeatureTest" classname="Tests.Feature.UsuarioControllerFeatureTest" assertions="1" time="1.104690"/>
        <testcase name="test_store_funciona_sin_rol_existente" file="C:\laragon\www\Pro_Audio_Y\tests\Feature\UsuarioControllerFeatureTest.php" line="248" class="Tests\Feature\UsuarioControllerFeatureTest" classname="Tests.Feature.UsuarioControllerFeatureTest" assertions="3" time="1.000355"/>
        <testcase name="test_store_usa_nombre_rol_si_name_no_existe" file="C:\laragon\www\Pro_Audio_Y\tests\Feature\UsuarioControllerFeatureTest.php" line="268" class="Tests\Feature\UsuarioControllerFeatureTest" classname="Tests.Feature.UsuarioControllerFeatureTest" assertions="3" time="0.663881"/>
        <testcase name="test_autenticar_con_pending_admin" file="C:\laragon\www\Pro_Audio_Y\tests\Feature\UsuarioControllerFeatureTest.php" line="298" class="Tests\Feature\UsuarioControllerFeatureTest" classname="Tests.Feature.UsuarioControllerFeatureTest" assertions="1" time="0.671638"/>
        <testcase name="test_autenticar_con_roles_vacios_asigna_cliente" file="C:\laragon\www\Pro_Audio_Y\tests\Feature\UsuarioControllerFeatureTest.php" line="329" class="Tests\Feature\UsuarioControllerFeatureTest" classname="Tests.Feature.UsuarioControllerFeatureTest" assertions="4" time="0.831332"/>
        <testcase name="test_autenticar_capitaliza_nombre" file="C:\laragon\www\Pro_Audio_Y\tests\Feature\UsuarioControllerFeatureTest.php" line="353" class="Tests\Feature\UsuarioControllerFeatureTest" classname="Tests.Feature.UsuarioControllerFeatureTest" assertions="1" time="1.859812"/>
        <testcase name="test_autenticar_con_rol_usando_nombre_rol" file="C:\laragon\www\Pro_Audio_Y\tests\Feature\UsuarioControllerFeatureTest.php" line="373" class="Tests\Feature\UsuarioControllerFeatureTest" classname="Tests.Feature.UsuarioControllerFeatureTest" assertions="1" time="0.650258"/>
        <testcase name="test_autenticar_con_roles_duplicados" file="C:\laragon\www\Pro_Audio_Y\tests\Feature\UsuarioControllerFeatureTest.php" line="404" class="Tests\Feature\UsuarioControllerFeatureTest" classname="Tests.Feature.UsuarioControllerFeatureTest" assertions="1" time="0.457452"/>
        <testcase name="test_vista_registro_retorna_formulario" file="C:\laragon\www\Pro_Audio_Y\tests\Feature\UsuarioControllerFeatureTest.php" line="440" class="Tests\Feature\UsuarioControllerFeatureTest" classname="Tests.Feature.UsuarioControllerFeatureTest" assertions="2" time="4.261465"/>
        <testcase name="test_vista_login_retorna_formulario" file="C:\laragon\www\Pro_Audio_Y\tests\Feature\UsuarioControllerFeatureTest.php" line="448" class="Tests\Feature\UsuarioControllerFeatureTest" classname="Tests.Feature.UsuarioControllerFeatureTest" assertions="2" time="0.987207"/>
        <testcase name="test_store_asigna_rol_cuando_existe_por_name" file="C:\laragon\www\Pro_Audio_Y\tests\Feature\UsuarioControllerFeatureTest.php" line="460" class="Tests\Feature\UsuarioControllerFeatureTest" classname="Tests.Feature.UsuarioControllerFeatureTest" assertions="3" time="2.063063"/>
        <testcase name="test_autenticar_usuario_existe_pero_contraseña_incorrecta" file="C:\laragon\www\Pro_Audio_Y\tests\Feature\UsuarioControllerFeatureTest.php" line="486" class="Tests\Feature\UsuarioControllerFeatureTest" classname="Tests.Feature.UsuarioControllerFeatureTest" assertions="3" time="0.634422"/>
        <testcase name="test_autenticar_usuario_no_existe" file="C:\laragon\www\Pro_Audio_Y\tests\Feature\UsuarioControllerFeatureTest.php" line="507" class="Tests\Feature\UsuarioControllerFeatureTest" classname="Tests.Feature.UsuarioControllerFeatureTest" assertions="3" time="0.365653"/>
        <testcase name="test_update_photo_con_foto_anterior_que_no_existe_en_storage" file="C:\laragon\www\Pro_Audio_Y\tests\Feature\UsuarioControllerFeatureTest.php" line="518" class="Tests\Feature\UsuarioControllerFeatureTest" classname="Tests.Feature.UsuarioControllerFeatureTest" assertions="2" time="1.217545"/>
        <testcase name="test_perfil_con_usuario_id_que_no_existe" file="C:\laragon\www\Pro_Audio_Y\tests\Feature\UsuarioControllerFeatureTest.php" line="544" class="Tests\Feature\UsuarioControllerFeatureTest" classname="Tests.Feature.UsuarioControllerFeatureTest" assertions="4" time="3.183429"/>
        <testcase name="test_store_valida_primer_nombre_requerido" file="C:\laragon\www\Pro_Audio_Y\tests\Feature\UsuarioControllerFeatureTest.php" line="556" class="Tests\Feature\UsuarioControllerFeatureTest" classname="Tests.Feature.UsuarioControllerFeatureTest" assertions="2" time="1.308770"/>
        <testcase name="test_store_valida_primer_apellido_requerido" file="C:\laragon\www\Pro_Audio_Y\tests\Feature\UsuarioControllerFeatureTest.php" line="569" class="Tests\Feature\UsuarioControllerFeatureTest" classname="Tests.Feature.UsuarioControllerFeatureTest" assertions="2" time="0.919066"/>
        <testcase name="test_store_valida_correo_requerido" file="C:\laragon\www\Pro_Audio_Y\tests\Feature\UsuarioControllerFeatureTest.php" line="582" class="Tests\Feature\UsuarioControllerFeatureTest" classname="Tests.Feature.UsuarioControllerFeatureTest" assertions="2" time="0.429758"/>
        <testcase name="test_store_valida_correo_debe_ser_email" file="C:\laragon\www\Pro_Audio_Y\tests\Feature\UsuarioControllerFeatureTest.php" line="595" class="Tests\Feature\UsuarioControllerFeatureTest" classname="Tests.Feature.UsuarioControllerFeatureTest" assertions="2" time="0.587881"/>
        <testcase name="test_autenticar_valida_correo_requerido" file="C:\laragon\www\Pro_Audio_Y\tests\Feature\UsuarioControllerFeatureTest.php" line="609" class="Tests\Feature\UsuarioControllerFeatureTest" classname="Tests.Feature.UsuarioControllerFeatureTest" assertions="2" time="0.639300"/>
        <testcase name="test_autenticar_valida_contrasena_requerida" file="C:\laragon\www\Pro_Audio_Y\tests\Feature\UsuarioControllerFeatureTest.php" line="618" class="Tests\Feature\UsuarioControllerFeatureTest" classname="Tests.Feature.UsuarioControllerFeatureTest" assertions="2" time="0.364723"/>
        <testcase name="test_autenticar_valida_correo_debe_ser_email" file="C:\laragon\www\Pro_Audio_Y\tests\Feature\UsuarioControllerFeatureTest.php" line="627" class="Tests\Feature\UsuarioControllerFeatureTest" classname="Tests.Feature.UsuarioControllerFeatureTest" assertions="2" time="0.653582"/>
        <testcase name="test_store_con_todos_los_campos_opcionales" file="C:\laragon\www\Pro_Audio_Y\tests\Feature\UsuarioControllerFeatureTest.php" line="641" class="Tests\Feature\UsuarioControllerFeatureTest" classname="Tests.Feature.UsuarioControllerFeatureTest" assertions="3" time="0.727579"/>
        <testcase name="test_store_sin_campos_opcionales" file="C:\laragon\www\Pro_Audio_Y\tests\Feature\UsuarioControllerFeatureTest.php" line="665" class="Tests\Feature\UsuarioControllerFeatureTest" classname="Tests.Feature.UsuarioControllerFeatureTest" assertions="5" time="0.869943"/>
        <testcase name="test_store_valida_segundo_nombre_max_caracteres" file="C:\laragon\www\Pro_Audio_Y\tests\Feature\UsuarioControllerFeatureTest.php" line="684" class="Tests\Feature\UsuarioControllerFeatureTest" classname="Tests.Feature.UsuarioControllerFeatureTest" assertions="2" time="0.987724"/>
        <testcase name="test_store_valida_segundo_apellido_max_caracteres" file="C:\laragon\www\Pro_Audio_Y\tests\Feature\UsuarioControllerFeatureTest.php" line="698" class="Tests\Feature\UsuarioControllerFeatureTest" classname="Tests.Feature.UsuarioControllerFeatureTest" assertions="2" time="0.481772"/>
        <testcase name="test_store_valida_direccion_max_caracteres" file="C:\laragon\www\Pro_Audio_Y\tests\Feature\UsuarioControllerFeatureTest.php" line="712" class="Tests\Feature\UsuarioControllerFeatureTest" classname="Tests.Feature.UsuarioControllerFeatureTest" assertions="2" time="0.522355"/>
        <testcase name="test_store_valida_telefono_max_caracteres" file="C:\laragon\www\Pro_Audio_Y\tests\Feature\UsuarioControllerFeatureTest.php" line="726" class="Tests\Feature\UsuarioControllerFeatureTest" classname="Tests.Feature.UsuarioControllerFeatureTest" assertions="2" time="0.449610"/>
        <testcase name="test_store_valida_primer_nombre_max_caracteres" file="C:\laragon\www\Pro_Audio_Y\tests\Feature\UsuarioControllerFeatureTest.php" line="740" class="Tests\Feature\UsuarioControllerFeatureTest" classname="Tests.Feature.UsuarioControllerFeatureTest" assertions="2" time="0.654054"/>
        <testcase name="test_store_valida_primer_apellido_max_caracteres" file="C:\laragon\www\Pro_Audio_Y\tests\Feature\UsuarioControllerFeatureTest.php" line="753" class="Tests\Feature\UsuarioControllerFeatureTest" classname="Tests.Feature.UsuarioControllerFeatureTest" assertions="2" time="0.544135"/>
        <testcase name="test_store_continua_si_hay_excepcion_al_asignar_rol" file="C:\laragon\www\Pro_Audio_Y\tests\Feature\UsuarioControllerFeatureTest.php" line="770" class="Tests\Feature\UsuarioControllerFeatureTest" classname="Tests.Feature.UsuarioControllerFeatureTest" assertions="3" time="5.604862"/>
        <testcase name="test_autenticar_con_roles_multiples_sin_duplicados" file="C:\laragon\www\Pro_Audio_Y\tests\Feature\UsuarioControllerFeatureTest.php" line="814" class="Tests\Feature\UsuarioControllerFeatureTest" classname="Tests.Feature.UsuarioControllerFeatureTest" assertions="3" time="0.308333"/>
        <testcase name="test_autenticar_con_rol_solo_name_sin_nombre_rol" file="C:\laragon\www\Pro_Audio_Y\tests\Feature\UsuarioControllerFeatureTest.php" line="855" class="Tests\Feature\UsuarioControllerFeatureTest" classname="Tests.Feature.UsuarioControllerFeatureTest" assertions="3" time="0.268257"/>
        <testcase name="test_autenticar_con_rol_solo_nombre_rol_sin_name" file="C:\laragon\www\Pro_Audio_Y\tests\Feature\UsuarioControllerFeatureTest.php" line="895" class="Tests\Feature\UsuarioControllerFeatureTest" classname="Tests.Feature.UsuarioControllerFeatureTest" assertions="3" time="0.364958"/>
        <testcase name="test_autenticar_con_nombre_en_mayusculas_minusculas_mixtas" file="C:\laragon\www\Pro_Audio_Y\tests\Feature\UsuarioControllerFeatureTest.php" line="933" class="Tests\Feature\UsuarioControllerFeatureTest" classname="Tests.Feature.UsuarioControllerFeatureTest" assertions="1" time="0.251440"/>
        <testcase name="test_autenticar_con_nombre_todo_minusculas" file="C:\laragon\www\Pro_Audio_Y\tests\Feature\UsuarioControllerFeatureTest.php" line="954" class="Tests\Feature\UsuarioControllerFeatureTest" classname="Tests.Feature.UsuarioControllerFeatureTest" assertions="1" time="0.318334"/>
        <testcase name="test_autenticar_con_nombre_todo_mayusculas" file="C:\laragon\www\Pro_Audio_Y\tests\Feature\UsuarioControllerFeatureTest.php" line="974" class="Tests\Feature\UsuarioControllerFeatureTest" classname="Tests.Feature.UsuarioControllerFeatureTest" assertions="1" time="0.230054"/>
        <testcase name="test_update_photo_sin_foto_anterior" file="C:\laragon\www\Pro_Audio_Y\tests\Feature\UsuarioControllerFeatureTest.php" line="998" class="Tests\Feature\UsuarioControllerFeatureTest" classname="Tests.Feature.UsuarioControllerFeatureTest" assertions="2" time="0.315056"/>
        <testcase name="test_update_photo_valida_tamaño_maximo" file="C:\laragon\www\Pro_Audio_Y\tests\Feature\UsuarioControllerFeatureTest.php" line="1028" class="Tests\Feature\UsuarioControllerFeatureTest" classname="Tests.Feature.UsuarioControllerFeatureTest" assertions="1" time="0.314514"/>
        <testcase name="test_update_photo_con_diferentes_formatos_permitidos" file="C:\laragon\www\Pro_Audio_Y\tests\Feature\UsuarioControllerFeatureTest.php" line="1057" class="Tests\Feature\UsuarioControllerFeatureTest" classname="Tests.Feature.UsuarioControllerFeatureTest" assertions="3" time="0.914313"/>
        <testcase name="test_cerrar_sesion_con_sesion_completa" file="C:\laragon\www\Pro_Audio_Y\tests\Feature\UsuarioControllerFeatureTest.php" line="1088" class="Tests\Feature\UsuarioControllerFeatureTest" classname="Tests.Feature.UsuarioControllerFeatureTest" assertions="6" time="0.239915"/>
        <testcase name="test_cerrar_sesion_sin_sesion_previa" file="C:\laragon\www\Pro_Audio_Y\tests\Feature\UsuarioControllerFeatureTest.php" line="1116" class="Tests\Feature\UsuarioControllerFeatureTest" classname="Tests.Feature.UsuarioControllerFeatureTest" assertions="3" time="0.220590"/>
        <testcase name="test_store_valida_contrasena_min_caracteres" file="C:\laragon\www\Pro_Audio_Y\tests\Feature\UsuarioControllerFeatureTest.php" line="1128" class="Tests\Feature\UsuarioControllerFeatureTest" classname="Tests.Feature.UsuarioControllerFeatureTest" assertions="4" time="0.309346"/>
        <testcase name="test_store_valida_contrasena_confirmed" file="C:\laragon\www\Pro_Audio_Y\tests\Feature\UsuarioControllerFeatureTest.php" line="1143" class="Tests\Feature\UsuarioControllerFeatureTest" classname="Tests.Feature.UsuarioControllerFeatureTest" assertions="4" time="0.218341"/>
        <testcase name="test_store_sin_rol_cliente_no_asigna_rol" file="C:\laragon\www\Pro_Audio_Y\tests\Feature\UsuarioControllerFeatureTest.php" line="1158" class="Tests\Feature\UsuarioControllerFeatureTest" classname="Tests.Feature.UsuarioControllerFeatureTest" assertions="4" time="0.245016"/>
        <testcase name="test_autenticar_con_roles_array_vacio_despues_de_map" file="C:\laragon\www\Pro_Audio_Y\tests\Feature\UsuarioControllerFeatureTest.php" line="1181" class="Tests\Feature\UsuarioControllerFeatureTest" classname="Tests.Feature.UsuarioControllerFeatureTest" assertions="2" time="0.235345"/>
        <testcase name="test_autenticar_con_role_fallback_cuando_roles_vacio" file="C:\laragon\www\Pro_Audio_Y\tests\Feature\UsuarioControllerFeatureTest.php" line="1206" class="Tests\Feature\UsuarioControllerFeatureTest" classname="Tests.Feature.UsuarioControllerFeatureTest" assertions="1" time="0.237530"/>
        <testcase name="test_update_photo_valida_archivo_no_es_imagen" file="C:\laragon\www\Pro_Audio_Y\tests\Feature\UsuarioControllerFeatureTest.php" line="1230" class="Tests\Feature\UsuarioControllerFeatureTest" classname="Tests.Feature.UsuarioControllerFeatureTest" assertions="1" time="0.334157"/>
        <testcase name="test_update_photo_valida_formato_no_permitido" file="C:\laragon\www\Pro_Audio_Y\tests\Feature\UsuarioControllerFeatureTest.php" line="1259" class="Tests\Feature\UsuarioControllerFeatureTest" classname="Tests.Feature.UsuarioControllerFeatureTest" assertions="3" time="0.229273"/>
        <testcase name="test_update_photo_archivo_invalido_cubre_lineas_163_164" file="C:\laragon\www\Pro_Audio_Y\tests\Feature\UsuarioControllerFeatureTest.php" line="1284" class="Tests\Feature\UsuarioControllerFeatureTest" classname="Tests.Feature.UsuarioControllerFeatureTest" assertions="2" time="0.270448"/>
        <testcase name="test_update_photo_con_foto_anterior_que_existe" file="C:\laragon\www\Pro_Audio_Y\tests\Feature\UsuarioControllerFeatureTest.php" line="1316" class="Tests\Feature\UsuarioControllerFeatureTest" classname="Tests.Feature.UsuarioControllerFeatureTest" assertions="2" time="0.623874"/>
        <testcase name="test_store_con_rol_que_tiene_name_primero" file="C:\laragon\www\Pro_Audio_Y\tests\Feature\UsuarioControllerFeatureTest.php" line="1346" class="Tests\Feature\UsuarioControllerFeatureTest" classname="Tests.Feature.UsuarioControllerFeatureTest" assertions="4" time="0.584789"/>
        <testcase name="test_store_valida_string_en_campos" file="C:\laragon\www\Pro_Audio_Y\tests\Feature\UsuarioControllerFeatureTest.php" line="1378" class="Tests\Feature\UsuarioControllerFeatureTest" classname="Tests.Feature.UsuarioControllerFeatureTest" assertions="2" time="0.363602"/>
        <testcase name="test_store_valida_email_formato" file="C:\laragon\www\Pro_Audio_Y\tests\Feature\UsuarioControllerFeatureTest.php" line="1392" class="Tests\Feature\UsuarioControllerFeatureTest" classname="Tests.Feature.UsuarioControllerFeatureTest" assertions="2" time="0.292179"/>
        <testcase name="test_store_valida_correo_unico" file="C:\laragon\www\Pro_Audio_Y\tests\Feature\UsuarioControllerFeatureTest.php" line="1406" class="Tests\Feature\UsuarioControllerFeatureTest" classname="Tests.Feature.UsuarioControllerFeatureTest" assertions="2" time="0.335315"/>
        <testcase name="test_store_valida_nullable_campos_pueden_ser_vacios" file="C:\laragon\www\Pro_Audio_Y\tests\Feature\UsuarioControllerFeatureTest.php" line="1432" class="Tests\Feature\UsuarioControllerFeatureTest" classname="Tests.Feature.UsuarioControllerFeatureTest" assertions="3" time="0.342802"/>
        <testcase name="test_autenticar_con_usuario_que_tiene_roles_pero_array_vacio_por_map" file="C:\laragon\www\Pro_Audio_Y\tests\Feature\UsuarioControllerFeatureTest.php" line="1452" class="Tests\Feature\UsuarioControllerFeatureTest" classname="Tests.Feature.UsuarioControllerFeatureTest" assertions="1" time="0.425203"/>
        <testcase name="test_store_con_rol_id_null_no_inserta_en_personas_roles" file="C:\laragon\www\Pro_Audio_Y\tests\Feature\UsuarioControllerFeatureTest.php" line="1477" class="Tests\Feature\UsuarioControllerFeatureTest" classname="Tests.Feature.UsuarioControllerFeatureTest" assertions="3" time="0.246267"/>
        <testcase name="test_autenticar_con_roles_que_tienen_duplicados_eliminados_por_unique" file="C:\laragon\www\Pro_Audio_Y\tests\Feature\UsuarioControllerFeatureTest.php" line="1503" class="Tests\Feature\UsuarioControllerFeatureTest" classname="Tests.Feature.UsuarioControllerFeatureTest" assertions="2" time="0.211656"/>
        <testcase name="test_update_photo_con_foto_anterior_null_no_intenta_eliminar" file="C:\laragon\www\Pro_Audio_Y\tests\Feature\UsuarioControllerFeatureTest.php" line="1534" class="Tests\Feature\UsuarioControllerFeatureTest" classname="Tests.Feature.UsuarioControllerFeatureTest" assertions="1" time="0.312803"/>
      </testsuite>
      <testsuite name="Tests\Feature\UsuarioControllerFinalCoverageTest" file="C:\laragon\www\Pro_Audio_Y\tests\Feature\UsuarioControllerFinalCoverageTest.php" tests="1" assertions="2" errors="0" failures="0" skipped="0" time="1.036405">
        <testcase name="test_store_catch_exception_al_asignar_rol_cubre_linea_52" file="C:\laragon\www\Pro_Audio_Y\tests\Feature\UsuarioControllerFinalCoverageTest.php" line="53" class="Tests\Feature\UsuarioControllerFinalCoverageTest" classname="Tests.Feature.UsuarioControllerFinalCoverageTest" assertions="2" time="1.036405"/>
      </testsuite>
    </testsuite>
  </testsuite>
</testsuites>
