<?xml version="1.0" encoding="UTF-8"?>
<testsuites>
  <testsuite name="C:\laragon\www\Pro_Audio_Y\phpunit.xml" tests="135" assertions="252" errors="0" failures="0" skipped="0" time="7.532770">
    <testsuite name="Unit" tests="134" assertions="249" errors="0" failures="0" skipped="0" time="7.357819">
      <testsuite name="Tests\Unit\AjustesControllerUnitTest" file="C:\laragon\www\Pro_Audio_Y\tests\Unit\AjustesControllerUnitTest.php" tests="5" assertions="11" errors="0" failures="0" skipped="0" time="0.373139">
        <testcase name="test_group_by_opciones_validas" file="C:\laragon\www\Pro_Audio_Y\tests\Unit\AjustesControllerUnitTest.php" line="27" class="Tests\Unit\AjustesControllerUnitTest" classname="Tests.Unit.AjustesControllerUnitTest" assertions="3" time="0.346330"/>
        <testcase name="test_tab_opciones_validas" file="C:\laragon\www\Pro_Audio_Y\tests\Unit\AjustesControllerUnitTest.php" line="37" class="Tests\Unit\AjustesControllerUnitTest" classname="Tests.Unit.AjustesControllerUnitTest" assertions="3" time="0.008275"/>
        <testcase name="test_active_tab_default" file="C:\laragon\www\Pro_Audio_Y\tests\Unit\AjustesControllerUnitTest.php" line="47" class="Tests\Unit\AjustesControllerUnitTest" classname="Tests.Unit.AjustesControllerUnitTest" assertions="1" time="0.005844"/>
        <testcase name="test_active_tab_con_group_by" file="C:\laragon\www\Pro_Audio_Y\tests\Unit\AjustesControllerUnitTest.php" line="56" class="Tests\Unit\AjustesControllerUnitTest" classname="Tests.Unit.AjustesControllerUnitTest" assertions="1" time="0.002842"/>
        <testcase name="test_formato_fecha_estructura" file="C:\laragon\www\Pro_Audio_Y\tests\Unit\AjustesControllerUnitTest.php" line="65" class="Tests\Unit\AjustesControllerUnitTest" classname="Tests.Unit.AjustesControllerUnitTest" assertions="3" time="0.009848"/>
      </testsuite>
      <testsuite name="Tests\Unit\BusquedaControllerUnitTest" file="C:\laragon\www\Pro_Audio_Y\tests\Unit\BusquedaControllerUnitTest.php" tests="8" assertions="10" errors="0" failures="0" skipped="0" time="0.075866">
        <testcase name="test_normalizar_texto_convierte_a_minusculas" file="C:\laragon\www\Pro_Audio_Y\tests\Unit\BusquedaControllerUnitTest.php" line="27" class="Tests\Unit\BusquedaControllerUnitTest" classname="Tests.Unit.BusquedaControllerUnitTest" assertions="1" time="0.044682"/>
        <testcase name="test_normalizar_texto_elimina_espacios_extra" file="C:\laragon\www\Pro_Audio_Y\tests\Unit\BusquedaControllerUnitTest.php" line="33" class="Tests\Unit\BusquedaControllerUnitTest" classname="Tests.Unit.BusquedaControllerUnitTest" assertions="2" time="0.003554"/>
        <testcase name="test_normalizar_texto_corrige_animacion" file="C:\laragon\www\Pro_Audio_Y\tests\Unit\BusquedaControllerUnitTest.php" line="43" class="Tests\Unit\BusquedaControllerUnitTest" classname="Tests.Unit.BusquedaControllerUnitTest" assertions="1" time="0.004656"/>
        <testcase name="test_normalizar_texto_corrige_animador" file="C:\laragon\www\Pro_Audio_Y\tests\Unit\BusquedaControllerUnitTest.php" line="49" class="Tests\Unit\BusquedaControllerUnitTest" classname="Tests.Unit.BusquedaControllerUnitTest" assertions="1" time="0.006169"/>
        <testcase name="test_normalizar_texto_mantiene_alquiler" file="C:\laragon\www\Pro_Audio_Y\tests\Unit\BusquedaControllerUnitTest.php" line="55" class="Tests\Unit\BusquedaControllerUnitTest" classname="Tests.Unit.BusquedaControllerUnitTest" assertions="1" time="0.004959"/>
        <testcase name="test_normalizar_texto_mantiene_publicidad" file="C:\laragon\www\Pro_Audio_Y\tests\Unit\BusquedaControllerUnitTest.php" line="61" class="Tests\Unit\BusquedaControllerUnitTest" classname="Tests.Unit.BusquedaControllerUnitTest" assertions="1" time="0.002903"/>
        <testcase name="test_normalizar_texto_con_cadena_vacia" file="C:\laragon\www\Pro_Audio_Y\tests\Unit\BusquedaControllerUnitTest.php" line="67" class="Tests\Unit\BusquedaControllerUnitTest" classname="Tests.Unit.BusquedaControllerUnitTest" assertions="1" time="0.005468"/>
        <testcase name="test_normalizar_texto_con_texto_complejo" file="C:\laragon\www\Pro_Audio_Y\tests\Unit\BusquedaControllerUnitTest.php" line="73" class="Tests\Unit\BusquedaControllerUnitTest" classname="Tests.Unit.BusquedaControllerUnitTest" assertions="2" time="0.003475"/>
      </testsuite>
      <testsuite name="Tests\Unit\CalendarioControllerUnitTest" file="C:\laragon\www\Pro_Audio_Y\tests\Unit\CalendarioControllerUnitTest.php" tests="3" assertions="8" errors="0" failures="0" skipped="0" time="0.130358">
        <testcase name="test_default_event_title_constante" file="C:\laragon\www\Pro_Audio_Y\tests\Unit\CalendarioControllerUnitTest.php" line="19" class="Tests\Unit\CalendarioControllerUnitTest" classname="Tests.Unit.CalendarioControllerUnitTest" assertions="2" time="0.121747"/>
        <testcase name="test_is_admin_like_logica_administrador" file="C:\laragon\www\Pro_Audio_Y\tests\Unit\CalendarioControllerUnitTest.php" line="30" class="Tests\Unit\CalendarioControllerUnitTest" classname="Tests.Unit.CalendarioControllerUnitTest" assertions="3" time="0.005127"/>
        <testcase name="test_is_admin_like_case_insensitive" file="C:\laragon\www\Pro_Audio_Y\tests\Unit\CalendarioControllerUnitTest.php" line="41" class="Tests\Unit\CalendarioControllerUnitTest" classname="Tests.Unit.CalendarioControllerUnitTest" assertions="3" time="0.003483"/>
      </testsuite>
      <testsuite name="Tests\Unit\ChatbotControllerUnitTest" file="C:\laragon\www\Pro_Audio_Y\tests\Unit\ChatbotControllerUnitTest.php" tests="1" assertions="1" errors="0" failures="0" skipped="0" time="0.572408">
        <testcase name="test_controller_can_be_instantiated" file="C:\laragon\www\Pro_Audio_Y\tests\Unit\ChatbotControllerUnitTest.php" line="61" class="Tests\Unit\ChatbotControllerUnitTest" classname="Tests.Unit.ChatbotControllerUnitTest" assertions="1" time="0.572408"/>
      </testsuite>
      <testsuite name="Tests\Unit\ChatbotIntentionDetectorTest" file="C:\laragon\www\Pro_Audio_Y\tests\Unit\ChatbotIntentionDetectorTest.php" tests="19" assertions="29" errors="0" failures="0" skipped="0" time="1.985007">
        <testcase name="test_detectar_intenciones_vacio" file="C:\laragon\www\Pro_Audio_Y\tests\Unit\ChatbotIntentionDetectorTest.php" line="31" class="Tests\Unit\ChatbotIntentionDetectorTest" classname="Tests.Unit.ChatbotIntentionDetectorTest" assertions="2" time="0.610665"/>
        <testcase name="test_detectar_intenciones_alquiler" file="C:\laragon\www\Pro_Audio_Y\tests\Unit\ChatbotIntentionDetectorTest.php" line="38" class="Tests\Unit\ChatbotIntentionDetectorTest" classname="Tests.Unit.ChatbotIntentionDetectorTest" assertions="2" time="0.155173"/>
        <testcase name="test_detectar_intenciones_animacion" file="C:\laragon\www\Pro_Audio_Y\tests\Unit\ChatbotIntentionDetectorTest.php" line="45" class="Tests\Unit\ChatbotIntentionDetectorTest" classname="Tests.Unit.ChatbotIntentionDetectorTest" assertions="2" time="0.079207"/>
        <testcase name="test_detectar_intenciones_publicidad" file="C:\laragon\www\Pro_Audio_Y\tests\Unit\ChatbotIntentionDetectorTest.php" line="52" class="Tests\Unit\ChatbotIntentionDetectorTest" classname="Tests.Unit.ChatbotIntentionDetectorTest" assertions="2" time="0.076735"/>
        <testcase name="test_detectar_intenciones_multiples" file="C:\laragon\www\Pro_Audio_Y\tests\Unit\ChatbotIntentionDetectorTest.php" line="59" class="Tests\Unit\ChatbotIntentionDetectorTest" classname="Tests.Unit.ChatbotIntentionDetectorTest" assertions="3" time="0.078363"/>
        <testcase name="test_validar_intenciones_contra_mensaje_valida_alquiler" file="C:\laragon\www\Pro_Audio_Y\tests\Unit\ChatbotIntentionDetectorTest.php" line="70" class="Tests\Unit\ChatbotIntentionDetectorTest" classname="Tests.Unit.ChatbotIntentionDetectorTest" assertions="1" time="0.070554"/>
        <testcase name="test_validar_intenciones_contra_mensaje_invalida_alquiler" file="C:\laragon\www\Pro_Audio_Y\tests\Unit\ChatbotIntentionDetectorTest.php" line="79" class="Tests\Unit\ChatbotIntentionDetectorTest" classname="Tests.Unit.ChatbotIntentionDetectorTest" assertions="1" time="0.101010"/>
        <testcase name="test_validar_intenciones_contra_mensaje_con_animacion" file="C:\laragon\www\Pro_Audio_Y\tests\Unit\ChatbotIntentionDetectorTest.php" line="88" class="Tests\Unit\ChatbotIntentionDetectorTest" classname="Tests.Unit.ChatbotIntentionDetectorTest" assertions="1" time="0.066547"/>
        <testcase name="test_validar_intenciones_contra_mensaje_con_publicidad" file="C:\laragon\www\Pro_Audio_Y\tests\Unit\ChatbotIntentionDetectorTest.php" line="97" class="Tests\Unit\ChatbotIntentionDetectorTest" classname="Tests.Unit.ChatbotIntentionDetectorTest" assertions="1" time="0.066828"/>
        <testcase name="test_validar_intenciones_contra_mensaje_vacio" file="C:\laragon\www\Pro_Audio_Y\tests\Unit\ChatbotIntentionDetectorTest.php" line="106" class="Tests\Unit\ChatbotIntentionDetectorTest" classname="Tests.Unit.ChatbotIntentionDetectorTest" assertions="1" time="0.064600"/>
        <testcase name="test_validar_intenciones_contra_mensaje_multiples" file="C:\laragon\www\Pro_Audio_Y\tests\Unit\ChatbotIntentionDetectorTest.php" line="115" class="Tests\Unit\ChatbotIntentionDetectorTest" classname="Tests.Unit.ChatbotIntentionDetectorTest" assertions="3" time="0.064402"/>
        <testcase name="test_es_relacionado_con_alquiler" file="C:\laragon\www\Pro_Audio_Y\tests\Unit\ChatbotIntentionDetectorTest.php" line="129" class="Tests\Unit\ChatbotIntentionDetectorTest" classname="Tests.Unit.ChatbotIntentionDetectorTest" assertions="1" time="0.070174"/>
        <testcase name="test_es_relacionado_con_animacion" file="C:\laragon\www\Pro_Audio_Y\tests\Unit\ChatbotIntentionDetectorTest.php" line="135" class="Tests\Unit\ChatbotIntentionDetectorTest" classname="Tests.Unit.ChatbotIntentionDetectorTest" assertions="1" time="0.065116"/>
        <testcase name="test_es_relacionado_con_publicidad" file="C:\laragon\www\Pro_Audio_Y\tests\Unit\ChatbotIntentionDetectorTest.php" line="141" class="Tests\Unit\ChatbotIntentionDetectorTest" classname="Tests.Unit.ChatbotIntentionDetectorTest" assertions="1" time="0.069941"/>
        <testcase name="test_es_relacionado_con_mensaje_vacio" file="C:\laragon\www\Pro_Audio_Y\tests\Unit\ChatbotIntentionDetectorTest.php" line="147" class="Tests\Unit\ChatbotIntentionDetectorTest" classname="Tests.Unit.ChatbotIntentionDetectorTest" assertions="1" time="0.079620"/>
        <testcase name="test_es_relacionado_con_mensaje_no_relacionado" file="C:\laragon\www\Pro_Audio_Y\tests\Unit\ChatbotIntentionDetectorTest.php" line="154" class="Tests\Unit\ChatbotIntentionDetectorTest" classname="Tests.Unit.ChatbotIntentionDetectorTest" assertions="1" time="0.064615"/>
        <testcase name="test_es_relacionado_case_insensitive" file="C:\laragon\www\Pro_Audio_Y\tests\Unit\ChatbotIntentionDetectorTest.php" line="161" class="Tests\Unit\ChatbotIntentionDetectorTest" classname="Tests.Unit.ChatbotIntentionDetectorTest" assertions="2" time="0.064292"/>
        <testcase name="test_clasificar_por_tfidf_con_cadena_vacia" file="C:\laragon\www\Pro_Audio_Y\tests\Unit\ChatbotIntentionDetectorTest.php" line="174" class="Tests\Unit\ChatbotIntentionDetectorTest" classname="Tests.Unit.ChatbotIntentionDetectorTest" assertions="2" time="0.063236"/>
        <testcase name="test_clasificar_por_tfidf_retorna_array" file="C:\laragon\www\Pro_Audio_Y\tests\Unit\ChatbotIntentionDetectorTest.php" line="181" class="Tests\Unit\ChatbotIntentionDetectorTest" classname="Tests.Unit.ChatbotIntentionDetectorTest" assertions="1" time="0.073929"/>
      </testsuite>
      <testsuite name="Tests\Unit\ChatbotSessionManagerTest" file="C:\laragon\www\Pro_Audio_Y\tests\Unit\ChatbotSessionManagerTest.php" tests="10" assertions="10" errors="0" failures="0" skipped="0" time="1.289554">
        <testcase name="test_limpiar_sesion_chat_limpia_selecciones" file="C:\laragon\www\Pro_Audio_Y\tests\Unit\ChatbotSessionManagerTest.php" line="26" class="Tests\Unit\ChatbotSessionManagerTest" classname="Tests.Unit.ChatbotSessionManagerTest" assertions="1" time="0.099968"/>
        <testcase name="test_limpiar_sesion_chat_limpia_intenciones" file="C:\laragon\www\Pro_Audio_Y\tests\Unit\ChatbotSessionManagerTest.php" line="33" class="Tests\Unit\ChatbotSessionManagerTest" classname="Tests.Unit.ChatbotSessionManagerTest" assertions="1" time="0.104768"/>
        <testcase name="test_limpiar_sesion_chat_limpia_days" file="C:\laragon\www\Pro_Audio_Y\tests\Unit\ChatbotSessionManagerTest.php" line="40" class="Tests\Unit\ChatbotSessionManagerTest" classname="Tests.Unit.ChatbotSessionManagerTest" assertions="1" time="0.116317"/>
        <testcase name="test_obtener_dias_para_respuesta_con_dias" file="C:\laragon\www\Pro_Audio_Y\tests\Unit\ChatbotSessionManagerTest.php" line="51" class="Tests\Unit\ChatbotSessionManagerTest" classname="Tests.Unit.ChatbotSessionManagerTest" assertions="1" time="0.096115"/>
        <testcase name="test_obtener_dias_para_respuesta_con_session" file="C:\laragon\www\Pro_Audio_Y\tests\Unit\ChatbotSessionManagerTest.php" line="57" class="Tests\Unit\ChatbotSessionManagerTest" classname="Tests.Unit.ChatbotSessionManagerTest" assertions="1" time="0.121829"/>
        <testcase name="test_obtener_dias_para_respuesta_sin_dias" file="C:\laragon\www\Pro_Audio_Y\tests\Unit\ChatbotSessionManagerTest.php" line="64" class="Tests\Unit\ChatbotSessionManagerTest" classname="Tests.Unit.ChatbotSessionManagerTest" assertions="1" time="0.117275"/>
        <testcase name="test_extraer_dias_del_request_con_numero" file="C:\laragon\www\Pro_Audio_Y\tests\Unit\ChatbotSessionManagerTest.php" line="75" class="Tests\Unit\ChatbotSessionManagerTest" classname="Tests.Unit.ChatbotSessionManagerTest" assertions="1" time="0.150877"/>
        <testcase name="test_extraer_dias_del_request_con_palabras" file="C:\laragon\www\Pro_Audio_Y\tests\Unit\ChatbotSessionManagerTest.php" line="87" class="Tests\Unit\ChatbotSessionManagerTest" classname="Tests.Unit.ChatbotSessionManagerTest" assertions="1" time="0.144067"/>
        <testcase name="test_extraer_dias_del_request_con_continuacion" file="C:\laragon\www\Pro_Audio_Y\tests\Unit\ChatbotSessionManagerTest.php" line="99" class="Tests\Unit\ChatbotSessionManagerTest" classname="Tests.Unit.ChatbotSessionManagerTest" assertions="1" time="0.181606"/>
        <testcase name="test_extraer_dias_del_request_guarda_en_session" file="C:\laragon\www\Pro_Audio_Y\tests\Unit\ChatbotSessionManagerTest.php" line="112" class="Tests\Unit\ChatbotSessionManagerTest" classname="Tests.Unit.ChatbotSessionManagerTest" assertions="1" time="0.156733"/>
      </testsuite>
      <testsuite name="Tests\Unit\ChatbotTextProcessorTest" file="C:\laragon\www\Pro_Audio_Y\tests\Unit\ChatbotTextProcessorTest.php" tests="30" assertions="43" errors="0" failures="0" skipped="0" time="2.158084">
        <testcase name="test_normalizar_texto_convierte_a_minusculas" file="C:\laragon\www\Pro_Audio_Y\tests\Unit\ChatbotTextProcessorTest.php" line="32" class="Tests\Unit\ChatbotTextProcessorTest" classname="Tests.Unit.ChatbotTextProcessorTest" assertions="1" time="0.112669"/>
        <testcase name="test_normalizar_texto_elimina_acentos" file="C:\laragon\www\Pro_Audio_Y\tests\Unit\ChatbotTextProcessorTest.php" line="38" class="Tests\Unit\ChatbotTextProcessorTest" classname="Tests.Unit.ChatbotTextProcessorTest" assertions="3" time="0.115153"/>
        <testcase name="test_normalizar_texto_maneja_caracteres_especiales" file="C:\laragon\www\Pro_Audio_Y\tests\Unit\ChatbotTextProcessorTest.php" line="50" class="Tests\Unit\ChatbotTextProcessorTest" classname="Tests.Unit.ChatbotTextProcessorTest" assertions="2" time="0.079751"/>
        <testcase name="test_normalizar_texto_con_cadena_vacia" file="C:\laragon\www\Pro_Audio_Y\tests\Unit\ChatbotTextProcessorTest.php" line="59" class="Tests\Unit\ChatbotTextProcessorTest" classname="Tests.Unit.ChatbotTextProcessorTest" assertions="1" time="0.085081"/>
        <testcase name="test_normalizar_texto_con_numeros" file="C:\laragon\www\Pro_Audio_Y\tests\Unit\ChatbotTextProcessorTest.php" line="65" class="Tests\Unit\ChatbotTextProcessorTest" classname="Tests.Unit.ChatbotTextProcessorTest" assertions="1" time="0.064446"/>
        <testcase name="test_corregir_ortografia_corrige_necesito" file="C:\laragon\www\Pro_Audio_Y\tests\Unit\ChatbotTextProcessorTest.php" line="75" class="Tests\Unit\ChatbotTextProcessorTest" classname="Tests.Unit.ChatbotTextProcessorTest" assertions="1" time="0.065431"/>
        <testcase name="test_corregir_ortografia_corrige_alquiler" file="C:\laragon\www\Pro_Audio_Y\tests\Unit\ChatbotTextProcessorTest.php" line="81" class="Tests\Unit\ChatbotTextProcessorTest" classname="Tests.Unit.ChatbotTextProcessorTest" assertions="1" time="0.071342"/>
        <testcase name="test_corregir_ortografia_corrige_publicidad" file="C:\laragon\www\Pro_Audio_Y\tests\Unit\ChatbotTextProcessorTest.php" line="87" class="Tests\Unit\ChatbotTextProcessorTest" classname="Tests.Unit.ChatbotTextProcessorTest" assertions="1" time="0.067112"/>
        <testcase name="test_extraer_tokens_elimina_stopwords" file="C:\laragon\www\Pro_Audio_Y\tests\Unit\ChatbotTextProcessorTest.php" line="97" class="Tests\Unit\ChatbotTextProcessorTest" classname="Tests.Unit.ChatbotTextProcessorTest" assertions="3" time="0.066920"/>
        <testcase name="test_extraer_tokens_elimina_palabras_cortas" file="C:\laragon\www\Pro_Audio_Y\tests\Unit\ChatbotTextProcessorTest.php" line="105" class="Tests\Unit\ChatbotTextProcessorTest" classname="Tests.Unit.ChatbotTextProcessorTest" assertions="3" time="0.065458"/>
        <testcase name="test_extraer_tokens_con_cadena_vacia" file="C:\laragon\www\Pro_Audio_Y\tests\Unit\ChatbotTextProcessorTest.php" line="113" class="Tests\Unit\ChatbotTextProcessorTest" classname="Tests.Unit.ChatbotTextProcessorTest" assertions="2" time="0.064041"/>
        <testcase name="test_es_continuacion_con_tambien" file="C:\laragon\www\Pro_Audio_Y\tests\Unit\ChatbotTextProcessorTest.php" line="124" class="Tests\Unit\ChatbotTextProcessorTest" classname="Tests.Unit.ChatbotTextProcessorTest" assertions="2" time="0.067698"/>
        <testcase name="test_es_continuacion_con_ademas" file="C:\laragon\www\Pro_Audio_Y\tests\Unit\ChatbotTextProcessorTest.php" line="133" class="Tests\Unit\ChatbotTextProcessorTest" classname="Tests.Unit.ChatbotTextProcessorTest" assertions="2" time="0.073853"/>
        <testcase name="test_es_continuacion_con_lo_mismo" file="C:\laragon\www\Pro_Audio_Y\tests\Unit\ChatbotTextProcessorTest.php" line="142" class="Tests\Unit\ChatbotTextProcessorTest" classname="Tests.Unit.ChatbotTextProcessorTest" assertions="2" time="0.066742"/>
        <testcase name="test_es_continuacion_con_mensaje_normal" file="C:\laragon\www\Pro_Audio_Y\tests\Unit\ChatbotTextProcessorTest.php" line="151" class="Tests\Unit\ChatbotTextProcessorTest" classname="Tests.Unit.ChatbotTextProcessorTest" assertions="1" time="0.066554"/>
        <testcase name="test_es_continuacion_con_mensaje_vacio" file="C:\laragon\www\Pro_Audio_Y\tests\Unit\ChatbotTextProcessorTest.php" line="157" class="Tests\Unit\ChatbotTextProcessorTest" classname="Tests.Unit.ChatbotTextProcessorTest" assertions="1" time="0.059699"/>
        <testcase name="test_es_continuacion_case_insensitive" file="C:\laragon\www\Pro_Audio_Y\tests\Unit\ChatbotTextProcessorTest.php" line="163" class="Tests\Unit\ChatbotTextProcessorTest" classname="Tests.Unit.ChatbotTextProcessorTest" assertions="2" time="0.071782"/>
        <testcase name="test_verificar_si_es_agregado_con_tambien" file="C:\laragon\www\Pro_Audio_Y\tests\Unit\ChatbotTextProcessorTest.php" line="176" class="Tests\Unit\ChatbotTextProcessorTest" classname="Tests.Unit.ChatbotTextProcessorTest" assertions="1" time="0.072306"/>
        <testcase name="test_verificar_si_es_agregado_con_ademas" file="C:\laragon\www\Pro_Audio_Y\tests\Unit\ChatbotTextProcessorTest.php" line="182" class="Tests\Unit\ChatbotTextProcessorTest" classname="Tests.Unit.ChatbotTextProcessorTest" assertions="1" time="0.076923"/>
        <testcase name="test_verificar_si_es_agregado_con_mensaje_normal" file="C:\laragon\www\Pro_Audio_Y\tests\Unit\ChatbotTextProcessorTest.php" line="188" class="Tests\Unit\ChatbotTextProcessorTest" classname="Tests.Unit.ChatbotTextProcessorTest" assertions="1" time="0.068854"/>
        <testcase name="test_verificar_solo_dias_con_numero" file="C:\laragon\www\Pro_Audio_Y\tests\Unit\ChatbotTextProcessorTest.php" line="198" class="Tests\Unit\ChatbotTextProcessorTest" classname="Tests.Unit.ChatbotTextProcessorTest" assertions="1" time="0.064839"/>
        <testcase name="test_verificar_solo_dias_con_por" file="C:\laragon\www\Pro_Audio_Y\tests\Unit\ChatbotTextProcessorTest.php" line="204" class="Tests\Unit\ChatbotTextProcessorTest" classname="Tests.Unit.ChatbotTextProcessorTest" assertions="1" time="0.065868"/>
        <testcase name="test_verificar_solo_dias_con_texto_adicional" file="C:\laragon\www\Pro_Audio_Y\tests\Unit\ChatbotTextProcessorTest.php" line="210" class="Tests\Unit\ChatbotTextProcessorTest" classname="Tests.Unit.ChatbotTextProcessorTest" assertions="1" time="0.063107"/>
        <testcase name="test_extraer_dias_desde_palabras_uno" file="C:\laragon\www\Pro_Audio_Y\tests\Unit\ChatbotTextProcessorTest.php" line="220" class="Tests\Unit\ChatbotTextProcessorTest" classname="Tests.Unit.ChatbotTextProcessorTest" assertions="2" time="0.067177"/>
        <testcase name="test_extraer_dias_desde_palabras_dos" file="C:\laragon\www\Pro_Audio_Y\tests\Unit\ChatbotTextProcessorTest.php" line="229" class="Tests\Unit\ChatbotTextProcessorTest" classname="Tests.Unit.ChatbotTextProcessorTest" assertions="1" time="0.063507"/>
        <testcase name="test_extraer_dias_desde_palabras_tres" file="C:\laragon\www\Pro_Audio_Y\tests\Unit\ChatbotTextProcessorTest.php" line="235" class="Tests\Unit\ChatbotTextProcessorTest" classname="Tests.Unit.ChatbotTextProcessorTest" assertions="1" time="0.064678"/>
        <testcase name="test_extraer_dias_desde_palabras_diez" file="C:\laragon\www\Pro_Audio_Y\tests\Unit\ChatbotTextProcessorTest.php" line="241" class="Tests\Unit\ChatbotTextProcessorTest" classname="Tests.Unit.ChatbotTextProcessorTest" assertions="1" time="0.076574"/>
        <testcase name="test_extraer_dias_desde_palabras_sin_dias" file="C:\laragon\www\Pro_Audio_Y\tests\Unit\ChatbotTextProcessorTest.php" line="247" class="Tests\Unit\ChatbotTextProcessorTest" classname="Tests.Unit.ChatbotTextProcessorTest" assertions="1" time="0.065766"/>
        <testcase name="test_extraer_dias_desde_palabras_con_texto_adicional" file="C:\laragon\www\Pro_Audio_Y\tests\Unit\ChatbotTextProcessorTest.php" line="253" class="Tests\Unit\ChatbotTextProcessorTest" classname="Tests.Unit.ChatbotTextProcessorTest" assertions="1" time="0.065353"/>
        <testcase name="test_extraer_dias_desde_palabras_con_acentos" file="C:\laragon\www\Pro_Audio_Y\tests\Unit\ChatbotTextProcessorTest.php" line="259" class="Tests\Unit\ChatbotTextProcessorTest" classname="Tests.Unit.ChatbotTextProcessorTest" assertions="1" time="0.079401"/>
      </testsuite>
      <testsuite name="Tests\Unit\ExampleTest" file="C:\laragon\www\Pro_Audio_Y\tests\Unit\ExampleTest.php" tests="1" assertions="1" errors="0" failures="0" skipped="0" time="0.003020">
        <testcase name="test_that_true_is_true" file="C:\laragon\www\Pro_Audio_Y\tests\Unit\ExampleTest.php" line="12" class="Tests\Unit\ExampleTest" classname="Tests.Unit.ExampleTest" assertions="1" time="0.003020"/>
      </testsuite>
      <testsuite name="Tests\Unit\HistorialControllerUnitTest" file="C:\laragon\www\Pro_Audio_Y\tests\Unit\HistorialControllerUnitTest.php" tests="3" assertions="6" errors="0" failures="0" skipped="0" time="0.033186">
        <testcase name="test_controller_instancia_correctamente" file="C:\laragon\www\Pro_Audio_Y\tests\Unit\HistorialControllerUnitTest.php" line="23" class="Tests\Unit\HistorialControllerUnitTest" classname="Tests.Unit.HistorialControllerUnitTest" assertions="1" time="0.017218"/>
        <testcase name="test_pdf_configuracion_estructura" file="C:\laragon\www\Pro_Audio_Y\tests\Unit\HistorialControllerUnitTest.php" line="28" class="Tests\Unit\HistorialControllerUnitTest" classname="Tests.Unit.HistorialControllerUnitTest" assertions="3" time="0.005743"/>
        <testcase name="test_vista_historial_existe" file="C:\laragon\www\Pro_Audio_Y\tests\Unit\HistorialControllerUnitTest.php" line="40" class="Tests\Unit\HistorialControllerUnitTest" classname="Tests.Unit.HistorialControllerUnitTest" assertions="2" time="0.010225"/>
      </testsuite>
      <testsuite name="Tests\Unit\InventarioControllerUnitTest" file="C:\laragon\www\Pro_Audio_Y\tests\Unit\InventarioControllerUnitTest.php" tests="5" assertions="16" errors="0" failures="0" skipped="0" time="0.053868">
        <testcase name="test_validacion_descripcion_estructura" file="C:\laragon\www\Pro_Audio_Y\tests\Unit\InventarioControllerUnitTest.php" line="27" class="Tests\Unit\InventarioControllerUnitTest" classname="Tests.Unit.InventarioControllerUnitTest" assertions="4" time="0.031519"/>
        <testcase name="test_validacion_stock_estructura" file="C:\laragon\www\Pro_Audio_Y\tests\Unit\InventarioControllerUnitTest.php" line="40" class="Tests\Unit\InventarioControllerUnitTest" classname="Tests.Unit.InventarioControllerUnitTest" assertions="4" time="0.003861"/>
        <testcase name="test_mensajes_validacion_existen" file="C:\laragon\www\Pro_Audio_Y\tests\Unit\InventarioControllerUnitTest.php" line="52" class="Tests\Unit\InventarioControllerUnitTest" classname="Tests.Unit.InventarioControllerUnitTest" assertions="3" time="0.004664"/>
        <testcase name="test_stock_minimo_es_cero" file="C:\laragon\www\Pro_Audio_Y\tests\Unit\InventarioControllerUnitTest.php" line="68" class="Tests\Unit\InventarioControllerUnitTest" classname="Tests.Unit.InventarioControllerUnitTest" assertions="3" time="0.008763"/>
        <testcase name="test_descripcion_maximo_caracteres" file="C:\laragon\www\Pro_Audio_Y\tests\Unit\InventarioControllerUnitTest.php" line="77" class="Tests\Unit\InventarioControllerUnitTest" classname="Tests.Unit.InventarioControllerUnitTest" assertions="2" time="0.005061"/>
      </testsuite>
      <testsuite name="Tests\Unit\MovimientosInventarioControllerUnitTest" file="C:\laragon\www\Pro_Audio_Y\tests\Unit\MovimientosInventarioControllerUnitTest.php" tests="6" assertions="16" errors="0" failures="0" skipped="0" time="0.122134">
        <testcase name="test_validacion_store_estructura" file="C:\laragon\www\Pro_Audio_Y\tests\Unit\MovimientosInventarioControllerUnitTest.php" line="27" class="Tests\Unit\MovimientosInventarioControllerUnitTest" classname="Tests.Unit.MovimientosInventarioControllerUnitTest" assertions="3" time="0.093983"/>
        <testcase name="test_tipos_movimiento_validos" file="C:\laragon\www\Pro_Audio_Y\tests\Unit\MovimientosInventarioControllerUnitTest.php" line="40" class="Tests\Unit\MovimientosInventarioControllerUnitTest" classname="Tests.Unit.MovimientosInventarioControllerUnitTest" assertions="5" time="0.005072"/>
        <testcase name="test_tipos_movimiento_incrementan_stock" file="C:\laragon\www\Pro_Audio_Y\tests\Unit\MovimientosInventarioControllerUnitTest.php" line="52" class="Tests\Unit\MovimientosInventarioControllerUnitTest" classname="Tests.Unit.MovimientosInventarioControllerUnitTest" assertions="3" time="0.006909"/>
        <testcase name="test_tipos_movimiento_decrementan_stock" file="C:\laragon\www\Pro_Audio_Y\tests\Unit\MovimientosInventarioControllerUnitTest.php" line="62" class="Tests\Unit\MovimientosInventarioControllerUnitTest" classname="Tests.Unit.MovimientosInventarioControllerUnitTest" assertions="3" time="0.004110"/>
        <testcase name="test_validacion_cantidad_minimo" file="C:\laragon\www\Pro_Audio_Y\tests\Unit\MovimientosInventarioControllerUnitTest.php" line="72" class="Tests\Unit\MovimientosInventarioControllerUnitTest" classname="Tests.Unit.MovimientosInventarioControllerUnitTest" assertions="1" time="0.006984"/>
        <testcase name="test_validacion_cantidad_debe_ser_integer" file="C:\laragon\www\Pro_Audio_Y\tests\Unit\MovimientosInventarioControllerUnitTest.php" line="82" class="Tests\Unit\MovimientosInventarioControllerUnitTest" classname="Tests.Unit.MovimientosInventarioControllerUnitTest" assertions="1" time="0.005076"/>
      </testsuite>
      <testsuite name="Tests\Unit\ReservaControllerUnitTest" file="C:\laragon\www\Pro_Audio_Y\tests\Unit\ReservaControllerUnitTest.php" tests="6" assertions="9" errors="0" failures="0" skipped="0" time="0.127002">
        <testcase name="test_validacion_store_estructura" file="C:\laragon\www\Pro_Audio_Y\tests\Unit\ReservaControllerUnitTest.php" line="27" class="Tests\Unit\ReservaControllerUnitTest" classname="Tests.Unit.ReservaControllerUnitTest" assertions="3" time="0.107770"/>
        <testcase name="test_validacion_items_minimo" file="C:\laragon\www\Pro_Audio_Y\tests\Unit\ReservaControllerUnitTest.php" line="44" class="Tests\Unit\ReservaControllerUnitTest" classname="Tests.Unit.ReservaControllerUnitTest" assertions="1" time="0.003363"/>
        <testcase name="test_validacion_cantidad_minimo" file="C:\laragon\www\Pro_Audio_Y\tests\Unit\ReservaControllerUnitTest.php" line="54" class="Tests\Unit\ReservaControllerUnitTest" classname="Tests.Unit.ReservaControllerUnitTest" assertions="1" time="0.003002"/>
        <testcase name="test_estados_reserva_validos" file="C:\laragon\www\Pro_Audio_Y\tests\Unit\ReservaControllerUnitTest.php" line="64" class="Tests\Unit\ReservaControllerUnitTest" classname="Tests.Unit.ReservaControllerUnitTest" assertions="2" time="0.005269"/>
        <testcase name="test_servicio_max_caracteres" file="C:\laragon\www\Pro_Audio_Y\tests\Unit\ReservaControllerUnitTest.php" line="73" class="Tests\Unit\ReservaControllerUnitTest" classname="Tests.Unit.ReservaControllerUnitTest" assertions="1" time="0.004942"/>
        <testcase name="test_tipo_movimiento_alquilado" file="C:\laragon\www\Pro_Audio_Y\tests\Unit\ReservaControllerUnitTest.php" line="81" class="Tests\Unit\ReservaControllerUnitTest" classname="Tests.Unit.ReservaControllerUnitTest" assertions="1" time="0.002655"/>
      </testsuite>
      <testsuite name="Tests\Unit\RoleAdminControllerUnitTest" file="C:\laragon\www\Pro_Audio_Y\tests\Unit\RoleAdminControllerUnitTest.php" tests="6" assertions="12" errors="0" failures="0" skipped="0" time="0.064113">
        <testcase name="test_validacion_update_estructura" file="C:\laragon\www\Pro_Audio_Y\tests\Unit\RoleAdminControllerUnitTest.php" line="27" class="Tests\Unit\RoleAdminControllerUnitTest" classname="Tests.Unit.RoleAdminControllerUnitTest" assertions="2" time="0.042969"/>
        <testcase name="test_role_id_puede_ser_nullable" file="C:\laragon\www\Pro_Audio_Y\tests\Unit\RoleAdminControllerUnitTest.php" line="38" class="Tests\Unit\RoleAdminControllerUnitTest" classname="Tests.Unit.RoleAdminControllerUnitTest" assertions="1" time="0.004116"/>
        <testcase name="test_roles_permitidos" file="C:\laragon\www\Pro_Audio_Y\tests\Unit\RoleAdminControllerUnitTest.php" line="52" class="Tests\Unit\RoleAdminControllerUnitTest" classname="Tests.Unit.RoleAdminControllerUnitTest" assertions="4" time="0.004119"/>
        <testcase name="test_orden_roles" file="C:\laragon\www\Pro_Audio_Y\tests\Unit\RoleAdminControllerUnitTest.php" line="63" class="Tests\Unit\RoleAdminControllerUnitTest" classname="Tests.Unit.RoleAdminControllerUnitTest" assertions="3" time="0.006165"/>
        <testcase name="test_normalizacion_usuario_a_cliente" file="C:\laragon\www\Pro_Audio_Y\tests\Unit\RoleAdminControllerUnitTest.php" line="73" class="Tests\Unit\RoleAdminControllerUnitTest" classname="Tests.Unit.RoleAdminControllerUnitTest" assertions="1" time="0.003331"/>
        <testcase name="test_roles_no_permitidos_son_rechazados" file="C:\laragon\www\Pro_Audio_Y\tests\Unit\RoleAdminControllerUnitTest.php" line="82" class="Tests\Unit\RoleAdminControllerUnitTest" classname="Tests.Unit.RoleAdminControllerUnitTest" assertions="1" time="0.003412"/>
      </testsuite>
      <testsuite name="Tests\Unit\RoleControllerUnitTest" file="C:\laragon\www\Pro_Audio_Y\tests\Unit\RoleControllerUnitTest.php" tests="4" assertions="14" errors="0" failures="0" skipped="0" time="0.057194">
        <testcase name="test_controller_instancia_correctamente" file="C:\laragon\www\Pro_Audio_Y\tests\Unit\RoleControllerUnitTest.php" line="23" class="Tests\Unit\RoleControllerUnitTest" classname="Tests.Unit.RoleControllerUnitTest" assertions="1" time="0.041863"/>
        <testcase name="test_roles_permitidos_son_validos" file="C:\laragon\www\Pro_Audio_Y\tests\Unit\RoleControllerUnitTest.php" line="28" class="Tests\Unit\RoleControllerUnitTest" classname="Tests.Unit.RoleControllerUnitTest" assertions="6" time="0.007699"/>
        <testcase name="test_admin_key_constante" file="C:\laragon\www\Pro_Audio_Y\tests\Unit\RoleControllerUnitTest.php" line="40" class="Tests\Unit\RoleControllerUnitTest" classname="Tests.Unit.RoleControllerUnitTest" assertions="3" time="0.004170"/>
        <testcase name="test_validacion_roles_estructura" file="C:\laragon\www\Pro_Audio_Y\tests\Unit\RoleControllerUnitTest.php" line="51" class="Tests\Unit\RoleControllerUnitTest" classname="Tests.Unit.RoleControllerUnitTest" assertions="4" time="0.003462"/>
      </testsuite>
      <testsuite name="Tests\Unit\ServiciosControllerUnitTest" file="C:\laragon\www\Pro_Audio_Y\tests\Unit\ServiciosControllerUnitTest.php" tests="8" assertions="18" errors="0" failures="0" skipped="0" time="0.101453">
        <testcase name="test_slug_generacion_funciona" file="C:\laragon\www\Pro_Audio_Y\tests\Unit\ServiciosControllerUnitTest.php" line="28" class="Tests\Unit\ServiciosControllerUnitTest" classname="Tests.Unit.ServiciosControllerUnitTest" assertions="3" time="0.073826"/>
        <testcase name="test_slug_con_caracteres_especiales" file="C:\laragon\www\Pro_Audio_Y\tests\Unit\ServiciosControllerUnitTest.php" line="39" class="Tests\Unit\ServiciosControllerUnitTest" classname="Tests.Unit.ServiciosControllerUnitTest" assertions="2" time="0.004686"/>
        <testcase name="test_slug_con_acentos" file="C:\laragon\www\Pro_Audio_Y\tests\Unit\ServiciosControllerUnitTest.php" line="48" class="Tests\Unit\ServiciosControllerUnitTest" classname="Tests.Unit.ServiciosControllerUnitTest" assertions="2" time="0.003630"/>
        <testcase name="test_validacion_nombre_servicio_estructura" file="C:\laragon\www\Pro_Audio_Y\tests\Unit\ServiciosControllerUnitTest.php" line="61" class="Tests\Unit\ServiciosControllerUnitTest" classname="Tests.Unit.ServiciosControllerUnitTest" assertions="3" time="0.004004"/>
        <testcase name="test_validacion_descripcion_es_opcional" file="C:\laragon\www\Pro_Audio_Y\tests\Unit\ServiciosControllerUnitTest.php" line="75" class="Tests\Unit\ServiciosControllerUnitTest" classname="Tests.Unit.ServiciosControllerUnitTest" assertions="1" time="0.004671"/>
        <testcase name="test_validacion_icono_es_opcional" file="C:\laragon\www\Pro_Audio_Y\tests\Unit\ServiciosControllerUnitTest.php" line="84" class="Tests\Unit\ServiciosControllerUnitTest" classname="Tests.Unit.ServiciosControllerUnitTest" assertions="2" time="0.003707"/>
        <testcase name="test_estructura_vista_base_existe" file="C:\laragon\www\Pro_Audio_Y\tests\Unit\ServiciosControllerUnitTest.php" line="98" class="Tests\Unit\ServiciosControllerUnitTest" classname="Tests.Unit.ServiciosControllerUnitTest" assertions="2" time="0.002552"/>
        <testcase name="test_ruta_vista_estructura" file="C:\laragon\www\Pro_Audio_Y\tests\Unit\ServiciosControllerUnitTest.php" line="107" class="Tests\Unit\ServiciosControllerUnitTest" classname="Tests.Unit.ServiciosControllerUnitTest" assertions="3" time="0.004378"/>
      </testsuite>
      <testsuite name="Tests\Unit\ServiciosViewControllerUnitTest" file="C:\laragon\www\Pro_Audio_Y\tests\Unit\ServiciosViewControllerUnitTest.php" tests="4" assertions="15" errors="0" failures="0" skipped="0" time="0.042089">
        <testcase name="test_nombres_servicios_validos" file="C:\laragon\www\Pro_Audio_Y\tests\Unit\ServiciosViewControllerUnitTest.php" line="28" class="Tests\Unit\ServiciosViewControllerUnitTest" classname="Tests.Unit.ServiciosViewControllerUnitTest" assertions="4" time="0.028808"/>
        <testcase name="test_slug_generacion_servicio" file="C:\laragon\www\Pro_Audio_Y\tests\Unit\ServiciosViewControllerUnitTest.php" line="39" class="Tests\Unit\ServiciosViewControllerUnitTest" classname="Tests.Unit.ServiciosViewControllerUnitTest" assertions="2" time="0.007091"/>
        <testcase name="test_ruta_vista_estructura" file="C:\laragon\www\Pro_Audio_Y\tests\Unit\ServiciosViewControllerUnitTest.php" line="49" class="Tests\Unit\ServiciosViewControllerUnitTest" classname="Tests.Unit.ServiciosViewControllerUnitTest" assertions="3" time="0.003392"/>
        <testcase name="test_vistas_existentes" file="C:\laragon\www\Pro_Audio_Y\tests\Unit\ServiciosViewControllerUnitTest.php" line="60" class="Tests\Unit\ServiciosViewControllerUnitTest" classname="Tests.Unit.ServiciosViewControllerUnitTest" assertions="6" time="0.002797"/>
      </testsuite>
      <testsuite name="Tests\Unit\SubServiciosControllerUnitTest" file="C:\laragon\www\Pro_Audio_Y\tests\Unit\SubServiciosControllerUnitTest.php" tests="5" assertions="13" errors="0" failures="0" skipped="0" time="0.076631">
        <testcase name="test_validacion_store_estructura" file="C:\laragon\www\Pro_Audio_Y\tests\Unit\SubServiciosControllerUnitTest.php" line="27" class="Tests\Unit\SubServiciosControllerUnitTest" classname="Tests.Unit.SubServiciosControllerUnitTest" assertions="3" time="0.062759"/>
        <testcase name="test_validacion_precio_debe_ser_numerico" file="C:\laragon\www\Pro_Audio_Y\tests\Unit\SubServiciosControllerUnitTest.php" line="42" class="Tests\Unit\SubServiciosControllerUnitTest" classname="Tests.Unit.SubServiciosControllerUnitTest" assertions="2" time="0.002952"/>
        <testcase name="test_validacion_imagen_max_tamaño" file="C:\laragon\www\Pro_Audio_Y\tests\Unit\SubServiciosControllerUnitTest.php" line="52" class="Tests\Unit\SubServiciosControllerUnitTest" classname="Tests.Unit.SubServiciosControllerUnitTest" assertions="2" time="0.005573"/>
        <testcase name="test_validacion_imagen_formatos_permitidos" file="C:\laragon\www\Pro_Audio_Y\tests\Unit\SubServiciosControllerUnitTest.php" line="61" class="Tests\Unit\SubServiciosControllerUnitTest" classname="Tests.Unit.SubServiciosControllerUnitTest" assertions="5" time="0.002806"/>
        <testcase name="test_nombre_max_caracteres" file="C:\laragon\www\Pro_Audio_Y\tests\Unit\SubServiciosControllerUnitTest.php" line="73" class="Tests\Unit\SubServiciosControllerUnitTest" classname="Tests.Unit.SubServiciosControllerUnitTest" assertions="1" time="0.002541"/>
      </testsuite>
      <testsuite name="Tests\Unit\UsuarioControllerUnitTest" file="C:\laragon\www\Pro_Audio_Y\tests\Unit\UsuarioControllerUnitTest.php" tests="10" assertions="17" errors="0" failures="0" skipped="0" time="0.092715">
        <testcase name="test_validacion_registro_estructura" file="C:\laragon\www\Pro_Audio_Y\tests\Unit\UsuarioControllerUnitTest.php" line="27" class="Tests\Unit\UsuarioControllerUnitTest" classname="Tests.Unit.UsuarioControllerUnitTest" assertions="3" time="0.054401"/>
        <testcase name="test_validacion_contrasena_min_caracteres" file="C:\laragon\www\Pro_Audio_Y\tests\Unit\UsuarioControllerUnitTest.php" line="45" class="Tests\Unit\UsuarioControllerUnitTest" classname="Tests.Unit.UsuarioControllerUnitTest" assertions="2" time="0.003505"/>
        <testcase name="test_validacion_telefono_max_caracteres" file="C:\laragon\www\Pro_Audio_Y\tests\Unit\UsuarioControllerUnitTest.php" line="56" class="Tests\Unit\UsuarioControllerUnitTest" classname="Tests.Unit.UsuarioControllerUnitTest" assertions="1" time="0.004208"/>
        <testcase name="test_validacion_correo_debe_ser_email" file="C:\laragon\www\Pro_Audio_Y\tests\Unit\UsuarioControllerUnitTest.php" line="64" class="Tests\Unit\UsuarioControllerUnitTest" classname="Tests.Unit.UsuarioControllerUnitTest" assertions="1" time="0.002642"/>
        <testcase name="test_validacion_autenticar_estructura" file="C:\laragon\www\Pro_Audio_Y\tests\Unit\UsuarioControllerUnitTest.php" line="77" class="Tests\Unit\UsuarioControllerUnitTest" classname="Tests.Unit.UsuarioControllerUnitTest" assertions="2" time="0.004637"/>
        <testcase name="test_validacion_foto_perfil_estructura" file="C:\laragon\www\Pro_Audio_Y\tests\Unit\UsuarioControllerUnitTest.php" line="92" class="Tests\Unit\UsuarioControllerUnitTest" classname="Tests.Unit.UsuarioControllerUnitTest" assertions="2" time="0.004095"/>
        <testcase name="test_foto_perfil_formatos_permitidos" file="C:\laragon\www\Pro_Audio_Y\tests\Unit\UsuarioControllerUnitTest.php" line="102" class="Tests\Unit\UsuarioControllerUnitTest" classname="Tests.Unit.UsuarioControllerUnitTest" assertions="3" time="0.004774"/>
        <testcase name="test_foto_perfil_max_tamaño" file="C:\laragon\www\Pro_Audio_Y\tests\Unit\UsuarioControllerUnitTest.php" line="112" class="Tests\Unit\UsuarioControllerUnitTest" classname="Tests.Unit.UsuarioControllerUnitTest" assertions="1" time="0.006306"/>
        <testcase name="test_estado_activo_por_defecto" file="C:\laragon\www\Pro_Audio_Y\tests\Unit\UsuarioControllerUnitTest.php" line="124" class="Tests\Unit\UsuarioControllerUnitTest" classname="Tests.Unit.UsuarioControllerUnitTest" assertions="1" time="0.005286"/>
        <testcase name="test_rol_cliente_por_defecto" file="C:\laragon\www\Pro_Audio_Y\tests\Unit\UsuarioControllerUnitTest.php" line="132" class="Tests\Unit\UsuarioControllerUnitTest" classname="Tests.Unit.UsuarioControllerUnitTest" assertions="1" time="0.002861"/>
      </testsuite>
    </testsuite>
    <testsuite name="Feature" tests="1" assertions="3" errors="0" failures="0" skipped="0" time="0.174951">
      <testsuite name="Tests\Feature\ExampleTest" file="C:\laragon\www\Pro_Audio_Y\tests\Feature\ExampleTest.php" tests="1" assertions="3" errors="0" failures="0" skipped="0" time="0.174951">
        <testcase name="test_the_application_returns_a_successful_response" file="C:\laragon\www\Pro_Audio_Y\tests\Feature\ExampleTest.php" line="13" class="Tests\Feature\ExampleTest" classname="Tests.Feature.ExampleTest" assertions="3" time="0.174951"/>
      </testsuite>
    </testsuite>
  </testsuite>
</testsuites>
