<?xml version="1.0" encoding="UTF-8"?>
<testsuites>
  <testsuite name="Tests\Unit\CalendarioControllerUnitTest" file="C:\Users\ASUS\Desktop\SENA\Nueva carpeta\tests\Unit\CalendarioControllerUnitTest.php" tests="3" assertions="8" errors="0" failures="0" skipped="0" time="5.070736">
    <testcase name="test_default_event_title_constante" file="C:\Users\ASUS\Desktop\SENA\Nueva carpeta\tests\Unit\CalendarioControllerUnitTest.php" line="19" class="Tests\Unit\CalendarioControllerUnitTest" classname="Tests.Unit.CalendarioControllerUnitTest" assertions="2" time="5.064272"/>
    <testcase name="test_is_admin_like_logica_administrador" file="C:\Users\ASUS\Desktop\SENA\Nueva carpeta\tests\Unit\CalendarioControllerUnitTest.php" line="30" class="Tests\Unit\CalendarioControllerUnitTest" classname="Tests.Unit.CalendarioControllerUnitTest" assertions="3" time="0.004021"/>
    <testcase name="test_is_admin_like_case_insensitive" file="C:\Users\ASUS\Desktop\SENA\Nueva carpeta\tests\Unit\CalendarioControllerUnitTest.php" line="41" class="Tests\Unit\CalendarioControllerUnitTest" classname="Tests.Unit.CalendarioControllerUnitTest" assertions="3" time="0.002443"/>
  </testsuite>
</testsuites>
