<?xml version="1.0" encoding="UTF-8"?>
<testsuites>
  <testsuite name="C:\Users\ASUS\Desktop\SENA\Nueva carpeta\phpunit.xml" tests="417" assertions="753" errors="34" failures="5" skipped="5" time="33.240811">
    <testsuite name="Unit" tests="328" assertions="545" errors="31" failures="1" skipped="3" time="21.478982">
      <testsuite name="Tests\Unit\AjustesControllerUnitTest" file="C:\Users\ASUS\Desktop\SENA\Nueva carpeta\tests\Unit\AjustesControllerUnitTest.php" tests="25" assertions="68" errors="1" failures="1" skipped="0" time="5.093070">
        <testcase name="test_index_sin_parametros" file="C:\Users\ASUS\Desktop\SENA\Nueva carpeta\tests\Unit\AjustesControllerUnitTest.php" line="60" class="Tests\Unit\AjustesControllerUnitTest" classname="Tests.Unit.AjustesControllerUnitTest" assertions="8" time="1.958646"/>
        <testcase name="test_index_con_group_by_dia" file="C:\Users\ASUS\Desktop\SENA\Nueva carpeta\tests\Unit\AjustesControllerUnitTest.php" line="84" class="Tests\Unit\AjustesControllerUnitTest" classname="Tests.Unit.AjustesControllerUnitTest" assertions="3" time="0.064031"/>
        <testcase name="test_index_con_group_by_consulta" file="C:\Users\ASUS\Desktop\SENA\Nueva carpeta\tests\Unit\AjustesControllerUnitTest.php" line="95" class="Tests\Unit\AjustesControllerUnitTest" classname="Tests.Unit.AjustesControllerUnitTest" assertions="3" time="0.064149"/>
        <testcase name="test_index_con_tab_especifico" file="C:\Users\ASUS\Desktop\SENA\Nueva carpeta\tests\Unit\AjustesControllerUnitTest.php" line="106" class="Tests\Unit\AjustesControllerUnitTest" classname="Tests.Unit.AjustesControllerUnitTest" assertions="2" time="0.080694"/>
        <testcase name="test_index_con_tab_subservicios" file="C:\Users\ASUS\Desktop\SENA\Nueva carpeta\tests\Unit\AjustesControllerUnitTest.php" line="116" class="Tests\Unit\AjustesControllerUnitTest" classname="Tests.Unit.AjustesControllerUnitTest" assertions="2" time="0.064589"/>
        <testcase name="test_index_con_tab_movimientos" file="C:\Users\ASUS\Desktop\SENA\Nueva carpeta\tests\Unit\AjustesControllerUnitTest.php" line="126" class="Tests\Unit\AjustesControllerUnitTest" classname="Tests.Unit.AjustesControllerUnitTest" assertions="2" time="0.069884"/>
        <testcase name="test_index_con_tab_invalido" file="C:\Users\ASUS\Desktop\SENA\Nueva carpeta\tests\Unit\AjustesControllerUnitTest.php" line="136" class="Tests\Unit\AjustesControllerUnitTest" classname="Tests.Unit.AjustesControllerUnitTest" assertions="2" time="0.067654"/>
        <testcase name="test_index_con_cotizaciones" file="C:\Users\ASUS\Desktop\SENA\Nueva carpeta\tests\Unit\AjustesControllerUnitTest.php" line="147" class="Tests\Unit\AjustesControllerUnitTest" classname="Tests.Unit.AjustesControllerUnitTest" assertions="2" time="0.105079">
          <failure type="PHPUnit\Framework\ExpectationFailedException">Tests\Unit\AjustesControllerUnitTest::test_index_con_cotizaciones&#13;
Failed asserting that Illuminate\Database\Eloquent\Collection Object #8435 (
    'items' =&gt; Array &amp;0 [
        0 =&gt; App\Models\Cotizacion Object #8432 (
            'connection' =&gt; 'sqlite',
            'table' =&gt; 'cotizacion',
            'primaryKey' =&gt; 'id',
            'keyType' =&gt; 'int',
            'incrementing' =&gt; true,
            'with' =&gt; Array &amp;1 [],
            'withCount' =&gt; Array &amp;2 [],
            'preventsLazyLoading' =&gt; false,
            'perPage' =&gt; 15,
            'exists' =&gt; true,
            'wasRecentlyCreated' =&gt; false,
            'escapeWhenCastingToString' =&gt; false,
            'attributes' =&gt; Array &amp;3 [
                'id' =&gt; 1,
                'personas_id' =&gt; 1,
                'sub_servicios_id' =&gt; 1,
                'monto' =&gt; 100,
                'fecha_cotizacion' =&gt; '2025-11-29 01:08:55',
            ],
            'original' =&gt; Array &amp;4 [
                'id' =&gt; 1,
                'personas_id' =&gt; 1,
                'sub_servicios_id' =&gt; 1,
                'monto' =&gt; 100,
                'fecha_cotizacion' =&gt; '2025-11-29 01:08:55',
            ],
            'changes' =&gt; Array &amp;5 [],
            'previous' =&gt; Array &amp;6 [],
            'casts' =&gt; Array &amp;7 [
                'fecha_cotizacion' =&gt; 'datetime',
                'monto' =&gt; 'decimal:2',
            ],
            'classCastCache' =&gt; Array &amp;8 [],
            'attributeCastCache' =&gt; Array &amp;9 [],
            'dateFormat' =&gt; null,
            'appends' =&gt; Array &amp;10 [],
            'dispatchesEvents' =&gt; Array &amp;11 [],
            'observables' =&gt; Array &amp;12 [],
            'relations' =&gt; Array &amp;13 [
                'persona' =&gt; App\Models\Usuario Object #8440 (
                    'connection' =&gt; 'sqlite',
                    'table' =&gt; 'personas',
                    'primaryKey' =&gt; 'id',
                    'keyType' =&gt; 'int',
                    'incrementing' =&gt; true,
                    'with' =&gt; Array &amp;14 [],
                    'withCount' =&gt; Array &amp;15 [],
                    'preventsLazyLoading' =&gt; false,
                    'perPage' =&gt; 15,
                    'exists' =&gt; true,
                    'wasRecentlyCreated' =&gt; false,
                    'escapeWhenCastingToString' =&gt; false,
                    'attributes' =&gt; Array &amp;16 [
                        'id' =&gt; 1,
                        'primer_nombre' =&gt; 'Test',
                        'segundo_nombre' =&gt; null,
                        'primer_apellido' =&gt; 'Usuario',
                        'segundo_apellido' =&gt; null,
                        'correo' =&gt; 'test@test.com',
                        'telefono' =&gt; '1234567890',
                        'direccion' =&gt; null,
                        'contrasena' =&gt; 'password',
                        'fecha_registro' =&gt; '2025-11-29 01:08:55',
                        'estado' =&gt; 1,
                        'created_at' =&gt; '2025-11-29 01:08:55',
                        'updated_at' =&gt; '2025-11-29 01:08:55',
                        'foto_perfil' =&gt; null,
                    ],
                    'original' =&gt; Array &amp;17 [
                        'id' =&gt; 1,
                        'primer_nombre' =&gt; 'Test',
                        'segundo_nombre' =&gt; null,
                        'primer_apellido' =&gt; 'Usuario',
                        'segundo_apellido' =&gt; null,
                        'correo' =&gt; 'test@test.com',
                        'telefono' =&gt; '1234567890',
                        'direccion' =&gt; null,
                        'contrasena' =&gt; 'password',
                        'fecha_registro' =&gt; '2025-11-29 01:08:55',
                        'estado' =&gt; 1,
                        'created_at' =&gt; '2025-11-29 01:08:55',
                        'updated_at' =&gt; '2025-11-29 01:08:55',
                        'foto_perfil' =&gt; null,
                    ],
                    'changes' =&gt; Array &amp;18 [],
                    'previous' =&gt; Array &amp;19 [],
                    'casts' =&gt; Array &amp;20 [],
                    'classCastCache' =&gt; Array &amp;21 [],
                    'attributeCastCache' =&gt; Array &amp;22 [],
                    'dateFormat' =&gt; null,
                    'appends' =&gt; Array &amp;23 [],
                    'dispatchesEvents' =&gt; Array &amp;24 [],
                    'observables' =&gt; Array &amp;25 [],
                    'relations' =&gt; Array &amp;26 [],
                    'touches' =&gt; Array &amp;27 [],
                    'relationAutoloadCallback' =&gt; null,
                    'relationAutoloadContext' =&gt; null,
                    'timestamps' =&gt; true,
                    'usesUniqueIds' =&gt; false,
                    'hidden' =&gt; Array &amp;28 [],
                    'visible' =&gt; Array &amp;29 [],
                    'fillable' =&gt; Array &amp;30 [
                        0 =&gt; 'primer_nombre',
                        1 =&gt; 'segundo_nombre',
                        2 =&gt; 'primer_apellido',
                        3 =&gt; 'segundo_apellido',
                        4 =&gt; 'correo',
                        5 =&gt; 'telefono',
                        6 =&gt; 'direccion',
                        7 =&gt; 'contrasena',
                        8 =&gt; 'fecha_registro',
                        9 =&gt; 'estado',
                        10 =&gt; 'foto_perfil',
                    ],
                    'guarded' =&gt; Array &amp;31 [
                        0 =&gt; '*',
                    ],
                    'guardName' =&gt; 'web',
                    'roleClass' =&gt; null,
                    'permissionClass' =&gt; null,
                    'wildcardClass' =&gt; null,
                ),
                'subServicio' =&gt; App\Models\SubServicios Object #8443 (
                    'connection' =&gt; 'sqlite',
                    'table' =&gt; 'sub_servicios',
                    'primaryKey' =&gt; 'id',
                    'keyType' =&gt; 'int',
                    'incrementing' =&gt; true,
                    'with' =&gt; Array &amp;32 [],
                    'withCount' =&gt; Array &amp;33 [],
                    'preventsLazyLoading' =&gt; false,
                    'perPage' =&gt; 15,
                    'exists' =&gt; true,
                    'wasRecentlyCreated' =&gt; false,
                    'escapeWhenCastingToString' =&gt; false,
                    'attributes' =&gt; Array &amp;34 [
                        'id' =&gt; 1,
                        'servicios_id' =&gt; 1,
                        'nombre' =&gt; 'SubTest',
                        'descripcion' =&gt; 'Descripción de prueba',
                        'precio' =&gt; 100,
                        'imagen' =&gt; null,
                    ],
                    'original' =&gt; Array &amp;35 [
                        'id' =&gt; 1,
                        'servicios_id' =&gt; 1,
                        'nombre' =&gt; 'SubTest',
                        'descripcion' =&gt; 'Descripción de prueba',
                        'precio' =&gt; 100,
                        'imagen' =&gt; null,
                    ],
                    'changes' =&gt; Array &amp;36 [],
                    'previous' =&gt; Array &amp;37 [],
                    'casts' =&gt; Array &amp;38 [],
                    'classCastCache' =&gt; Array &amp;39 [],
                    'attributeCastCache' =&gt; Array &amp;40 [],
                    'dateFormat' =&gt; null,
                    'appends' =&gt; Array &amp;41 [],
                    'dispatchesEvents' =&gt; Array &amp;42 [],
                    'observables' =&gt; Array &amp;43 [],
                    'relations' =&gt; Array &amp;44 [
                        'servicio' =&gt; App\Models\Servicios Object #8449 (
                            'connection' =&gt; 'sqlite',
                            'table' =&gt; 'servicios',
                            'primaryKey' =&gt; 'id',
                            'keyType' =&gt; 'int',
                            'incrementing' =&gt; true,
                            'with' =&gt; Array &amp;45 [],
                            'withCount' =&gt; Array &amp;46 [],
                            'preventsLazyLoading' =&gt; false,
                            'perPage' =&gt; 15,
                            'exists' =&gt; true,
                            'wasRecentlyCreated' =&gt; false,
                            'escapeWhenCastingToString' =&gt; false,
                            'attributes' =&gt; Array &amp;47 [
                                'id' =&gt; 1,
                                'nombre_servicio' =&gt; 'Test',
                                'descripcion' =&gt; null,
                                'icono' =&gt; null,
                            ],
                            'original' =&gt; Array &amp;48 [
                                'id' =&gt; 1,
                                'nombre_servicio' =&gt; 'Test',
                                'descripcion' =&gt; null,
                                'icono' =&gt; null,
                            ],
                            'changes' =&gt; Array &amp;49 [],
                            'previous' =&gt; Array &amp;50 [],
                            'casts' =&gt; Array &amp;51 [],
                            'classCastCache' =&gt; Array &amp;52 [],
                            'attributeCastCache' =&gt; Array &amp;53 [],
                            'dateFormat' =&gt; null,
                            'appends' =&gt; Array &amp;54 [],
                            'dispatchesEvents' =&gt; Array &amp;55 [],
                            'observables' =&gt; Array &amp;56 [],
                            'relations' =&gt; Array &amp;57 [],
                            'touches' =&gt; Array &amp;58 [],
                            'relationAutoloadCallback' =&gt; null,
                            'relationAutoloadContext' =&gt; null,
                            'timestamps' =&gt; false,
                            'usesUniqueIds' =&gt; false,
                            'hidden' =&gt; Array &amp;59 [],
                            'visible' =&gt; Array &amp;60 [],
                            'fillable' =&gt; Array &amp;61 [
                                0 =&gt; 'nombre_servicio',
                                1 =&gt; 'descripcion',
                                2 =&gt; 'icono',
                            ],
                            'guarded' =&gt; Array &amp;62 [
                                0 =&gt; '*',
                            ],
                        ),
                    ],
                    'touches' =&gt; Array &amp;63 [],
                    'relationAutoloadCallback' =&gt; null,
                    'relationAutoloadContext' =&gt; null,
                    'timestamps' =&gt; false,
                    'usesUniqueIds' =&gt; false,
                    'hidden' =&gt; Array &amp;64 [],
                    'visible' =&gt; Array &amp;65 [],
                    'fillable' =&gt; Array &amp;66 [
                        0 =&gt; 'servicios_id',
                        1 =&gt; 'nombre',
                        2 =&gt; 'descripcion',
                        3 =&gt; 'precio',
                        4 =&gt; 'imagen',
                    ],
                    'guarded' =&gt; Array &amp;67 [
                        0 =&gt; '*',
                    ],
                ),
            ],
            'touches' =&gt; Array &amp;68 [],
            'relationAutoloadCallback' =&gt; null,
            'relationAutoloadContext' =&gt; null,
            'timestamps' =&gt; false,
            'usesUniqueIds' =&gt; false,
            'hidden' =&gt; Array &amp;69 [],
            'visible' =&gt; Array &amp;70 [],
            'fillable' =&gt; Array &amp;71 [
                0 =&gt; 'personas_id',
                1 =&gt; 'sub_servicios_id',
                2 =&gt; 'monto',
                3 =&gt; 'fecha_cotizacion',
            ],
            'guarded' =&gt; Array &amp;72 [
                0 =&gt; '*',
            ],
        ),
    ],
    'escapeWhenCastingToString' =&gt; false,
) is of type array.
&#13;
C:\Users\ASUS\Desktop\SENA\Nueva carpeta\tests\Unit\AjustesControllerUnitTest.php:179</failure>
        </testcase>
        <testcase name="test_export_historial_pdf_sin_group_by" file="C:\Users\ASUS\Desktop\SENA\Nueva carpeta\tests\Unit\AjustesControllerUnitTest.php" line="186" class="Tests\Unit\AjustesControllerUnitTest" classname="Tests.Unit.AjustesControllerUnitTest" assertions="2" time="0.672432"/>
        <testcase name="test_export_historial_pdf_con_group_by" file="C:\Users\ASUS\Desktop\SENA\Nueva carpeta\tests\Unit\AjustesControllerUnitTest.php" line="196" class="Tests\Unit\AjustesControllerUnitTest" classname="Tests.Unit.AjustesControllerUnitTest" assertions="2" time="0.574804"/>
        <testcase name="test_export_historial_pdf_con_group_by_consulta" file="C:\Users\ASUS\Desktop\SENA\Nueva carpeta\tests\Unit\AjustesControllerUnitTest.php" line="205" class="Tests\Unit\AjustesControllerUnitTest" classname="Tests.Unit.AjustesControllerUnitTest" assertions="2" time="0.586140"/>
        <testcase name="test_get_subservicios" file="C:\Users\ASUS\Desktop\SENA\Nueva carpeta\tests\Unit\AjustesControllerUnitTest.php" line="243" class="Tests\Unit\AjustesControllerUnitTest" classname="Tests.Unit.AjustesControllerUnitTest" assertions="4" time="0.062388"/>
        <testcase name="test_group_by_opciones_validas" file="C:\Users\ASUS\Desktop\SENA\Nueva carpeta\tests\Unit\AjustesControllerUnitTest.php" line="265" class="Tests\Unit\AjustesControllerUnitTest" classname="Tests.Unit.AjustesControllerUnitTest" assertions="3" time="0.048752"/>
        <testcase name="test_tab_opciones_validas" file="C:\Users\ASUS\Desktop\SENA\Nueva carpeta\tests\Unit\AjustesControllerUnitTest.php" line="274" class="Tests\Unit\AjustesControllerUnitTest" classname="Tests.Unit.AjustesControllerUnitTest" assertions="3" time="0.049512"/>
        <testcase name="test_active_tab_default" file="C:\Users\ASUS\Desktop\SENA\Nueva carpeta\tests\Unit\AjustesControllerUnitTest.php" line="283" class="Tests\Unit\AjustesControllerUnitTest" classname="Tests.Unit.AjustesControllerUnitTest" assertions="1" time="0.049715"/>
        <testcase name="test_active_tab_con_group_by" file="C:\Users\ASUS\Desktop\SENA\Nueva carpeta\tests\Unit\AjustesControllerUnitTest.php" line="291" class="Tests\Unit\AjustesControllerUnitTest" classname="Tests.Unit.AjustesControllerUnitTest" assertions="1" time="0.050672"/>
        <testcase name="test_group_cotizaciones_por_dia" file="C:\Users\ASUS\Desktop\SENA\Nueva carpeta\tests\Unit\AjustesControllerUnitTest.php" line="299" class="Tests\Unit\AjustesControllerUnitTest" classname="Tests.Unit.AjustesControllerUnitTest" assertions="2" time="0.056777"/>
        <testcase name="test_group_cotizaciones_por_consulta" file="C:\Users\ASUS\Desktop\SENA\Nueva carpeta\tests\Unit\AjustesControllerUnitTest.php" line="334" class="Tests\Unit\AjustesControllerUnitTest" classname="Tests.Unit.AjustesControllerUnitTest" assertions="2" time="0.058557"/>
        <testcase name="test_get_cotizaciones_metodo_privado" file="C:\Users\ASUS\Desktop\SENA\Nueva carpeta\tests\Unit\AjustesControllerUnitTest.php" line="373" class="Tests\Unit\AjustesControllerUnitTest" classname="Tests.Unit.AjustesControllerUnitTest" assertions="3" time="0.060445"/>
        <testcase name="test_group_cotizaciones_por_dia_metodo_privado" file="C:\Users\ASUS\Desktop\SENA\Nueva carpeta\tests\Unit\AjustesControllerUnitTest.php" line="406" class="Tests\Unit\AjustesControllerUnitTest" classname="Tests.Unit.AjustesControllerUnitTest" assertions="6" time="0.059542"/>
        <testcase name="test_group_cotizaciones_por_consulta_metodo_privado" file="C:\Users\ASUS\Desktop\SENA\Nueva carpeta\tests\Unit\AjustesControllerUnitTest.php" line="454" class="Tests\Unit\AjustesControllerUnitTest" classname="Tests.Unit.AjustesControllerUnitTest" assertions="8" time="0.057703"/>
        <testcase name="test_group_cotizaciones_sin_group_by" file="C:\Users\ASUS\Desktop\SENA\Nueva carpeta\tests\Unit\AjustesControllerUnitTest.php" line="497" class="Tests\Unit\AjustesControllerUnitTest" classname="Tests.Unit.AjustesControllerUnitTest" assertions="1" time="0.054372"/>
        <testcase name="test_group_cotizaciones_con_fecha_null" file="C:\Users\ASUS\Desktop\SENA\Nueva carpeta\tests\Unit\AjustesControllerUnitTest.php" line="530" class="Tests\Unit\AjustesControllerUnitTest" classname="Tests.Unit.AjustesControllerUnitTest" assertions="0" time="0.057007">
          <error type="Illuminate\Database\QueryException">Tests\Unit\AjustesControllerUnitTest::test_group_cotizaciones_con_fecha_null&#13;
Illuminate\Database\QueryException: SQLSTATE[23000]: Integrity constraint violation: 19 NOT NULL constraint failed: cotizacion.fecha_cotizacion (Connection: sqlite, SQL: insert into "cotizacion" ("personas_id", "sub_servicios_id", "monto", "fecha_cotizacion") values (1, 1, 100, ?))
&#13;
C:\Users\ASUS\Desktop\SENA\Nueva carpeta\vendor\laravel\framework\src\Illuminate\Database\Connection.php:824
C:\Users\ASUS\Desktop\SENA\Nueva carpeta\vendor\laravel\framework\src\Illuminate\Database\Connection.php:778
C:\Users\ASUS\Desktop\SENA\Nueva carpeta\vendor\laravel\framework\src\Illuminate\Database\Connection.php:559
C:\Users\ASUS\Desktop\SENA\Nueva carpeta\vendor\laravel\framework\src\Illuminate\Database\Connection.php:523
C:\Users\ASUS\Desktop\SENA\Nueva carpeta\vendor\laravel\framework\src\Illuminate\Database\Query\Processors\Processor.php:32
C:\Users\ASUS\Desktop\SENA\Nueva carpeta\vendor\laravel\framework\src\Illuminate\Database\Query\Builder.php:3853
C:\Users\ASUS\Desktop\SENA\Nueva carpeta\vendor\laravel\framework\src\Illuminate\Database\Eloquent\Builder.php:2205
C:\Users\ASUS\Desktop\SENA\Nueva carpeta\vendor\laravel\framework\src\Illuminate\Database\Eloquent\Model.php:1427
C:\Users\ASUS\Desktop\SENA\Nueva carpeta\vendor\laravel\framework\src\Illuminate\Database\Eloquent\Model.php:1392
C:\Users\ASUS\Desktop\SENA\Nueva carpeta\vendor\laravel\framework\src\Illuminate\Database\Eloquent\Model.php:1231
C:\Users\ASUS\Desktop\SENA\Nueva carpeta\tests\Unit\AjustesControllerUnitTest.php:556</error>
        </testcase>
        <testcase name="test_group_cotizaciones_por_consulta_con_personas_id_null" file="C:\Users\ASUS\Desktop\SENA\Nueva carpeta\tests\Unit\AjustesControllerUnitTest.php" line="564" class="Tests\Unit\AjustesControllerUnitTest" classname="Tests.Unit.AjustesControllerUnitTest" assertions="1" time="0.064373"/>
        <testcase name="test_index_con_group_by_y_tab" file="C:\Users\ASUS\Desktop\SENA\Nueva carpeta\tests\Unit\AjustesControllerUnitTest.php" line="599" class="Tests\Unit\AjustesControllerUnitTest" classname="Tests.Unit.AjustesControllerUnitTest" assertions="3" time="0.055152"/>
      </testsuite>
      <testsuite name="Tests\Unit\BusquedaControllerUnitTest" file="C:\Users\ASUS\Desktop\SENA\Nueva carpeta\tests\Unit\BusquedaControllerUnitTest.php" tests="8" assertions="10" errors="0" failures="0" skipped="0" time="0.018509">
        <testcase name="test_normalizar_texto_convierte_a_minusculas" file="C:\Users\ASUS\Desktop\SENA\Nueva carpeta\tests\Unit\BusquedaControllerUnitTest.php" line="27" class="Tests\Unit\BusquedaControllerUnitTest" classname="Tests.Unit.BusquedaControllerUnitTest" assertions="1" time="0.002998"/>
        <testcase name="test_normalizar_texto_elimina_espacios_extra" file="C:\Users\ASUS\Desktop\SENA\Nueva carpeta\tests\Unit\BusquedaControllerUnitTest.php" line="33" class="Tests\Unit\BusquedaControllerUnitTest" classname="Tests.Unit.BusquedaControllerUnitTest" assertions="2" time="0.002478"/>
        <testcase name="test_normalizar_texto_corrige_animacion" file="C:\Users\ASUS\Desktop\SENA\Nueva carpeta\tests\Unit\BusquedaControllerUnitTest.php" line="43" class="Tests\Unit\BusquedaControllerUnitTest" classname="Tests.Unit.BusquedaControllerUnitTest" assertions="1" time="0.002624"/>
        <testcase name="test_normalizar_texto_corrige_animador" file="C:\Users\ASUS\Desktop\SENA\Nueva carpeta\tests\Unit\BusquedaControllerUnitTest.php" line="49" class="Tests\Unit\BusquedaControllerUnitTest" classname="Tests.Unit.BusquedaControllerUnitTest" assertions="1" time="0.002062"/>
        <testcase name="test_normalizar_texto_mantiene_alquiler" file="C:\Users\ASUS\Desktop\SENA\Nueva carpeta\tests\Unit\BusquedaControllerUnitTest.php" line="55" class="Tests\Unit\BusquedaControllerUnitTest" classname="Tests.Unit.BusquedaControllerUnitTest" assertions="1" time="0.002265"/>
        <testcase name="test_normalizar_texto_mantiene_publicidad" file="C:\Users\ASUS\Desktop\SENA\Nueva carpeta\tests\Unit\BusquedaControllerUnitTest.php" line="61" class="Tests\Unit\BusquedaControllerUnitTest" classname="Tests.Unit.BusquedaControllerUnitTest" assertions="1" time="0.001985"/>
        <testcase name="test_normalizar_texto_con_cadena_vacia" file="C:\Users\ASUS\Desktop\SENA\Nueva carpeta\tests\Unit\BusquedaControllerUnitTest.php" line="67" class="Tests\Unit\BusquedaControllerUnitTest" classname="Tests.Unit.BusquedaControllerUnitTest" assertions="1" time="0.002005"/>
        <testcase name="test_normalizar_texto_con_texto_complejo" file="C:\Users\ASUS\Desktop\SENA\Nueva carpeta\tests\Unit\BusquedaControllerUnitTest.php" line="73" class="Tests\Unit\BusquedaControllerUnitTest" classname="Tests.Unit.BusquedaControllerUnitTest" assertions="2" time="0.002091"/>
      </testsuite>
      <testsuite name="Tests\Unit\CalendarioControllerUnitTest" file="C:\Users\ASUS\Desktop\SENA\Nueva carpeta\tests\Unit\CalendarioControllerUnitTest.php" tests="3" assertions="8" errors="0" failures="0" skipped="0" time="0.015415">
        <testcase name="test_default_event_title_constante" file="C:\Users\ASUS\Desktop\SENA\Nueva carpeta\tests\Unit\CalendarioControllerUnitTest.php" line="19" class="Tests\Unit\CalendarioControllerUnitTest" classname="Tests.Unit.CalendarioControllerUnitTest" assertions="2" time="0.007040"/>
        <testcase name="test_is_admin_like_logica_administrador" file="C:\Users\ASUS\Desktop\SENA\Nueva carpeta\tests\Unit\CalendarioControllerUnitTest.php" line="30" class="Tests\Unit\CalendarioControllerUnitTest" classname="Tests.Unit.CalendarioControllerUnitTest" assertions="3" time="0.005567"/>
        <testcase name="test_is_admin_like_case_insensitive" file="C:\Users\ASUS\Desktop\SENA\Nueva carpeta\tests\Unit\CalendarioControllerUnitTest.php" line="41" class="Tests\Unit\CalendarioControllerUnitTest" classname="Tests.Unit.CalendarioControllerUnitTest" assertions="3" time="0.002808"/>
      </testsuite>
      <testsuite name="Tests\Unit\ChatbotControllerUnitTest" file="C:\Users\ASUS\Desktop\SENA\Nueva carpeta\tests\Unit\ChatbotControllerUnitTest.php" tests="8" assertions="10" errors="1" failures="0" skipped="0" time="0.469590">
        <testcase name="test_controller_can_be_instantiated" file="C:\Users\ASUS\Desktop\SENA\Nueva carpeta\tests\Unit\ChatbotControllerUnitTest.php" line="71" class="Tests\Unit\ChatbotControllerUnitTest" classname="Tests.Unit.ChatbotControllerUnitTest" assertions="1" time="0.081657"/>
        <testcase name="test_index_retorna_vista" file="C:\Users\ASUS\Desktop\SENA\Nueva carpeta\tests\Unit\ChatbotControllerUnitTest.php" line="76" class="Tests\Unit\ChatbotControllerUnitTest" classname="Tests.Unit.ChatbotControllerUnitTest" assertions="1" time="0.049040"/>
        <testcase name="test_enviar_procesa_mensaje" file="C:\Users\ASUS\Desktop\SENA\Nueva carpeta\tests\Unit\ChatbotControllerUnitTest.php" line="83" class="Tests\Unit\ChatbotControllerUnitTest" classname="Tests.Unit.ChatbotControllerUnitTest" assertions="1" time="0.054028"/>
        <testcase name="test_enviar_procesa_seleccion" file="C:\Users\ASUS\Desktop\SENA\Nueva carpeta\tests\Unit\ChatbotControllerUnitTest.php" line="116" class="Tests\Unit\ChatbotControllerUnitTest" classname="Tests.Unit.ChatbotControllerUnitTest" assertions="1" time="0.068702">
          <error type="Mockery\Exception\InvalidCountException">Tests\Unit\ChatbotControllerUnitTest::test_enviar_procesa_seleccion&#13;
Mockery\Exception\InvalidCountException: Method extraerDiasDelRequest(&lt;Any Arguments&gt;) from Mockery_8_App_Services_ChatbotSessionManager should be called&#13;
 exactly 1 times but called 0 times.
&#13;
C:\Users\ASUS\Desktop\SENA\Nueva carpeta\vendor\mockery\mockery\library\Mockery\CountValidator\Exact.php:32
C:\Users\ASUS\Desktop\SENA\Nueva carpeta\vendor\mockery\mockery\library\Mockery\Expectation.php:739
C:\Users\ASUS\Desktop\SENA\Nueva carpeta\vendor\mockery\mockery\library\Mockery\ExpectationDirector.php:202
C:\Users\ASUS\Desktop\SENA\Nueva carpeta\vendor\mockery\mockery\library\Mockery\Container.php:583
C:\Users\ASUS\Desktop\SENA\Nueva carpeta\vendor\mockery\mockery\library\Mockery\Container.php:519
C:\Users\ASUS\Desktop\SENA\Nueva carpeta\vendor\mockery\mockery\library\Mockery.php:176
C:\Users\ASUS\Desktop\SENA\Nueva carpeta\tests\Unit\ChatbotControllerUnitTest.php:64</error>
        </testcase>
        <testcase name="test_enviar_maneja_error" file="C:\Users\ASUS\Desktop\SENA\Nueva carpeta\tests\Unit\ChatbotControllerUnitTest.php" line="155" class="Tests\Unit\ChatbotControllerUnitTest" classname="Tests.Unit.ChatbotControllerUnitTest" assertions="1" time="0.061906"/>
        <testcase name="test_enviar_confirm_intencion" file="C:\Users\ASUS\Desktop\SENA\Nueva carpeta\tests\Unit\ChatbotControllerUnitTest.php" line="185" class="Tests\Unit\ChatbotControllerUnitTest" classname="Tests.Unit.ChatbotControllerUnitTest" assertions="1" time="0.052543"/>
        <testcase name="test_enviar_limpiar_cotizacion" file="C:\Users\ASUS\Desktop\SENA\Nueva carpeta\tests\Unit\ChatbotControllerUnitTest.php" line="215" class="Tests\Unit\ChatbotControllerUnitTest" classname="Tests.Unit.ChatbotControllerUnitTest" assertions="2" time="0.051406"/>
        <testcase name="test_enviar_terminar_cotizacion" file="C:\Users\ASUS\Desktop\SENA\Nueva carpeta\tests\Unit\ChatbotControllerUnitTest.php" line="232" class="Tests\Unit\ChatbotControllerUnitTest" classname="Tests.Unit.ChatbotControllerUnitTest" assertions="2" time="0.050307"/>
      </testsuite>
      <testsuite name="Tests\Unit\ChatbotIntentionDetectorTest" file="C:\Users\ASUS\Desktop\SENA\Nueva carpeta\tests\Unit\ChatbotIntentionDetectorTest.php" tests="19" assertions="29" errors="0" failures="0" skipped="0" time="1.084719">
        <testcase name="test_detectar_intenciones_vacio" file="C:\Users\ASUS\Desktop\SENA\Nueva carpeta\tests\Unit\ChatbotIntentionDetectorTest.php" line="31" class="Tests\Unit\ChatbotIntentionDetectorTest" classname="Tests.Unit.ChatbotIntentionDetectorTest" assertions="2" time="0.047753"/>
        <testcase name="test_detectar_intenciones_alquiler" file="C:\Users\ASUS\Desktop\SENA\Nueva carpeta\tests\Unit\ChatbotIntentionDetectorTest.php" line="38" class="Tests\Unit\ChatbotIntentionDetectorTest" classname="Tests.Unit.ChatbotIntentionDetectorTest" assertions="2" time="0.051872"/>
        <testcase name="test_detectar_intenciones_animacion" file="C:\Users\ASUS\Desktop\SENA\Nueva carpeta\tests\Unit\ChatbotIntentionDetectorTest.php" line="45" class="Tests\Unit\ChatbotIntentionDetectorTest" classname="Tests.Unit.ChatbotIntentionDetectorTest" assertions="2" time="0.051183"/>
        <testcase name="test_detectar_intenciones_publicidad" file="C:\Users\ASUS\Desktop\SENA\Nueva carpeta\tests\Unit\ChatbotIntentionDetectorTest.php" line="52" class="Tests\Unit\ChatbotIntentionDetectorTest" classname="Tests.Unit.ChatbotIntentionDetectorTest" assertions="2" time="0.050299"/>
        <testcase name="test_detectar_intenciones_multiples" file="C:\Users\ASUS\Desktop\SENA\Nueva carpeta\tests\Unit\ChatbotIntentionDetectorTest.php" line="59" class="Tests\Unit\ChatbotIntentionDetectorTest" classname="Tests.Unit.ChatbotIntentionDetectorTest" assertions="3" time="0.051856"/>
        <testcase name="test_validar_intenciones_contra_mensaje_valida_alquiler" file="C:\Users\ASUS\Desktop\SENA\Nueva carpeta\tests\Unit\ChatbotIntentionDetectorTest.php" line="70" class="Tests\Unit\ChatbotIntentionDetectorTest" classname="Tests.Unit.ChatbotIntentionDetectorTest" assertions="1" time="0.048093"/>
        <testcase name="test_validar_intenciones_contra_mensaje_invalida_alquiler" file="C:\Users\ASUS\Desktop\SENA\Nueva carpeta\tests\Unit\ChatbotIntentionDetectorTest.php" line="79" class="Tests\Unit\ChatbotIntentionDetectorTest" classname="Tests.Unit.ChatbotIntentionDetectorTest" assertions="1" time="0.049831"/>
        <testcase name="test_validar_intenciones_contra_mensaje_con_animacion" file="C:\Users\ASUS\Desktop\SENA\Nueva carpeta\tests\Unit\ChatbotIntentionDetectorTest.php" line="88" class="Tests\Unit\ChatbotIntentionDetectorTest" classname="Tests.Unit.ChatbotIntentionDetectorTest" assertions="1" time="0.052380"/>
        <testcase name="test_validar_intenciones_contra_mensaje_con_publicidad" file="C:\Users\ASUS\Desktop\SENA\Nueva carpeta\tests\Unit\ChatbotIntentionDetectorTest.php" line="97" class="Tests\Unit\ChatbotIntentionDetectorTest" classname="Tests.Unit.ChatbotIntentionDetectorTest" assertions="1" time="0.051890"/>
        <testcase name="test_validar_intenciones_contra_mensaje_vacio" file="C:\Users\ASUS\Desktop\SENA\Nueva carpeta\tests\Unit\ChatbotIntentionDetectorTest.php" line="106" class="Tests\Unit\ChatbotIntentionDetectorTest" classname="Tests.Unit.ChatbotIntentionDetectorTest" assertions="1" time="0.055828"/>
        <testcase name="test_validar_intenciones_contra_mensaje_multiples" file="C:\Users\ASUS\Desktop\SENA\Nueva carpeta\tests\Unit\ChatbotIntentionDetectorTest.php" line="115" class="Tests\Unit\ChatbotIntentionDetectorTest" classname="Tests.Unit.ChatbotIntentionDetectorTest" assertions="3" time="0.054925"/>
        <testcase name="test_es_relacionado_con_alquiler" file="C:\Users\ASUS\Desktop\SENA\Nueva carpeta\tests\Unit\ChatbotIntentionDetectorTest.php" line="129" class="Tests\Unit\ChatbotIntentionDetectorTest" classname="Tests.Unit.ChatbotIntentionDetectorTest" assertions="1" time="0.061476"/>
        <testcase name="test_es_relacionado_con_animacion" file="C:\Users\ASUS\Desktop\SENA\Nueva carpeta\tests\Unit\ChatbotIntentionDetectorTest.php" line="135" class="Tests\Unit\ChatbotIntentionDetectorTest" classname="Tests.Unit.ChatbotIntentionDetectorTest" assertions="1" time="0.054924"/>
        <testcase name="test_es_relacionado_con_publicidad" file="C:\Users\ASUS\Desktop\SENA\Nueva carpeta\tests\Unit\ChatbotIntentionDetectorTest.php" line="141" class="Tests\Unit\ChatbotIntentionDetectorTest" classname="Tests.Unit.ChatbotIntentionDetectorTest" assertions="1" time="0.082365"/>
        <testcase name="test_es_relacionado_con_mensaje_vacio" file="C:\Users\ASUS\Desktop\SENA\Nueva carpeta\tests\Unit\ChatbotIntentionDetectorTest.php" line="147" class="Tests\Unit\ChatbotIntentionDetectorTest" classname="Tests.Unit.ChatbotIntentionDetectorTest" assertions="1" time="0.057021"/>
        <testcase name="test_es_relacionado_con_mensaje_no_relacionado" file="C:\Users\ASUS\Desktop\SENA\Nueva carpeta\tests\Unit\ChatbotIntentionDetectorTest.php" line="154" class="Tests\Unit\ChatbotIntentionDetectorTest" classname="Tests.Unit.ChatbotIntentionDetectorTest" assertions="1" time="0.061232"/>
        <testcase name="test_es_relacionado_case_insensitive" file="C:\Users\ASUS\Desktop\SENA\Nueva carpeta\tests\Unit\ChatbotIntentionDetectorTest.php" line="161" class="Tests\Unit\ChatbotIntentionDetectorTest" classname="Tests.Unit.ChatbotIntentionDetectorTest" assertions="2" time="0.065964"/>
        <testcase name="test_clasificar_por_tfidf_con_cadena_vacia" file="C:\Users\ASUS\Desktop\SENA\Nueva carpeta\tests\Unit\ChatbotIntentionDetectorTest.php" line="174" class="Tests\Unit\ChatbotIntentionDetectorTest" classname="Tests.Unit.ChatbotIntentionDetectorTest" assertions="2" time="0.071095"/>
        <testcase name="test_clasificar_por_tfidf_retorna_array" file="C:\Users\ASUS\Desktop\SENA\Nueva carpeta\tests\Unit\ChatbotIntentionDetectorTest.php" line="181" class="Tests\Unit\ChatbotIntentionDetectorTest" classname="Tests.Unit.ChatbotIntentionDetectorTest" assertions="1" time="0.064732"/>
      </testsuite>
      <testsuite name="Tests\Unit\ChatbotMessageProcessorTest" file="C:\Users\ASUS\Desktop\SENA\Nueva carpeta\tests\Unit\ChatbotMessageProcessorTest.php" tests="28" assertions="14" errors="16" failures="0" skipped="0" time="1.758930">
        <testcase name="test_procesar_mensaje_texto_vacio" file="C:\Users\ASUS\Desktop\SENA\Nueva carpeta\tests\Unit\ChatbotMessageProcessorTest.php" line="61" class="Tests\Unit\ChatbotMessageProcessorTest" classname="Tests.Unit.ChatbotMessageProcessorTest" assertions="1" time="0.058837"/>
        <testcase name="test_procesar_mensaje_texto_con_catalogo" file="C:\Users\ASUS\Desktop\SENA\Nueva carpeta\tests\Unit\ChatbotMessageProcessorTest.php" line="84" class="Tests\Unit\ChatbotMessageProcessorTest" classname="Tests.Unit.ChatbotMessageProcessorTest" assertions="1" time="0.056562"/>
        <testcase name="test_procesar_mensaje_texto_fuera_de_tema" file="C:\Users\ASUS\Desktop\SENA\Nueva carpeta\tests\Unit\ChatbotMessageProcessorTest.php" line="114" class="Tests\Unit\ChatbotMessageProcessorTest" classname="Tests.Unit.ChatbotMessageProcessorTest" assertions="2" time="0.052829"/>
        <testcase name="test_procesar_mensaje_texto_con_intenciones" file="C:\Users\ASUS\Desktop\SENA\Nueva carpeta\tests\Unit\ChatbotMessageProcessorTest.php" line="151" class="Tests\Unit\ChatbotMessageProcessorTest" classname="Tests.Unit.ChatbotMessageProcessorTest" assertions="1" time="0.058440"/>
        <testcase name="test_procesar_mensaje_texto_con_actualizacion_dias" file="C:\Users\ASUS\Desktop\SENA\Nueva carpeta\tests\Unit\ChatbotMessageProcessorTest.php" line="209" class="Tests\Unit\ChatbotMessageProcessorTest" classname="Tests.Unit.ChatbotMessageProcessorTest" assertions="0" time="0.064696">
          <error type="Mockery\Exception\BadMethodCallException">Tests\Unit\ChatbotMessageProcessorTest::test_procesar_mensaje_texto_con_actualizacion_dias&#13;
Mockery\Exception\BadMethodCallException: Received Mockery_3_App_Services_ChatbotIntentionDetector::esRelacionado(), but no expectations were specified
&#13;
C:\Users\ASUS\Desktop\SENA\Nueva carpeta\app\Services\ChatbotMessageProcessor.php:109
C:\Users\ASUS\Desktop\SENA\Nueva carpeta\app\Services\ChatbotMessageProcessor.php:58
C:\Users\ASUS\Desktop\SENA\Nueva carpeta\app\Services\ChatbotMessageProcessor.php:37
C:\Users\ASUS\Desktop\SENA\Nueva carpeta\tests\Unit\ChatbotMessageProcessorTest.php:232</error>
        </testcase>
        <testcase name="test_procesar_mensaje_texto_buscar_subservicios" file="C:\Users\ASUS\Desktop\SENA\Nueva carpeta\tests\Unit\ChatbotMessageProcessorTest.php" line="245" class="Tests\Unit\ChatbotMessageProcessorTest" classname="Tests.Unit.ChatbotMessageProcessorTest" assertions="0" time="0.064577">
          <error type="Mockery\Exception\BadMethodCallException">Tests\Unit\ChatbotMessageProcessorTest::test_procesar_mensaje_texto_buscar_subservicios&#13;
Mockery\Exception\BadMethodCallException: Received Mockery_3_App_Services_ChatbotIntentionDetector::clasificarPorTfidf(), but no expectations were specified
&#13;
C:\Users\ASUS\Desktop\SENA\Nueva carpeta\app\Services\ChatbotMessageProcessor.php:126
C:\Users\ASUS\Desktop\SENA\Nueva carpeta\app\Services\ChatbotMessageProcessor.php:63
C:\Users\ASUS\Desktop\SENA\Nueva carpeta\app\Services\ChatbotMessageProcessor.php:42
C:\Users\ASUS\Desktop\SENA\Nueva carpeta\tests\Unit\ChatbotMessageProcessorTest.php:289</error>
        </testcase>
        <testcase name="test_procesar_mensaje_texto_con_continuacion" file="C:\Users\ASUS\Desktop\SENA\Nueva carpeta\tests\Unit\ChatbotMessageProcessorTest.php" line="302" class="Tests\Unit\ChatbotMessageProcessorTest" classname="Tests.Unit.ChatbotMessageProcessorTest" assertions="0" time="0.067272">
          <error type="Mockery\Exception\BadMethodCallException">Tests\Unit\ChatbotMessageProcessorTest::test_procesar_mensaje_texto_con_continuacion&#13;
Mockery\Exception\BadMethodCallException: Received Mockery_3_App_Services_ChatbotIntentionDetector::clasificarPorTfidf(), but no expectations were specified
&#13;
C:\Users\ASUS\Desktop\SENA\Nueva carpeta\app\Services\ChatbotMessageProcessor.php:126
C:\Users\ASUS\Desktop\SENA\Nueva carpeta\app\Services\ChatbotMessageProcessor.php:63
C:\Users\ASUS\Desktop\SENA\Nueva carpeta\app\Services\ChatbotMessageProcessor.php:42
C:\Users\ASUS\Desktop\SENA\Nueva carpeta\tests\Unit\ChatbotMessageProcessorTest.php:351</error>
        </testcase>
        <testcase name="test_procesar_mensaje_texto_con_dias_y_selecciones" file="C:\Users\ASUS\Desktop\SENA\Nueva carpeta\tests\Unit\ChatbotMessageProcessorTest.php" line="364" class="Tests\Unit\ChatbotMessageProcessorTest" classname="Tests.Unit.ChatbotMessageProcessorTest" assertions="0" time="0.058409">
          <error type="Mockery\Exception\BadMethodCallException">Tests\Unit\ChatbotMessageProcessorTest::test_procesar_mensaje_texto_con_dias_y_selecciones&#13;
Mockery\Exception\BadMethodCallException: Received Mockery_3_App_Services_ChatbotIntentionDetector::esRelacionado(), but no expectations were specified
&#13;
C:\Users\ASUS\Desktop\SENA\Nueva carpeta\app\Services\ChatbotMessageProcessor.php:109
C:\Users\ASUS\Desktop\SENA\Nueva carpeta\app\Services\ChatbotMessageProcessor.php:58
C:\Users\ASUS\Desktop\SENA\Nueva carpeta\app\Services\ChatbotMessageProcessor.php:37
C:\Users\ASUS\Desktop\SENA\Nueva carpeta\tests\Unit\ChatbotMessageProcessorTest.php:388</error>
        </testcase>
        <testcase name="test_procesar_mensaje_texto_error_en_actualizacion_dias" file="C:\Users\ASUS\Desktop\SENA\Nueva carpeta\tests\Unit\ChatbotMessageProcessorTest.php" line="401" class="Tests\Unit\ChatbotMessageProcessorTest" classname="Tests.Unit.ChatbotMessageProcessorTest" assertions="0" time="0.064149">
          <error type="Mockery\Exception\BadMethodCallException">Tests\Unit\ChatbotMessageProcessorTest::test_procesar_mensaje_texto_error_en_actualizacion_dias&#13;
Mockery\Exception\BadMethodCallException: Received Mockery_3_App_Services_ChatbotIntentionDetector::esRelacionado(), but no expectations were specified
&#13;
C:\Users\ASUS\Desktop\SENA\Nueva carpeta\app\Services\ChatbotMessageProcessor.php:109
C:\Users\ASUS\Desktop\SENA\Nueva carpeta\app\Services\ChatbotMessageProcessor.php:58
C:\Users\ASUS\Desktop\SENA\Nueva carpeta\app\Services\ChatbotMessageProcessor.php:37
C:\Users\ASUS\Desktop\SENA\Nueva carpeta\tests\Unit\ChatbotMessageProcessorTest.php:421</error>
        </testcase>
        <testcase name="test_procesar_mensaje_texto_con_intenciones_sesion" file="C:\Users\ASUS\Desktop\SENA\Nueva carpeta\tests\Unit\ChatbotMessageProcessorTest.php" line="434" class="Tests\Unit\ChatbotMessageProcessorTest" classname="Tests.Unit.ChatbotMessageProcessorTest" assertions="0" time="0.069039">
          <error type="Mockery\Exception\BadMethodCallException">Tests\Unit\ChatbotMessageProcessorTest::test_procesar_mensaje_texto_con_intenciones_sesion&#13;
Mockery\Exception\BadMethodCallException: Received Mockery_3_App_Services_ChatbotIntentionDetector::clasificarPorTfidf(), but no expectations were specified
&#13;
C:\Users\ASUS\Desktop\SENA\Nueva carpeta\app\Services\ChatbotMessageProcessor.php:126
C:\Users\ASUS\Desktop\SENA\Nueva carpeta\app\Services\ChatbotMessageProcessor.php:63
C:\Users\ASUS\Desktop\SENA\Nueva carpeta\app\Services\ChatbotMessageProcessor.php:42
C:\Users\ASUS\Desktop\SENA\Nueva carpeta\tests\Unit\ChatbotMessageProcessorTest.php:477</error>
        </testcase>
        <testcase name="test_procesar_mensaje_texto_con_ml_intent" file="C:\Users\ASUS\Desktop\SENA\Nueva carpeta\tests\Unit\ChatbotMessageProcessorTest.php" line="490" class="Tests\Unit\ChatbotMessageProcessorTest" classname="Tests.Unit.ChatbotMessageProcessorTest" assertions="1" time="0.072032"/>
        <testcase name="test_procesar_mensaje_texto_con_intenciones_sesion_y_continuacion" file="C:\Users\ASUS\Desktop\SENA\Nueva carpeta\tests\Unit\ChatbotMessageProcessorTest.php" line="552" class="Tests\Unit\ChatbotMessageProcessorTest" classname="Tests.Unit.ChatbotMessageProcessorTest" assertions="0" time="0.067474">
          <error type="Mockery\Exception\BadMethodCallException">Tests\Unit\ChatbotMessageProcessorTest::test_procesar_mensaje_texto_con_intenciones_sesion_y_continuacion&#13;
Mockery\Exception\BadMethodCallException: Received Mockery_3_App_Services_ChatbotIntentionDetector::validarIntencionesContraMensaje(), but no expectations were specified
&#13;
C:\Users\ASUS\Desktop\SENA\Nueva carpeta\app\Services\ChatbotMessageProcessor.php:76
C:\Users\ASUS\Desktop\SENA\Nueva carpeta\app\Services\ChatbotMessageProcessor.php:42
C:\Users\ASUS\Desktop\SENA\Nueva carpeta\tests\Unit\ChatbotMessageProcessorTest.php:599</error>
        </testcase>
        <testcase name="test_procesar_mensaje_texto_con_agregado" file="C:\Users\ASUS\Desktop\SENA\Nueva carpeta\tests\Unit\ChatbotMessageProcessorTest.php" line="612" class="Tests\Unit\ChatbotMessageProcessorTest" classname="Tests.Unit.ChatbotMessageProcessorTest" assertions="0" time="0.069400">
          <error type="Mockery\Exception\BadMethodCallException">Tests\Unit\ChatbotMessageProcessorTest::test_procesar_mensaje_texto_con_agregado&#13;
Mockery\Exception\BadMethodCallException: Received Mockery_5_App_Services_ChatbotResponseBuilder::mostrarOpcionesConIntenciones(), but no expectations were specified
&#13;
C:\Users\ASUS\Desktop\SENA\Nueva carpeta\app\Services\ChatbotMessageProcessor.php:230
C:\Users\ASUS\Desktop\SENA\Nueva carpeta\app\Services\ChatbotMessageProcessor.php:212
C:\Users\ASUS\Desktop\SENA\Nueva carpeta\app\Services\ChatbotMessageProcessor.php:93
C:\Users\ASUS\Desktop\SENA\Nueva carpeta\app\Services\ChatbotMessageProcessor.php:42
C:\Users\ASUS\Desktop\SENA\Nueva carpeta\tests\Unit\ChatbotMessageProcessorTest.php:659</error>
        </testcase>
        <testcase name="test_procesar_mensaje_texto_nueva_consulta" file="C:\Users\ASUS\Desktop\SENA\Nueva carpeta\tests\Unit\ChatbotMessageProcessorTest.php" line="672" class="Tests\Unit\ChatbotMessageProcessorTest" classname="Tests.Unit.ChatbotMessageProcessorTest" assertions="1" time="0.060175"/>
        <testcase name="test_procesar_mensaje_texto_con_dias_y_continuacion" file="C:\Users\ASUS\Desktop\SENA\Nueva carpeta\tests\Unit\ChatbotMessageProcessorTest.php" line="732" class="Tests\Unit\ChatbotMessageProcessorTest" classname="Tests.Unit.ChatbotMessageProcessorTest" assertions="0" time="0.055472">
          <error type="Mockery\Exception\BadMethodCallException">Tests\Unit\ChatbotMessageProcessorTest::test_procesar_mensaje_texto_con_dias_y_continuacion&#13;
Mockery\Exception\BadMethodCallException: Received Mockery_3_App_Services_ChatbotIntentionDetector::clasificarPorTfidf(), but no expectations were specified
&#13;
C:\Users\ASUS\Desktop\SENA\Nueva carpeta\app\Services\ChatbotMessageProcessor.php:126
C:\Users\ASUS\Desktop\SENA\Nueva carpeta\app\Services\ChatbotMessageProcessor.php:63
C:\Users\ASUS\Desktop\SENA\Nueva carpeta\app\Services\ChatbotMessageProcessor.php:42
C:\Users\ASUS\Desktop\SENA\Nueva carpeta\tests\Unit\ChatbotMessageProcessorTest.php:781</error>
        </testcase>
        <testcase name="test_procesar_mensaje_texto_fuera_de_tema_con_selecciones" file="C:\Users\ASUS\Desktop\SENA\Nueva carpeta\tests\Unit\ChatbotMessageProcessorTest.php" line="794" class="Tests\Unit\ChatbotMessageProcessorTest" classname="Tests.Unit.ChatbotMessageProcessorTest" assertions="0" time="0.058996">
          <error type="Mockery\Exception\BadMethodCallException">Tests\Unit\ChatbotMessageProcessorTest::test_procesar_mensaje_texto_fuera_de_tema_con_selecciones&#13;
Mockery\Exception\BadMethodCallException: Received Mockery_3_App_Services_ChatbotIntentionDetector::detectarIntenciones(), but no expectations were specified
&#13;
C:\Users\ASUS\Desktop\SENA\Nueva carpeta\app\Services\ChatbotMessageProcessor.php:124
C:\Users\ASUS\Desktop\SENA\Nueva carpeta\app\Services\ChatbotMessageProcessor.php:63
C:\Users\ASUS\Desktop\SENA\Nueva carpeta\app\Services\ChatbotMessageProcessor.php:42
C:\Users\ASUS\Desktop\SENA\Nueva carpeta\tests\Unit\ChatbotMessageProcessorTest.php:816</error>
        </testcase>
        <testcase name="test_procesar_mensaje_texto_actualizacion_dias_items_vacios" file="C:\Users\ASUS\Desktop\SENA\Nueva carpeta\tests\Unit\ChatbotMessageProcessorTest.php" line="829" class="Tests\Unit\ChatbotMessageProcessorTest" classname="Tests.Unit.ChatbotMessageProcessorTest" assertions="0" time="0.060141">
          <error type="Mockery\Exception\BadMethodCallException">Tests\Unit\ChatbotMessageProcessorTest::test_procesar_mensaje_texto_actualizacion_dias_items_vacios&#13;
Mockery\Exception\BadMethodCallException: Received Mockery_3_App_Services_ChatbotIntentionDetector::esRelacionado(), but no expectations were specified
&#13;
C:\Users\ASUS\Desktop\SENA\Nueva carpeta\app\Services\ChatbotMessageProcessor.php:109
C:\Users\ASUS\Desktop\SENA\Nueva carpeta\app\Services\ChatbotMessageProcessor.php:58
C:\Users\ASUS\Desktop\SENA\Nueva carpeta\app\Services\ChatbotMessageProcessor.php:37
C:\Users\ASUS\Desktop\SENA\Nueva carpeta\tests\Unit\ChatbotMessageProcessorTest.php:852</error>
        </testcase>
        <testcase name="test_procesar_mensaje_texto_buscar_subservicios_con_mensaje_vacio" file="C:\Users\ASUS\Desktop\SENA\Nueva carpeta\tests\Unit\ChatbotMessageProcessorTest.php" line="865" class="Tests\Unit\ChatbotMessageProcessorTest" classname="Tests.Unit.ChatbotMessageProcessorTest" assertions="0" time="0.061027">
          <error type="Mockery\Exception\BadMethodCallException">Tests\Unit\ChatbotMessageProcessorTest::test_procesar_mensaje_texto_buscar_subservicios_con_mensaje_vacio&#13;
Mockery\Exception\BadMethodCallException: Received Mockery_5_App_Services_ChatbotResponseBuilder::responderConOpciones(), but no expectations were specified
&#13;
C:\Users\ASUS\Desktop\SENA\Nueva carpeta\app\Services\ChatbotMessageProcessor.php:34
C:\Users\ASUS\Desktop\SENA\Nueva carpeta\tests\Unit\ChatbotMessageProcessorTest.php:909</error>
        </testcase>
        <testcase name="test_procesar_mensaje_texto_con_catalogo_corregido" file="C:\Users\ASUS\Desktop\SENA\Nueva carpeta\tests\Unit\ChatbotMessageProcessorTest.php" line="922" class="Tests\Unit\ChatbotMessageProcessorTest" classname="Tests.Unit.ChatbotMessageProcessorTest" assertions="1" time="0.058083"/>
        <testcase name="test_procesar_mensaje_texto_con_actualizacion_dias_dias_cero" file="C:\Users\ASUS\Desktop\SENA\Nueva carpeta\tests\Unit\ChatbotMessageProcessorTest.php" line="947" class="Tests\Unit\ChatbotMessageProcessorTest" classname="Tests.Unit.ChatbotMessageProcessorTest" assertions="0" time="0.068522">
          <error type="Mockery\Exception\BadMethodCallException">Tests\Unit\ChatbotMessageProcessorTest::test_procesar_mensaje_texto_con_actualizacion_dias_dias_cero&#13;
Mockery\Exception\BadMethodCallException: Received Mockery_3_App_Services_ChatbotIntentionDetector::clasificarPorTfidf(), but no expectations were specified
&#13;
C:\Users\ASUS\Desktop\SENA\Nueva carpeta\app\Services\ChatbotMessageProcessor.php:126
C:\Users\ASUS\Desktop\SENA\Nueva carpeta\app\Services\ChatbotMessageProcessor.php:63
C:\Users\ASUS\Desktop\SENA\Nueva carpeta\app\Services\ChatbotMessageProcessor.php:42
C:\Users\ASUS\Desktop\SENA\Nueva carpeta\tests\Unit\ChatbotMessageProcessorTest.php:996</error>
        </testcase>
        <testcase name="test_procesar_mensaje_texto_con_intenciones_vacias_y_no_relacionado" file="C:\Users\ASUS\Desktop\SENA\Nueva carpeta\tests\Unit\ChatbotMessageProcessorTest.php" line="1009" class="Tests\Unit\ChatbotMessageProcessorTest" classname="Tests.Unit.ChatbotMessageProcessorTest" assertions="1" time="0.065589"/>
        <testcase name="test_procesar_mensaje_texto_con_sugerencia_aplicada" file="C:\Users\ASUS\Desktop\SENA\Nueva carpeta\tests\Unit\ChatbotMessageProcessorTest.php" line="1064" class="Tests\Unit\ChatbotMessageProcessorTest" classname="Tests.Unit.ChatbotMessageProcessorTest" assertions="1" time="0.078631"/>
        <testcase name="test_procesar_mensaje_texto_con_error_en_sugerencias" file="C:\Users\ASUS\Desktop\SENA\Nueva carpeta\tests\Unit\ChatbotMessageProcessorTest.php" line="1124" class="Tests\Unit\ChatbotMessageProcessorTest" classname="Tests.Unit.ChatbotMessageProcessorTest" assertions="1" time="0.059270"/>
        <testcase name="test_procesar_mensaje_texto_fuera_de_tema_con_selecciones_y_dias" file="C:\Users\ASUS\Desktop\SENA\Nueva carpeta\tests\Unit\ChatbotMessageProcessorTest.php" line="1183" class="Tests\Unit\ChatbotMessageProcessorTest" classname="Tests.Unit.ChatbotMessageProcessorTest" assertions="0" time="0.051184">
          <error type="Mockery\Exception\BadMethodCallException">Tests\Unit\ChatbotMessageProcessorTest::test_procesar_mensaje_texto_fuera_de_tema_con_selecciones_y_dias&#13;
Mockery\Exception\BadMethodCallException: Received Mockery_3_App_Services_ChatbotIntentionDetector::detectarIntenciones(), but no expectations were specified
&#13;
C:\Users\ASUS\Desktop\SENA\Nueva carpeta\app\Services\ChatbotMessageProcessor.php:124
C:\Users\ASUS\Desktop\SENA\Nueva carpeta\app\Services\ChatbotMessageProcessor.php:63
C:\Users\ASUS\Desktop\SENA\Nueva carpeta\app\Services\ChatbotMessageProcessor.php:42
C:\Users\ASUS\Desktop\SENA\Nueva carpeta\tests\Unit\ChatbotMessageProcessorTest.php:1194</error>
        </testcase>
        <testcase name="test_procesar_mensaje_texto_con_detectar_intenciones_sesion_y_dias" file="C:\Users\ASUS\Desktop\SENA\Nueva carpeta\tests\Unit\ChatbotMessageProcessorTest.php" line="1208" class="Tests\Unit\ChatbotMessageProcessorTest" classname="Tests.Unit.ChatbotMessageProcessorTest" assertions="0" time="0.059192">
          <error type="Mockery\Exception\BadMethodCallException">Tests\Unit\ChatbotMessageProcessorTest::test_procesar_mensaje_texto_con_detectar_intenciones_sesion_y_dias&#13;
Mockery\Exception\BadMethodCallException: Received Mockery_3_App_Services_ChatbotIntentionDetector::validarIntencionesContraMensaje(), but no expectations were specified
&#13;
C:\Users\ASUS\Desktop\SENA\Nueva carpeta\app\Services\ChatbotMessageProcessor.php:76
C:\Users\ASUS\Desktop\SENA\Nueva carpeta\app\Services\ChatbotMessageProcessor.php:42
C:\Users\ASUS\Desktop\SENA\Nueva carpeta\tests\Unit\ChatbotMessageProcessorTest.php:1256</error>
        </testcase>
        <testcase name="test_procesar_mensaje_texto_buscar_subservicios_con_mensaje_corregido_vacio" file="C:\Users\ASUS\Desktop\SENA\Nueva carpeta\tests\Unit\ChatbotMessageProcessorTest.php" line="1269" class="Tests\Unit\ChatbotMessageProcessorTest" classname="Tests.Unit.ChatbotMessageProcessorTest" assertions="0" time="0.068927">
          <error type="Mockery\Exception\BadMethodCallException">Tests\Unit\ChatbotMessageProcessorTest::test_procesar_mensaje_texto_buscar_subservicios_con_mensaje_corregido_vacio&#13;
Mockery\Exception\BadMethodCallException: Received Mockery_3_App_Services_ChatbotIntentionDetector::clasificarPorTfidf(), but no expectations were specified
&#13;
C:\Users\ASUS\Desktop\SENA\Nueva carpeta\app\Services\ChatbotMessageProcessor.php:126
C:\Users\ASUS\Desktop\SENA\Nueva carpeta\app\Services\ChatbotMessageProcessor.php:63
C:\Users\ASUS\Desktop\SENA\Nueva carpeta\app\Services\ChatbotMessageProcessor.php:42
C:\Users\ASUS\Desktop\SENA\Nueva carpeta\tests\Unit\ChatbotMessageProcessorTest.php:1314</error>
        </testcase>
        <testcase name="test_procesar_mensaje_texto_responder_con_intenciones_sin_sugerencia_aplicada" file="C:\Users\ASUS\Desktop\SENA\Nueva carpeta\tests\Unit\ChatbotMessageProcessorTest.php" line="1329" class="Tests\Unit\ChatbotMessageProcessorTest" classname="Tests.Unit.ChatbotMessageProcessorTest" assertions="1" time="0.069611"/>
        <testcase name="test_procesar_mensaje_texto_obtener_sugerencias_con_error" file="C:\Users\ASUS\Desktop\SENA\Nueva carpeta\tests\Unit\ChatbotMessageProcessorTest.php" line="1386" class="Tests\Unit\ChatbotMessageProcessorTest" classname="Tests.Unit.ChatbotMessageProcessorTest" assertions="2" time="0.060394"/>
      </testsuite>
      <testsuite name="Tests\Unit\ChatbotResponseBuilderTest" file="C:\Users\ASUS\Desktop\SENA\Nueva carpeta\tests\Unit\ChatbotResponseBuilderTest.php" tests="32" assertions="71" errors="0" failures="0" skipped="0" time="1.947789">
        <testcase name="test_responder_con_opciones" file="C:\Users\ASUS\Desktop\SENA\Nueva carpeta\tests\Unit\ChatbotResponseBuilderTest.php" line="33" class="Tests\Unit\ChatbotResponseBuilderTest" classname="Tests.Unit.ChatbotResponseBuilderTest" assertions="3" time="0.055489"/>
        <testcase name="test_mostrar_catalogo_json_sin_dias" file="C:\Users\ASUS\Desktop\SENA\Nueva carpeta\tests\Unit\ChatbotResponseBuilderTest.php" line="49" class="Tests\Unit\ChatbotResponseBuilderTest" classname="Tests.Unit.ChatbotResponseBuilderTest" assertions="4" time="0.049719"/>
        <testcase name="test_mostrar_catalogo_json_con_dias" file="C:\Users\ASUS\Desktop\SENA\Nueva carpeta\tests\Unit\ChatbotResponseBuilderTest.php" line="60" class="Tests\Unit\ChatbotResponseBuilderTest" classname="Tests.Unit.ChatbotResponseBuilderTest" assertions="3" time="0.054720"/>
        <testcase name="test_responder_opciones" file="C:\Users\ASUS\Desktop\SENA\Nueva carpeta\tests\Unit\ChatbotResponseBuilderTest.php" line="74" class="Tests\Unit\ChatbotResponseBuilderTest" classname="Tests.Unit.ChatbotResponseBuilderTest" assertions="5" time="0.052478"/>
        <testcase name="test_solicitar_confirmacion_intencion_sin_hint" file="C:\Users\ASUS\Desktop\SENA\Nueva carpeta\tests\Unit\ChatbotResponseBuilderTest.php" line="95" class="Tests\Unit\ChatbotResponseBuilderTest" classname="Tests.Unit.ChatbotResponseBuilderTest" assertions="4" time="0.057466"/>
        <testcase name="test_solicitar_confirmacion_intencion_con_hint" file="C:\Users\ASUS\Desktop\SENA\Nueva carpeta\tests\Unit\ChatbotResponseBuilderTest.php" line="112" class="Tests\Unit\ChatbotResponseBuilderTest" classname="Tests.Unit.ChatbotResponseBuilderTest" assertions="2" time="0.051214"/>
        <testcase name="test_solicitar_confirmacion_intencion_con_dias" file="C:\Users\ASUS\Desktop\SENA\Nueva carpeta\tests\Unit\ChatbotResponseBuilderTest.php" line="129" class="Tests\Unit\ChatbotResponseBuilderTest" classname="Tests.Unit.ChatbotResponseBuilderTest" assertions="2" time="0.055909"/>
        <testcase name="test_mostrar_opciones_con_intenciones_sin_dias" file="C:\Users\ASUS\Desktop\SENA\Nueva carpeta\tests\Unit\ChatbotResponseBuilderTest.php" line="148" class="Tests\Unit\ChatbotResponseBuilderTest" classname="Tests.Unit.ChatbotResponseBuilderTest" assertions="2" time="0.066292"/>
        <testcase name="test_mostrar_opciones_con_intenciones_con_dias" file="C:\Users\ASUS\Desktop\SENA\Nueva carpeta\tests\Unit\ChatbotResponseBuilderTest.php" line="168" class="Tests\Unit\ChatbotResponseBuilderTest" classname="Tests.Unit.ChatbotResponseBuilderTest" assertions="2" time="0.063235"/>
        <testcase name="test_mostrar_opciones_con_intenciones_multiples_dias" file="C:\Users\ASUS\Desktop\SENA\Nueva carpeta\tests\Unit\ChatbotResponseBuilderTest.php" line="188" class="Tests\Unit\ChatbotResponseBuilderTest" classname="Tests.Unit.ChatbotResponseBuilderTest" assertions="2" time="0.067638"/>
        <testcase name="test_responder_cotizacion_un_dia" file="C:\Users\ASUS\Desktop\SENA\Nueva carpeta\tests\Unit\ChatbotResponseBuilderTest.php" line="212" class="Tests\Unit\ChatbotResponseBuilderTest" classname="Tests.Unit.ChatbotResponseBuilderTest" assertions="5" time="0.070284"/>
        <testcase name="test_responder_cotizacion_multiples_dias" file="C:\Users\ASUS\Desktop\SENA\Nueva carpeta\tests\Unit\ChatbotResponseBuilderTest.php" line="229" class="Tests\Unit\ChatbotResponseBuilderTest" classname="Tests.Unit.ChatbotResponseBuilderTest" assertions="5" time="0.073659"/>
        <testcase name="test_construir_detalle_cotizacion" file="C:\Users\ASUS\Desktop\SENA\Nueva carpeta\tests\Unit\ChatbotResponseBuilderTest.php" line="249" class="Tests\Unit\ChatbotResponseBuilderTest" classname="Tests.Unit.ChatbotResponseBuilderTest" assertions="7" time="0.068936"/>
        <testcase name="test_construir_detalle_cotizacion_con_array" file="C:\Users\ASUS\Desktop\SENA\Nueva carpeta\tests\Unit\ChatbotResponseBuilderTest.php" line="267" class="Tests\Unit\ChatbotResponseBuilderTest" classname="Tests.Unit.ChatbotResponseBuilderTest" assertions="2" time="0.067160"/>
        <testcase name="test_construir_detalle_cotizacion_mensaje_plural" file="C:\Users\ASUS\Desktop\SENA\Nueva carpeta\tests\Unit\ChatbotResponseBuilderTest.php" line="280" class="Tests\Unit\ChatbotResponseBuilderTest" classname="Tests.Unit.ChatbotResponseBuilderTest" assertions="2" time="0.065753"/>
        <testcase name="test_construir_detalle_cotizacion_mensaje_singular" file="C:\Users\ASUS\Desktop\SENA\Nueva carpeta\tests\Unit\ChatbotResponseBuilderTest.php" line="292" class="Tests\Unit\ChatbotResponseBuilderTest" classname="Tests.Unit.ChatbotResponseBuilderTest" assertions="1" time="0.068167"/>
        <testcase name="test_sub_servicios_query_estructura" file="C:\Users\ASUS\Desktop\SENA\Nueva carpeta\tests\Unit\ChatbotResponseBuilderTest.php" line="307" class="Tests\Unit\ChatbotResponseBuilderTest" classname="Tests.Unit.ChatbotResponseBuilderTest" assertions="1" time="0.068611"/>
        <testcase name="test_ordenar_sub_servicios_estructura" file="C:\Users\ASUS\Desktop\SENA\Nueva carpeta\tests\Unit\ChatbotResponseBuilderTest.php" line="314" class="Tests\Unit\ChatbotResponseBuilderTest" classname="Tests.Unit.ChatbotResponseBuilderTest" assertions="1" time="0.070529"/>
        <testcase name="test_formatear_opciones_con_items" file="C:\Users\ASUS\Desktop\SENA\Nueva carpeta\tests\Unit\ChatbotResponseBuilderTest.php" line="322" class="Tests\Unit\ChatbotResponseBuilderTest" classname="Tests.Unit.ChatbotResponseBuilderTest" assertions="2" time="0.073253"/>
        <testcase name="test_formatear_opciones_con_array" file="C:\Users\ASUS\Desktop\SENA\Nueva carpeta\tests\Unit\ChatbotResponseBuilderTest.php" line="346" class="Tests\Unit\ChatbotResponseBuilderTest" classname="Tests.Unit.ChatbotResponseBuilderTest" assertions="1" time="0.047559"/>
        <testcase name="test_construir_detalle_cotizacion_mostrar_dias_siempre" file="C:\Users\ASUS\Desktop\SENA\Nueva carpeta\tests\Unit\ChatbotResponseBuilderTest.php" line="359" class="Tests\Unit\ChatbotResponseBuilderTest" classname="Tests.Unit.ChatbotResponseBuilderTest" assertions="1" time="0.049143"/>
        <testcase name="test_responder_cotizacion_con_mostrar_dias_siempre" file="C:\Users\ASUS\Desktop\SENA\Nueva carpeta\tests\Unit\ChatbotResponseBuilderTest.php" line="370" class="Tests\Unit\ChatbotResponseBuilderTest" classname="Tests.Unit.ChatbotResponseBuilderTest" assertions="1" time="0.051056"/>
        <testcase name="test_solicitar_confirmacion_intencion_sin_dias" file="C:\Users\ASUS\Desktop\SENA\Nueva carpeta\tests\Unit\ChatbotResponseBuilderTest.php" line="382" class="Tests\Unit\ChatbotResponseBuilderTest" classname="Tests.Unit.ChatbotResponseBuilderTest" assertions="1" time="0.050254"/>
        <testcase name="test_solicitar_confirmacion_intencion_con_hint_vacio" file="C:\Users\ASUS\Desktop\SENA\Nueva carpeta\tests\Unit\ChatbotResponseBuilderTest.php" line="396" class="Tests\Unit\ChatbotResponseBuilderTest" classname="Tests.Unit.ChatbotResponseBuilderTest" assertions="1" time="0.057338"/>
        <testcase name="test_solicitar_confirmacion_intencion_con_hint_token_vacio" file="C:\Users\ASUS\Desktop\SENA\Nueva carpeta\tests\Unit\ChatbotResponseBuilderTest.php" line="410" class="Tests\Unit\ChatbotResponseBuilderTest" classname="Tests.Unit.ChatbotResponseBuilderTest" assertions="1" time="0.049557"/>
        <testcase name="test_responder_opciones_sin_dias" file="C:\Users\ASUS\Desktop\SENA\Nueva carpeta\tests\Unit\ChatbotResponseBuilderTest.php" line="426" class="Tests\Unit\ChatbotResponseBuilderTest" classname="Tests.Unit.ChatbotResponseBuilderTest" assertions="1" time="0.052730"/>
        <testcase name="test_construir_detalle_cotizacion_un_dia_sin_mostrar_total" file="C:\Users\ASUS\Desktop\SENA\Nueva carpeta\tests\Unit\ChatbotResponseBuilderTest.php" line="438" class="Tests\Unit\ChatbotResponseBuilderTest" classname="Tests.Unit.ChatbotResponseBuilderTest" assertions="2" time="0.056757"/>
        <testcase name="test_construir_detalle_cotizacion_multiples_dias_sin_mostrar_dias_siempre" file="C:\Users\ASUS\Desktop\SENA\Nueva carpeta\tests\Unit\ChatbotResponseBuilderTest.php" line="450" class="Tests\Unit\ChatbotResponseBuilderTest" classname="Tests.Unit.ChatbotResponseBuilderTest" assertions="1" time="0.056439"/>
        <testcase name="test_mostrar_catalogo_json_con_selecciones" file="C:\Users\ASUS\Desktop\SENA\Nueva carpeta\tests\Unit\ChatbotResponseBuilderTest.php" line="461" class="Tests\Unit\ChatbotResponseBuilderTest" classname="Tests.Unit.ChatbotResponseBuilderTest" assertions="1" time="0.063908"/>
        <testcase name="test_formatear_opciones_con_items_vacios" file="C:\Users\ASUS\Desktop\SENA\Nueva carpeta\tests\Unit\ChatbotResponseBuilderTest.php" line="477" class="Tests\Unit\ChatbotResponseBuilderTest" classname="Tests.Unit.ChatbotResponseBuilderTest" assertions="2" time="0.054821"/>
        <testcase name="test_formatear_opciones_con_multiple_servicios" file="C:\Users\ASUS\Desktop\SENA\Nueva carpeta\tests\Unit\ChatbotResponseBuilderTest.php" line="488" class="Tests\Unit\ChatbotResponseBuilderTest" classname="Tests.Unit.ChatbotResponseBuilderTest" assertions="2" time="0.075935"/>
        <testcase name="test_responder_cotizacion_con_items_array" file="C:\Users\ASUS\Desktop\SENA\Nueva carpeta\tests\Unit\ChatbotResponseBuilderTest.php" line="514" class="Tests\Unit\ChatbotResponseBuilderTest" classname="Tests.Unit.ChatbotResponseBuilderTest" assertions="1" time="0.081780"/>
      </testsuite>
      <testsuite name="Tests\Unit\ChatbotSessionManagerTest" file="C:\Users\ASUS\Desktop\SENA\Nueva carpeta\tests\Unit\ChatbotSessionManagerTest.php" tests="10" assertions="10" errors="0" failures="0" skipped="0" time="0.578750">
        <testcase name="test_limpiar_sesion_chat_limpia_selecciones" file="C:\Users\ASUS\Desktop\SENA\Nueva carpeta\tests\Unit\ChatbotSessionManagerTest.php" line="26" class="Tests\Unit\ChatbotSessionManagerTest" classname="Tests.Unit.ChatbotSessionManagerTest" assertions="1" time="0.068312"/>
        <testcase name="test_limpiar_sesion_chat_limpia_intenciones" file="C:\Users\ASUS\Desktop\SENA\Nueva carpeta\tests\Unit\ChatbotSessionManagerTest.php" line="33" class="Tests\Unit\ChatbotSessionManagerTest" classname="Tests.Unit.ChatbotSessionManagerTest" assertions="1" time="0.055755"/>
        <testcase name="test_limpiar_sesion_chat_limpia_days" file="C:\Users\ASUS\Desktop\SENA\Nueva carpeta\tests\Unit\ChatbotSessionManagerTest.php" line="40" class="Tests\Unit\ChatbotSessionManagerTest" classname="Tests.Unit.ChatbotSessionManagerTest" assertions="1" time="0.060091"/>
        <testcase name="test_obtener_dias_para_respuesta_con_dias" file="C:\Users\ASUS\Desktop\SENA\Nueva carpeta\tests\Unit\ChatbotSessionManagerTest.php" line="51" class="Tests\Unit\ChatbotSessionManagerTest" classname="Tests.Unit.ChatbotSessionManagerTest" assertions="1" time="0.056650"/>
        <testcase name="test_obtener_dias_para_respuesta_con_session" file="C:\Users\ASUS\Desktop\SENA\Nueva carpeta\tests\Unit\ChatbotSessionManagerTest.php" line="57" class="Tests\Unit\ChatbotSessionManagerTest" classname="Tests.Unit.ChatbotSessionManagerTest" assertions="1" time="0.056455"/>
        <testcase name="test_obtener_dias_para_respuesta_sin_dias" file="C:\Users\ASUS\Desktop\SENA\Nueva carpeta\tests\Unit\ChatbotSessionManagerTest.php" line="64" class="Tests\Unit\ChatbotSessionManagerTest" classname="Tests.Unit.ChatbotSessionManagerTest" assertions="1" time="0.055144"/>
        <testcase name="test_extraer_dias_del_request_con_numero" file="C:\Users\ASUS\Desktop\SENA\Nueva carpeta\tests\Unit\ChatbotSessionManagerTest.php" line="75" class="Tests\Unit\ChatbotSessionManagerTest" classname="Tests.Unit.ChatbotSessionManagerTest" assertions="1" time="0.060663"/>
        <testcase name="test_extraer_dias_del_request_con_palabras" file="C:\Users\ASUS\Desktop\SENA\Nueva carpeta\tests\Unit\ChatbotSessionManagerTest.php" line="87" class="Tests\Unit\ChatbotSessionManagerTest" classname="Tests.Unit.ChatbotSessionManagerTest" assertions="1" time="0.052198"/>
        <testcase name="test_extraer_dias_del_request_con_continuacion" file="C:\Users\ASUS\Desktop\SENA\Nueva carpeta\tests\Unit\ChatbotSessionManagerTest.php" line="99" class="Tests\Unit\ChatbotSessionManagerTest" classname="Tests.Unit.ChatbotSessionManagerTest" assertions="1" time="0.053020"/>
        <testcase name="test_extraer_dias_del_request_guarda_en_session" file="C:\Users\ASUS\Desktop\SENA\Nueva carpeta\tests\Unit\ChatbotSessionManagerTest.php" line="112" class="Tests\Unit\ChatbotSessionManagerTest" classname="Tests.Unit.ChatbotSessionManagerTest" assertions="1" time="0.060462"/>
      </testsuite>
      <testsuite name="Tests\Unit\ChatbotSubServicioServiceTest" file="C:\Users\ASUS\Desktop\SENA\Nueva carpeta\tests\Unit\ChatbotSubServicioServiceTest.php" tests="18" assertions="31" errors="0" failures="0" skipped="0" time="1.179763">
        <testcase name="test_obtener_sub_servicios_por_intenciones_vacio" file="C:\Users\ASUS\Desktop\SENA\Nueva carpeta\tests\Unit\ChatbotSubServicioServiceTest.php" line="37" class="Tests\Unit\ChatbotSubServicioServiceTest" classname="Tests.Unit.ChatbotSubServicioServiceTest" assertions="2" time="0.057945"/>
        <testcase name="test_obtener_sub_servicios_por_intenciones_con_servicio" file="C:\Users\ASUS\Desktop\SENA\Nueva carpeta\tests\Unit\ChatbotSubServicioServiceTest.php" line="45" class="Tests\Unit\ChatbotSubServicioServiceTest" classname="Tests.Unit.ChatbotSubServicioServiceTest" assertions="2" time="0.060156"/>
        <testcase name="test_obtener_sub_servicios_por_intenciones_multiples" file="C:\Users\ASUS\Desktop\SENA\Nueva carpeta\tests\Unit\ChatbotSubServicioServiceTest.php" line="65" class="Tests\Unit\ChatbotSubServicioServiceTest" classname="Tests.Unit.ChatbotSubServicioServiceTest" assertions="3" time="0.066496"/>
        <testcase name="test_obtener_items_seleccionados_vacio" file="C:\Users\ASUS\Desktop\SENA\Nueva carpeta\tests\Unit\ChatbotSubServicioServiceTest.php" line="101" class="Tests\Unit\ChatbotSubServicioServiceTest" classname="Tests.Unit.ChatbotSubServicioServiceTest" assertions="2" time="0.069126"/>
        <testcase name="test_obtener_items_seleccionados_con_ids" file="C:\Users\ASUS\Desktop\SENA\Nueva carpeta\tests\Unit\ChatbotSubServicioServiceTest.php" line="109" class="Tests\Unit\ChatbotSubServicioServiceTest" classname="Tests.Unit.ChatbotSubServicioServiceTest" assertions="3" time="0.068888"/>
        <testcase name="test_obtener_items_seleccionados_con_ids_inexistentes" file="C:\Users\ASUS\Desktop\SENA\Nueva carpeta\tests\Unit\ChatbotSubServicioServiceTest.php" line="137" class="Tests\Unit\ChatbotSubServicioServiceTest" classname="Tests.Unit.ChatbotSubServicioServiceTest" assertions="2" time="0.061825"/>
        <testcase name="test_buscar_sub_servicios_relacionados_por_mensaje" file="C:\Users\ASUS\Desktop\SENA\Nueva carpeta\tests\Unit\ChatbotSubServicioServiceTest.php" line="149" class="Tests\Unit\ChatbotSubServicioServiceTest" classname="Tests.Unit.ChatbotSubServicioServiceTest" assertions="1" time="0.073655"/>
        <testcase name="test_buscar_sub_servicios_relacionados_por_tokens" file="C:\Users\ASUS\Desktop\SENA\Nueva carpeta\tests\Unit\ChatbotSubServicioServiceTest.php" line="172" class="Tests\Unit\ChatbotSubServicioServiceTest" classname="Tests.Unit.ChatbotSubServicioServiceTest" assertions="1" time="0.060560"/>
        <testcase name="test_buscar_sub_servicios_relacionados_por_intenciones" file="C:\Users\ASUS\Desktop\SENA\Nueva carpeta\tests\Unit\ChatbotSubServicioServiceTest.php" line="195" class="Tests\Unit\ChatbotSubServicioServiceTest" classname="Tests.Unit.ChatbotSubServicioServiceTest" assertions="1" time="0.062865"/>
        <testcase name="test_buscar_sub_servicios_relacionados_limite_12" file="C:\Users\ASUS\Desktop\SENA\Nueva carpeta\tests\Unit\ChatbotSubServicioServiceTest.php" line="218" class="Tests\Unit\ChatbotSubServicioServiceTest" classname="Tests.Unit.ChatbotSubServicioServiceTest" assertions="3" time="0.077251"/>
        <testcase name="test_buscar_sub_servicios_relacionados_sin_resultados" file="C:\Users\ASUS\Desktop\SENA\Nueva carpeta\tests\Unit\ChatbotSubServicioServiceTest.php" line="245" class="Tests\Unit\ChatbotSubServicioServiceTest" classname="Tests.Unit.ChatbotSubServicioServiceTest" assertions="2" time="0.055723"/>
        <testcase name="test_buscar_sub_servicios_relacionados_por_mensaje_y_tokens" file="C:\Users\ASUS\Desktop\SENA\Nueva carpeta\tests\Unit\ChatbotSubServicioServiceTest.php" line="257" class="Tests\Unit\ChatbotSubServicioServiceTest" classname="Tests.Unit.ChatbotSubServicioServiceTest" assertions="1" time="0.069989"/>
        <testcase name="test_buscar_sub_servicios_relacionados_por_mensaje_y_intenciones" file="C:\Users\ASUS\Desktop\SENA\Nueva carpeta\tests\Unit\ChatbotSubServicioServiceTest.php" line="280" class="Tests\Unit\ChatbotSubServicioServiceTest" classname="Tests.Unit.ChatbotSubServicioServiceTest" assertions="1" time="0.080122"/>
        <testcase name="test_buscar_sub_servicios_relacionados_con_tokens_vacios" file="C:\Users\ASUS\Desktop\SENA\Nueva carpeta\tests\Unit\ChatbotSubServicioServiceTest.php" line="303" class="Tests\Unit\ChatbotSubServicioServiceTest" classname="Tests.Unit.ChatbotSubServicioServiceTest" assertions="1" time="0.067189"/>
        <testcase name="test_buscar_sub_servicios_relacionados_por_descripcion" file="C:\Users\ASUS\Desktop\SENA\Nueva carpeta\tests\Unit\ChatbotSubServicioServiceTest.php" line="326" class="Tests\Unit\ChatbotSubServicioServiceTest" classname="Tests.Unit.ChatbotSubServicioServiceTest" assertions="1" time="0.059877"/>
        <testcase name="test_obtener_items_seleccionados_con_relacion_servicio" file="C:\Users\ASUS\Desktop\SENA\Nueva carpeta\tests\Unit\ChatbotSubServicioServiceTest.php" line="349" class="Tests\Unit\ChatbotSubServicioServiceTest" classname="Tests.Unit.ChatbotSubServicioServiceTest" assertions="3" time="0.061557"/>
        <testcase name="test_buscar_sub_servicios_relacionados_mensaje_vacio_con_tokens_e_intenciones" file="C:\Users\ASUS\Desktop\SENA\Nueva carpeta\tests\Unit\ChatbotSubServicioServiceTest.php" line="370" class="Tests\Unit\ChatbotSubServicioServiceTest" classname="Tests.Unit.ChatbotSubServicioServiceTest" assertions="1" time="0.064809"/>
        <testcase name="test_buscar_sub_servicios_relacionados_mensaje_y_tokens_e_intenciones" file="C:\Users\ASUS\Desktop\SENA\Nueva carpeta\tests\Unit\ChatbotSubServicioServiceTest.php" line="393" class="Tests\Unit\ChatbotSubServicioServiceTest" classname="Tests.Unit.ChatbotSubServicioServiceTest" assertions="1" time="0.061730"/>
      </testsuite>
      <testsuite name="Tests\Unit\ChatbotSuggestionGeneratorTest" file="C:\Users\ASUS\Desktop\SENA\Nueva carpeta\tests\Unit\ChatbotSuggestionGeneratorTest.php" tests="43" assertions="67" errors="0" failures="0" skipped="0" time="2.678894">
        <testcase name="test_generar_sugerencias_con_mensaje_vacio" file="C:\Users\ASUS\Desktop\SENA\Nueva carpeta\tests\Unit\ChatbotSuggestionGeneratorTest.php" line="35" class="Tests\Unit\ChatbotSuggestionGeneratorTest" classname="Tests.Unit.ChatbotSuggestionGeneratorTest" assertions="1" time="0.070108"/>
        <testcase name="test_generar_sugerencias_con_mensaje_valido" file="C:\Users\ASUS\Desktop\SENA\Nueva carpeta\tests\Unit\ChatbotSuggestionGeneratorTest.php" line="42" class="Tests\Unit\ChatbotSuggestionGeneratorTest" classname="Tests.Unit.ChatbotSuggestionGeneratorTest" assertions="3" time="0.060233"/>
        <testcase name="test_generar_sugerencias_retorna_maximo_5" file="C:\Users\ASUS\Desktop\SENA\Nueva carpeta\tests\Unit\ChatbotSuggestionGeneratorTest.php" line="50" class="Tests\Unit\ChatbotSuggestionGeneratorTest" classname="Tests.Unit.ChatbotSuggestionGeneratorTest" assertions="3" time="0.063338"/>
        <testcase name="test_generar_sugerencias_con_fallback" file="C:\Users\ASUS\Desktop\SENA\Nueva carpeta\tests\Unit\ChatbotSuggestionGeneratorTest.php" line="58" class="Tests\Unit\ChatbotSuggestionGeneratorTest" classname="Tests.Unit.ChatbotSuggestionGeneratorTest" assertions="2" time="0.084539"/>
        <testcase name="test_generar_sugerencias_por_token_vacio" file="C:\Users\ASUS\Desktop\SENA\Nueva carpeta\tests\Unit\ChatbotSuggestionGeneratorTest.php" line="71" class="Tests\Unit\ChatbotSuggestionGeneratorTest" classname="Tests.Unit.ChatbotSuggestionGeneratorTest" assertions="2" time="0.063702"/>
        <testcase name="test_generar_sugerencias_por_token_con_mensaje" file="C:\Users\ASUS\Desktop\SENA\Nueva carpeta\tests\Unit\ChatbotSuggestionGeneratorTest.php" line="79" class="Tests\Unit\ChatbotSuggestionGeneratorTest" classname="Tests.Unit.ChatbotSuggestionGeneratorTest" assertions="4" time="0.057767"/>
        <testcase name="test_generar_sugerencias_por_token_filtra_stopwords" file="C:\Users\ASUS\Desktop\SENA\Nueva carpeta\tests\Unit\ChatbotSuggestionGeneratorTest.php" line="91" class="Tests\Unit\ChatbotSuggestionGeneratorTest" classname="Tests.Unit.ChatbotSuggestionGeneratorTest" assertions="1" time="0.059980"/>
        <testcase name="test_generar_sugerencias_por_token_filtra_genericos" file="C:\Users\ASUS\Desktop\SENA\Nueva carpeta\tests\Unit\ChatbotSuggestionGeneratorTest.php" line="98" class="Tests\Unit\ChatbotSuggestionGeneratorTest" classname="Tests.Unit.ChatbotSuggestionGeneratorTest" assertions="1" time="0.058165"/>
        <testcase name="test_fallback_token_hints_con_mensaje_vacio" file="C:\Users\ASUS\Desktop\SENA\Nueva carpeta\tests\Unit\ChatbotSuggestionGeneratorTest.php" line="109" class="Tests\Unit\ChatbotSuggestionGeneratorTest" classname="Tests.Unit.ChatbotSuggestionGeneratorTest" assertions="2" time="0.055728"/>
        <testcase name="test_fallback_token_hints_con_mensaje_corto" file="C:\Users\ASUS\Desktop\SENA\Nueva carpeta\tests\Unit\ChatbotSuggestionGeneratorTest.php" line="117" class="Tests\Unit\ChatbotSuggestionGeneratorTest" classname="Tests.Unit.ChatbotSuggestionGeneratorTest" assertions="1" time="0.055896"/>
        <testcase name="test_fallback_token_hints_con_mensaje_valido" file="C:\Users\ASUS\Desktop\SENA\Nueva carpeta\tests\Unit\ChatbotSuggestionGeneratorTest.php" line="124" class="Tests\Unit\ChatbotSuggestionGeneratorTest" classname="Tests.Unit.ChatbotSuggestionGeneratorTest" assertions="4" time="0.054506"/>
        <testcase name="test_fallback_token_hints_filtra_tokens_cortos" file="C:\Users\ASUS\Desktop\SENA\Nueva carpeta\tests\Unit\ChatbotSuggestionGeneratorTest.php" line="136" class="Tests\Unit\ChatbotSuggestionGeneratorTest" classname="Tests.Unit.ChatbotSuggestionGeneratorTest" assertions="1" time="0.067205"/>
        <testcase name="test_extraer_mejor_sugerencia_vacio" file="C:\Users\ASUS\Desktop\SENA\Nueva carpeta\tests\Unit\ChatbotSuggestionGeneratorTest.php" line="147" class="Tests\Unit\ChatbotSuggestionGeneratorTest" classname="Tests.Unit.ChatbotSuggestionGeneratorTest" assertions="2" time="0.053007"/>
        <testcase name="test_extraer_mejor_sugerencia_sin_token" file="C:\Users\ASUS\Desktop\SENA\Nueva carpeta\tests\Unit\ChatbotSuggestionGeneratorTest.php" line="155" class="Tests\Unit\ChatbotSuggestionGeneratorTest" classname="Tests.Unit.ChatbotSuggestionGeneratorTest" assertions="1" time="0.055237"/>
        <testcase name="test_extraer_mejor_sugerencia_con_datos" file="C:\Users\ASUS\Desktop\SENA\Nueva carpeta\tests\Unit\ChatbotSuggestionGeneratorTest.php" line="162" class="Tests\Unit\ChatbotSuggestionGeneratorTest" classname="Tests.Unit.ChatbotSuggestionGeneratorTest" assertions="3" time="0.058315"/>
        <testcase name="test_extraer_mejor_sugerencia_sin_sugerencias" file="C:\Users\ASUS\Desktop\SENA\Nueva carpeta\tests\Unit\ChatbotSuggestionGeneratorTest.php" line="180" class="Tests\Unit\ChatbotSuggestionGeneratorTest" classname="Tests.Unit.ChatbotSuggestionGeneratorTest" assertions="1" time="0.059811"/>
        <testcase name="test_obtener_vocabulario_correccion_incluye_keywords_base" file="C:\Users\ASUS\Desktop\SENA\Nueva carpeta\tests\Unit\ChatbotSuggestionGeneratorTest.php" line="198" class="Tests\Unit\ChatbotSuggestionGeneratorTest" classname="Tests.Unit.ChatbotSuggestionGeneratorTest" assertions="1" time="0.057986"/>
[...]
#72 {main}

Next Illuminate\View\ViewException: Vite manifest not found at: C:\Users\ASUS\Desktop\SENA\Nueva carpeta\public\build/manifest.json (View: C:\Users\ASUS\Desktop\SENA\Nueva carpeta\resources\views\usuarios\subservicios.blade.php) in C:\Users\ASUS\Desktop\SENA\Nueva carpeta\vendor\laravel\framework\src\Illuminate\Foundation\Vite.php:935
Stack trace:
#0 C:\Users\ASUS\Desktop\SENA\Nueva carpeta\vendor\laravel\framework\src\Illuminate\View\Engines\PhpEngine.php(59): Illuminate\View\Engines\CompilerEngine-&gt;handleViewException(Object(Illuminate\Foundation\ViteManifestNotFoundException), 1)
#1 C:\Users\ASUS\Desktop\SENA\Nueva carpeta\vendor\laravel\framework\src\Illuminate\View\Engines\CompilerEngine.php(76): Illuminate\View\Engines\PhpEngine-&gt;evaluatePath('C:\\Users\\ASUS\\D...', Array)
#2 C:\Users\ASUS\Desktop\SENA\Nueva carpeta\vendor\laravel\framework\src\Illuminate\View\View.php(208): Illuminate\View\Engines\CompilerEngine-&gt;get('C:\\Users\\ASUS\\D...', Array)
#3 C:\Users\ASUS\Desktop\SENA\Nueva carpeta\vendor\laravel\framework\src\Illuminate\View\View.php(191): Illuminate\View\View-&gt;getContents()
#4 C:\Users\ASUS\Desktop\SENA\Nueva carpeta\vendor\laravel\framework\src\Illuminate\View\View.php(160): Illuminate\View\View-&gt;renderContents()
#5 C:\Users\ASUS\Desktop\SENA\Nueva carpeta\vendor\laravel\framework\src\Illuminate\Http\Response.php(78): Illuminate\View\View-&gt;render()
#6 C:\Users\ASUS\Desktop\SENA\Nueva carpeta\vendor\laravel\framework\src\Illuminate\Http\Response.php(34): Illuminate\Http\Response-&gt;setContent(Object(Illuminate\View\View))
#7 C:\Users\ASUS\Desktop\SENA\Nueva carpeta\vendor\laravel\framework\src\Illuminate\Routing\Router.php(925): Illuminate\Http\Response-&gt;__construct(Object(Illuminate\View\View), 200, Array)
#8 C:\Users\ASUS\Desktop\SENA\Nueva carpeta\vendor\laravel\framework\src\Illuminate\Routing\Router.php(892): Illuminate\Routing\Router::toResponse(Object(Illuminate\Http\Request), Object(Illuminate\View\View))
#9 C:\Users\ASUS\Desktop\SENA\Nueva carpeta\vendor\laravel\framework\src\Illuminate\Routing\Router.php(807): Illuminate\Routing\Router-&gt;prepareResponse(Object(Illuminate\Http\Request), Object(Illuminate\View\View))
#10 C:\Users\ASUS\Desktop\SENA\Nueva carpeta\vendor\laravel\framework\src\Illuminate\Pipeline\Pipeline.php(169): Illuminate\Routing\Router-&gt;Illuminate\Routing\{closure}(Object(Illuminate\Http\Request))
#11 C:\Users\ASUS\Desktop\SENA\Nueva carpeta\app\Http\Middleware\RoleMiddleware.php(58): Illuminate\Pipeline\Pipeline-&gt;Illuminate\Pipeline\{closure}(Object(Illuminate\Http\Request))
#12 C:\Users\ASUS\Desktop\SENA\Nueva carpeta\vendor\laravel\framework\src\Illuminate\Pipeline\Pipeline.php(208): App\Http\Middleware\RoleMiddleware-&gt;handle(Object(Illuminate\Http\Request), Object(Closure), 'Superadmin', 'Admin')
#13 C:\Users\ASUS\Desktop\SENA\Nueva carpeta\vendor\laravel\framework\src\Illuminate\Routing\Middleware\SubstituteBindings.php(50): Illuminate\Pipeline\Pipeline-&gt;Illuminate\Pipeline\{closure}(Object(Illuminate\Http\Request))
#14 C:\Users\ASUS\Desktop\SENA\Nueva carpeta\vendor\laravel\framework\src\Illuminate\Pipeline\Pipeline.php(208): Illuminate\Routing\Middleware\SubstituteBindings-&gt;handle(Object(Illuminate\Http\Request), Object(Closure))
#15 C:\Users\ASUS\Desktop\SENA\Nueva carpeta\vendor\laravel\framework\src\Illuminate\Foundation\Http\Middleware\VerifyCsrfToken.php(87): Illuminate\Pipeline\Pipeline-&gt;Illuminate\Pipeline\{closure}(Object(Illuminate\Http\Request))
#16 C:\Users\ASUS\Desktop\SENA\Nueva carpeta\vendor\laravel\framework\src\Illuminate\Pipeline\Pipeline.php(208): Illuminate\Foundation\Http\Middleware\VerifyCsrfToken-&gt;handle(Object(Illuminate\Http\Request), Object(Closure))
#17 C:\Users\ASUS\Desktop\SENA\Nueva carpeta\vendor\laravel\framework\src\Illuminate\View\Middleware\ShareErrorsFromSession.php(48): Illuminate\Pipeline\Pipeline-&gt;Illuminate\Pipeline\{closure}(Object(Illuminate\Http\Request))
#18 C:\Users\ASUS\Desktop\SENA\Nueva carpeta\vendor\laravel\framework\src\Illuminate\Pipeline\Pipeline.php(208): Illuminate\View\Middleware\ShareErrorsFromSession-&gt;handle(Object(Illuminate\Http\Request), Object(Closure))
#19 C:\Users\ASUS\Desktop\SENA\Nueva carpeta\vendor\laravel\framework\src\Illuminate\Session\Middleware\StartSession.php(120): Illuminate\Pipeline\Pipeline-&gt;Illuminate\Pipeline\{closure}(Object(Illuminate\Http\Request))
#20 C:\Users\ASUS\Desktop\SENA\Nueva carpeta\vendor\laravel\framework\src\Illuminate\Session\Middleware\StartSession.php(63): Illuminate\Session\Middleware\StartSession-&gt;handleStatefulRequest(Object(Illuminate\Http\Request), Object(Illuminate\Session\Store), Object(Closure))
#21 C:\Users\ASUS\Desktop\SENA\Nueva carpeta\vendor\laravel\framework\src\Illuminate\Pipeline\Pipeline.php(208): Illuminate\Session\Middleware\StartSession-&gt;handle(Object(Illuminate\Http\Request), Object(Closure))
#22 C:\Users\ASUS\Desktop\SENA\Nueva carpeta\vendor\laravel\framework\src\Illuminate\Cookie\Middleware\AddQueuedCookiesToResponse.php(36): Illuminate\Pipeline\Pipeline-&gt;Illuminate\Pipeline\{closure}(Object(Illuminate\Http\Request))
#23 C:\Users\ASUS\Desktop\SENA\Nueva carpeta\vendor\laravel\framework\src\Illuminate\Pipeline\Pipeline.php(208): Illuminate\Cookie\Middleware\AddQueuedCookiesToResponse-&gt;handle(Object(Illuminate\Http\Request), Object(Closure))
#24 C:\Users\ASUS\Desktop\SENA\Nueva carpeta\vendor\laravel\framework\src\Illuminate\Cookie\Middleware\EncryptCookies.php(74): Illuminate\Pipeline\Pipeline-&gt;Illuminate\Pipeline\{closure}(Object(Illuminate\Http\Request))
#25 C:\Users\ASUS\Desktop\SENA\Nueva carpeta\vendor\laravel\framework\src\Illuminate\Pipeline\Pipeline.php(208): Illuminate\Cookie\Middleware\EncryptCookies-&gt;handle(Object(Illuminate\Http\Request), Object(Closure))
#26 C:\Users\ASUS\Desktop\SENA\Nueva carpeta\vendor\laravel\framework\src\Illuminate\Pipeline\Pipeline.php(126): Illuminate\Pipeline\Pipeline-&gt;Illuminate\Pipeline\{closure}(Object(Illuminate\Http\Request))
#27 C:\Users\ASUS\Desktop\SENA\Nueva carpeta\vendor\laravel\framework\src\Illuminate\Routing\Router.php(807): Illuminate\Pipeline\Pipeline-&gt;then(Object(Closure))
#28 C:\Users\ASUS\Desktop\SENA\Nueva carpeta\vendor\laravel\framework\src\Illuminate\Routing\Router.php(786): Illuminate\Routing\Router-&gt;runRouteWithinStack(Object(Illuminate\Routing\Route), Object(Illuminate\Http\Request))
#29 C:\Users\ASUS\Desktop\SENA\Nueva carpeta\vendor\laravel\framework\src\Illuminate\Routing\Router.php(750): Illuminate\Routing\Router-&gt;runRoute(Object(Illuminate\Http\Request), Object(Illuminate\Routing\Route))
#30 C:\Users\ASUS\Desktop\SENA\Nueva carpeta\vendor\laravel\framework\src\Illuminate\Routing\Router.php(739): Illuminate\Routing\Router-&gt;dispatchToRoute(Object(Illuminate\Http\Request))
#31 C:\Users\ASUS\Desktop\SENA\Nueva carpeta\vendor\laravel\framework\src\Illuminate\Foundation\Http\Kernel.php(200): Illuminate\Routing\Router-&gt;dispatch(Object(Illuminate\Http\Request))
#32 C:\Users\ASUS\Desktop\SENA\Nueva carpeta\vendor\laravel\framework\src\Illuminate\Pipeline\Pipeline.php(169): Illuminate\Foundation\Http\Kernel-&gt;Illuminate\Foundation\Http\{closure}(Object(Illuminate\Http\Request))
#33 C:\Users\ASUS\Desktop\SENA\Nueva carpeta\vendor\laravel\framework\src\Illuminate\Foundation\Http\Middleware\TransformsRequest.php(21): Illuminate\Pipeline\Pipeline-&gt;Illuminate\Pipeline\{closure}(Object(Illuminate\Http\Request))
#34 C:\Users\ASUS\Desktop\SENA\Nueva carpeta\vendor\laravel\framework\src\Illuminate\Foundation\Http\Middleware\ConvertEmptyStringsToNull.php(31): Illuminate\Foundation\Http\Middleware\TransformsRequest-&gt;handle(Object(Illuminate\Http\Request), Object(Closure))
#35 C:\Users\ASUS\Desktop\SENA\Nueva carpeta\vendor\laravel\framework\src\Illuminate\Pipeline\Pipeline.php(208): Illuminate\Foundation\Http\Middleware\ConvertEmptyStringsToNull-&gt;handle(Object(Illuminate\Http\Request), Object(Closure))
#36 C:\Users\ASUS\Desktop\SENA\Nueva carpeta\vendor\laravel\framework\src\Illuminate\Foundation\Http\Middleware\TransformsRequest.php(21): Illuminate\Pipeline\Pipeline-&gt;Illuminate\Pipeline\{closure}(Object(Illuminate\Http\Request))
#37 C:\Users\ASUS\Desktop\SENA\Nueva carpeta\vendor\laravel\framework\src\Illuminate\Foundation\Http\Middleware\TrimStrings.php(51): Illuminate\Foundation\Http\Middleware\TransformsRequest-&gt;handle(Object(Illuminate\Http\Request), Object(Closure))
#38 C:\Users\ASUS\Desktop\SENA\Nueva carpeta\vendor\laravel\framework\src\Illuminate\Pipeline\Pipeline.php(208): Illuminate\Foundation\Http\Middleware\TrimStrings-&gt;handle(Object(Illuminate\Http\Request), Object(Closure))
#39 C:\Users\ASUS\Desktop\SENA\Nueva carpeta\vendor\laravel\framework\src\Illuminate\Http\Middleware\ValidatePostSize.php(27): Illuminate\Pipeline\Pipeline-&gt;Illuminate\Pipeline\{closure}(Object(Illuminate\Http\Request))
#40 C:\Users\ASUS\Desktop\SENA\Nueva carpeta\vendor\laravel\framework\src\Illuminate\Pipeline\Pipeline.php(208): Illuminate\Http\Middleware\ValidatePostSize-&gt;handle(Object(Illuminate\Http\Request), Object(Closure))
#41 C:\Users\ASUS\Desktop\SENA\Nueva carpeta\vendor\laravel\framework\src\Illuminate\Foundation\Http\Middleware\PreventRequestsDuringMaintenance.php(109): Illuminate\Pipeline\Pipeline-&gt;Illuminate\Pipeline\{closure}(Object(Illuminate\Http\Request))
#42 C:\Users\ASUS\Desktop\SENA\Nueva carpeta\vendor\laravel\framework\src\Illuminate\Pipeline\Pipeline.php(208): Illuminate\Foundation\Http\Middleware\PreventRequestsDuringMaintenance-&gt;handle(Object(Illuminate\Http\Request), Object(Closure))
#43 C:\Users\ASUS\Desktop\SENA\Nueva carpeta\vendor\laravel\framework\src\Illuminate\Http\Middleware\HandleCors.php(48): Illuminate\Pipeline\Pipeline-&gt;Illuminate\Pipeline\{closure}(Object(Illuminate\Http\Request))
#44 C:\Users\ASUS\Desktop\SENA\Nueva carpeta\vendor\laravel\framework\src\Illuminate\Pipeline\Pipeline.php(208): Illuminate\Http\Middleware\HandleCors-&gt;handle(Object(Illuminate\Http\Request), Object(Closure))
#45 C:\Users\ASUS\Desktop\SENA\Nueva carpeta\vendor\laravel\framework\src\Illuminate\Http\Middleware\TrustProxies.php(58): Illuminate\Pipeline\Pipeline-&gt;Illuminate\Pipeline\{closure}(Object(Illuminate\Http\Request))
#46 C:\Users\ASUS\Desktop\SENA\Nueva carpeta\vendor\laravel\framework\src\Illuminate\Pipeline\Pipeline.php(208): Illuminate\Http\Middleware\TrustProxies-&gt;handle(Object(Illuminate\Http\Request), Object(Closure))
#47 C:\Users\ASUS\Desktop\SENA\Nueva carpeta\vendor\laravel\framework\src\Illuminate\Foundation\Http\Middleware\InvokeDeferredCallbacks.php(22): Illuminate\Pipeline\Pipeline-&gt;Illuminate\Pipeline\{closure}(Object(Illuminate\Http\Request))
#48 C:\Users\ASUS\Desktop\SENA\Nueva carpeta\vendor\laravel\framework\src\Illuminate\Pipeline\Pipeline.php(208): Illuminate\Foundation\Http\Middleware\InvokeDeferredCallbacks-&gt;handle(Object(Illuminate\Http\Request), Object(Closure))
#49 C:\Users\ASUS\Desktop\SENA\Nueva carpeta\vendor\laravel\framework\src\Illuminate\Http\Middleware\ValidatePathEncoding.php(26): Illuminate\Pipeline\Pipeline-&gt;Illuminate\Pipeline\{closure}(Object(Illuminate\Http\Request))
#50 C:\Users\ASUS\Desktop\SENA\Nueva carpeta\vendor\laravel\framework\src\Illuminate\Pipeline\Pipeline.php(208): Illuminate\Http\Middleware\ValidatePathEncoding-&gt;handle(Object(Illuminate\Http\Request), Object(Closure))
#51 C:\Users\ASUS\Desktop\SENA\Nueva carpeta\vendor\laravel\framework\src\Illuminate\Pipeline\Pipeline.php(126): Illuminate\Pipeline\Pipeline-&gt;Illuminate\Pipeline\{closure}(Object(Illuminate\Http\Request))
#52 C:\Users\ASUS\Desktop\SENA\Nueva carpeta\vendor\laravel\framework\src\Illuminate\Foundation\Http\Kernel.php(175): Illuminate\Pipeline\Pipeline-&gt;then(Object(Closure))
#53 C:\Users\ASUS\Desktop\SENA\Nueva carpeta\vendor\laravel\framework\src\Illuminate\Foundation\Http\Kernel.php(144): Illuminate\Foundation\Http\Kernel-&gt;sendRequestThroughRouter(Object(Illuminate\Http\Request))
#54 C:\Users\ASUS\Desktop\SENA\Nueva carpeta\vendor\laravel\framework\src\Illuminate\Foundation\Testing\Concerns\MakesHttpRequests.php(607): Illuminate\Foundation\Http\Kernel-&gt;handle(Object(Illuminate\Http\Request))
#55 C:\Users\ASUS\Desktop\SENA\Nueva carpeta\vendor\laravel\framework\src\Illuminate\Foundation\Testing\Concerns\MakesHttpRequests.php(368): Illuminate\Foundation\Testing\TestCase-&gt;call('GET', '/subservicios', Array, Array, Array, Array)
#56 C:\Users\ASUS\Desktop\SENA\Nueva carpeta\tests\Feature\SubServiciosCrudTest.php(94): Illuminate\Foundation\Testing\TestCase-&gt;get('/subservicios')
#57 C:\Users\ASUS\Desktop\SENA\Nueva carpeta\vendor\phpunit\phpunit\src\Framework\TestCase.php(1656): Tests\Feature\SubServiciosCrudTest-&gt;test_index_lista_subservicios()
#58 C:\Users\ASUS\Desktop\SENA\Nueva carpeta\vendor\phpunit\phpunit\src\Framework\TestCase.php(514): PHPUnit\Framework\TestCase-&gt;runTest()
#59 C:\Users\ASUS\Desktop\SENA\Nueva carpeta\vendor\phpunit\phpunit\src\Framework\TestRunner\TestRunner.php(87): PHPUnit\Framework\TestCase-&gt;runBare()
#60 C:\Users\ASUS\Desktop\SENA\Nueva carpeta\vendor\phpunit\phpunit\src\Framework\TestCase.php(361): PHPUnit\Framework\TestRunner-&gt;run(Object(Tests\Feature\SubServiciosCrudTest))
#61 C:\Users\ASUS\Desktop\SENA\Nueva carpeta\vendor\phpunit\phpunit\src\Framework\TestSuite.php(369): PHPUnit\Framework\TestCase-&gt;run()
#62 C:\Users\ASUS\Desktop\SENA\Nueva carpeta\vendor\phpunit\phpunit\src\Framework\TestSuite.php(369): PHPUnit\Framework\TestSuite-&gt;run()
#63 C:\Users\ASUS\Desktop\SENA\Nueva carpeta\vendor\phpunit\phpunit\src\Framework\TestSuite.php(369): PHPUnit\Framework\TestSuite-&gt;run()
#64 C:\Users\ASUS\Desktop\SENA\Nueva carpeta\vendor\phpunit\phpunit\src\TextUI\TestRunner.php(64): PHPUnit\Framework\TestSuite-&gt;run()
#65 C:\Users\ASUS\Desktop\SENA\Nueva carpeta\vendor\phpunit\phpunit\src\TextUI\Application.php(210): PHPUnit\TextUI\TestRunner-&gt;run(Object(PHPUnit\TextUI\Configuration\Configuration), Object(PHPUnit\Runner\ResultCache\DefaultResultCache), Object(PHPUnit\Framework\TestSuite))
#66 C:\Users\ASUS\Desktop\SENA\Nueva carpeta\vendor\phpunit\phpunit\phpunit(104): PHPUnit\TextUI\Application-&gt;run(Array)
#67 C:\Users\ASUS\Desktop\SENA\Nueva carpeta\vendor\bin\phpunit(122): include('C:\\Users\\ASUS\\D...')
#68 {main}

----------------------------------------------------------------------------------

Vite manifest not found at: C:\Users\ASUS\Desktop\SENA\Nueva carpeta\public\build/manifest.json (View: C:\Users\ASUS\Desktop\SENA\Nueva carpeta\resources\views\usuarios\subservicios.blade.php)
&#13;
C:\Users\ASUS\Desktop\SENA\Nueva carpeta\vendor\laravel\framework\src\Illuminate\Testing\TestResponseAssert.php:45
C:\Users\ASUS\Desktop\SENA\Nueva carpeta\vendor\laravel\framework\src\Illuminate\Testing\TestResponse.php:174
C:\Users\ASUS\Desktop\SENA\Nueva carpeta\tests\Feature\SubServiciosCrudTest.php:96</failure>
        </testcase>
        <testcase name="test_store_crea_subservicio_exitoso" file="C:\Users\ASUS\Desktop\SENA\Nueva carpeta\tests\Feature\SubServiciosCrudTest.php" line="103" class="Tests\Feature\SubServiciosCrudTest" classname="Tests.Feature.SubServiciosCrudTest" assertions="4" time="0.073363"/>
        <testcase name="test_store_crea_subservicio_con_imagen" file="C:\Users\ASUS\Desktop\SENA\Nueva carpeta\tests\Feature\SubServiciosCrudTest.php" line="129" class="Tests\Feature\SubServiciosCrudTest" classname="Tests.Feature.SubServiciosCrudTest" assertions="0" time="0.051254">
          <skipped/>
        </testcase>
        <testcase name="test_store_validacion_servicios_id_requerido" file="C:\Users\ASUS\Desktop\SENA\Nueva carpeta\tests\Feature\SubServiciosCrudTest.php" line="161" class="Tests\Feature\SubServiciosCrudTest" classname="Tests.Feature.SubServiciosCrudTest" assertions="2" time="0.074123"/>
        <testcase name="test_store_validacion_servicios_id_existe" file="C:\Users\ASUS\Desktop\SENA\Nueva carpeta\tests\Feature\SubServiciosCrudTest.php" line="173" class="Tests\Feature\SubServiciosCrudTest" classname="Tests.Feature.SubServiciosCrudTest" assertions="2" time="0.070070"/>
        <testcase name="test_store_validacion_nombre_requerido" file="C:\Users\ASUS\Desktop\SENA\Nueva carpeta\tests\Feature\SubServiciosCrudTest.php" line="186" class="Tests\Feature\SubServiciosCrudTest" classname="Tests.Feature.SubServiciosCrudTest" assertions="2" time="0.081779"/>
        <testcase name="test_store_validacion_precio_requerido" file="C:\Users\ASUS\Desktop\SENA\Nueva carpeta\tests\Feature\SubServiciosCrudTest.php" line="203" class="Tests\Feature\SubServiciosCrudTest" classname="Tests.Feature.SubServiciosCrudTest" assertions="2" time="0.072945"/>
        <testcase name="test_store_validacion_precio_minimo" file="C:\Users\ASUS\Desktop\SENA\Nueva carpeta\tests\Feature\SubServiciosCrudTest.php" line="220" class="Tests\Feature\SubServiciosCrudTest" classname="Tests.Feature.SubServiciosCrudTest" assertions="2" time="0.071573"/>
        <testcase name="test_show_retorna_vista_subservicio" file="C:\Users\ASUS\Desktop\SENA\Nueva carpeta\tests\Feature\SubServiciosCrudTest.php" line="242" class="Tests\Feature\SubServiciosCrudTest" classname="Tests.Feature.SubServiciosCrudTest" assertions="1" time="0.080480"/>
        <testcase name="test_show_subservicio_no_existe" file="C:\Users\ASUS\Desktop\SENA\Nueva carpeta\tests\Feature\SubServiciosCrudTest.php" line="263" class="Tests\Feature\SubServiciosCrudTest" classname="Tests.Feature.SubServiciosCrudTest" assertions="1" time="0.100166"/>
        <testcase name="test_update_actualiza_subservicio" file="C:\Users\ASUS\Desktop\SENA\Nueva carpeta\tests\Feature\SubServiciosCrudTest.php" line="276" class="Tests\Feature\SubServiciosCrudTest" classname="Tests.Feature.SubServiciosCrudTest" assertions="4" time="0.110126"/>
        <testcase name="test_update_actualiza_imagen" file="C:\Users\ASUS\Desktop\SENA\Nueva carpeta\tests\Feature\SubServiciosCrudTest.php" line="310" class="Tests\Feature\SubServiciosCrudTest" classname="Tests.Feature.SubServiciosCrudTest" assertions="0" time="0.058097">
          <skipped/>
        </testcase>
        <testcase name="test_destroy_elimina_subservicio" file="C:\Users\ASUS\Desktop\SENA\Nueva carpeta\tests\Feature\SubServiciosCrudTest.php" line="352" class="Tests\Feature\SubServiciosCrudTest" classname="Tests.Feature.SubServiciosCrudTest" assertions="4" time="0.107074"/>
        <testcase name="test_destroy_elimina_imagen_al_eliminar_subservicio" file="C:\Users\ASUS\Desktop\SENA\Nueva carpeta\tests\Feature\SubServiciosCrudTest.php" line="378" class="Tests\Feature\SubServiciosCrudTest" classname="Tests.Feature.SubServiciosCrudTest" assertions="3" time="0.110948"/>
        <testcase name="test_destroy_subservicio_no_existe" file="C:\Users\ASUS\Desktop\SENA\Nueva carpeta\tests\Feature\SubServiciosCrudTest.php" line="403" class="Tests\Feature\SubServiciosCrudTest" classname="Tests.Feature.SubServiciosCrudTest" assertions="1" time="0.109798">
          <failure type="PHPUnit\Framework\ExpectationFailedException">Tests\Feature\SubServiciosCrudTest::test_destroy_subservicio_no_existe&#13;
Expected response status code [404] but received 302.
Failed asserting that 302 is identical to 404.
&#13;
C:\Users\ASUS\Desktop\SENA\Nueva carpeta\vendor\laravel\framework\src\Illuminate\Testing\TestResponseAssert.php:45
C:\Users\ASUS\Desktop\SENA\Nueva carpeta\vendor\laravel\framework\src\Illuminate\Testing\TestResponse.php:174
C:\Users\ASUS\Desktop\SENA\Nueva carpeta\tests\Feature\SubServiciosCrudTest.php:409</failure>
        </testcase>
        <testcase name="test_index_requiere_rol_admin" file="C:\Users\ASUS\Desktop\SENA\Nueva carpeta\tests\Feature\SubServiciosCrudTest.php" line="416" class="Tests\Feature\SubServiciosCrudTest" classname="Tests.Feature.SubServiciosCrudTest" assertions="1" time="0.068662"/>
      </testsuite>
    </testsuite>
  </testsuite>
</testsuites>
