<?xml version="1.0" encoding="UTF-8"?>
<testsuites>
  <testsuite name="C:\Users\ASUS\Desktop\SENA\Nueva carpeta\phpunit.xml" tests="106" assertions="166" errors="32" failures="0" skipped="0" time="30.031756">
    <testsuite name="Unit" tests="105" assertions="166" errors="31" failures="0" skipped="0" time="2.564793">
      <testsuite name="Tests\Unit\AjustesControllerUnitTest" file="C:\Users\ASUS\Desktop\SENA\Nueva carpeta\tests\Unit\AjustesControllerUnitTest.php" tests="5" assertions="11" errors="0" failures="0" skipped="0" time="1.387779">
        <testcase name="test_group_by_opciones_validas" file="C:\Users\ASUS\Desktop\SENA\Nueva carpeta\tests\Unit\AjustesControllerUnitTest.php" line="27" class="Tests\Unit\AjustesControllerUnitTest" classname="Tests.Unit.AjustesControllerUnitTest" assertions="3" time="1.091976"/>
        <testcase name="test_tab_opciones_validas" file="C:\Users\ASUS\Desktop\SENA\Nueva carpeta\tests\Unit\AjustesControllerUnitTest.php" line="37" class="Tests\Unit\AjustesControllerUnitTest" classname="Tests.Unit.AjustesControllerUnitTest" assertions="3" time="0.049693"/>
        <testcase name="test_active_tab_default" file="C:\Users\ASUS\Desktop\SENA\Nueva carpeta\tests\Unit\AjustesControllerUnitTest.php" line="47" class="Tests\Unit\AjustesControllerUnitTest" classname="Tests.Unit.AjustesControllerUnitTest" assertions="1" time="0.069856"/>
        <testcase name="test_active_tab_con_group_by" file="C:\Users\ASUS\Desktop\SENA\Nueva carpeta\tests\Unit\AjustesControllerUnitTest.php" line="56" class="Tests\Unit\AjustesControllerUnitTest" classname="Tests.Unit.AjustesControllerUnitTest" assertions="1" time="0.000238"/>
        <testcase name="test_formato_fecha_estructura" file="C:\Users\ASUS\Desktop\SENA\Nueva carpeta\tests\Unit\AjustesControllerUnitTest.php" line="65" class="Tests\Unit\AjustesControllerUnitTest" classname="Tests.Unit.AjustesControllerUnitTest" assertions="3" time="0.176016"/>
      </testsuite>
      <testsuite name="Tests\Unit\BusquedaControllerUnitTest" file="C:\Users\ASUS\Desktop\SENA\Nueva carpeta\tests\Unit\BusquedaControllerUnitTest.php" tests="8" assertions="10" errors="0" failures="0" skipped="0" time="0.002276">
        <testcase name="test_normalizar_texto_convierte_a_minusculas" file="C:\Users\ASUS\Desktop\SENA\Nueva carpeta\tests\Unit\BusquedaControllerUnitTest.php" line="40" class="Tests\Unit\BusquedaControllerUnitTest" classname="Tests.Unit.BusquedaControllerUnitTest" assertions="1" time="0.000753"/>
        <testcase name="test_normalizar_texto_elimina_espacios_extra" file="C:\Users\ASUS\Desktop\SENA\Nueva carpeta\tests\Unit\BusquedaControllerUnitTest.php" line="48" class="Tests\Unit\BusquedaControllerUnitTest" classname="Tests.Unit.BusquedaControllerUnitTest" assertions="2" time="0.000223"/>
        <testcase name="test_normalizar_texto_corrige_animacion" file="C:\Users\ASUS\Desktop\SENA\Nueva carpeta\tests\Unit\BusquedaControllerUnitTest.php" line="60" class="Tests\Unit\BusquedaControllerUnitTest" classname="Tests.Unit.BusquedaControllerUnitTest" assertions="1" time="0.000214"/>
        <testcase name="test_normalizar_texto_corrige_animador" file="C:\Users\ASUS\Desktop\SENA\Nueva carpeta\tests\Unit\BusquedaControllerUnitTest.php" line="68" class="Tests\Unit\BusquedaControllerUnitTest" classname="Tests.Unit.BusquedaControllerUnitTest" assertions="1" time="0.000216"/>
        <testcase name="test_normalizar_texto_mantiene_alquiler" file="C:\Users\ASUS\Desktop\SENA\Nueva carpeta\tests\Unit\BusquedaControllerUnitTest.php" line="76" class="Tests\Unit\BusquedaControllerUnitTest" classname="Tests.Unit.BusquedaControllerUnitTest" assertions="1" time="0.000213"/>
        <testcase name="test_normalizar_texto_mantiene_publicidad" file="C:\Users\ASUS\Desktop\SENA\Nueva carpeta\tests\Unit\BusquedaControllerUnitTest.php" line="84" class="Tests\Unit\BusquedaControllerUnitTest" classname="Tests.Unit.BusquedaControllerUnitTest" assertions="1" time="0.000214"/>
        <testcase name="test_normalizar_texto_con_cadena_vacia" file="C:\Users\ASUS\Desktop\SENA\Nueva carpeta\tests\Unit\BusquedaControllerUnitTest.php" line="92" class="Tests\Unit\BusquedaControllerUnitTest" classname="Tests.Unit.BusquedaControllerUnitTest" assertions="1" time="0.000212"/>
        <testcase name="test_normalizar_texto_con_texto_complejo" file="C:\Users\ASUS\Desktop\SENA\Nueva carpeta\tests\Unit\BusquedaControllerUnitTest.php" line="100" class="Tests\Unit\BusquedaControllerUnitTest" classname="Tests.Unit.BusquedaControllerUnitTest" assertions="2" time="0.000231"/>
      </testsuite>
      <testsuite name="Tests\Unit\CalendarioControllerUnitTest" file="C:\Users\ASUS\Desktop\SENA\Nueva carpeta\tests\Unit\CalendarioControllerUnitTest.php" tests="3" assertions="8" errors="0" failures="0" skipped="0" time="0.060647">
        <testcase name="test_default_event_title_constante" file="C:\Users\ASUS\Desktop\SENA\Nueva carpeta\tests\Unit\CalendarioControllerUnitTest.php" line="41" class="Tests\Unit\CalendarioControllerUnitTest" classname="Tests.Unit.CalendarioControllerUnitTest" assertions="2" time="0.060109"/>
        <testcase name="test_is_admin_like_logica_administrador" file="C:\Users\ASUS\Desktop\SENA\Nueva carpeta\tests\Unit\CalendarioControllerUnitTest.php" line="54" class="Tests\Unit\CalendarioControllerUnitTest" classname="Tests.Unit.CalendarioControllerUnitTest" assertions="3" time="0.000319"/>
        <testcase name="test_is_admin_like_case_insensitive" file="C:\Users\ASUS\Desktop\SENA\Nueva carpeta\tests\Unit\CalendarioControllerUnitTest.php" line="65" class="Tests\Unit\CalendarioControllerUnitTest" classname="Tests.Unit.CalendarioControllerUnitTest" assertions="3" time="0.000220"/>
      </testsuite>
      <testsuite name="Tests\Unit\ChatbotControllerUnitTest" file="C:\Users\ASUS\Desktop\SENA\Nueva carpeta\tests\Unit\ChatbotControllerUnitTest.php" tests="31" assertions="0" errors="31" failures="0" skipped="0" time="0.000000">
        <testcase name="test_normalizar_texto_convierte_a_minusculas" file="C:\Users\ASUS\Desktop\SENA\Nueva carpeta\tests\Unit\ChatbotControllerUnitTest.php" line="45" class="Tests\Unit\ChatbotControllerUnitTest" classname="Tests.Unit.ChatbotControllerUnitTest" assertions="0" time="0.000000">
          <error type="ArgumentCountError">Tests\Unit\ChatbotControllerUnitTest::test_normalizar_texto_convierte_a_minusculas&#13;
ArgumentCountError: Too few arguments to function App\Http\Controllers\ChatbotController::__construct(), 0 passed in C:\Users\ASUS\Desktop\SENA\Nueva carpeta\tests\Unit\ChatbotControllerUnitTest.php on line 27 and exactly 7 expected
&#13;
C:\Users\ASUS\Desktop\SENA\Nueva carpeta\app\Http\Controllers\ChatbotController.php:28
C:\Users\ASUS\Desktop\SENA\Nueva carpeta\tests\Unit\ChatbotControllerUnitTest.php:27</error>
        </testcase>
        <testcase name="test_normalizar_texto_elimina_acentos" file="C:\Users\ASUS\Desktop\SENA\Nueva carpeta\tests\Unit\ChatbotControllerUnitTest.php" line="53" class="Tests\Unit\ChatbotControllerUnitTest" classname="Tests.Unit.ChatbotControllerUnitTest" assertions="0" time="0.000000">
          <error type="ArgumentCountError">Tests\Unit\ChatbotControllerUnitTest::test_normalizar_texto_elimina_acentos&#13;
ArgumentCountError: Too few arguments to function App\Http\Controllers\ChatbotController::__construct(), 0 passed in C:\Users\ASUS\Desktop\SENA\Nueva carpeta\tests\Unit\ChatbotControllerUnitTest.php on line 27 and exactly 7 expected
&#13;
C:\Users\ASUS\Desktop\SENA\Nueva carpeta\app\Http\Controllers\ChatbotController.php:28
C:\Users\ASUS\Desktop\SENA\Nueva carpeta\tests\Unit\ChatbotControllerUnitTest.php:27</error>
        </testcase>
        <testcase name="test_normalizar_texto_maneja_caracteres_especiales" file="C:\Users\ASUS\Desktop\SENA\Nueva carpeta\tests\Unit\ChatbotControllerUnitTest.php" line="67" class="Tests\Unit\ChatbotControllerUnitTest" classname="Tests.Unit.ChatbotControllerUnitTest" assertions="0" time="0.000000">
          <error type="ArgumentCountError">Tests\Unit\ChatbotControllerUnitTest::test_normalizar_texto_maneja_caracteres_especiales&#13;
ArgumentCountError: Too few arguments to function App\Http\Controllers\ChatbotController::__construct(), 0 passed in C:\Users\ASUS\Desktop\SENA\Nueva carpeta\tests\Unit\ChatbotControllerUnitTest.php on line 27 and exactly 7 expected
&#13;
C:\Users\ASUS\Desktop\SENA\Nueva carpeta\app\Http\Controllers\ChatbotController.php:28
C:\Users\ASUS\Desktop\SENA\Nueva carpeta\tests\Unit\ChatbotControllerUnitTest.php:27</error>
        </testcase>
        <testcase name="test_normalizar_texto_con_cadena_vacia" file="C:\Users\ASUS\Desktop\SENA\Nueva carpeta\tests\Unit\ChatbotControllerUnitTest.php" line="78" class="Tests\Unit\ChatbotControllerUnitTest" classname="Tests.Unit.ChatbotControllerUnitTest" assertions="0" time="0.000000">
          <error type="ArgumentCountError">Tests\Unit\ChatbotControllerUnitTest::test_normalizar_texto_con_cadena_vacia&#13;
ArgumentCountError: Too few arguments to function App\Http\Controllers\ChatbotController::__construct(), 0 passed in C:\Users\ASUS\Desktop\SENA\Nueva carpeta\tests\Unit\ChatbotControllerUnitTest.php on line 27 and exactly 7 expected
&#13;
C:\Users\ASUS\Desktop\SENA\Nueva carpeta\app\Http\Controllers\ChatbotController.php:28
C:\Users\ASUS\Desktop\SENA\Nueva carpeta\tests\Unit\ChatbotControllerUnitTest.php:27</error>
        </testcase>
        <testcase name="test_detectar_intenciones_vacio" file="C:\Users\ASUS\Desktop\SENA\Nueva carpeta\tests\Unit\ChatbotControllerUnitTest.php" line="93" class="Tests\Unit\ChatbotControllerUnitTest" classname="Tests.Unit.ChatbotControllerUnitTest" assertions="0" time="0.000000">
          <error type="ArgumentCountError">Tests\Unit\ChatbotControllerUnitTest::test_detectar_intenciones_vacio&#13;
ArgumentCountError: Too few arguments to function App\Http\Controllers\ChatbotController::__construct(), 0 passed in C:\Users\ASUS\Desktop\SENA\Nueva carpeta\tests\Unit\ChatbotControllerUnitTest.php on line 27 and exactly 7 expected
&#13;
C:\Users\ASUS\Desktop\SENA\Nueva carpeta\app\Http\Controllers\ChatbotController.php:28
C:\Users\ASUS\Desktop\SENA\Nueva carpeta\tests\Unit\ChatbotControllerUnitTest.php:27</error>
        </testcase>
        <testcase name="test_extraer_dias_desde_palabras_uno" file="C:\Users\ASUS\Desktop\SENA\Nueva carpeta\tests\Unit\ChatbotControllerUnitTest.php" line="107" class="Tests\Unit\ChatbotControllerUnitTest" classname="Tests.Unit.ChatbotControllerUnitTest" assertions="0" time="0.000000">
          <error type="ArgumentCountError">Tests\Unit\ChatbotControllerUnitTest::test_extraer_dias_desde_palabras_uno&#13;
ArgumentCountError: Too few arguments to function App\Http\Controllers\ChatbotController::__construct(), 0 passed in C:\Users\ASUS\Desktop\SENA\Nueva carpeta\tests\Unit\ChatbotControllerUnitTest.php on line 27 and exactly 7 expected
&#13;
C:\Users\ASUS\Desktop\SENA\Nueva carpeta\app\Http\Controllers\ChatbotController.php:28
C:\Users\ASUS\Desktop\SENA\Nueva carpeta\tests\Unit\ChatbotControllerUnitTest.php:27</error>
        </testcase>
        <testcase name="test_extraer_dias_desde_palabras_dos" file="C:\Users\ASUS\Desktop\SENA\Nueva carpeta\tests\Unit\ChatbotControllerUnitTest.php" line="118" class="Tests\Unit\ChatbotControllerUnitTest" classname="Tests.Unit.ChatbotControllerUnitTest" assertions="0" time="0.000000">
          <error type="ArgumentCountError">Tests\Unit\ChatbotControllerUnitTest::test_extraer_dias_desde_palabras_dos&#13;
ArgumentCountError: Too few arguments to function App\Http\Controllers\ChatbotController::__construct(), 0 passed in C:\Users\ASUS\Desktop\SENA\Nueva carpeta\tests\Unit\ChatbotControllerUnitTest.php on line 27 and exactly 7 expected
&#13;
C:\Users\ASUS\Desktop\SENA\Nueva carpeta\app\Http\Controllers\ChatbotController.php:28
C:\Users\ASUS\Desktop\SENA\Nueva carpeta\tests\Unit\ChatbotControllerUnitTest.php:27</error>
        </testcase>
        <testcase name="test_extraer_dias_desde_palabras_tres" file="C:\Users\ASUS\Desktop\SENA\Nueva carpeta\tests\Unit\ChatbotControllerUnitTest.php" line="126" class="Tests\Unit\ChatbotControllerUnitTest" classname="Tests.Unit.ChatbotControllerUnitTest" assertions="0" time="0.000000">
          <error type="ArgumentCountError">Tests\Unit\ChatbotControllerUnitTest::test_extraer_dias_desde_palabras_tres&#13;
ArgumentCountError: Too few arguments to function App\Http\Controllers\ChatbotController::__construct(), 0 passed in C:\Users\ASUS\Desktop\SENA\Nueva carpeta\tests\Unit\ChatbotControllerUnitTest.php on line 27 and exactly 7 expected
&#13;
C:\Users\ASUS\Desktop\SENA\Nueva carpeta\app\Http\Controllers\ChatbotController.php:28
C:\Users\ASUS\Desktop\SENA\Nueva carpeta\tests\Unit\ChatbotControllerUnitTest.php:27</error>
        </testcase>
        <testcase name="test_extraer_dias_desde_palabras_diez" file="C:\Users\ASUS\Desktop\SENA\Nueva carpeta\tests\Unit\ChatbotControllerUnitTest.php" line="134" class="Tests\Unit\ChatbotControllerUnitTest" classname="Tests.Unit.ChatbotControllerUnitTest" assertions="0" time="0.000000">
          <error type="ArgumentCountError">Tests\Unit\ChatbotControllerUnitTest::test_extraer_dias_desde_palabras_diez&#13;
ArgumentCountError: Too few arguments to function App\Http\Controllers\ChatbotController::__construct(), 0 passed in C:\Users\ASUS\Desktop\SENA\Nueva carpeta\tests\Unit\ChatbotControllerUnitTest.php on line 27 and exactly 7 expected
&#13;
C:\Users\ASUS\Desktop\SENA\Nueva carpeta\app\Http\Controllers\ChatbotController.php:28
C:\Users\ASUS\Desktop\SENA\Nueva carpeta\tests\Unit\ChatbotControllerUnitTest.php:27</error>
        </testcase>
        <testcase name="test_extraer_dias_desde_palabras_sin_dias" file="C:\Users\ASUS\Desktop\SENA\Nueva carpeta\tests\Unit\ChatbotControllerUnitTest.php" line="142" class="Tests\Unit\ChatbotControllerUnitTest" classname="Tests.Unit.ChatbotControllerUnitTest" assertions="0" time="0.000000">
          <error type="ArgumentCountError">Tests\Unit\ChatbotControllerUnitTest::test_extraer_dias_desde_palabras_sin_dias&#13;
ArgumentCountError: Too few arguments to function App\Http\Controllers\ChatbotController::__construct(), 0 passed in C:\Users\ASUS\Desktop\SENA\Nueva carpeta\tests\Unit\ChatbotControllerUnitTest.php on line 27 and exactly 7 expected
&#13;
C:\Users\ASUS\Desktop\SENA\Nueva carpeta\app\Http\Controllers\ChatbotController.php:28
C:\Users\ASUS\Desktop\SENA\Nueva carpeta\tests\Unit\ChatbotControllerUnitTest.php:27</error>
        </testcase>
        <testcase name="test_extraer_dias_desde_palabras_con_texto_adicional" file="C:\Users\ASUS\Desktop\SENA\Nueva carpeta\tests\Unit\ChatbotControllerUnitTest.php" line="150" class="Tests\Unit\ChatbotControllerUnitTest" classname="Tests.Unit.ChatbotControllerUnitTest" assertions="0" time="0.000000">
          <error type="ArgumentCountError">Tests\Unit\ChatbotControllerUnitTest::test_extraer_dias_desde_palabras_con_texto_adicional&#13;
ArgumentCountError: Too few arguments to function App\Http\Controllers\ChatbotController::__construct(), 0 passed in C:\Users\ASUS\Desktop\SENA\Nueva carpeta\tests\Unit\ChatbotControllerUnitTest.php on line 27 and exactly 7 expected
&#13;
C:\Users\ASUS\Desktop\SENA\Nueva carpeta\app\Http\Controllers\ChatbotController.php:28
C:\Users\ASUS\Desktop\SENA\Nueva carpeta\tests\Unit\ChatbotControllerUnitTest.php:27</error>
        </testcase>
        <testcase name="test_es_relacionado_con_alquiler" file="C:\Users\ASUS\Desktop\SENA\Nueva carpeta\tests\Unit\ChatbotControllerUnitTest.php" line="162" class="Tests\Unit\ChatbotControllerUnitTest" classname="Tests.Unit.ChatbotControllerUnitTest" assertions="0" time="0.000000">
          <error type="ArgumentCountError">Tests\Unit\ChatbotControllerUnitTest::test_es_relacionado_con_alquiler&#13;
ArgumentCountError: Too few arguments to function App\Http\Controllers\ChatbotController::__construct(), 0 passed in C:\Users\ASUS\Desktop\SENA\Nueva carpeta\tests\Unit\ChatbotControllerUnitTest.php on line 27 and exactly 7 expected
&#13;
C:\Users\ASUS\Desktop\SENA\Nueva carpeta\app\Http\Controllers\ChatbotController.php:28
C:\Users\ASUS\Desktop\SENA\Nueva carpeta\tests\Unit\ChatbotControllerUnitTest.php:27</error>
        </testcase>
        <testcase name="test_es_relacionado_con_animacion" file="C:\Users\ASUS\Desktop\SENA\Nueva carpeta\tests\Unit\ChatbotControllerUnitTest.php" line="170" class="Tests\Unit\ChatbotControllerUnitTest" classname="Tests.Unit.ChatbotControllerUnitTest" assertions="0" time="0.000000">
          <error type="ArgumentCountError">Tests\Unit\ChatbotControllerUnitTest::test_es_relacionado_con_animacion&#13;
ArgumentCountError: Too few arguments to function App\Http\Controllers\ChatbotController::__construct(), 0 passed in C:\Users\ASUS\Desktop\SENA\Nueva carpeta\tests\Unit\ChatbotControllerUnitTest.php on line 27 and exactly 7 expected
&#13;
C:\Users\ASUS\Desktop\SENA\Nueva carpeta\app\Http\Controllers\ChatbotController.php:28
C:\Users\ASUS\Desktop\SENA\Nueva carpeta\tests\Unit\ChatbotControllerUnitTest.php:27</error>
        </testcase>
        <testcase name="test_es_relacionado_con_publicidad" file="C:\Users\ASUS\Desktop\SENA\Nueva carpeta\tests\Unit\ChatbotControllerUnitTest.php" line="178" class="Tests\Unit\ChatbotControllerUnitTest" classname="Tests.Unit.ChatbotControllerUnitTest" assertions="0" time="0.000000">
          <error type="ArgumentCountError">Tests\Unit\ChatbotControllerUnitTest::test_es_relacionado_con_publicidad&#13;
ArgumentCountError: Too few arguments to function App\Http\Controllers\ChatbotController::__construct(), 0 passed in C:\Users\ASUS\Desktop\SENA\Nueva carpeta\tests\Unit\ChatbotControllerUnitTest.php on line 27 and exactly 7 expected
&#13;
C:\Users\ASUS\Desktop\SENA\Nueva carpeta\app\Http\Controllers\ChatbotController.php:28
C:\Users\ASUS\Desktop\SENA\Nueva carpeta\tests\Unit\ChatbotControllerUnitTest.php:27</error>
        </testcase>
        <testcase name="test_es_relacionado_con_mensaje_vacio" file="C:\Users\ASUS\Desktop\SENA\Nueva carpeta\tests\Unit\ChatbotControllerUnitTest.php" line="186" class="Tests\Unit\ChatbotControllerUnitTest" classname="Tests.Unit.ChatbotControllerUnitTest" assertions="0" time="0.000000">
          <error type="ArgumentCountError">Tests\Unit\ChatbotControllerUnitTest::test_es_relacionado_con_mensaje_vacio&#13;
ArgumentCountError: Too few arguments to function App\Http\Controllers\ChatbotController::__construct(), 0 passed in C:\Users\ASUS\Desktop\SENA\Nueva carpeta\tests\Unit\ChatbotControllerUnitTest.php on line 27 and exactly 7 expected
&#13;
C:\Users\ASUS\Desktop\SENA\Nueva carpeta\app\Http\Controllers\ChatbotController.php:28
C:\Users\ASUS\Desktop\SENA\Nueva carpeta\tests\Unit\ChatbotControllerUnitTest.php:27</error>
        </testcase>
        <testcase name="test_es_relacionado_con_mensaje_no_relacionado" file="C:\Users\ASUS\Desktop\SENA\Nueva carpeta\tests\Unit\ChatbotControllerUnitTest.php" line="195" class="Tests\Unit\ChatbotControllerUnitTest" classname="Tests.Unit.ChatbotControllerUnitTest" assertions="0" time="0.000000">
          <error type="ArgumentCountError">Tests\Unit\ChatbotControllerUnitTest::test_es_relacionado_con_mensaje_no_relacionado&#13;
ArgumentCountError: Too few arguments to function App\Http\Controllers\ChatbotController::__construct(), 0 passed in C:\Users\ASUS\Desktop\SENA\Nueva carpeta\tests\Unit\ChatbotControllerUnitTest.php on line 27 and exactly 7 expected
&#13;
C:\Users\ASUS\Desktop\SENA\Nueva carpeta\app\Http\Controllers\ChatbotController.php:28
C:\Users\ASUS\Desktop\SENA\Nueva carpeta\tests\Unit\ChatbotControllerUnitTest.php:27</error>
        </testcase>
        <testcase name="test_es_continuacion_con_tambien" file="C:\Users\ASUS\Desktop\SENA\Nueva carpeta\tests\Unit\ChatbotControllerUnitTest.php" line="210" class="Tests\Unit\ChatbotControllerUnitTest" classname="Tests.Unit.ChatbotControllerUnitTest" assertions="0" time="0.000000">
          <error type="ArgumentCountError">Tests\Unit\ChatbotControllerUnitTest::test_es_continuacion_con_tambien&#13;
ArgumentCountError: Too few arguments to function App\Http\Controllers\ChatbotController::__construct(), 0 passed in C:\Users\ASUS\Desktop\SENA\Nueva carpeta\tests\Unit\ChatbotControllerUnitTest.php on line 27 and exactly 7 expected
&#13;
C:\Users\ASUS\Desktop\SENA\Nueva carpeta\app\Http\Controllers\ChatbotController.php:28
C:\Users\ASUS\Desktop\SENA\Nueva carpeta\tests\Unit\ChatbotControllerUnitTest.php:27</error>
        </testcase>
        <testcase name="test_es_continuacion_con_ademas" file="C:\Users\ASUS\Desktop\SENA\Nueva carpeta\tests\Unit\ChatbotControllerUnitTest.php" line="221" class="Tests\Unit\ChatbotControllerUnitTest" classname="Tests.Unit.ChatbotControllerUnitTest" assertions="0" time="0.000000">
          <error type="ArgumentCountError">Tests\Unit\ChatbotControllerUnitTest::test_es_continuacion_con_ademas&#13;
ArgumentCountError: Too few arguments to function App\Http\Controllers\ChatbotController::__construct(), 0 passed in C:\Users\ASUS\Desktop\SENA\Nueva carpeta\tests\Unit\ChatbotControllerUnitTest.php on line 27 and exactly 7 expected
&#13;
C:\Users\ASUS\Desktop\SENA\Nueva carpeta\app\Http\Controllers\ChatbotController.php:28
C:\Users\ASUS\Desktop\SENA\Nueva carpeta\tests\Unit\ChatbotControllerUnitTest.php:27</error>
        </testcase>
        <testcase name="test_es_continuacion_con_lo_mismo" file="C:\Users\ASUS\Desktop\SENA\Nueva carpeta\tests\Unit\ChatbotControllerUnitTest.php" line="232" class="Tests\Unit\ChatbotControllerUnitTest" classname="Tests.Unit.ChatbotControllerUnitTest" assertions="0" time="0.000000">
          <error type="ArgumentCountError">Tests\Unit\ChatbotControllerUnitTest::test_es_continuacion_con_lo_mismo&#13;
ArgumentCountError: Too few arguments to function App\Http\Controllers\ChatbotController::__construct(), 0 passed in C:\Users\ASUS\Desktop\SENA\Nueva carpeta\tests\Unit\ChatbotControllerUnitTest.php on line 27 and exactly 7 expected
&#13;
C:\Users\ASUS\Desktop\SENA\Nueva carpeta\app\Http\Controllers\ChatbotController.php:28
C:\Users\ASUS\Desktop\SENA\Nueva carpeta\tests\Unit\ChatbotControllerUnitTest.php:27</error>
        </testcase>
        <testcase name="test_es_continuacion_con_mensaje_normal" file="C:\Users\ASUS\Desktop\SENA\Nueva carpeta\tests\Unit\ChatbotControllerUnitTest.php" line="243" class="Tests\Unit\ChatbotControllerUnitTest" classname="Tests.Unit.ChatbotControllerUnitTest" assertions="0" time="0.000000">
          <error type="ArgumentCountError">Tests\Unit\ChatbotControllerUnitTest::test_es_continuacion_con_mensaje_normal&#13;
ArgumentCountError: Too few arguments to function App\Http\Controllers\ChatbotController::__construct(), 0 passed in C:\Users\ASUS\Desktop\SENA\Nueva carpeta\tests\Unit\ChatbotControllerUnitTest.php on line 27 and exactly 7 expected
&#13;
C:\Users\ASUS\Desktop\SENA\Nueva carpeta\app\Http\Controllers\ChatbotController.php:28
C:\Users\ASUS\Desktop\SENA\Nueva carpeta\tests\Unit\ChatbotControllerUnitTest.php:27</error>
        </testcase>
        <testcase name="test_es_continuacion_con_mensaje_vacio" file="C:\Users\ASUS\Desktop\SENA\Nueva carpeta\tests\Unit\ChatbotControllerUnitTest.php" line="251" class="Tests\Unit\ChatbotControllerUnitTest" classname="Tests.Unit.ChatbotControllerUnitTest" assertions="0" time="0.000000">
          <error type="ArgumentCountError">Tests\Unit\ChatbotControllerUnitTest::test_es_continuacion_con_mensaje_vacio&#13;
ArgumentCountError: Too few arguments to function App\Http\Controllers\ChatbotController::__construct(), 0 passed in C:\Users\ASUS\Desktop\SENA\Nueva carpeta\tests\Unit\ChatbotControllerUnitTest.php on line 27 and exactly 7 expected
&#13;
C:\Users\ASUS\Desktop\SENA\Nueva carpeta\app\Http\Controllers\ChatbotController.php:28
C:\Users\ASUS\Desktop\SENA\Nueva carpeta\tests\Unit\ChatbotControllerUnitTest.php:27</error>
        </testcase>
        <testcase name="test_es_continuacion_case_insensitive" file="C:\Users\ASUS\Desktop\SENA\Nueva carpeta\tests\Unit\ChatbotControllerUnitTest.php" line="259" class="Tests\Unit\ChatbotControllerUnitTest" classname="Tests.Unit.ChatbotControllerUnitTest" assertions="0" time="0.000000">
          <error type="ArgumentCountError">Tests\Unit\ChatbotControllerUnitTest::test_es_continuacion_case_insensitive&#13;
ArgumentCountError: Too few arguments to function App\Http\Controllers\ChatbotController::__construct(), 0 passed in C:\Users\ASUS\Desktop\SENA\Nueva carpeta\tests\Unit\ChatbotControllerUnitTest.php on line 27 and exactly 7 expected
&#13;
C:\Users\ASUS\Desktop\SENA\Nueva carpeta\app\Http\Controllers\ChatbotController.php:28
C:\Users\ASUS\Desktop\SENA\Nueva carpeta\tests\Unit\ChatbotControllerUnitTest.php:27</error>
        </testcase>
        <testcase name="test_validar_intenciones_contra_mensaje_valida_alquiler" file="C:\Users\ASUS\Desktop\SENA\Nueva carpeta\tests\Unit\ChatbotControllerUnitTest.php" line="274" class="Tests\Unit\ChatbotControllerUnitTest" classname="Tests.Unit.ChatbotControllerUnitTest" assertions="0" time="0.000000">
          <error type="ArgumentCountError">Tests\Unit\ChatbotControllerUnitTest::test_validar_intenciones_contra_mensaje_valida_alquiler&#13;
ArgumentCountError: Too few arguments to function App\Http\Controllers\ChatbotController::__construct(), 0 passed in C:\Users\ASUS\Desktop\SENA\Nueva carpeta\tests\Unit\ChatbotControllerUnitTest.php on line 27 and exactly 7 expected
&#13;
C:\Users\ASUS\Desktop\SENA\Nueva carpeta\app\Http\Controllers\ChatbotController.php:28
C:\Users\ASUS\Desktop\SENA\Nueva carpeta\tests\Unit\ChatbotControllerUnitTest.php:27</error>
        </testcase>
        <testcase name="test_validar_intenciones_contra_mensaje_invalida_alquiler" file="C:\Users\ASUS\Desktop\SENA\Nueva carpeta\tests\Unit\ChatbotControllerUnitTest.php" line="287" class="Tests\Unit\ChatbotControllerUnitTest" classname="Tests.Unit.ChatbotControllerUnitTest" assertions="0" time="0.000000">
          <error type="ArgumentCountError">Tests\Unit\ChatbotControllerUnitTest::test_validar_intenciones_contra_mensaje_invalida_alquiler&#13;
ArgumentCountError: Too few arguments to function App\Http\Controllers\ChatbotController::__construct(), 0 passed in C:\Users\ASUS\Desktop\SENA\Nueva carpeta\tests\Unit\ChatbotControllerUnitTest.php on line 27 and exactly 7 expected
&#13;
C:\Users\ASUS\Desktop\SENA\Nueva carpeta\app\Http\Controllers\ChatbotController.php:28
C:\Users\ASUS\Desktop\SENA\Nueva carpeta\tests\Unit\ChatbotControllerUnitTest.php:27</error>
        </testcase>
        <testcase name="test_validar_intenciones_contra_mensaje_con_animacion" file="C:\Users\ASUS\Desktop\SENA\Nueva carpeta\tests\Unit\ChatbotControllerUnitTest.php" line="300" class="Tests\Unit\ChatbotControllerUnitTest" classname="Tests.Unit.ChatbotControllerUnitTest" assertions="0" time="0.000000">
          <error type="ArgumentCountError">Tests\Unit\ChatbotControllerUnitTest::test_validar_intenciones_contra_mensaje_con_animacion&#13;
ArgumentCountError: Too few arguments to function App\Http\Controllers\ChatbotController::__construct(), 0 passed in C:\Users\ASUS\Desktop\SENA\Nueva carpeta\tests\Unit\ChatbotControllerUnitTest.php on line 27 and exactly 7 expected
&#13;
C:\Users\ASUS\Desktop\SENA\Nueva carpeta\app\Http\Controllers\ChatbotController.php:28
C:\Users\ASUS\Desktop\SENA\Nueva carpeta\tests\Unit\ChatbotControllerUnitTest.php:27</error>
        </testcase>
        <testcase name="test_validar_intenciones_contra_mensaje_con_publicidad" file="C:\Users\ASUS\Desktop\SENA\Nueva carpeta\tests\Unit\ChatbotControllerUnitTest.php" line="313" class="Tests\Unit\ChatbotControllerUnitTest" classname="Tests.Unit.ChatbotControllerUnitTest" assertions="0" time="0.000000">
          <error type="ArgumentCountError">Tests\Unit\ChatbotControllerUnitTest::test_validar_intenciones_contra_mensaje_con_publicidad&#13;
ArgumentCountError: Too few arguments to function App\Http\Controllers\ChatbotController::__construct(), 0 passed in C:\Users\ASUS\Desktop\SENA\Nueva carpeta\tests\Unit\ChatbotControllerUnitTest.php on line 27 and exactly 7 expected
&#13;
C:\Users\ASUS\Desktop\SENA\Nueva carpeta\app\Http\Controllers\ChatbotController.php:28
C:\Users\ASUS\Desktop\SENA\Nueva carpeta\tests\Unit\ChatbotControllerUnitTest.php:27</error>
        </testcase>
        <testcase name="test_validar_intenciones_contra_mensaje_vacio" file="C:\Users\ASUS\Desktop\SENA\Nueva carpeta\tests\Unit\ChatbotControllerUnitTest.php" line="326" class="Tests\Unit\ChatbotControllerUnitTest" classname="Tests.Unit.ChatbotControllerUnitTest" assertions="0" time="0.000000">
          <error type="ArgumentCountError">Tests\Unit\ChatbotControllerUnitTest::test_validar_intenciones_contra_mensaje_vacio&#13;
ArgumentCountError: Too few arguments to function App\Http\Controllers\ChatbotController::__construct(), 0 passed in C:\Users\ASUS\Desktop\SENA\Nueva carpeta\tests\Unit\ChatbotControllerUnitTest.php on line 27 and exactly 7 expected
&#13;
C:\Users\ASUS\Desktop\SENA\Nueva carpeta\app\Http\Controllers\ChatbotController.php:28
C:\Users\ASUS\Desktop\SENA\Nueva carpeta\tests\Unit\ChatbotControllerUnitTest.php:27</error>
        </testcase>
        <testcase name="test_validar_intenciones_contra_mensaje_multiples" file="C:\Users\ASUS\Desktop\SENA\Nueva carpeta\tests\Unit\ChatbotControllerUnitTest.php" line="339" class="Tests\Unit\ChatbotControllerUnitTest" classname="Tests.Unit.ChatbotControllerUnitTest" assertions="0" time="0.000000">
          <error type="ArgumentCountError">Tests\Unit\ChatbotControllerUnitTest::test_validar_intenciones_contra_mensaje_multiples&#13;
ArgumentCountError: Too few arguments to function App\Http\Controllers\ChatbotController::__construct(), 0 passed in C:\Users\ASUS\Desktop\SENA\Nueva carpeta\tests\Unit\ChatbotControllerUnitTest.php on line 27 and exactly 7 expected
&#13;
C:\Users\ASUS\Desktop\SENA\Nueva carpeta\app\Http\Controllers\ChatbotController.php:28
C:\Users\ASUS\Desktop\SENA\Nueva carpeta\tests\Unit\ChatbotControllerUnitTest.php:27</error>
        </testcase>
        <testcase name="test_normalizar_texto_con_numeros" file="C:\Users\ASUS\Desktop\SENA\Nueva carpeta\tests\Unit\ChatbotControllerUnitTest.php" line="358" class="Tests\Unit\ChatbotControllerUnitTest" classname="Tests.Unit.ChatbotControllerUnitTest" assertions="0" time="0.000000">
          <error type="ArgumentCountError">Tests\Unit\ChatbotControllerUnitTest::test_normalizar_texto_con_numeros&#13;
ArgumentCountError: Too few arguments to function App\Http\Controllers\ChatbotController::__construct(), 0 passed in C:\Users\ASUS\Desktop\SENA\Nueva carpeta\tests\Unit\ChatbotControllerUnitTest.php on line 27 and exactly 7 expected
&#13;
C:\Users\ASUS\Desktop\SENA\Nueva carpeta\app\Http\Controllers\ChatbotController.php:28
C:\Users\ASUS\Desktop\SENA\Nueva carpeta\tests\Unit\ChatbotControllerUnitTest.php:27</error>
        </testcase>
        <testcase name="test_extraer_dias_desde_palabras_con_acentos" file="C:\Users\ASUS\Desktop\SENA\Nueva carpeta\tests\Unit\ChatbotControllerUnitTest.php" line="369" class="Tests\Unit\ChatbotControllerUnitTest" classname="Tests.Unit.ChatbotControllerUnitTest" assertions="0" time="0.000000">
          <error type="ArgumentCountError">Tests\Unit\ChatbotControllerUnitTest::test_extraer_dias_desde_palabras_con_acentos&#13;
ArgumentCountError: Too few arguments to function App\Http\Controllers\ChatbotController::__construct(), 0 passed in C:\Users\ASUS\Desktop\SENA\Nueva carpeta\tests\Unit\ChatbotControllerUnitTest.php on line 27 and exactly 7 expected
&#13;
C:\Users\ASUS\Desktop\SENA\Nueva carpeta\app\Http\Controllers\ChatbotController.php:28
C:\Users\ASUS\Desktop\SENA\Nueva carpeta\tests\Unit\ChatbotControllerUnitTest.php:27</error>
        </testcase>
        <testcase name="test_es_relacionado_case_insensitive" file="C:\Users\ASUS\Desktop\SENA\Nueva carpeta\tests\Unit\ChatbotControllerUnitTest.php" line="377" class="Tests\Unit\ChatbotControllerUnitTest" classname="Tests.Unit.ChatbotControllerUnitTest" assertions="0" time="0.000000">
          <error type="ArgumentCountError">Tests\Unit\ChatbotControllerUnitTest::test_es_relacionado_case_insensitive&#13;
ArgumentCountError: Too few arguments to function App\Http\Controllers\ChatbotController::__construct(), 0 passed in C:\Users\ASUS\Desktop\SENA\Nueva carpeta\tests\Unit\ChatbotControllerUnitTest.php on line 27 and exactly 7 expected
&#13;
C:\Users\ASUS\Desktop\SENA\Nueva carpeta\app\Http\Controllers\ChatbotController.php:28
C:\Users\ASUS\Desktop\SENA\Nueva carpeta\tests\Unit\ChatbotControllerUnitTest.php:27</error>
        </testcase>
      </testsuite>
      <testsuite name="Tests\Unit\ExampleTest" file="C:\Users\ASUS\Desktop\SENA\Nueva carpeta\tests\Unit\ExampleTest.php" tests="1" assertions="1" errors="0" failures="0" skipped="0" time="0.061622">
        <testcase name="test_that_true_is_true" file="C:\Users\ASUS\Desktop\SENA\Nueva carpeta\tests\Unit\ExampleTest.php" line="12" class="Tests\Unit\ExampleTest" classname="Tests.Unit.ExampleTest" assertions="1" time="0.061622"/>
      </testsuite>
      <testsuite name="Tests\Unit\HistorialControllerUnitTest" file="C:\Users\ASUS\Desktop\SENA\Nueva carpeta\tests\Unit\HistorialControllerUnitTest.php" tests="3" assertions="6" errors="0" failures="0" skipped="0" time="0.204022">
        <testcase name="test_controller_instancia_correctamente" file="C:\Users\ASUS\Desktop\SENA\Nueva carpeta\tests\Unit\HistorialControllerUnitTest.php" line="23" class="Tests\Unit\HistorialControllerUnitTest" classname="Tests.Unit.HistorialControllerUnitTest" assertions="1" time="0.068895"/>
        <testcase name="test_pdf_configuracion_estructura" file="C:\Users\ASUS\Desktop\SENA\Nueva carpeta\tests\Unit\HistorialControllerUnitTest.php" line="28" class="Tests\Unit\HistorialControllerUnitTest" classname="Tests.Unit.HistorialControllerUnitTest" assertions="3" time="0.067175"/>
        <testcase name="test_vista_historial_existe" file="C:\Users\ASUS\Desktop\SENA\Nueva carpeta\tests\Unit\HistorialControllerUnitTest.php" line="40" class="Tests\Unit\HistorialControllerUnitTest" classname="Tests.Unit.HistorialControllerUnitTest" assertions="2" time="0.067951"/>
      </testsuite>
      <testsuite name="Tests\Unit\InventarioControllerUnitTest" file="C:\Users\ASUS\Desktop\SENA\Nueva carpeta\tests\Unit\InventarioControllerUnitTest.php" tests="5" assertions="16" errors="0" failures="0" skipped="0" time="0.269475">
        <testcase name="test_validacion_descripcion_estructura" file="C:\Users\ASUS\Desktop\SENA\Nueva carpeta\tests\Unit\InventarioControllerUnitTest.php" line="27" class="Tests\Unit\InventarioControllerUnitTest" classname="Tests.Unit.InventarioControllerUnitTest" assertions="4" time="0.000805"/>
        <testcase name="test_validacion_stock_estructura" file="C:\Users\ASUS\Desktop\SENA\Nueva carpeta\tests\Unit\InventarioControllerUnitTest.php" line="40" class="Tests\Unit\InventarioControllerUnitTest" classname="Tests.Unit.InventarioControllerUnitTest" assertions="4" time="0.000229"/>
        <testcase name="test_mensajes_validacion_existen" file="C:\Users\ASUS\Desktop\SENA\Nueva carpeta\tests\Unit\InventarioControllerUnitTest.php" line="52" class="Tests\Unit\InventarioControllerUnitTest" classname="Tests.Unit.InventarioControllerUnitTest" assertions="3" time="0.000247"/>
        <testcase name="test_stock_minimo_es_cero" file="C:\Users\ASUS\Desktop\SENA\Nueva carpeta\tests\Unit\InventarioControllerUnitTest.php" line="68" class="Tests\Unit\InventarioControllerUnitTest" classname="Tests.Unit.InventarioControllerUnitTest" assertions="3" time="0.267781"/>
        <testcase name="test_descripcion_maximo_caracteres" file="C:\Users\ASUS\Desktop\SENA\Nueva carpeta\tests\Unit\InventarioControllerUnitTest.php" line="77" class="Tests\Unit\InventarioControllerUnitTest" classname="Tests.Unit.InventarioControllerUnitTest" assertions="2" time="0.000413"/>
      </testsuite>
      <testsuite name="Tests\Unit\MovimientosInventarioControllerUnitTest" file="C:\Users\ASUS\Desktop\SENA\Nueva carpeta\tests\Unit\MovimientosInventarioControllerUnitTest.php" tests="6" assertions="16" errors="0" failures="0" skipped="0" time="0.001124">
        <testcase name="test_validacion_store_estructura" file="C:\Users\ASUS\Desktop\SENA\Nueva carpeta\tests\Unit\MovimientosInventarioControllerUnitTest.php" line="27" class="Tests\Unit\MovimientosInventarioControllerUnitTest" classname="Tests.Unit.MovimientosInventarioControllerUnitTest" assertions="3" time="0.000512"/>
        <testcase name="test_tipos_movimiento_validos" file="C:\Users\ASUS\Desktop\SENA\Nueva carpeta\tests\Unit\MovimientosInventarioControllerUnitTest.php" line="40" class="Tests\Unit\MovimientosInventarioControllerUnitTest" classname="Tests.Unit.MovimientosInventarioControllerUnitTest" assertions="5" time="0.000127"/>
        <testcase name="test_tipos_movimiento_incrementan_stock" file="C:\Users\ASUS\Desktop\SENA\Nueva carpeta\tests\Unit\MovimientosInventarioControllerUnitTest.php" line="52" class="Tests\Unit\MovimientosInventarioControllerUnitTest" classname="Tests.Unit.MovimientosInventarioControllerUnitTest" assertions="3" time="0.000124"/>
        <testcase name="test_tipos_movimiento_decrementan_stock" file="C:\Users\ASUS\Desktop\SENA\Nueva carpeta\tests\Unit\MovimientosInventarioControllerUnitTest.php" line="62" class="Tests\Unit\MovimientosInventarioControllerUnitTest" classname="Tests.Unit.MovimientosInventarioControllerUnitTest" assertions="3" time="0.000121"/>
        <testcase name="test_validacion_cantidad_minimo" file="C:\Users\ASUS\Desktop\SENA\Nueva carpeta\tests\Unit\MovimientosInventarioControllerUnitTest.php" line="72" class="Tests\Unit\MovimientosInventarioControllerUnitTest" classname="Tests.Unit.MovimientosInventarioControllerUnitTest" assertions="1" time="0.000121"/>
        <testcase name="test_validacion_cantidad_debe_ser_integer" file="C:\Users\ASUS\Desktop\SENA\Nueva carpeta\tests\Unit\MovimientosInventarioControllerUnitTest.php" line="82" class="Tests\Unit\MovimientosInventarioControllerUnitTest" classname="Tests.Unit.MovimientosInventarioControllerUnitTest" assertions="1" time="0.000120"/>
      </testsuite>
      <testsuite name="Tests\Unit\ReservaControllerUnitTest" file="C:\Users\ASUS\Desktop\SENA\Nueva carpeta\tests\Unit\ReservaControllerUnitTest.php" tests="6" assertions="9" errors="0" failures="0" skipped="0" time="0.001392">
        <testcase name="test_validacion_store_estructura" file="C:\Users\ASUS\Desktop\SENA\Nueva carpeta\tests\Unit\ReservaControllerUnitTest.php" line="27" class="Tests\Unit\ReservaControllerUnitTest" classname="Tests.Unit.ReservaControllerUnitTest" assertions="3" time="0.000664"/>
        <testcase name="test_validacion_items_minimo" file="C:\Users\ASUS\Desktop\SENA\Nueva carpeta\tests\Unit\ReservaControllerUnitTest.php" line="44" class="Tests\Unit\ReservaControllerUnitTest" classname="Tests.Unit.ReservaControllerUnitTest" assertions="1" time="0.000255"/>
        <testcase name="test_validacion_cantidad_minimo" file="C:\Users\ASUS\Desktop\SENA\Nueva carpeta\tests\Unit\ReservaControllerUnitTest.php" line="54" class="Tests\Unit\ReservaControllerUnitTest" classname="Tests.Unit.ReservaControllerUnitTest" assertions="1" time="0.000118"/>
        <testcase name="test_estados_reserva_validos" file="C:\Users\ASUS\Desktop\SENA\Nueva carpeta\tests\Unit\ReservaControllerUnitTest.php" line="64" class="Tests\Unit\ReservaControllerUnitTest" classname="Tests.Unit.ReservaControllerUnitTest" assertions="2" time="0.000124"/>
        <testcase name="test_servicio_max_caracteres" file="C:\Users\ASUS\Desktop\SENA\Nueva carpeta\tests\Unit\ReservaControllerUnitTest.php" line="73" class="Tests\Unit\ReservaControllerUnitTest" classname="Tests.Unit.ReservaControllerUnitTest" assertions="1" time="0.000116"/>
        <testcase name="test_tipo_movimiento_alquilado" file="C:\Users\ASUS\Desktop\SENA\Nueva carpeta\tests\Unit\ReservaControllerUnitTest.php" line="81" class="Tests\Unit\ReservaControllerUnitTest" classname="Tests.Unit.ReservaControllerUnitTest" assertions="1" time="0.000116"/>
      </testsuite>
      <testsuite name="Tests\Unit\RoleAdminControllerUnitTest" file="C:\Users\ASUS\Desktop\SENA\Nueva carpeta\tests\Unit\RoleAdminControllerUnitTest.php" tests="6" assertions="12" errors="0" failures="0" skipped="0" time="0.177761">
        <testcase name="test_validacion_update_estructura" file="C:\Users\ASUS\Desktop\SENA\Nueva carpeta\tests\Unit\RoleAdminControllerUnitTest.php" line="27" class="Tests\Unit\RoleAdminControllerUnitTest" classname="Tests.Unit.RoleAdminControllerUnitTest" assertions="2" time="0.000513"/>
        <testcase name="test_role_id_puede_ser_nullable" file="C:\Users\ASUS\Desktop\SENA\Nueva carpeta\tests\Unit\RoleAdminControllerUnitTest.php" line="38" class="Tests\Unit\RoleAdminControllerUnitTest" classname="Tests.Unit.RoleAdminControllerUnitTest" assertions="1" time="0.000127"/>
        <testcase name="test_roles_permitidos" file="C:\Users\ASUS\Desktop\SENA\Nueva carpeta\tests\Unit\RoleAdminControllerUnitTest.php" line="52" class="Tests\Unit\RoleAdminControllerUnitTest" classname="Tests.Unit.RoleAdminControllerUnitTest" assertions="4" time="0.000125"/>
        <testcase name="test_orden_roles" file="C:\Users\ASUS\Desktop\SENA\Nueva carpeta\tests\Unit\RoleAdminControllerUnitTest.php" line="63" class="Tests\Unit\RoleAdminControllerUnitTest" classname="Tests.Unit.RoleAdminControllerUnitTest" assertions="3" time="0.000123"/>
        <testcase name="test_normalizacion_usuario_a_cliente" file="C:\Users\ASUS\Desktop\SENA\Nueva carpeta\tests\Unit\RoleAdminControllerUnitTest.php" line="73" class="Tests\Unit\RoleAdminControllerUnitTest" classname="Tests.Unit.RoleAdminControllerUnitTest" assertions="1" time="0.000133"/>
        <testcase name="test_roles_no_permitidos_son_rechazados" file="C:\Users\ASUS\Desktop\SENA\Nueva carpeta\tests\Unit\RoleAdminControllerUnitTest.php" line="82" class="Tests\Unit\RoleAdminControllerUnitTest" classname="Tests.Unit.RoleAdminControllerUnitTest" assertions="1" time="0.176741"/>
      </testsuite>
      <testsuite name="Tests\Unit\RoleControllerUnitTest" file="C:\Users\ASUS\Desktop\SENA\Nueva carpeta\tests\Unit\RoleControllerUnitTest.php" tests="4" assertions="14" errors="0" failures="0" skipped="0" time="0.064719">
        <testcase name="test_controller_instancia_correctamente" file="C:\Users\ASUS\Desktop\SENA\Nueva carpeta\tests\Unit\RoleControllerUnitTest.php" line="23" class="Tests\Unit\RoleControllerUnitTest" classname="Tests.Unit.RoleControllerUnitTest" assertions="1" time="0.000728"/>
        <testcase name="test_roles_permitidos_son_validos" file="C:\Users\ASUS\Desktop\SENA\Nueva carpeta\tests\Unit\RoleControllerUnitTest.php" line="28" class="Tests\Unit\RoleControllerUnitTest" classname="Tests.Unit.RoleControllerUnitTest" assertions="6" time="0.063445"/>
        <testcase name="test_admin_key_constante" file="C:\Users\ASUS\Desktop\SENA\Nueva carpeta\tests\Unit\RoleControllerUnitTest.php" line="40" class="Tests\Unit\RoleControllerUnitTest" classname="Tests.Unit.RoleControllerUnitTest" assertions="3" time="0.000267"/>
        <testcase name="test_validacion_roles_estructura" file="C:\Users\ASUS\Desktop\SENA\Nueva carpeta\tests\Unit\RoleControllerUnitTest.php" line="51" class="Tests\Unit\RoleControllerUnitTest" classname="Tests.Unit.RoleControllerUnitTest" assertions="4" time="0.000280"/>
      </testsuite>
      <testsuite name="Tests\Unit\ServiciosControllerUnitTest" file="C:\Users\ASUS\Desktop\SENA\Nueva carpeta\tests\Unit\ServiciosControllerUnitTest.php" tests="8" assertions="18" errors="0" failures="0" skipped="0" time="0.328510">
        <testcase name="test_slug_generacion_funciona" file="C:\Users\ASUS\Desktop\SENA\Nueva carpeta\tests\Unit\ServiciosControllerUnitTest.php" line="41" class="Tests\Unit\ServiciosControllerUnitTest" classname="Tests.Unit.ServiciosControllerUnitTest" assertions="3" time="0.274132"/>
        <testcase name="test_slug_con_caracteres_especiales" file="C:\Users\ASUS\Desktop\SENA\Nueva carpeta\tests\Unit\ServiciosControllerUnitTest.php" line="52" class="Tests\Unit\ServiciosControllerUnitTest" classname="Tests.Unit.ServiciosControllerUnitTest" assertions="2" time="0.000377"/>
        <testcase name="test_slug_con_acentos" file="C:\Users\ASUS\Desktop\SENA\Nueva carpeta\tests\Unit\ServiciosControllerUnitTest.php" line="61" class="Tests\Unit\ServiciosControllerUnitTest" classname="Tests.Unit.ServiciosControllerUnitTest" assertions="2" time="0.053181"/>
        <testcase name="test_validacion_nombre_servicio_estructura" file="C:\Users\ASUS\Desktop\SENA\Nueva carpeta\tests\Unit\ServiciosControllerUnitTest.php" line="74" class="Tests\Unit\ServiciosControllerUnitTest" classname="Tests.Unit.ServiciosControllerUnitTest" assertions="3" time="0.000173"/>
        <testcase name="test_validacion_descripcion_es_opcional" file="C:\Users\ASUS\Desktop\SENA\Nueva carpeta\tests\Unit\ServiciosControllerUnitTest.php" line="88" class="Tests\Unit\ServiciosControllerUnitTest" classname="Tests.Unit.ServiciosControllerUnitTest" assertions="1" time="0.000234"/>
        <testcase name="test_validacion_icono_es_opcional" file="C:\Users\ASUS\Desktop\SENA\Nueva carpeta\tests\Unit\ServiciosControllerUnitTest.php" line="97" class="Tests\Unit\ServiciosControllerUnitTest" classname="Tests.Unit.ServiciosControllerUnitTest" assertions="2" time="0.000130"/>
        <testcase name="test_estructura_vista_base_existe" file="C:\Users\ASUS\Desktop\SENA\Nueva carpeta\tests\Unit\ServiciosControllerUnitTest.php" line="111" class="Tests\Unit\ServiciosControllerUnitTest" classname="Tests.Unit.ServiciosControllerUnitTest" assertions="2" time="0.000133"/>
        <testcase name="test_ruta_vista_estructura" file="C:\Users\ASUS\Desktop\SENA\Nueva carpeta\tests\Unit\ServiciosControllerUnitTest.php" line="120" class="Tests\Unit\ServiciosControllerUnitTest" classname="Tests.Unit.ServiciosControllerUnitTest" assertions="3" time="0.000150"/>
      </testsuite>
      <testsuite name="Tests\Unit\ServiciosViewControllerUnitTest" file="C:\Users\ASUS\Desktop\SENA\Nueva carpeta\tests\Unit\ServiciosViewControllerUnitTest.php" tests="4" assertions="15" errors="0" failures="0" skipped="0" time="0.000929">
        <testcase name="test_nombres_servicios_validos" file="C:\Users\ASUS\Desktop\SENA\Nueva carpeta\tests\Unit\ServiciosViewControllerUnitTest.php" line="28" class="Tests\Unit\ServiciosViewControllerUnitTest" classname="Tests.Unit.ServiciosViewControllerUnitTest" assertions="4" time="0.000499"/>
        <testcase name="test_slug_generacion_servicio" file="C:\Users\ASUS\Desktop\SENA\Nueva carpeta\tests\Unit\ServiciosViewControllerUnitTest.php" line="39" class="Tests\Unit\ServiciosViewControllerUnitTest" classname="Tests.Unit.ServiciosViewControllerUnitTest" assertions="2" time="0.000156"/>
        <testcase name="test_ruta_vista_estructura" file="C:\Users\ASUS\Desktop\SENA\Nueva carpeta\tests\Unit\ServiciosViewControllerUnitTest.php" line="49" class="Tests\Unit\ServiciosViewControllerUnitTest" classname="Tests.Unit.ServiciosViewControllerUnitTest" assertions="3" time="0.000127"/>
        <testcase name="test_vistas_existentes" file="C:\Users\ASUS\Desktop\SENA\Nueva carpeta\tests\Unit\ServiciosViewControllerUnitTest.php" line="60" class="Tests\Unit\ServiciosViewControllerUnitTest" classname="Tests.Unit.ServiciosViewControllerUnitTest" assertions="6" time="0.000148"/>
      </testsuite>
      <testsuite name="Tests\Unit\SubServiciosControllerUnitTest" file="C:\Users\ASUS\Desktop\SENA\Nueva carpeta\tests\Unit\SubServiciosControllerUnitTest.php" tests="5" assertions="13" errors="0" failures="0" skipped="0" time="0.002022">
        <testcase name="test_validacion_store_estructura" file="C:\Users\ASUS\Desktop\SENA\Nueva carpeta\tests\Unit\SubServiciosControllerUnitTest.php" line="27" class="Tests\Unit\SubServiciosControllerUnitTest" classname="Tests.Unit.SubServiciosControllerUnitTest" assertions="3" time="0.000875"/>
        <testcase name="test_validacion_precio_debe_ser_numerico" file="C:\Users\ASUS\Desktop\SENA\Nueva carpeta\tests\Unit\SubServiciosControllerUnitTest.php" line="42" class="Tests\Unit\SubServiciosControllerUnitTest" classname="Tests.Unit.SubServiciosControllerUnitTest" assertions="2" time="0.000270"/>
        <testcase name="test_validacion_imagen_max_tamaÃ±o" file="C:\Users\ASUS\Desktop\SENA\Nueva carpeta\tests\Unit\SubServiciosControllerUnitTest.php" line="52" class="Tests\Unit\SubServiciosControllerUnitTest" classname="Tests.Unit.SubServiciosControllerUnitTest" assertions="2" time="0.000270"/>
        <testcase name="test_validacion_imagen_formatos_permitidos" file="C:\Users\ASUS\Desktop\SENA\Nueva carpeta\tests\Unit\SubServiciosControllerUnitTest.php" line="61" class="Tests\Unit\SubServiciosControllerUnitTest" classname="Tests.Unit.SubServiciosControllerUnitTest" assertions="5" time="0.000296"/>
        <testcase name="test_nombre_max_caracteres" file="C:\Users\ASUS\Desktop\SENA\Nueva carpeta\tests\Unit\SubServiciosControllerUnitTest.php" line="73" class="Tests\Unit\SubServiciosControllerUnitTest" classname="Tests.Unit.SubServiciosControllerUnitTest" assertions="1" time="0.000311"/>
      </testsuite>
      <testsuite name="Tests\Unit\UsuarioControllerUnitTest" file="C:\Users\ASUS\Desktop\SENA\Nueva carpeta\tests\Unit\UsuarioControllerUnitTest.php" tests="10" assertions="17" errors="0" failures="0" skipped="0" time="0.002517">
        <testcase name="test_validacion_registro_estructura" file="C:\Users\ASUS\Desktop\SENA\Nueva carpeta\tests\Unit\UsuarioControllerUnitTest.php" line="27" class="Tests\Unit\UsuarioControllerUnitTest" classname="Tests.Unit.UsuarioControllerUnitTest" assertions="3" time="0.001307"/>
        <testcase name="test_validacion_contrasena_min_caracteres" file="C:\Users\ASUS\Desktop\SENA\Nueva carpeta\tests\Unit\UsuarioControllerUnitTest.php" line="45" class="Tests\Unit\UsuarioControllerUnitTest" classname="Tests.Unit.UsuarioControllerUnitTest" assertions="2" time="0.000169"/>
        <testcase name="test_validacion_telefono_max_caracteres" file="C:\Users\ASUS\Desktop\SENA\Nueva carpeta\tests\Unit\UsuarioControllerUnitTest.php" line="56" class="Tests\Unit\UsuarioControllerUnitTest" classname="Tests.Unit.UsuarioControllerUnitTest" assertions="1" time="0.000120"/>
        <testcase name="test_validacion_correo_debe_ser_email" file="C:\Users\ASUS\Desktop\SENA\Nueva carpeta\tests\Unit\UsuarioControllerUnitTest.php" line="64" class="Tests\Unit\UsuarioControllerUnitTest" classname="Tests.Unit.UsuarioControllerUnitTest" assertions="1" time="0.000124"/>
        <testcase name="test_validacion_autenticar_estructura" file="C:\Users\ASUS\Desktop\SENA\Nueva carpeta\tests\Unit\UsuarioControllerUnitTest.php" line="77" class="Tests\Unit\UsuarioControllerUnitTest" classname="Tests.Unit.UsuarioControllerUnitTest" assertions="2" time="0.000120"/>
        <testcase name="test_validacion_foto_perfil_estructura" file="C:\Users\ASUS\Desktop\SENA\Nueva carpeta\tests\Unit\UsuarioControllerUnitTest.php" line="92" class="Tests\Unit\UsuarioControllerUnitTest" classname="Tests.Unit.UsuarioControllerUnitTest" assertions="2" time="0.000121"/>
        <testcase name="test_foto_perfil_formatos_permitidos" file="C:\Users\ASUS\Desktop\SENA\Nueva carpeta\tests\Unit\UsuarioControllerUnitTest.php" line="102" class="Tests\Unit\UsuarioControllerUnitTest" classname="Tests.Unit.UsuarioControllerUnitTest" assertions="3" time="0.000126"/>
        <testcase name="test_foto_perfil_max_tamaÃ±o" file="C:\Users\ASUS\Desktop\SENA\Nueva carpeta\tests\Unit\UsuarioControllerUnitTest.php" line="112" class="Tests\Unit\UsuarioControllerUnitTest" classname="Tests.Unit.UsuarioControllerUnitTest" assertions="1" time="0.000124"/>
        <testcase name="test_estado_activo_por_defecto" file="C:\Users\ASUS\Desktop\SENA\Nueva carpeta\tests\Unit\UsuarioControllerUnitTest.php" line="124" class="Tests\Unit\UsuarioControllerUnitTest" classname="Tests.Unit.UsuarioControllerUnitTest" assertions="1" time="0.000144"/>
        <testcase name="test_rol_cliente_por_defecto" file="C:\Users\ASUS\Desktop\SENA\Nueva carpeta\tests\Unit\UsuarioControllerUnitTest.php" line="132" class="Tests\Unit\UsuarioControllerUnitTest" classname="Tests.Unit.UsuarioControllerUnitTest" assertions="1" time="0.000161"/>
      </testsuite>
    </testsuite>
    <testsuite name="Feature" tests="1" assertions="0" errors="1" failures="0" skipped="0" time="27.466962">
      <testsuite name="Tests\Feature\ExampleTest" file="C:\Users\ASUS\Desktop\SENA\Nueva carpeta\tests\Feature\ExampleTest.php" tests="1" assertions="0" errors="1" failures="0" skipped="0" time="27.466962">
        <testcase name="test_the_application_returns_a_successful_response" file="C:\Users\ASUS\Desktop\SENA\Nueva carpeta\tests\Feature\ExampleTest.php" line="13" class="Tests\Feature\ExampleTest" classname="Tests.Feature.ExampleTest" assertions="0" time="27.466962">
          <error type="Illuminate\Encryption\MissingAppKeyException">Tests\Feature\ExampleTest::test_the_application_returns_a_successful_response&#13;
Illuminate\Encryption\MissingAppKeyException: No application encryption key has been specified.
&#13;
C:\Users\ASUS\Desktop\SENA\Nueva carpeta\vendor\laravel\framework\src\Illuminate\Encryption\EncryptionServiceProvider.php:83
C:\Users\ASUS\Desktop\SENA\Nueva carpeta\vendor\laravel\framework\src\Illuminate\Support\helpers.php:399
C:\Users\ASUS\Desktop\SENA\Nueva carpeta\vendor\laravel\framework\src\Illuminate\Encryption\EncryptionServiceProvider.php:81
C:\Users\ASUS\Desktop\SENA\Nueva carpeta\vendor\laravel\framework\src\Illuminate\Encryption\EncryptionServiceProvider.php:64
C:\Users\ASUS\Desktop\SENA\Nueva carpeta\vendor\laravel\framework\src\Illuminate\Encryption\EncryptionServiceProvider.php:32
C:\Users\ASUS\Desktop\SENA\Nueva carpeta\vendor\laravel\framework\src\Illuminate\Container\Container.php:1036
C:\Users\ASUS\Desktop\SENA\Nueva carpeta\vendor\laravel\framework\src\Illuminate\Container\Container.php:916
C:\Users\ASUS\Desktop\SENA\Nueva carpeta\vendor\laravel\framework\src\Illuminate\Foundation\Application.php:1077
C:\Users\ASUS\Desktop\SENA\Nueva carpeta\vendor\laravel\framework\src\Illuminate\Container\Container.php:847
C:\Users\ASUS\Desktop\SENA\Nueva carpeta\vendor\laravel\framework\src\Illuminate\Foundation\Application.php:1057
C:\Users\ASUS\Desktop\SENA\Nueva carpeta\vendor\laravel\framework\src\Illuminate\Container\Container.php:1228
C:\Users\ASUS\Desktop\SENA\Nueva carpeta\vendor\laravel\framework\src\Illuminate\Container\Container.php:1127
C:\Users\ASUS\Desktop\SENA\Nueva carpeta\vendor\laravel\framework\src\Illuminate\Container\Container.php:1078
C:\Users\ASUS\Desktop\SENA\Nueva carpeta\vendor\laravel\framework\src\Illuminate\Container\Container.php:916
C:\Users\ASUS\Desktop\SENA\Nueva carpeta\vendor\laravel\framework\src\Illuminate\Foundation\Application.php:1077
C:\Users\ASUS\Desktop\SENA\Nueva carpeta\vendor\laravel\framework\src\Illuminate\Container\Container.php:847
C:\Users\ASUS\Desktop\SENA\Nueva carpeta\vendor\laravel\framework\src\Illuminate\Foundation\Application.php:1057
C:\Users\ASUS\Desktop\SENA\Nueva carpeta\vendor\laravel\framework\src\Illuminate\Foundation\Http\Kernel.php:257
C:\Users\ASUS\Desktop\SENA\Nueva carpeta\vendor\laravel\framework\src\Illuminate\Foundation\Http\Kernel.php:215
C:\Users\ASUS\Desktop\SENA\Nueva carpeta\vendor\laravel\framework\src\Illuminate\Foundation\Testing\Concerns\MakesHttpRequests.php:611
C:\Users\ASUS\Desktop\SENA\Nueva carpeta\vendor\laravel\framework\src\Illuminate\Foundation\Testing\Concerns\MakesHttpRequests.php:368
C:\Users\ASUS\Desktop\SENA\Nueva carpeta\tests\Feature\ExampleTest.php:15</error>
        </testcase>
      </testsuite>
    </testsuite>
  </testsuite>
</testsuites>
