<?xml version="1.0" encoding="UTF-8"?>
<testsuites>
  <testsuite name="C:\Users\ASUS\Desktop\SENA\Nueva carpeta\phpunit.xml" tests="948" assertions="2043" errors="0" failures="0" skipped="0" time="51.966087">
    <testsuite name="Unit" tests="643" assertions="1185" errors="0" failures="0" skipped="0" time="29.103831">
      <testsuite name="Tests\Unit\AjustesControllerUnitTest" file="C:\Users\ASUS\Desktop\SENA\Nueva carpeta\tests\Unit\AjustesControllerUnitTest.php" tests="25" assertions="69" errors="0" failures="0" skipped="0" time="3.750807">
        <testcase name="test_index_sin_parametros" file="C:\Users\ASUS\Desktop\SENA\Nueva carpeta\tests\Unit\AjustesControllerUnitTest.php" line="60" class="Tests\Unit\AjustesControllerUnitTest" classname="Tests.Unit.AjustesControllerUnitTest" assertions="8" time="1.777477"/>
        <testcase name="test_index_con_group_by_dia" file="C:\Users\ASUS\Desktop\SENA\Nueva carpeta\tests\Unit\AjustesControllerUnitTest.php" line="84" class="Tests\Unit\AjustesControllerUnitTest" classname="Tests.Unit.AjustesControllerUnitTest" assertions="3" time="0.038514"/>
        <testcase name="test_index_con_group_by_consulta" file="C:\Users\ASUS\Desktop\SENA\Nueva carpeta\tests\Unit\AjustesControllerUnitTest.php" line="95" class="Tests\Unit\AjustesControllerUnitTest" classname="Tests.Unit.AjustesControllerUnitTest" assertions="3" time="0.038839"/>
        <testcase name="test_index_con_tab_especifico" file="C:\Users\ASUS\Desktop\SENA\Nueva carpeta\tests\Unit\AjustesControllerUnitTest.php" line="106" class="Tests\Unit\AjustesControllerUnitTest" classname="Tests.Unit.AjustesControllerUnitTest" assertions="2" time="0.038999"/>
        <testcase name="test_index_con_tab_subservicios" file="C:\Users\ASUS\Desktop\SENA\Nueva carpeta\tests\Unit\AjustesControllerUnitTest.php" line="116" class="Tests\Unit\AjustesControllerUnitTest" classname="Tests.Unit.AjustesControllerUnitTest" assertions="2" time="0.039648"/>
        <testcase name="test_index_con_tab_movimientos" file="C:\Users\ASUS\Desktop\SENA\Nueva carpeta\tests\Unit\AjustesControllerUnitTest.php" line="126" class="Tests\Unit\AjustesControllerUnitTest" classname="Tests.Unit.AjustesControllerUnitTest" assertions="2" time="0.039701"/>
        <testcase name="test_index_con_tab_invalido" file="C:\Users\ASUS\Desktop\SENA\Nueva carpeta\tests\Unit\AjustesControllerUnitTest.php" line="136" class="Tests\Unit\AjustesControllerUnitTest" classname="Tests.Unit.AjustesControllerUnitTest" assertions="2" time="0.040452"/>
        <testcase name="test_index_con_cotizaciones" file="C:\Users\ASUS\Desktop\SENA\Nueva carpeta\tests\Unit\AjustesControllerUnitTest.php" line="147" class="Tests\Unit\AjustesControllerUnitTest" classname="Tests.Unit.AjustesControllerUnitTest" assertions="2" time="0.049986"/>
        <testcase name="test_export_historial_pdf_sin_group_by" file="C:\Users\ASUS\Desktop\SENA\Nueva carpeta\tests\Unit\AjustesControllerUnitTest.php" line="186" class="Tests\Unit\AjustesControllerUnitTest" classname="Tests.Unit.AjustesControllerUnitTest" assertions="2" time="0.455573"/>
        <testcase name="test_export_historial_pdf_con_group_by" file="C:\Users\ASUS\Desktop\SENA\Nueva carpeta\tests\Unit\AjustesControllerUnitTest.php" line="196" class="Tests\Unit\AjustesControllerUnitTest" classname="Tests.Unit.AjustesControllerUnitTest" assertions="2" time="0.299960"/>
        <testcase name="test_export_historial_pdf_con_group_by_consulta" file="C:\Users\ASUS\Desktop\SENA\Nueva carpeta\tests\Unit\AjustesControllerUnitTest.php" line="205" class="Tests\Unit\AjustesControllerUnitTest" classname="Tests.Unit.AjustesControllerUnitTest" assertions="2" time="0.328307"/>
        <testcase name="test_get_subservicios" file="C:\Users\ASUS\Desktop\SENA\Nueva carpeta\tests\Unit\AjustesControllerUnitTest.php" line="243" class="Tests\Unit\AjustesControllerUnitTest" classname="Tests.Unit.AjustesControllerUnitTest" assertions="4" time="0.048448"/>
        <testcase name="test_group_by_opciones_validas" file="C:\Users\ASUS\Desktop\SENA\Nueva carpeta\tests\Unit\AjustesControllerUnitTest.php" line="265" class="Tests\Unit\AjustesControllerUnitTest" classname="Tests.Unit.AjustesControllerUnitTest" assertions="3" time="0.033750"/>
        <testcase name="test_tab_opciones_validas" file="C:\Users\ASUS\Desktop\SENA\Nueva carpeta\tests\Unit\AjustesControllerUnitTest.php" line="274" class="Tests\Unit\AjustesControllerUnitTest" classname="Tests.Unit.AjustesControllerUnitTest" assertions="3" time="0.035261"/>
        <testcase name="test_active_tab_default" file="C:\Users\ASUS\Desktop\SENA\Nueva carpeta\tests\Unit\AjustesControllerUnitTest.php" line="283" class="Tests\Unit\AjustesControllerUnitTest" classname="Tests.Unit.AjustesControllerUnitTest" assertions="1" time="0.035913"/>
        <testcase name="test_active_tab_con_group_by" file="C:\Users\ASUS\Desktop\SENA\Nueva carpeta\tests\Unit\AjustesControllerUnitTest.php" line="291" class="Tests\Unit\AjustesControllerUnitTest" classname="Tests.Unit.AjustesControllerUnitTest" assertions="1" time="0.034776"/>
        <testcase name="test_group_cotizaciones_por_dia" file="C:\Users\ASUS\Desktop\SENA\Nueva carpeta\tests\Unit\AjustesControllerUnitTest.php" line="299" class="Tests\Unit\AjustesControllerUnitTest" classname="Tests.Unit.AjustesControllerUnitTest" assertions="2" time="0.048679"/>
        <testcase name="test_group_cotizaciones_por_consulta" file="C:\Users\ASUS\Desktop\SENA\Nueva carpeta\tests\Unit\AjustesControllerUnitTest.php" line="334" class="Tests\Unit\AjustesControllerUnitTest" classname="Tests.Unit.AjustesControllerUnitTest" assertions="2" time="0.047771"/>
        <testcase name="test_get_cotizaciones_metodo_privado" file="C:\Users\ASUS\Desktop\SENA\Nueva carpeta\tests\Unit\AjustesControllerUnitTest.php" line="373" class="Tests\Unit\AjustesControllerUnitTest" classname="Tests.Unit.AjustesControllerUnitTest" assertions="3" time="0.044214"/>
        <testcase name="test_group_cotizaciones_por_dia_metodo_privado" file="C:\Users\ASUS\Desktop\SENA\Nueva carpeta\tests\Unit\AjustesControllerUnitTest.php" line="406" class="Tests\Unit\AjustesControllerUnitTest" classname="Tests.Unit.AjustesControllerUnitTest" assertions="6" time="0.047827"/>
        <testcase name="test_group_cotizaciones_por_consulta_metodo_privado" file="C:\Users\ASUS\Desktop\SENA\Nueva carpeta\tests\Unit\AjustesControllerUnitTest.php" line="454" class="Tests\Unit\AjustesControllerUnitTest" classname="Tests.Unit.AjustesControllerUnitTest" assertions="8" time="0.044048"/>
        <testcase name="test_group_cotizaciones_sin_group_by" file="C:\Users\ASUS\Desktop\SENA\Nueva carpeta\tests\Unit\AjustesControllerUnitTest.php" line="497" class="Tests\Unit\AjustesControllerUnitTest" classname="Tests.Unit.AjustesControllerUnitTest" assertions="1" time="0.043770"/>
        <testcase name="test_group_cotizaciones_con_fecha_null" file="C:\Users\ASUS\Desktop\SENA\Nueva carpeta\tests\Unit\AjustesControllerUnitTest.php" line="530" class="Tests\Unit\AjustesControllerUnitTest" classname="Tests.Unit.AjustesControllerUnitTest" assertions="1" time="0.049820"/>
        <testcase name="test_group_cotizaciones_por_consulta_con_personas_id_null" file="C:\Users\ASUS\Desktop\SENA\Nueva carpeta\tests\Unit\AjustesControllerUnitTest.php" line="564" class="Tests\Unit\AjustesControllerUnitTest" classname="Tests.Unit.AjustesControllerUnitTest" assertions="1" time="0.045218"/>
        <testcase name="test_index_con_group_by_y_tab" file="C:\Users\ASUS\Desktop\SENA\Nueva carpeta\tests\Unit\AjustesControllerUnitTest.php" line="599" class="Tests\Unit\AjustesControllerUnitTest" classname="Tests.Unit.AjustesControllerUnitTest" assertions="3" time="0.043857"/>
      </testsuite>
      <testsuite name="Tests\Unit\BusquedaControllerUnitTest" file="C:\Users\ASUS\Desktop\SENA\Nueva carpeta\tests\Unit\BusquedaControllerUnitTest.php" tests="8" assertions="10" errors="0" failures="0" skipped="0" time="0.071769">
        <testcase name="test_normalizar_texto_convierte_a_minusculas" file="C:\Users\ASUS\Desktop\SENA\Nueva carpeta\tests\Unit\BusquedaControllerUnitTest.php" line="27" class="Tests\Unit\BusquedaControllerUnitTest" classname="Tests.Unit.BusquedaControllerUnitTest" assertions="1" time="0.059464"/>
        <testcase name="test_normalizar_texto_elimina_espacios_extra" file="C:\Users\ASUS\Desktop\SENA\Nueva carpeta\tests\Unit\BusquedaControllerUnitTest.php" line="33" class="Tests\Unit\BusquedaControllerUnitTest" classname="Tests.Unit.BusquedaControllerUnitTest" assertions="2" time="0.001828"/>
        <testcase name="test_normalizar_texto_corrige_animacion" file="C:\Users\ASUS\Desktop\SENA\Nueva carpeta\tests\Unit\BusquedaControllerUnitTest.php" line="43" class="Tests\Unit\BusquedaControllerUnitTest" classname="Tests.Unit.BusquedaControllerUnitTest" assertions="1" time="0.001757"/>
        <testcase name="test_normalizar_texto_corrige_animador" file="C:\Users\ASUS\Desktop\SENA\Nueva carpeta\tests\Unit\BusquedaControllerUnitTest.php" line="49" class="Tests\Unit\BusquedaControllerUnitTest" classname="Tests.Unit.BusquedaControllerUnitTest" assertions="1" time="0.001709"/>
        <testcase name="test_normalizar_texto_mantiene_alquiler" file="C:\Users\ASUS\Desktop\SENA\Nueva carpeta\tests\Unit\BusquedaControllerUnitTest.php" line="55" class="Tests\Unit\BusquedaControllerUnitTest" classname="Tests.Unit.BusquedaControllerUnitTest" assertions="1" time="0.001717"/>
        <testcase name="test_normalizar_texto_mantiene_publicidad" file="C:\Users\ASUS\Desktop\SENA\Nueva carpeta\tests\Unit\BusquedaControllerUnitTest.php" line="61" class="Tests\Unit\BusquedaControllerUnitTest" classname="Tests.Unit.BusquedaControllerUnitTest" assertions="1" time="0.001765"/>
        <testcase name="test_normalizar_texto_con_cadena_vacia" file="C:\Users\ASUS\Desktop\SENA\Nueva carpeta\tests\Unit\BusquedaControllerUnitTest.php" line="67" class="Tests\Unit\BusquedaControllerUnitTest" classname="Tests.Unit.BusquedaControllerUnitTest" assertions="1" time="0.001711"/>
        <testcase name="test_normalizar_texto_con_texto_complejo" file="C:\Users\ASUS\Desktop\SENA\Nueva carpeta\tests\Unit\BusquedaControllerUnitTest.php" line="73" class="Tests\Unit\BusquedaControllerUnitTest" classname="Tests.Unit.BusquedaControllerUnitTest" assertions="2" time="0.001819"/>
      </testsuite>
      <testsuite name="Tests\Unit\CalendarioControllerUnitTest" file="C:\Users\ASUS\Desktop\SENA\Nueva carpeta\tests\Unit\CalendarioControllerUnitTest.php" tests="3" assertions="8" errors="0" failures="0" skipped="0" time="0.019223">
        <testcase name="test_default_event_title_constante" file="C:\Users\ASUS\Desktop\SENA\Nueva carpeta\tests\Unit\CalendarioControllerUnitTest.php" line="19" class="Tests\Unit\CalendarioControllerUnitTest" classname="Tests.Unit.CalendarioControllerUnitTest" assertions="2" time="0.015820"/>
        <testcase name="test_is_admin_like_logica_administrador" file="C:\Users\ASUS\Desktop\SENA\Nueva carpeta\tests\Unit\CalendarioControllerUnitTest.php" line="30" class="Tests\Unit\CalendarioControllerUnitTest" classname="Tests.Unit.CalendarioControllerUnitTest" assertions="3" time="0.001628"/>
        <testcase name="test_is_admin_like_case_insensitive" file="C:\Users\ASUS\Desktop\SENA\Nueva carpeta\tests\Unit\CalendarioControllerUnitTest.php" line="41" class="Tests\Unit\CalendarioControllerUnitTest" classname="Tests.Unit.CalendarioControllerUnitTest" assertions="3" time="0.001775"/>
      </testsuite>
      <testsuite name="Tests\Unit\CalendarioDataServiceTest" file="C:\Users\ASUS\Desktop\SENA\Nueva carpeta\tests\Unit\CalendarioDataServiceTest.php" tests="15" assertions="43" errors="0" failures="0" skipped="0" time="0.655853">
        <testcase name="test_eliminar_duplicados_registros_sin_duplicados" file="C:\Users\ASUS\Desktop\SENA\Nueva carpeta\tests\Unit\CalendarioDataServiceTest.php" line="46" class="Tests\Unit\CalendarioDataServiceTest" classname="Tests.Unit.CalendarioDataServiceTest" assertions="1" time="0.046617"/>
        <testcase name="test_eliminar_duplicados_registros_con_duplicados" file="C:\Users\ASUS\Desktop\SENA\Nueva carpeta\tests\Unit\CalendarioDataServiceTest.php" line="75" class="Tests\Unit\CalendarioDataServiceTest" classname="Tests.Unit.CalendarioDataServiceTest" assertions="1" time="0.039272"/>
        <testcase name="test_eliminar_duplicados_registros_con_items_diferentes" file="C:\Users\ASUS\Desktop\SENA\Nueva carpeta\tests\Unit\CalendarioDataServiceTest.php" line="104" class="Tests\Unit\CalendarioDataServiceTest" classname="Tests.Unit.CalendarioDataServiceTest" assertions="1" time="0.051623"/>
        <testcase name="test_generar_clave_unica_registro" file="C:\Users\ASUS\Desktop\SENA\Nueva carpeta\tests\Unit\CalendarioDataServiceTest.php" line="171" class="Tests\Unit\CalendarioDataServiceTest" classname="Tests.Unit.CalendarioDataServiceTest" assertions="4" time="0.042616"/>
        <testcase name="test_generar_clave_unica_registro_con_items" file="C:\Users\ASUS\Desktop\SENA\Nueva carpeta\tests\Unit\CalendarioDataServiceTest.php" line="192" class="Tests\Unit\CalendarioDataServiceTest" classname="Tests.Unit.CalendarioDataServiceTest" assertions="3" time="0.044309"/>
        <testcase name="test_transformar_registro_a_data_desde_items" file="C:\Users\ASUS\Desktop\SENA\Nueva carpeta\tests\Unit\CalendarioDataServiceTest.php" line="234" class="Tests\Unit\CalendarioDataServiceTest" classname="Tests.Unit.CalendarioDataServiceTest" assertions="9" time="0.044773"/>
        <testcase name="test_transformar_registro_a_data_formato_antiguo" file="C:\Users\ASUS\Desktop\SENA\Nueva carpeta\tests\Unit\CalendarioDataServiceTest.php" line="282" class="Tests\Unit\CalendarioDataServiceTest" classname="Tests.Unit.CalendarioDataServiceTest" assertions="4" time="0.043644"/>
        <testcase name="test_transformar_registro_a_data_sin_productos" file="C:\Users\ASUS\Desktop\SENA\Nueva carpeta\tests\Unit\CalendarioDataServiceTest.php" line="320" class="Tests\Unit\CalendarioDataServiceTest" classname="Tests.Unit.CalendarioDataServiceTest" assertions="3" time="0.039649"/>
        <testcase name="test_transformar_registro_a_data_con_multiples_items" file="C:\Users\ASUS\Desktop\SENA\Nueva carpeta\tests\Unit\CalendarioDataServiceTest.php" line="342" class="Tests\Unit\CalendarioDataServiceTest" classname="Tests.Unit.CalendarioDataServiceTest" assertions="3" time="0.047705"/>
        <testcase name="test_obtener_registros_unicos" file="C:\Users\ASUS\Desktop\SENA\Nueva carpeta\tests\Unit\CalendarioDataServiceTest.php" line="406" class="Tests\Unit\CalendarioDataServiceTest" classname="Tests.Unit.CalendarioDataServiceTest" assertions="3" time="0.046409"/>
        <testcase name="test_cargar_movimientos_e_inventarios" file="C:\Users\ASUS\Desktop\SENA\Nueva carpeta\tests\Unit\CalendarioDataServiceTest.php" line="426" class="Tests\Unit\CalendarioDataServiceTest" classname="Tests.Unit.CalendarioDataServiceTest" assertions="4" time="0.041148"/>
        <testcase name="test_cargar_movimientos_e_inventarios_vacios" file="C:\Users\ASUS\Desktop\SENA\Nueva carpeta\tests\Unit\CalendarioDataServiceTest.php" line="449" class="Tests\Unit\CalendarioDataServiceTest" classname="Tests.Unit.CalendarioDataServiceTest" assertions="4" time="0.036967"/>
        <testcase name="test_transformar_registro_a_data_incluye_tiene_items" file="C:\Users\ASUS\Desktop\SENA\Nueva carpeta\tests\Unit\CalendarioDataServiceTest.php" line="463" class="Tests\Unit\CalendarioDataServiceTest" classname="Tests.Unit.CalendarioDataServiceTest" assertions="1" time="0.045421"/>
        <testcase name="test_transformar_registro_a_data_sin_items" file="C:\Users\ASUS\Desktop\SENA\Nueva carpeta\tests\Unit\CalendarioDataServiceTest.php" line="502" class="Tests\Unit\CalendarioDataServiceTest" classname="Tests.Unit.CalendarioDataServiceTest" assertions="1" time="0.038993"/>
        <testcase name="test_transformar_registro_a_data_formato_antiguo_sin_cantidad" file="C:\Users\ASUS\Desktop\SENA\Nueva carpeta\tests\Unit\CalendarioDataServiceTest.php" line="522" class="Tests\Unit\CalendarioDataServiceTest" classname="Tests.Unit.CalendarioDataServiceTest" assertions="1" time="0.046705"/>
      </testsuite>
      <testsuite name="Tests\Unit\CalendarioEventServiceTest" file="C:\Users\ASUS\Desktop\SENA\Nueva carpeta\tests\Unit\CalendarioEventServiceTest.php" tests="13" assertions="38" errors="0" failures="0" skipped="0" time="0.622314">
        <testcase name="test_construir_evento_desde_items" file="C:\Users\ASUS\Desktop\SENA\Nueva carpeta\tests\Unit\CalendarioEventServiceTest.php" line="47" class="Tests\Unit\CalendarioEventServiceTest" classname="Tests.Unit.CalendarioEventServiceTest" assertions="6" time="0.084806"/>
        <testcase name="test_construir_evento_formato_antiguo" file="C:\Users\ASUS\Desktop\SENA\Nueva carpeta\tests\Unit\CalendarioEventServiceTest.php" line="92" class="Tests\Unit\CalendarioEventServiceTest" classname="Tests.Unit.CalendarioEventServiceTest" assertions="4" time="0.076769"/>
        <testcase name="test_construir_evento_sin_items_ni_movimiento" file="C:\Users\ASUS\Desktop\SENA\Nueva carpeta\tests\Unit\CalendarioEventServiceTest.php" line="131" class="Tests\Unit\CalendarioEventServiceTest" classname="Tests.Unit.CalendarioEventServiceTest" assertions="3" time="0.047772"/>
        <testcase name="test_construir_evento_con_multiples_items" file="C:\Users\ASUS\Desktop\SENA\Nueva carpeta\tests\Unit\CalendarioEventServiceTest.php" line="153" class="Tests\Unit\CalendarioEventServiceTest" classname="Tests.Unit.CalendarioEventServiceTest" assertions="4" time="0.048422"/>
        <testcase name="test_construir_evento_con_item_sin_inventario_en_coleccion" file="C:\Users\ASUS\Desktop\SENA\Nueva carpeta\tests\Unit\CalendarioEventServiceTest.php" line="214" class="Tests\Unit\CalendarioEventServiceTest" classname="Tests.Unit.CalendarioEventServiceTest" assertions="2" time="0.045179"/>
        <testcase name="test_construir_evento_formato_antiguo_sin_cantidad" file="C:\Users\ASUS\Desktop\SENA\Nueva carpeta\tests\Unit\CalendarioEventServiceTest.php" line="255" class="Tests\Unit\CalendarioEventServiceTest" classname="Tests.Unit.CalendarioEventServiceTest" assertions="3" time="0.044920"/>
        <testcase name="test_next_palette_color_retorna_colores" file="C:\Users\ASUS\Desktop\SENA\Nueva carpeta\tests\Unit\CalendarioEventServiceTest.php" line="296" class="Tests\Unit\CalendarioEventServiceTest" classname="Tests.Unit.CalendarioEventServiceTest" assertions="5" time="0.038702"/>
        <testcase name="test_next_palette_color_rota_colores" file="C:\Users\ASUS\Desktop\SENA\Nueva carpeta\tests\Unit\CalendarioEventServiceTest.php" line="307" class="Tests\Unit\CalendarioEventServiceTest" classname="Tests.Unit.CalendarioEventServiceTest" assertions="3" time="0.036924"/>
        <testcase name="test_next_palette_color_usa_default_si_palette_vacia" file="C:\Users\ASUS\Desktop\SENA\Nueva carpeta\tests\Unit\CalendarioEventServiceTest.php" line="318" class="Tests\Unit\CalendarioEventServiceTest" classname="Tests.Unit.CalendarioEventServiceTest" assertions="2" time="0.037158"/>
        <testcase name="test_reset_palette_cursor" file="C:\Users\ASUS\Desktop\SENA\Nueva carpeta\tests\Unit\CalendarioEventServiceTest.php" line="334" class="Tests\Unit\CalendarioEventServiceTest" classname="Tests.Unit.CalendarioEventServiceTest" assertions="1" time="0.036631"/>
        <testcase name="test_construir_evento_incluye_calendario_id" file="C:\Users\ASUS\Desktop\SENA\Nueva carpeta\tests\Unit\CalendarioEventServiceTest.php" line="349" class="Tests\Unit\CalendarioEventServiceTest" classname="Tests.Unit.CalendarioEventServiceTest" assertions="1" time="0.038372"/>
        <testcase name="test_construir_evento_incluye_inventario_ids" file="C:\Users\ASUS\Desktop\SENA\Nueva carpeta\tests\Unit\CalendarioEventServiceTest.php" line="369" class="Tests\Unit\CalendarioEventServiceTest" classname="Tests.Unit.CalendarioEventServiceTest" assertions="2" time="0.044268"/>
        <testcase name="test_construir_evento_con_descripcion_evento_vacia" file="C:\Users\ASUS\Desktop\SENA\Nueva carpeta\tests\Unit\CalendarioEventServiceTest.php" line="405" class="Tests\Unit\CalendarioEventServiceTest" classname="Tests.Unit.CalendarioEventServiceTest" assertions="2" time="0.042391"/>
      </testsuite>
      <testsuite name="Tests\Unit\CalendarioValidationServiceTest" file="C:\Users\ASUS\Desktop\SENA\Nueva carpeta\tests\Unit\CalendarioValidationServiceTest.php" tests="37" assertions="61" errors="0" failures="0" skipped="0" time="1.571648">
        <testcase name="test_get_validation_rules_for_items" file="C:\Users\ASUS\Desktop\SENA\Nueva carpeta\tests\Unit\CalendarioValidationServiceTest.php" line="48" class="Tests\Unit\CalendarioValidationServiceTest" classname="Tests.Unit.CalendarioValidationServiceTest" assertions="5" time="0.066734"/>
        <testcase name="test_get_validation_messages_for_items" file="C:\Users\ASUS\Desktop\SENA\Nueva carpeta\tests\Unit\CalendarioValidationServiceTest.php" line="59" class="Tests\Unit\CalendarioValidationServiceTest" classname="Tests.Unit.CalendarioValidationServiceTest" assertions="3" time="0.042169"/>
        <testcase name="test_get_validation_rules_for_old_format" file="C:\Users\ASUS\Desktop\SENA\Nueva carpeta\tests\Unit\CalendarioValidationServiceTest.php" line="68" class="Tests\Unit\CalendarioValidationServiceTest" classname="Tests.Unit.CalendarioValidationServiceTest" assertions="3" time="0.037405"/>
        <testcase name="test_get_validation_messages_for_old_format" file="C:\Users\ASUS\Desktop\SENA\Nueva carpeta\tests\Unit\CalendarioValidationServiceTest.php" line="77" class="Tests\Unit\CalendarioValidationServiceTest" classname="Tests.Unit.CalendarioValidationServiceTest" assertions="2" time="0.037388"/>
        <testcase name="test_get_validation_rules_for_update_items" file="C:\Users\ASUS\Desktop\SENA\Nueva carpeta\tests\Unit\CalendarioValidationServiceTest.php" line="85" class="Tests\Unit\CalendarioValidationServiceTest" classname="Tests.Unit.CalendarioValidationServiceTest" assertions="3" time="0.036398"/>
        <testcase name="test_get_validation_messages_for_update_items" file="C:\Users\ASUS\Desktop\SENA\Nueva carpeta\tests\Unit\CalendarioValidationServiceTest.php" line="94" class="Tests\Unit\CalendarioValidationServiceTest" classname="Tests.Unit.CalendarioValidationServiceTest" assertions="3" time="0.036800"/>
        <testcase name="test_get_validation_rules_for_update_old_format" file="C:\Users\ASUS\Desktop\SENA\Nueva carpeta\tests\Unit\CalendarioValidationServiceTest.php" line="103" class="Tests\Unit\CalendarioValidationServiceTest" classname="Tests.Unit.CalendarioValidationServiceTest" assertions="3" time="0.037378"/>
        <testcase name="test_get_validation_messages_for_update_old_format" file="C:\Users\ASUS\Desktop\SENA\Nueva carpeta\tests\Unit\CalendarioValidationServiceTest.php" line="112" class="Tests\Unit\CalendarioValidationServiceTest" classname="Tests.Unit.CalendarioValidationServiceTest" assertions="3" time="0.037269"/>
        <testcase name="test_validar_stock_para_items_suficiente" file="C:\Users\ASUS\Desktop\SENA\Nueva carpeta\tests\Unit\CalendarioValidationServiceTest.php" line="121" class="Tests\Unit\CalendarioValidationServiceTest" classname="Tests.Unit.CalendarioValidationServiceTest" assertions="1" time="0.039982"/>
        <testcase name="test_validar_stock_para_items_inventario_no_existe" file="C:\Users\ASUS\Desktop\SENA\Nueva carpeta\tests\Unit\CalendarioValidationServiceTest.php" line="141" class="Tests\Unit\CalendarioValidationServiceTest" classname="Tests.Unit.CalendarioValidationServiceTest" assertions="1" time="0.042678"/>
        <testcase name="test_validar_stock_para_items_stock_insuficiente" file="C:\Users\ASUS\Desktop\SENA\Nueva carpeta\tests\Unit\CalendarioValidationServiceTest.php" line="156" class="Tests\Unit\CalendarioValidationServiceTest" classname="Tests.Unit.CalendarioValidationServiceTest" assertions="1" time="0.040204"/>
        <testcase name="test_calcular_reservadas" file="C:\Users\ASUS\Desktop\SENA\Nueva carpeta\tests\Unit\CalendarioValidationServiceTest.php" line="176" class="Tests\Unit\CalendarioValidationServiceTest" classname="Tests.Unit.CalendarioValidationServiceTest" assertions="1" time="0.044908"/>
        <testcase name="test_calcular_reservadas_excluyendo" file="C:\Users\ASUS\Desktop\SENA\Nueva carpeta\tests\Unit\CalendarioValidationServiceTest.php" line="210" class="Tests\Unit\CalendarioValidationServiceTest" classname="Tests.Unit.CalendarioValidationServiceTest" assertions="1" time="0.047040"/>
        <testcase name="test_validar_stock_para_items_con_reservas_existentes" file="C:\Users\ASUS\Desktop\SENA\Nueva carpeta\tests\Unit\CalendarioValidationServiceTest.php" line="262" class="Tests\Unit\CalendarioValidationServiceTest" classname="Tests.Unit.CalendarioValidationServiceTest" assertions="1" time="0.043999"/>
        <testcase name="test_validar_stock_para_items_con_reservas_insuficiente" file="C:\Users\ASUS\Desktop\SENA\Nueva carpeta\tests\Unit\CalendarioValidationServiceTest.php" line="304" class="Tests\Unit\CalendarioValidationServiceTest" classname="Tests.Unit.CalendarioValidationServiceTest" assertions="1" time="0.050068"/>
        <testcase name="test_validar_stock_para_items_con_cantidad_default" file="C:\Users\ASUS\Desktop\SENA\Nueva carpeta\tests\Unit\CalendarioValidationServiceTest.php" line="346" class="Tests\Unit\CalendarioValidationServiceTest" classname="Tests.Unit.CalendarioValidationServiceTest" assertions="1" time="0.041616"/>
        <testcase name="test_validar_stock_para_items_con_stock_cero" file="C:\Users\ASUS\Desktop\SENA\Nueva carpeta\tests\Unit\CalendarioValidationServiceTest.php" line="366" class="Tests\Unit\CalendarioValidationServiceTest" classname="Tests.Unit.CalendarioValidationServiceTest" assertions="1" time="0.039999"/>
        <testcase name="test_validar_stock_para_items_con_multiples_items" file="C:\Users\ASUS\Desktop\SENA\Nueva carpeta\tests\Unit\CalendarioValidationServiceTest.php" line="386" class="Tests\Unit\CalendarioValidationServiceTest" classname="Tests.Unit.CalendarioValidationServiceTest" assertions="1" time="0.041505"/>
        <testcase name="test_validar_stock_para_items_con_producto_descripcion_vacia" file="C:\Users\ASUS\Desktop\SENA\Nueva carpeta\tests\Unit\CalendarioValidationServiceTest.php" line="412" class="Tests\Unit\CalendarioValidationServiceTest" classname="Tests.Unit.CalendarioValidationServiceTest" assertions="1" time="0.040010"/>
        <testcase name="test_validar_stock_para_actualizacion_suficiente" file="C:\Users\ASUS\Desktop\SENA\Nueva carpeta\tests\Unit\CalendarioValidationServiceTest.php" line="436" class="Tests\Unit\CalendarioValidationServiceTest" classname="Tests.Unit.CalendarioValidationServiceTest" assertions="1" time="0.046473"/>
        <testcase name="test_validar_stock_para_actualizacion_inventario_no_existe" file="C:\Users\ASUS\Desktop\SENA\Nueva carpeta\tests\Unit\CalendarioValidationServiceTest.php" line="480" class="Tests\Unit\CalendarioValidationServiceTest" classname="Tests.Unit.CalendarioValidationServiceTest" assertions="1" time="0.038734"/>
        <testcase name="test_validar_stock_para_actualizacion_stock_insuficiente" file="C:\Users\ASUS\Desktop\SENA\Nueva carpeta\tests\Unit\CalendarioValidationServiceTest.php" line="505" class="Tests\Unit\CalendarioValidationServiceTest" classname="Tests.Unit.CalendarioValidationServiceTest" assertions="1" time="0.046716"/>
        <testcase name="test_validar_stock_para_actualizacion_con_cantidad_default" file="C:\Users\ASUS\Desktop\SENA\Nueva carpeta\tests\Unit\CalendarioValidationServiceTest.php" line="564" class="Tests\Unit\CalendarioValidationServiceTest" classname="Tests.Unit.CalendarioValidationServiceTest" assertions="1" time="0.043978"/>
        <testcase name="test_validar_stock_para_actualizacion_con_cantidad_actual_cero" file="C:\Users\ASUS\Desktop\SENA\Nueva carpeta\tests\Unit\CalendarioValidationServiceTest.php" line="594" class="Tests\Unit\CalendarioValidationServiceTest" classname="Tests.Unit.CalendarioValidationServiceTest" assertions="1" time="0.041724"/>
        <testcase name="test_validar_stock_para_actualizacion_con_items_actuales_vacio" file="C:\Users\ASUS\Desktop\SENA\Nueva carpeta\tests\Unit\CalendarioValidationServiceTest.php" line="624" class="Tests\Unit\CalendarioValidationServiceTest" classname="Tests.Unit.CalendarioValidationServiceTest" assertions="1" time="0.040954"/>
        <testcase name="test_validar_stock_para_actualizacion_con_multiples_items" file="C:\Users\ASUS\Desktop\SENA\Nueva carpeta\tests\Unit\CalendarioValidationServiceTest.php" line="654" class="Tests\Unit\CalendarioValidationServiceTest" classname="Tests.Unit.CalendarioValidationServiceTest" assertions="1" time="0.043169"/>
        <testcase name="test_calcular_reservadas_sin_reservas" file="C:\Users\ASUS\Desktop\SENA\Nueva carpeta\tests\Unit\CalendarioValidationServiceTest.php" line="697" class="Tests\Unit\CalendarioValidationServiceTest" classname="Tests.Unit.CalendarioValidationServiceTest" assertions="1" time="0.038676"/>
        <testcase name="test_calcular_reservadas_con_fechas_no_solapadas" file="C:\Users\ASUS\Desktop\SENA\Nueva carpeta\tests\Unit\CalendarioValidationServiceTest.php" line="709" class="Tests\Unit\CalendarioValidationServiceTest" classname="Tests.Unit.CalendarioValidationServiceTest" assertions="1" time="0.044420"/>
        <testcase name="test_calcular_reservadas_con_fechas_solapadas_parcialmente" file="C:\Users\ASUS\Desktop\SENA\Nueva carpeta\tests\Unit\CalendarioValidationServiceTest.php" line="743" class="Tests\Unit\CalendarioValidationServiceTest" classname="Tests.Unit.CalendarioValidationServiceTest" assertions="1" time="0.043341"/>
        <testcase name="test_calcular_reservadas_con_multiples_reservas" file="C:\Users\ASUS\Desktop\SENA\Nueva carpeta\tests\Unit\CalendarioValidationServiceTest.php" line="777" class="Tests\Unit\CalendarioValidationServiceTest" classname="Tests.Unit.CalendarioValidationServiceTest" assertions="1" time="0.045495"/>
        <testcase name="test_calcular_reservadas_con_fecha_inicio_igual_fecha_fin" file="C:\Users\ASUS\Desktop\SENA\Nueva carpeta\tests\Unit\CalendarioValidationServiceTest.php" line="825" class="Tests\Unit\CalendarioValidationServiceTest" classname="Tests.Unit.CalendarioValidationServiceTest" assertions="1" time="0.045077"/>
        <testcase name="test_calcular_reservadas_excluyendo_sin_reservas" file="C:\Users\ASUS\Desktop\SENA\Nueva carpeta\tests\Unit\CalendarioValidationServiceTest.php" line="864" class="Tests\Unit\CalendarioValidationServiceTest" classname="Tests.Unit.CalendarioValidationServiceTest" assertions="1" time="0.041171"/>
        <testcase name="test_calcular_reservadas_excluyendo_con_fechas_no_solapadas" file="C:\Users\ASUS\Desktop\SENA\Nueva carpeta\tests\Unit\CalendarioValidationServiceTest.php" line="884" class="Tests\Unit\CalendarioValidationServiceTest" classname="Tests.Unit.CalendarioValidationServiceTest" assertions="1" time="0.043992"/>
        <testcase name="test_calcular_reservadas_excluyendo_con_multiples_reservas" file="C:\Users\ASUS\Desktop\SENA\Nueva carpeta\tests\Unit\CalendarioValidationServiceTest.php" line="918" class="Tests\Unit\CalendarioValidationServiceTest" classname="Tests.Unit.CalendarioValidationServiceTest" assertions="1" time="0.047137"/>
        <testcase name="test_get_validation_rules_for_update_items_incluye_servicio" file="C:\Users\ASUS\Desktop\SENA\Nueva carpeta\tests\Unit\CalendarioValidationServiceTest.php" line="985" class="Tests\Unit\CalendarioValidationServiceTest" classname="Tests.Unit.CalendarioValidationServiceTest" assertions="3" time="0.036602"/>
        <testcase name="test_get_validation_messages_for_update_items_mergea_mensajes" file="C:\Users\ASUS\Desktop\SENA\Nueva carpeta\tests\Unit\CalendarioValidationServiceTest.php" line="998" class="Tests\Unit\CalendarioValidationServiceTest" classname="Tests.Unit.CalendarioValidationServiceTest" assertions="3" time="0.039806"/>
        <testcase name="test_get_validation_messages_for_update_old_format_mergea_mensajes" file="C:\Users\ASUS\Desktop\SENA\Nueva carpeta\tests\Unit\CalendarioValidationServiceTest.php" line="1011" class="Tests\Unit\CalendarioValidationServiceTest" classname="Tests.Unit.CalendarioValidationServiceTest" assertions="4" time="0.040633"/>
      </testsuite>
      <testsuite name="Tests\Unit\ChatbotControllerUnitTest" file="C:\Users\ASUS\Desktop\SENA\Nueva carpeta\tests\Unit\ChatbotControllerUnitTest.php" tests="9" assertions="11" errors="0" failures="0" skipped="0" time="0.449150">
        <testcase name="test_controller_can_be_instantiated" file="C:\Users\ASUS\Desktop\SENA\Nueva carpeta\tests\Unit\ChatbotControllerUnitTest.php" line="71" class="Tests\Unit\ChatbotControllerUnitTest" classname="Tests.Unit.ChatbotControllerUnitTest" assertions="1" time="0.130959"/>
        <testcase name="test_index_retorna_vista" file="C:\Users\ASUS\Desktop\SENA\Nueva carpeta\tests\Unit\ChatbotControllerUnitTest.php" line="76" class="Tests\Unit\ChatbotControllerUnitTest" classname="Tests.Unit.ChatbotControllerUnitTest" assertions="1" time="0.037618"/>
        <testcase name="test_enviar_procesa_mensaje" file="C:\Users\ASUS\Desktop\SENA\Nueva carpeta\tests\Unit\ChatbotControllerUnitTest.php" line="83" class="Tests\Unit\ChatbotControllerUnitTest" classname="Tests.Unit.ChatbotControllerUnitTest" assertions="1" time="0.039502"/>
        <testcase name="test_enviar_procesa_seleccion" file="C:\Users\ASUS\Desktop\SENA\Nueva carpeta\tests\Unit\ChatbotControllerUnitTest.php" line="116" class="Tests\Unit\ChatbotControllerUnitTest" classname="Tests.Unit.ChatbotControllerUnitTest" assertions="1" time="0.051409"/>
        <testcase name="test_enviar_maneja_error" file="C:\Users\ASUS\Desktop\SENA\Nueva carpeta\tests\Unit\ChatbotControllerUnitTest.php" line="171" class="Tests\Unit\ChatbotControllerUnitTest" classname="Tests.Unit.ChatbotControllerUnitTest" assertions="1" time="0.046506"/>
        <testcase name="test_enviar_procesa_seleccion_vacio" file="C:\Users\ASUS\Desktop\SENA\Nueva carpeta\tests\Unit\ChatbotControllerUnitTest.php" line="201" class="Tests\Unit\ChatbotControllerUnitTest" classname="Tests.Unit.ChatbotControllerUnitTest" assertions="1" time="0.036176"/>
        <testcase name="test_enviar_confirm_intencion" file="C:\Users\ASUS\Desktop\SENA\Nueva carpeta\tests\Unit\ChatbotControllerUnitTest.php" line="237" class="Tests\Unit\ChatbotControllerUnitTest" classname="Tests.Unit.ChatbotControllerUnitTest" assertions="1" time="0.035978"/>
        <testcase name="test_enviar_limpiar_cotizacion" file="C:\Users\ASUS\Desktop\SENA\Nueva carpeta\tests\Unit\ChatbotControllerUnitTest.php" line="267" class="Tests\Unit\ChatbotControllerUnitTest" classname="Tests.Unit.ChatbotControllerUnitTest" assertions="2" time="0.035627"/>
        <testcase name="test_enviar_terminar_cotizacion" file="C:\Users\ASUS\Desktop\SENA\Nueva carpeta\tests\Unit\ChatbotControllerUnitTest.php" line="284" class="Tests\Unit\ChatbotControllerUnitTest" classname="Tests.Unit.ChatbotControllerUnitTest" assertions="2" time="0.035375"/>
      </testsuite>
      <testsuite name="Tests\Unit\ChatbotIntentionDetectorTest" file="C:\Users\ASUS\Desktop\SENA\Nueva carpeta\tests\Unit\ChatbotIntentionDetectorTest.php" tests="79" assertions="156" errors="0" failures="0" skipped="0" time="3.036000">
        <testcase name="test_detectar_intenciones_vacio" file="C:\Users\ASUS\Desktop\SENA\Nueva carpeta\tests\Unit\ChatbotIntentionDetectorTest.php" line="37" class="Tests\Unit\ChatbotIntentionDetectorTest" classname="Tests.Unit.ChatbotIntentionDetectorTest" assertions="2" time="0.053408"/>
        <testcase name="test_detectar_intenciones_alquiler" file="C:\Users\ASUS\Desktop\SENA\Nueva carpeta\tests\Unit\ChatbotIntentionDetectorTest.php" line="44" class="Tests\Unit\ChatbotIntentionDetectorTest" classname="Tests.Unit.ChatbotIntentionDetectorTest" assertions="2" time="0.042566"/>
        <testcase name="test_detectar_intenciones_animacion" file="C:\Users\ASUS\Desktop\SENA\Nueva carpeta\tests\Unit\ChatbotIntentionDetectorTest.php" line="51" class="Tests\Unit\ChatbotIntentionDetectorTest" classname="Tests.Unit.ChatbotIntentionDetectorTest" assertions="2" time="0.036346"/>
        <testcase name="test_detectar_intenciones_publicidad" file="C:\Users\ASUS\Desktop\SENA\Nueva carpeta\tests\Unit\ChatbotIntentionDetectorTest.php" line="58" class="Tests\Unit\ChatbotIntentionDetectorTest" classname="Tests.Unit.ChatbotIntentionDetectorTest" assertions="2" time="0.037141"/>
        <testcase name="test_detectar_intenciones_multiples" file="C:\Users\ASUS\Desktop\SENA\Nueva carpeta\tests\Unit\ChatbotIntentionDetectorTest.php" line="65" class="Tests\Unit\ChatbotIntentionDetectorTest" classname="Tests.Unit.ChatbotIntentionDetectorTest" assertions="3" time="0.042004"/>
        <testcase name="test_validar_intenciones_contra_mensaje_valida_alquiler" file="C:\Users\ASUS\Desktop\SENA\Nueva carpeta\tests\Unit\ChatbotIntentionDetectorTest.php" line="76" class="Tests\Unit\ChatbotIntentionDetectorTest" classname="Tests.Unit.ChatbotIntentionDetectorTest" assertions="1" time="0.035101"/>
        <testcase name="test_validar_intenciones_contra_mensaje_invalida_alquiler" file="C:\Users\ASUS\Desktop\SENA\Nueva carpeta\tests\Unit\ChatbotIntentionDetectorTest.php" line="85" class="Tests\Unit\ChatbotIntentionDetectorTest" classname="Tests.Unit.ChatbotIntentionDetectorTest" assertions="1" time="0.035426"/>
        <testcase name="test_validar_intenciones_contra_mensaje_con_animacion" file="C:\Users\ASUS\Desktop\SENA\Nueva carpeta\tests\Unit\ChatbotIntentionDetectorTest.php" line="94" class="Tests\Unit\ChatbotIntentionDetectorTest" classname="Tests.Unit.ChatbotIntentionDetectorTest" assertions="1" time="0.035016"/>
        <testcase name="test_validar_intenciones_contra_mensaje_con_publicidad" file="C:\Users\ASUS\Desktop\SENA\Nueva carpeta\tests\Unit\ChatbotIntentionDetectorTest.php" line="103" class="Tests\Unit\ChatbotIntentionDetectorTest" classname="Tests.Unit.ChatbotIntentionDetectorTest" assertions="1" time="0.033834"/>
        <testcase name="test_validar_intenciones_contra_mensaje_vacio" file="C:\Users\ASUS\Desktop\SENA\Nueva carpeta\tests\Unit\ChatbotIntentionDetectorTest.php" line="112" class="Tests\Unit\ChatbotIntentionDetectorTest" classname="Tests.Unit.ChatbotIntentionDetectorTest" assertions="1" time="0.033679"/>
        <testcase name="test_validar_intenciones_contra_mensaje_multiples" file="C:\Users\ASUS\Desktop\SENA\Nueva carpeta\tests\Unit\ChatbotIntentionDetectorTest.php" line="121" class="Tests\Unit\ChatbotIntentionDetectorTest" classname="Tests.Unit.ChatbotIntentionDetectorTest" assertions="3" time="0.034704"/>
        <testcase name="test_es_relacionado_con_alquiler" file="C:\Users\ASUS\Desktop\SENA\Nueva carpeta\tests\Unit\ChatbotIntentionDetectorTest.php" line="135" class="Tests\Unit\ChatbotIntentionDetectorTest" classname="Tests.Unit.ChatbotIntentionDetectorTest" assertions="1" time="0.036496"/>
        <testcase name="test_es_relacionado_con_animacion" file="C:\Users\ASUS\Desktop\SENA\Nueva carpeta\tests\Unit\ChatbotIntentionDetectorTest.php" line="141" class="Tests\Unit\ChatbotIntentionDetectorTest" classname="Tests.Unit.ChatbotIntentionDetectorTest" assertions="1" time="0.034868"/>
        <testcase name="test_es_relacionado_con_publicidad" file="C:\Users\ASUS\Desktop\SENA\Nueva carpeta\tests\Unit\ChatbotIntentionDetectorTest.php" line="147" class="Tests\Unit\ChatbotIntentionDetectorTest" classname="Tests.Unit.ChatbotIntentionDetectorTest" assertions="1" time="0.036315"/>
        <testcase name="test_es_relacionado_con_mensaje_vacio" file="C:\Users\ASUS\Desktop\SENA\Nueva carpeta\tests\Unit\ChatbotIntentionDetectorTest.php" line="153" class="Tests\Unit\ChatbotIntentionDetectorTest" classname="Tests.Unit.ChatbotIntentionDetectorTest" assertions="1" time="0.034496"/>
        <testcase name="test_es_relacionado_con_mensaje_no_relacionado" file="C:\Users\ASUS\Desktop\SENA\Nueva carpeta\tests\Unit\ChatbotIntentionDetectorTest.php" line="160" class="Tests\Unit\ChatbotIntentionDetectorTest" classname="Tests.Unit.ChatbotIntentionDetectorTest" assertions="1" time="0.034689"/>
        <testcase name="test_es_relacionado_case_insensitive" file="C:\Users\ASUS\Desktop\SENA\Nueva carpeta\tests\Unit\ChatbotIntentionDetectorTest.php" line="167" class="Tests\Unit\ChatbotIntentionDetectorTest" classname="Tests.Unit.ChatbotIntentionDetectorTest" assertions="2" time="0.034484"/>
        <testcase name="test_clasificar_por_tfidf_con_cadena_vacia" file="C:\Users\ASUS\Desktop\SENA\Nueva carpeta\tests\Unit\ChatbotIntentionDetectorTest.php" line="180" class="Tests\Unit\ChatbotIntentionDetectorTest" classname="Tests.Unit.ChatbotIntentionDetectorTest" assertions="2" time="0.034501"/>
        <testcase name="test_clasificar_por_tfidf_retorna_array" file="C:\Users\ASUS\Desktop\SENA\Nueva carpeta\tests\Unit\ChatbotIntentionDetectorTest.php" line="187" class="Tests\Unit\ChatbotIntentionDetectorTest" classname="Tests.Unit.ChatbotIntentionDetectorTest" assertions="1" time="0.037411"/>
        <testcase name="test_clasificar_por_tfidf_con_texto_solo_espacios" file="C:\Users\ASUS\Desktop\SENA\Nueva carpeta\tests\Unit\ChatbotIntentionDetectorTest.php" line="195" class="Tests\Unit\ChatbotIntentionDetectorTest" classname="Tests.Unit.ChatbotIntentionDetectorTest" assertions="2" time="0.035501"/>
        <testcase name="test_validar_intenciones_contra_mensaje_con_intencion_no_en_explicitas" file="C:\Users\ASUS\Desktop\SENA\Nueva carpeta\tests\Unit\ChatbotIntentionDetectorTest.php" line="206" class="Tests\Unit\ChatbotIntentionDetectorTest" classname="Tests.Unit.ChatbotIntentionDetectorTest" assertions="2" time="0.035918"/>
        <testcase name="test_validar_intenciones_contra_mensaje_con_intencion_valida_pero_no_en_mensaje" file="C:\Users\ASUS\Desktop\SENA\Nueva carpeta\tests\Unit\ChatbotIntentionDetectorTest.php" line="218" class="Tests\Unit\ChatbotIntentionDetectorTest" classname="Tests.Unit.ChatbotIntentionDetectorTest" assertions="1" time="0.036673"/>
        <testcase name="test_detectar_intenciones_con_palabras_fuertes" file="C:\Users\ASUS\Desktop\SENA\Nueva carpeta\tests\Unit\ChatbotIntentionDetectorTest.php" line="228" class="Tests\Unit\ChatbotIntentionDetectorTest" classname="Tests.Unit.ChatbotIntentionDetectorTest" assertions="2" time="0.037461"/>
        <testcase name="test_detectar_intenciones_con_puntaje_alto" file="C:\Users\ASUS\Desktop\SENA\Nueva carpeta\tests\Unit\ChatbotIntentionDetectorTest.php" line="237" class="Tests\Unit\ChatbotIntentionDetectorTest" classname="Tests.Unit.ChatbotIntentionDetectorTest" assertions="2" time="0.037385"/>
        <testcase name="test_detectar_intenciones_ordenadas_por_puntaje" file="C:\Users\ASUS\Desktop\SENA\Nueva carpeta\tests\Unit\ChatbotIntentionDetectorTest.php" line="245" class="Tests\Unit\ChatbotIntentionDetectorTest" classname="Tests.Unit.ChatbotIntentionDetectorTest" assertions="3" time="0.036591"/>
        <testcase name="test_es_relacionado_retorna_false_cuando_no_hay_palabras_clave" file="C:\Users\ASUS\Desktop\SENA\Nueva carpeta\tests\Unit\ChatbotIntentionDetectorTest.php" line="254" class="Tests\Unit\ChatbotIntentionDetectorTest" classname="Tests.Unit.ChatbotIntentionDetectorTest" assertions="1" time="0.061430"/>
        <testcase name="test_detectar_intenciones_con_palabra_explicita" file="C:\Users\ASUS\Desktop\SENA\Nueva carpeta\tests\Unit\ChatbotIntentionDetectorTest.php" line="260" class="Tests\Unit\ChatbotIntentionDetectorTest" classname="Tests.Unit.ChatbotIntentionDetectorTest" assertions="2" time="0.053911"/>
        <testcase name="test_detectar_intenciones_con_maestro_ceremonias" file="C:\Users\ASUS\Desktop\SENA\Nueva carpeta\tests\Unit\ChatbotIntentionDetectorTest.php" line="268" class="Tests\Unit\ChatbotIntentionDetectorTest" classname="Tests.Unit.ChatbotIntentionDetectorTest" assertions="2" time="0.049593"/>
        <testcase name="test_detectar_intenciones_con_par_led" file="C:\Users\ASUS\Desktop\SENA\Nueva carpeta\tests\Unit\ChatbotIntentionDetectorTest.php" line="276" class="Tests\Unit\ChatbotIntentionDetectorTest" classname="Tests.Unit.ChatbotIntentionDetectorTest" assertions="2" time="0.046990"/>
        <testcase name="test_detectar_intenciones_con_cumpleanos" file="C:\Users\ASUS\Desktop\SENA\Nueva carpeta\tests\Unit\ChatbotIntentionDetectorTest.php" line="284" class="Tests\Unit\ChatbotIntentionDetectorTest" classname="Tests.Unit.ChatbotIntentionDetectorTest" assertions="2" time="0.049786"/>
        <testcase name="test_detectar_intenciones_con_locucion" file="C:\Users\ASUS\Desktop\SENA\Nueva carpeta\tests\Unit\ChatbotIntentionDetectorTest.php" line="292" class="Tests\Unit\ChatbotIntentionDetectorTest" classname="Tests.Unit.ChatbotIntentionDetectorTest" assertions="2" time="0.046731"/>
        <testcase name="test_detectar_intenciones_con_equipo_sonido" file="C:\Users\ASUS\Desktop\SENA\Nueva carpeta\tests\Unit\ChatbotIntentionDetectorTest.php" line="300" class="Tests\Unit\ChatbotIntentionDetectorTest" classname="Tests.Unit.ChatbotIntentionDetectorTest" assertions="2" time="0.053457"/>
        <testcase name="test_validar_intenciones_con_palabra_clave_en_mensaje" file="C:\Users\ASUS\Desktop\SENA\Nueva carpeta\tests\Unit\ChatbotIntentionDetectorTest.php" line="308" class="Tests\Unit\ChatbotIntentionDetectorTest" classname="Tests.Unit.ChatbotIntentionDetectorTest" assertions="1" time="0.045291"/>
        <testcase name="test_validar_intenciones_con_multiples_palabras_clave" file="C:\Users\ASUS\Desktop\SENA\Nueva carpeta\tests\Unit\ChatbotIntentionDetectorTest.php" line="318" class="Tests\Unit\ChatbotIntentionDetectorTest" classname="Tests.Unit.ChatbotIntentionDetectorTest" assertions="3" time="0.039463"/>
        <testcase name="test_es_relacionado_con_palabra_clave_parcial" file="C:\Users\ASUS\Desktop\SENA\Nueva carpeta\tests\Unit\ChatbotIntentionDetectorTest.php" line="329" class="Tests\Unit\ChatbotIntentionDetectorTest" classname="Tests.Unit.ChatbotIntentionDetectorTest" assertions="1" time="0.037755"/>
        <testcase name="test_detectar_intenciones_case_insensitive" file="C:\Users\ASUS\Desktop\SENA\Nueva carpeta\tests\Unit\ChatbotIntentionDetectorTest.php" line="336" class="Tests\Unit\ChatbotIntentionDetectorTest" classname="Tests.Unit.ChatbotIntentionDetectorTest" assertions="2" time="0.036983"/>
        <testcase name="test_detectar_intenciones_con_acentos" file="C:\Users\ASUS\Desktop\SENA\Nueva carpeta\tests\Unit\ChatbotIntentionDetectorTest.php" line="344" class="Tests\Unit\ChatbotIntentionDetectorTest" classname="Tests.Unit.ChatbotIntentionDetectorTest" assertions="2" time="0.037038"/>
        <testcase name="test_detectar_intenciones_con_puntaje_exacto_dos" file="C:\Users\ASUS\Desktop\SENA\Nueva carpeta\tests\Unit\ChatbotIntentionDetectorTest.php" line="356" class="Tests\Unit\ChatbotIntentionDetectorTest" classname="Tests.Unit.ChatbotIntentionDetectorTest" assertions="2" time="0.036165"/>
        <testcase name="test_detectar_intenciones_con_puntaje_uno_y_palabra_explicita_animacion" file="C:\Users\ASUS\Desktop\SENA\Nueva carpeta\tests\Unit\ChatbotIntentionDetectorTest.php" line="365" class="Tests\Unit\ChatbotIntentionDetectorTest" classname="Tests.Unit.ChatbotIntentionDetectorTest" assertions="2" time="0.039579"/>
        <testcase name="test_detectar_intenciones_con_puntaje_uno_y_palabra_fuerte_publicidad" file="C:\Users\ASUS\Desktop\SENA\Nueva carpeta\tests\Unit\ChatbotIntentionDetectorTest.php" line="373" class="Tests\Unit\ChatbotIntentionDetectorTest" classname="Tests.Unit.ChatbotIntentionDetectorTest" assertions="2" time="0.037513"/>
        <testcase name="test_detectar_intenciones_sin_puntaje_suficiente" file="C:\Users\ASUS\Desktop\SENA\Nueva carpeta\tests\Unit\ChatbotIntentionDetectorTest.php" line="381" class="Tests\Unit\ChatbotIntentionDetectorTest" classname="Tests.Unit.ChatbotIntentionDetectorTest" assertions="1" time="0.036372"/>
        <testcase name="test_detectar_intenciones_con_palabra_en_limite_palabra" file="C:\Users\ASUS\Desktop\SENA\Nueva carpeta\tests\Unit\ChatbotIntentionDetectorTest.php" line="389" class="Tests\Unit\ChatbotIntentionDetectorTest" classname="Tests.Unit.ChatbotIntentionDetectorTest" assertions="2" time="0.035307"/>
        <testcase name="test_detectar_intenciones_ordenamiento_por_puntaje" file="C:\Users\ASUS\Desktop\SENA\Nueva carpeta\tests\Unit\ChatbotIntentionDetectorTest.php" line="397" class="Tests\Unit\ChatbotIntentionDetectorTest" classname="Tests.Unit.ChatbotIntentionDetectorTest" assertions="3" time="0.036219"/>
        <testcase name="test_detectar_intenciones_con_todas_las_palabras_clave_alquiler" file="C:\Users\ASUS\Desktop\SENA\Nueva carpeta\tests\Unit\ChatbotIntentionDetectorTest.php" line="409" class="Tests\Unit\ChatbotIntentionDetectorTest" classname="Tests.Unit.ChatbotIntentionDetectorTest" assertions="2" time="0.036875"/>
        <testcase name="test_detectar_intenciones_con_todas_las_palabras_clave_animacion" file="C:\Users\ASUS\Desktop\SENA\Nueva carpeta\tests\Unit\ChatbotIntentionDetectorTest.php" line="417" class="Tests\Unit\ChatbotIntentionDetectorTest" classname="Tests.Unit.ChatbotIntentionDetectorTest" assertions="2" time="0.039150"/>
        <testcase name="test_detectar_intenciones_con_todas_las_palabras_clave_publicidad" file="C:\Users\ASUS\Desktop\SENA\Nueva carpeta\tests\Unit\ChatbotIntentionDetectorTest.php" line="425" class="Tests\Unit\ChatbotIntentionDetectorTest" classname="Tests.Unit.ChatbotIntentionDetectorTest" assertions="2" time="0.040334"/>
        <testcase name="test_validar_intenciones_con_intencion_no_valida" file="C:\Users\ASUS\Desktop\SENA\Nueva carpeta\tests\Unit\ChatbotIntentionDetectorTest.php" line="433" class="Tests\Unit\ChatbotIntentionDetectorTest" classname="Tests.Unit.ChatbotIntentionDetectorTest" assertions="2" time="0.038520"/>
        <testcase name="test_validar_intenciones_con_palabra_clave_al_inicio" file="C:\Users\ASUS\Desktop\SENA\Nueva carpeta\tests\Unit\ChatbotIntentionDetectorTest.php" line="444" class="Tests\Unit\ChatbotIntentionDetectorTest" classname="Tests.Unit.ChatbotIntentionDetectorTest" assertions="1" time="0.036602"/>
        <testcase name="test_validar_intenciones_con_palabra_clave_al_final" file="C:\Users\ASUS\Desktop\SENA\Nueva carpeta\tests\Unit\ChatbotIntentionDetectorTest.php" line="454" class="Tests\Unit\ChatbotIntentionDetectorTest" classname="Tests.Unit.ChatbotIntentionDetectorTest" assertions="1" time="0.035138"/>
        <testcase name="test_validar_intenciones_con_palabra_clave_en_medio" file="C:\Users\ASUS\Desktop\SENA\Nueva carpeta\tests\Unit\ChatbotIntentionDetectorTest.php" line="464" class="Tests\Unit\ChatbotIntentionDetectorTest" classname="Tests.Unit.ChatbotIntentionDetectorTest" assertions="1" time="0.034298"/>
        <testcase name="test_validar_intenciones_con_palabra_clave_con_acentos" file="C:\Users\ASUS\Desktop\SENA\Nueva carpeta\tests\Unit\ChatbotIntentionDetectorTest.php" line="474" class="Tests\Unit\ChatbotIntentionDetectorTest" classname="Tests.Unit.ChatbotIntentionDetectorTest" assertions="1" time="0.035366"/>
        <testcase name="test_es_relacionado_con_variaciones_de_palabras" file="C:\Users\ASUS\Desktop\SENA\Nueva carpeta\tests\Unit\ChatbotIntentionDetectorTest.php" line="484" class="Tests\Unit\ChatbotIntentionDetectorTest" classname="Tests.Unit.ChatbotIntentionDetectorTest" assertions="17" time="0.040957"/>
        <testcase name="test_es_relacionado_con_palabras_no_relacionadas" file="C:\Users\ASUS\Desktop\SENA\Nueva carpeta\tests\Unit\ChatbotIntentionDetectorTest.php" line="513" class="Tests\Unit\ChatbotIntentionDetectorTest" classname="Tests.Unit.ChatbotIntentionDetectorTest" assertions="8" time="0.036953"/>
        <testcase name="test_es_relacionado_con_palabras_clave_en_mayusculas" file="C:\Users\ASUS\Desktop\SENA\Nueva carpeta\tests\Unit\ChatbotIntentionDetectorTest.php" line="533" class="Tests\Unit\ChatbotIntentionDetectorTest" classname="Tests.Unit.ChatbotIntentionDetectorTest" assertions="1" time="0.033939"/>
        <testcase name="test_es_relacionado_con_palabras_clave_mixtas" file="C:\Users\ASUS\Desktop\SENA\Nueva carpeta\tests\Unit\ChatbotIntentionDetectorTest.php" line="540" class="Tests\Unit\ChatbotIntentionDetectorTest" classname="Tests.Unit.ChatbotIntentionDetectorTest" assertions="1" time="0.036221"/>
        <testcase name="test_detectar_intenciones_con_palabras_compuestas" file="C:\Users\ASUS\Desktop\SENA\Nueva carpeta\tests\Unit\ChatbotIntentionDetectorTest.php" line="547" class="Tests\Unit\ChatbotIntentionDetectorTest" classname="Tests.Unit.ChatbotIntentionDetectorTest" assertions="2" time="0.038688"/>
        <testcase name="test_detectar_intenciones_con_mensaje_muy_largo" file="C:\Users\ASUS\Desktop\SENA\Nueva carpeta\tests\Unit\ChatbotIntentionDetectorTest.php" line="555" class="Tests\Unit\ChatbotIntentionDetectorTest" classname="Tests.Unit.ChatbotIntentionDetectorTest" assertions="3" time="0.038072"/>
        <testcase name="test_detectar_intenciones_con_palabras_repetidas" file="C:\Users\ASUS\Desktop\SENA\Nueva carpeta\tests\Unit\ChatbotIntentionDetectorTest.php" line="564" class="Tests\Unit\ChatbotIntentionDetectorTest" classname="Tests.Unit.ChatbotIntentionDetectorTest" assertions="2" time="0.036500"/>
        <testcase name="test_detectar_intenciones_con_puntuacion" file="C:\Users\ASUS\Desktop\SENA\Nueva carpeta\tests\Unit\ChatbotIntentionDetectorTest.php" line="572" class="Tests\Unit\ChatbotIntentionDetectorTest" classname="Tests.Unit.ChatbotIntentionDetectorTest" assertions="3" time="0.040941"/>
        <testcase name="test_detectar_intenciones_con_numeros" file="C:\Users\ASUS\Desktop\SENA\Nueva carpeta\tests\Unit\ChatbotIntentionDetectorTest.php" line="580" class="Tests\Unit\ChatbotIntentionDetectorTest" classname="Tests.Unit.ChatbotIntentionDetectorTest" assertions="3" time="0.035182"/>
        <testcase name="test_validar_intenciones_con_mensaje_vacio" file="C:\Users\ASUS\Desktop\SENA\Nueva carpeta\tests\Unit\ChatbotIntentionDetectorTest.php" line="588" class="Tests\Unit\ChatbotIntentionDetectorTest" classname="Tests.Unit.ChatbotIntentionDetectorTest" assertions="2" time="0.033151"/>
        <testcase name="test_validar_intenciones_con_mensaje_solo_espacios" file="C:\Users\ASUS\Desktop\SENA\Nueva carpeta\tests\Unit\ChatbotIntentionDetectorTest.php" line="599" class="Tests\Unit\ChatbotIntentionDetectorTest" classname="Tests.Unit.ChatbotIntentionDetectorTest" assertions="2" time="0.035155"/>
        <testcase name="test_validar_intenciones_con_palabra_clave_como_parte_de_otra_palabra" file="C:\Users\ASUS\Desktop\SENA\Nueva carpeta\tests\Unit\ChatbotIntentionDetectorTest.php" line="610" class="Tests\Unit\ChatbotIntentionDetectorTest" classname="Tests.Unit.ChatbotIntentionDetectorTest" assertions="1" time="0.037572"/>
        <testcase name="test_detectar_intenciones_con_servicio_que_no_existe" file="C:\Users\ASUS\Desktop\SENA\Nueva carpeta\tests\Unit\ChatbotIntentionDetectorTest.php" line="622" class="Tests\Unit\ChatbotIntentionDetectorTest" classname="Tests.Unit.ChatbotIntentionDetectorTest" assertions="1" time="0.038768"/>
        <testcase name="test_clasificar_por_tfidf_con_texto_normalizado" file="C:\Users\ASUS\Desktop\SENA\Nueva carpeta\tests\Unit\ChatbotIntentionDetectorTest.php" line="634" class="Tests\Unit\ChatbotIntentionDetectorTest" classname="Tests.Unit.ChatbotIntentionDetectorTest" assertions="1" time="0.033468"/>
        <testcase name="test_clasificar_por_tfidf_con_caracteres_especiales" file="C:\Users\ASUS\Desktop\SENA\Nueva carpeta\tests\Unit\ChatbotIntentionDetectorTest.php" line="641" class="Tests\Unit\ChatbotIntentionDetectorTest" classname="Tests.Unit.ChatbotIntentionDetectorTest" assertions="1" time="0.032796"/>
        <testcase name="test_clasificar_por_tfidf_con_datos_en_bd" file="C:\Users\ASUS\Desktop\SENA\Nueva carpeta\tests\Unit\ChatbotIntentionDetectorTest.php" line="648" class="Tests\Unit\ChatbotIntentionDetectorTest" classname="Tests.Unit.ChatbotIntentionDetectorTest" assertions="1" time="0.038040"/>
        <testcase name="test_clasificar_por_tfidf_con_multiples_servicios" file="C:\Users\ASUS\Desktop\SENA\Nueva carpeta\tests\Unit\ChatbotIntentionDetectorTest.php" line="672" class="Tests\Unit\ChatbotIntentionDetectorTest" classname="Tests.Unit.ChatbotIntentionDetectorTest" assertions="1" time="0.038004"/>
        <testcase name="test_clasificar_por_tfidf_con_score_bajo" file="C:\Users\ASUS\Desktop\SENA\Nueva carpeta\tests\Unit\ChatbotIntentionDetectorTest.php" line="705" class="Tests\Unit\ChatbotIntentionDetectorTest" classname="Tests.Unit.ChatbotIntentionDetectorTest" assertions="1" time="0.037948"/>
        <testcase name="test_clasificar_por_tfidf_con_excepcion_en_cache" file="C:\Users\ASUS\Desktop\SENA\Nueva carpeta\tests\Unit\ChatbotIntentionDetectorTest.php" line="727" class="Tests\Unit\ChatbotIntentionDetectorTest" classname="Tests.Unit.ChatbotIntentionDetectorTest" assertions="1" time="0.035041"/>
        <testcase name="test_clasificar_por_tfidf_con_tokens_vacios" file="C:\Users\ASUS\Desktop\SENA\Nueva carpeta\tests\Unit\ChatbotIntentionDetectorTest.php" line="736" class="Tests\Unit\ChatbotIntentionDetectorTest" classname="Tests.Unit.ChatbotIntentionDetectorTest" assertions="2" time="0.039676"/>
        <testcase name="test_clasificar_por_tfidf_con_stopwords_solo" file="C:\Users\ASUS\Desktop\SENA\Nueva carpeta\tests\Unit\ChatbotIntentionDetectorTest.php" line="744" class="Tests\Unit\ChatbotIntentionDetectorTest" classname="Tests.Unit.ChatbotIntentionDetectorTest" assertions="2" time="0.037242"/>
        <testcase name="test_detectar_intenciones_con_tfidf_fallback" file="C:\Users\ASUS\Desktop\SENA\Nueva carpeta\tests\Unit\ChatbotIntentionDetectorTest.php" line="752" class="Tests\Unit\ChatbotIntentionDetectorTest" classname="Tests.Unit.ChatbotIntentionDetectorTest" assertions="1" time="0.037891"/>
        <testcase name="test_detectar_intenciones_con_palabras_stopwords" file="C:\Users\ASUS\Desktop\SENA\Nueva carpeta\tests\Unit\ChatbotIntentionDetectorTest.php" line="761" class="Tests\Unit\ChatbotIntentionDetectorTest" classname="Tests.Unit.ChatbotIntentionDetectorTest" assertions="2" time="0.038672"/>
        <testcase name="test_detectar_intenciones_con_orden_diferente" file="C:\Users\ASUS\Desktop\SENA\Nueva carpeta\tests\Unit\ChatbotIntentionDetectorTest.php" line="770" class="Tests\Unit\ChatbotIntentionDetectorTest" classname="Tests.Unit.ChatbotIntentionDetectorTest" assertions="4" time="0.036293"/>
        <testcase name="test_validar_intenciones_con_break_early" file="C:\Users\ASUS\Desktop\SENA\Nueva carpeta\tests\Unit\ChatbotIntentionDetectorTest.php" line="782" class="Tests\Unit\ChatbotIntentionDetectorTest" classname="Tests.Unit.ChatbotIntentionDetectorTest" assertions="2" time="0.036980"/>
        <testcase name="test_detectar_intenciones_con_cache_palabras" file="C:\Users\ASUS\Desktop\SENA\Nueva carpeta\tests\Unit\ChatbotIntentionDetectorTest.php" line="793" class="Tests\Unit\ChatbotIntentionDetectorTest" classname="Tests.Unit.ChatbotIntentionDetectorTest" assertions="2" time="0.038306"/>
        <testcase name="test_detectar_intenciones_con_puntaje_cero" file="C:\Users\ASUS\Desktop\SENA\Nueva carpeta\tests\Unit\ChatbotIntentionDetectorTest.php" line="804" class="Tests\Unit\ChatbotIntentionDetectorTest" classname="Tests.Unit.ChatbotIntentionDetectorTest" assertions="1" time="0.038530"/>
        <testcase name="test_es_relacionado_con_palabra_clave_con_guiones" file="C:\Users\ASUS\Desktop\SENA\Nueva carpeta\tests\Unit\ChatbotIntentionDetectorTest.php" line="812" class="Tests\Unit\ChatbotIntentionDetectorTest" classname="Tests.Unit.ChatbotIntentionDetectorTest" assertions="1" time="0.037134"/>
      </testsuite>
      <testsuite name="Tests\Unit\ChatbotMessageProcessorTest" file="C:\Users\ASUS\Desktop\SENA\Nueva carpeta\tests\Unit\ChatbotMessageProcessorTest.php" tests="34" assertions="43" errors="0" failures="0" skipped="0" time="1.415088">
        <testcase name="test_procesar_mensaje_texto_vacio" file="C:\Users\ASUS\Desktop\SENA\Nueva carpeta\tests\Unit\ChatbotMessageProcessorTest.php" line="65" class="Tests\Unit\ChatbotMessageProcessorTest" classname="Tests.Unit.ChatbotMessageProcessorTest" assertions="1" time="0.197015"/>
        <testcase name="test_procesar_mensaje_texto_con_catalogo" file="C:\Users\ASUS\Desktop\SENA\Nueva carpeta\tests\Unit\ChatbotMessageProcessorTest.php" line="88" class="Tests\Unit\ChatbotMessageProcessorTest" classname="Tests.Unit.ChatbotMessageProcessorTest" assertions="1" time="0.033845"/>
        <testcase name="test_procesar_mensaje_texto_fuera_de_tema" file="C:\Users\ASUS\Desktop\SENA\Nueva carpeta\tests\Unit\ChatbotMessageProcessorTest.php" line="114" class="Tests\Unit\ChatbotMessageProcessorTest" classname="Tests.Unit.ChatbotMessageProcessorTest" assertions="2" time="0.034402"/>
        <testcase name="test_procesar_mensaje_texto_con_intenciones" file="C:\Users\ASUS\Desktop\SENA\Nueva carpeta\tests\Unit\ChatbotMessageProcessorTest.php" line="151" class="Tests\Unit\ChatbotMessageProcessorTest" classname="Tests.Unit.ChatbotMessageProcessorTest" assertions="1" time="0.042713"/>
        <testcase name="test_procesar_mensaje_texto_con_actualizacion_dias" file="C:\Users\ASUS\Desktop\SENA\Nueva carpeta\tests\Unit\ChatbotMessageProcessorTest.php" line="209" class="Tests\Unit\ChatbotMessageProcessorTest" classname="Tests.Unit.ChatbotMessageProcessorTest" assertions="1" time="0.040131"/>
        <testcase name="test_procesar_mensaje_texto_buscar_subservicios" file="C:\Users\ASUS\Desktop\SENA\Nueva carpeta\tests\Unit\ChatbotMessageProcessorTest.php" line="265" class="Tests\Unit\ChatbotMessageProcessorTest" classname="Tests.Unit.ChatbotMessageProcessorTest" assertions="1" time="0.035697"/>
        <testcase name="test_procesar_mensaje_texto_con_continuacion" file="C:\Users\ASUS\Desktop\SENA\Nueva carpeta\tests\Unit\ChatbotMessageProcessorTest.php" line="326" class="Tests\Unit\ChatbotMessageProcessorTest" classname="Tests.Unit.ChatbotMessageProcessorTest" assertions="1" time="0.038518"/>
        <testcase name="test_procesar_mensaje_texto_con_dias_y_selecciones" file="C:\Users\ASUS\Desktop\SENA\Nueva carpeta\tests\Unit\ChatbotMessageProcessorTest.php" line="397" class="Tests\Unit\ChatbotMessageProcessorTest" classname="Tests.Unit.ChatbotMessageProcessorTest" assertions="1" time="0.037329"/>
        <testcase name="test_procesar_mensaje_texto_error_en_actualizacion_dias" file="C:\Users\ASUS\Desktop\SENA\Nueva carpeta\tests\Unit\ChatbotMessageProcessorTest.php" line="454" class="Tests\Unit\ChatbotMessageProcessorTest" classname="Tests.Unit.ChatbotMessageProcessorTest" assertions="1" time="0.037916"/>
        <testcase name="test_procesar_mensaje_texto_con_intenciones_sesion" file="C:\Users\ASUS\Desktop\SENA\Nueva carpeta\tests\Unit\ChatbotMessageProcessorTest.php" line="507" class="Tests\Unit\ChatbotMessageProcessorTest" classname="Tests.Unit.ChatbotMessageProcessorTest" assertions="1" time="0.037901"/>
        <testcase name="test_procesar_mensaje_texto_con_ml_intent" file="C:\Users\ASUS\Desktop\SENA\Nueva carpeta\tests\Unit\ChatbotMessageProcessorTest.php" line="571" class="Tests\Unit\ChatbotMessageProcessorTest" classname="Tests.Unit.ChatbotMessageProcessorTest" assertions="1" time="0.039391"/>
        <testcase name="test_procesar_mensaje_texto_con_agregado" file="C:\Users\ASUS\Desktop\SENA\Nueva carpeta\tests\Unit\ChatbotMessageProcessorTest.php" line="633" class="Tests\Unit\ChatbotMessageProcessorTest" classname="Tests.Unit.ChatbotMessageProcessorTest" assertions="1" time="0.034562"/>
        <testcase name="test_procesar_mensaje_texto_nueva_consulta" file="C:\Users\ASUS\Desktop\SENA\Nueva carpeta\tests\Unit\ChatbotMessageProcessorTest.php" line="693" class="Tests\Unit\ChatbotMessageProcessorTest" classname="Tests.Unit.ChatbotMessageProcessorTest" assertions="1" time="0.035092"/>
        <testcase name="test_procesar_mensaje_texto_con_dias_y_continuacion" file="C:\Users\ASUS\Desktop\SENA\Nueva carpeta\tests\Unit\ChatbotMessageProcessorTest.php" line="753" class="Tests\Unit\ChatbotMessageProcessorTest" classname="Tests.Unit.ChatbotMessageProcessorTest" assertions="1" time="0.035803"/>
        <testcase name="test_procesar_mensaje_texto_fuera_de_tema_con_selecciones" file="C:\Users\ASUS\Desktop\SENA\Nueva carpeta\tests\Unit\ChatbotMessageProcessorTest.php" line="824" class="Tests\Unit\ChatbotMessageProcessorTest" classname="Tests.Unit.ChatbotMessageProcessorTest" assertions="1" time="0.039236"/>
        <testcase name="test_procesar_mensaje_texto_actualizacion_dias_items_vacios" file="C:\Users\ASUS\Desktop\SENA\Nueva carpeta\tests\Unit\ChatbotMessageProcessorTest.php" line="900" class="Tests\Unit\ChatbotMessageProcessorTest" classname="Tests.Unit.ChatbotMessageProcessorTest" assertions="1" time="0.037891"/>
        <testcase name="test_procesar_mensaje_texto_buscar_subservicios_con_mensaje_vacio" file="C:\Users\ASUS\Desktop\SENA\Nueva carpeta\tests\Unit\ChatbotMessageProcessorTest.php" line="956" class="Tests\Unit\ChatbotMessageProcessorTest" classname="Tests.Unit.ChatbotMessageProcessorTest" assertions="1" time="0.033855"/>
        <testcase name="test_procesar_mensaje_texto_con_catalogo_corregido" file="C:\Users\ASUS\Desktop\SENA\Nueva carpeta\tests\Unit\ChatbotMessageProcessorTest.php" line="982" class="Tests\Unit\ChatbotMessageProcessorTest" classname="Tests.Unit.ChatbotMessageProcessorTest" assertions="1" time="0.038586"/>
        <testcase name="test_procesar_mensaje_texto_con_actualizacion_dias_dias_cero" file="C:\Users\ASUS\Desktop\SENA\Nueva carpeta\tests\Unit\ChatbotMessageProcessorTest.php" line="1007" class="Tests\Unit\ChatbotMessageProcessorTest" classname="Tests.Unit.ChatbotMessageProcessorTest" assertions="1" time="0.038270"/>
        <testcase name="test_procesar_mensaje_texto_con_intenciones_vacias_y_no_relacionado" file="C:\Users\ASUS\Desktop\SENA\Nueva carpeta\tests\Unit\ChatbotMessageProcessorTest.php" line="1082" class="Tests\Unit\ChatbotMessageProcessorTest" classname="Tests.Unit.ChatbotMessageProcessorTest" assertions="1" time="0.040821"/>
        <testcase name="test_procesar_mensaje_texto_con_sugerencia_aplicada" file="C:\Users\ASUS\Desktop\SENA\Nueva carpeta\tests\Unit\ChatbotMessageProcessorTest.php" line="1137" class="Tests\Unit\ChatbotMessageProcessorTest" classname="Tests.Unit.ChatbotMessageProcessorTest" assertions="1" time="0.035570"/>
        <testcase name="test_procesar_mensaje_texto_con_error_en_sugerencias" file="C:\Users\ASUS\Desktop\SENA\Nueva carpeta\tests\Unit\ChatbotMessageProcessorTest.php" line="1197" class="Tests\Unit\ChatbotMessageProcessorTest" classname="Tests.Unit.ChatbotMessageProcessorTest" assertions="1" time="0.034713"/>
        <testcase name="test_procesar_mensaje_texto_fuera_de_tema_con_selecciones_y_dias" file="C:\Users\ASUS\Desktop\SENA\Nueva carpeta\tests\Unit\ChatbotMessageProcessorTest.php" line="1256" class="Tests\Unit\ChatbotMessageProcessorTest" classname="Tests.Unit.ChatbotMessageProcessorTest" assertions="1" time="0.033899"/>
        <testcase name="test_procesar_mensaje_texto_con_detectar_intenciones_sesion_y_dias" file="C:\Users\ASUS\Desktop\SENA\Nueva carpeta\tests\Unit\ChatbotMessageProcessorTest.php" line="1313" class="Tests\Unit\ChatbotMessageProcessorTest" classname="Tests.Unit.ChatbotMessageProcessorTest" assertions="1" time="0.036993"/>
        <testcase name="test_procesar_mensaje_texto_buscar_subservicios_con_mensaje_corregido_vacio" file="C:\Users\ASUS\Desktop\SENA\Nueva carpeta\tests\Unit\ChatbotMessageProcessorTest.php" line="1378" class="Tests\Unit\ChatbotMessageProcessorTest" classname="Tests.Unit.ChatbotMessageProcessorTest" assertions="2" time="0.036764"/>
        <testcase name="test_procesar_mensaje_texto_responder_con_intenciones_sin_sugerencia_aplicada" file="C:\Users\ASUS\Desktop\SENA\Nueva carpeta\tests\Unit\ChatbotMessageProcessorTest.php" line="1446" class="Tests\Unit\ChatbotMessageProcessorTest" classname="Tests.Unit.ChatbotMessageProcessorTest" assertions="1" time="0.038568"/>
        <testcase name="test_procesar_mensaje_texto_obtener_sugerencias_con_error" file="C:\Users\ASUS\Desktop\SENA\Nueva carpeta\tests\Unit\ChatbotMessageProcessorTest.php" line="1503" class="Tests\Unit\ChatbotMessageProcessorTest" classname="Tests.Unit.ChatbotMessageProcessorTest" assertions="2" time="0.035057"/>
        <testcase name="test_procesar_mensaje_texto_calcular_dias_para_respuesta_con_mensaje_vacio" file="C:\Users\ASUS\Desktop\SENA\Nueva carpeta\tests\Unit\ChatbotMessageProcessorTest.php" line="1544" class="Tests\Unit\ChatbotMessageProcessorTest" classname="Tests.Unit.ChatbotMessageProcessorTest" assertions="1" time="0.035475"/>
        <testcase name="test_procesar_mensaje_texto_calcular_dias_para_respuesta_con_dias_mayor_cero" file="C:\Users\ASUS\Desktop\SENA\Nueva carpeta\tests\Unit\ChatbotMessageProcessorTest.php" line="1571" class="Tests\Unit\ChatbotMessageProcessorTest" classname="Tests.Unit.ChatbotMessageProcessorTest" assertions="1" time="0.035615"/>
        <testcase name="test_procesar_mensaje_texto_combinar_intenciones_con_agregado_y_sesion" file="C:\Users\ASUS\Desktop\SENA\Nueva carpeta\tests\Unit\ChatbotMessageProcessorTest.php" line="1632" class="Tests\Unit\ChatbotMessageProcessorTest" classname="Tests.Unit.ChatbotMessageProcessorTest" assertions="3" time="0.034444"/>
        <testcase name="test_procesar_mensaje_texto_combinar_intenciones_nueva_consulta_limpia_selecciones" file="C:\Users\ASUS\Desktop\SENA\Nueva carpeta\tests\Unit\ChatbotMessageProcessorTest.php" line="1693" class="Tests\Unit\ChatbotMessageProcessorTest" classname="Tests.Unit.ChatbotMessageProcessorTest" assertions="2" time="0.039986"/>
        <testcase name="test_procesar_mensaje_texto_verificar_mensaje_fuera_de_tema_con_solo_dias_y_selecciones" file="C:\Users\ASUS\Desktop\SENA\Nueva carpeta\tests\Unit\ChatbotMessageProcessorTest.php" line="1755" class="Tests\Unit\ChatbotMessageProcessorTest" classname="Tests.Unit.ChatbotMessageProcessorTest" assertions="1" time="0.038498"/>
        <testcase name="test_procesar_mensaje_texto_es_solicitud_catalogo_con_acento_en_original_y_corregido" file="C:\Users\ASUS\Desktop\SENA\Nueva carpeta\tests\Unit\ChatbotMessageProcessorTest.php" line="1812" class="Tests\Unit\ChatbotMessageProcessorTest" classname="Tests.Unit.ChatbotMessageProcessorTest" assertions="3" time="0.034420"/>
        <testcase name="test_procesar_mensaje_texto_buscar_subservicios_con_mensaje_corregido_no_vacio" file="C:\Users\ASUS\Desktop\SENA\Nueva carpeta\tests\Unit\ChatbotMessageProcessorTest.php" line="1844" class="Tests\Unit\ChatbotMessageProcessorTest" classname="Tests.Unit.ChatbotMessageProcessorTest" assertions="2" time="0.036112"/>
      </testsuite>
      <testsuite name="Tests\Unit\ChatbotResponseBuilderTest" file="C:\Users\ASUS\Desktop\SENA\Nueva carpeta\tests\Unit\ChatbotResponseBuilderTest.php" tests="53" assertions="108" errors="0" failures="0" skipped="0" time="2.102664">
        <testcase name="test_responder_con_opciones" file="C:\Users\ASUS\Desktop\SENA\Nueva carpeta\tests\Unit\ChatbotResponseBuilderTest.php" line="37" class="Tests\Unit\ChatbotResponseBuilderTest" classname="Tests.Unit.ChatbotResponseBuilderTest" assertions="3" time="0.117003"/>
        <testcase name="test_mostrar_catalogo_json_sin_dias" file="C:\Users\ASUS\Desktop\SENA\Nueva carpeta\tests\Unit\ChatbotResponseBuilderTest.php" line="53" class="Tests\Unit\ChatbotResponseBuilderTest" classname="Tests.Unit.ChatbotResponseBuilderTest" assertions="4" time="0.041246"/>
        <testcase name="test_mostrar_catalogo_json_con_dias" file="C:\Users\ASUS\Desktop\SENA\Nueva carpeta\tests\Unit\ChatbotResponseBuilderTest.php" line="64" class="Tests\Unit\ChatbotResponseBuilderTest" classname="Tests.Unit.ChatbotResponseBuilderTest" assertions="3" time="0.040859"/>
        <testcase name="test_responder_opciones" file="C:\Users\ASUS\Desktop\SENA\Nueva carpeta\tests\Unit\ChatbotResponseBuilderTest.php" line="78" class="Tests\Unit\ChatbotResponseBuilderTest" classname="Tests.Unit.ChatbotResponseBuilderTest" assertions="5" time="0.034671"/>
        <testcase name="test_solicitar_confirmacion_intencion_sin_hint" file="C:\Users\ASUS\Desktop\SENA\Nueva carpeta\tests\Unit\ChatbotResponseBuilderTest.php" line="99" class="Tests\Unit\ChatbotResponseBuilderTest" classname="Tests.Unit.ChatbotResponseBuilderTest" assertions="4" time="0.038861"/>
        <testcase name="test_solicitar_confirmacion_intencion_con_hint" file="C:\Users\ASUS\Desktop\SENA\Nueva carpeta\tests\Unit\ChatbotResponseBuilderTest.php" line="116" class="Tests\Unit\ChatbotResponseBuilderTest" classname="Tests.Unit.ChatbotResponseBuilderTest" assertions="2" time="0.037462"/>
        <testcase name="test_solicitar_confirmacion_intencion_con_dias" file="C:\Users\ASUS\Desktop\SENA\Nueva carpeta\tests\Unit\ChatbotResponseBuilderTest.php" line="133" class="Tests\Unit\ChatbotResponseBuilderTest" classname="Tests.Unit.ChatbotResponseBuilderTest" assertions="2" time="0.035051"/>
        <testcase name="test_mostrar_opciones_con_intenciones_sin_dias" file="C:\Users\ASUS\Desktop\SENA\Nueva carpeta\tests\Unit\ChatbotResponseBuilderTest.php" line="152" class="Tests\Unit\ChatbotResponseBuilderTest" classname="Tests.Unit.ChatbotResponseBuilderTest" assertions="2" time="0.038001"/>
        <testcase name="test_mostrar_opciones_con_intenciones_con_dias" file="C:\Users\ASUS\Desktop\SENA\Nueva carpeta\tests\Unit\ChatbotResponseBuilderTest.php" line="172" class="Tests\Unit\ChatbotResponseBuilderTest" classname="Tests.Unit.ChatbotResponseBuilderTest" assertions="2" time="0.037029"/>
        <testcase name="test_mostrar_opciones_con_intenciones_multiples_dias" file="C:\Users\ASUS\Desktop\SENA\Nueva carpeta\tests\Unit\ChatbotResponseBuilderTest.php" line="192" class="Tests\Unit\ChatbotResponseBuilderTest" classname="Tests.Unit.ChatbotResponseBuilderTest" assertions="2" time="0.035210"/>
        <testcase name="test_responder_cotizacion_un_dia" file="C:\Users\ASUS\Desktop\SENA\Nueva carpeta\tests\Unit\ChatbotResponseBuilderTest.php" line="216" class="Tests\Unit\ChatbotResponseBuilderTest" classname="Tests.Unit.ChatbotResponseBuilderTest" assertions="5" time="0.036612"/>
        <testcase name="test_responder_cotizacion_multiples_dias" file="C:\Users\ASUS\Desktop\SENA\Nueva carpeta\tests\Unit\ChatbotResponseBuilderTest.php" line="233" class="Tests\Unit\ChatbotResponseBuilderTest" classname="Tests.Unit.ChatbotResponseBuilderTest" assertions="5" time="0.037316"/>
        <testcase name="test_construir_detalle_cotizacion" file="C:\Users\ASUS\Desktop\SENA\Nueva carpeta\tests\Unit\ChatbotResponseBuilderTest.php" line="253" class="Tests\Unit\ChatbotResponseBuilderTest" classname="Tests.Unit.ChatbotResponseBuilderTest" assertions="7" time="0.036726"/>
        <testcase name="test_construir_detalle_cotizacion_con_array" file="C:\Users\ASUS\Desktop\SENA\Nueva carpeta\tests\Unit\ChatbotResponseBuilderTest.php" line="271" class="Tests\Unit\ChatbotResponseBuilderTest" classname="Tests.Unit.ChatbotResponseBuilderTest" assertions="2" time="0.033550"/>
        <testcase name="test_construir_detalle_cotizacion_mensaje_plural" file="C:\Users\ASUS\Desktop\SENA\Nueva carpeta\tests\Unit\ChatbotResponseBuilderTest.php" line="284" class="Tests\Unit\ChatbotResponseBuilderTest" classname="Tests.Unit.ChatbotResponseBuilderTest" assertions="2" time="0.036171"/>
        <testcase name="test_construir_detalle_cotizacion_mensaje_singular" file="C:\Users\ASUS\Desktop\SENA\Nueva carpeta\tests\Unit\ChatbotResponseBuilderTest.php" line="296" class="Tests\Unit\ChatbotResponseBuilderTest" classname="Tests.Unit.ChatbotResponseBuilderTest" assertions="1" time="0.038387"/>
        <testcase name="test_sub_servicios_query_estructura" file="C:\Users\ASUS\Desktop\SENA\Nueva carpeta\tests\Unit\ChatbotResponseBuilderTest.php" line="311" class="Tests\Unit\ChatbotResponseBuilderTest" classname="Tests.Unit.ChatbotResponseBuilderTest" assertions="1" time="0.038533"/>
        <testcase name="test_ordenar_sub_servicios_estructura" file="C:\Users\ASUS\Desktop\SENA\Nueva carpeta\tests\Unit\ChatbotResponseBuilderTest.php" line="318" class="Tests\Unit\ChatbotResponseBuilderTest" classname="Tests.Unit.ChatbotResponseBuilderTest" assertions="1" time="0.034815"/>
        <testcase name="test_formatear_opciones_con_items" file="C:\Users\ASUS\Desktop\SENA\Nueva carpeta\tests\Unit\ChatbotResponseBuilderTest.php" line="326" class="Tests\Unit\ChatbotResponseBuilderTest" classname="Tests.Unit.ChatbotResponseBuilderTest" assertions="2" time="0.038943"/>
        <testcase name="test_formatear_opciones_con_array" file="C:\Users\ASUS\Desktop\SENA\Nueva carpeta\tests\Unit\ChatbotResponseBuilderTest.php" line="350" class="Tests\Unit\ChatbotResponseBuilderTest" classname="Tests.Unit.ChatbotResponseBuilderTest" assertions="1" time="0.036059"/>
        <testcase name="test_construir_detalle_cotizacion_mostrar_dias_siempre" file="C:\Users\ASUS\Desktop\SENA\Nueva carpeta\tests\Unit\ChatbotResponseBuilderTest.php" line="363" class="Tests\Unit\ChatbotResponseBuilderTest" classname="Tests.Unit.ChatbotResponseBuilderTest" assertions="1" time="0.033485"/>
        <testcase name="test_responder_cotizacion_con_mostrar_dias_siempre" file="C:\Users\ASUS\Desktop\SENA\Nueva carpeta\tests\Unit\ChatbotResponseBuilderTest.php" line="374" class="Tests\Unit\ChatbotResponseBuilderTest" classname="Tests.Unit.ChatbotResponseBuilderTest" assertions="1" time="0.034156"/>
        <testcase name="test_solicitar_confirmacion_intencion_sin_dias" file="C:\Users\ASUS\Desktop\SENA\Nueva carpeta\tests\Unit\ChatbotResponseBuilderTest.php" line="386" class="Tests\Unit\ChatbotResponseBuilderTest" classname="Tests.Unit.ChatbotResponseBuilderTest" assertions="1" time="0.035639"/>
        <testcase name="test_solicitar_confirmacion_intencion_con_hint_vacio" file="C:\Users\ASUS\Desktop\SENA\Nueva carpeta\tests\Unit\ChatbotResponseBuilderTest.php" line="400" class="Tests\Unit\ChatbotResponseBuilderTest" classname="Tests.Unit.ChatbotResponseBuilderTest" assertions="1" time="0.035357"/>
        <testcase name="test_solicitar_confirmacion_intencion_con_hint_token_vacio" file="C:\Users\ASUS\Desktop\SENA\Nueva carpeta\tests\Unit\ChatbotResponseBuilderTest.php" line="414" class="Tests\Unit\ChatbotResponseBuilderTest" classname="Tests.Unit.ChatbotResponseBuilderTest" assertions="1" time="0.036360"/>
        <testcase name="test_responder_opciones_sin_dias" file="C:\Users\ASUS\Desktop\SENA\Nueva carpeta\tests\Unit\ChatbotResponseBuilderTest.php" line="430" class="Tests\Unit\ChatbotResponseBuilderTest" classname="Tests.Unit.ChatbotResponseBuilderTest" assertions="1" time="0.033849"/>
        <testcase name="test_construir_detalle_cotizacion_un_dia_sin_mostrar_total" file="C:\Users\ASUS\Desktop\SENA\Nueva carpeta\tests\Unit\ChatbotResponseBuilderTest.php" line="442" class="Tests\Unit\ChatbotResponseBuilderTest" classname="Tests.Unit.ChatbotResponseBuilderTest" assertions="2" time="0.037753"/>
        <testcase name="test_construir_detalle_cotizacion_multiples_dias_sin_mostrar_dias_siempre" file="C:\Users\ASUS\Desktop\SENA\Nueva carpeta\tests\Unit\ChatbotResponseBuilderTest.php" line="454" class="Tests\Unit\ChatbotResponseBuilderTest" classname="Tests.Unit.ChatbotResponseBuilderTest" assertions="1" time="0.034508"/>
        <testcase name="test_mostrar_catalogo_json_con_selecciones" file="C:\Users\ASUS\Desktop\SENA\Nueva carpeta\tests\Unit\ChatbotResponseBuilderTest.php" line="465" class="Tests\Unit\ChatbotResponseBuilderTest" classname="Tests.Unit.ChatbotResponseBuilderTest" assertions="1" time="0.045860"/>
[...]
        <testcase name="test_update_photo_sin_sesion" file="C:\Users\ASUS\Desktop\SENA\Nueva carpeta\tests\Feature\UsuarioControllerFeatureTest.php" line="118" class="Tests\Feature\UsuarioControllerFeatureTest" classname="Tests.Feature.UsuarioControllerFeatureTest" assertions="3" time="0.044501"/>
        <testcase name="test_update_photo_usuario_invitado" file="C:\Users\ASUS\Desktop\SENA\Nueva carpeta\tests\Feature\UsuarioControllerFeatureTest.php" line="131" class="Tests\Feature\UsuarioControllerFeatureTest" classname="Tests.Feature.UsuarioControllerFeatureTest" assertions="3" time="0.053109"/>
        <testcase name="test_update_photo_usuario_no_existe" file="C:\Users\ASUS\Desktop\SENA\Nueva carpeta\tests\Feature\UsuarioControllerFeatureTest.php" line="156" class="Tests\Feature\UsuarioControllerFeatureTest" classname="Tests.Feature.UsuarioControllerFeatureTest" assertions="2" time="0.048013"/>
        <testcase name="test_update_photo_elimina_foto_anterior" file="C:\Users\ASUS\Desktop\SENA\Nueva carpeta\tests\Feature\UsuarioControllerFeatureTest.php" line="173" class="Tests\Feature\UsuarioControllerFeatureTest" classname="Tests.Feature.UsuarioControllerFeatureTest" assertions="2" time="0.056330"/>
        <testcase name="test_update_photo_valida_archivo_requerido" file="C:\Users\ASUS\Desktop\SENA\Nueva carpeta\tests\Feature\UsuarioControllerFeatureTest.php" line="200" class="Tests\Feature\UsuarioControllerFeatureTest" classname="Tests.Feature.UsuarioControllerFeatureTest" assertions="1" time="0.060379"/>
        <testcase name="test_store_funciona_sin_rol_existente" file="C:\Users\ASUS\Desktop\SENA\Nueva carpeta\tests\Feature\UsuarioControllerFeatureTest.php" line="234" class="Tests\Feature\UsuarioControllerFeatureTest" classname="Tests.Feature.UsuarioControllerFeatureTest" assertions="3" time="0.063672"/>
        <testcase name="test_store_usa_nombre_rol_si_name_no_existe" file="C:\Users\ASUS\Desktop\SENA\Nueva carpeta\tests\Feature\UsuarioControllerFeatureTest.php" line="254" class="Tests\Feature\UsuarioControllerFeatureTest" classname="Tests.Feature.UsuarioControllerFeatureTest" assertions="3" time="0.053177"/>
        <testcase name="test_autenticar_con_pending_admin" file="C:\Users\ASUS\Desktop\SENA\Nueva carpeta\tests\Feature\UsuarioControllerFeatureTest.php" line="284" class="Tests\Feature\UsuarioControllerFeatureTest" classname="Tests.Feature.UsuarioControllerFeatureTest" assertions="1" time="0.052620"/>
        <testcase name="test_autenticar_con_roles_vacios_asigna_cliente" file="C:\Users\ASUS\Desktop\SENA\Nueva carpeta\tests\Feature\UsuarioControllerFeatureTest.php" line="315" class="Tests\Feature\UsuarioControllerFeatureTest" classname="Tests.Feature.UsuarioControllerFeatureTest" assertions="4" time="0.051810"/>
        <testcase name="test_autenticar_capitaliza_nombre" file="C:\Users\ASUS\Desktop\SENA\Nueva carpeta\tests\Feature\UsuarioControllerFeatureTest.php" line="339" class="Tests\Feature\UsuarioControllerFeatureTest" classname="Tests.Feature.UsuarioControllerFeatureTest" assertions="1" time="0.063465"/>
        <testcase name="test_autenticar_con_rol_usando_nombre_rol" file="C:\Users\ASUS\Desktop\SENA\Nueva carpeta\tests\Feature\UsuarioControllerFeatureTest.php" line="359" class="Tests\Feature\UsuarioControllerFeatureTest" classname="Tests.Feature.UsuarioControllerFeatureTest" assertions="1" time="0.067316"/>
        <testcase name="test_autenticar_con_roles_duplicados" file="C:\Users\ASUS\Desktop\SENA\Nueva carpeta\tests\Feature\UsuarioControllerFeatureTest.php" line="390" class="Tests\Feature\UsuarioControllerFeatureTest" classname="Tests.Feature.UsuarioControllerFeatureTest" assertions="1" time="0.061511"/>
        <testcase name="test_vista_registro_retorna_formulario" file="C:\Users\ASUS\Desktop\SENA\Nueva carpeta\tests\Feature\UsuarioControllerFeatureTest.php" line="426" class="Tests\Feature\UsuarioControllerFeatureTest" classname="Tests.Feature.UsuarioControllerFeatureTest" assertions="2" time="0.059476"/>
        <testcase name="test_vista_login_retorna_formulario" file="C:\Users\ASUS\Desktop\SENA\Nueva carpeta\tests\Feature\UsuarioControllerFeatureTest.php" line="434" class="Tests\Feature\UsuarioControllerFeatureTest" classname="Tests.Feature.UsuarioControllerFeatureTest" assertions="2" time="0.049833"/>
        <testcase name="test_store_asigna_rol_cuando_existe_por_name" file="C:\Users\ASUS\Desktop\SENA\Nueva carpeta\tests\Feature\UsuarioControllerFeatureTest.php" line="446" class="Tests\Feature\UsuarioControllerFeatureTest" classname="Tests.Feature.UsuarioControllerFeatureTest" assertions="3" time="0.064085"/>
        <testcase name="test_autenticar_usuario_existe_pero_contraseña_incorrecta" file="C:\Users\ASUS\Desktop\SENA\Nueva carpeta\tests\Feature\UsuarioControllerFeatureTest.php" line="472" class="Tests\Feature\UsuarioControllerFeatureTest" classname="Tests.Feature.UsuarioControllerFeatureTest" assertions="3" time="0.121964"/>
        <testcase name="test_autenticar_usuario_no_existe" file="C:\Users\ASUS\Desktop\SENA\Nueva carpeta\tests\Feature\UsuarioControllerFeatureTest.php" line="493" class="Tests\Feature\UsuarioControllerFeatureTest" classname="Tests.Feature.UsuarioControllerFeatureTest" assertions="3" time="0.064652"/>
        <testcase name="test_update_photo_con_foto_anterior_que_no_existe_en_storage" file="C:\Users\ASUS\Desktop\SENA\Nueva carpeta\tests\Feature\UsuarioControllerFeatureTest.php" line="505" class="Tests\Feature\UsuarioControllerFeatureTest" classname="Tests.Feature.UsuarioControllerFeatureTest" assertions="2" time="0.076201"/>
        <testcase name="test_perfil_con_usuario_id_que_no_existe" file="C:\Users\ASUS\Desktop\SENA\Nueva carpeta\tests\Feature\UsuarioControllerFeatureTest.php" line="531" class="Tests\Feature\UsuarioControllerFeatureTest" classname="Tests.Feature.UsuarioControllerFeatureTest" assertions="4" time="0.063302"/>
        <testcase name="test_store_valida_primer_nombre_requerido" file="C:\Users\ASUS\Desktop\SENA\Nueva carpeta\tests\Feature\UsuarioControllerFeatureTest.php" line="543" class="Tests\Feature\UsuarioControllerFeatureTest" classname="Tests.Feature.UsuarioControllerFeatureTest" assertions="2" time="0.055616"/>
        <testcase name="test_store_valida_primer_apellido_requerido" file="C:\Users\ASUS\Desktop\SENA\Nueva carpeta\tests\Feature\UsuarioControllerFeatureTest.php" line="556" class="Tests\Feature\UsuarioControllerFeatureTest" classname="Tests.Feature.UsuarioControllerFeatureTest" assertions="2" time="0.063287"/>
        <testcase name="test_store_valida_correo_requerido" file="C:\Users\ASUS\Desktop\SENA\Nueva carpeta\tests\Feature\UsuarioControllerFeatureTest.php" line="569" class="Tests\Feature\UsuarioControllerFeatureTest" classname="Tests.Feature.UsuarioControllerFeatureTest" assertions="2" time="0.065790"/>
        <testcase name="test_store_valida_correo_debe_ser_email" file="C:\Users\ASUS\Desktop\SENA\Nueva carpeta\tests\Feature\UsuarioControllerFeatureTest.php" line="582" class="Tests\Feature\UsuarioControllerFeatureTest" classname="Tests.Feature.UsuarioControllerFeatureTest" assertions="2" time="0.053334"/>
        <testcase name="test_autenticar_valida_correo_requerido" file="C:\Users\ASUS\Desktop\SENA\Nueva carpeta\tests\Feature\UsuarioControllerFeatureTest.php" line="596" class="Tests\Feature\UsuarioControllerFeatureTest" classname="Tests.Feature.UsuarioControllerFeatureTest" assertions="2" time="0.045363"/>
        <testcase name="test_autenticar_valida_contrasena_requerida" file="C:\Users\ASUS\Desktop\SENA\Nueva carpeta\tests\Feature\UsuarioControllerFeatureTest.php" line="605" class="Tests\Feature\UsuarioControllerFeatureTest" classname="Tests.Feature.UsuarioControllerFeatureTest" assertions="2" time="0.045449"/>
        <testcase name="test_autenticar_valida_correo_debe_ser_email" file="C:\Users\ASUS\Desktop\SENA\Nueva carpeta\tests\Feature\UsuarioControllerFeatureTest.php" line="614" class="Tests\Feature\UsuarioControllerFeatureTest" classname="Tests.Feature.UsuarioControllerFeatureTest" assertions="2" time="0.047946"/>
        <testcase name="test_store_con_todos_los_campos_opcionales" file="C:\Users\ASUS\Desktop\SENA\Nueva carpeta\tests\Feature\UsuarioControllerFeatureTest.php" line="628" class="Tests\Feature\UsuarioControllerFeatureTest" classname="Tests.Feature.UsuarioControllerFeatureTest" assertions="3" time="0.049875"/>
        <testcase name="test_store_sin_campos_opcionales" file="C:\Users\ASUS\Desktop\SENA\Nueva carpeta\tests\Feature\UsuarioControllerFeatureTest.php" line="652" class="Tests\Feature\UsuarioControllerFeatureTest" classname="Tests.Feature.UsuarioControllerFeatureTest" assertions="5" time="0.069599"/>
        <testcase name="test_store_valida_segundo_nombre_max_caracteres" file="C:\Users\ASUS\Desktop\SENA\Nueva carpeta\tests\Feature\UsuarioControllerFeatureTest.php" line="671" class="Tests\Feature\UsuarioControllerFeatureTest" classname="Tests.Feature.UsuarioControllerFeatureTest" assertions="2" time="0.064833"/>
        <testcase name="test_store_valida_segundo_apellido_max_caracteres" file="C:\Users\ASUS\Desktop\SENA\Nueva carpeta\tests\Feature\UsuarioControllerFeatureTest.php" line="685" class="Tests\Feature\UsuarioControllerFeatureTest" classname="Tests.Feature.UsuarioControllerFeatureTest" assertions="2" time="0.047668"/>
        <testcase name="test_store_valida_direccion_max_caracteres" file="C:\Users\ASUS\Desktop\SENA\Nueva carpeta\tests\Feature\UsuarioControllerFeatureTest.php" line="699" class="Tests\Feature\UsuarioControllerFeatureTest" classname="Tests.Feature.UsuarioControllerFeatureTest" assertions="2" time="0.049432"/>
        <testcase name="test_store_valida_telefono_max_caracteres" file="C:\Users\ASUS\Desktop\SENA\Nueva carpeta\tests\Feature\UsuarioControllerFeatureTest.php" line="713" class="Tests\Feature\UsuarioControllerFeatureTest" classname="Tests.Feature.UsuarioControllerFeatureTest" assertions="2" time="0.045882"/>
        <testcase name="test_store_valida_primer_nombre_max_caracteres" file="C:\Users\ASUS\Desktop\SENA\Nueva carpeta\tests\Feature\UsuarioControllerFeatureTest.php" line="727" class="Tests\Feature\UsuarioControllerFeatureTest" classname="Tests.Feature.UsuarioControllerFeatureTest" assertions="2" time="0.047784"/>
        <testcase name="test_store_valida_primer_apellido_max_caracteres" file="C:\Users\ASUS\Desktop\SENA\Nueva carpeta\tests\Feature\UsuarioControllerFeatureTest.php" line="740" class="Tests\Feature\UsuarioControllerFeatureTest" classname="Tests.Feature.UsuarioControllerFeatureTest" assertions="2" time="0.045580"/>
        <testcase name="test_store_continua_si_hay_excepcion_al_asignar_rol" file="C:\Users\ASUS\Desktop\SENA\Nueva carpeta\tests\Feature\UsuarioControllerFeatureTest.php" line="757" class="Tests\Feature\UsuarioControllerFeatureTest" classname="Tests.Feature.UsuarioControllerFeatureTest" assertions="3" time="0.056238"/>
        <testcase name="test_autenticar_con_roles_multiples_sin_duplicados" file="C:\Users\ASUS\Desktop\SENA\Nueva carpeta\tests\Feature\UsuarioControllerFeatureTest.php" line="802" class="Tests\Feature\UsuarioControllerFeatureTest" classname="Tests.Feature.UsuarioControllerFeatureTest" assertions="3" time="0.066177"/>
        <testcase name="test_autenticar_con_rol_solo_name_sin_nombre_rol" file="C:\Users\ASUS\Desktop\SENA\Nueva carpeta\tests\Feature\UsuarioControllerFeatureTest.php" line="833" class="Tests\Feature\UsuarioControllerFeatureTest" classname="Tests.Feature.UsuarioControllerFeatureTest" assertions="1" time="0.057472"/>
        <testcase name="test_autenticar_con_rol_solo_nombre_rol_sin_name" file="C:\Users\ASUS\Desktop\SENA\Nueva carpeta\tests\Feature\UsuarioControllerFeatureTest.php" line="866" class="Tests\Feature\UsuarioControllerFeatureTest" classname="Tests.Feature.UsuarioControllerFeatureTest" assertions="1" time="0.053919"/>
        <testcase name="test_autenticar_con_nombre_en_mayusculas_minusculas_mixtas" file="C:\Users\ASUS\Desktop\SENA\Nueva carpeta\tests\Feature\UsuarioControllerFeatureTest.php" line="897" class="Tests\Feature\UsuarioControllerFeatureTest" classname="Tests.Feature.UsuarioControllerFeatureTest" assertions="1" time="0.048751"/>
        <testcase name="test_autenticar_con_nombre_todo_minusculas" file="C:\Users\ASUS\Desktop\SENA\Nueva carpeta\tests\Feature\UsuarioControllerFeatureTest.php" line="918" class="Tests\Feature\UsuarioControllerFeatureTest" classname="Tests.Feature.UsuarioControllerFeatureTest" assertions="1" time="0.051983"/>
        <testcase name="test_autenticar_con_nombre_todo_mayusculas" file="C:\Users\ASUS\Desktop\SENA\Nueva carpeta\tests\Feature\UsuarioControllerFeatureTest.php" line="938" class="Tests\Feature\UsuarioControllerFeatureTest" classname="Tests.Feature.UsuarioControllerFeatureTest" assertions="1" time="0.050743"/>
        <testcase name="test_update_photo_sin_foto_anterior" file="C:\Users\ASUS\Desktop\SENA\Nueva carpeta\tests\Feature\UsuarioControllerFeatureTest.php" line="962" class="Tests\Feature\UsuarioControllerFeatureTest" classname="Tests.Feature.UsuarioControllerFeatureTest" assertions="2" time="0.059075"/>
        <testcase name="test_update_photo_valida_tamaño_maximo" file="C:\Users\ASUS\Desktop\SENA\Nueva carpeta\tests\Feature\UsuarioControllerFeatureTest.php" line="988" class="Tests\Feature\UsuarioControllerFeatureTest" classname="Tests.Feature.UsuarioControllerFeatureTest" assertions="1" time="0.061179"/>
        <testcase name="test_update_photo_con_diferentes_formatos_permitidos" file="C:\Users\ASUS\Desktop\SENA\Nueva carpeta\tests\Feature\UsuarioControllerFeatureTest.php" line="1018" class="Tests\Feature\UsuarioControllerFeatureTest" classname="Tests.Feature.UsuarioControllerFeatureTest" assertions="3" time="0.103777"/>
        <testcase name="test_cerrar_sesion_con_sesion_completa" file="C:\Users\ASUS\Desktop\SENA\Nueva carpeta\tests\Feature\UsuarioControllerFeatureTest.php" line="1049" class="Tests\Feature\UsuarioControllerFeatureTest" classname="Tests.Feature.UsuarioControllerFeatureTest" assertions="6" time="0.059546"/>
        <testcase name="test_cerrar_sesion_sin_sesion_previa" file="C:\Users\ASUS\Desktop\SENA\Nueva carpeta\tests\Feature\UsuarioControllerFeatureTest.php" line="1077" class="Tests\Feature\UsuarioControllerFeatureTest" classname="Tests.Feature.UsuarioControllerFeatureTest" assertions="3" time="0.046601"/>
        <testcase name="test_store_valida_contrasena_min_caracteres" file="C:\Users\ASUS\Desktop\SENA\Nueva carpeta\tests\Feature\UsuarioControllerFeatureTest.php" line="1089" class="Tests\Feature\UsuarioControllerFeatureTest" classname="Tests.Feature.UsuarioControllerFeatureTest" assertions="4" time="0.050462"/>
        <testcase name="test_store_valida_contrasena_confirmed" file="C:\Users\ASUS\Desktop\SENA\Nueva carpeta\tests\Feature\UsuarioControllerFeatureTest.php" line="1104" class="Tests\Feature\UsuarioControllerFeatureTest" classname="Tests.Feature.UsuarioControllerFeatureTest" assertions="4" time="0.046048"/>
        <testcase name="test_store_sin_rol_cliente_no_asigna_rol" file="C:\Users\ASUS\Desktop\SENA\Nueva carpeta\tests\Feature\UsuarioControllerFeatureTest.php" line="1119" class="Tests\Feature\UsuarioControllerFeatureTest" classname="Tests.Feature.UsuarioControllerFeatureTest" assertions="4" time="0.051425"/>
        <testcase name="test_autenticar_con_roles_array_vacio_despues_de_map" file="C:\Users\ASUS\Desktop\SENA\Nueva carpeta\tests\Feature\UsuarioControllerFeatureTest.php" line="1143" class="Tests\Feature\UsuarioControllerFeatureTest" classname="Tests.Feature.UsuarioControllerFeatureTest" assertions="2" time="0.051146"/>
        <testcase name="test_autenticar_con_role_fallback_cuando_roles_vacio" file="C:\Users\ASUS\Desktop\SENA\Nueva carpeta\tests\Feature\UsuarioControllerFeatureTest.php" line="1168" class="Tests\Feature\UsuarioControllerFeatureTest" classname="Tests.Feature.UsuarioControllerFeatureTest" assertions="1" time="0.071550"/>
        <testcase name="test_update_photo_valida_archivo_no_es_imagen" file="C:\Users\ASUS\Desktop\SENA\Nueva carpeta\tests\Feature\UsuarioControllerFeatureTest.php" line="1192" class="Tests\Feature\UsuarioControllerFeatureTest" classname="Tests.Feature.UsuarioControllerFeatureTest" assertions="1" time="0.065877"/>
        <testcase name="test_update_photo_valida_formato_no_permitido" file="C:\Users\ASUS\Desktop\SENA\Nueva carpeta\tests\Feature\UsuarioControllerFeatureTest.php" line="1221" class="Tests\Feature\UsuarioControllerFeatureTest" classname="Tests.Feature.UsuarioControllerFeatureTest" assertions="1" time="0.057990"/>
        <testcase name="test_update_photo_con_foto_anterior_que_existe" file="C:\Users\ASUS\Desktop\SENA\Nueva carpeta\tests\Feature\UsuarioControllerFeatureTest.php" line="1250" class="Tests\Feature\UsuarioControllerFeatureTest" classname="Tests.Feature.UsuarioControllerFeatureTest" assertions="2" time="0.056749"/>
        <testcase name="test_store_con_rol_que_tiene_name_primero" file="C:\Users\ASUS\Desktop\SENA\Nueva carpeta\tests\Feature\UsuarioControllerFeatureTest.php" line="1280" class="Tests\Feature\UsuarioControllerFeatureTest" classname="Tests.Feature.UsuarioControllerFeatureTest" assertions="4" time="0.058084"/>
        <testcase name="test_store_valida_string_en_campos" file="C:\Users\ASUS\Desktop\SENA\Nueva carpeta\tests\Feature\UsuarioControllerFeatureTest.php" line="1313" class="Tests\Feature\UsuarioControllerFeatureTest" classname="Tests.Feature.UsuarioControllerFeatureTest" assertions="2" time="0.060900"/>
        <testcase name="test_store_valida_email_formato" file="C:\Users\ASUS\Desktop\SENA\Nueva carpeta\tests\Feature\UsuarioControllerFeatureTest.php" line="1327" class="Tests\Feature\UsuarioControllerFeatureTest" classname="Tests.Feature.UsuarioControllerFeatureTest" assertions="2" time="0.050431"/>
        <testcase name="test_store_valida_correo_unico" file="C:\Users\ASUS\Desktop\SENA\Nueva carpeta\tests\Feature\UsuarioControllerFeatureTest.php" line="1341" class="Tests\Feature\UsuarioControllerFeatureTest" classname="Tests.Feature.UsuarioControllerFeatureTest" assertions="2" time="0.047664"/>
        <testcase name="test_store_valida_nullable_campos_pueden_ser_vacios" file="C:\Users\ASUS\Desktop\SENA\Nueva carpeta\tests\Feature\UsuarioControllerFeatureTest.php" line="1367" class="Tests\Feature\UsuarioControllerFeatureTest" classname="Tests.Feature.UsuarioControllerFeatureTest" assertions="3" time="0.053105"/>
        <testcase name="test_autenticar_con_usuario_que_tiene_roles_pero_array_vacio_por_map" file="C:\Users\ASUS\Desktop\SENA\Nueva carpeta\tests\Feature\UsuarioControllerFeatureTest.php" line="1387" class="Tests\Feature\UsuarioControllerFeatureTest" classname="Tests.Feature.UsuarioControllerFeatureTest" assertions="1" time="0.060913"/>
        <testcase name="test_store_con_rol_id_null_no_inserta_en_personas_roles" file="C:\Users\ASUS\Desktop\SENA\Nueva carpeta\tests\Feature\UsuarioControllerFeatureTest.php" line="1412" class="Tests\Feature\UsuarioControllerFeatureTest" classname="Tests.Feature.UsuarioControllerFeatureTest" assertions="3" time="0.063721"/>
        <testcase name="test_autenticar_con_roles_que_tienen_duplicados_eliminados_por_unique" file="C:\Users\ASUS\Desktop\SENA\Nueva carpeta\tests\Feature\UsuarioControllerFeatureTest.php" line="1438" class="Tests\Feature\UsuarioControllerFeatureTest" classname="Tests.Feature.UsuarioControllerFeatureTest" assertions="2" time="0.050952"/>
        <testcase name="test_update_photo_con_foto_anterior_null_no_intenta_eliminar" file="C:\Users\ASUS\Desktop\SENA\Nueva carpeta\tests\Feature\UsuarioControllerFeatureTest.php" line="1469" class="Tests\Feature\UsuarioControllerFeatureTest" classname="Tests.Feature.UsuarioControllerFeatureTest" assertions="1" time="0.068705"/>
      </testsuite>
    </testsuite>
  </testsuite>
</testsuites>
