<?xml version="1.0" encoding="UTF-8"?>
<testsuites>
  <testsuite name="C:\Users\ASUS\Desktop\SENA\Nueva carpeta\phpunit.xml" tests="24" assertions="45" errors="0" failures="0" skipped="0" time="8.881698">
    <testsuite name="Unit" tests="9" assertions="11" errors="0" failures="0" skipped="0" time="1.302823">
      <testsuite name="Tests\Unit\ChatbotControllerUnitTest" file="C:\Users\ASUS\Desktop\SENA\Nueva carpeta\tests\Unit\ChatbotControllerUnitTest.php" tests="9" assertions="11" errors="0" failures="0" skipped="0" time="1.302823">
        <testcase name="test_controller_can_be_instantiated" file="C:\Users\ASUS\Desktop\SENA\Nueva carpeta\tests\Unit\ChatbotControllerUnitTest.php" line="78" class="Tests\Unit\ChatbotControllerUnitTest" classname="Tests.Unit.ChatbotControllerUnitTest" assertions="1" time="0.594204"/>
        <testcase name="test_index_retorna_vista" file="C:\Users\ASUS\Desktop\SENA\Nueva carpeta\tests\Unit\ChatbotControllerUnitTest.php" line="83" class="Tests\Unit\ChatbotControllerUnitTest" classname="Tests.Unit.ChatbotControllerUnitTest" assertions="1" time="0.091727"/>
        <testcase name="test_enviar_procesa_mensaje" file="C:\Users\ASUS\Desktop\SENA\Nueva carpeta\tests\Unit\ChatbotControllerUnitTest.php" line="90" class="Tests\Unit\ChatbotControllerUnitTest" classname="Tests.Unit.ChatbotControllerUnitTest" assertions="1" time="0.092848"/>
        <testcase name="test_enviar_procesa_seleccion" file="C:\Users\ASUS\Desktop\SENA\Nueva carpeta\tests\Unit\ChatbotControllerUnitTest.php" line="123" class="Tests\Unit\ChatbotControllerUnitTest" classname="Tests.Unit.ChatbotControllerUnitTest" assertions="1" time="0.100002"/>
        <testcase name="test_enviar_maneja_error" file="C:\Users\ASUS\Desktop\SENA\Nueva carpeta\tests\Unit\ChatbotControllerUnitTest.php" line="178" class="Tests\Unit\ChatbotControllerUnitTest" classname="Tests.Unit.ChatbotControllerUnitTest" assertions="1" time="0.108704"/>
        <testcase name="test_enviar_procesa_seleccion_vacio" file="C:\Users\ASUS\Desktop\SENA\Nueva carpeta\tests\Unit\ChatbotControllerUnitTest.php" line="208" class="Tests\Unit\ChatbotControllerUnitTest" classname="Tests.Unit.ChatbotControllerUnitTest" assertions="1" time="0.083453"/>
        <testcase name="test_enviar_confirm_intencion" file="C:\Users\ASUS\Desktop\SENA\Nueva carpeta\tests\Unit\ChatbotControllerUnitTest.php" line="244" class="Tests\Unit\ChatbotControllerUnitTest" classname="Tests.Unit.ChatbotControllerUnitTest" assertions="1" time="0.074209"/>
        <testcase name="test_enviar_limpiar_cotizacion" file="C:\Users\ASUS\Desktop\SENA\Nueva carpeta\tests\Unit\ChatbotControllerUnitTest.php" line="274" class="Tests\Unit\ChatbotControllerUnitTest" classname="Tests.Unit.ChatbotControllerUnitTest" assertions="2" time="0.071902"/>
        <testcase name="test_enviar_terminar_cotizacion" file="C:\Users\ASUS\Desktop\SENA\Nueva carpeta\tests\Unit\ChatbotControllerUnitTest.php" line="291" class="Tests\Unit\ChatbotControllerUnitTest" classname="Tests.Unit.ChatbotControllerUnitTest" assertions="2" time="0.085774"/>
      </testsuite>
    </testsuite>
    <testsuite name="Feature" tests="15" assertions="34" errors="0" failures="0" skipped="0" time="7.578876">
      <testsuite name="Tests\Feature\ChatbotControllerCoverageFinalTest" file="C:\Users\ASUS\Desktop\SENA\Nueva carpeta\tests\Feature\ChatbotControllerCoverageFinalTest.php" tests="2" assertions="5" errors="0" failures="0" skipped="0" time="3.249054">
        <testcase name="test_procesar_sugerencia_de_base_datos_mejor_sugerencia_vacio_cubre_linea_189" file="C:\Users\ASUS\Desktop\SENA\Nueva carpeta\tests\Feature\ChatbotControllerCoverageFinalTest.php" line="97" class="Tests\Feature\ChatbotControllerCoverageFinalTest" classname="Tests.Feature.ChatbotControllerCoverageFinalTest" assertions="1" time="3.099075"/>
        <testcase name="test_construir_acciones_recuperacion_ints_vacio_cubre_lineas_234_236" file="C:\Users\ASUS\Desktop\SENA\Nueva carpeta\tests\Feature\ChatbotControllerCoverageFinalTest.php" line="128" class="Tests\Feature\ChatbotControllerCoverageFinalTest" classname="Tests.Feature.ChatbotControllerCoverageFinalTest" assertions="4" time="0.149979"/>
      </testsuite>
      <testsuite name="Tests\Feature\ChatbotControllerCoverageTest" file="C:\Users\ASUS\Desktop\SENA\Nueva carpeta\tests\Feature\ChatbotControllerCoverageTest.php" tests="7" assertions="14" errors="0" failures="0" skipped="0" time="2.282370">
        <testcase name="test_manejar_error_con_recuperacion_exitosa_cubre_linea_155" file="C:\Users\ASUS\Desktop\SENA\Nueva carpeta\tests\Feature\ChatbotControllerCoverageTest.php" line="96" class="Tests\Feature\ChatbotControllerCoverageTest" classname="Tests.Feature.ChatbotControllerCoverageTest" assertions="2" time="0.269388"/>
        <testcase name="test_intentar_recuperacion_con_hint_y_token_cubre_lineas_173_192" file="C:\Users\ASUS\Desktop\SENA\Nueva carpeta\tests\Feature\ChatbotControllerCoverageTest.php" line="131" class="Tests\Feature\ChatbotControllerCoverageTest" classname="Tests.Feature.ChatbotControllerCoverageTest" assertions="2" time="0.154796"/>
        <testcase name="test_intentar_recuperacion_con_hint_sin_token_cubre_linea_180" file="C:\Users\ASUS\Desktop\SENA\Nueva carpeta\tests\Feature\ChatbotControllerCoverageTest.php" line="162" class="Tests\Feature\ChatbotControllerCoverageTest" classname="Tests.Feature.ChatbotControllerCoverageTest" assertions="2" time="0.152029"/>
        <testcase name="test_intentar_recuperacion_con_session_days_mayor_cero_cubre_linea_181" file="C:\Users\ASUS\Desktop\SENA\Nueva carpeta\tests\Feature\ChatbotControllerCoverageTest.php" line="191" class="Tests\Feature\ChatbotControllerCoverageTest" classname="Tests.Feature.ChatbotControllerCoverageTest" assertions="2" time="0.219146"/>
        <testcase name="test_intentar_recuperacion_con_excepcion_en_generar_sugerencias_cubre_linea_177" file="C:\Users\ASUS\Desktop\SENA\Nueva carpeta\tests\Feature\ChatbotControllerCoverageTest.php" line="219" class="Tests\Feature\ChatbotControllerCoverageTest" classname="Tests.Feature.ChatbotControllerCoverageTest" assertions="2" time="0.632332"/>
        <testcase name="test_intentar_recuperacion_con_excepcion_total_cubre_linea_192" file="C:\Users\ASUS\Desktop\SENA\Nueva carpeta\tests\Feature\ChatbotControllerCoverageTest.php" line="248" class="Tests\Feature\ChatbotControllerCoverageTest" classname="Tests.Feature.ChatbotControllerCoverageTest" assertions="2" time="0.413156"/>
        <testcase name="test_intentar_recuperacion_retorna_null_sin_intenciones_cubre_linea_171" file="C:\Users\ASUS\Desktop\SENA\Nueva carpeta\tests\Feature\ChatbotControllerCoverageTest.php" line="273" class="Tests\Feature\ChatbotControllerCoverageTest" classname="Tests.Feature.ChatbotControllerCoverageTest" assertions="2" time="0.441523"/>
      </testsuite>
      <testsuite name="Tests\Feature\ChatbotControllerFinalCoverageTest" file="C:\Users\ASUS\Desktop\SENA\Nueva carpeta\tests\Feature\ChatbotControllerFinalCoverageTest.php" tests="6" assertions="15" errors="0" failures="0" skipped="0" time="2.047452">
        <testcase name="test_manejar_error_con_recuperacion_exitosa_cubre_linea_155" file="C:\Users\ASUS\Desktop\SENA\Nueva carpeta\tests\Feature\ChatbotControllerFinalCoverageTest.php" line="95" class="Tests\Feature\ChatbotControllerFinalCoverageTest" classname="Tests.Feature.ChatbotControllerFinalCoverageTest" assertions="2" time="0.463252"/>
        <testcase name="test_intentar_recuperacion_con_session_days_mayor_cero_cubre_lineas_185_190" file="C:\Users\ASUS\Desktop\SENA\Nueva carpeta\tests\Feature\ChatbotControllerFinalCoverageTest.php" line="138" class="Tests\Feature\ChatbotControllerFinalCoverageTest" classname="Tests.Feature.ChatbotControllerFinalCoverageTest" assertions="5" time="0.416970"/>
        <testcase name="test_intentar_recuperacion_con_hint_y_token_cubre_lineas_173_180" file="C:\Users\ASUS\Desktop\SENA\Nueva carpeta\tests\Feature\ChatbotControllerFinalCoverageTest.php" line="181" class="Tests\Feature\ChatbotControllerFinalCoverageTest" classname="Tests.Feature.ChatbotControllerFinalCoverageTest" assertions="2" time="0.307103"/>
        <testcase name="test_intentar_recuperacion_catch_generar_sugerencias_cubre_linea_177" file="C:\Users\ASUS\Desktop\SENA\Nueva carpeta\tests\Feature\ChatbotControllerFinalCoverageTest.php" line="220" class="Tests\Feature\ChatbotControllerFinalCoverageTest" classname="Tests.Feature.ChatbotControllerFinalCoverageTest" assertions="2" time="0.294357"/>
        <testcase name="test_intentar_recuperacion_catch_final_cubre_linea_192" file="C:\Users\ASUS\Desktop\SENA\Nueva carpeta\tests\Feature\ChatbotControllerFinalCoverageTest.php" line="261" class="Tests\Feature\ChatbotControllerFinalCoverageTest" classname="Tests.Feature.ChatbotControllerFinalCoverageTest" assertions="1" time="0.321799"/>
        <testcase name="test_obtener_dias_para_respuesta_cubre_lineas_265_272" file="C:\Users\ASUS\Desktop\SENA\Nueva carpeta\tests\Feature\ChatbotControllerFinalCoverageTest.php" line="293" class="Tests\Feature\ChatbotControllerFinalCoverageTest" classname="Tests.Feature.ChatbotControllerFinalCoverageTest" assertions="3" time="0.243971"/>
      </testsuite>
    </testsuite>
  </testsuite>
</testsuites>
