<?xml version="1.0" encoding="UTF-8"?>
<testsuites>
  <testsuite name="C:\Users\ASUS\Desktop\SENA\Nueva carpeta\phpunit.xml" tests="1129" assertions="2326" errors="0" failures="0" skipped="0" time="63.865263">
    <testsuite name="Unit" tests="709" assertions="1291" errors="0" failures="0" skipped="0" time="32.545504">
      <testsuite name="Tests\Unit\AjustesControllerUnitTest" file="C:\Users\ASUS\Desktop\SENA\Nueva carpeta\tests\Unit\AjustesControllerUnitTest.php" tests="25" assertions="69" errors="0" failures="0" skipped="0" time="3.436614">
        <testcase name="test_index_sin_parametros" file="C:\Users\ASUS\Desktop\SENA\Nueva carpeta\tests\Unit\AjustesControllerUnitTest.php" line="63" class="Tests\Unit\AjustesControllerUnitTest" classname="Tests.Unit.AjustesControllerUnitTest" assertions="8" time="1.405194"/>
        <testcase name="test_index_con_group_by_dia" file="C:\Users\ASUS\Desktop\SENA\Nueva carpeta\tests\Unit\AjustesControllerUnitTest.php" line="87" class="Tests\Unit\AjustesControllerUnitTest" classname="Tests.Unit.AjustesControllerUnitTest" assertions="3" time="0.045272"/>
        <testcase name="test_index_con_group_by_consulta" file="C:\Users\ASUS\Desktop\SENA\Nueva carpeta\tests\Unit\AjustesControllerUnitTest.php" line="98" class="Tests\Unit\AjustesControllerUnitTest" classname="Tests.Unit.AjustesControllerUnitTest" assertions="3" time="0.042449"/>
        <testcase name="test_index_con_tab_especifico" file="C:\Users\ASUS\Desktop\SENA\Nueva carpeta\tests\Unit\AjustesControllerUnitTest.php" line="109" class="Tests\Unit\AjustesControllerUnitTest" classname="Tests.Unit.AjustesControllerUnitTest" assertions="2" time="0.043700"/>
        <testcase name="test_index_con_tab_subservicios" file="C:\Users\ASUS\Desktop\SENA\Nueva carpeta\tests\Unit\AjustesControllerUnitTest.php" line="119" class="Tests\Unit\AjustesControllerUnitTest" classname="Tests.Unit.AjustesControllerUnitTest" assertions="2" time="0.041251"/>
        <testcase name="test_index_con_tab_movimientos" file="C:\Users\ASUS\Desktop\SENA\Nueva carpeta\tests\Unit\AjustesControllerUnitTest.php" line="129" class="Tests\Unit\AjustesControllerUnitTest" classname="Tests.Unit.AjustesControllerUnitTest" assertions="2" time="0.040714"/>
        <testcase name="test_index_con_tab_invalido" file="C:\Users\ASUS\Desktop\SENA\Nueva carpeta\tests\Unit\AjustesControllerUnitTest.php" line="139" class="Tests\Unit\AjustesControllerUnitTest" classname="Tests.Unit.AjustesControllerUnitTest" assertions="2" time="0.041855"/>
        <testcase name="test_index_con_cotizaciones" file="C:\Users\ASUS\Desktop\SENA\Nueva carpeta\tests\Unit\AjustesControllerUnitTest.php" line="150" class="Tests\Unit\AjustesControllerUnitTest" classname="Tests.Unit.AjustesControllerUnitTest" assertions="2" time="0.050549"/>
        <testcase name="test_export_historial_pdf_sin_group_by" file="C:\Users\ASUS\Desktop\SENA\Nueva carpeta\tests\Unit\AjustesControllerUnitTest.php" line="189" class="Tests\Unit\AjustesControllerUnitTest" classname="Tests.Unit.AjustesControllerUnitTest" assertions="2" time="0.451499"/>
        <testcase name="test_export_historial_pdf_con_group_by" file="C:\Users\ASUS\Desktop\SENA\Nueva carpeta\tests\Unit\AjustesControllerUnitTest.php" line="199" class="Tests\Unit\AjustesControllerUnitTest" classname="Tests.Unit.AjustesControllerUnitTest" assertions="2" time="0.294483"/>
        <testcase name="test_export_historial_pdf_con_group_by_consulta" file="C:\Users\ASUS\Desktop\SENA\Nueva carpeta\tests\Unit\AjustesControllerUnitTest.php" line="208" class="Tests\Unit\AjustesControllerUnitTest" classname="Tests.Unit.AjustesControllerUnitTest" assertions="2" time="0.347633"/>
        <testcase name="test_get_subservicios" file="C:\Users\ASUS\Desktop\SENA\Nueva carpeta\tests\Unit\AjustesControllerUnitTest.php" line="246" class="Tests\Unit\AjustesControllerUnitTest" classname="Tests.Unit.AjustesControllerUnitTest" assertions="4" time="0.062088"/>
        <testcase name="test_group_by_opciones_validas" file="C:\Users\ASUS\Desktop\SENA\Nueva carpeta\tests\Unit\AjustesControllerUnitTest.php" line="268" class="Tests\Unit\AjustesControllerUnitTest" classname="Tests.Unit.AjustesControllerUnitTest" assertions="3" time="0.037930"/>
        <testcase name="test_tab_opciones_validas" file="C:\Users\ASUS\Desktop\SENA\Nueva carpeta\tests\Unit\AjustesControllerUnitTest.php" line="277" class="Tests\Unit\AjustesControllerUnitTest" classname="Tests.Unit.AjustesControllerUnitTest" assertions="3" time="0.038374"/>
        <testcase name="test_active_tab_default" file="C:\Users\ASUS\Desktop\SENA\Nueva carpeta\tests\Unit\AjustesControllerUnitTest.php" line="286" class="Tests\Unit\AjustesControllerUnitTest" classname="Tests.Unit.AjustesControllerUnitTest" assertions="1" time="0.038672"/>
        <testcase name="test_active_tab_con_group_by" file="C:\Users\ASUS\Desktop\SENA\Nueva carpeta\tests\Unit\AjustesControllerUnitTest.php" line="294" class="Tests\Unit\AjustesControllerUnitTest" classname="Tests.Unit.AjustesControllerUnitTest" assertions="1" time="0.036837"/>
        <testcase name="test_group_cotizaciones_por_dia" file="C:\Users\ASUS\Desktop\SENA\Nueva carpeta\tests\Unit\AjustesControllerUnitTest.php" line="302" class="Tests\Unit\AjustesControllerUnitTest" classname="Tests.Unit.AjustesControllerUnitTest" assertions="2" time="0.048356"/>
        <testcase name="test_group_cotizaciones_por_consulta" file="C:\Users\ASUS\Desktop\SENA\Nueva carpeta\tests\Unit\AjustesControllerUnitTest.php" line="337" class="Tests\Unit\AjustesControllerUnitTest" classname="Tests.Unit.AjustesControllerUnitTest" assertions="2" time="0.048555"/>
        <testcase name="test_get_cotizaciones_metodo_privado" file="C:\Users\ASUS\Desktop\SENA\Nueva carpeta\tests\Unit\AjustesControllerUnitTest.php" line="376" class="Tests\Unit\AjustesControllerUnitTest" classname="Tests.Unit.AjustesControllerUnitTest" assertions="3" time="0.045596"/>
        <testcase name="test_group_cotizaciones_por_dia_metodo_privado" file="C:\Users\ASUS\Desktop\SENA\Nueva carpeta\tests\Unit\AjustesControllerUnitTest.php" line="409" class="Tests\Unit\AjustesControllerUnitTest" classname="Tests.Unit.AjustesControllerUnitTest" assertions="6" time="0.046916"/>
        <testcase name="test_group_cotizaciones_por_consulta_metodo_privado" file="C:\Users\ASUS\Desktop\SENA\Nueva carpeta\tests\Unit\AjustesControllerUnitTest.php" line="457" class="Tests\Unit\AjustesControllerUnitTest" classname="Tests.Unit.AjustesControllerUnitTest" assertions="8" time="0.046925"/>
        <testcase name="test_group_cotizaciones_sin_group_by" file="C:\Users\ASUS\Desktop\SENA\Nueva carpeta\tests\Unit\AjustesControllerUnitTest.php" line="500" class="Tests\Unit\AjustesControllerUnitTest" classname="Tests.Unit.AjustesControllerUnitTest" assertions="1" time="0.047169"/>
        <testcase name="test_group_cotizaciones_con_fecha_null" file="C:\Users\ASUS\Desktop\SENA\Nueva carpeta\tests\Unit\AjustesControllerUnitTest.php" line="533" class="Tests\Unit\AjustesControllerUnitTest" classname="Tests.Unit.AjustesControllerUnitTest" assertions="1" time="0.046137"/>
        <testcase name="test_group_cotizaciones_por_consulta_con_personas_id_null" file="C:\Users\ASUS\Desktop\SENA\Nueva carpeta\tests\Unit\AjustesControllerUnitTest.php" line="567" class="Tests\Unit\AjustesControllerUnitTest" classname="Tests.Unit.AjustesControllerUnitTest" assertions="1" time="0.047679"/>
        <testcase name="test_index_con_group_by_y_tab" file="C:\Users\ASUS\Desktop\SENA\Nueva carpeta\tests\Unit\AjustesControllerUnitTest.php" line="602" class="Tests\Unit\AjustesControllerUnitTest" classname="Tests.Unit.AjustesControllerUnitTest" assertions="3" time="0.040781"/>
      </testsuite>
      <testsuite name="Tests\Unit\BusquedaControllerUnitTest" file="C:\Users\ASUS\Desktop\SENA\Nueva carpeta\tests\Unit\BusquedaControllerUnitTest.php" tests="8" assertions="10" errors="0" failures="0" skipped="0" time="0.071703">
        <testcase name="test_normalizar_texto_convierte_a_minusculas" file="C:\Users\ASUS\Desktop\SENA\Nueva carpeta\tests\Unit\BusquedaControllerUnitTest.php" line="27" class="Tests\Unit\BusquedaControllerUnitTest" classname="Tests.Unit.BusquedaControllerUnitTest" assertions="1" time="0.055816"/>
        <testcase name="test_normalizar_texto_elimina_espacios_extra" file="C:\Users\ASUS\Desktop\SENA\Nueva carpeta\tests\Unit\BusquedaControllerUnitTest.php" line="33" class="Tests\Unit\BusquedaControllerUnitTest" classname="Tests.Unit.BusquedaControllerUnitTest" assertions="2" time="0.002061"/>
        <testcase name="test_normalizar_texto_corrige_animacion" file="C:\Users\ASUS\Desktop\SENA\Nueva carpeta\tests\Unit\BusquedaControllerUnitTest.php" line="43" class="Tests\Unit\BusquedaControllerUnitTest" classname="Tests.Unit.BusquedaControllerUnitTest" assertions="1" time="0.002701"/>
        <testcase name="test_normalizar_texto_corrige_animador" file="C:\Users\ASUS\Desktop\SENA\Nueva carpeta\tests\Unit\BusquedaControllerUnitTest.php" line="49" class="Tests\Unit\BusquedaControllerUnitTest" classname="Tests.Unit.BusquedaControllerUnitTest" assertions="1" time="0.003262"/>
        <testcase name="test_normalizar_texto_mantiene_alquiler" file="C:\Users\ASUS\Desktop\SENA\Nueva carpeta\tests\Unit\BusquedaControllerUnitTest.php" line="55" class="Tests\Unit\BusquedaControllerUnitTest" classname="Tests.Unit.BusquedaControllerUnitTest" assertions="1" time="0.002029"/>
        <testcase name="test_normalizar_texto_mantiene_publicidad" file="C:\Users\ASUS\Desktop\SENA\Nueva carpeta\tests\Unit\BusquedaControllerUnitTest.php" line="61" class="Tests\Unit\BusquedaControllerUnitTest" classname="Tests.Unit.BusquedaControllerUnitTest" assertions="1" time="0.001761"/>
        <testcase name="test_normalizar_texto_con_cadena_vacia" file="C:\Users\ASUS\Desktop\SENA\Nueva carpeta\tests\Unit\BusquedaControllerUnitTest.php" line="67" class="Tests\Unit\BusquedaControllerUnitTest" classname="Tests.Unit.BusquedaControllerUnitTest" assertions="1" time="0.001739"/>
        <testcase name="test_normalizar_texto_con_texto_complejo" file="C:\Users\ASUS\Desktop\SENA\Nueva carpeta\tests\Unit\BusquedaControllerUnitTest.php" line="73" class="Tests\Unit\BusquedaControllerUnitTest" classname="Tests.Unit.BusquedaControllerUnitTest" assertions="2" time="0.002334"/>
      </testsuite>
      <testsuite name="Tests\Unit\CalendarioControllerUnitTest" file="C:\Users\ASUS\Desktop\SENA\Nueva carpeta\tests\Unit\CalendarioControllerUnitTest.php" tests="3" assertions="8" errors="0" failures="0" skipped="0" time="0.021750">
        <testcase name="test_default_event_title_constante" file="C:\Users\ASUS\Desktop\SENA\Nueva carpeta\tests\Unit\CalendarioControllerUnitTest.php" line="19" class="Tests\Unit\CalendarioControllerUnitTest" classname="Tests.Unit.CalendarioControllerUnitTest" assertions="2" time="0.018722"/>
        <testcase name="test_is_admin_like_logica_administrador" file="C:\Users\ASUS\Desktop\SENA\Nueva carpeta\tests\Unit\CalendarioControllerUnitTest.php" line="30" class="Tests\Unit\CalendarioControllerUnitTest" classname="Tests.Unit.CalendarioControllerUnitTest" assertions="3" time="0.001587"/>
        <testcase name="test_is_admin_like_case_insensitive" file="C:\Users\ASUS\Desktop\SENA\Nueva carpeta\tests\Unit\CalendarioControllerUnitTest.php" line="41" class="Tests\Unit\CalendarioControllerUnitTest" classname="Tests.Unit.CalendarioControllerUnitTest" assertions="3" time="0.001441"/>
      </testsuite>
      <testsuite name="Tests\Unit\CalendarioDataServiceCoverageTest" file="C:\Users\ASUS\Desktop\SENA\Nueva carpeta\tests\Unit\CalendarioDataServiceCoverageTest.php" tests="2" assertions="6" errors="0" failures="0" skipped="0" time="0.106698">
        <testcase name="test_obtener_productos_desde_items_item_sin_movimiento_cubre_linea_91" file="C:\Users\ASUS\Desktop\SENA\Nueva carpeta\tests\Unit\CalendarioDataServiceCoverageTest.php" line="44" class="Tests\Unit\CalendarioDataServiceCoverageTest" classname="Tests.Unit.CalendarioDataServiceCoverageTest" assertions="3" time="0.059412"/>
        <testcase name="test_obtener_productos_desde_items_item_sin_inventario_en_coleccion_cubre_linea_91" file="C:\Users\ASUS\Desktop\SENA\Nueva carpeta\tests\Unit\CalendarioDataServiceCoverageTest.php" line="99" class="Tests\Unit\CalendarioDataServiceCoverageTest" classname="Tests.Unit.CalendarioDataServiceCoverageTest" assertions="3" time="0.047286"/>
      </testsuite>
      <testsuite name="Tests\Unit\CalendarioDataServiceTest" file="C:\Users\ASUS\Desktop\SENA\Nueva carpeta\tests\Unit\CalendarioDataServiceTest.php" tests="15" assertions="43" errors="0" failures="0" skipped="0" time="0.756637">
        <testcase name="test_eliminar_duplicados_registros_sin_duplicados" file="C:\Users\ASUS\Desktop\SENA\Nueva carpeta\tests\Unit\CalendarioDataServiceTest.php" line="50" class="Tests\Unit\CalendarioDataServiceTest" classname="Tests.Unit.CalendarioDataServiceTest" assertions="1" time="0.049122"/>
        <testcase name="test_eliminar_duplicados_registros_con_duplicados" file="C:\Users\ASUS\Desktop\SENA\Nueva carpeta\tests\Unit\CalendarioDataServiceTest.php" line="79" class="Tests\Unit\CalendarioDataServiceTest" classname="Tests.Unit.CalendarioDataServiceTest" assertions="1" time="0.047177"/>
        <testcase name="test_eliminar_duplicados_registros_con_items_diferentes" file="C:\Users\ASUS\Desktop\SENA\Nueva carpeta\tests\Unit\CalendarioDataServiceTest.php" line="108" class="Tests\Unit\CalendarioDataServiceTest" classname="Tests.Unit.CalendarioDataServiceTest" assertions="1" time="0.050920"/>
        <testcase name="test_generar_clave_unica_registro" file="C:\Users\ASUS\Desktop\SENA\Nueva carpeta\tests\Unit\CalendarioDataServiceTest.php" line="175" class="Tests\Unit\CalendarioDataServiceTest" classname="Tests.Unit.CalendarioDataServiceTest" assertions="4" time="0.039217"/>
        <testcase name="test_generar_clave_unica_registro_con_items" file="C:\Users\ASUS\Desktop\SENA\Nueva carpeta\tests\Unit\CalendarioDataServiceTest.php" line="196" class="Tests\Unit\CalendarioDataServiceTest" classname="Tests.Unit.CalendarioDataServiceTest" assertions="3" time="0.049239"/>
        <testcase name="test_transformar_registro_a_data_desde_items" file="C:\Users\ASUS\Desktop\SENA\Nueva carpeta\tests\Unit\CalendarioDataServiceTest.php" line="238" class="Tests\Unit\CalendarioDataServiceTest" classname="Tests.Unit.CalendarioDataServiceTest" assertions="9" time="0.047009"/>
        <testcase name="test_transformar_registro_a_data_formato_antiguo" file="C:\Users\ASUS\Desktop\SENA\Nueva carpeta\tests\Unit\CalendarioDataServiceTest.php" line="286" class="Tests\Unit\CalendarioDataServiceTest" classname="Tests.Unit.CalendarioDataServiceTest" assertions="4" time="0.046012"/>
        <testcase name="test_transformar_registro_a_data_sin_productos" file="C:\Users\ASUS\Desktop\SENA\Nueva carpeta\tests\Unit\CalendarioDataServiceTest.php" line="324" class="Tests\Unit\CalendarioDataServiceTest" classname="Tests.Unit.CalendarioDataServiceTest" assertions="3" time="0.041046"/>
        <testcase name="test_transformar_registro_a_data_con_multiples_items" file="C:\Users\ASUS\Desktop\SENA\Nueva carpeta\tests\Unit\CalendarioDataServiceTest.php" line="346" class="Tests\Unit\CalendarioDataServiceTest" classname="Tests.Unit.CalendarioDataServiceTest" assertions="3" time="0.050554"/>
        <testcase name="test_obtener_registros_unicos" file="C:\Users\ASUS\Desktop\SENA\Nueva carpeta\tests\Unit\CalendarioDataServiceTest.php" line="410" class="Tests\Unit\CalendarioDataServiceTest" classname="Tests.Unit.CalendarioDataServiceTest" assertions="3" time="0.046285"/>
        <testcase name="test_cargar_movimientos_e_inventarios" file="C:\Users\ASUS\Desktop\SENA\Nueva carpeta\tests\Unit\CalendarioDataServiceTest.php" line="430" class="Tests\Unit\CalendarioDataServiceTest" classname="Tests.Unit.CalendarioDataServiceTest" assertions="4" time="0.056598"/>
        <testcase name="test_cargar_movimientos_e_inventarios_vacios" file="C:\Users\ASUS\Desktop\SENA\Nueva carpeta\tests\Unit\CalendarioDataServiceTest.php" line="453" class="Tests\Unit\CalendarioDataServiceTest" classname="Tests.Unit.CalendarioDataServiceTest" assertions="4" time="0.067308"/>
        <testcase name="test_transformar_registro_a_data_incluye_tiene_items" file="C:\Users\ASUS\Desktop\SENA\Nueva carpeta\tests\Unit\CalendarioDataServiceTest.php" line="467" class="Tests\Unit\CalendarioDataServiceTest" classname="Tests.Unit.CalendarioDataServiceTest" assertions="1" time="0.063907"/>
        <testcase name="test_transformar_registro_a_data_sin_items" file="C:\Users\ASUS\Desktop\SENA\Nueva carpeta\tests\Unit\CalendarioDataServiceTest.php" line="506" class="Tests\Unit\CalendarioDataServiceTest" classname="Tests.Unit.CalendarioDataServiceTest" assertions="1" time="0.047703"/>
        <testcase name="test_transformar_registro_a_data_formato_antiguo_sin_cantidad" file="C:\Users\ASUS\Desktop\SENA\Nueva carpeta\tests\Unit\CalendarioDataServiceTest.php" line="526" class="Tests\Unit\CalendarioDataServiceTest" classname="Tests.Unit.CalendarioDataServiceTest" assertions="1" time="0.054540"/>
      </testsuite>
      <testsuite name="Tests\Unit\CalendarioEventServiceTest" file="C:\Users\ASUS\Desktop\SENA\Nueva carpeta\tests\Unit\CalendarioEventServiceTest.php" tests="13" assertions="38" errors="0" failures="0" skipped="0" time="0.599873">
        <testcase name="test_construir_evento_desde_items" file="C:\Users\ASUS\Desktop\SENA\Nueva carpeta\tests\Unit\CalendarioEventServiceTest.php" line="51" class="Tests\Unit\CalendarioEventServiceTest" classname="Tests.Unit.CalendarioEventServiceTest" assertions="6" time="0.088590"/>
        <testcase name="test_construir_evento_formato_antiguo" file="C:\Users\ASUS\Desktop\SENA\Nueva carpeta\tests\Unit\CalendarioEventServiceTest.php" line="96" class="Tests\Unit\CalendarioEventServiceTest" classname="Tests.Unit.CalendarioEventServiceTest" assertions="4" time="0.053885"/>
        <testcase name="test_construir_evento_sin_items_ni_movimiento" file="C:\Users\ASUS\Desktop\SENA\Nueva carpeta\tests\Unit\CalendarioEventServiceTest.php" line="135" class="Tests\Unit\CalendarioEventServiceTest" classname="Tests.Unit.CalendarioEventServiceTest" assertions="3" time="0.049582"/>
        <testcase name="test_construir_evento_con_multiples_items" file="C:\Users\ASUS\Desktop\SENA\Nueva carpeta\tests\Unit\CalendarioEventServiceTest.php" line="157" class="Tests\Unit\CalendarioEventServiceTest" classname="Tests.Unit.CalendarioEventServiceTest" assertions="4" time="0.047842"/>
        <testcase name="test_construir_evento_con_item_sin_inventario_en_coleccion" file="C:\Users\ASUS\Desktop\SENA\Nueva carpeta\tests\Unit\CalendarioEventServiceTest.php" line="218" class="Tests\Unit\CalendarioEventServiceTest" classname="Tests.Unit.CalendarioEventServiceTest" assertions="2" time="0.045271"/>
        <testcase name="test_construir_evento_formato_antiguo_sin_cantidad" file="C:\Users\ASUS\Desktop\SENA\Nueva carpeta\tests\Unit\CalendarioEventServiceTest.php" line="259" class="Tests\Unit\CalendarioEventServiceTest" classname="Tests.Unit.CalendarioEventServiceTest" assertions="3" time="0.041973"/>
        <testcase name="test_next_palette_color_retorna_colores" file="C:\Users\ASUS\Desktop\SENA\Nueva carpeta\tests\Unit\CalendarioEventServiceTest.php" line="300" class="Tests\Unit\CalendarioEventServiceTest" classname="Tests.Unit.CalendarioEventServiceTest" assertions="5" time="0.037602"/>
        <testcase name="test_next_palette_color_rota_colores" file="C:\Users\ASUS\Desktop\SENA\Nueva carpeta\tests\Unit\CalendarioEventServiceTest.php" line="311" class="Tests\Unit\CalendarioEventServiceTest" classname="Tests.Unit.CalendarioEventServiceTest" assertions="3" time="0.036571"/>
        <testcase name="test_next_palette_color_usa_default_si_palette_vacia_cubre_linea_132" file="C:\Users\ASUS\Desktop\SENA\Nueva carpeta\tests\Unit\CalendarioEventServiceTest.php" line="322" class="Tests\Unit\CalendarioEventServiceTest" classname="Tests.Unit.CalendarioEventServiceTest" assertions="2" time="0.035948"/>
        <testcase name="test_reset_palette_cursor" file="C:\Users\ASUS\Desktop\SENA\Nueva carpeta\tests\Unit\CalendarioEventServiceTest.php" line="341" class="Tests\Unit\CalendarioEventServiceTest" classname="Tests.Unit.CalendarioEventServiceTest" assertions="1" time="0.040770"/>
        <testcase name="test_construir_evento_incluye_calendario_id" file="C:\Users\ASUS\Desktop\SENA\Nueva carpeta\tests\Unit\CalendarioEventServiceTest.php" line="356" class="Tests\Unit\CalendarioEventServiceTest" classname="Tests.Unit.CalendarioEventServiceTest" assertions="1" time="0.039602"/>
        <testcase name="test_construir_evento_incluye_inventario_ids" file="C:\Users\ASUS\Desktop\SENA\Nueva carpeta\tests\Unit\CalendarioEventServiceTest.php" line="376" class="Tests\Unit\CalendarioEventServiceTest" classname="Tests.Unit.CalendarioEventServiceTest" assertions="2" time="0.041386"/>
        <testcase name="test_construir_evento_con_descripcion_evento_vacia" file="C:\Users\ASUS\Desktop\SENA\Nueva carpeta\tests\Unit\CalendarioEventServiceTest.php" line="412" class="Tests\Unit\CalendarioEventServiceTest" classname="Tests.Unit.CalendarioEventServiceTest" assertions="2" time="0.040851"/>
      </testsuite>
      <testsuite name="Tests\Unit\CalendarioItemModelTest" file="C:\Users\ASUS\Desktop\SENA\Nueva carpeta\tests\Unit\CalendarioItemModelTest.php" tests="2" assertions="4" errors="0" failures="0" skipped="0" time="0.121220">
        <testcase name="test_calendario_item_tiene_relacion_calendario" file="C:\Users\ASUS\Desktop\SENA\Nueva carpeta\tests\Unit\CalendarioItemModelTest.php" line="26" class="Tests\Unit\CalendarioItemModelTest" classname="Tests.Unit.CalendarioItemModelTest" assertions="3" time="0.070320"/>
        <testcase name="test_calendario_item_relacion_calendario_carga" file="C:\Users\ASUS\Desktop\SENA\Nueva carpeta\tests\Unit\CalendarioItemModelTest.php" line="75" class="Tests\Unit\CalendarioItemModelTest" classname="Tests.Unit.CalendarioItemModelTest" assertions="1" time="0.050899"/>
      </testsuite>
      <testsuite name="Tests\Unit\CalendarioModelTest" file="C:\Users\ASUS\Desktop\SENA\Nueva carpeta\tests\Unit\CalendarioModelTest.php" tests="2" assertions="4" errors="0" failures="0" skipped="0" time="0.086568">
        <testcase name="test_calendario_tiene_relacion_usuario" file="C:\Users\ASUS\Desktop\SENA\Nueva carpeta\tests\Unit\CalendarioModelTest.php" line="23" class="Tests\Unit\CalendarioModelTest" classname="Tests.Unit.CalendarioModelTest" assertions="3" time="0.046632"/>
        <testcase name="test_calendario_relacion_usuario_carga" file="C:\Users\ASUS\Desktop\SENA\Nueva carpeta\tests\Unit\CalendarioModelTest.php" line="53" class="Tests\Unit\CalendarioModelTest" classname="Tests.Unit.CalendarioModelTest" assertions="1" time="0.039936"/>
      </testsuite>
      <testsuite name="Tests\Unit\CalendarioValidationServiceTest" file="C:\Users\ASUS\Desktop\SENA\Nueva carpeta\tests\Unit\CalendarioValidationServiceTest.php" tests="37" assertions="61" errors="0" failures="0" skipped="0" time="1.618913">
        <testcase name="test_get_validation_rules_for_items" file="C:\Users\ASUS\Desktop\SENA\Nueva carpeta\tests\Unit\CalendarioValidationServiceTest.php" line="56" class="Tests\Unit\CalendarioValidationServiceTest" classname="Tests.Unit.CalendarioValidationServiceTest" assertions="5" time="0.044316"/>
        <testcase name="test_get_validation_messages_for_items" file="C:\Users\ASUS\Desktop\SENA\Nueva carpeta\tests\Unit\CalendarioValidationServiceTest.php" line="67" class="Tests\Unit\CalendarioValidationServiceTest" classname="Tests.Unit.CalendarioValidationServiceTest" assertions="3" time="0.041620"/>
        <testcase name="test_get_validation_rules_for_old_format" file="C:\Users\ASUS\Desktop\SENA\Nueva carpeta\tests\Unit\CalendarioValidationServiceTest.php" line="76" class="Tests\Unit\CalendarioValidationServiceTest" classname="Tests.Unit.CalendarioValidationServiceTest" assertions="3" time="0.036357"/>
        <testcase name="test_get_validation_messages_for_old_format" file="C:\Users\ASUS\Desktop\SENA\Nueva carpeta\tests\Unit\CalendarioValidationServiceTest.php" line="85" class="Tests\Unit\CalendarioValidationServiceTest" classname="Tests.Unit.CalendarioValidationServiceTest" assertions="2" time="0.035684"/>
        <testcase name="test_get_validation_rules_for_update_items" file="C:\Users\ASUS\Desktop\SENA\Nueva carpeta\tests\Unit\CalendarioValidationServiceTest.php" line="93" class="Tests\Unit\CalendarioValidationServiceTest" classname="Tests.Unit.CalendarioValidationServiceTest" assertions="3" time="0.037618"/>
        <testcase name="test_get_validation_messages_for_update_items" file="C:\Users\ASUS\Desktop\SENA\Nueva carpeta\tests\Unit\CalendarioValidationServiceTest.php" line="102" class="Tests\Unit\CalendarioValidationServiceTest" classname="Tests.Unit.CalendarioValidationServiceTest" assertions="3" time="0.041794"/>
        <testcase name="test_get_validation_rules_for_update_old_format" file="C:\Users\ASUS\Desktop\SENA\Nueva carpeta\tests\Unit\CalendarioValidationServiceTest.php" line="111" class="Tests\Unit\CalendarioValidationServiceTest" classname="Tests.Unit.CalendarioValidationServiceTest" assertions="3" time="0.039345"/>
        <testcase name="test_get_validation_messages_for_update_old_format" file="C:\Users\ASUS\Desktop\SENA\Nueva carpeta\tests\Unit\CalendarioValidationServiceTest.php" line="120" class="Tests\Unit\CalendarioValidationServiceTest" classname="Tests.Unit.CalendarioValidationServiceTest" assertions="3" time="0.037983"/>
        <testcase name="test_validar_stock_para_items_suficiente" file="C:\Users\ASUS\Desktop\SENA\Nueva carpeta\tests\Unit\CalendarioValidationServiceTest.php" line="129" class="Tests\Unit\CalendarioValidationServiceTest" classname="Tests.Unit.CalendarioValidationServiceTest" assertions="1" time="0.042470"/>
        <testcase name="test_validar_stock_para_items_inventario_no_existe" file="C:\Users\ASUS\Desktop\SENA\Nueva carpeta\tests\Unit\CalendarioValidationServiceTest.php" line="149" class="Tests\Unit\CalendarioValidationServiceTest" classname="Tests.Unit.CalendarioValidationServiceTest" assertions="1" time="0.046215"/>
        <testcase name="test_validar_stock_para_items_stock_insuficiente" file="C:\Users\ASUS\Desktop\SENA\Nueva carpeta\tests\Unit\CalendarioValidationServiceTest.php" line="164" class="Tests\Unit\CalendarioValidationServiceTest" classname="Tests.Unit.CalendarioValidationServiceTest" assertions="1" time="0.043185"/>
        <testcase name="test_calcular_reservadas" file="C:\Users\ASUS\Desktop\SENA\Nueva carpeta\tests\Unit\CalendarioValidationServiceTest.php" line="184" class="Tests\Unit\CalendarioValidationServiceTest" classname="Tests.Unit.CalendarioValidationServiceTest" assertions="1" time="0.045311"/>
        <testcase name="test_calcular_reservadas_excluyendo" file="C:\Users\ASUS\Desktop\SENA\Nueva carpeta\tests\Unit\CalendarioValidationServiceTest.php" line="218" class="Tests\Unit\CalendarioValidationServiceTest" classname="Tests.Unit.CalendarioValidationServiceTest" assertions="1" time="0.051109"/>
        <testcase name="test_validar_stock_para_items_con_reservas_existentes" file="C:\Users\ASUS\Desktop\SENA\Nueva carpeta\tests\Unit\CalendarioValidationServiceTest.php" line="270" class="Tests\Unit\CalendarioValidationServiceTest" classname="Tests.Unit.CalendarioValidationServiceTest" assertions="1" time="0.052100"/>
        <testcase name="test_validar_stock_para_items_con_reservas_insuficiente" file="C:\Users\ASUS\Desktop\SENA\Nueva carpeta\tests\Unit\CalendarioValidationServiceTest.php" line="312" class="Tests\Unit\CalendarioValidationServiceTest" classname="Tests.Unit.CalendarioValidationServiceTest" assertions="1" time="0.051156"/>
        <testcase name="test_validar_stock_para_items_con_cantidad_default" file="C:\Users\ASUS\Desktop\SENA\Nueva carpeta\tests\Unit\CalendarioValidationServiceTest.php" line="354" class="Tests\Unit\CalendarioValidationServiceTest" classname="Tests.Unit.CalendarioValidationServiceTest" assertions="1" time="0.040167"/>
        <testcase name="test_validar_stock_para_items_con_stock_cero" file="C:\Users\ASUS\Desktop\SENA\Nueva carpeta\tests\Unit\CalendarioValidationServiceTest.php" line="374" class="Tests\Unit\CalendarioValidationServiceTest" classname="Tests.Unit.CalendarioValidationServiceTest" assertions="1" time="0.046978"/>
        <testcase name="test_validar_stock_para_items_con_multiples_items" file="C:\Users\ASUS\Desktop\SENA\Nueva carpeta\tests\Unit\CalendarioValidationServiceTest.php" line="394" class="Tests\Unit\CalendarioValidationServiceTest" classname="Tests.Unit.CalendarioValidationServiceTest" assertions="1" time="0.043313"/>
        <testcase name="test_validar_stock_para_items_con_producto_descripcion_vacia" file="C:\Users\ASUS\Desktop\SENA\Nueva carpeta\tests\Unit\CalendarioValidationServiceTest.php" line="420" class="Tests\Unit\CalendarioValidationServiceTest" classname="Tests.Unit.CalendarioValidationServiceTest" assertions="1" time="0.043803"/>
        <testcase name="test_validar_stock_para_actualizacion_suficiente" file="C:\Users\ASUS\Desktop\SENA\Nueva carpeta\tests\Unit\CalendarioValidationServiceTest.php" line="444" class="Tests\Unit\CalendarioValidationServiceTest" classname="Tests.Unit.CalendarioValidationServiceTest" assertions="1" time="0.046756"/>
        <testcase name="test_validar_stock_para_actualizacion_inventario_no_existe" file="C:\Users\ASUS\Desktop\SENA\Nueva carpeta\tests\Unit\CalendarioValidationServiceTest.php" line="488" class="Tests\Unit\CalendarioValidationServiceTest" classname="Tests.Unit.CalendarioValidationServiceTest" assertions="1" time="0.041979"/>
        <testcase name="test_validar_stock_para_actualizacion_stock_insuficiente" file="C:\Users\ASUS\Desktop\SENA\Nueva carpeta\tests\Unit\CalendarioValidationServiceTest.php" line="513" class="Tests\Unit\CalendarioValidationServiceTest" classname="Tests.Unit.CalendarioValidationServiceTest" assertions="1" time="0.046946"/>
        <testcase name="test_validar_stock_para_actualizacion_con_cantidad_default" file="C:\Users\ASUS\Desktop\SENA\Nueva carpeta\tests\Unit\CalendarioValidationServiceTest.php" line="572" class="Tests\Unit\CalendarioValidationServiceTest" classname="Tests.Unit.CalendarioValidationServiceTest" assertions="1" time="0.044479"/>
        <testcase name="test_validar_stock_para_actualizacion_con_cantidad_actual_cero" file="C:\Users\ASUS\Desktop\SENA\Nueva carpeta\tests\Unit\CalendarioValidationServiceTest.php" line="602" class="Tests\Unit\CalendarioValidationServiceTest" classname="Tests.Unit.CalendarioValidationServiceTest" assertions="1" time="0.043525"/>
        <testcase name="test_validar_stock_para_actualizacion_con_items_actuales_vacio" file="C:\Users\ASUS\Desktop\SENA\Nueva carpeta\tests\Unit\CalendarioValidationServiceTest.php" line="632" class="Tests\Unit\CalendarioValidationServiceTest" classname="Tests.Unit.CalendarioValidationServiceTest" assertions="1" time="0.043266"/>
        <testcase name="test_validar_stock_para_actualizacion_con_multiples_items" file="C:\Users\ASUS\Desktop\SENA\Nueva carpeta\tests\Unit\CalendarioValidationServiceTest.php" line="662" class="Tests\Unit\CalendarioValidationServiceTest" classname="Tests.Unit.CalendarioValidationServiceTest" assertions="1" time="0.044109"/>
        <testcase name="test_calcular_reservadas_sin_reservas" file="C:\Users\ASUS\Desktop\SENA\Nueva carpeta\tests\Unit\CalendarioValidationServiceTest.php" line="705" class="Tests\Unit\CalendarioValidationServiceTest" classname="Tests.Unit.CalendarioValidationServiceTest" assertions="1" time="0.041491"/>
        <testcase name="test_calcular_reservadas_con_fechas_no_solapadas" file="C:\Users\ASUS\Desktop\SENA\Nueva carpeta\tests\Unit\CalendarioValidationServiceTest.php" line="717" class="Tests\Unit\CalendarioValidationServiceTest" classname="Tests.Unit.CalendarioValidationServiceTest" assertions="1" time="0.044873"/>
        <testcase name="test_calcular_reservadas_con_fechas_solapadas_parcialmente" file="C:\Users\ASUS\Desktop\SENA\Nueva carpeta\tests\Unit\CalendarioValidationServiceTest.php" line="751" class="Tests\Unit\CalendarioValidationServiceTest" classname="Tests.Unit.CalendarioValidationServiceTest" assertions="1" time="0.047776"/>
        <testcase name="test_calcular_reservadas_con_multiples_reservas" file="C:\Users\ASUS\Desktop\SENA\Nueva carpeta\tests\Unit\CalendarioValidationServiceTest.php" line="785" class="Tests\Unit\CalendarioValidationServiceTest" classname="Tests.Unit.CalendarioValidationServiceTest" assertions="1" time="0.047398"/>
        <testcase name="test_calcular_reservadas_con_fecha_inicio_igual_fecha_fin" file="C:\Users\ASUS\Desktop\SENA\Nueva carpeta\tests\Unit\CalendarioValidationServiceTest.php" line="833" class="Tests\Unit\CalendarioValidationServiceTest" classname="Tests.Unit.CalendarioValidationServiceTest" assertions="1" time="0.045149"/>
        <testcase name="test_calcular_reservadas_excluyendo_sin_reservas" file="C:\Users\ASUS\Desktop\SENA\Nueva carpeta\tests\Unit\CalendarioValidationServiceTest.php" line="872" class="Tests\Unit\CalendarioValidationServiceTest" classname="Tests.Unit.CalendarioValidationServiceTest" assertions="1" time="0.043938"/>
        <testcase name="test_calcular_reservadas_excluyendo_con_fechas_no_solapadas" file="C:\Users\ASUS\Desktop\SENA\Nueva carpeta\tests\Unit\CalendarioValidationServiceTest.php" line="892" class="Tests\Unit\CalendarioValidationServiceTest" classname="Tests.Unit.CalendarioValidationServiceTest" assertions="1" time="0.045945"/>
        <testcase name="test_calcular_reservadas_excluyendo_con_multiples_reservas" file="C:\Users\ASUS\Desktop\SENA\Nueva carpeta\tests\Unit\CalendarioValidationServiceTest.php" line="926" class="Tests\Unit\CalendarioValidationServiceTest" classname="Tests.Unit.CalendarioValidationServiceTest" assertions="1" time="0.051113"/>
        <testcase name="test_get_validation_rules_for_update_items_incluye_servicio" file="C:\Users\ASUS\Desktop\SENA\Nueva carpeta\tests\Unit\CalendarioValidationServiceTest.php" line="993" class="Tests\Unit\CalendarioValidationServiceTest" classname="Tests.Unit.CalendarioValidationServiceTest" assertions="3" time="0.038430"/>
        <testcase name="test_get_validation_messages_for_update_items_mergea_mensajes" file="C:\Users\ASUS\Desktop\SENA\Nueva carpeta\tests\Unit\CalendarioValidationServiceTest.php" line="1006" class="Tests\Unit\CalendarioValidationServiceTest" classname="Tests.Unit.CalendarioValidationServiceTest" assertions="3" time="0.037079"/>
        <testcase name="test_get_validation_messages_for_update_old_format_mergea_mensajes" file="C:\Users\ASUS\Desktop\SENA\Nueva carpeta\tests\Unit\CalendarioValidationServiceTest.php" line="1019" class="Tests\Unit\CalendarioValidationServiceTest" classname="Tests.Unit.CalendarioValidationServiceTest" assertions="4" time="0.044138"/>
      </testsuite>
      <testsuite name="Tests\Unit\ChatbotControllerUnitTest" file="C:\Users\ASUS\Desktop\SENA\Nueva carpeta\tests\Unit\ChatbotControllerUnitTest.php" tests="9" assertions="11" errors="0" failures="0" skipped="0" time="0.457595">
        <testcase name="test_controller_can_be_instantiated" file="C:\Users\ASUS\Desktop\SENA\Nueva carpeta\tests\Unit\ChatbotControllerUnitTest.php" line="78" class="Tests\Unit\ChatbotControllerUnitTest" classname="Tests.Unit.ChatbotControllerUnitTest" assertions="1" time="0.132372"/>
        <testcase name="test_index_retorna_vista" file="C:\Users\ASUS\Desktop\SENA\Nueva carpeta\tests\Unit\ChatbotControllerUnitTest.php" line="83" class="Tests\Unit\ChatbotControllerUnitTest" classname="Tests.Unit.ChatbotControllerUnitTest" assertions="1" time="0.034083"/>
        <testcase name="test_enviar_procesa_mensaje" file="C:\Users\ASUS\Desktop\SENA\Nueva carpeta\tests\Unit\ChatbotControllerUnitTest.php" line="90" class="Tests\Unit\ChatbotControllerUnitTest" classname="Tests.Unit.ChatbotControllerUnitTest" assertions="1" time="0.037352"/>
        <testcase name="test_enviar_procesa_seleccion" file="C:\Users\ASUS\Desktop\SENA\Nueva carpeta\tests\Unit\ChatbotControllerUnitTest.php" line="123" class="Tests\Unit\ChatbotControllerUnitTest" classname="Tests.Unit.ChatbotControllerUnitTest" assertions="1" time="0.054075"/>
        <testcase name="test_enviar_maneja_error" file="C:\Users\ASUS\Desktop\SENA\Nueva carpeta\tests\Unit\ChatbotControllerUnitTest.php" line="178" class="Tests\Unit\ChatbotControllerUnitTest" classname="Tests.Unit.ChatbotControllerUnitTest" assertions="1" time="0.055184"/>
        <testcase name="test_enviar_procesa_seleccion_vacio" file="C:\Users\ASUS\Desktop\SENA\Nueva carpeta\tests\Unit\ChatbotControllerUnitTest.php" line="208" class="Tests\Unit\ChatbotControllerUnitTest" classname="Tests.Unit.ChatbotControllerUnitTest" assertions="1" time="0.035595"/>
        <testcase name="test_enviar_confirm_intencion" file="C:\Users\ASUS\Desktop\SENA\Nueva carpeta\tests\Unit\ChatbotControllerUnitTest.php" line="244" class="Tests\Unit\ChatbotControllerUnitTest" classname="Tests.Unit.ChatbotControllerUnitTest" assertions="1" time="0.035940"/>
        <testcase name="test_enviar_limpiar_cotizacion" file="C:\Users\ASUS\Desktop\SENA\Nueva carpeta\tests\Unit\ChatbotControllerUnitTest.php" line="274" class="Tests\Unit\ChatbotControllerUnitTest" classname="Tests.Unit.ChatbotControllerUnitTest" assertions="2" time="0.037387"/>
        <testcase name="test_enviar_terminar_cotizacion" file="C:\Users\ASUS\Desktop\SENA\Nueva carpeta\tests\Unit\ChatbotControllerUnitTest.php" line="291" class="Tests\Unit\ChatbotControllerUnitTest" classname="Tests.Unit.ChatbotControllerUnitTest" assertions="2" time="0.035607"/>
      </testsuite>
      <testsuite name="Tests\Unit\ChatbotIntentionDetectorCatchExceptionTest" file="C:\Users\ASUS\Desktop\SENA\Nueva carpeta\tests\Unit\ChatbotIntentionDetectorCatchExceptionTest.php" tests="1" assertions="2" errors="0" failures="0" skipped="0" time="1.015542">
        <testcase name="test_obtener_cache_tfidf_catch_exception_cubre_lineas_229_230" file="C:\Users\ASUS\Desktop\SENA\Nueva carpeta\tests\Unit\ChatbotIntentionDetectorCatchExceptionTest.php" line="26" class="Tests\Unit\ChatbotIntentionDetectorCatchExceptionTest" classname="Tests.Unit.ChatbotIntentionDetectorCatchExceptionTest" assertions="2" time="1.015542"/>
      </testsuite>
      <testsuite name="Tests\Unit\ChatbotIntentionDetectorCoverageTest" file="C:\Users\ASUS\Desktop\SENA\Nueva carpeta\tests\Unit\ChatbotIntentionDetectorCoverageTest.php" tests="6" assertions="6" errors="0" failures="0" skipped="0" time="0.252611">
        <testcase name="test_obtener_cache_tfidf_procesa_filas_cubre_lineas_223_225" file="C:\Users\ASUS\Desktop\SENA\Nueva carpeta\tests\Unit\ChatbotIntentionDetectorCoverageTest.php" line="32" class="Tests\Unit\ChatbotIntentionDetectorCoverageTest" classname="Tests.Unit.ChatbotIntentionDetectorCoverageTest" assertions="1" time="0.046695"/>
        <testcase name="test_procesar_documentos_para_cache_cubre_lineas_243_248" file="C:\Users\ASUS\Desktop\SENA\Nueva carpeta\tests\Unit\ChatbotIntentionDetectorCoverageTest.php" line="60" class="Tests\Unit\ChatbotIntentionDetectorCoverageTest" classname="Tests.Unit.ChatbotIntentionDetectorCoverageTest" assertions="1" time="0.047049"/>
        <testcase name="test_calcular_score_servicio_cubre_lineas_283_294_322" file="C:\Users\ASUS\Desktop\SENA\Nueva carpeta\tests\Unit\ChatbotIntentionDetectorCoverageTest.php" line="99" class="Tests\Unit\ChatbotIntentionDetectorCoverageTest" classname="Tests.Unit.ChatbotIntentionDetectorCoverageTest" assertions="1" time="0.038493"/>
        <testcase name="test_calcular_score_servicio_con_terminos_no_en_cache_cubre_lineas_294_322" file="C:\Users\ASUS\Desktop\SENA\Nueva carpeta\tests\Unit\ChatbotIntentionDetectorCoverageTest.php" line="137" class="Tests\Unit\ChatbotIntentionDetectorCoverageTest" classname="Tests.Unit.ChatbotIntentionDetectorCoverageTest" assertions="1" time="0.041032"/>
        <testcase name="test_calcular_obtener_mejor_intencion_score_bajo_cubre_linea_289" file="C:\Users\ASUS\Desktop\SENA\Nueva carpeta\tests\Unit\ChatbotIntentionDetectorCoverageTest.php" line="180" class="Tests\Unit\ChatbotIntentionDetectorCoverageTest" classname="Tests.Unit.ChatbotIntentionDetectorCoverageTest" assertions="1" time="0.040876"/>
        <testcase name="test_calcular_score_servicio_df_cero_segundo_foreach_cubre_linea_313" file="C:\Users\ASUS\Desktop\SENA\Nueva carpeta\tests\Unit\ChatbotIntentionDetectorCoverageTest.php" line="211" class="Tests\Unit\ChatbotIntentionDetectorCoverageTest" classname="Tests.Unit.ChatbotIntentionDetectorCoverageTest" assertions="1" time="0.038467"/>
      </testsuite>
      <testsuite name="Tests\Unit\ChatbotIntentionDetectorTest" file="C:\Users\ASUS\Desktop\SENA\Nueva carpeta\tests\Unit\ChatbotIntentionDetectorTest.php" tests="79" assertions="156" errors="0" failures="0" skipped="0" time="3.239578">
        <testcase name="test_detectar_intenciones_vacio" file="C:\Users\ASUS\Desktop\SENA\Nueva carpeta\tests\Unit\ChatbotIntentionDetectorTest.php" line="44" class="Tests\Unit\ChatbotIntentionDetectorTest" classname="Tests.Unit.ChatbotIntentionDetectorTest" assertions="2" time="0.052915"/>
        <testcase name="test_detectar_intenciones_alquiler" file="C:\Users\ASUS\Desktop\SENA\Nueva carpeta\tests\Unit\ChatbotIntentionDetectorTest.php" line="51" class="Tests\Unit\ChatbotIntentionDetectorTest" classname="Tests.Unit.ChatbotIntentionDetectorTest" assertions="2" time="0.038817"/>
        <testcase name="test_detectar_intenciones_animacion" file="C:\Users\ASUS\Desktop\SENA\Nueva carpeta\tests\Unit\ChatbotIntentionDetectorTest.php" line="58" class="Tests\Unit\ChatbotIntentionDetectorTest" classname="Tests.Unit.ChatbotIntentionDetectorTest" assertions="2" time="0.040569"/>
        <testcase name="test_detectar_intenciones_publicidad" file="C:\Users\ASUS\Desktop\SENA\Nueva carpeta\tests\Unit\ChatbotIntentionDetectorTest.php" line="65" class="Tests\Unit\ChatbotIntentionDetectorTest" classname="Tests.Unit.ChatbotIntentionDetectorTest" assertions="2" time="0.037588"/>
        <testcase name="test_detectar_intenciones_multiples" file="C:\Users\ASUS\Desktop\SENA\Nueva carpeta\tests\Unit\ChatbotIntentionDetectorTest.php" line="72" class="Tests\Unit\ChatbotIntentionDetectorTest" classname="Tests.Unit.ChatbotIntentionDetectorTest" assertions="3" time="0.044364"/>
        <testcase name="test_validar_intenciones_contra_mensaje_valida_alquiler" file="C:\Users\ASUS\Desktop\SENA\Nueva carpeta\tests\Unit\ChatbotIntentionDetectorTest.php" line="83" class="Tests\Unit\ChatbotIntentionDetectorTest" classname="Tests.Unit.ChatbotIntentionDetectorTest" assertions="1" time="0.035760"/>
        <testcase name="test_validar_intenciones_contra_mensaje_invalida_alquiler" file="C:\Users\ASUS\Desktop\SENA\Nueva carpeta\tests\Unit\ChatbotIntentionDetectorTest.php" line="92" class="Tests\Unit\ChatbotIntentionDetectorTest" classname="Tests.Unit.ChatbotIntentionDetectorTest" assertions="1" time="0.037976"/>
        <testcase name="test_validar_intenciones_contra_mensaje_con_animacion" file="C:\Users\ASUS\Desktop\SENA\Nueva carpeta\tests\Unit\ChatbotIntentionDetectorTest.php" line="101" class="Tests\Unit\ChatbotIntentionDetectorTest" classname="Tests.Unit.ChatbotIntentionDetectorTest" assertions="1" time="0.036035"/>
        <testcase name="test_validar_intenciones_contra_mensaje_con_publicidad" file="C:\Users\ASUS\Desktop\SENA\Nueva carpeta\tests\Unit\ChatbotIntentionDetectorTest.php" line="110" class="Tests\Unit\ChatbotIntentionDetectorTest" classname="Tests.Unit.ChatbotIntentionDetectorTest" assertions="1" time="0.037300"/>
        <testcase name="test_validar_intenciones_contra_mensaje_vacio" file="C:\Users\ASUS\Desktop\SENA\Nueva carpeta\tests\Unit\ChatbotIntentionDetectorTest.php" line="119" class="Tests\Unit\ChatbotIntentionDetectorTest" classname="Tests.Unit.ChatbotIntentionDetectorTest" assertions="1" time="0.037415"/>
        <testcase name="test_validar_intenciones_contra_mensaje_multiples" file="C:\Users\ASUS\Desktop\SENA\Nueva carpeta\tests\Unit\ChatbotIntentionDetectorTest.php" line="128" class="Tests\Unit\ChatbotIntentionDetectorTest" classname="Tests.Unit.ChatbotIntentionDetectorTest" assertions="3" time="0.036455"/>
        <testcase name="test_es_relacionado_con_alquiler" file="C:\Users\ASUS\Desktop\SENA\Nueva carpeta\tests\Unit\ChatbotIntentionDetectorTest.php" line="142" class="Tests\Unit\ChatbotIntentionDetectorTest" classname="Tests.Unit.ChatbotIntentionDetectorTest" assertions="1" time="0.036184"/>
        <testcase name="test_es_relacionado_con_animacion" file="C:\Users\ASUS\Desktop\SENA\Nueva carpeta\tests\Unit\ChatbotIntentionDetectorTest.php" line="148" class="Tests\Unit\ChatbotIntentionDetectorTest" classname="Tests.Unit.ChatbotIntentionDetectorTest" assertions="1" time="0.036261"/>
        <testcase name="test_es_relacionado_con_publicidad" file="C:\Users\ASUS\Desktop\SENA\Nueva carpeta\tests\Unit\ChatbotIntentionDetectorTest.php" line="154" class="Tests\Unit\ChatbotIntentionDetectorTest" classname="Tests.Unit.ChatbotIntentionDetectorTest" assertions="1" time="0.040292"/>
        <testcase name="test_es_relacionado_con_mensaje_vacio" file="C:\Users\ASUS\Desktop\SENA\Nueva carpeta\tests\Unit\ChatbotIntentionDetectorTest.php" line="160" class="Tests\Unit\ChatbotIntentionDetectorTest" classname="Tests.Unit.ChatbotIntentionDetectorTest" assertions="1" time="0.041845"/>
        <testcase name="test_es_relacionado_con_mensaje_no_relacionado" file="C:\Users\ASUS\Desktop\SENA\Nueva carpeta\tests\Unit\ChatbotIntentionDetectorTest.php" line="167" class="Tests\Unit\ChatbotIntentionDetectorTest" classname="Tests.Unit.ChatbotIntentionDetectorTest" assertions="1" time="0.037229"/>
        <testcase name="test_es_relacionado_case_insensitive" file="C:\Users\ASUS\Desktop\SENA\Nueva carpeta\tests\Unit\ChatbotIntentionDetectorTest.php" line="174" class="Tests\Unit\ChatbotIntentionDetectorTest" classname="Tests.Unit.ChatbotIntentionDetectorTest" assertions="2" time="0.033883"/>
        <testcase name="test_clasificar_por_tfidf_con_cadena_vacia" file="C:\Users\ASUS\Desktop\SENA\Nueva carpeta\tests\Unit\ChatbotIntentionDetectorTest.php" line="187" class="Tests\Unit\ChatbotIntentionDetectorTest" classname="Tests.Unit.ChatbotIntentionDetectorTest" assertions="2" time="0.039218"/>
        <testcase name="test_clasificar_por_tfidf_retorna_array" file="C:\Users\ASUS\Desktop\SENA\Nueva carpeta\tests\Unit\ChatbotIntentionDetectorTest.php" line="194" class="Tests\Unit\ChatbotIntentionDetectorTest" classname="Tests.Unit.ChatbotIntentionDetectorTest" assertions="1" time="0.036562"/>
        <testcase name="test_clasificar_por_tfidf_con_texto_solo_espacios" file="C:\Users\ASUS\Desktop\SENA\Nueva carpeta\tests\Unit\ChatbotIntentionDetectorTest.php" line="202" class="Tests\Unit\ChatbotIntentionDetectorTest" classname="Tests.Unit.ChatbotIntentionDetectorTest" assertions="2" time="0.036352"/>
        <testcase name="test_validar_intenciones_contra_mensaje_con_intencion_no_en_explicitas" file="C:\Users\ASUS\Desktop\SENA\Nueva carpeta\tests\Unit\ChatbotIntentionDetectorTest.php" line="213" class="Tests\Unit\ChatbotIntentionDetectorTest" classname="Tests.Unit.ChatbotIntentionDetectorTest" assertions="2" time="0.070305"/>
        <testcase name="test_validar_intenciones_contra_mensaje_con_intencion_valida_pero_no_en_mensaje" file="C:\Users\ASUS\Desktop\SENA\Nueva carpeta\tests\Unit\ChatbotIntentionDetectorTest.php" line="225" class="Tests\Unit\ChatbotIntentionDetectorTest" classname="Tests.Unit.ChatbotIntentionDetectorTest" assertions="1" time="0.052354"/>
        <testcase name="test_detectar_intenciones_con_palabras_fuertes" file="C:\Users\ASUS\Desktop\SENA\Nueva carpeta\tests\Unit\ChatbotIntentionDetectorTest.php" line="235" class="Tests\Unit\ChatbotIntentionDetectorTest" classname="Tests.Unit.ChatbotIntentionDetectorTest" assertions="2" time="0.055918"/>
        <testcase name="test_detectar_intenciones_con_puntaje_alto" file="C:\Users\ASUS\Desktop\SENA\Nueva carpeta\tests\Unit\ChatbotIntentionDetectorTest.php" line="244" class="Tests\Unit\ChatbotIntentionDetectorTest" classname="Tests.Unit.ChatbotIntentionDetectorTest" assertions="2" time="0.044383"/>
        <testcase name="test_detectar_intenciones_ordenadas_por_puntaje" file="C:\Users\ASUS\Desktop\SENA\Nueva carpeta\tests\Unit\ChatbotIntentionDetectorTest.php" line="252" class="Tests\Unit\ChatbotIntentionDetectorTest" classname="Tests.Unit.ChatbotIntentionDetectorTest" assertions="3" time="0.058748"/>
        <testcase name="test_es_relacionado_retorna_false_cuando_no_hay_palabras_clave" file="C:\Users\ASUS\Desktop\SENA\Nueva carpeta\tests\Unit\ChatbotIntentionDetectorTest.php" line="261" class="Tests\Unit\ChatbotIntentionDetectorTest" classname="Tests.Unit.ChatbotIntentionDetectorTest" assertions="1" time="0.051170"/>
        <testcase name="test_detectar_intenciones_con_palabra_explicita" file="C:\Users\ASUS\Desktop\SENA\Nueva carpeta\tests\Unit\ChatbotIntentionDetectorTest.php" line="267" class="Tests\Unit\ChatbotIntentionDetectorTest" classname="Tests.Unit.ChatbotIntentionDetectorTest" assertions="2" time="0.046827"/>
        <testcase name="test_detectar_intenciones_con_maestro_ceremonias" file="C:\Users\ASUS\Desktop\SENA\Nueva carpeta\tests\Unit\ChatbotIntentionDetectorTest.php" line="275" class="Tests\Unit\ChatbotIntentionDetectorTest" classname="Tests.Unit.ChatbotIntentionDetectorTest" assertions="2" time="0.053043"/>
        <testcase name="test_detectar_intenciones_con_par_led" file="C:\Users\ASUS\Desktop\SENA\Nueva carpeta\tests\Unit\ChatbotIntentionDetectorTest.php" line="283" class="Tests\Unit\ChatbotIntentionDetectorTest" classname="Tests.Unit.ChatbotIntentionDetectorTest" assertions="2" time="0.042774"/>
        <testcase name="test_detectar_intenciones_con_cumpleanos" file="C:\Users\ASUS\Desktop\SENA\Nueva carpeta\tests\Unit\ChatbotIntentionDetectorTest.php" line="291" class="Tests\Unit\ChatbotIntentionDetectorTest" classname="Tests.Unit.ChatbotIntentionDetectorTest" assertions="2" time="0.043765"/>
        <testcase name="test_detectar_intenciones_con_locucion" file="C:\Users\ASUS\Desktop\SENA\Nueva carpeta\tests\Unit\ChatbotIntentionDetectorTest.php" line="299" class="Tests\Unit\ChatbotIntentionDetectorTest" classname="Tests.Unit.ChatbotIntentionDetectorTest" assertions="2" time="0.037688"/>
        <testcase name="test_detectar_intenciones_con_equipo_sonido" file="C:\Users\ASUS\Desktop\SENA\Nueva carpeta\tests\Unit\ChatbotIntentionDetectorTest.php" line="307" class="Tests\Unit\ChatbotIntentionDetectorTest" classname="Tests.Unit.ChatbotIntentionDetectorTest" assertions="2" time="0.038798"/>
        <testcase name="test_validar_intenciones_con_palabra_clave_en_mensaje" file="C:\Users\ASUS\Desktop\SENA\Nueva carpeta\tests\Unit\ChatbotIntentionDetectorTest.php" line="315" class="Tests\Unit\ChatbotIntentionDetectorTest" classname="Tests.Unit.ChatbotIntentionDetectorTest" assertions="1" time="0.038567"/>
        <testcase name="test_validar_intenciones_con_multiples_palabras_clave" file="C:\Users\ASUS\Desktop\SENA\Nueva carpeta\tests\Unit\ChatbotIntentionDetectorTest.php" line="325" class="Tests\Unit\ChatbotIntentionDetectorTest" classname="Tests.Unit.ChatbotIntentionDetectorTest" assertions="3" time="0.036050"/>
        <testcase name="test_es_relacionado_con_palabra_clave_parcial" file="C:\Users\ASUS\Desktop\SENA\Nueva carpeta\tests\Unit\ChatbotIntentionDetectorTest.php" line="336" class="Tests\Unit\ChatbotIntentionDetectorTest" classname="Tests.Unit.ChatbotIntentionDetectorTest" assertions="1" time="0.045586"/>
        <testcase name="test_detectar_intenciones_case_insensitive" file="C:\Users\ASUS\Desktop\SENA\Nueva carpeta\tests\Unit\ChatbotIntentionDetectorTest.php" line="343" class="Tests\Unit\ChatbotIntentionDetectorTest" classname="Tests.Unit.ChatbotIntentionDetectorTest" assertions="2" time="0.038251"/>
        <testcase name="test_detectar_intenciones_con_acentos" file="C:\Users\ASUS\Desktop\SENA\Nueva carpeta\tests\Unit\ChatbotIntentionDetectorTest.php" line="351" class="Tests\Unit\ChatbotIntentionDetectorTest" classname="Tests.Unit.ChatbotIntentionDetectorTest" assertions="2" time="0.039738"/>
        <testcase name="test_detectar_intenciones_con_puntaje_exacto_dos" file="C:\Users\ASUS\Desktop\SENA\Nueva carpeta\tests\Unit\ChatbotIntentionDetectorTest.php" line="363" class="Tests\Unit\ChatbotIntentionDetectorTest" classname="Tests.Unit.ChatbotIntentionDetectorTest" assertions="2" time="0.038715"/>
        <testcase name="test_detectar_intenciones_con_puntaje_uno_y_palabra_explicita_animacion" file="C:\Users\ASUS\Desktop\SENA\Nueva carpeta\tests\Unit\ChatbotIntentionDetectorTest.php" line="372" class="Tests\Unit\ChatbotIntentionDetectorTest" classname="Tests.Unit.ChatbotIntentionDetectorTest" assertions="2" time="0.040016"/>
        <testcase name="test_detectar_intenciones_con_puntaje_uno_y_palabra_fuerte_publicidad" file="C:\Users\ASUS\Desktop\SENA\Nueva carpeta\tests\Unit\ChatbotIntentionDetectorTest.php" line="380" class="Tests\Unit\ChatbotIntentionDetectorTest" classname="Tests.Unit.ChatbotIntentionDetectorTest" assertions="2" time="0.038566"/>
        <testcase name="test_detectar_intenciones_sin_puntaje_suficiente" file="C:\Users\ASUS\Desktop\SENA\Nueva carpeta\tests\Unit\ChatbotIntentionDetectorTest.php" line="388" class="Tests\Unit\ChatbotIntentionDetectorTest" classname="Tests.Unit.ChatbotIntentionDetectorTest" assertions="1" time="0.042283"/>
        <testcase name="test_detectar_intenciones_con_palabra_en_limite_palabra" file="C:\Users\ASUS\Desktop\SENA\Nueva carpeta\tests\Unit\ChatbotIntentionDetectorTest.php" line="396" class="Tests\Unit\ChatbotIntentionDetectorTest" classname="Tests.Unit.ChatbotIntentionDetectorTest" assertions="2" time="0.039797"/>
        <testcase name="test_detectar_intenciones_ordenamiento_por_puntaje" file="C:\Users\ASUS\Desktop\SENA\Nueva carpeta\tests\Unit\ChatbotIntentionDetectorTest.php" line="404" class="Tests\Unit\ChatbotIntentionDetectorTest" classname="Tests.Unit.ChatbotIntentionDetectorTest" assertions="3" time="0.038450"/>
        <testcase name="test_detectar_intenciones_con_todas_las_palabras_clave_alquiler" file="C:\Users\ASUS\Desktop\SENA\Nueva carpeta\tests\Unit\ChatbotIntentionDetectorTest.php" line="416" class="Tests\Unit\ChatbotIntentionDetectorTest" classname="Tests.Unit.ChatbotIntentionDetectorTest" assertions="2" time="0.040948"/>
        <testcase name="test_detectar_intenciones_con_todas_las_palabras_clave_animacion" file="C:\Users\ASUS\Desktop\SENA\Nueva carpeta\tests\Unit\ChatbotIntentionDetectorTest.php" line="424" class="Tests\Unit\ChatbotIntentionDetectorTest" classname="Tests.Unit.ChatbotIntentionDetectorTest" assertions="2" time="0.043150"/>
        <testcase name="test_detectar_intenciones_con_todas_las_palabras_clave_publicidad" file="C:\Users\ASUS\Desktop\SENA\Nueva carpeta\tests\Unit\ChatbotIntentionDetectorTest.php" line="432" class="Tests\Unit\ChatbotIntentionDetectorTest" classname="Tests.Unit.ChatbotIntentionDetectorTest" assertions="2" time="0.040209"/>
        <testcase name="test_validar_intenciones_con_intencion_no_valida" file="C:\Users\ASUS\Desktop\SENA\Nueva carpeta\tests\Unit\ChatbotIntentionDetectorTest.php" line="440" class="Tests\Unit\ChatbotIntentionDetectorTest" classname="Tests.Unit.ChatbotIntentionDetectorTest" assertions="2" time="0.037470"/>
        <testcase name="test_validar_intenciones_con_palabra_clave_al_inicio" file="C:\Users\ASUS\Desktop\SENA\Nueva carpeta\tests\Unit\ChatbotIntentionDetectorTest.php" line="451" class="Tests\Unit\ChatbotIntentionDetectorTest" classname="Tests.Unit.ChatbotIntentionDetectorTest" assertions="1" time="0.036609"/>
        <testcase name="test_validar_intenciones_con_palabra_clave_al_final" file="C:\Users\ASUS\Desktop\SENA\Nueva carpeta\tests\Unit\ChatbotIntentionDetectorTest.php" line="461" class="Tests\Unit\ChatbotIntentionDetectorTest" classname="Tests.Unit.ChatbotIntentionDetectorTest" assertions="1" time="0.036024"/>
        <testcase name="test_validar_intenciones_con_palabra_clave_en_medio" file="C:\Users\ASUS\Desktop\SENA\Nueva carpeta\tests\Unit\ChatbotIntentionDetectorTest.php" line="471" class="Tests\Unit\ChatbotIntentionDetectorTest" classname="Tests.Unit.ChatbotIntentionDetectorTest" assertions="1" time="0.046510"/>
        <testcase name="test_validar_intenciones_con_palabra_clave_con_acentos" file="C:\Users\ASUS\Desktop\SENA\Nueva carpeta\tests\Unit\ChatbotIntentionDetectorTest.php" line="481" class="Tests\Unit\ChatbotIntentionDetectorTest" classname="Tests.Unit.ChatbotIntentionDetectorTest" assertions="1" time="0.037135"/>
        <testcase name="test_es_relacionado_con_variaciones_de_palabras" file="C:\Users\ASUS\Desktop\SENA\Nueva carpeta\tests\Unit\ChatbotIntentionDetectorTest.php" line="491" class="Tests\Unit\ChatbotIntentionDetectorTest" classname="Tests.Unit.ChatbotIntentionDetectorTest" assertions="17" time="0.042201"/>
        <testcase name="test_es_relacionado_con_palabras_no_relacionadas" file="C:\Users\ASUS\Desktop\SENA\Nueva carpeta\tests\Unit\ChatbotIntentionDetectorTest.php" line="520" class="Tests\Unit\ChatbotIntentionDetectorTest" classname="Tests.Unit.ChatbotIntentionDetectorTest" assertions="8" time="0.037232"/>
        <testcase name="test_es_relacionado_con_palabras_clave_en_mayusculas" file="C:\Users\ASUS\Desktop\SENA\Nueva carpeta\tests\Unit\ChatbotIntentionDetectorTest.php" line="540" class="Tests\Unit\ChatbotIntentionDetectorTest" classname="Tests.Unit.ChatbotIntentionDetectorTest" assertions="1" time="0.042767"/>
        <testcase name="test_es_relacionado_con_palabras_clave_mixtas" file="C:\Users\ASUS\Desktop\SENA\Nueva carpeta\tests\Unit\ChatbotIntentionDetectorTest.php" line="547" class="Tests\Unit\ChatbotIntentionDetectorTest" classname="Tests.Unit.ChatbotIntentionDetectorTest" assertions="1" time="0.035014"/>
        <testcase name="test_detectar_intenciones_con_palabras_compuestas" file="C:\Users\ASUS\Desktop\SENA\Nueva carpeta\tests\Unit\ChatbotIntentionDetectorTest.php" line="554" class="Tests\Unit\ChatbotIntentionDetectorTest" classname="Tests.Unit.ChatbotIntentionDetectorTest" assertions="2" time="0.041832"/>
        <testcase name="test_detectar_intenciones_con_mensaje_muy_largo" file="C:\Users\ASUS\Desktop\SENA\Nueva carpeta\tests\Unit\ChatbotIntentionDetectorTest.php" line="562" class="Tests\Unit\ChatbotIntentionDetectorTest" classname="Tests.Unit.ChatbotIntentionDetectorTest" assertions="3" time="0.042972"/>
        <testcase name="test_detectar_intenciones_con_palabras_repetidas" file="C:\Users\ASUS\Desktop\SENA\Nueva carpeta\tests\Unit\ChatbotIntentionDetectorTest.php" line="571" class="Tests\Unit\ChatbotIntentionDetectorTest" classname="Tests.Unit.ChatbotIntentionDetectorTest" assertions="2" time="0.040874"/>
        <testcase name="test_detectar_intenciones_con_puntuacion" file="C:\Users\ASUS\Desktop\SENA\Nueva carpeta\tests\Unit\ChatbotIntentionDetectorTest.php" line="579" class="Tests\Unit\ChatbotIntentionDetectorTest" classname="Tests.Unit.ChatbotIntentionDetectorTest" assertions="3" time="0.037322"/>
        <testcase name="test_detectar_intenciones_con_numeros" file="C:\Users\ASUS\Desktop\SENA\Nueva carpeta\tests\Unit\ChatbotIntentionDetectorTest.php" line="587" class="Tests\Unit\ChatbotIntentionDetectorTest" classname="Tests.Unit.ChatbotIntentionDetectorTest" assertions="3" time="0.039995"/>
        <testcase name="test_validar_intenciones_con_mensaje_vacio" file="C:\Users\ASUS\Desktop\SENA\Nueva carpeta\tests\Unit\ChatbotIntentionDetectorTest.php" line="595" class="Tests\Unit\ChatbotIntentionDetectorTest" classname="Tests.Unit.ChatbotIntentionDetectorTest" assertions="2" time="0.036934"/>
        <testcase name="test_validar_intenciones_con_mensaje_solo_espacios" file="C:\Users\ASUS\Desktop\SENA\Nueva carpeta\tests\Unit\ChatbotIntentionDetectorTest.php" line="606" class="Tests\Unit\ChatbotIntentionDetectorTest" classname="Tests.Unit.ChatbotIntentionDetectorTest" assertions="2" time="0.043704"/>
        <testcase name="test_validar_intenciones_con_palabra_clave_como_parte_de_otra_palabra" file="C:\Users\ASUS\Desktop\SENA\Nueva carpeta\tests\Unit\ChatbotIntentionDetectorTest.php" line="617" class="Tests\Unit\ChatbotIntentionDetectorTest" classname="Tests.Unit.ChatbotIntentionDetectorTest" assertions="1" time="0.035873"/>
        <testcase name="test_detectar_intenciones_con_servicio_que_no_existe" file="C:\Users\ASUS\Desktop\SENA\Nueva carpeta\tests\Unit\ChatbotIntentionDetectorTest.php" line="629" class="Tests\Unit\ChatbotIntentionDetectorTest" classname="Tests.Unit.ChatbotIntentionDetectorTest" assertions="1" time="0.036852"/>
        <testcase name="test_clasificar_por_tfidf_con_texto_normalizado" file="C:\Users\ASUS\Desktop\SENA\Nueva carpeta\tests\Unit\ChatbotIntentionDetectorTest.php" line="641" class="Tests\Unit\ChatbotIntentionDetectorTest" classname="Tests.Unit.ChatbotIntentionDetectorTest" assertions="1" time="0.040666"/>
        <testcase name="test_clasificar_por_tfidf_con_caracteres_especiales" file="C:\Users\ASUS\Desktop\SENA\Nueva carpeta\tests\Unit\ChatbotIntentionDetectorTest.php" line="648" class="Tests\Unit\ChatbotIntentionDetectorTest" classname="Tests.Unit.ChatbotIntentionDetectorTest" assertions="1" time="0.036718"/>
        <testcase name="test_clasificar_por_tfidf_con_datos_en_bd" file="C:\Users\ASUS\Desktop\SENA\Nueva carpeta\tests\Unit\ChatbotIntentionDetectorTest.php" line="655" class="Tests\Unit\ChatbotIntentionDetectorTest" classname="Tests.Unit.ChatbotIntentionDetectorTest" assertions="1" time="0.041323"/>
        <testcase name="test_clasificar_por_tfidf_con_multiples_servicios" file="C:\Users\ASUS\Desktop\SENA\Nueva carpeta\tests\Unit\ChatbotIntentionDetectorTest.php" line="679" class="Tests\Unit\ChatbotIntentionDetectorTest" classname="Tests.Unit.ChatbotIntentionDetectorTest" assertions="1" time="0.046423"/>
        <testcase name="test_clasificar_por_tfidf_con_score_bajo" file="C:\Users\ASUS\Desktop\SENA\Nueva carpeta\tests\Unit\ChatbotIntentionDetectorTest.php" line="712" class="Tests\Unit\ChatbotIntentionDetectorTest" classname="Tests.Unit.ChatbotIntentionDetectorTest" assertions="1" time="0.039024"/>
        <testcase name="test_clasificar_por_tfidf_con_excepcion_en_cache" file="C:\Users\ASUS\Desktop\SENA\Nueva carpeta\tests\Unit\ChatbotIntentionDetectorTest.php" line="734" class="Tests\Unit\ChatbotIntentionDetectorTest" classname="Tests.Unit.ChatbotIntentionDetectorTest" assertions="1" time="0.036965"/>
        <testcase name="test_clasificar_por_tfidf_con_tokens_vacios" file="C:\Users\ASUS\Desktop\SENA\Nueva carpeta\tests\Unit\ChatbotIntentionDetectorTest.php" line="743" class="Tests\Unit\ChatbotIntentionDetectorTest" classname="Tests.Unit.ChatbotIntentionDetectorTest" assertions="2" time="0.037004"/>
        <testcase name="test_clasificar_por_tfidf_con_stopwords_solo" file="C:\Users\ASUS\Desktop\SENA\Nueva carpeta\tests\Unit\ChatbotIntentionDetectorTest.php" line="751" class="Tests\Unit\ChatbotIntentionDetectorTest" classname="Tests.Unit.ChatbotIntentionDetectorTest" assertions="2" time="0.036871"/>
        <testcase name="test_detectar_intenciones_con_tfidf_fallback" file="C:\Users\ASUS\Desktop\SENA\Nueva carpeta\tests\Unit\ChatbotIntentionDetectorTest.php" line="759" class="Tests\Unit\ChatbotIntentionDetectorTest" classname="Tests.Unit.ChatbotIntentionDetectorTest" assertions="1" time="0.046595"/>
        <testcase name="test_detectar_intenciones_con_palabras_stopwords" file="C:\Users\ASUS\Desktop\SENA\Nueva carpeta\tests\Unit\ChatbotIntentionDetectorTest.php" line="768" class="Tests\Unit\ChatbotIntentionDetectorTest" classname="Tests.Unit.ChatbotIntentionDetectorTest" assertions="2" time="0.040257"/>
        <testcase name="test_detectar_intenciones_con_orden_diferente" file="C:\Users\ASUS\Desktop\SENA\Nueva carpeta\tests\Unit\ChatbotIntentionDetectorTest.php" line="777" class="Tests\Unit\ChatbotIntentionDetectorTest" classname="Tests.Unit.ChatbotIntentionDetectorTest" assertions="4" time="0.039751"/>
        <testcase name="test_validar_intenciones_con_break_early" file="C:\Users\ASUS\Desktop\SENA\Nueva carpeta\tests\Unit\ChatbotIntentionDetectorTest.php" line="789" class="Tests\Unit\ChatbotIntentionDetectorTest" classname="Tests.Unit.ChatbotIntentionDetectorTest" assertions="2" time="0.038562"/>
        <testcase name="test_detectar_intenciones_con_cache_palabras" file="C:\Users\ASUS\Desktop\SENA\Nueva carpeta\tests\Unit\ChatbotIntentionDetectorTest.php" line="800" class="Tests\Unit\ChatbotIntentionDetectorTest" classname="Tests.Unit.ChatbotIntentionDetectorTest" assertions="2" time="0.039383"/>
        <testcase name="test_detectar_intenciones_con_puntaje_cero" file="C:\Users\ASUS\Desktop\SENA\Nueva carpeta\tests\Unit\ChatbotIntentionDetectorTest.php" line="811" class="Tests\Unit\ChatbotIntentionDetectorTest" classname="Tests.Unit.ChatbotIntentionDetectorTest" assertions="1" time="0.038302"/>
        <testcase name="test_es_relacionado_con_palabra_clave_con_guiones" file="C:\Users\ASUS\Desktop\SENA\Nueva carpeta\tests\Unit\ChatbotIntentionDetectorTest.php" line="819" class="Tests\Unit\ChatbotIntentionDetectorTest" classname="Tests.Unit.ChatbotIntentionDetectorTest" assertions="1" time="0.045295"/>
      </testsuite>
      <testsuite name="Tests\Unit\ChatbotMessageProcessorTest" file="C:\Users\ASUS\Desktop\SENA\Nueva carpeta\tests\Unit\ChatbotMessageProcessorTest.php" tests="34" assertions="43" errors="0" failures="0" skipped="0" time="1.408582">
        <testcase name="test_procesar_mensaje_texto_vacio" file="C:\Users\ASUS\Desktop\SENA\Nueva carpeta\tests\Unit\ChatbotMessageProcessorTest.php" line="77" class="Tests\Unit\ChatbotMessageProcessorTest" classname="Tests.Unit.ChatbotMessageProcessorTest" assertions="1" time="0.197731"/>
        <testcase name="test_procesar_mensaje_texto_con_catalogo" file="C:\Users\ASUS\Desktop\SENA\Nueva carpeta\tests\Unit\ChatbotMessageProcessorTest.php" line="100" class="Tests\Unit\ChatbotMessageProcessorTest" classname="Tests.Unit.ChatbotMessageProcessorTest" assertions="1" time="0.036066"/>
        <testcase name="test_procesar_mensaje_texto_fuera_de_tema" file="C:\Users\ASUS\Desktop\SENA\Nueva carpeta\tests\Unit\ChatbotMessageProcessorTest.php" line="126" class="Tests\Unit\ChatbotMessageProcessorTest" classname="Tests.Unit.ChatbotMessageProcessorTest" assertions="2" time="0.036879"/>
        <testcase name="test_procesar_mensaje_texto_con_intenciones" file="C:\Users\ASUS\Desktop\SENA\Nueva carpeta\tests\Unit\ChatbotMessageProcessorTest.php" line="163" class="Tests\Unit\ChatbotMessageProcessorTest" classname="Tests.Unit.ChatbotMessageProcessorTest" assertions="1" time="0.036594"/>
        <testcase name="test_procesar_mensaje_texto_con_actualizacion_dias" file="C:\Users\ASUS\Desktop\SENA\Nueva carpeta\tests\Unit\ChatbotMessageProcessorTest.php" line="221" class="Tests\Unit\ChatbotMessageProcessorTest" classname="Tests.Unit.ChatbotMessageProcessorTest" assertions="1" time="0.037634"/>
        <testcase name="test_procesar_mensaje_texto_buscar_subservicios" file="C:\Users\ASUS\Desktop\SENA\Nueva carpeta\tests\Unit\ChatbotMessageProcessorTest.php" line="277" class="Tests\Unit\ChatbotMessageProcessorTest" classname="Tests.Unit.ChatbotMessageProcessorTest" assertions="1" time="0.035204"/>
        <testcase name="test_procesar_mensaje_texto_con_continuacion" file="C:\Users\ASUS\Desktop\SENA\Nueva carpeta\tests\Unit\ChatbotMessageProcessorTest.php" line="338" class="Tests\Unit\ChatbotMessageProcessorTest" classname="Tests.Unit.ChatbotMessageProcessorTest" assertions="1" time="0.038521"/>
        <testcase name="test_procesar_mensaje_texto_con_dias_y_selecciones" file="C:\Users\ASUS\Desktop\SENA\Nueva carpeta\tests\Unit\ChatbotMessageProcessorTest.php" line="409" class="Tests\Unit\ChatbotMessageProcessorTest" classname="Tests.Unit.ChatbotMessageProcessorTest" assertions="1" time="0.035979"/>
        <testcase name="test_procesar_mensaje_texto_error_en_actualizacion_dias" file="C:\Users\ASUS\Desktop\SENA\Nueva carpeta\tests\Unit\ChatbotMessageProcessorTest.php" line="466" class="Tests\Unit\ChatbotMessageProcessorTest" classname="Tests.Unit.ChatbotMessageProcessorTest" assertions="1" time="0.035293"/>
        <testcase name="test_procesar_mensaje_texto_con_intenciones_sesion" file="C:\Users\ASUS\Desktop\SENA\Nueva carpeta\tests\Unit\ChatbotMessageProcessorTest.php" line="519" class="Tests\Unit\ChatbotMessageProcessorTest" classname="Tests.Unit.ChatbotMessageProcessorTest" assertions="1" time="0.037530"/>
        <testcase name="test_procesar_mensaje_texto_con_ml_intent" file="C:\Users\ASUS\Desktop\SENA\Nueva carpeta\tests\Unit\ChatbotMessageProcessorTest.php" line="583" class="Tests\Unit\ChatbotMessageProcessorTest" classname="Tests.Unit.ChatbotMessageProcessorTest" assertions="1" time="0.035650"/>
        <testcase name="test_procesar_mensaje_texto_con_agregado" file="C:\Users\ASUS\Desktop\SENA\Nueva carpeta\tests\Unit\ChatbotMessageProcessorTest.php" line="645" class="Tests\Unit\ChatbotMessageProcessorTest" classname="Tests.Unit.ChatbotMessageProcessorTest" assertions="1" time="0.036649"/>
        <testcase name="test_procesar_mensaje_texto_nueva_consulta" file="C:\Users\ASUS\Desktop\SENA\Nueva carpeta\tests\Unit\ChatbotMessageProcessorTest.php" line="705" class="Tests\Unit\ChatbotMessageProcessorTest" classname="Tests.Unit.ChatbotMessageProcessorTest" assertions="1" time="0.037849"/>
        <testcase name="test_procesar_mensaje_texto_con_dias_y_continuacion" file="C:\Users\ASUS\Desktop\SENA\Nueva carpeta\tests\Unit\ChatbotMessageProcessorTest.php" line="765" class="Tests\Unit\ChatbotMessageProcessorTest" classname="Tests.Unit.ChatbotMessageProcessorTest" assertions="1" time="0.039025"/>
        <testcase name="test_procesar_mensaje_texto_fuera_de_tema_con_selecciones" file="C:\Users\ASUS\Desktop\SENA\Nueva carpeta\tests\Unit\ChatbotMessageProcessorTest.php" line="836" class="Tests\Unit\ChatbotMessageProcessorTest" classname="Tests.Unit.ChatbotMessageProcessorTest" assertions="1" time="0.040411"/>
        <testcase name="test_procesar_mensaje_texto_actualizacion_dias_items_vacios" file="C:\Users\ASUS\Desktop\SENA\Nueva carpeta\tests\Unit\ChatbotMessageProcessorTest.php" line="912" class="Tests\Unit\ChatbotMessageProcessorTest" classname="Tests.Unit.ChatbotMessageProcessorTest" assertions="1" time="0.036273"/>
        <testcase name="test_procesar_mensaje_texto_buscar_subservicios_con_mensaje_vacio" file="C:\Users\ASUS\Desktop\SENA\Nueva carpeta\tests\Unit\ChatbotMessageProcessorTest.php" line="968" class="Tests\Unit\ChatbotMessageProcessorTest" classname="Tests.Unit.ChatbotMessageProcessorTest" assertions="1" time="0.034897"/>
        <testcase name="test_procesar_mensaje_texto_con_catalogo_corregido" file="C:\Users\ASUS\Desktop\SENA\Nueva carpeta\tests\Unit\ChatbotMessageProcessorTest.php" line="994" class="Tests\Unit\ChatbotMessageProcessorTest" classname="Tests.Unit.ChatbotMessageProcessorTest" assertions="1" time="0.040131"/>
        <testcase name="test_procesar_mensaje_texto_con_actualizacion_dias_dias_cero" file="C:\Users\ASUS\Desktop\SENA\Nueva carpeta\tests\Unit\ChatbotMessageProcessorTest.php" line="1019" class="Tests\Unit\ChatbotMessageProcessorTest" classname="Tests.Unit.ChatbotMessageProcessorTest" assertions="1" time="0.034958"/>
        <testcase name="test_procesar_mensaje_texto_con_intenciones_vacias_y_no_relacionado" file="C:\Users\ASUS\Desktop\SENA\Nueva carpeta\tests\Unit\ChatbotMessageProcessorTest.php" line="1094" class="Tests\Unit\ChatbotMessageProcessorTest" classname="Tests.Unit.ChatbotMessageProcessorTest" assertions="1" time="0.036990"/>
        <testcase name="test_procesar_mensaje_texto_con_sugerencia_aplicada" file="C:\Users\ASUS\Desktop\SENA\Nueva carpeta\tests\Unit\ChatbotMessageProcessorTest.php" line="1149" class="Tests\Unit\ChatbotMessageProcessorTest" classname="Tests.Unit.ChatbotMessageProcessorTest" assertions="1" time="0.038709"/>
        <testcase name="test_procesar_mensaje_texto_con_error_en_sugerencias" file="C:\Users\ASUS\Desktop\SENA\Nueva carpeta\tests\Unit\ChatbotMessageProcessorTest.php" line="1209" class="Tests\Unit\ChatbotMessageProcessorTest" classname="Tests.Unit.ChatbotMessageProcessorTest" assertions="1" time="0.035533"/>
        <testcase name="test_procesar_mensaje_texto_fuera_de_tema_con_selecciones_y_dias" file="C:\Users\ASUS\Desktop\SENA\Nueva carpeta\tests\Unit\ChatbotMessageProcessorTest.php" line="1268" class="Tests\Unit\ChatbotMessageProcessorTest" classname="Tests.Unit.ChatbotMessageProcessorTest" assertions="1" time="0.037032"/>
        <testcase name="test_procesar_mensaje_texto_con_detectar_intenciones_sesion_y_dias" file="C:\Users\ASUS\Desktop\SENA\Nueva carpeta\tests\Unit\ChatbotMessageProcessorTest.php" line="1325" class="Tests\Unit\ChatbotMessageProcessorTest" classname="Tests.Unit.ChatbotMessageProcessorTest" assertions="1" time="0.036523"/>
        <testcase name="test_procesar_mensaje_texto_buscar_subservicios_con_mensaje_corregido_vacio" file="C:\Users\ASUS\Desktop\SENA\Nueva carpeta\tests\Unit\ChatbotMessageProcessorTest.php" line="1390" class="Tests\Unit\ChatbotMessageProcessorTest" classname="Tests.Unit.ChatbotMessageProcessorTest" assertions="2" time="0.036138"/>
        <testcase name="test_procesar_mensaje_texto_responder_con_intenciones_sin_sugerencia_aplicada" file="C:\Users\ASUS\Desktop\SENA\Nueva carpeta\tests\Unit\ChatbotMessageProcessorTest.php" line="1458" class="Tests\Unit\ChatbotMessageProcessorTest" classname="Tests.Unit.ChatbotMessageProcessorTest" assertions="1" time="0.036298"/>
        <testcase name="test_procesar_mensaje_texto_obtener_sugerencias_con_error" file="C:\Users\ASUS\Desktop\SENA\Nueva carpeta\tests\Unit\ChatbotMessageProcessorTest.php" line="1515" class="Tests\Unit\ChatbotMessageProcessorTest" classname="Tests.Unit.ChatbotMessageProcessorTest" assertions="2" time="0.034521"/>
        <testcase name="test_procesar_mensaje_texto_calcular_dias_para_respuesta_con_mensaje_vacio" file="C:\Users\ASUS\Desktop\SENA\Nueva carpeta\tests\Unit\ChatbotMessageProcessorTest.php" line="1556" class="Tests\Unit\ChatbotMessageProcessorTest" classname="Tests.Unit.ChatbotMessageProcessorTest" assertions="1" time="0.034669"/>
        <testcase name="test_procesar_mensaje_texto_calcular_dias_para_respuesta_con_dias_mayor_cero" file="C:\Users\ASUS\Desktop\SENA\Nueva carpeta\tests\Unit\ChatbotMessageProcessorTest.php" line="1583" class="Tests\Unit\ChatbotMessageProcessorTest" classname="Tests.Unit.ChatbotMessageProcessorTest" assertions="1" time="0.037412"/>
        <testcase name="test_procesar_mensaje_texto_combinar_intenciones_con_agregado_y_sesion" file="C:\Users\ASUS\Desktop\SENA\Nueva carpeta\tests\Unit\ChatbotMessageProcessorTest.php" line="1644" class="Tests\Unit\ChatbotMessageProcessorTest" classname="Tests.Unit.ChatbotMessageProcessorTest" assertions="3" time="0.036575"/>
        <testcase name="test_procesar_mensaje_texto_combinar_intenciones_nueva_consulta_limpia_selecciones" file="C:\Users\ASUS\Desktop\SENA\Nueva carpeta\tests\Unit\ChatbotMessageProcessorTest.php" line="1705" class="Tests\Unit\ChatbotMessageProcessorTest" classname="Tests.Unit.ChatbotMessageProcessorTest" assertions="2" time="0.036928"/>
        <testcase name="test_procesar_mensaje_texto_verificar_mensaje_fuera_de_tema_con_solo_dias_y_selecciones" file="C:\Users\ASUS\Desktop\SENA\Nueva carpeta\tests\Unit\ChatbotMessageProcessorTest.php" line="1767" class="Tests\Unit\ChatbotMessageProcessorTest" classname="Tests.Unit.ChatbotMessageProcessorTest" assertions="1" time="0.037189"/>
        <testcase name="test_procesar_mensaje_texto_es_solicitud_catalogo_con_acento_en_original_y_corregido" file="C:\Users\ASUS\Desktop\SENA\Nueva carpeta\tests\Unit\ChatbotMessageProcessorTest.php" line="1824" class="Tests\Unit\ChatbotMessageProcessorTest" classname="Tests.Unit.ChatbotMessageProcessorTest" assertions="3" time="0.035478"/>
        <testcase name="test_procesar_mensaje_texto_buscar_subservicios_con_mensaje_corregido_no_vacio" file="C:\Users\ASUS\Desktop\SENA\Nueva carpeta\tests\Unit\ChatbotMessageProcessorTest.php" line="1856" class="Tests\Unit\ChatbotMessageProcessorTest" classname="Tests.Unit.ChatbotMessageProcessorTest" assertions="2" time="0.035313"/>
      </testsuite>
      <testsuite name="Tests\Unit\ChatbotResponseBuilderTest" file="C:\Users\ASUS\Desktop\SENA\Nueva carpeta\tests\Unit\ChatbotResponseBuilderTest.php" tests="53" assertions="108" errors="0" failures="0" skipped="0" time="2.097261">
        <testcase name="test_responder_con_opciones" file="C:\Users\ASUS\Desktop\SENA\Nueva carpeta\tests\Unit\ChatbotResponseBuilderTest.php" line="42" class="Tests\Unit\ChatbotResponseBuilderTest" classname="Tests.Unit.ChatbotResponseBuilderTest" assertions="3" time="0.113016"/>
        <testcase name="test_mostrar_catalogo_json_sin_dias" file="C:\Users\ASUS\Desktop\SENA\Nueva carpeta\tests\Unit\ChatbotResponseBuilderTest.php" line="58" class="Tests\Unit\ChatbotResponseBuilderTest" classname="Tests.Unit.ChatbotResponseBuilderTest" assertions="4" time="0.042179"/>
        <testcase name="test_mostrar_catalogo_json_con_dias" file="C:\Users\ASUS\Desktop\SENA\Nueva carpeta\tests\Unit\ChatbotResponseBuilderTest.php" line="69" class="Tests\Unit\ChatbotResponseBuilderTest" classname="Tests.Unit.ChatbotResponseBuilderTest" assertions="3" time="0.043662"/>
        <testcase name="test_responder_opciones" file="C:\Users\ASUS\Desktop\SENA\Nueva carpeta\tests\Unit\ChatbotResponseBuilderTest.php" line="83" class="Tests\Unit\ChatbotResponseBuilderTest" classname="Tests.Unit.ChatbotResponseBuilderTest" assertions="5" time="0.036571"/>
        <testcase name="test_solicitar_confirmacion_intencion_sin_hint" file="C:\Users\ASUS\Desktop\SENA\Nueva carpeta\tests\Unit\ChatbotResponseBuilderTest.php" line="104" class="Tests\Unit\ChatbotResponseBuilderTest" classname="Tests.Unit.ChatbotResponseBuilderTest" assertions="4" time="0.039546"/>
        <testcase name="test_solicitar_confirmacion_intencion_con_hint" file="C:\Users\ASUS\Desktop\SENA\Nueva carpeta\tests\Unit\ChatbotResponseBuilderTest.php" line="121" class="Tests\Unit\ChatbotResponseBuilderTest" classname="Tests.Unit.ChatbotResponseBuilderTest" assertions="2" time="0.037808"/>
        <testcase name="test_solicitar_confirmacion_intencion_con_dias" file="C:\Users\ASUS\Desktop\SENA\Nueva carpeta\tests\Unit\ChatbotResponseBuilderTest.php" line="138" class="Tests\Unit\ChatbotResponseBuilderTest" classname="Tests.Unit.ChatbotResponseBuilderTest" assertions="2" time="0.036058"/>
        <testcase name="test_mostrar_opciones_con_intenciones_sin_dias" file="C:\Users\ASUS\Desktop\SENA\Nueva carpeta\tests\Unit\ChatbotResponseBuilderTest.php" line="157" class="Tests\Unit\ChatbotResponseBuilderTest" classname="Tests.Unit.ChatbotResponseBuilderTest" assertions="2" time="0.036412"/>
        <testcase name="test_mostrar_opciones_con_intenciones_con_dias" file="C:\Users\ASUS\Desktop\SENA\Nueva carpeta\tests\Unit\ChatbotResponseBuilderTest.php" line="177" class="Tests\Unit\ChatbotResponseBuilderTest" classname="Tests.Unit.ChatbotResponseBuilderTest" assertions="2" time="0.037505"/>
        <testcase name="test_mostrar_opciones_con_intenciones_multiples_dias" file="C:\Users\ASUS\Desktop\SENA\Nueva carpeta\tests\Unit\ChatbotResponseBuilderTest.php" line="197" class="Tests\Unit\ChatbotResponseBuilderTest" classname="Tests.Unit.ChatbotResponseBuilderTest" assertions="2" time="0.038623"/>
[...]
        <testcase name="test_update_photo_usuario_no_existe" file="C:\Users\ASUS\Desktop\SENA\Nueva carpeta\tests\Feature\UsuarioControllerFeatureTest.php" line="165" class="Tests\Feature\UsuarioControllerFeatureTest" classname="Tests.Feature.UsuarioControllerFeatureTest" assertions="2" time="0.070726"/>
        <testcase name="test_update_photo_elimina_foto_anterior" file="C:\Users\ASUS\Desktop\SENA\Nueva carpeta\tests\Feature\UsuarioControllerFeatureTest.php" line="182" class="Tests\Feature\UsuarioControllerFeatureTest" classname="Tests.Feature.UsuarioControllerFeatureTest" assertions="2" time="0.053346"/>
        <testcase name="test_update_photo_valida_archivo_requerido" file="C:\Users\ASUS\Desktop\SENA\Nueva carpeta\tests\Feature\UsuarioControllerFeatureTest.php" line="209" class="Tests\Feature\UsuarioControllerFeatureTest" classname="Tests.Feature.UsuarioControllerFeatureTest" assertions="1" time="0.053144"/>
        <testcase name="test_store_funciona_sin_rol_existente" file="C:\Users\ASUS\Desktop\SENA\Nueva carpeta\tests\Feature\UsuarioControllerFeatureTest.php" line="242" class="Tests\Feature\UsuarioControllerFeatureTest" classname="Tests.Feature.UsuarioControllerFeatureTest" assertions="3" time="0.053947"/>
        <testcase name="test_store_usa_nombre_rol_si_name_no_existe" file="C:\Users\ASUS\Desktop\SENA\Nueva carpeta\tests\Feature\UsuarioControllerFeatureTest.php" line="262" class="Tests\Feature\UsuarioControllerFeatureTest" classname="Tests.Feature.UsuarioControllerFeatureTest" assertions="3" time="0.053676"/>
        <testcase name="test_autenticar_con_pending_admin" file="C:\Users\ASUS\Desktop\SENA\Nueva carpeta\tests\Feature\UsuarioControllerFeatureTest.php" line="292" class="Tests\Feature\UsuarioControllerFeatureTest" classname="Tests.Feature.UsuarioControllerFeatureTest" assertions="1" time="0.055157"/>
        <testcase name="test_autenticar_con_roles_vacios_asigna_cliente" file="C:\Users\ASUS\Desktop\SENA\Nueva carpeta\tests\Feature\UsuarioControllerFeatureTest.php" line="323" class="Tests\Feature\UsuarioControllerFeatureTest" classname="Tests.Feature.UsuarioControllerFeatureTest" assertions="4" time="0.054733"/>
        <testcase name="test_autenticar_capitaliza_nombre" file="C:\Users\ASUS\Desktop\SENA\Nueva carpeta\tests\Feature\UsuarioControllerFeatureTest.php" line="347" class="Tests\Feature\UsuarioControllerFeatureTest" classname="Tests.Feature.UsuarioControllerFeatureTest" assertions="1" time="0.051422"/>
        <testcase name="test_autenticar_con_rol_usando_nombre_rol" file="C:\Users\ASUS\Desktop\SENA\Nueva carpeta\tests\Feature\UsuarioControllerFeatureTest.php" line="367" class="Tests\Feature\UsuarioControllerFeatureTest" classname="Tests.Feature.UsuarioControllerFeatureTest" assertions="1" time="0.052584"/>
        <testcase name="test_autenticar_con_roles_duplicados" file="C:\Users\ASUS\Desktop\SENA\Nueva carpeta\tests\Feature\UsuarioControllerFeatureTest.php" line="398" class="Tests\Feature\UsuarioControllerFeatureTest" classname="Tests.Feature.UsuarioControllerFeatureTest" assertions="1" time="0.052457"/>
        <testcase name="test_vista_registro_retorna_formulario" file="C:\Users\ASUS\Desktop\SENA\Nueva carpeta\tests\Feature\UsuarioControllerFeatureTest.php" line="434" class="Tests\Feature\UsuarioControllerFeatureTest" classname="Tests.Feature.UsuarioControllerFeatureTest" assertions="2" time="0.045269"/>
        <testcase name="test_vista_login_retorna_formulario" file="C:\Users\ASUS\Desktop\SENA\Nueva carpeta\tests\Feature\UsuarioControllerFeatureTest.php" line="442" class="Tests\Feature\UsuarioControllerFeatureTest" classname="Tests.Feature.UsuarioControllerFeatureTest" assertions="2" time="0.043178"/>
        <testcase name="test_store_asigna_rol_cuando_existe_por_name" file="C:\Users\ASUS\Desktop\SENA\Nueva carpeta\tests\Feature\UsuarioControllerFeatureTest.php" line="454" class="Tests\Feature\UsuarioControllerFeatureTest" classname="Tests.Feature.UsuarioControllerFeatureTest" assertions="3" time="0.057910"/>
        <testcase name="test_autenticar_usuario_existe_pero_contraseña_incorrecta" file="C:\Users\ASUS\Desktop\SENA\Nueva carpeta\tests\Feature\UsuarioControllerFeatureTest.php" line="480" class="Tests\Feature\UsuarioControllerFeatureTest" classname="Tests.Feature.UsuarioControllerFeatureTest" assertions="3" time="0.051952"/>
        <testcase name="test_autenticar_usuario_no_existe" file="C:\Users\ASUS\Desktop\SENA\Nueva carpeta\tests\Feature\UsuarioControllerFeatureTest.php" line="501" class="Tests\Feature\UsuarioControllerFeatureTest" classname="Tests.Feature.UsuarioControllerFeatureTest" assertions="3" time="0.044432"/>
        <testcase name="test_update_photo_con_foto_anterior_que_no_existe_en_storage" file="C:\Users\ASUS\Desktop\SENA\Nueva carpeta\tests\Feature\UsuarioControllerFeatureTest.php" line="512" class="Tests\Feature\UsuarioControllerFeatureTest" classname="Tests.Feature.UsuarioControllerFeatureTest" assertions="2" time="0.055207"/>
        <testcase name="test_perfil_con_usuario_id_que_no_existe" file="C:\Users\ASUS\Desktop\SENA\Nueva carpeta\tests\Feature\UsuarioControllerFeatureTest.php" line="538" class="Tests\Feature\UsuarioControllerFeatureTest" classname="Tests.Feature.UsuarioControllerFeatureTest" assertions="4" time="0.055846"/>
        <testcase name="test_store_valida_primer_nombre_requerido" file="C:\Users\ASUS\Desktop\SENA\Nueva carpeta\tests\Feature\UsuarioControllerFeatureTest.php" line="550" class="Tests\Feature\UsuarioControllerFeatureTest" classname="Tests.Feature.UsuarioControllerFeatureTest" assertions="2" time="0.052642"/>
        <testcase name="test_store_valida_primer_apellido_requerido" file="C:\Users\ASUS\Desktop\SENA\Nueva carpeta\tests\Feature\UsuarioControllerFeatureTest.php" line="563" class="Tests\Feature\UsuarioControllerFeatureTest" classname="Tests.Feature.UsuarioControllerFeatureTest" assertions="2" time="0.049325"/>
        <testcase name="test_store_valida_correo_requerido" file="C:\Users\ASUS\Desktop\SENA\Nueva carpeta\tests\Feature\UsuarioControllerFeatureTest.php" line="576" class="Tests\Feature\UsuarioControllerFeatureTest" classname="Tests.Feature.UsuarioControllerFeatureTest" assertions="2" time="0.048151"/>
        <testcase name="test_store_valida_correo_debe_ser_email" file="C:\Users\ASUS\Desktop\SENA\Nueva carpeta\tests\Feature\UsuarioControllerFeatureTest.php" line="589" class="Tests\Feature\UsuarioControllerFeatureTest" classname="Tests.Feature.UsuarioControllerFeatureTest" assertions="2" time="0.046289"/>
        <testcase name="test_autenticar_valida_correo_requerido" file="C:\Users\ASUS\Desktop\SENA\Nueva carpeta\tests\Feature\UsuarioControllerFeatureTest.php" line="603" class="Tests\Feature\UsuarioControllerFeatureTest" classname="Tests.Feature.UsuarioControllerFeatureTest" assertions="2" time="0.050954"/>
        <testcase name="test_autenticar_valida_contrasena_requerida" file="C:\Users\ASUS\Desktop\SENA\Nueva carpeta\tests\Feature\UsuarioControllerFeatureTest.php" line="612" class="Tests\Feature\UsuarioControllerFeatureTest" classname="Tests.Feature.UsuarioControllerFeatureTest" assertions="2" time="0.069931"/>
        <testcase name="test_autenticar_valida_correo_debe_ser_email" file="C:\Users\ASUS\Desktop\SENA\Nueva carpeta\tests\Feature\UsuarioControllerFeatureTest.php" line="621" class="Tests\Feature\UsuarioControllerFeatureTest" classname="Tests.Feature.UsuarioControllerFeatureTest" assertions="2" time="0.048270"/>
        <testcase name="test_store_con_todos_los_campos_opcionales" file="C:\Users\ASUS\Desktop\SENA\Nueva carpeta\tests\Feature\UsuarioControllerFeatureTest.php" line="635" class="Tests\Feature\UsuarioControllerFeatureTest" classname="Tests.Feature.UsuarioControllerFeatureTest" assertions="3" time="0.055581"/>
        <testcase name="test_store_sin_campos_opcionales" file="C:\Users\ASUS\Desktop\SENA\Nueva carpeta\tests\Feature\UsuarioControllerFeatureTest.php" line="659" class="Tests\Feature\UsuarioControllerFeatureTest" classname="Tests.Feature.UsuarioControllerFeatureTest" assertions="5" time="0.055902"/>
        <testcase name="test_store_valida_segundo_nombre_max_caracteres" file="C:\Users\ASUS\Desktop\SENA\Nueva carpeta\tests\Feature\UsuarioControllerFeatureTest.php" line="678" class="Tests\Feature\UsuarioControllerFeatureTest" classname="Tests.Feature.UsuarioControllerFeatureTest" assertions="2" time="0.053839"/>
        <testcase name="test_store_valida_segundo_apellido_max_caracteres" file="C:\Users\ASUS\Desktop\SENA\Nueva carpeta\tests\Feature\UsuarioControllerFeatureTest.php" line="692" class="Tests\Feature\UsuarioControllerFeatureTest" classname="Tests.Feature.UsuarioControllerFeatureTest" assertions="2" time="0.049377"/>
        <testcase name="test_store_valida_direccion_max_caracteres" file="C:\Users\ASUS\Desktop\SENA\Nueva carpeta\tests\Feature\UsuarioControllerFeatureTest.php" line="706" class="Tests\Feature\UsuarioControllerFeatureTest" classname="Tests.Feature.UsuarioControllerFeatureTest" assertions="2" time="0.048415"/>
        <testcase name="test_store_valida_telefono_max_caracteres" file="C:\Users\ASUS\Desktop\SENA\Nueva carpeta\tests\Feature\UsuarioControllerFeatureTest.php" line="720" class="Tests\Feature\UsuarioControllerFeatureTest" classname="Tests.Feature.UsuarioControllerFeatureTest" assertions="2" time="0.052085"/>
        <testcase name="test_store_valida_primer_nombre_max_caracteres" file="C:\Users\ASUS\Desktop\SENA\Nueva carpeta\tests\Feature\UsuarioControllerFeatureTest.php" line="734" class="Tests\Feature\UsuarioControllerFeatureTest" classname="Tests.Feature.UsuarioControllerFeatureTest" assertions="2" time="0.047852"/>
        <testcase name="test_store_valida_primer_apellido_max_caracteres" file="C:\Users\ASUS\Desktop\SENA\Nueva carpeta\tests\Feature\UsuarioControllerFeatureTest.php" line="747" class="Tests\Feature\UsuarioControllerFeatureTest" classname="Tests.Feature.UsuarioControllerFeatureTest" assertions="2" time="0.047357"/>
        <testcase name="test_store_continua_si_hay_excepcion_al_asignar_rol" file="C:\Users\ASUS\Desktop\SENA\Nueva carpeta\tests\Feature\UsuarioControllerFeatureTest.php" line="764" class="Tests\Feature\UsuarioControllerFeatureTest" classname="Tests.Feature.UsuarioControllerFeatureTest" assertions="3" time="0.058389"/>
        <testcase name="test_autenticar_con_roles_multiples_sin_duplicados" file="C:\Users\ASUS\Desktop\SENA\Nueva carpeta\tests\Feature\UsuarioControllerFeatureTest.php" line="808" class="Tests\Feature\UsuarioControllerFeatureTest" classname="Tests.Feature.UsuarioControllerFeatureTest" assertions="3" time="0.055045"/>
        <testcase name="test_autenticar_con_rol_solo_name_sin_nombre_rol" file="C:\Users\ASUS\Desktop\SENA\Nueva carpeta\tests\Feature\UsuarioControllerFeatureTest.php" line="839" class="Tests\Feature\UsuarioControllerFeatureTest" classname="Tests.Feature.UsuarioControllerFeatureTest" assertions="1" time="0.050254"/>
        <testcase name="test_autenticar_con_rol_solo_nombre_rol_sin_name" file="C:\Users\ASUS\Desktop\SENA\Nueva carpeta\tests\Feature\UsuarioControllerFeatureTest.php" line="872" class="Tests\Feature\UsuarioControllerFeatureTest" classname="Tests.Feature.UsuarioControllerFeatureTest" assertions="1" time="0.054157"/>
        <testcase name="test_autenticar_con_nombre_en_mayusculas_minusculas_mixtas" file="C:\Users\ASUS\Desktop\SENA\Nueva carpeta\tests\Feature\UsuarioControllerFeatureTest.php" line="903" class="Tests\Feature\UsuarioControllerFeatureTest" classname="Tests.Feature.UsuarioControllerFeatureTest" assertions="1" time="0.050641"/>
        <testcase name="test_autenticar_con_nombre_todo_minusculas" file="C:\Users\ASUS\Desktop\SENA\Nueva carpeta\tests\Feature\UsuarioControllerFeatureTest.php" line="924" class="Tests\Feature\UsuarioControllerFeatureTest" classname="Tests.Feature.UsuarioControllerFeatureTest" assertions="1" time="0.050050"/>
        <testcase name="test_autenticar_con_nombre_todo_mayusculas" file="C:\Users\ASUS\Desktop\SENA\Nueva carpeta\tests\Feature\UsuarioControllerFeatureTest.php" line="944" class="Tests\Feature\UsuarioControllerFeatureTest" classname="Tests.Feature.UsuarioControllerFeatureTest" assertions="1" time="0.059927"/>
        <testcase name="test_update_photo_sin_foto_anterior" file="C:\Users\ASUS\Desktop\SENA\Nueva carpeta\tests\Feature\UsuarioControllerFeatureTest.php" line="968" class="Tests\Feature\UsuarioControllerFeatureTest" classname="Tests.Feature.UsuarioControllerFeatureTest" assertions="2" time="0.055137"/>
        <testcase name="test_update_photo_valida_tamaño_maximo" file="C:\Users\ASUS\Desktop\SENA\Nueva carpeta\tests\Feature\UsuarioControllerFeatureTest.php" line="994" class="Tests\Feature\UsuarioControllerFeatureTest" classname="Tests.Feature.UsuarioControllerFeatureTest" assertions="1" time="0.052503"/>
        <testcase name="test_update_photo_con_diferentes_formatos_permitidos" file="C:\Users\ASUS\Desktop\SENA\Nueva carpeta\tests\Feature\UsuarioControllerFeatureTest.php" line="1023" class="Tests\Feature\UsuarioControllerFeatureTest" classname="Tests.Feature.UsuarioControllerFeatureTest" assertions="3" time="0.092818"/>
        <testcase name="test_cerrar_sesion_con_sesion_completa" file="C:\Users\ASUS\Desktop\SENA\Nueva carpeta\tests\Feature\UsuarioControllerFeatureTest.php" line="1054" class="Tests\Feature\UsuarioControllerFeatureTest" classname="Tests.Feature.UsuarioControllerFeatureTest" assertions="6" time="0.056375"/>
        <testcase name="test_cerrar_sesion_sin_sesion_previa" file="C:\Users\ASUS\Desktop\SENA\Nueva carpeta\tests\Feature\UsuarioControllerFeatureTest.php" line="1082" class="Tests\Feature\UsuarioControllerFeatureTest" classname="Tests.Feature.UsuarioControllerFeatureTest" assertions="3" time="0.055123"/>
        <testcase name="test_store_valida_contrasena_min_caracteres" file="C:\Users\ASUS\Desktop\SENA\Nueva carpeta\tests\Feature\UsuarioControllerFeatureTest.php" line="1094" class="Tests\Feature\UsuarioControllerFeatureTest" classname="Tests.Feature.UsuarioControllerFeatureTest" assertions="4" time="0.052945"/>
        <testcase name="test_store_valida_contrasena_confirmed" file="C:\Users\ASUS\Desktop\SENA\Nueva carpeta\tests\Feature\UsuarioControllerFeatureTest.php" line="1109" class="Tests\Feature\UsuarioControllerFeatureTest" classname="Tests.Feature.UsuarioControllerFeatureTest" assertions="4" time="0.121446"/>
        <testcase name="test_store_sin_rol_cliente_no_asigna_rol" file="C:\Users\ASUS\Desktop\SENA\Nueva carpeta\tests\Feature\UsuarioControllerFeatureTest.php" line="1124" class="Tests\Feature\UsuarioControllerFeatureTest" classname="Tests.Feature.UsuarioControllerFeatureTest" assertions="4" time="0.065307"/>
        <testcase name="test_autenticar_con_roles_array_vacio_despues_de_map" file="C:\Users\ASUS\Desktop\SENA\Nueva carpeta\tests\Feature\UsuarioControllerFeatureTest.php" line="1147" class="Tests\Feature\UsuarioControllerFeatureTest" classname="Tests.Feature.UsuarioControllerFeatureTest" assertions="2" time="0.064023"/>
        <testcase name="test_autenticar_con_role_fallback_cuando_roles_vacio" file="C:\Users\ASUS\Desktop\SENA\Nueva carpeta\tests\Feature\UsuarioControllerFeatureTest.php" line="1172" class="Tests\Feature\UsuarioControllerFeatureTest" classname="Tests.Feature.UsuarioControllerFeatureTest" assertions="1" time="0.060585"/>
        <testcase name="test_update_photo_valida_archivo_no_es_imagen" file="C:\Users\ASUS\Desktop\SENA\Nueva carpeta\tests\Feature\UsuarioControllerFeatureTest.php" line="1196" class="Tests\Feature\UsuarioControllerFeatureTest" classname="Tests.Feature.UsuarioControllerFeatureTest" assertions="1" time="0.072277"/>
        <testcase name="test_update_photo_valida_formato_no_permitido" file="C:\Users\ASUS\Desktop\SENA\Nueva carpeta\tests\Feature\UsuarioControllerFeatureTest.php" line="1225" class="Tests\Feature\UsuarioControllerFeatureTest" classname="Tests.Feature.UsuarioControllerFeatureTest" assertions="1" time="0.058798"/>
        <testcase name="test_update_photo_con_foto_anterior_que_existe" file="C:\Users\ASUS\Desktop\SENA\Nueva carpeta\tests\Feature\UsuarioControllerFeatureTest.php" line="1254" class="Tests\Feature\UsuarioControllerFeatureTest" classname="Tests.Feature.UsuarioControllerFeatureTest" assertions="2" time="0.060267"/>
        <testcase name="test_store_con_rol_que_tiene_name_primero" file="C:\Users\ASUS\Desktop\SENA\Nueva carpeta\tests\Feature\UsuarioControllerFeatureTest.php" line="1284" class="Tests\Feature\UsuarioControllerFeatureTest" classname="Tests.Feature.UsuarioControllerFeatureTest" assertions="4" time="0.058547"/>
        <testcase name="test_store_valida_string_en_campos" file="C:\Users\ASUS\Desktop\SENA\Nueva carpeta\tests\Feature\UsuarioControllerFeatureTest.php" line="1316" class="Tests\Feature\UsuarioControllerFeatureTest" classname="Tests.Feature.UsuarioControllerFeatureTest" assertions="2" time="0.054698"/>
        <testcase name="test_store_valida_email_formato" file="C:\Users\ASUS\Desktop\SENA\Nueva carpeta\tests\Feature\UsuarioControllerFeatureTest.php" line="1330" class="Tests\Feature\UsuarioControllerFeatureTest" classname="Tests.Feature.UsuarioControllerFeatureTest" assertions="2" time="0.056940"/>
        <testcase name="test_store_valida_correo_unico" file="C:\Users\ASUS\Desktop\SENA\Nueva carpeta\tests\Feature\UsuarioControllerFeatureTest.php" line="1344" class="Tests\Feature\UsuarioControllerFeatureTest" classname="Tests.Feature.UsuarioControllerFeatureTest" assertions="2" time="0.053141"/>
        <testcase name="test_store_valida_nullable_campos_pueden_ser_vacios" file="C:\Users\ASUS\Desktop\SENA\Nueva carpeta\tests\Feature\UsuarioControllerFeatureTest.php" line="1370" class="Tests\Feature\UsuarioControllerFeatureTest" classname="Tests.Feature.UsuarioControllerFeatureTest" assertions="3" time="0.052374"/>
        <testcase name="test_autenticar_con_usuario_que_tiene_roles_pero_array_vacio_por_map" file="C:\Users\ASUS\Desktop\SENA\Nueva carpeta\tests\Feature\UsuarioControllerFeatureTest.php" line="1390" class="Tests\Feature\UsuarioControllerFeatureTest" classname="Tests.Feature.UsuarioControllerFeatureTest" assertions="1" time="0.051518"/>
        <testcase name="test_store_con_rol_id_null_no_inserta_en_personas_roles" file="C:\Users\ASUS\Desktop\SENA\Nueva carpeta\tests\Feature\UsuarioControllerFeatureTest.php" line="1415" class="Tests\Feature\UsuarioControllerFeatureTest" classname="Tests.Feature.UsuarioControllerFeatureTest" assertions="3" time="0.059180"/>
        <testcase name="test_autenticar_con_roles_que_tienen_duplicados_eliminados_por_unique" file="C:\Users\ASUS\Desktop\SENA\Nueva carpeta\tests\Feature\UsuarioControllerFeatureTest.php" line="1441" class="Tests\Feature\UsuarioControllerFeatureTest" classname="Tests.Feature.UsuarioControllerFeatureTest" assertions="2" time="0.052158"/>
        <testcase name="test_update_photo_con_foto_anterior_null_no_intenta_eliminar" file="C:\Users\ASUS\Desktop\SENA\Nueva carpeta\tests\Feature\UsuarioControllerFeatureTest.php" line="1472" class="Tests\Feature\UsuarioControllerFeatureTest" classname="Tests.Feature.UsuarioControllerFeatureTest" assertions="1" time="0.056754"/>
      </testsuite>
      <testsuite name="Tests\Feature\UsuarioControllerFinalCoverageTest" file="C:\Users\ASUS\Desktop\SENA\Nueva carpeta\tests\Feature\UsuarioControllerFinalCoverageTest.php" tests="1" assertions="2" errors="0" failures="0" skipped="0" time="0.200372">
        <testcase name="test_store_catch_exception_al_asignar_rol_cubre_linea_52" file="C:\Users\ASUS\Desktop\SENA\Nueva carpeta\tests\Feature\UsuarioControllerFinalCoverageTest.php" line="53" class="Tests\Feature\UsuarioControllerFinalCoverageTest" classname="Tests.Feature.UsuarioControllerFinalCoverageTest" assertions="2" time="0.200372"/>
      </testsuite>
    </testsuite>
  </testsuite>
</testsuites>
