<?xml version="1.0" encoding="UTF-8"?>
<testsuites>
  <testsuite name="C:\laragon\www\Pro_Audio_Y\phpunit.xml" tests="1139" assertions="2346" errors="0" failures="0" skipped="0" time="184.227970">
    <testsuite name="Unit" tests="717" assertions="1306" errors="0" failures="0" skipped="0" time="81.437377">
      <testsuite name="Tests\Unit\AjustesControllerUnitTest" file="C:\laragon\www\Pro_Audio_Y\tests\Unit\AjustesControllerUnitTest.php" tests="25" assertions="69" errors="0" failures="0" skipped="0" time="8.920286">
        <testcase name="test_index_sin_parametros" file="C:\laragon\www\Pro_Audio_Y\tests\Unit\AjustesControllerUnitTest.php" line="63" class="Tests\Unit\AjustesControllerUnitTest" classname="Tests.Unit.AjustesControllerUnitTest" assertions="8" time="4.221364"/>
        <testcase name="test_index_con_group_by_dia" file="C:\laragon\www\Pro_Audio_Y\tests\Unit\AjustesControllerUnitTest.php" line="87" class="Tests\Unit\AjustesControllerUnitTest" classname="Tests.Unit.AjustesControllerUnitTest" assertions="3" time="0.111723"/>
        <testcase name="test_index_con_group_by_consulta" file="C:\laragon\www\Pro_Audio_Y\tests\Unit\AjustesControllerUnitTest.php" line="98" class="Tests\Unit\AjustesControllerUnitTest" classname="Tests.Unit.AjustesControllerUnitTest" assertions="3" time="0.088393"/>
        <testcase name="test_index_con_tab_especifico" file="C:\laragon\www\Pro_Audio_Y\tests\Unit\AjustesControllerUnitTest.php" line="109" class="Tests\Unit\AjustesControllerUnitTest" classname="Tests.Unit.AjustesControllerUnitTest" assertions="2" time="0.101178"/>
        <testcase name="test_index_con_tab_subservicios" file="C:\laragon\www\Pro_Audio_Y\tests\Unit\AjustesControllerUnitTest.php" line="119" class="Tests\Unit\AjustesControllerUnitTest" classname="Tests.Unit.AjustesControllerUnitTest" assertions="2" time="0.092574"/>
        <testcase name="test_index_con_tab_movimientos" file="C:\laragon\www\Pro_Audio_Y\tests\Unit\AjustesControllerUnitTest.php" line="129" class="Tests\Unit\AjustesControllerUnitTest" classname="Tests.Unit.AjustesControllerUnitTest" assertions="2" time="0.087323"/>
        <testcase name="test_index_con_tab_invalido" file="C:\laragon\www\Pro_Audio_Y\tests\Unit\AjustesControllerUnitTest.php" line="139" class="Tests\Unit\AjustesControllerUnitTest" classname="Tests.Unit.AjustesControllerUnitTest" assertions="2" time="0.080286"/>
        <testcase name="test_index_con_cotizaciones" file="C:\laragon\www\Pro_Audio_Y\tests\Unit\AjustesControllerUnitTest.php" line="150" class="Tests\Unit\AjustesControllerUnitTest" classname="Tests.Unit.AjustesControllerUnitTest" assertions="2" time="0.100847"/>
        <testcase name="test_export_historial_pdf_sin_group_by" file="C:\laragon\www\Pro_Audio_Y\tests\Unit\AjustesControllerUnitTest.php" line="189" class="Tests\Unit\AjustesControllerUnitTest" classname="Tests.Unit.AjustesControllerUnitTest" assertions="2" time="1.266634"/>
        <testcase name="test_export_historial_pdf_con_group_by" file="C:\laragon\www\Pro_Audio_Y\tests\Unit\AjustesControllerUnitTest.php" line="199" class="Tests\Unit\AjustesControllerUnitTest" classname="Tests.Unit.AjustesControllerUnitTest" assertions="2" time="0.778039"/>
        <testcase name="test_export_historial_pdf_con_group_by_consulta" file="C:\laragon\www\Pro_Audio_Y\tests\Unit\AjustesControllerUnitTest.php" line="208" class="Tests\Unit\AjustesControllerUnitTest" classname="Tests.Unit.AjustesControllerUnitTest" assertions="2" time="0.538713"/>
        <testcase name="test_get_subservicios" file="C:\laragon\www\Pro_Audio_Y\tests\Unit\AjustesControllerUnitTest.php" line="246" class="Tests\Unit\AjustesControllerUnitTest" classname="Tests.Unit.AjustesControllerUnitTest" assertions="4" time="0.191507"/>
        <testcase name="test_group_by_opciones_validas" file="C:\laragon\www\Pro_Audio_Y\tests\Unit\AjustesControllerUnitTest.php" line="268" class="Tests\Unit\AjustesControllerUnitTest" classname="Tests.Unit.AjustesControllerUnitTest" assertions="3" time="0.125603"/>
        <testcase name="test_tab_opciones_validas" file="C:\laragon\www\Pro_Audio_Y\tests\Unit\AjustesControllerUnitTest.php" line="277" class="Tests\Unit\AjustesControllerUnitTest" classname="Tests.Unit.AjustesControllerUnitTest" assertions="3" time="0.075510"/>
        <testcase name="test_active_tab_default" file="C:\laragon\www\Pro_Audio_Y\tests\Unit\AjustesControllerUnitTest.php" line="286" class="Tests\Unit\AjustesControllerUnitTest" classname="Tests.Unit.AjustesControllerUnitTest" assertions="1" time="0.078194"/>
        <testcase name="test_active_tab_con_group_by" file="C:\laragon\www\Pro_Audio_Y\tests\Unit\AjustesControllerUnitTest.php" line="294" class="Tests\Unit\AjustesControllerUnitTest" classname="Tests.Unit.AjustesControllerUnitTest" assertions="1" time="0.071541"/>
        <testcase name="test_group_cotizaciones_por_dia" file="C:\laragon\www\Pro_Audio_Y\tests\Unit\AjustesControllerUnitTest.php" line="302" class="Tests\Unit\AjustesControllerUnitTest" classname="Tests.Unit.AjustesControllerUnitTest" assertions="2" time="0.104071"/>
        <testcase name="test_group_cotizaciones_por_consulta" file="C:\laragon\www\Pro_Audio_Y\tests\Unit\AjustesControllerUnitTest.php" line="337" class="Tests\Unit\AjustesControllerUnitTest" classname="Tests.Unit.AjustesControllerUnitTest" assertions="2" time="0.182129"/>
        <testcase name="test_get_cotizaciones_metodo_privado" file="C:\laragon\www\Pro_Audio_Y\tests\Unit\AjustesControllerUnitTest.php" line="376" class="Tests\Unit\AjustesControllerUnitTest" classname="Tests.Unit.AjustesControllerUnitTest" assertions="3" time="0.091771"/>
        <testcase name="test_group_cotizaciones_por_dia_metodo_privado" file="C:\laragon\www\Pro_Audio_Y\tests\Unit\AjustesControllerUnitTest.php" line="409" class="Tests\Unit\AjustesControllerUnitTest" classname="Tests.Unit.AjustesControllerUnitTest" assertions="6" time="0.093406"/>
        <testcase name="test_group_cotizaciones_por_consulta_metodo_privado" file="C:\laragon\www\Pro_Audio_Y\tests\Unit\AjustesControllerUnitTest.php" line="457" class="Tests\Unit\AjustesControllerUnitTest" classname="Tests.Unit.AjustesControllerUnitTest" assertions="8" time="0.089130"/>
        <testcase name="test_group_cotizaciones_sin_group_by" file="C:\laragon\www\Pro_Audio_Y\tests\Unit\AjustesControllerUnitTest.php" line="500" class="Tests\Unit\AjustesControllerUnitTest" classname="Tests.Unit.AjustesControllerUnitTest" assertions="1" time="0.088146"/>
        <testcase name="test_group_cotizaciones_con_fecha_null" file="C:\laragon\www\Pro_Audio_Y\tests\Unit\AjustesControllerUnitTest.php" line="533" class="Tests\Unit\AjustesControllerUnitTest" classname="Tests.Unit.AjustesControllerUnitTest" assertions="1" time="0.091558"/>
        <testcase name="test_group_cotizaciones_por_consulta_con_personas_id_null" file="C:\laragon\www\Pro_Audio_Y\tests\Unit\AjustesControllerUnitTest.php" line="567" class="Tests\Unit\AjustesControllerUnitTest" classname="Tests.Unit.AjustesControllerUnitTest" assertions="1" time="0.091356"/>
        <testcase name="test_index_con_group_by_y_tab" file="C:\laragon\www\Pro_Audio_Y\tests\Unit\AjustesControllerUnitTest.php" line="602" class="Tests\Unit\AjustesControllerUnitTest" classname="Tests.Unit.AjustesControllerUnitTest" assertions="3" time="0.079290"/>
      </testsuite>
      <testsuite name="Tests\Unit\BusquedaControllerUnitTest" file="C:\laragon\www\Pro_Audio_Y\tests\Unit\BusquedaControllerUnitTest.php" tests="8" assertions="10" errors="0" failures="0" skipped="0" time="0.134337">
        <testcase name="test_normalizar_texto_convierte_a_minusculas" file="C:\laragon\www\Pro_Audio_Y\tests\Unit\BusquedaControllerUnitTest.php" line="27" class="Tests\Unit\BusquedaControllerUnitTest" classname="Tests.Unit.BusquedaControllerUnitTest" assertions="1" time="0.099805"/>
        <testcase name="test_normalizar_texto_elimina_espacios_extra" file="C:\laragon\www\Pro_Audio_Y\tests\Unit\BusquedaControllerUnitTest.php" line="33" class="Tests\Unit\BusquedaControllerUnitTest" classname="Tests.Unit.BusquedaControllerUnitTest" assertions="2" time="0.006430"/>
        <testcase name="test_normalizar_texto_corrige_animacion" file="C:\laragon\www\Pro_Audio_Y\tests\Unit\BusquedaControllerUnitTest.php" line="43" class="Tests\Unit\BusquedaControllerUnitTest" classname="Tests.Unit.BusquedaControllerUnitTest" assertions="1" time="0.003929"/>
        <testcase name="test_normalizar_texto_corrige_animador" file="C:\laragon\www\Pro_Audio_Y\tests\Unit\BusquedaControllerUnitTest.php" line="49" class="Tests\Unit\BusquedaControllerUnitTest" classname="Tests.Unit.BusquedaControllerUnitTest" assertions="1" time="0.002805"/>
        <testcase name="test_normalizar_texto_mantiene_alquiler" file="C:\laragon\www\Pro_Audio_Y\tests\Unit\BusquedaControllerUnitTest.php" line="55" class="Tests\Unit\BusquedaControllerUnitTest" classname="Tests.Unit.BusquedaControllerUnitTest" assertions="1" time="0.002779"/>
        <testcase name="test_normalizar_texto_mantiene_publicidad" file="C:\laragon\www\Pro_Audio_Y\tests\Unit\BusquedaControllerUnitTest.php" line="61" class="Tests\Unit\BusquedaControllerUnitTest" classname="Tests.Unit.BusquedaControllerUnitTest" assertions="1" time="0.003268"/>
        <testcase name="test_normalizar_texto_con_cadena_vacia" file="C:\laragon\www\Pro_Audio_Y\tests\Unit\BusquedaControllerUnitTest.php" line="67" class="Tests\Unit\BusquedaControllerUnitTest" classname="Tests.Unit.BusquedaControllerUnitTest" assertions="1" time="0.007138"/>
        <testcase name="test_normalizar_texto_con_texto_complejo" file="C:\laragon\www\Pro_Audio_Y\tests\Unit\BusquedaControllerUnitTest.php" line="73" class="Tests\Unit\BusquedaControllerUnitTest" classname="Tests.Unit.BusquedaControllerUnitTest" assertions="2" time="0.008182"/>
      </testsuite>
      <testsuite name="Tests\Unit\CalendarioControllerUnitTest" file="C:\laragon\www\Pro_Audio_Y\tests\Unit\CalendarioControllerUnitTest.php" tests="3" assertions="8" errors="0" failures="0" skipped="0" time="0.068412">
        <testcase name="test_default_event_title_constante" file="C:\laragon\www\Pro_Audio_Y\tests\Unit\CalendarioControllerUnitTest.php" line="19" class="Tests\Unit\CalendarioControllerUnitTest" classname="Tests.Unit.CalendarioControllerUnitTest" assertions="2" time="0.041210"/>
        <testcase name="test_is_admin_like_logica_administrador" file="C:\laragon\www\Pro_Audio_Y\tests\Unit\CalendarioControllerUnitTest.php" line="30" class="Tests\Unit\CalendarioControllerUnitTest" classname="Tests.Unit.CalendarioControllerUnitTest" assertions="3" time="0.020923"/>
        <testcase name="test_is_admin_like_case_insensitive" file="C:\laragon\www\Pro_Audio_Y\tests\Unit\CalendarioControllerUnitTest.php" line="41" class="Tests\Unit\CalendarioControllerUnitTest" classname="Tests.Unit.CalendarioControllerUnitTest" assertions="3" time="0.006279"/>
      </testsuite>
      <testsuite name="Tests\Unit\CalendarioDataServiceCoverageTest" file="C:\laragon\www\Pro_Audio_Y\tests\Unit\CalendarioDataServiceCoverageTest.php" tests="2" assertions="6" errors="0" failures="0" skipped="0" time="0.333758">
        <testcase name="test_obtener_productos_desde_items_item_sin_movimiento_cubre_linea_91" file="C:\laragon\www\Pro_Audio_Y\tests\Unit\CalendarioDataServiceCoverageTest.php" line="44" class="Tests\Unit\CalendarioDataServiceCoverageTest" classname="Tests.Unit.CalendarioDataServiceCoverageTest" assertions="3" time="0.223454"/>
        <testcase name="test_obtener_productos_desde_items_item_sin_inventario_en_coleccion_cubre_linea_91" file="C:\laragon\www\Pro_Audio_Y\tests\Unit\CalendarioDataServiceCoverageTest.php" line="99" class="Tests\Unit\CalendarioDataServiceCoverageTest" classname="Tests.Unit.CalendarioDataServiceCoverageTest" assertions="3" time="0.110303"/>
      </testsuite>
      <testsuite name="Tests\Unit\CalendarioDataServiceTest" file="C:\laragon\www\Pro_Audio_Y\tests\Unit\CalendarioDataServiceTest.php" tests="15" assertions="43" errors="0" failures="0" skipped="0" time="1.392281">
        <testcase name="test_eliminar_duplicados_registros_sin_duplicados" file="C:\laragon\www\Pro_Audio_Y\tests\Unit\CalendarioDataServiceTest.php" line="50" class="Tests\Unit\CalendarioDataServiceTest" classname="Tests.Unit.CalendarioDataServiceTest" assertions="1" time="0.102920"/>
        <testcase name="test_eliminar_duplicados_registros_con_duplicados" file="C:\laragon\www\Pro_Audio_Y\tests\Unit\CalendarioDataServiceTest.php" line="79" class="Tests\Unit\CalendarioDataServiceTest" classname="Tests.Unit.CalendarioDataServiceTest" assertions="1" time="0.106777"/>
        <testcase name="test_eliminar_duplicados_registros_con_items_diferentes" file="C:\laragon\www\Pro_Audio_Y\tests\Unit\CalendarioDataServiceTest.php" line="108" class="Tests\Unit\CalendarioDataServiceTest" classname="Tests.Unit.CalendarioDataServiceTest" assertions="1" time="0.106448"/>
        <testcase name="test_generar_clave_unica_registro" file="C:\laragon\www\Pro_Audio_Y\tests\Unit\CalendarioDataServiceTest.php" line="175" class="Tests\Unit\CalendarioDataServiceTest" classname="Tests.Unit.CalendarioDataServiceTest" assertions="4" time="0.088360"/>
        <testcase name="test_generar_clave_unica_registro_con_items" file="C:\laragon\www\Pro_Audio_Y\tests\Unit\CalendarioDataServiceTest.php" line="196" class="Tests\Unit\CalendarioDataServiceTest" classname="Tests.Unit.CalendarioDataServiceTest" assertions="3" time="0.102548"/>
        <testcase name="test_transformar_registro_a_data_desde_items" file="C:\laragon\www\Pro_Audio_Y\tests\Unit\CalendarioDataServiceTest.php" line="238" class="Tests\Unit\CalendarioDataServiceTest" classname="Tests.Unit.CalendarioDataServiceTest" assertions="9" time="0.096071"/>
        <testcase name="test_transformar_registro_a_data_formato_antiguo" file="C:\laragon\www\Pro_Audio_Y\tests\Unit\CalendarioDataServiceTest.php" line="286" class="Tests\Unit\CalendarioDataServiceTest" classname="Tests.Unit.CalendarioDataServiceTest" assertions="4" time="0.082502"/>
        <testcase name="test_transformar_registro_a_data_sin_productos" file="C:\laragon\www\Pro_Audio_Y\tests\Unit\CalendarioDataServiceTest.php" line="324" class="Tests\Unit\CalendarioDataServiceTest" classname="Tests.Unit.CalendarioDataServiceTest" assertions="3" time="0.087596"/>
        <testcase name="test_transformar_registro_a_data_con_multiples_items" file="C:\laragon\www\Pro_Audio_Y\tests\Unit\CalendarioDataServiceTest.php" line="346" class="Tests\Unit\CalendarioDataServiceTest" classname="Tests.Unit.CalendarioDataServiceTest" assertions="3" time="0.095792"/>
        <testcase name="test_obtener_registros_unicos" file="C:\laragon\www\Pro_Audio_Y\tests\Unit\CalendarioDataServiceTest.php" line="410" class="Tests\Unit\CalendarioDataServiceTest" classname="Tests.Unit.CalendarioDataServiceTest" assertions="3" time="0.095860"/>
        <testcase name="test_cargar_movimientos_e_inventarios" file="C:\laragon\www\Pro_Audio_Y\tests\Unit\CalendarioDataServiceTest.php" line="430" class="Tests\Unit\CalendarioDataServiceTest" classname="Tests.Unit.CalendarioDataServiceTest" assertions="4" time="0.086399"/>
        <testcase name="test_cargar_movimientos_e_inventarios_vacios" file="C:\laragon\www\Pro_Audio_Y\tests\Unit\CalendarioDataServiceTest.php" line="453" class="Tests\Unit\CalendarioDataServiceTest" classname="Tests.Unit.CalendarioDataServiceTest" assertions="4" time="0.083794"/>
        <testcase name="test_transformar_registro_a_data_incluye_tiene_items" file="C:\laragon\www\Pro_Audio_Y\tests\Unit\CalendarioDataServiceTest.php" line="467" class="Tests\Unit\CalendarioDataServiceTest" classname="Tests.Unit.CalendarioDataServiceTest" assertions="1" time="0.090248"/>
        <testcase name="test_transformar_registro_a_data_sin_items" file="C:\laragon\www\Pro_Audio_Y\tests\Unit\CalendarioDataServiceTest.php" line="506" class="Tests\Unit\CalendarioDataServiceTest" classname="Tests.Unit.CalendarioDataServiceTest" assertions="1" time="0.082597"/>
        <testcase name="test_transformar_registro_a_data_formato_antiguo_sin_cantidad" file="C:\laragon\www\Pro_Audio_Y\tests\Unit\CalendarioDataServiceTest.php" line="526" class="Tests\Unit\CalendarioDataServiceTest" classname="Tests.Unit.CalendarioDataServiceTest" assertions="1" time="0.084371"/>
      </testsuite>
      <testsuite name="Tests\Unit\CalendarioEventServiceTest" file="C:\laragon\www\Pro_Audio_Y\tests\Unit\CalendarioEventServiceTest.php" tests="13" assertions="38" errors="0" failures="0" skipped="0" time="1.390116">
        <testcase name="test_construir_evento_desde_items" file="C:\laragon\www\Pro_Audio_Y\tests\Unit\CalendarioEventServiceTest.php" line="51" class="Tests\Unit\CalendarioEventServiceTest" classname="Tests.Unit.CalendarioEventServiceTest" assertions="6" time="0.144681"/>
        <testcase name="test_construir_evento_formato_antiguo" file="C:\laragon\www\Pro_Audio_Y\tests\Unit\CalendarioEventServiceTest.php" line="96" class="Tests\Unit\CalendarioEventServiceTest" classname="Tests.Unit.CalendarioEventServiceTest" assertions="4" time="0.106877"/>
        <testcase name="test_construir_evento_sin_items_ni_movimiento" file="C:\laragon\www\Pro_Audio_Y\tests\Unit\CalendarioEventServiceTest.php" line="135" class="Tests\Unit\CalendarioEventServiceTest" classname="Tests.Unit.CalendarioEventServiceTest" assertions="3" time="0.080931"/>
        <testcase name="test_construir_evento_con_multiples_items" file="C:\laragon\www\Pro_Audio_Y\tests\Unit\CalendarioEventServiceTest.php" line="157" class="Tests\Unit\CalendarioEventServiceTest" classname="Tests.Unit.CalendarioEventServiceTest" assertions="4" time="0.099155"/>
        <testcase name="test_construir_evento_con_item_sin_inventario_en_coleccion" file="C:\laragon\www\Pro_Audio_Y\tests\Unit\CalendarioEventServiceTest.php" line="218" class="Tests\Unit\CalendarioEventServiceTest" classname="Tests.Unit.CalendarioEventServiceTest" assertions="2" time="0.091992"/>
        <testcase name="test_construir_evento_formato_antiguo_sin_cantidad" file="C:\laragon\www\Pro_Audio_Y\tests\Unit\CalendarioEventServiceTest.php" line="259" class="Tests\Unit\CalendarioEventServiceTest" classname="Tests.Unit.CalendarioEventServiceTest" assertions="3" time="0.088242"/>
        <testcase name="test_next_palette_color_retorna_colores" file="C:\laragon\www\Pro_Audio_Y\tests\Unit\CalendarioEventServiceTest.php" line="300" class="Tests\Unit\CalendarioEventServiceTest" classname="Tests.Unit.CalendarioEventServiceTest" assertions="5" time="0.115431"/>
        <testcase name="test_next_palette_color_rota_colores" file="C:\laragon\www\Pro_Audio_Y\tests\Unit\CalendarioEventServiceTest.php" line="311" class="Tests\Unit\CalendarioEventServiceTest" classname="Tests.Unit.CalendarioEventServiceTest" assertions="3" time="0.122700"/>
        <testcase name="test_next_palette_color_usa_default_si_palette_vacia_cubre_linea_132" file="C:\laragon\www\Pro_Audio_Y\tests\Unit\CalendarioEventServiceTest.php" line="322" class="Tests\Unit\CalendarioEventServiceTest" classname="Tests.Unit.CalendarioEventServiceTest" assertions="2" time="0.145217"/>
        <testcase name="test_reset_palette_cursor" file="C:\laragon\www\Pro_Audio_Y\tests\Unit\CalendarioEventServiceTest.php" line="341" class="Tests\Unit\CalendarioEventServiceTest" classname="Tests.Unit.CalendarioEventServiceTest" assertions="1" time="0.084113"/>
        <testcase name="test_construir_evento_incluye_calendario_id" file="C:\laragon\www\Pro_Audio_Y\tests\Unit\CalendarioEventServiceTest.php" line="356" class="Tests\Unit\CalendarioEventServiceTest" classname="Tests.Unit.CalendarioEventServiceTest" assertions="1" time="0.106062"/>
        <testcase name="test_construir_evento_incluye_inventario_ids" file="C:\laragon\www\Pro_Audio_Y\tests\Unit\CalendarioEventServiceTest.php" line="376" class="Tests\Unit\CalendarioEventServiceTest" classname="Tests.Unit.CalendarioEventServiceTest" assertions="2" time="0.110673"/>
        <testcase name="test_construir_evento_con_descripcion_evento_vacia" file="C:\laragon\www\Pro_Audio_Y\tests\Unit\CalendarioEventServiceTest.php" line="412" class="Tests\Unit\CalendarioEventServiceTest" classname="Tests.Unit.CalendarioEventServiceTest" assertions="2" time="0.094041"/>
      </testsuite>
      <testsuite name="Tests\Unit\CalendarioItemModelTest" file="C:\laragon\www\Pro_Audio_Y\tests\Unit\CalendarioItemModelTest.php" tests="2" assertions="4" errors="0" failures="0" skipped="0" time="0.257176">
        <testcase name="test_calendario_item_tiene_relacion_calendario" file="C:\laragon\www\Pro_Audio_Y\tests\Unit\CalendarioItemModelTest.php" line="26" class="Tests\Unit\CalendarioItemModelTest" classname="Tests.Unit.CalendarioItemModelTest" assertions="3" time="0.145090"/>
        <testcase name="test_calendario_item_relacion_calendario_carga" file="C:\laragon\www\Pro_Audio_Y\tests\Unit\CalendarioItemModelTest.php" line="75" class="Tests\Unit\CalendarioItemModelTest" classname="Tests.Unit.CalendarioItemModelTest" assertions="1" time="0.112086"/>
      </testsuite>
      <testsuite name="Tests\Unit\CalendarioModelTest" file="C:\laragon\www\Pro_Audio_Y\tests\Unit\CalendarioModelTest.php" tests="2" assertions="4" errors="0" failures="0" skipped="0" time="0.197829">
        <testcase name="test_calendario_tiene_relacion_usuario" file="C:\laragon\www\Pro_Audio_Y\tests\Unit\CalendarioModelTest.php" line="23" class="Tests\Unit\CalendarioModelTest" classname="Tests.Unit.CalendarioModelTest" assertions="3" time="0.088813"/>
        <testcase name="test_calendario_relacion_usuario_carga" file="C:\laragon\www\Pro_Audio_Y\tests\Unit\CalendarioModelTest.php" line="53" class="Tests\Unit\CalendarioModelTest" classname="Tests.Unit.CalendarioModelTest" assertions="1" time="0.109016"/>
      </testsuite>
      <testsuite name="Tests\Unit\CalendarioValidationServiceTest" file="C:\laragon\www\Pro_Audio_Y\tests\Unit\CalendarioValidationServiceTest.php" tests="37" assertions="61" errors="0" failures="0" skipped="0" time="3.788862">
        <testcase name="test_get_validation_rules_for_items" file="C:\laragon\www\Pro_Audio_Y\tests\Unit\CalendarioValidationServiceTest.php" line="56" class="Tests\Unit\CalendarioValidationServiceTest" classname="Tests.Unit.CalendarioValidationServiceTest" assertions="5" time="0.517134"/>
        <testcase name="test_get_validation_messages_for_items" file="C:\laragon\www\Pro_Audio_Y\tests\Unit\CalendarioValidationServiceTest.php" line="67" class="Tests\Unit\CalendarioValidationServiceTest" classname="Tests.Unit.CalendarioValidationServiceTest" assertions="3" time="0.151539"/>
        <testcase name="test_get_validation_rules_for_old_format" file="C:\laragon\www\Pro_Audio_Y\tests\Unit\CalendarioValidationServiceTest.php" line="76" class="Tests\Unit\CalendarioValidationServiceTest" classname="Tests.Unit.CalendarioValidationServiceTest" assertions="3" time="0.103645"/>
        <testcase name="test_get_validation_messages_for_old_format" file="C:\laragon\www\Pro_Audio_Y\tests\Unit\CalendarioValidationServiceTest.php" line="85" class="Tests\Unit\CalendarioValidationServiceTest" classname="Tests.Unit.CalendarioValidationServiceTest" assertions="2" time="0.079581"/>
        <testcase name="test_get_validation_rules_for_update_items" file="C:\laragon\www\Pro_Audio_Y\tests\Unit\CalendarioValidationServiceTest.php" line="93" class="Tests\Unit\CalendarioValidationServiceTest" classname="Tests.Unit.CalendarioValidationServiceTest" assertions="3" time="0.078131"/>
        <testcase name="test_get_validation_messages_for_update_items" file="C:\laragon\www\Pro_Audio_Y\tests\Unit\CalendarioValidationServiceTest.php" line="102" class="Tests\Unit\CalendarioValidationServiceTest" classname="Tests.Unit.CalendarioValidationServiceTest" assertions="3" time="0.078550"/>
        <testcase name="test_get_validation_rules_for_update_old_format" file="C:\laragon\www\Pro_Audio_Y\tests\Unit\CalendarioValidationServiceTest.php" line="111" class="Tests\Unit\CalendarioValidationServiceTest" classname="Tests.Unit.CalendarioValidationServiceTest" assertions="3" time="0.075715"/>
        <testcase name="test_get_validation_messages_for_update_old_format" file="C:\laragon\www\Pro_Audio_Y\tests\Unit\CalendarioValidationServiceTest.php" line="120" class="Tests\Unit\CalendarioValidationServiceTest" classname="Tests.Unit.CalendarioValidationServiceTest" assertions="3" time="0.075902"/>
        <testcase name="test_validar_stock_para_items_suficiente" file="C:\laragon\www\Pro_Audio_Y\tests\Unit\CalendarioValidationServiceTest.php" line="129" class="Tests\Unit\CalendarioValidationServiceTest" classname="Tests.Unit.CalendarioValidationServiceTest" assertions="1" time="0.084118"/>
        <testcase name="test_validar_stock_para_items_inventario_no_existe" file="C:\laragon\www\Pro_Audio_Y\tests\Unit\CalendarioValidationServiceTest.php" line="149" class="Tests\Unit\CalendarioValidationServiceTest" classname="Tests.Unit.CalendarioValidationServiceTest" assertions="1" time="0.084037"/>
        <testcase name="test_validar_stock_para_items_stock_insuficiente" file="C:\laragon\www\Pro_Audio_Y\tests\Unit\CalendarioValidationServiceTest.php" line="164" class="Tests\Unit\CalendarioValidationServiceTest" classname="Tests.Unit.CalendarioValidationServiceTest" assertions="1" time="0.085479"/>
        <testcase name="test_calcular_reservadas" file="C:\laragon\www\Pro_Audio_Y\tests\Unit\CalendarioValidationServiceTest.php" line="184" class="Tests\Unit\CalendarioValidationServiceTest" classname="Tests.Unit.CalendarioValidationServiceTest" assertions="1" time="0.102803"/>
        <testcase name="test_calcular_reservadas_excluyendo" file="C:\laragon\www\Pro_Audio_Y\tests\Unit\CalendarioValidationServiceTest.php" line="218" class="Tests\Unit\CalendarioValidationServiceTest" classname="Tests.Unit.CalendarioValidationServiceTest" assertions="1" time="0.114349"/>
        <testcase name="test_validar_stock_para_items_con_reservas_existentes" file="C:\laragon\www\Pro_Audio_Y\tests\Unit\CalendarioValidationServiceTest.php" line="270" class="Tests\Unit\CalendarioValidationServiceTest" classname="Tests.Unit.CalendarioValidationServiceTest" assertions="1" time="0.092904"/>
        <testcase name="test_validar_stock_para_items_con_reservas_insuficiente" file="C:\laragon\www\Pro_Audio_Y\tests\Unit\CalendarioValidationServiceTest.php" line="312" class="Tests\Unit\CalendarioValidationServiceTest" classname="Tests.Unit.CalendarioValidationServiceTest" assertions="1" time="0.097813"/>
        <testcase name="test_validar_stock_para_items_con_cantidad_default" file="C:\laragon\www\Pro_Audio_Y\tests\Unit\CalendarioValidationServiceTest.php" line="354" class="Tests\Unit\CalendarioValidationServiceTest" classname="Tests.Unit.CalendarioValidationServiceTest" assertions="1" time="0.081010"/>
        <testcase name="test_validar_stock_para_items_con_stock_cero" file="C:\laragon\www\Pro_Audio_Y\tests\Unit\CalendarioValidationServiceTest.php" line="374" class="Tests\Unit\CalendarioValidationServiceTest" classname="Tests.Unit.CalendarioValidationServiceTest" assertions="1" time="0.089170"/>
        <testcase name="test_validar_stock_para_items_con_multiples_items" file="C:\laragon\www\Pro_Audio_Y\tests\Unit\CalendarioValidationServiceTest.php" line="394" class="Tests\Unit\CalendarioValidationServiceTest" classname="Tests.Unit.CalendarioValidationServiceTest" assertions="1" time="0.086196"/>
        <testcase name="test_validar_stock_para_items_con_producto_descripcion_vacia" file="C:\laragon\www\Pro_Audio_Y\tests\Unit\CalendarioValidationServiceTest.php" line="420" class="Tests\Unit\CalendarioValidationServiceTest" classname="Tests.Unit.CalendarioValidationServiceTest" assertions="1" time="0.082841"/>
        <testcase name="test_validar_stock_para_actualizacion_suficiente" file="C:\laragon\www\Pro_Audio_Y\tests\Unit\CalendarioValidationServiceTest.php" line="444" class="Tests\Unit\CalendarioValidationServiceTest" classname="Tests.Unit.CalendarioValidationServiceTest" assertions="1" time="0.094203"/>
        <testcase name="test_validar_stock_para_actualizacion_inventario_no_existe" file="C:\laragon\www\Pro_Audio_Y\tests\Unit\CalendarioValidationServiceTest.php" line="488" class="Tests\Unit\CalendarioValidationServiceTest" classname="Tests.Unit.CalendarioValidationServiceTest" assertions="1" time="0.089523"/>
        <testcase name="test_validar_stock_para_actualizacion_stock_insuficiente" file="C:\laragon\www\Pro_Audio_Y\tests\Unit\CalendarioValidationServiceTest.php" line="513" class="Tests\Unit\CalendarioValidationServiceTest" classname="Tests.Unit.CalendarioValidationServiceTest" assertions="1" time="0.093566"/>
        <testcase name="test_validar_stock_para_actualizacion_con_cantidad_default" file="C:\laragon\www\Pro_Audio_Y\tests\Unit\CalendarioValidationServiceTest.php" line="572" class="Tests\Unit\CalendarioValidationServiceTest" classname="Tests.Unit.CalendarioValidationServiceTest" assertions="1" time="0.085259"/>
        <testcase name="test_validar_stock_para_actualizacion_con_cantidad_actual_cero" file="C:\laragon\www\Pro_Audio_Y\tests\Unit\CalendarioValidationServiceTest.php" line="602" class="Tests\Unit\CalendarioValidationServiceTest" classname="Tests.Unit.CalendarioValidationServiceTest" assertions="1" time="0.100648"/>
        <testcase name="test_validar_stock_para_actualizacion_con_items_actuales_vacio" file="C:\laragon\www\Pro_Audio_Y\tests\Unit\CalendarioValidationServiceTest.php" line="632" class="Tests\Unit\CalendarioValidationServiceTest" classname="Tests.Unit.CalendarioValidationServiceTest" assertions="1" time="0.092029"/>
        <testcase name="test_validar_stock_para_actualizacion_con_multiples_items" file="C:\laragon\www\Pro_Audio_Y\tests\Unit\CalendarioValidationServiceTest.php" line="662" class="Tests\Unit\CalendarioValidationServiceTest" classname="Tests.Unit.CalendarioValidationServiceTest" assertions="1" time="0.090274"/>
        <testcase name="test_calcular_reservadas_sin_reservas" file="C:\laragon\www\Pro_Audio_Y\tests\Unit\CalendarioValidationServiceTest.php" line="705" class="Tests\Unit\CalendarioValidationServiceTest" classname="Tests.Unit.CalendarioValidationServiceTest" assertions="1" time="0.085102"/>
        <testcase name="test_calcular_reservadas_con_fechas_no_solapadas" file="C:\laragon\www\Pro_Audio_Y\tests\Unit\CalendarioValidationServiceTest.php" line="717" class="Tests\Unit\CalendarioValidationServiceTest" classname="Tests.Unit.CalendarioValidationServiceTest" assertions="1" time="0.090788"/>
        <testcase name="test_calcular_reservadas_con_fechas_solapadas_parcialmente" file="C:\laragon\www\Pro_Audio_Y\tests\Unit\CalendarioValidationServiceTest.php" line="751" class="Tests\Unit\CalendarioValidationServiceTest" classname="Tests.Unit.CalendarioValidationServiceTest" assertions="1" time="0.087311"/>
        <testcase name="test_calcular_reservadas_con_multiples_reservas" file="C:\laragon\www\Pro_Audio_Y\tests\Unit\CalendarioValidationServiceTest.php" line="785" class="Tests\Unit\CalendarioValidationServiceTest" classname="Tests.Unit.CalendarioValidationServiceTest" assertions="1" time="0.092528"/>
        <testcase name="test_calcular_reservadas_con_fecha_inicio_igual_fecha_fin" file="C:\laragon\www\Pro_Audio_Y\tests\Unit\CalendarioValidationServiceTest.php" line="833" class="Tests\Unit\CalendarioValidationServiceTest" classname="Tests.Unit.CalendarioValidationServiceTest" assertions="1" time="0.092088"/>
        <testcase name="test_calcular_reservadas_excluyendo_sin_reservas" file="C:\laragon\www\Pro_Audio_Y\tests\Unit\CalendarioValidationServiceTest.php" line="872" class="Tests\Unit\CalendarioValidationServiceTest" classname="Tests.Unit.CalendarioValidationServiceTest" assertions="1" time="0.081444"/>
        <testcase name="test_calcular_reservadas_excluyendo_con_fechas_no_solapadas" file="C:\laragon\www\Pro_Audio_Y\tests\Unit\CalendarioValidationServiceTest.php" line="892" class="Tests\Unit\CalendarioValidationServiceTest" classname="Tests.Unit.CalendarioValidationServiceTest" assertions="1" time="0.088566"/>
        <testcase name="test_calcular_reservadas_excluyendo_con_multiples_reservas" file="C:\laragon\www\Pro_Audio_Y\tests\Unit\CalendarioValidationServiceTest.php" line="926" class="Tests\Unit\CalendarioValidationServiceTest" classname="Tests.Unit.CalendarioValidationServiceTest" assertions="1" time="0.096547"/>
        <testcase name="test_get_validation_rules_for_update_items_incluye_servicio" file="C:\laragon\www\Pro_Audio_Y\tests\Unit\CalendarioValidationServiceTest.php" line="993" class="Tests\Unit\CalendarioValidationServiceTest" classname="Tests.Unit.CalendarioValidationServiceTest" assertions="3" time="0.088059"/>
        <testcase name="test_get_validation_messages_for_update_items_mergea_mensajes" file="C:\laragon\www\Pro_Audio_Y\tests\Unit\CalendarioValidationServiceTest.php" line="1006" class="Tests\Unit\CalendarioValidationServiceTest" classname="Tests.Unit.CalendarioValidationServiceTest" assertions="3" time="0.084741"/>
        <testcase name="test_get_validation_messages_for_update_old_format_mergea_mensajes" file="C:\laragon\www\Pro_Audio_Y\tests\Unit\CalendarioValidationServiceTest.php" line="1019" class="Tests\Unit\CalendarioValidationServiceTest" classname="Tests.Unit.CalendarioValidationServiceTest" assertions="4" time="0.095272"/>
      </testsuite>
      <testsuite name="Tests\Unit\ChatbotControllerUnitTest" file="C:\laragon\www\Pro_Audio_Y\tests\Unit\ChatbotControllerUnitTest.php" tests="9" assertions="11" errors="0" failures="0" skipped="0" time="1.142874">
        <testcase name="test_controller_can_be_instantiated" file="C:\laragon\www\Pro_Audio_Y\tests\Unit\ChatbotControllerUnitTest.php" line="78" class="Tests\Unit\ChatbotControllerUnitTest" classname="Tests.Unit.ChatbotControllerUnitTest" assertions="1" time="0.299208"/>
        <testcase name="test_index_retorna_vista" file="C:\laragon\www\Pro_Audio_Y\tests\Unit\ChatbotControllerUnitTest.php" line="83" class="Tests\Unit\ChatbotControllerUnitTest" classname="Tests.Unit.ChatbotControllerUnitTest" assertions="1" time="0.140035"/>
        <testcase name="test_enviar_procesa_mensaje" file="C:\laragon\www\Pro_Audio_Y\tests\Unit\ChatbotControllerUnitTest.php" line="90" class="Tests\Unit\ChatbotControllerUnitTest" classname="Tests.Unit.ChatbotControllerUnitTest" assertions="1" time="0.158279"/>
        <testcase name="test_enviar_procesa_seleccion" file="C:\laragon\www\Pro_Audio_Y\tests\Unit\ChatbotControllerUnitTest.php" line="123" class="Tests\Unit\ChatbotControllerUnitTest" classname="Tests.Unit.ChatbotControllerUnitTest" assertions="1" time="0.140814"/>
        <testcase name="test_enviar_maneja_error" file="C:\laragon\www\Pro_Audio_Y\tests\Unit\ChatbotControllerUnitTest.php" line="178" class="Tests\Unit\ChatbotControllerUnitTest" classname="Tests.Unit.ChatbotControllerUnitTest" assertions="1" time="0.138593"/>
        <testcase name="test_enviar_procesa_seleccion_vacio" file="C:\laragon\www\Pro_Audio_Y\tests\Unit\ChatbotControllerUnitTest.php" line="208" class="Tests\Unit\ChatbotControllerUnitTest" classname="Tests.Unit.ChatbotControllerUnitTest" assertions="1" time="0.065132"/>
        <testcase name="test_enviar_confirm_intencion" file="C:\laragon\www\Pro_Audio_Y\tests\Unit\ChatbotControllerUnitTest.php" line="244" class="Tests\Unit\ChatbotControllerUnitTest" classname="Tests.Unit.ChatbotControllerUnitTest" assertions="1" time="0.068634"/>
        <testcase name="test_enviar_limpiar_cotizacion" file="C:\laragon\www\Pro_Audio_Y\tests\Unit\ChatbotControllerUnitTest.php" line="274" class="Tests\Unit\ChatbotControllerUnitTest" classname="Tests.Unit.ChatbotControllerUnitTest" assertions="2" time="0.066041"/>
        <testcase name="test_enviar_terminar_cotizacion" file="C:\laragon\www\Pro_Audio_Y\tests\Unit\ChatbotControllerUnitTest.php" line="291" class="Tests\Unit\ChatbotControllerUnitTest" classname="Tests.Unit.ChatbotControllerUnitTest" assertions="2" time="0.066138"/>
      </testsuite>
      <testsuite name="Tests\Unit\ChatbotIntentionDetectorCatchExceptionTest" file="C:\laragon\www\Pro_Audio_Y\tests\Unit\ChatbotIntentionDetectorCatchExceptionTest.php" tests="1" assertions="2" errors="0" failures="0" skipped="0" time="3.383455">
        <testcase name="test_obtener_cache_tfidf_catch_exception_cubre_lineas_229_230" file="C:\laragon\www\Pro_Audio_Y\tests\Unit\ChatbotIntentionDetectorCatchExceptionTest.php" line="26" class="Tests\Unit\ChatbotIntentionDetectorCatchExceptionTest" classname="Tests.Unit.ChatbotIntentionDetectorCatchExceptionTest" assertions="2" time="3.383455"/>
      </testsuite>
      <testsuite name="Tests\Unit\ChatbotIntentionDetectorCoverageTest" file="C:\laragon\www\Pro_Audio_Y\tests\Unit\ChatbotIntentionDetectorCoverageTest.php" tests="6" assertions="6" errors="0" failures="0" skipped="0" time="0.925906">
        <testcase name="test_obtener_cache_tfidf_procesa_filas_cubre_lineas_223_225" file="C:\laragon\www\Pro_Audio_Y\tests\Unit\ChatbotIntentionDetectorCoverageTest.php" line="32" class="Tests\Unit\ChatbotIntentionDetectorCoverageTest" classname="Tests.Unit.ChatbotIntentionDetectorCoverageTest" assertions="1" time="0.368358"/>
        <testcase name="test_procesar_documentos_para_cache_cubre_lineas_243_248" file="C:\laragon\www\Pro_Audio_Y\tests\Unit\ChatbotIntentionDetectorCoverageTest.php" line="60" class="Tests\Unit\ChatbotIntentionDetectorCoverageTest" classname="Tests.Unit.ChatbotIntentionDetectorCoverageTest" assertions="1" time="0.167145"/>
        <testcase name="test_calcular_score_servicio_cubre_lineas_283_294_322" file="C:\laragon\www\Pro_Audio_Y\tests\Unit\ChatbotIntentionDetectorCoverageTest.php" line="99" class="Tests\Unit\ChatbotIntentionDetectorCoverageTest" classname="Tests.Unit.ChatbotIntentionDetectorCoverageTest" assertions="1" time="0.097755"/>
        <testcase name="test_calcular_score_servicio_con_terminos_no_en_cache_cubre_lineas_294_322" file="C:\laragon\www\Pro_Audio_Y\tests\Unit\ChatbotIntentionDetectorCoverageTest.php" line="137" class="Tests\Unit\ChatbotIntentionDetectorCoverageTest" classname="Tests.Unit.ChatbotIntentionDetectorCoverageTest" assertions="1" time="0.088628"/>
        <testcase name="test_calcular_obtener_mejor_intencion_score_bajo_cubre_linea_289" file="C:\laragon\www\Pro_Audio_Y\tests\Unit\ChatbotIntentionDetectorCoverageTest.php" line="180" class="Tests\Unit\ChatbotIntentionDetectorCoverageTest" classname="Tests.Unit.ChatbotIntentionDetectorCoverageTest" assertions="1" time="0.111426"/>
        <testcase name="test_calcular_score_servicio_df_cero_segundo_foreach_cubre_linea_313" file="C:\laragon\www\Pro_Audio_Y\tests\Unit\ChatbotIntentionDetectorCoverageTest.php" line="211" class="Tests\Unit\ChatbotIntentionDetectorCoverageTest" classname="Tests.Unit.ChatbotIntentionDetectorCoverageTest" assertions="1" time="0.092594"/>
      </testsuite>
      <testsuite name="Tests\Unit\ChatbotIntentionDetectorTest" file="C:\laragon\www\Pro_Audio_Y\tests\Unit\ChatbotIntentionDetectorTest.php" tests="79" assertions="156" errors="0" failures="0" skipped="0" time="7.986268">
        <testcase name="test_detectar_intenciones_vacio" file="C:\laragon\www\Pro_Audio_Y\tests\Unit\ChatbotIntentionDetectorTest.php" line="44" class="Tests\Unit\ChatbotIntentionDetectorTest" classname="Tests.Unit.ChatbotIntentionDetectorTest" assertions="2" time="0.107039"/>
        <testcase name="test_detectar_intenciones_alquiler" file="C:\laragon\www\Pro_Audio_Y\tests\Unit\ChatbotIntentionDetectorTest.php" line="51" class="Tests\Unit\ChatbotIntentionDetectorTest" classname="Tests.Unit.ChatbotIntentionDetectorTest" assertions="2" time="0.106930"/>
        <testcase name="test_detectar_intenciones_animacion" file="C:\laragon\www\Pro_Audio_Y\tests\Unit\ChatbotIntentionDetectorTest.php" line="58" class="Tests\Unit\ChatbotIntentionDetectorTest" classname="Tests.Unit.ChatbotIntentionDetectorTest" assertions="2" time="0.077314"/>
        <testcase name="test_detectar_intenciones_publicidad" file="C:\laragon\www\Pro_Audio_Y\tests\Unit\ChatbotIntentionDetectorTest.php" line="65" class="Tests\Unit\ChatbotIntentionDetectorTest" classname="Tests.Unit.ChatbotIntentionDetectorTest" assertions="2" time="0.080706"/>
        <testcase name="test_detectar_intenciones_multiples" file="C:\laragon\www\Pro_Audio_Y\tests\Unit\ChatbotIntentionDetectorTest.php" line="72" class="Tests\Unit\ChatbotIntentionDetectorTest" classname="Tests.Unit.ChatbotIntentionDetectorTest" assertions="3" time="0.081298"/>
        <testcase name="test_validar_intenciones_contra_mensaje_valida_alquiler" file="C:\laragon\www\Pro_Audio_Y\tests\Unit\ChatbotIntentionDetectorTest.php" line="83" class="Tests\Unit\ChatbotIntentionDetectorTest" classname="Tests.Unit.ChatbotIntentionDetectorTest" assertions="1" time="0.072894"/>
        <testcase name="test_validar_intenciones_contra_mensaje_invalida_alquiler" file="C:\laragon\www\Pro_Audio_Y\tests\Unit\ChatbotIntentionDetectorTest.php" line="92" class="Tests\Unit\ChatbotIntentionDetectorTest" classname="Tests.Unit.ChatbotIntentionDetectorTest" assertions="1" time="0.073279"/>
        <testcase name="test_validar_intenciones_contra_mensaje_con_animacion" file="C:\laragon\www\Pro_Audio_Y\tests\Unit\ChatbotIntentionDetectorTest.php" line="101" class="Tests\Unit\ChatbotIntentionDetectorTest" classname="Tests.Unit.ChatbotIntentionDetectorTest" assertions="1" time="0.086380"/>
        <testcase name="test_validar_intenciones_contra_mensaje_con_publicidad" file="C:\laragon\www\Pro_Audio_Y\tests\Unit\ChatbotIntentionDetectorTest.php" line="110" class="Tests\Unit\ChatbotIntentionDetectorTest" classname="Tests.Unit.ChatbotIntentionDetectorTest" assertions="1" time="0.076293"/>
        <testcase name="test_validar_intenciones_contra_mensaje_vacio" file="C:\laragon\www\Pro_Audio_Y\tests\Unit\ChatbotIntentionDetectorTest.php" line="119" class="Tests\Unit\ChatbotIntentionDetectorTest" classname="Tests.Unit.ChatbotIntentionDetectorTest" assertions="1" time="0.111624"/>
        <testcase name="test_validar_intenciones_contra_mensaje_multiples" file="C:\laragon\www\Pro_Audio_Y\tests\Unit\ChatbotIntentionDetectorTest.php" line="128" class="Tests\Unit\ChatbotIntentionDetectorTest" classname="Tests.Unit.ChatbotIntentionDetectorTest" assertions="3" time="0.191051"/>
        <testcase name="test_es_relacionado_con_alquiler" file="C:\laragon\www\Pro_Audio_Y\tests\Unit\ChatbotIntentionDetectorTest.php" line="142" class="Tests\Unit\ChatbotIntentionDetectorTest" classname="Tests.Unit.ChatbotIntentionDetectorTest" assertions="1" time="0.116109"/>
        <testcase name="test_es_relacionado_con_animacion" file="C:\laragon\www\Pro_Audio_Y\tests\Unit\ChatbotIntentionDetectorTest.php" line="148" class="Tests\Unit\ChatbotIntentionDetectorTest" classname="Tests.Unit.ChatbotIntentionDetectorTest" assertions="1" time="0.089446"/>
        <testcase name="test_es_relacionado_con_publicidad" file="C:\laragon\www\Pro_Audio_Y\tests\Unit\ChatbotIntentionDetectorTest.php" line="154" class="Tests\Unit\ChatbotIntentionDetectorTest" classname="Tests.Unit.ChatbotIntentionDetectorTest" assertions="1" time="0.104672"/>
        <testcase name="test_es_relacionado_con_mensaje_vacio" file="C:\laragon\www\Pro_Audio_Y\tests\Unit\ChatbotIntentionDetectorTest.php" line="160" class="Tests\Unit\ChatbotIntentionDetectorTest" classname="Tests.Unit.ChatbotIntentionDetectorTest" assertions="1" time="0.146549"/>
        <testcase name="test_es_relacionado_con_mensaje_no_relacionado" file="C:\laragon\www\Pro_Audio_Y\tests\Unit\ChatbotIntentionDetectorTest.php" line="167" class="Tests\Unit\ChatbotIntentionDetectorTest" classname="Tests.Unit.ChatbotIntentionDetectorTest" assertions="1" time="0.167639"/>
        <testcase name="test_es_relacionado_case_insensitive" file="C:\laragon\www\Pro_Audio_Y\tests\Unit\ChatbotIntentionDetectorTest.php" line="174" class="Tests\Unit\ChatbotIntentionDetectorTest" classname="Tests.Unit.ChatbotIntentionDetectorTest" assertions="2" time="0.131782"/>
        <testcase name="test_clasificar_por_tfidf_con_cadena_vacia" file="C:\laragon\www\Pro_Audio_Y\tests\Unit\ChatbotIntentionDetectorTest.php" line="187" class="Tests\Unit\ChatbotIntentionDetectorTest" classname="Tests.Unit.ChatbotIntentionDetectorTest" assertions="2" time="0.222438"/>
        <testcase name="test_clasificar_por_tfidf_retorna_array" file="C:\laragon\www\Pro_Audio_Y\tests\Unit\ChatbotIntentionDetectorTest.php" line="194" class="Tests\Unit\ChatbotIntentionDetectorTest" classname="Tests.Unit.ChatbotIntentionDetectorTest" assertions="1" time="0.255193"/>
        <testcase name="test_clasificar_por_tfidf_con_texto_solo_espacios" file="C:\laragon\www\Pro_Audio_Y\tests\Unit\ChatbotIntentionDetectorTest.php" line="202" class="Tests\Unit\ChatbotIntentionDetectorTest" classname="Tests.Unit.ChatbotIntentionDetectorTest" assertions="2" time="0.186875"/>
        <testcase name="test_validar_intenciones_contra_mensaje_con_intencion_no_en_explicitas" file="C:\laragon\www\Pro_Audio_Y\tests\Unit\ChatbotIntentionDetectorTest.php" line="213" class="Tests\Unit\ChatbotIntentionDetectorTest" classname="Tests.Unit.ChatbotIntentionDetectorTest" assertions="2" time="0.183374"/>
        <testcase name="test_validar_intenciones_contra_mensaje_con_intencion_valida_pero_no_en_mensaje" file="C:\laragon\www\Pro_Audio_Y\tests\Unit\ChatbotIntentionDetectorTest.php" line="225" class="Tests\Unit\ChatbotIntentionDetectorTest" classname="Tests.Unit.ChatbotIntentionDetectorTest" assertions="1" time="0.158648"/>
        <testcase name="test_detectar_intenciones_con_palabras_fuertes" file="C:\laragon\www\Pro_Audio_Y\tests\Unit\ChatbotIntentionDetectorTest.php" line="235" class="Tests\Unit\ChatbotIntentionDetectorTest" classname="Tests.Unit.ChatbotIntentionDetectorTest" assertions="2" time="0.146535"/>
        <testcase name="test_detectar_intenciones_con_puntaje_alto" file="C:\laragon\www\Pro_Audio_Y\tests\Unit\ChatbotIntentionDetectorTest.php" line="244" class="Tests\Unit\ChatbotIntentionDetectorTest" classname="Tests.Unit.ChatbotIntentionDetectorTest" assertions="2" time="0.135944"/>
        <testcase name="test_detectar_intenciones_ordenadas_por_puntaje" file="C:\laragon\www\Pro_Audio_Y\tests\Unit\ChatbotIntentionDetectorTest.php" line="252" class="Tests\Unit\ChatbotIntentionDetectorTest" classname="Tests.Unit.ChatbotIntentionDetectorTest" assertions="3" time="0.169842"/>
        <testcase name="test_es_relacionado_retorna_false_cuando_no_hay_palabras_clave" file="C:\laragon\www\Pro_Audio_Y\tests\Unit\ChatbotIntentionDetectorTest.php" line="261" class="Tests\Unit\ChatbotIntentionDetectorTest" classname="Tests.Unit.ChatbotIntentionDetectorTest" assertions="1" time="0.161151"/>
        <testcase name="test_detectar_intenciones_con_palabra_explicita" file="C:\laragon\www\Pro_Audio_Y\tests\Unit\ChatbotIntentionDetectorTest.php" line="267" class="Tests\Unit\ChatbotIntentionDetectorTest" classname="Tests.Unit.ChatbotIntentionDetectorTest" assertions="2" time="0.190242"/>
        <testcase name="test_detectar_intenciones_con_maestro_ceremonias" file="C:\laragon\www\Pro_Audio_Y\tests\Unit\ChatbotIntentionDetectorTest.php" line="275" class="Tests\Unit\ChatbotIntentionDetectorTest" classname="Tests.Unit.ChatbotIntentionDetectorTest" assertions="2" time="0.091257"/>
        <testcase name="test_detectar_intenciones_con_par_led" file="C:\laragon\www\Pro_Audio_Y\tests\Unit\ChatbotIntentionDetectorTest.php" line="283" class="Tests\Unit\ChatbotIntentionDetectorTest" classname="Tests.Unit.ChatbotIntentionDetectorTest" assertions="2" time="0.085382"/>
        <testcase name="test_detectar_intenciones_con_cumpleanos" file="C:\laragon\www\Pro_Audio_Y\tests\Unit\ChatbotIntentionDetectorTest.php" line="291" class="Tests\Unit\ChatbotIntentionDetectorTest" classname="Tests.Unit.ChatbotIntentionDetectorTest" assertions="2" time="0.092926"/>
        <testcase name="test_detectar_intenciones_con_locucion" file="C:\laragon\www\Pro_Audio_Y\tests\Unit\ChatbotIntentionDetectorTest.php" line="299" class="Tests\Unit\ChatbotIntentionDetectorTest" classname="Tests.Unit.ChatbotIntentionDetectorTest" assertions="2" time="0.085140"/>
        <testcase name="test_detectar_intenciones_con_equipo_sonido" file="C:\laragon\www\Pro_Audio_Y\tests\Unit\ChatbotIntentionDetectorTest.php" line="307" class="Tests\Unit\ChatbotIntentionDetectorTest" classname="Tests.Unit.ChatbotIntentionDetectorTest" assertions="2" time="0.083916"/>
        <testcase name="test_validar_intenciones_con_palabra_clave_en_mensaje" file="C:\laragon\www\Pro_Audio_Y\tests\Unit\ChatbotIntentionDetectorTest.php" line="315" class="Tests\Unit\ChatbotIntentionDetectorTest" classname="Tests.Unit.ChatbotIntentionDetectorTest" assertions="1" time="0.076483"/>
        <testcase name="test_validar_intenciones_con_multiples_palabras_clave" file="C:\laragon\www\Pro_Audio_Y\tests\Unit\ChatbotIntentionDetectorTest.php" line="325" class="Tests\Unit\ChatbotIntentionDetectorTest" classname="Tests.Unit.ChatbotIntentionDetectorTest" assertions="3" time="0.078336"/>
        <testcase name="test_es_relacionado_con_palabra_clave_parcial" file="C:\laragon\www\Pro_Audio_Y\tests\Unit\ChatbotIntentionDetectorTest.php" line="336" class="Tests\Unit\ChatbotIntentionDetectorTest" classname="Tests.Unit.ChatbotIntentionDetectorTest" assertions="1" time="0.079008"/>
        <testcase name="test_detectar_intenciones_case_insensitive" file="C:\laragon\www\Pro_Audio_Y\tests\Unit\ChatbotIntentionDetectorTest.php" line="343" class="Tests\Unit\ChatbotIntentionDetectorTest" classname="Tests.Unit.ChatbotIntentionDetectorTest" assertions="2" time="0.091017"/>
        <testcase name="test_detectar_intenciones_con_acentos" file="C:\laragon\www\Pro_Audio_Y\tests\Unit\ChatbotIntentionDetectorTest.php" line="351" class="Tests\Unit\ChatbotIntentionDetectorTest" classname="Tests.Unit.ChatbotIntentionDetectorTest" assertions="2" time="0.128712"/>
        <testcase name="test_detectar_intenciones_con_puntaje_exacto_dos" file="C:\laragon\www\Pro_Audio_Y\tests\Unit\ChatbotIntentionDetectorTest.php" line="363" class="Tests\Unit\ChatbotIntentionDetectorTest" classname="Tests.Unit.ChatbotIntentionDetectorTest" assertions="2" time="0.148011"/>
        <testcase name="test_detectar_intenciones_con_puntaje_uno_y_palabra_explicita_animacion" file="C:\laragon\www\Pro_Audio_Y\tests\Unit\ChatbotIntentionDetectorTest.php" line="372" class="Tests\Unit\ChatbotIntentionDetectorTest" classname="Tests.Unit.ChatbotIntentionDetectorTest" assertions="2" time="0.173453"/>
        <testcase name="test_detectar_intenciones_con_puntaje_uno_y_palabra_fuerte_publicidad" file="C:\laragon\www\Pro_Audio_Y\tests\Unit\ChatbotIntentionDetectorTest.php" line="380" class="Tests\Unit\ChatbotIntentionDetectorTest" classname="Tests.Unit.ChatbotIntentionDetectorTest" assertions="2" time="0.094087"/>
        <testcase name="test_detectar_intenciones_sin_puntaje_suficiente" file="C:\laragon\www\Pro_Audio_Y\tests\Unit\ChatbotIntentionDetectorTest.php" line="388" class="Tests\Unit\ChatbotIntentionDetectorTest" classname="Tests.Unit.ChatbotIntentionDetectorTest" assertions="1" time="0.084451"/>
        <testcase name="test_detectar_intenciones_con_palabra_en_limite_palabra" file="C:\laragon\www\Pro_Audio_Y\tests\Unit\ChatbotIntentionDetectorTest.php" line="396" class="Tests\Unit\ChatbotIntentionDetectorTest" classname="Tests.Unit.ChatbotIntentionDetectorTest" assertions="2" time="0.079870"/>
        <testcase name="test_detectar_intenciones_ordenamiento_por_puntaje" file="C:\laragon\www\Pro_Audio_Y\tests\Unit\ChatbotIntentionDetectorTest.php" line="404" class="Tests\Unit\ChatbotIntentionDetectorTest" classname="Tests.Unit.ChatbotIntentionDetectorTest" assertions="3" time="0.081596"/>
        <testcase name="test_detectar_intenciones_con_todas_las_palabras_clave_alquiler" file="C:\laragon\www\Pro_Audio_Y\tests\Unit\ChatbotIntentionDetectorTest.php" line="416" class="Tests\Unit\ChatbotIntentionDetectorTest" classname="Tests.Unit.ChatbotIntentionDetectorTest" assertions="2" time="0.083811"/>
        <testcase name="test_detectar_intenciones_con_todas_las_palabras_clave_animacion" file="C:\laragon\www\Pro_Audio_Y\tests\Unit\ChatbotIntentionDetectorTest.php" line="424" class="Tests\Unit\ChatbotIntentionDetectorTest" classname="Tests.Unit.ChatbotIntentionDetectorTest" assertions="2" time="0.082128"/>
        <testcase name="test_detectar_intenciones_con_todas_las_palabras_clave_publicidad" file="C:\laragon\www\Pro_Audio_Y\tests\Unit\ChatbotIntentionDetectorTest.php" line="432" class="Tests\Unit\ChatbotIntentionDetectorTest" classname="Tests.Unit.ChatbotIntentionDetectorTest" assertions="2" time="0.083395"/>
        <testcase name="test_validar_intenciones_con_intencion_no_valida" file="C:\laragon\www\Pro_Audio_Y\tests\Unit\ChatbotIntentionDetectorTest.php" line="440" class="Tests\Unit\ChatbotIntentionDetectorTest" classname="Tests.Unit.ChatbotIntentionDetectorTest" assertions="2" time="0.076778"/>
        <testcase name="test_validar_intenciones_con_palabra_clave_al_inicio" file="C:\laragon\www\Pro_Audio_Y\tests\Unit\ChatbotIntentionDetectorTest.php" line="451" class="Tests\Unit\ChatbotIntentionDetectorTest" classname="Tests.Unit.ChatbotIntentionDetectorTest" assertions="1" time="0.077468"/>
        <testcase name="test_validar_intenciones_con_palabra_clave_al_final" file="C:\laragon\www\Pro_Audio_Y\tests\Unit\ChatbotIntentionDetectorTest.php" line="461" class="Tests\Unit\ChatbotIntentionDetectorTest" classname="Tests.Unit.ChatbotIntentionDetectorTest" assertions="1" time="0.072811"/>
        <testcase name="test_validar_intenciones_con_palabra_clave_en_medio" file="C:\laragon\www\Pro_Audio_Y\tests\Unit\ChatbotIntentionDetectorTest.php" line="471" class="Tests\Unit\ChatbotIntentionDetectorTest" classname="Tests.Unit.ChatbotIntentionDetectorTest" assertions="1" time="0.073779"/>
        <testcase name="test_validar_intenciones_con_palabra_clave_con_acentos" file="C:\laragon\www\Pro_Audio_Y\tests\Unit\ChatbotIntentionDetectorTest.php" line="481" class="Tests\Unit\ChatbotIntentionDetectorTest" classname="Tests.Unit.ChatbotIntentionDetectorTest" assertions="1" time="0.074634"/>
        <testcase name="test_es_relacionado_con_variaciones_de_palabras" file="C:\laragon\www\Pro_Audio_Y\tests\Unit\ChatbotIntentionDetectorTest.php" line="491" class="Tests\Unit\ChatbotIntentionDetectorTest" classname="Tests.Unit.ChatbotIntentionDetectorTest" assertions="17" time="0.076486"/>
        <testcase name="test_es_relacionado_con_palabras_no_relacionadas" file="C:\laragon\www\Pro_Audio_Y\tests\Unit\ChatbotIntentionDetectorTest.php" line="520" class="Tests\Unit\ChatbotIntentionDetectorTest" classname="Tests.Unit.ChatbotIntentionDetectorTest" assertions="8" time="0.074692"/>
        <testcase name="test_es_relacionado_con_palabras_clave_en_mayusculas" file="C:\laragon\www\Pro_Audio_Y\tests\Unit\ChatbotIntentionDetectorTest.php" line="540" class="Tests\Unit\ChatbotIntentionDetectorTest" classname="Tests.Unit.ChatbotIntentionDetectorTest" assertions="1" time="0.073939"/>
        <testcase name="test_es_relacionado_con_palabras_clave_mixtas" file="C:\laragon\www\Pro_Audio_Y\tests\Unit\ChatbotIntentionDetectorTest.php" line="547" class="Tests\Unit\ChatbotIntentionDetectorTest" classname="Tests.Unit.ChatbotIntentionDetectorTest" assertions="1" time="0.071808"/>
        <testcase name="test_detectar_intenciones_con_palabras_compuestas" file="C:\laragon\www\Pro_Audio_Y\tests\Unit\ChatbotIntentionDetectorTest.php" line="554" class="Tests\Unit\ChatbotIntentionDetectorTest" classname="Tests.Unit.ChatbotIntentionDetectorTest" assertions="2" time="0.076514"/>
        <testcase name="test_detectar_intenciones_con_mensaje_muy_largo" file="C:\laragon\www\Pro_Audio_Y\tests\Unit\ChatbotIntentionDetectorTest.php" line="562" class="Tests\Unit\ChatbotIntentionDetectorTest" classname="Tests.Unit.ChatbotIntentionDetectorTest" assertions="3" time="0.080283"/>
        <testcase name="test_detectar_intenciones_con_palabras_repetidas" file="C:\laragon\www\Pro_Audio_Y\tests\Unit\ChatbotIntentionDetectorTest.php" line="571" class="Tests\Unit\ChatbotIntentionDetectorTest" classname="Tests.Unit.ChatbotIntentionDetectorTest" assertions="2" time="0.073666"/>
        <testcase name="test_detectar_intenciones_con_puntuacion" file="C:\laragon\www\Pro_Audio_Y\tests\Unit\ChatbotIntentionDetectorTest.php" line="579" class="Tests\Unit\ChatbotIntentionDetectorTest" classname="Tests.Unit.ChatbotIntentionDetectorTest" assertions="3" time="0.077292"/>
        <testcase name="test_detectar_intenciones_con_numeros" file="C:\laragon\www\Pro_Audio_Y\tests\Unit\ChatbotIntentionDetectorTest.php" line="587" class="Tests\Unit\ChatbotIntentionDetectorTest" classname="Tests.Unit.ChatbotIntentionDetectorTest" assertions="3" time="0.075146"/>
        <testcase name="test_validar_intenciones_con_mensaje_vacio" file="C:\laragon\www\Pro_Audio_Y\tests\Unit\ChatbotIntentionDetectorTest.php" line="595" class="Tests\Unit\ChatbotIntentionDetectorTest" classname="Tests.Unit.ChatbotIntentionDetectorTest" assertions="2" time="0.070472"/>
        <testcase name="test_validar_intenciones_con_mensaje_solo_espacios" file="C:\laragon\www\Pro_Audio_Y\tests\Unit\ChatbotIntentionDetectorTest.php" line="606" class="Tests\Unit\ChatbotIntentionDetectorTest" classname="Tests.Unit.ChatbotIntentionDetectorTest" assertions="2" time="0.094218"/>
        <testcase name="test_validar_intenciones_con_palabra_clave_como_parte_de_otra_palabra" file="C:\laragon\www\Pro_Audio_Y\tests\Unit\ChatbotIntentionDetectorTest.php" line="617" class="Tests\Unit\ChatbotIntentionDetectorTest" classname="Tests.Unit.ChatbotIntentionDetectorTest" assertions="1" time="0.084146"/>
        <testcase name="test_detectar_intenciones_con_servicio_que_no_existe" file="C:\laragon\www\Pro_Audio_Y\tests\Unit\ChatbotIntentionDetectorTest.php" line="629" class="Tests\Unit\ChatbotIntentionDetectorTest" classname="Tests.Unit.ChatbotIntentionDetectorTest" assertions="1" time="0.079958"/>
        <testcase name="test_clasificar_por_tfidf_con_texto_normalizado" file="C:\laragon\www\Pro_Audio_Y\tests\Unit\ChatbotIntentionDetectorTest.php" line="641" class="Tests\Unit\ChatbotIntentionDetectorTest" classname="Tests.Unit.ChatbotIntentionDetectorTest" assertions="1" time="0.072596"/>
        <testcase name="test_clasificar_por_tfidf_con_caracteres_especiales" file="C:\laragon\www\Pro_Audio_Y\tests\Unit\ChatbotIntentionDetectorTest.php" line="648" class="Tests\Unit\ChatbotIntentionDetectorTest" classname="Tests.Unit.ChatbotIntentionDetectorTest" assertions="1" time="0.075184"/>
        <testcase name="test_clasificar_por_tfidf_con_datos_en_bd" file="C:\laragon\www\Pro_Audio_Y\tests\Unit\ChatbotIntentionDetectorTest.php" line="655" class="Tests\Unit\ChatbotIntentionDetectorTest" classname="Tests.Unit.ChatbotIntentionDetectorTest" assertions="1" time="0.088239"/>
        <testcase name="test_clasificar_por_tfidf_con_multiples_servicios" file="C:\laragon\www\Pro_Audio_Y\tests\Unit\ChatbotIntentionDetectorTest.php" line="679" class="Tests\Unit\ChatbotIntentionDetectorTest" classname="Tests.Unit.ChatbotIntentionDetectorTest" assertions="1" time="0.083350"/>
        <testcase name="test_clasificar_por_tfidf_con_score_bajo" file="C:\laragon\www\Pro_Audio_Y\tests\Unit\ChatbotIntentionDetectorTest.php" line="712" class="Tests\Unit\ChatbotIntentionDetectorTest" classname="Tests.Unit.ChatbotIntentionDetectorTest" assertions="1" time="0.080342"/>
        <testcase name="test_clasificar_por_tfidf_con_excepcion_en_cache" file="C:\laragon\www\Pro_Audio_Y\tests\Unit\ChatbotIntentionDetectorTest.php" line="734" class="Tests\Unit\ChatbotIntentionDetectorTest" classname="Tests.Unit.ChatbotIntentionDetectorTest" assertions="1" time="0.072540"/>
        <testcase name="test_clasificar_por_tfidf_con_tokens_vacios" file="C:\laragon\www\Pro_Audio_Y\tests\Unit\ChatbotIntentionDetectorTest.php" line="743" class="Tests\Unit\ChatbotIntentionDetectorTest" classname="Tests.Unit.ChatbotIntentionDetectorTest" assertions="2" time="0.067964"/>
        <testcase name="test_clasificar_por_tfidf_con_stopwords_solo" file="C:\laragon\www\Pro_Audio_Y\tests\Unit\ChatbotIntentionDetectorTest.php" line="751" class="Tests\Unit\ChatbotIntentionDetectorTest" classname="Tests.Unit.ChatbotIntentionDetectorTest" assertions="2" time="0.073081"/>
        <testcase name="test_detectar_intenciones_con_tfidf_fallback" file="C:\laragon\www\Pro_Audio_Y\tests\Unit\ChatbotIntentionDetectorTest.php" line="759" class="Tests\Unit\ChatbotIntentionDetectorTest" classname="Tests.Unit.ChatbotIntentionDetectorTest" assertions="1" time="0.076687"/>
        <testcase name="test_detectar_intenciones_con_palabras_stopwords" file="C:\laragon\www\Pro_Audio_Y\tests\Unit\ChatbotIntentionDetectorTest.php" line="768" class="Tests\Unit\ChatbotIntentionDetectorTest" classname="Tests.Unit.ChatbotIntentionDetectorTest" assertions="2" time="0.082321"/>
        <testcase name="test_detectar_intenciones_con_orden_diferente" file="C:\laragon\www\Pro_Audio_Y\tests\Unit\ChatbotIntentionDetectorTest.php" line="777" class="Tests\Unit\ChatbotIntentionDetectorTest" classname="Tests.Unit.ChatbotIntentionDetectorTest" assertions="4" time="0.086799"/>
        <testcase name="test_validar_intenciones_con_break_early" file="C:\laragon\www\Pro_Audio_Y\tests\Unit\ChatbotIntentionDetectorTest.php" line="789" class="Tests\Unit\ChatbotIntentionDetectorTest" classname="Tests.Unit.ChatbotIntentionDetectorTest" assertions="2" time="0.073873"/>
        <testcase name="test_detectar_intenciones_con_cache_palabras" file="C:\laragon\www\Pro_Audio_Y\tests\Unit\ChatbotIntentionDetectorTest.php" line="800" class="Tests\Unit\ChatbotIntentionDetectorTest" classname="Tests.Unit.ChatbotIntentionDetectorTest" assertions="2" time="0.081034"/>
        <testcase name="test_detectar_intenciones_con_puntaje_cero" file="C:\laragon\www\Pro_Audio_Y\tests\Unit\ChatbotIntentionDetectorTest.php" line="811" class="Tests\Unit\ChatbotIntentionDetectorTest" classname="Tests.Unit.ChatbotIntentionDetectorTest" assertions="1" time="0.081092"/>
        <testcase name="test_es_relacionado_con_palabra_clave_con_guiones" file="C:\laragon\www\Pro_Audio_Y\tests\Unit\ChatbotIntentionDetectorTest.php" line="819" class="Tests\Unit\ChatbotIntentionDetectorTest" classname="Tests.Unit.ChatbotIntentionDetectorTest" assertions="1" time="0.072848"/>
      </testsuite>
      <testsuite name="Tests\Unit\ChatbotMessageProcessorTest" file="C:\laragon\www\Pro_Audio_Y\tests\Unit\ChatbotMessageProcessorTest.php" tests="36" assertions="48" errors="0" failures="0" skipped="0" time="2.734357">
        <testcase name="test_procesar_mensaje_texto_vacio" file="C:\laragon\www\Pro_Audio_Y\tests\Unit\ChatbotMessageProcessorTest.php" line="77" class="Tests\Unit\ChatbotMessageProcessorTest" classname="Tests.Unit.ChatbotMessageProcessorTest" assertions="1" time="0.383191"/>
        <testcase name="test_procesar_mensaje_texto_con_catalogo" file="C:\laragon\www\Pro_Audio_Y\tests\Unit\ChatbotMessageProcessorTest.php" line="100" class="Tests\Unit\ChatbotMessageProcessorTest" classname="Tests.Unit.ChatbotMessageProcessorTest" assertions="1" time="0.063619"/>
        <testcase name="test_procesar_mensaje_texto_fuera_de_tema" file="C:\laragon\www\Pro_Audio_Y\tests\Unit\ChatbotMessageProcessorTest.php" line="126" class="Tests\Unit\ChatbotMessageProcessorTest" classname="Tests.Unit.ChatbotMessageProcessorTest" assertions="2" time="0.090118"/>
        <testcase name="test_procesar_mensaje_texto_con_intenciones" file="C:\laragon\www\Pro_Audio_Y\tests\Unit\ChatbotMessageProcessorTest.php" line="163" class="Tests\Unit\ChatbotMessageProcessorTest" classname="Tests.Unit.ChatbotMessageProcessorTest" assertions="1" time="0.080454"/>
        <testcase name="test_procesar_mensaje_texto_con_actualizacion_dias" file="C:\laragon\www\Pro_Audio_Y\tests\Unit\ChatbotMessageProcessorTest.php" line="221" class="Tests\Unit\ChatbotMessageProcessorTest" classname="Tests.Unit.ChatbotMessageProcessorTest" assertions="1" time="0.070518"/>
        <testcase name="test_procesar_mensaje_texto_buscar_subservicios" file="C:\laragon\www\Pro_Audio_Y\tests\Unit\ChatbotMessageProcessorTest.php" line="277" class="Tests\Unit\ChatbotMessageProcessorTest" classname="Tests.Unit.ChatbotMessageProcessorTest" assertions="1" time="0.065610"/>
        <testcase name="test_procesar_mensaje_texto_con_continuacion" file="C:\laragon\www\Pro_Audio_Y\tests\Unit\ChatbotMessageProcessorTest.php" line="338" class="Tests\Unit\ChatbotMessageProcessorTest" classname="Tests.Unit.ChatbotMessageProcessorTest" assertions="1" time="0.077650"/>
        <testcase name="test_procesar_mensaje_texto_con_dias_y_selecciones" file="C:\laragon\www\Pro_Audio_Y\tests\Unit\ChatbotMessageProcessorTest.php" line="409" class="Tests\Unit\ChatbotMessageProcessorTest" classname="Tests.Unit.ChatbotMessageProcessorTest" assertions="1" time="0.076413"/>
        <testcase name="test_procesar_mensaje_texto_error_en_actualizacion_dias" file="C:\laragon\www\Pro_Audio_Y\tests\Unit\ChatbotMessageProcessorTest.php" line="466" class="Tests\Unit\ChatbotMessageProcessorTest" classname="Tests.Unit.ChatbotMessageProcessorTest" assertions="1" time="0.072892"/>
        <testcase name="test_procesar_mensaje_texto_con_intenciones_sesion" file="C:\laragon\www\Pro_Audio_Y\tests\Unit\ChatbotMessageProcessorTest.php" line="519" class="Tests\Unit\ChatbotMessageProcessorTest" classname="Tests.Unit.ChatbotMessageProcessorTest" assertions="1" time="0.070612"/>
        <testcase name="test_procesar_mensaje_texto_con_ml_intent" file="C:\laragon\www\Pro_Audio_Y\tests\Unit\ChatbotMessageProcessorTest.php" line="583" class="Tests\Unit\ChatbotMessageProcessorTest" classname="Tests.Unit.ChatbotMessageProcessorTest" assertions="1" time="0.065179"/>
        <testcase name="test_procesar_mensaje_texto_con_agregado" file="C:\laragon\www\Pro_Audio_Y\tests\Unit\ChatbotMessageProcessorTest.php" line="645" class="Tests\Unit\ChatbotMessageProcessorTest" classname="Tests.Unit.ChatbotMessageProcessorTest" assertions="1" time="0.061779"/>
        <testcase name="test_procesar_mensaje_texto_nueva_consulta" file="C:\laragon\www\Pro_Audio_Y\tests\Unit\ChatbotMessageProcessorTest.php" line="705" class="Tests\Unit\ChatbotMessageProcessorTest" classname="Tests.Unit.ChatbotMessageProcessorTest" assertions="1" time="0.065763"/>
        <testcase name="test_procesar_mensaje_texto_con_dias_y_continuacion" file="C:\laragon\www\Pro_Audio_Y\tests\Unit\ChatbotMessageProcessorTest.php" line="765" class="Tests\Unit\ChatbotMessageProcessorTest" classname="Tests.Unit.ChatbotMessageProcessorTest" assertions="1" time="0.070247"/>
        <testcase name="test_procesar_mensaje_texto_fuera_de_tema_con_selecciones" file="C:\laragon\www\Pro_Audio_Y\tests\Unit\ChatbotMessageProcessorTest.php" line="836" class="Tests\Unit\ChatbotMessageProcessorTest" classname="Tests.Unit.ChatbotMessageProcessorTest" assertions="1" time="0.065291"/>
        <testcase name="test_procesar_mensaje_texto_actualizacion_dias_items_vacios" file="C:\laragon\www\Pro_Audio_Y\tests\Unit\ChatbotMessageProcessorTest.php" line="912" class="Tests\Unit\ChatbotMessageProcessorTest" classname="Tests.Unit.ChatbotMessageProcessorTest" assertions="1" time="0.065650"/>
        <testcase name="test_procesar_mensaje_texto_buscar_subservicios_con_mensaje_vacio" file="C:\laragon\www\Pro_Audio_Y\tests\Unit\ChatbotMessageProcessorTest.php" line="968" class="Tests\Unit\ChatbotMessageProcessorTest" classname="Tests.Unit.ChatbotMessageProcessorTest" assertions="1" time="0.062840"/>
        <testcase name="test_procesar_mensaje_texto_con_catalogo_corregido" file="C:\laragon\www\Pro_Audio_Y\tests\Unit\ChatbotMessageProcessorTest.php" line="994" class="Tests\Unit\ChatbotMessageProcessorTest" classname="Tests.Unit.ChatbotMessageProcessorTest" assertions="1" time="0.062566"/>
        <testcase name="test_procesar_mensaje_texto_con_actualizacion_dias_dias_cero" file="C:\laragon\www\Pro_Audio_Y\tests\Unit\ChatbotMessageProcessorTest.php" line="1019" class="Tests\Unit\ChatbotMessageProcessorTest" classname="Tests.Unit.ChatbotMessageProcessorTest" assertions="1" time="0.062671"/>
        <testcase name="test_procesar_mensaje_texto_con_intenciones_vacias_y_no_relacionado" file="C:\laragon\www\Pro_Audio_Y\tests\Unit\ChatbotMessageProcessorTest.php" line="1094" class="Tests\Unit\ChatbotMessageProcessorTest" classname="Tests.Unit.ChatbotMessageProcessorTest" assertions="1" time="0.061546"/>
        <testcase name="test_procesar_mensaje_texto_con_sugerencia_aplicada" file="C:\laragon\www\Pro_Audio_Y\tests\Unit\ChatbotMessageProcessorTest.php" line="1120" class="Tests\Unit\ChatbotMessageProcessorTest" classname="Tests.Unit.ChatbotMessageProcessorTest" assertions="1" time="0.063942"/>
        <testcase name="test_procesar_mensaje_texto_con_error_en_sugerencias" file="C:\laragon\www\Pro_Audio_Y\tests\Unit\ChatbotMessageProcessorTest.php" line="1180" class="Tests\Unit\ChatbotMessageProcessorTest" classname="Tests.Unit.ChatbotMessageProcessorTest" assertions="1" time="0.064825"/>
        <testcase name="test_procesar_mensaje_texto_fuera_de_tema_con_selecciones_y_dias" file="C:\laragon\www\Pro_Audio_Y\tests\Unit\ChatbotMessageProcessorTest.php" line="1239" class="Tests\Unit\ChatbotMessageProcessorTest" classname="Tests.Unit.ChatbotMessageProcessorTest" assertions="1" time="0.064390"/>
        <testcase name="test_procesar_mensaje_texto_con_detectar_intenciones_sesion_y_dias" file="C:\laragon\www\Pro_Audio_Y\tests\Unit\ChatbotMessageProcessorTest.php" line="1296" class="Tests\Unit\ChatbotMessageProcessorTest" classname="Tests.Unit.ChatbotMessageProcessorTest" assertions="1" time="0.066164"/>
        <testcase name="test_procesar_mensaje_texto_buscar_subservicios_con_mensaje_corregido_vacio" file="C:\laragon\www\Pro_Audio_Y\tests\Unit\ChatbotMessageProcessorTest.php" line="1361" class="Tests\Unit\ChatbotMessageProcessorTest" classname="Tests.Unit.ChatbotMessageProcessorTest" assertions="2" time="0.065163"/>
        <testcase name="test_procesar_mensaje_texto_responder_con_intenciones_sin_sugerencia_aplicada" file="C:\laragon\www\Pro_Audio_Y\tests\Unit\ChatbotMessageProcessorTest.php" line="1429" class="Tests\Unit\ChatbotMessageProcessorTest" classname="Tests.Unit.ChatbotMessageProcessorTest" assertions="1" time="0.073967"/>
        <testcase name="test_procesar_mensaje_texto_obtener_sugerencias_con_error" file="C:\laragon\www\Pro_Audio_Y\tests\Unit\ChatbotMessageProcessorTest.php" line="1486" class="Tests\Unit\ChatbotMessageProcessorTest" classname="Tests.Unit.ChatbotMessageProcessorTest" assertions="1" time="0.063709"/>
        <testcase name="test_obtener_sugerencias_con_hints_catch_excepcion_cubre_lineas_326_328" file="C:\laragon\www\Pro_Audio_Y\tests\Unit\ChatbotMessageProcessorTest.php" line="1515" class="Tests\Unit\ChatbotMessageProcessorTest" classname="Tests.Unit.ChatbotMessageProcessorTest" assertions="3" time="0.064515"/>
        <testcase name="test_obtener_sugerencias_con_hints_catch_excepcion_generar_sugerencias_cubre_lineas_326_328" file="C:\laragon\www\Pro_Audio_Y\tests\Unit\ChatbotMessageProcessorTest.php" line="1601" class="Tests\Unit\ChatbotMessageProcessorTest" classname="Tests.Unit.ChatbotMessageProcessorTest" assertions="3" time="0.067419"/>
        <testcase name="test_procesar_mensaje_texto_calcular_dias_para_respuesta_con_mensaje_vacio" file="C:\laragon\www\Pro_Audio_Y\tests\Unit\ChatbotMessageProcessorTest.php" line="1680" class="Tests\Unit\ChatbotMessageProcessorTest" classname="Tests.Unit.ChatbotMessageProcessorTest" assertions="1" time="0.061139"/>
        <testcase name="test_procesar_mensaje_texto_calcular_dias_para_respuesta_con_dias_mayor_cero" file="C:\laragon\www\Pro_Audio_Y\tests\Unit\ChatbotMessageProcessorTest.php" line="1707" class="Tests\Unit\ChatbotMessageProcessorTest" classname="Tests.Unit.ChatbotMessageProcessorTest" assertions="1" time="0.064084"/>
        <testcase name="test_procesar_mensaje_texto_combinar_intenciones_con_agregado_y_sesion" file="C:\laragon\www\Pro_Audio_Y\tests\Unit\ChatbotMessageProcessorTest.php" line="1768" class="Tests\Unit\ChatbotMessageProcessorTest" classname="Tests.Unit.ChatbotMessageProcessorTest" assertions="3" time="0.064112"/>
        <testcase name="test_procesar_mensaje_texto_combinar_intenciones_nueva_consulta_limpia_selecciones" file="C:\laragon\www\Pro_Audio_Y\tests\Unit\ChatbotMessageProcessorTest.php" line="1829" class="Tests\Unit\ChatbotMessageProcessorTest" classname="Tests.Unit.ChatbotMessageProcessorTest" assertions="2" time="0.064047"/>
        <testcase name="test_procesar_mensaje_texto_verificar_mensaje_fuera_de_tema_con_solo_dias_y_selecciones" file="C:\laragon\www\Pro_Audio_Y\tests\Unit\ChatbotMessageProcessorTest.php" line="1891" class="Tests\Unit\ChatbotMessageProcessorTest" classname="Tests.Unit.ChatbotMessageProcessorTest" assertions="1" time="0.063972"/>
        <testcase name="test_procesar_mensaje_texto_es_solicitud_catalogo_con_acento_en_original_y_corregido" file="C:\laragon\www\Pro_Audio_Y\tests\Unit\ChatbotMessageProcessorTest.php" line="1948" class="Tests\Unit\ChatbotMessageProcessorTest" classname="Tests.Unit.ChatbotMessageProcessorTest" assertions="3" time="0.063222"/>
        <testcase name="test_procesar_mensaje_texto_buscar_subservicios_con_mensaje_corregido_no_vacio" file="C:\laragon\www\Pro_Audio_Y\tests\Unit\ChatbotMessageProcessorTest.php" line="1980" class="Tests\Unit\ChatbotMessageProcessorTest" classname="Tests.Unit.ChatbotMessageProcessorTest" assertions="2" time="0.065077"/>
      </testsuite>
      <testsuite name="Tests\Unit\ChatbotResponseBuilderTest" file="C:\laragon\www\Pro_Audio_Y\tests\Unit\ChatbotResponseBuilderTest.php" tests="53" assertions="108" errors="0" failures="0" skipped="0" time="6.522523">
        <testcase name="test_responder_con_opciones" file="C:\laragon\www\Pro_Audio_Y\tests\Unit\ChatbotResponseBuilderTest.php" line="42" class="Tests\Unit\ChatbotResponseBuilderTest" classname="Tests.Unit.ChatbotResponseBuilderTest" assertions="3" time="0.205151"/>
        <testcase name="test_mostrar_catalogo_json_sin_dias" file="C:\laragon\www\Pro_Audio_Y\tests\Unit\ChatbotResponseBuilderTest.php" line="58" class="Tests\Unit\ChatbotResponseBuilderTest" classname="Tests.Unit.ChatbotResponseBuilderTest" assertions="4" time="0.115254"/>
        <testcase name="test_mostrar_catalogo_json_con_dias" file="C:\laragon\www\Pro_Audio_Y\tests\Unit\ChatbotResponseBuilderTest.php" line="69" class="Tests\Unit\ChatbotResponseBuilderTest" classname="Tests.Unit.ChatbotResponseBuilderTest" assertions="3" time="0.214592"/>
        <testcase name="test_responder_opciones" file="C:\laragon\www\Pro_Audio_Y\tests\Unit\ChatbotResponseBuilderTest.php" line="83" class="Tests\Unit\ChatbotResponseBuilderTest" classname="Tests.Unit.ChatbotResponseBuilderTest" assertions="5" time="0.137042"/>
        <testcase name="test_solicitar_confirmacion_intencion_sin_hint" file="C:\laragon\www\Pro_Audio_Y\tests\Unit\ChatbotResponseBuilderTest.php" line="104" class="Tests\Unit\ChatbotResponseBuilderTest" classname="Tests.Unit.ChatbotResponseBuilderTest" assertions="4" time="0.131703"/>
        <testcase name="test_solicitar_confirmacion_intencion_con_hint" file="C:\laragon\www\Pro_Audio_Y\tests\Unit\ChatbotResponseBuilderTest.php" line="121" class="Tests\Unit\ChatbotResponseBuilderTest" classname="Tests.Unit.ChatbotResponseBuilderTest" assertions="2" time="0.115607"/>
        <testcase name="test_solicitar_confirmacion_intencion_con_dias" file="C:\laragon\www\Pro_Audio_Y\tests\Unit\ChatbotResponseBuilderTest.php" line="138" class="Tests\Unit\ChatbotResponseBuilderTest" classname="Tests.Unit.ChatbotResponseBuilderTest" assertions="2" time="0.162678"/>
        <testcase name="test_mostrar_opciones_con_intenciones_sin_dias" file="C:\laragon\www\Pro_Audio_Y\tests\Unit\ChatbotResponseBuilderTest.php" line="157" class="Tests\Unit\ChatbotResponseBuilderTest" classname="Tests.Unit.ChatbotResponseBuilderTest" assertions="2" time="0.346692"/>
        <testcase name="test_mostrar_opciones_con_intenciones_con_dias" file="C:\laragon\www\Pro_Audio_Y\tests\Unit\ChatbotResponseBuilderTest.php" line="177" class="Tests\Unit\ChatbotResponseBuilderTest" classname="Tests.Unit.ChatbotResponseBuilderTest" assertions="2" time="0.167026"/>
        <testcase name="test_mostrar_opciones_con_intenciones_multiples_dias" file="C:\laragon\www\Pro_Audio_Y\tests\Unit\ChatbotResponseBuilderTest.php" line="197" class="Tests\Unit\ChatbotResponseBuilderTest" classname="Tests.Unit.ChatbotResponseBuilderTest" assertions="2" time="0.286151"/>
        <testcase name="test_responder_cotizacion_un_dia" file="C:\laragon\www\Pro_Audio_Y\tests\Unit\ChatbotResponseBuilderTest.php" line="221" class="Tests\Unit\ChatbotResponseBuilderTest" classname="Tests.Unit.ChatbotResponseBuilderTest" assertions="5" time="0.350108"/>
        <testcase name="test_responder_cotizacion_multiples_dias" file="C:\laragon\www\Pro_Audio_Y\tests\Unit\ChatbotResponseBuilderTest.php" line="238" class="Tests\Unit\ChatbotResponseBuilderTest" classname="Tests.Unit.ChatbotResponseBuilderTest" assertions="5" time="0.282286"/>
        <testcase name="test_construir_detalle_cotizacion" file="C:\laragon\www\Pro_Audio_Y\tests\Unit\ChatbotResponseBuilderTest.php" line="258" class="Tests\Unit\ChatbotResponseBuilderTest" classname="Tests.Unit.ChatbotResponseBuilderTest" assertions="7" time="0.333436"/>
        <testcase name="test_construir_detalle_cotizacion_con_array" file="C:\laragon\www\Pro_Audio_Y\tests\Unit\ChatbotResponseBuilderTest.php" line="276" class="Tests\Unit\ChatbotResponseBuilderTest" classname="Tests.Unit.ChatbotResponseBuilderTest" assertions="2" time="0.475395"/>
        <testcase name="test_construir_detalle_cotizacion_mensaje_plural" file="C:\laragon\www\Pro_Audio_Y\tests\Unit\ChatbotResponseBuilderTest.php" line="289" class="Tests\Unit\ChatbotResponseBuilderTest" classname="Tests.Unit.ChatbotResponseBuilderTest" assertions="2" time="0.112370"/>
        <testcase name="test_construir_detalle_cotizacion_mensaje_singular" file="C:\laragon\www\Pro_Audio_Y\tests\Unit\ChatbotResponseBuilderTest.php" line="301" class="Tests\Unit\ChatbotResponseBuilderTest" classname="Tests.Unit.ChatbotResponseBuilderTest" assertions="1" time="0.094764"/>
        <testcase name="test_sub_servicios_query_estructura" file="C:\laragon\www\Pro_Audio_Y\tests\Unit\ChatbotResponseBuilderTest.php" line="316" class="Tests\Unit\ChatbotResponseBuilderTest" classname="Tests.Unit.ChatbotResponseBuilderTest" assertions="1" time="0.115126"/>
        <testcase name="test_ordenar_sub_servicios_estructura" file="C:\laragon\www\Pro_Audio_Y\tests\Unit\ChatbotResponseBuilderTest.php" line="323" class="Tests\Unit\ChatbotResponseBuilderTest" classname="Tests.Unit.ChatbotResponseBuilderTest" assertions="1" time="0.093007"/>
        <testcase name="test_formatear_opciones_con_items" file="C:\laragon\www\Pro_Audio_Y\tests\Unit\ChatbotResponseBuilderTest.php" line="331" class="Tests\Unit\ChatbotResponseBuilderTest" classname="Tests.Unit.ChatbotResponseBuilderTest" assertions="2" time="0.090282"/>
        <testcase name="test_formatear_opciones_con_array" file="C:\laragon\www\Pro_Audio_Y\tests\Unit\ChatbotResponseBuilderTest.php" line="355" class="Tests\Unit\ChatbotResponseBuilderTest" classname="Tests.Unit.ChatbotResponseBuilderTest" assertions="1" time="0.074948"/>
        <testcase name="test_construir_detalle_cotizacion_mostrar_dias_siempre" file="C:\laragon\www\Pro_Audio_Y\tests\Unit\ChatbotResponseBuilderTest.php" line="368" class="Tests\Unit\ChatbotResponseBuilderTest" classname="Tests.Unit.ChatbotResponseBuilderTest" assertions="1" time="0.074168"/>
[...]
        <testcase name="test_update_photo_exitoso" file="C:\laragon\www\Pro_Audio_Y\tests\Feature\UsuarioControllerFeatureTest.php" line="91" class="Tests\Feature\UsuarioControllerFeatureTest" classname="Tests.Feature.UsuarioControllerFeatureTest" assertions="7" time="0.106691"/>
        <testcase name="test_update_photo_sin_sesion" file="C:\laragon\www\Pro_Audio_Y\tests\Feature\UsuarioControllerFeatureTest.php" line="127" class="Tests\Feature\UsuarioControllerFeatureTest" classname="Tests.Feature.UsuarioControllerFeatureTest" assertions="3" time="0.113404"/>
        <testcase name="test_update_photo_usuario_invitado" file="C:\laragon\www\Pro_Audio_Y\tests\Feature\UsuarioControllerFeatureTest.php" line="140" class="Tests\Feature\UsuarioControllerFeatureTest" classname="Tests.Feature.UsuarioControllerFeatureTest" assertions="3" time="0.097347"/>
        <testcase name="test_update_photo_usuario_no_existe" file="C:\laragon\www\Pro_Audio_Y\tests\Feature\UsuarioControllerFeatureTest.php" line="165" class="Tests\Feature\UsuarioControllerFeatureTest" classname="Tests.Feature.UsuarioControllerFeatureTest" assertions="2" time="0.090415"/>
        <testcase name="test_update_photo_elimina_foto_anterior" file="C:\laragon\www\Pro_Audio_Y\tests\Feature\UsuarioControllerFeatureTest.php" line="182" class="Tests\Feature\UsuarioControllerFeatureTest" classname="Tests.Feature.UsuarioControllerFeatureTest" assertions="2" time="0.130490"/>
        <testcase name="test_update_photo_valida_archivo_requerido" file="C:\laragon\www\Pro_Audio_Y\tests\Feature\UsuarioControllerFeatureTest.php" line="209" class="Tests\Feature\UsuarioControllerFeatureTest" classname="Tests.Feature.UsuarioControllerFeatureTest" assertions="1" time="0.140775"/>
        <testcase name="test_store_funciona_sin_rol_existente" file="C:\laragon\www\Pro_Audio_Y\tests\Feature\UsuarioControllerFeatureTest.php" line="242" class="Tests\Feature\UsuarioControllerFeatureTest" classname="Tests.Feature.UsuarioControllerFeatureTest" assertions="3" time="0.106228"/>
        <testcase name="test_store_usa_nombre_rol_si_name_no_existe" file="C:\laragon\www\Pro_Audio_Y\tests\Feature\UsuarioControllerFeatureTest.php" line="262" class="Tests\Feature\UsuarioControllerFeatureTest" classname="Tests.Feature.UsuarioControllerFeatureTest" assertions="3" time="0.105903"/>
        <testcase name="test_autenticar_con_pending_admin" file="C:\laragon\www\Pro_Audio_Y\tests\Feature\UsuarioControllerFeatureTest.php" line="292" class="Tests\Feature\UsuarioControllerFeatureTest" classname="Tests.Feature.UsuarioControllerFeatureTest" assertions="1" time="0.093366"/>
        <testcase name="test_autenticar_con_roles_vacios_asigna_cliente" file="C:\laragon\www\Pro_Audio_Y\tests\Feature\UsuarioControllerFeatureTest.php" line="323" class="Tests\Feature\UsuarioControllerFeatureTest" classname="Tests.Feature.UsuarioControllerFeatureTest" assertions="4" time="0.092248"/>
        <testcase name="test_autenticar_capitaliza_nombre" file="C:\laragon\www\Pro_Audio_Y\tests\Feature\UsuarioControllerFeatureTest.php" line="347" class="Tests\Feature\UsuarioControllerFeatureTest" classname="Tests.Feature.UsuarioControllerFeatureTest" assertions="1" time="0.100525"/>
        <testcase name="test_autenticar_con_rol_usando_nombre_rol" file="C:\laragon\www\Pro_Audio_Y\tests\Feature\UsuarioControllerFeatureTest.php" line="367" class="Tests\Feature\UsuarioControllerFeatureTest" classname="Tests.Feature.UsuarioControllerFeatureTest" assertions="1" time="0.095578"/>
        <testcase name="test_autenticar_con_roles_duplicados" file="C:\laragon\www\Pro_Audio_Y\tests\Feature\UsuarioControllerFeatureTest.php" line="398" class="Tests\Feature\UsuarioControllerFeatureTest" classname="Tests.Feature.UsuarioControllerFeatureTest" assertions="1" time="0.106794"/>
        <testcase name="test_vista_registro_retorna_formulario" file="C:\laragon\www\Pro_Audio_Y\tests\Feature\UsuarioControllerFeatureTest.php" line="434" class="Tests\Feature\UsuarioControllerFeatureTest" classname="Tests.Feature.UsuarioControllerFeatureTest" assertions="2" time="0.086332"/>
        <testcase name="test_vista_login_retorna_formulario" file="C:\laragon\www\Pro_Audio_Y\tests\Feature\UsuarioControllerFeatureTest.php" line="442" class="Tests\Feature\UsuarioControllerFeatureTest" classname="Tests.Feature.UsuarioControllerFeatureTest" assertions="2" time="0.096760"/>
        <testcase name="test_store_asigna_rol_cuando_existe_por_name" file="C:\laragon\www\Pro_Audio_Y\tests\Feature\UsuarioControllerFeatureTest.php" line="454" class="Tests\Feature\UsuarioControllerFeatureTest" classname="Tests.Feature.UsuarioControllerFeatureTest" assertions="3" time="0.104195"/>
        <testcase name="test_autenticar_usuario_existe_pero_contraseña_incorrecta" file="C:\laragon\www\Pro_Audio_Y\tests\Feature\UsuarioControllerFeatureTest.php" line="480" class="Tests\Feature\UsuarioControllerFeatureTest" classname="Tests.Feature.UsuarioControllerFeatureTest" assertions="3" time="0.117876"/>
        <testcase name="test_autenticar_usuario_no_existe" file="C:\laragon\www\Pro_Audio_Y\tests\Feature\UsuarioControllerFeatureTest.php" line="501" class="Tests\Feature\UsuarioControllerFeatureTest" classname="Tests.Feature.UsuarioControllerFeatureTest" assertions="3" time="0.101833"/>
        <testcase name="test_update_photo_con_foto_anterior_que_no_existe_en_storage" file="C:\laragon\www\Pro_Audio_Y\tests\Feature\UsuarioControllerFeatureTest.php" line="512" class="Tests\Feature\UsuarioControllerFeatureTest" classname="Tests.Feature.UsuarioControllerFeatureTest" assertions="2" time="0.106356"/>
        <testcase name="test_perfil_con_usuario_id_que_no_existe" file="C:\laragon\www\Pro_Audio_Y\tests\Feature\UsuarioControllerFeatureTest.php" line="538" class="Tests\Feature\UsuarioControllerFeatureTest" classname="Tests.Feature.UsuarioControllerFeatureTest" assertions="4" time="0.329952"/>
        <testcase name="test_store_valida_primer_nombre_requerido" file="C:\laragon\www\Pro_Audio_Y\tests\Feature\UsuarioControllerFeatureTest.php" line="550" class="Tests\Feature\UsuarioControllerFeatureTest" classname="Tests.Feature.UsuarioControllerFeatureTest" assertions="2" time="0.116924"/>
        <testcase name="test_store_valida_primer_apellido_requerido" file="C:\laragon\www\Pro_Audio_Y\tests\Feature\UsuarioControllerFeatureTest.php" line="563" class="Tests\Feature\UsuarioControllerFeatureTest" classname="Tests.Feature.UsuarioControllerFeatureTest" assertions="2" time="0.095195"/>
        <testcase name="test_store_valida_correo_requerido" file="C:\laragon\www\Pro_Audio_Y\tests\Feature\UsuarioControllerFeatureTest.php" line="576" class="Tests\Feature\UsuarioControllerFeatureTest" classname="Tests.Feature.UsuarioControllerFeatureTest" assertions="2" time="0.105704"/>
        <testcase name="test_store_valida_correo_debe_ser_email" file="C:\laragon\www\Pro_Audio_Y\tests\Feature\UsuarioControllerFeatureTest.php" line="589" class="Tests\Feature\UsuarioControllerFeatureTest" classname="Tests.Feature.UsuarioControllerFeatureTest" assertions="2" time="0.200351"/>
        <testcase name="test_autenticar_valida_correo_requerido" file="C:\laragon\www\Pro_Audio_Y\tests\Feature\UsuarioControllerFeatureTest.php" line="603" class="Tests\Feature\UsuarioControllerFeatureTest" classname="Tests.Feature.UsuarioControllerFeatureTest" assertions="2" time="0.098947"/>
        <testcase name="test_autenticar_valida_contrasena_requerida" file="C:\laragon\www\Pro_Audio_Y\tests\Feature\UsuarioControllerFeatureTest.php" line="612" class="Tests\Feature\UsuarioControllerFeatureTest" classname="Tests.Feature.UsuarioControllerFeatureTest" assertions="2" time="0.109692"/>
        <testcase name="test_autenticar_valida_correo_debe_ser_email" file="C:\laragon\www\Pro_Audio_Y\tests\Feature\UsuarioControllerFeatureTest.php" line="621" class="Tests\Feature\UsuarioControllerFeatureTest" classname="Tests.Feature.UsuarioControllerFeatureTest" assertions="2" time="0.093176"/>
        <testcase name="test_store_con_todos_los_campos_opcionales" file="C:\laragon\www\Pro_Audio_Y\tests\Feature\UsuarioControllerFeatureTest.php" line="635" class="Tests\Feature\UsuarioControllerFeatureTest" classname="Tests.Feature.UsuarioControllerFeatureTest" assertions="3" time="0.114692"/>
        <testcase name="test_store_sin_campos_opcionales" file="C:\laragon\www\Pro_Audio_Y\tests\Feature\UsuarioControllerFeatureTest.php" line="659" class="Tests\Feature\UsuarioControllerFeatureTest" classname="Tests.Feature.UsuarioControllerFeatureTest" assertions="5" time="0.113647"/>
        <testcase name="test_store_valida_segundo_nombre_max_caracteres" file="C:\laragon\www\Pro_Audio_Y\tests\Feature\UsuarioControllerFeatureTest.php" line="678" class="Tests\Feature\UsuarioControllerFeatureTest" classname="Tests.Feature.UsuarioControllerFeatureTest" assertions="2" time="0.103917"/>
        <testcase name="test_store_valida_segundo_apellido_max_caracteres" file="C:\laragon\www\Pro_Audio_Y\tests\Feature\UsuarioControllerFeatureTest.php" line="692" class="Tests\Feature\UsuarioControllerFeatureTest" classname="Tests.Feature.UsuarioControllerFeatureTest" assertions="2" time="0.102519"/>
        <testcase name="test_store_valida_direccion_max_caracteres" file="C:\laragon\www\Pro_Audio_Y\tests\Feature\UsuarioControllerFeatureTest.php" line="706" class="Tests\Feature\UsuarioControllerFeatureTest" classname="Tests.Feature.UsuarioControllerFeatureTest" assertions="2" time="0.092752"/>
        <testcase name="test_store_valida_telefono_max_caracteres" file="C:\laragon\www\Pro_Audio_Y\tests\Feature\UsuarioControllerFeatureTest.php" line="720" class="Tests\Feature\UsuarioControllerFeatureTest" classname="Tests.Feature.UsuarioControllerFeatureTest" assertions="2" time="0.109245"/>
        <testcase name="test_store_valida_primer_nombre_max_caracteres" file="C:\laragon\www\Pro_Audio_Y\tests\Feature\UsuarioControllerFeatureTest.php" line="734" class="Tests\Feature\UsuarioControllerFeatureTest" classname="Tests.Feature.UsuarioControllerFeatureTest" assertions="2" time="0.096175"/>
        <testcase name="test_store_valida_primer_apellido_max_caracteres" file="C:\laragon\www\Pro_Audio_Y\tests\Feature\UsuarioControllerFeatureTest.php" line="747" class="Tests\Feature\UsuarioControllerFeatureTest" classname="Tests.Feature.UsuarioControllerFeatureTest" assertions="2" time="0.137645"/>
        <testcase name="test_store_continua_si_hay_excepcion_al_asignar_rol" file="C:\laragon\www\Pro_Audio_Y\tests\Feature\UsuarioControllerFeatureTest.php" line="764" class="Tests\Feature\UsuarioControllerFeatureTest" classname="Tests.Feature.UsuarioControllerFeatureTest" assertions="3" time="0.428100"/>
        <testcase name="test_autenticar_con_roles_multiples_sin_duplicados" file="C:\laragon\www\Pro_Audio_Y\tests\Feature\UsuarioControllerFeatureTest.php" line="808" class="Tests\Feature\UsuarioControllerFeatureTest" classname="Tests.Feature.UsuarioControllerFeatureTest" assertions="3" time="0.857846"/>
        <testcase name="test_autenticar_con_rol_solo_name_sin_nombre_rol" file="C:\laragon\www\Pro_Audio_Y\tests\Feature\UsuarioControllerFeatureTest.php" line="839" class="Tests\Feature\UsuarioControllerFeatureTest" classname="Tests.Feature.UsuarioControllerFeatureTest" assertions="1" time="0.443561"/>
        <testcase name="test_autenticar_con_rol_solo_nombre_rol_sin_name" file="C:\laragon\www\Pro_Audio_Y\tests\Feature\UsuarioControllerFeatureTest.php" line="872" class="Tests\Feature\UsuarioControllerFeatureTest" classname="Tests.Feature.UsuarioControllerFeatureTest" assertions="1" time="0.926658"/>
        <testcase name="test_autenticar_con_nombre_en_mayusculas_minusculas_mixtas" file="C:\laragon\www\Pro_Audio_Y\tests\Feature\UsuarioControllerFeatureTest.php" line="903" class="Tests\Feature\UsuarioControllerFeatureTest" classname="Tests.Feature.UsuarioControllerFeatureTest" assertions="1" time="1.347586"/>
        <testcase name="test_autenticar_con_nombre_todo_minusculas" file="C:\laragon\www\Pro_Audio_Y\tests\Feature\UsuarioControllerFeatureTest.php" line="924" class="Tests\Feature\UsuarioControllerFeatureTest" classname="Tests.Feature.UsuarioControllerFeatureTest" assertions="1" time="0.660329"/>
        <testcase name="test_autenticar_con_nombre_todo_mayusculas" file="C:\laragon\www\Pro_Audio_Y\tests\Feature\UsuarioControllerFeatureTest.php" line="944" class="Tests\Feature\UsuarioControllerFeatureTest" classname="Tests.Feature.UsuarioControllerFeatureTest" assertions="1" time="0.455026"/>
        <testcase name="test_update_photo_sin_foto_anterior" file="C:\laragon\www\Pro_Audio_Y\tests\Feature\UsuarioControllerFeatureTest.php" line="968" class="Tests\Feature\UsuarioControllerFeatureTest" classname="Tests.Feature.UsuarioControllerFeatureTest" assertions="2" time="0.322474"/>
        <testcase name="test_update_photo_valida_tamaño_maximo" file="C:\laragon\www\Pro_Audio_Y\tests\Feature\UsuarioControllerFeatureTest.php" line="994" class="Tests\Feature\UsuarioControllerFeatureTest" classname="Tests.Feature.UsuarioControllerFeatureTest" assertions="1" time="0.223612"/>
        <testcase name="test_update_photo_con_diferentes_formatos_permitidos" file="C:\laragon\www\Pro_Audio_Y\tests\Feature\UsuarioControllerFeatureTest.php" line="1023" class="Tests\Feature\UsuarioControllerFeatureTest" classname="Tests.Feature.UsuarioControllerFeatureTest" assertions="3" time="0.351214"/>
        <testcase name="test_cerrar_sesion_con_sesion_completa" file="C:\laragon\www\Pro_Audio_Y\tests\Feature\UsuarioControllerFeatureTest.php" line="1054" class="Tests\Feature\UsuarioControllerFeatureTest" classname="Tests.Feature.UsuarioControllerFeatureTest" assertions="6" time="0.188417"/>
        <testcase name="test_cerrar_sesion_sin_sesion_previa" file="C:\laragon\www\Pro_Audio_Y\tests\Feature\UsuarioControllerFeatureTest.php" line="1082" class="Tests\Feature\UsuarioControllerFeatureTest" classname="Tests.Feature.UsuarioControllerFeatureTest" assertions="3" time="0.167097"/>
        <testcase name="test_store_valida_contrasena_min_caracteres" file="C:\laragon\www\Pro_Audio_Y\tests\Feature\UsuarioControllerFeatureTest.php" line="1094" class="Tests\Feature\UsuarioControllerFeatureTest" classname="Tests.Feature.UsuarioControllerFeatureTest" assertions="4" time="0.160167"/>
        <testcase name="test_store_valida_contrasena_confirmed" file="C:\laragon\www\Pro_Audio_Y\tests\Feature\UsuarioControllerFeatureTest.php" line="1109" class="Tests\Feature\UsuarioControllerFeatureTest" classname="Tests.Feature.UsuarioControllerFeatureTest" assertions="4" time="0.165572"/>
        <testcase name="test_store_sin_rol_cliente_no_asigna_rol" file="C:\laragon\www\Pro_Audio_Y\tests\Feature\UsuarioControllerFeatureTest.php" line="1124" class="Tests\Feature\UsuarioControllerFeatureTest" classname="Tests.Feature.UsuarioControllerFeatureTest" assertions="4" time="0.228426"/>
        <testcase name="test_autenticar_con_roles_array_vacio_despues_de_map" file="C:\laragon\www\Pro_Audio_Y\tests\Feature\UsuarioControllerFeatureTest.php" line="1147" class="Tests\Feature\UsuarioControllerFeatureTest" classname="Tests.Feature.UsuarioControllerFeatureTest" assertions="2" time="0.167475"/>
        <testcase name="test_autenticar_con_role_fallback_cuando_roles_vacio" file="C:\laragon\www\Pro_Audio_Y\tests\Feature\UsuarioControllerFeatureTest.php" line="1172" class="Tests\Feature\UsuarioControllerFeatureTest" classname="Tests.Feature.UsuarioControllerFeatureTest" assertions="1" time="0.162920"/>
        <testcase name="test_update_photo_valida_archivo_no_es_imagen" file="C:\laragon\www\Pro_Audio_Y\tests\Feature\UsuarioControllerFeatureTest.php" line="1196" class="Tests\Feature\UsuarioControllerFeatureTest" classname="Tests.Feature.UsuarioControllerFeatureTest" assertions="1" time="0.241834"/>
        <testcase name="test_update_photo_valida_formato_no_permitido" file="C:\laragon\www\Pro_Audio_Y\tests\Feature\UsuarioControllerFeatureTest.php" line="1225" class="Tests\Feature\UsuarioControllerFeatureTest" classname="Tests.Feature.UsuarioControllerFeatureTest" assertions="1" time="0.641770"/>
        <testcase name="test_update_photo_con_foto_anterior_que_existe" file="C:\laragon\www\Pro_Audio_Y\tests\Feature\UsuarioControllerFeatureTest.php" line="1254" class="Tests\Feature\UsuarioControllerFeatureTest" classname="Tests.Feature.UsuarioControllerFeatureTest" assertions="2" time="0.430549"/>
        <testcase name="test_store_con_rol_que_tiene_name_primero" file="C:\laragon\www\Pro_Audio_Y\tests\Feature\UsuarioControllerFeatureTest.php" line="1284" class="Tests\Feature\UsuarioControllerFeatureTest" classname="Tests.Feature.UsuarioControllerFeatureTest" assertions="4" time="0.253392"/>
        <testcase name="test_store_valida_string_en_campos" file="C:\laragon\www\Pro_Audio_Y\tests\Feature\UsuarioControllerFeatureTest.php" line="1316" class="Tests\Feature\UsuarioControllerFeatureTest" classname="Tests.Feature.UsuarioControllerFeatureTest" assertions="2" time="0.236451"/>
        <testcase name="test_store_valida_email_formato" file="C:\laragon\www\Pro_Audio_Y\tests\Feature\UsuarioControllerFeatureTest.php" line="1330" class="Tests\Feature\UsuarioControllerFeatureTest" classname="Tests.Feature.UsuarioControllerFeatureTest" assertions="2" time="0.220579"/>
        <testcase name="test_store_valida_correo_unico" file="C:\laragon\www\Pro_Audio_Y\tests\Feature\UsuarioControllerFeatureTest.php" line="1344" class="Tests\Feature\UsuarioControllerFeatureTest" classname="Tests.Feature.UsuarioControllerFeatureTest" assertions="2" time="0.205289"/>
        <testcase name="test_store_valida_nullable_campos_pueden_ser_vacios" file="C:\laragon\www\Pro_Audio_Y\tests\Feature\UsuarioControllerFeatureTest.php" line="1370" class="Tests\Feature\UsuarioControllerFeatureTest" classname="Tests.Feature.UsuarioControllerFeatureTest" assertions="3" time="0.270305"/>
        <testcase name="test_autenticar_con_usuario_que_tiene_roles_pero_array_vacio_por_map" file="C:\laragon\www\Pro_Audio_Y\tests\Feature\UsuarioControllerFeatureTest.php" line="1390" class="Tests\Feature\UsuarioControllerFeatureTest" classname="Tests.Feature.UsuarioControllerFeatureTest" assertions="1" time="0.214536"/>
        <testcase name="test_store_con_rol_id_null_no_inserta_en_personas_roles" file="C:\laragon\www\Pro_Audio_Y\tests\Feature\UsuarioControllerFeatureTest.php" line="1415" class="Tests\Feature\UsuarioControllerFeatureTest" classname="Tests.Feature.UsuarioControllerFeatureTest" assertions="3" time="0.226280"/>
        <testcase name="test_autenticar_con_roles_que_tienen_duplicados_eliminados_por_unique" file="C:\laragon\www\Pro_Audio_Y\tests\Feature\UsuarioControllerFeatureTest.php" line="1441" class="Tests\Feature\UsuarioControllerFeatureTest" classname="Tests.Feature.UsuarioControllerFeatureTest" assertions="2" time="0.253088"/>
        <testcase name="test_update_photo_con_foto_anterior_null_no_intenta_eliminar" file="C:\laragon\www\Pro_Audio_Y\tests\Feature\UsuarioControllerFeatureTest.php" line="1472" class="Tests\Feature\UsuarioControllerFeatureTest" classname="Tests.Feature.UsuarioControllerFeatureTest" assertions="1" time="0.217598"/>
      </testsuite>
      <testsuite name="Tests\Feature\UsuarioControllerFinalCoverageTest" file="C:\laragon\www\Pro_Audio_Y\tests\Feature\UsuarioControllerFinalCoverageTest.php" tests="1" assertions="2" errors="0" failures="0" skipped="0" time="1.011516">
        <testcase name="test_store_catch_exception_al_asignar_rol_cubre_linea_52" file="C:\laragon\www\Pro_Audio_Y\tests\Feature\UsuarioControllerFinalCoverageTest.php" line="53" class="Tests\Feature\UsuarioControllerFinalCoverageTest" classname="Tests.Feature.UsuarioControllerFinalCoverageTest" assertions="2" time="1.011516"/>
      </testsuite>
    </testsuite>
  </testsuite>
</testsuites>
